/data2/ar/faasmeter/faasmeter/plotting/standalone/execution_scripts
added /data2/ar/faasmeter/faasmeter to PATH
added /data2/ar/iluvatar-energy-experiments/scripts/experiments/desktop/native_func_stuff/native_func to PATH
/data2/ar/iluvatar-energy-experiments/results/trace/fig_9/desktop/rapl_limits/20/mc_4f_traces_ddp/mc_a/functions/fcfs/12/12/dfs/analysis/sys_full_error_mins
/data2/ar/iluvatar-energy-experiments/results/trace/fig_9/desktop/rapl_limits/20/mc_4f_traces_ddp/mc_a/functions/fcfs/12/12/dfs/analysis/sys_full_error_mins
/data2/ar/iluvatar-energy-experiments/results/trace/fig_9/desktop/rapl_limits/20/mc_4f_traces_ddp/mc_d/functions/fcfs/12/12/dfs/analysis/sys_full_error_mins
/data2/ar/iluvatar-energy-experiments/results/trace/fig_9/desktop/rapl_limits/20/mc_4f_traces_ddp/mc_d/functions/fcfs/12/12/dfs/analysis/sys_full_error_mins
/data2/ar/iluvatar-energy-experiments/results/trace/fig_9/desktop/rapl_limits/20/mc_4f_traces_ddp/mc_i/functions/fcfs/12/12/dfs/analysis/sys_full_error_mins
/data2/ar/iluvatar-energy-experiments/results/trace/fig_9/desktop/rapl_limits/20/mc_4f_traces_ddp/mc_i/functions/fcfs/12/12/dfs/analysis/sys_full_error_mins
/data2/ar/iluvatar-energy-experiments/results/trace/fig_9/desktop/rapl_limits/20/mc_4f_traces_ddp/mc_p/functions/fcfs/12/12/dfs/analysis/sys_full_error_mins
/data2/ar/iluvatar-energy-experiments/results/trace/fig_9/desktop/rapl_limits/20/mc_4f_traces_ddp/mc_p/functions/fcfs/12/12/dfs/analysis/sys_full_error_mins
/data2/ar/iluvatar-energy-experiments/results/trace/fig_9/desktop/rapl_limits/20/mc_4f_traces_ddp/mc_v/functions/fcfs/12/12/dfs/analysis/sys_full_error_mins
/data2/ar/iluvatar-energy-experiments/results/trace/fig_9/desktop/rapl_limits/20/mc_4f_traces_ddp/mc_v/functions/fcfs/12/12/dfs/analysis/sys_full_error_mins
/data2/ar/iluvatar-energy-experiments/results/trace/fig_9/desktop/rapl_limits/29/mc_4f_traces_ddp/mc_a/functions/fcfs/12/12/dfs/analysis/sys_full_error_mins
/data2/ar/iluvatar-energy-experiments/results/trace/fig_9/desktop/rapl_limits/29/mc_4f_traces_ddp/mc_a/functions/fcfs/12/12/dfs/analysis/sys_full_error_mins
/data2/ar/iluvatar-energy-experiments/results/trace/fig_9/desktop/rapl_limits/29/mc_4f_traces_ddp/mc_d/functions/fcfs/12/12/dfs/analysis/sys_full_error_mins
/data2/ar/iluvatar-energy-experiments/results/trace/fig_9/desktop/rapl_limits/29/mc_4f_traces_ddp/mc_d/functions/fcfs/12/12/dfs/analysis/sys_full_error_mins
/data2/ar/iluvatar-energy-experiments/results/trace/fig_9/desktop/rapl_limits/29/mc_4f_traces_ddp/mc_i/functions/fcfs/12/12/dfs/analysis/sys_full_error_mins
/data2/ar/iluvatar-energy-experiments/results/trace/fig_9/desktop/rapl_limits/29/mc_4f_traces_ddp/mc_i/functions/fcfs/12/12/dfs/analysis/sys_full_error_mins
/data2/ar/iluvatar-energy-experiments/results/trace/fig_9/desktop/rapl_limits/29/mc_4f_traces_ddp/mc_p/functions/fcfs/12/12/dfs/analysis/sys_full_error_mins
/data2/ar/iluvatar-energy-experiments/results/trace/fig_9/desktop/rapl_limits/29/mc_4f_traces_ddp/mc_p/functions/fcfs/12/12/dfs/analysis/sys_full_error_mins
/data2/ar/iluvatar-energy-experiments/results/trace/fig_9/desktop/rapl_limits/29/mc_4f_traces_ddp/mc_v/functions/fcfs/12/12/dfs/analysis/sys_full_error_mins
/data2/ar/iluvatar-energy-experiments/results/trace/fig_9/desktop/rapl_limits/29/mc_4f_traces_ddp/mc_v/functions/fcfs/12/12/dfs/analysis/sys_full_error_mins
/data2/ar/iluvatar-energy-experiments/results/trace/fig_9/desktop/rapl_limits/38/mc_4f_traces_ddp/mc_a/functions/fcfs/12/12/dfs/analysis/sys_full_error_mins
/data2/ar/iluvatar-energy-experiments/results/trace/fig_9/desktop/rapl_limits/38/mc_4f_traces_ddp/mc_a/functions/fcfs/12/12/dfs/analysis/sys_full_error_mins
/data2/ar/iluvatar-energy-experiments/results/trace/fig_9/desktop/rapl_limits/38/mc_4f_traces_ddp/mc_d/functions/fcfs/12/12/dfs/analysis/sys_full_error_mins
/data2/ar/iluvatar-energy-experiments/results/trace/fig_9/desktop/rapl_limits/38/mc_4f_traces_ddp/mc_d/functions/fcfs/12/12/dfs/analysis/sys_full_error_mins
/data2/ar/iluvatar-energy-experiments/results/trace/fig_9/desktop/rapl_limits/38/mc_4f_traces_ddp/mc_i/functions/fcfs/12/12/dfs/analysis/sys_full_error_mins
/data2/ar/iluvatar-energy-experiments/results/trace/fig_9/desktop/rapl_limits/38/mc_4f_traces_ddp/mc_i/functions/fcfs/12/12/dfs/analysis/sys_full_error_mins
/data2/ar/iluvatar-energy-experiments/results/trace/fig_9/desktop/rapl_limits/38/mc_4f_traces_ddp/mc_p/functions/fcfs/12/12/dfs/analysis/sys_full_error_mins
/data2/ar/iluvatar-energy-experiments/results/trace/fig_9/desktop/rapl_limits/38/mc_4f_traces_ddp/mc_p/functions/fcfs/12/12/dfs/analysis/sys_full_error_mins
/data2/ar/iluvatar-energy-experiments/results/trace/fig_9/desktop/rapl_limits/38/mc_4f_traces_ddp/mc_v/functions/fcfs/12/12/dfs/analysis/sys_full_error_mins
/data2/ar/iluvatar-energy-experiments/results/trace/fig_9/desktop/rapl_limits/38/mc_4f_traces_ddp/mc_v/functions/fcfs/12/12/dfs/analysis/sys_full_error_mins
/data2/ar/iluvatar-energy-experiments/results/trace/fig_9/desktop/rapl_limits/65/mc_4f_traces_ddp/mc_a/functions/fcfs/12/12/dfs/analysis/sys_full_error_mins
/data2/ar/iluvatar-energy-experiments/results/trace/fig_9/desktop/rapl_limits/65/mc_4f_traces_ddp/mc_a/functions/fcfs/12/12/dfs/analysis/sys_full_error_mins
/data2/ar/iluvatar-energy-experiments/results/trace/fig_9/desktop/rapl_limits/65/mc_4f_traces_ddp/mc_d/functions/fcfs/12/12/dfs/analysis/sys_full_error_mins
/data2/ar/iluvatar-energy-experiments/results/trace/fig_9/desktop/rapl_limits/65/mc_4f_traces_ddp/mc_d/functions/fcfs/12/12/dfs/analysis/sys_full_error_mins
/data2/ar/iluvatar-energy-experiments/results/trace/fig_9/desktop/rapl_limits/65/mc_4f_traces_ddp/mc_i/functions/fcfs/12/12/dfs/analysis/sys_full_error_mins
/data2/ar/iluvatar-energy-experiments/results/trace/fig_9/desktop/rapl_limits/65/mc_4f_traces_ddp/mc_i/functions/fcfs/12/12/dfs/analysis/sys_full_error_mins
/data2/ar/iluvatar-energy-experiments/results/trace/fig_9/desktop/rapl_limits/65/mc_4f_traces_ddp/mc_p/functions/fcfs/12/12/dfs/analysis/sys_full_error_mins
/data2/ar/iluvatar-energy-experiments/results/trace/fig_9/desktop/rapl_limits/65/mc_4f_traces_ddp/mc_p/functions/fcfs/12/12/dfs/analysis/sys_full_error_mins
/data2/ar/iluvatar-energy-experiments/results/trace/fig_9/desktop/rapl_limits/65/mc_4f_traces_ddp/mc_v/functions/fcfs/12/12/dfs/analysis/sys_full_error_mins
/data2/ar/iluvatar-energy-experiments/results/trace/fig_9/desktop/rapl_limits/65/mc_4f_traces_ddp/mc_v/functions/fcfs/12/12/dfs/analysis/sys_full_error_mins
/data2/ar/iluvatar-energy-experiments/results/trace/fig_9/desktop/mc_4f_traces_nddp_15min/mc_a/functions/fcfs/12/12/dfs/analysis/sys_full_error_mins
/data2/ar/iluvatar-energy-experiments/results/trace/fig_9/desktop/mc_4f_traces_nddp_15min/mc_a/functions/fcfs/12/12/dfs/analysis/sys_full_error_mins
/data2/ar/iluvatar-energy-experiments/results/trace/fig_9/desktop/mc_4f_traces_nddp_15min/mc_c_0_0/functions/fcfs/12/12/dfs/analysis/sys_full_error_mins
/data2/ar/iluvatar-energy-experiments/results/trace/fig_9/desktop/mc_4f_traces_nddp_15min/mc_c_0_0/functions/fcfs/12/12/dfs/analysis/sys_full_error_mins
/data2/ar/iluvatar-energy-experiments/results/trace/fig_9/desktop/mc_4f_traces_nddp_15min/mc_c_0_4/functions/fcfs/12/12/dfs/analysis/sys_full_error_mins
/data2/ar/iluvatar-energy-experiments/results/trace/fig_9/desktop/mc_4f_traces_nddp_15min/mc_c_0_4/functions/fcfs/12/12/dfs/analysis/sys_full_error_mins
/data2/ar/iluvatar-energy-experiments/results/trace/fig_9/desktop/mc_4f_traces_nddp_15min/mc_c_0_6/functions/fcfs/12/12/dfs/analysis/sys_full_error_mins
/data2/ar/iluvatar-energy-experiments/results/trace/fig_9/desktop/mc_4f_traces_nddp_15min/mc_c_0_6/functions/fcfs/12/12/dfs/analysis/sys_full_error_mins
/data2/ar/iluvatar-energy-experiments/results/trace/fig_9/desktop/mc_4f_traces_nddp_15min/mc_c_0_8/functions/fcfs/12/12/dfs/analysis/sys_full_error_mins
/data2/ar/iluvatar-energy-experiments/results/trace/fig_9/desktop/mc_4f_traces_nddp_15min/mc_c_0_8/functions/fcfs/12/12/dfs/analysis/sys_full_error_mins
/data2/ar/iluvatar-energy-experiments/results/trace/fig_9/desktop/mc_4f_traces_nddp_15min/mc_c/functions/fcfs/12/12/dfs/analysis/sys_full_error_mins
/data2/ar/iluvatar-energy-experiments/results/trace/fig_9/desktop/mc_4f_traces_nddp_15min/mc_c/functions/fcfs/12/12/dfs/analysis/sys_full_error_mins
/data2/ar/iluvatar-energy-experiments/results/trace/fig_9/desktop/mc_4f_traces_nddp_15min/mc_d/functions/fcfs/12/12/dfs/analysis/sys_full_error_mins
/data2/ar/iluvatar-energy-experiments/results/trace/fig_9/desktop/mc_4f_traces_nddp_15min/mc_d/functions/fcfs/12/12/dfs/analysis/sys_full_error_mins
/data2/ar/iluvatar-energy-experiments/results/trace/fig_9/desktop/mc_4f_traces_nddp_15min/mc_i/functions/fcfs/12/12/dfs/analysis/sys_full_error_mins
/data2/ar/iluvatar-energy-experiments/results/trace/fig_9/desktop/mc_4f_traces_nddp_15min/mc_i/functions/fcfs/12/12/dfs/analysis/sys_full_error_mins
/data2/ar/iluvatar-energy-experiments/results/trace/fig_9/desktop/mc_4f_traces_nddp_15min/mc_p/functions/fcfs/12/12/dfs/analysis/sys_full_error_mins
/data2/ar/iluvatar-energy-experiments/results/trace/fig_9/desktop/mc_4f_traces_nddp_15min/mc_p/functions/fcfs/12/12/dfs/analysis/sys_full_error_mins
/data2/ar/iluvatar-energy-experiments/results/trace/fig_9/desktop/mc_4f_traces_ddp_15min/mc_a/functions/fcfs/12/12/dfs/analysis/sys_full_error_mins
/data2/ar/iluvatar-energy-experiments/results/trace/fig_9/desktop/mc_4f_traces_ddp_15min/mc_a/functions/fcfs/12/12/dfs/analysis/sys_full_error_mins
/data2/ar/iluvatar-energy-experiments/results/trace/fig_9/desktop/mc_4f_traces_ddp_15min/mc_d/functions/fcfs/12/12/dfs/analysis/sys_full_error_mins
/data2/ar/iluvatar-energy-experiments/results/trace/fig_9/desktop/mc_4f_traces_ddp_15min/mc_d/functions/fcfs/12/12/dfs/analysis/sys_full_error_mins
/data2/ar/iluvatar-energy-experiments/results/trace/fig_9/desktop/mc_4f_traces_ddp_15min/mc_i/functions/fcfs/12/12/dfs/analysis/sys_full_error_mins
/data2/ar/iluvatar-energy-experiments/results/trace/fig_9/desktop/mc_4f_traces_ddp_15min/mc_i/functions/fcfs/12/12/dfs/analysis/sys_full_error_mins
/data2/ar/iluvatar-energy-experiments/results/trace/fig_9/desktop/mc_4f_traces_ddp_15min/mc_p/functions/fcfs/12/12/dfs/analysis/sys_full_error_mins
/data2/ar/iluvatar-energy-experiments/results/trace/fig_9/desktop/mc_4f_traces_ddp_15min/mc_p/functions/fcfs/12/12/dfs/analysis/sys_full_error_mins
/data2/ar/iluvatar-energy-experiments/results/trace/fig_9/desktop/mc_4f_traces_ddp_15min/mc_v/functions/fcfs/12/12/dfs/analysis/sys_full_error_mins
/data2/ar/iluvatar-energy-experiments/results/trace/fig_9/desktop/mc_4f_traces_ddp_15min/mc_v/functions/fcfs/12/12/dfs/analysis/sys_full_error_mins
/data2/ar/iluvatar-energy-experiments/results/trace/fig_9/victor/mc_4f_traces_nddp_15min/mc_a/functions/fcfs/24/24/dfs/analysis/sys_full_error_mins
/data2/ar/iluvatar-energy-experiments/results/trace/fig_9/victor/mc_4f_traces_nddp_15min/mc_a/functions/fcfs/24/24/dfs/analysis/sys_full_error_mins
/data2/ar/iluvatar-energy-experiments/results/trace/fig_9/victor/mc_4f_traces_nddp_15min/mc_c/functions/fcfs/24/24/dfs/analysis/sys_full_error_mins
/data2/ar/iluvatar-energy-experiments/results/trace/fig_9/victor/mc_4f_traces_nddp_15min/mc_c/functions/fcfs/24/24/dfs/analysis/sys_full_error_mins
/data2/ar/iluvatar-energy-experiments/results/trace/fig_9/victor/mc_4f_traces_nddp_15min/mc_d/functions/fcfs/24/24/dfs/analysis/sys_full_error_mins
/data2/ar/iluvatar-energy-experiments/results/trace/fig_9/victor/mc_4f_traces_nddp_15min/mc_d/functions/fcfs/24/24/dfs/analysis/sys_full_error_mins
/data2/ar/iluvatar-energy-experiments/results/trace/fig_9/victor/mc_4f_traces_nddp_15min/mc_i/functions/fcfs/24/24/dfs/analysis/sys_full_error_mins
/data2/ar/iluvatar-energy-experiments/results/trace/fig_9/victor/mc_4f_traces_nddp_15min/mc_i/functions/fcfs/24/24/dfs/analysis/sys_full_error_mins
/data2/ar/iluvatar-energy-experiments/results/trace/fig_9/victor/mc_4f_traces_nddp_15min/mc_p/functions/fcfs/24/24/dfs/analysis/sys_full_error_mins
/data2/ar/iluvatar-energy-experiments/results/trace/fig_9/victor/mc_4f_traces_nddp_15min/mc_p/functions/fcfs/24/24/dfs/analysis/sys_full_error_mins
/data2/ar/iluvatar-energy-experiments/results/trace/fig_9/victor/mc_4f_traces_ddp_15min/mc_a/functions/fcfs/24/24/dfs/analysis/sys_full_error_mins
/data2/ar/iluvatar-energy-experiments/results/trace/fig_9/victor/mc_4f_traces_ddp_15min/mc_a/functions/fcfs/24/24/dfs/analysis/sys_full_error_mins
/data2/ar/iluvatar-energy-experiments/results/trace/fig_9/victor/mc_4f_traces_ddp_15min/mc_d/functions/fcfs/24/24/dfs/analysis/sys_full_error_mins
/data2/ar/iluvatar-energy-experiments/results/trace/fig_9/victor/mc_4f_traces_ddp_15min/mc_d/functions/fcfs/24/24/dfs/analysis/sys_full_error_mins
/data2/ar/iluvatar-energy-experiments/results/trace/fig_9/victor/mc_4f_traces_ddp_15min/mc_i/functions/fcfs/24/24/dfs/analysis/sys_full_error_mins
/data2/ar/iluvatar-energy-experiments/results/trace/fig_9/victor/mc_4f_traces_ddp_15min/mc_i/functions/fcfs/24/24/dfs/analysis/sys_full_error_mins
/data2/ar/iluvatar-energy-experiments/results/trace/fig_9/victor/mc_4f_traces_ddp_15min/mc_p/functions/fcfs/24/24/dfs/analysis/sys_full_error_mins
/data2/ar/iluvatar-energy-experiments/results/trace/fig_9/victor/mc_4f_traces_ddp_15min/mc_p/functions/fcfs/24/24/dfs/analysis/sys_full_error_mins
/data2/ar/iluvatar-energy-experiments/results/trace/fig_9/victor/mc_4f_traces_ddp_15min/mc_v/functions/fcfs/24/24/dfs/analysis/sys_full_error_mins
/data2/ar/iluvatar-energy-experiments/results/trace/fig_9/victor/mc_4f_traces_ddp_15min/mc_v/functions/fcfs/24/24/dfs/analysis/sys_full_error_mins
/data2/ar/iluvatar-energy-experiments/results/trace/for_paper/desktop/mc_pyaes_inputsizes/mc_1/functions/fcfs/12/12/dfs/analysis/sys_full_error_mins
/data2/ar/iluvatar-energy-experiments/results/trace/for_paper/desktop/mc_pyaes_inputsizes/mc_1/functions/fcfs/12/12/dfs/analysis/sys_full_error_mins
/data2/ar/iluvatar-energy-experiments/results/trace/for_paper/desktop/mc_pyaes_inputsizes/mc_2/functions/fcfs/12/12/dfs/analysis/sys_full_error_mins
/data2/ar/iluvatar-energy-experiments/results/trace/for_paper/desktop/mc_pyaes_inputsizes/mc_2/functions/fcfs/12/12/dfs/analysis/sys_full_error_mins
/data2/ar/iluvatar-energy-experiments/results/trace/for_paper/desktop/mc_pyaes_inputsizes/mc_3/functions/fcfs/12/12/dfs/analysis/sys_full_error_mins
/data2/ar/iluvatar-energy-experiments/results/trace/for_paper/desktop/mc_pyaes_inputsizes/mc_3/functions/fcfs/12/12/dfs/analysis/sys_full_error_mins
/data2/ar/iluvatar-energy-experiments/results/trace/for_paper/desktop/mc_pyaes_inputsizes/mc_4/functions/fcfs/12/12/dfs/analysis/sys_full_error_mins
/data2/ar/iluvatar-energy-experiments/results/trace/for_paper/desktop/mc_pyaes_inputsizes/mc_4/functions/fcfs/12/12/dfs/analysis/sys_full_error_mins
/data2/ar/iluvatar-energy-experiments/results/trace/for_paper/desktop/mc_pyaes_inputsizes/mc_5/functions/fcfs/12/12/dfs/analysis/sys_full_error_mins
/data2/ar/iluvatar-energy-experiments/results/trace/for_paper/desktop/mc_pyaes_inputsizes/mc_5/functions/fcfs/12/12/dfs/analysis/sys_full_error_mins
/data2/ar/iluvatar-energy-experiments/results/trace/for_paper/desktop/mc_pyaes_inputsizes/mc_a/functions/fcfs/12/12/dfs/analysis/sys_full_error_mins
/data2/ar/iluvatar-energy-experiments/results/trace/for_paper/desktop/mc_pyaes_inputsizes/mc_a/functions/fcfs/12/12/dfs/analysis/sys_full_error_mins
/data2/ar/iluvatar-energy-experiments/results/trace/desktop/mc_scaling/mc_4f_traces_ddp_0_5/mc_a/functions/fcfs/12/12/dfs/analysis/sys_full_error_mins
/data2/ar/iluvatar-energy-experiments/results/trace/desktop/mc_scaling/mc_4f_traces_ddp_0_5/mc_a/functions/fcfs/12/12/dfs/analysis/sys_full_error_mins
/data2/ar/iluvatar-energy-experiments/results/trace/desktop/mc_scaling/mc_4f_traces_ddp_0_5/mc_d/functions/fcfs/12/12/dfs/analysis/sys_full_error_mins
/data2/ar/iluvatar-energy-experiments/results/trace/desktop/mc_scaling/mc_4f_traces_ddp_0_5/mc_d/functions/fcfs/12/12/dfs/analysis/sys_full_error_mins
/data2/ar/iluvatar-energy-experiments/results/trace/desktop/mc_scaling/mc_4f_traces_ddp_0_5/mc_f/functions/fcfs/12/12/dfs/analysis/sys_full_error_mins
/data2/ar/iluvatar-energy-experiments/results/trace/desktop/mc_scaling/mc_4f_traces_ddp_0_5/mc_f/functions/fcfs/12/12/dfs/analysis/sys_full_error_mins
/data2/ar/iluvatar-energy-experiments/results/trace/desktop/mc_scaling/mc_4f_traces_ddp_0_5/mc_i/functions/fcfs/12/12/dfs/analysis/sys_full_error_mins
/data2/ar/iluvatar-energy-experiments/results/trace/desktop/mc_scaling/mc_4f_traces_ddp_0_5/mc_i/functions/fcfs/12/12/dfs/analysis/sys_full_error_mins
/data2/ar/iluvatar-energy-experiments/results/trace/desktop/mc_scaling/mc_4f_traces_ddp_0_5/mc_p/functions/fcfs/12/12/dfs/analysis/sys_full_error_mins
/data2/ar/iluvatar-energy-experiments/results/trace/desktop/mc_scaling/mc_4f_traces_ddp_0_5/mc_p/functions/fcfs/12/12/dfs/analysis/sys_full_error_mins
/data2/ar/iluvatar-energy-experiments/results/trace/desktop/mc_scaling/mc_4f_traces_ddp_0_5/mc_v/functions/fcfs/12/12/dfs/analysis/sys_full_error_mins
/data2/ar/iluvatar-energy-experiments/results/trace/desktop/mc_scaling/mc_4f_traces_ddp_0_5/mc_v/functions/fcfs/12/12/dfs/analysis/sys_full_error_mins
/data2/ar/iluvatar-energy-experiments/results/trace/desktop/mc_scaling/mc_4f_traces_ddp_0_75/mc_a/functions/fcfs/12/12/dfs/analysis/sys_full_error_mins
/data2/ar/iluvatar-energy-experiments/results/trace/desktop/mc_scaling/mc_4f_traces_ddp_0_75/mc_a/functions/fcfs/12/12/dfs/analysis/sys_full_error_mins
/data2/ar/iluvatar-energy-experiments/results/trace/desktop/mc_scaling/mc_4f_traces_ddp_0_75/mc_d/functions/fcfs/12/12/dfs/analysis/sys_full_error_mins
/data2/ar/iluvatar-energy-experiments/results/trace/desktop/mc_scaling/mc_4f_traces_ddp_0_75/mc_d/functions/fcfs/12/12/dfs/analysis/sys_full_error_mins
/data2/ar/iluvatar-energy-experiments/results/trace/desktop/mc_scaling/mc_4f_traces_ddp_0_75/mc_f/functions/fcfs/12/12/dfs/analysis/sys_full_error_mins
/data2/ar/iluvatar-energy-experiments/results/trace/desktop/mc_scaling/mc_4f_traces_ddp_0_75/mc_f/functions/fcfs/12/12/dfs/analysis/sys_full_error_mins
/data2/ar/iluvatar-energy-experiments/results/trace/desktop/mc_scaling/mc_4f_traces_ddp_0_75/mc_i/functions/fcfs/12/12/dfs/analysis/sys_full_error_mins
/data2/ar/iluvatar-energy-experiments/results/trace/desktop/mc_scaling/mc_4f_traces_ddp_0_75/mc_i/functions/fcfs/12/12/dfs/analysis/sys_full_error_mins
/data2/ar/iluvatar-energy-experiments/results/trace/desktop/mc_scaling/mc_4f_traces_ddp_0_75/mc_p/functions/fcfs/12/12/dfs/analysis/sys_full_error_mins
/data2/ar/iluvatar-energy-experiments/results/trace/desktop/mc_scaling/mc_4f_traces_ddp_0_75/mc_p/functions/fcfs/12/12/dfs/analysis/sys_full_error_mins
/data2/ar/iluvatar-energy-experiments/results/trace/desktop/mc_scaling/mc_4f_traces_ddp_0_75/mc_v/functions/fcfs/12/12/dfs/analysis/sys_full_error_mins
/data2/ar/iluvatar-energy-experiments/results/trace/desktop/mc_scaling/mc_4f_traces_ddp_0_75/mc_v/functions/fcfs/12/12/dfs/analysis/sys_full_error_mins
/data2/ar/iluvatar-energy-experiments/results/trace/desktop/mc_scaling/mc_4f_traces_ddp_1_5/mc_a/functions/fcfs/12/12/dfs/analysis/sys_full_error_mins
/data2/ar/iluvatar-energy-experiments/results/trace/desktop/mc_scaling/mc_4f_traces_ddp_1_5/mc_a/functions/fcfs/12/12/dfs/analysis/sys_full_error_mins
/data2/ar/iluvatar-energy-experiments/results/trace/desktop/mc_scaling/mc_4f_traces_ddp_1_5/mc_d/functions/fcfs/12/12/dfs/analysis/sys_full_error_mins
/data2/ar/iluvatar-energy-experiments/results/trace/desktop/mc_scaling/mc_4f_traces_ddp_1_5/mc_d/functions/fcfs/12/12/dfs/analysis/sys_full_error_mins
/data2/ar/iluvatar-energy-experiments/results/trace/desktop/mc_scaling/mc_4f_traces_ddp_1_5/mc_f/functions/fcfs/12/12/dfs/analysis/sys_full_error_mins
/data2/ar/iluvatar-energy-experiments/results/trace/desktop/mc_scaling/mc_4f_traces_ddp_1_5/mc_f/functions/fcfs/12/12/dfs/analysis/sys_full_error_mins
/data2/ar/iluvatar-energy-experiments/results/trace/desktop/mc_scaling/mc_4f_traces_ddp_1_5/mc_i/functions/fcfs/12/12/dfs/analysis/sys_full_error_mins
/data2/ar/iluvatar-energy-experiments/results/trace/desktop/mc_scaling/mc_4f_traces_ddp_1_5/mc_i/functions/fcfs/12/12/dfs/analysis/sys_full_error_mins
/data2/ar/iluvatar-energy-experiments/results/trace/desktop/mc_scaling/mc_4f_traces_ddp_1_5/mc_p/functions/fcfs/12/12/dfs/analysis/sys_full_error_mins
/data2/ar/iluvatar-energy-experiments/results/trace/desktop/mc_scaling/mc_4f_traces_ddp_1_5/mc_p/functions/fcfs/12/12/dfs/analysis/sys_full_error_mins
/data2/ar/iluvatar-energy-experiments/results/trace/desktop/mc_scaling/mc_4f_traces_ddp_1_5/mc_v/functions/fcfs/12/12/dfs/analysis/sys_full_error_mins
/data2/ar/iluvatar-energy-experiments/results/trace/desktop/mc_scaling/mc_4f_traces_ddp_1_5/mc_v/functions/fcfs/12/12/dfs/analysis/sys_full_error_mins
/data2/ar/iluvatar-energy-experiments/results/trace/desktop/mc_scaling/mc_4f_traces_ddp/mc_a/functions/fcfs/12/12/dfs/analysis/sys_full_error_mins
/data2/ar/iluvatar-energy-experiments/results/trace/desktop/mc_scaling/mc_4f_traces_ddp/mc_a/functions/fcfs/12/12/dfs/analysis/sys_full_error_mins
/data2/ar/iluvatar-energy-experiments/results/trace/desktop/mc_scaling/mc_4f_traces_ddp/mc_d/functions/fcfs/12/12/dfs/analysis/sys_full_error_mins
/data2/ar/iluvatar-energy-experiments/results/trace/desktop/mc_scaling/mc_4f_traces_ddp/mc_d/functions/fcfs/12/12/dfs/analysis/sys_full_error_mins
/data2/ar/iluvatar-energy-experiments/results/trace/desktop/mc_scaling/mc_4f_traces_ddp/mc_f/functions/fcfs/12/12/dfs/analysis/sys_full_error_mins
/data2/ar/iluvatar-energy-experiments/results/trace/desktop/mc_scaling/mc_4f_traces_ddp/mc_f/functions/fcfs/12/12/dfs/analysis/sys_full_error_mins
/data2/ar/iluvatar-energy-experiments/results/trace/desktop/mc_scaling/mc_4f_traces_ddp/mc_i/functions/fcfs/12/12/dfs/analysis/sys_full_error_mins
/data2/ar/iluvatar-energy-experiments/results/trace/desktop/mc_scaling/mc_4f_traces_ddp/mc_i/functions/fcfs/12/12/dfs/analysis/sys_full_error_mins
/data2/ar/iluvatar-energy-experiments/results/trace/desktop/mc_scaling/mc_4f_traces_ddp/mc_p/functions/fcfs/12/12/dfs/analysis/sys_full_error_mins
/data2/ar/iluvatar-energy-experiments/results/trace/desktop/mc_scaling/mc_4f_traces_ddp/mc_p/functions/fcfs/12/12/dfs/analysis/sys_full_error_mins
/data2/ar/iluvatar-energy-experiments/results/trace/desktop/mc_scaling/mc_4f_traces_ddp/mc_v/functions/fcfs/12/12/dfs/analysis/sys_full_error_mins
/data2/ar/iluvatar-energy-experiments/results/trace/desktop/mc_scaling/mc_4f_traces_ddp/mc_v/functions/fcfs/12/12/dfs/analysis/sys_full_error_mins
/data2/ar/iluvatar-energy-experiments/results/trace/desktop/mc_4f_traces_ddp_30min_more_funcs/mc_a_burst/functions/fcfs/12/12/dfs/analysis/sys_full_error_mins
/data2/ar/iluvatar-energy-experiments/results/trace/desktop/mc_4f_traces_ddp_30min_more_funcs/mc_a_burst/functions/fcfs/12/12/dfs/analysis/sys_full_error_mins
Total Experiments: 75
0,0.6181136728634289,9.19573084659872 - /data2/ar/iluvatar-energy-experiments/results/trace/desktop/mc_4f_traces_ddp_30min_more_funcs/mc_a_burst/functions/fcfs/12/12
1,1.246741630114535,8.688757582098722 - /data2/ar/iluvatar-energy-experiments/results/trace/fig_9/desktop/mc_4f_traces_nddp_15min/mc_c_0_8/functions/fcfs/12/12
2,1.6744376618638384,8.229716769434985 - /data2/ar/iluvatar-energy-experiments/results/trace/fig_9/desktop/mc_4f_traces_nddp_15min/mc_i/functions/fcfs/12/12
3,2.340921780661852,8.81710424313904 - /data2/ar/iluvatar-energy-experiments/results/trace/fig_9/desktop/mc_4f_traces_nddp_15min/mc_a/functions/fcfs/12/12
4,2.5145584173546465,5.599457259737886 - /data2/ar/iluvatar-energy-experiments/results/trace/fig_9/desktop/mc_4f_traces_nddp_15min/mc_c_0_6/functions/fcfs/12/12
5,3.3487519393190683,31.18426501280958 - /data2/ar/iluvatar-energy-experiments/results/trace/fig_9/desktop/mc_4f_traces_ddp_15min/mc_v/functions/fcfs/12/12
6,6.7697116833469195,64.82715785912302 - /data2/ar/iluvatar-energy-experiments/results/trace/fig_9/desktop/rapl_limits/38/mc_4f_traces_ddp/mc_v/functions/fcfs/12/12
7,7.375185793793926,6.618011653900164 - /data2/ar/iluvatar-energy-experiments/results/trace/fig_9/desktop/rapl_limits/38/mc_4f_traces_ddp/mc_p/functions/fcfs/12/12
8,8.296353436280185,61.26813790781815 - /data2/ar/iluvatar-energy-experiments/results/trace/fig_9/desktop/rapl_limits/65/mc_4f_traces_ddp/mc_d/functions/fcfs/12/12
9,8.381541863053426,34.73452278248815 - /data2/ar/iluvatar-energy-experiments/results/trace/fig_9/desktop/mc_4f_traces_ddp_15min/mc_a/functions/fcfs/12/12
10,8.797429023447563,60.8791455056198 - /data2/ar/iluvatar-energy-experiments/results/trace/desktop/mc_scaling/mc_4f_traces_ddp/mc_a/functions/fcfs/12/12
11,8.885643980489654,60.74346003985788 - /data2/ar/iluvatar-energy-experiments/results/trace/fig_9/desktop/rapl_limits/20/mc_4f_traces_ddp/mc_a/functions/fcfs/12/12
12,9.377434669742541,60.51557439308028 - /data2/ar/iluvatar-energy-experiments/results/trace/fig_9/desktop/rapl_limits/20/mc_4f_traces_ddp/mc_p/functions/fcfs/12/12
13,9.713679434368412,60.517424300497915 - /data2/ar/iluvatar-energy-experiments/results/trace/fig_9/desktop/rapl_limits/20/mc_4f_traces_ddp/mc_i/functions/fcfs/12/12
14,9.86365137429977,60.28093853704263 - /data2/ar/iluvatar-energy-experiments/results/trace/fig_9/desktop/rapl_limits/29/mc_4f_traces_ddp/mc_v/functions/fcfs/12/12
15,10.608515421198312,1.5270679028740044 - /data2/ar/iluvatar-energy-experiments/results/trace/fig_9/desktop/rapl_limits/65/mc_4f_traces_ddp/mc_v/functions/fcfs/12/12
16,10.798198894989637,2.107162593566202 - /data2/ar/iluvatar-energy-experiments/results/trace/fig_9/victor/mc_4f_traces_ddp_15min/mc_a/functions/fcfs/24/24
17,11.248848771748369,59.73533404834404 - /data2/ar/iluvatar-energy-experiments/results/trace/fig_9/desktop/rapl_limits/65/mc_4f_traces_ddp/mc_i/functions/fcfs/12/12
18,11.37408027863335,29.385138445622367 - /data2/ar/iluvatar-energy-experiments/results/trace/fig_9/desktop/mc_4f_traces_nddp_15min/mc_d/functions/fcfs/12/12
19,11.3979879164973,4.701012309644271 - /data2/ar/iluvatar-energy-experiments/results/trace/desktop/mc_scaling/mc_4f_traces_ddp_0_5/mc_d/functions/fcfs/12/12
20,11.666437791133937,59.181027938094026 - /data2/ar/iluvatar-energy-experiments/results/trace/desktop/mc_scaling/mc_4f_traces_ddp_1_5/mc_d/functions/fcfs/12/12
21,11.77623428547031,6.568161360576329 - /data2/ar/iluvatar-energy-experiments/results/trace/fig_9/desktop/mc_4f_traces_nddp_15min/mc_p/functions/fcfs/12/12
22,11.77905837306978,35.86600849741602 - /data2/ar/iluvatar-energy-experiments/results/trace/fig_9/desktop/mc_4f_traces_ddp_15min/mc_p/functions/fcfs/12/12
23,12.859536530941533,58.1516251667524 - /data2/ar/iluvatar-energy-experiments/results/trace/fig_9/desktop/rapl_limits/20/mc_4f_traces_ddp/mc_v/functions/fcfs/12/12
24,13.139500423125797,27.696404710456846 - /data2/ar/iluvatar-energy-experiments/results/trace/fig_9/victor/mc_4f_traces_nddp_15min/mc_d/functions/fcfs/24/24
25,13.206991553188686,36.15616859229871 - /data2/ar/iluvatar-energy-experiments/results/trace/fig_9/desktop/mc_4f_traces_ddp_15min/mc_i/functions/fcfs/12/12
26,13.963482096808063,27.391013157807564 - /data2/ar/iluvatar-energy-experiments/results/trace/fig_9/victor/mc_4f_traces_nddp_15min/mc_p/functions/fcfs/24/24
27,14.3281811603524,57.14077386850065 - /data2/ar/iluvatar-energy-experiments/results/trace/fig_9/desktop/rapl_limits/29/mc_4f_traces_ddp/mc_a/functions/fcfs/12/12
28,14.449943805190093,5.3376263666319055 - /data2/ar/iluvatar-energy-experiments/results/trace/desktop/mc_scaling/mc_4f_traces_ddp_0_5/mc_a/functions/fcfs/12/12
29,14.812933468790114,56.808423669739604 - /data2/ar/iluvatar-energy-experiments/results/trace/desktop/mc_scaling/mc_4f_traces_ddp/mc_d/functions/fcfs/12/12
30,14.981086126211482,27.44308228632383 - /data2/ar/iluvatar-energy-experiments/results/trace/fig_9/victor/mc_4f_traces_nddp_15min/mc_i/functions/fcfs/24/24
31,14.998652928241173,57.192131590744104 - /data2/ar/iluvatar-energy-experiments/results/trace/fig_9/desktop/rapl_limits/65/mc_4f_traces_ddp/mc_a/functions/fcfs/12/12
32,15.725120853376177,26.974752233657583 - /data2/ar/iluvatar-energy-experiments/results/trace/fig_9/victor/mc_4f_traces_nddp_15min/mc_a/functions/fcfs/24/24
33,16.073314407582313,37.313073262744595 - /data2/ar/iluvatar-energy-experiments/results/trace/fig_9/desktop/mc_4f_traces_ddp_15min/mc_d/functions/fcfs/12/12
34,16.92219694322061,55.73849902919721 - /data2/ar/iluvatar-energy-experiments/results/trace/fig_9/desktop/rapl_limits/29/mc_4f_traces_ddp/mc_i/functions/fcfs/12/12
35,19.940023902254854,25.29341588109852 - /data2/ar/iluvatar-energy-experiments/results/trace/fig_9/victor/mc_4f_traces_ddp_15min/mc_i/functions/fcfs/24/24
Saved: ./jpt_error_All
