# started on Sat Aug  5 13:53:20 2023

     1.001083325,3.96,Joules,power/energy-pkg/,1001094119,100.00,,
     2.001778799,3.68,Joules,power/energy-pkg/,1000676255,100.00,,
     3.002935181,5.85,Joules,power/energy-pkg/,1001167497,100.00,,
     4.004125533,4.19,Joules,power/energy-pkg/,1001180108,100.00,,
     5.005327482,6.72,Joules,power/energy-pkg/,1001187880,100.00,,
     6.005811856,5.22,Joules,power/energy-pkg/,1000469540,100.00,,
     7.007018232,4.32,Joules,power/energy-pkg/,1001202783,100.00,,
     8.008243002,3.62,Joules,power/energy-pkg/,1001211016,100.00,,
     9.009467788,4.19,Joules,power/energy-pkg/,1001217671,100.00,,
    10.010701562,3.88,Joules,power/energy-pkg/,1001218459,100.00,,
    11.011949688,3.55,Joules,power/energy-pkg/,1001239192,100.00,,
    12.013195673,4.23,Joules,power/energy-pkg/,1001229897,100.00,,
    13.014440079,3.87,Joules,power/energy-pkg/,1001236085,100.00,,
    14.015689339,3.85,Joules,power/energy-pkg/,1001240965,100.00,,
    15.016975684,3.69,Joules,power/energy-pkg/,1001275744,100.00,,
    16.018261797,3.62,Joules,power/energy-pkg/,1001275631,100.00,,
    17.019532011,3.71,Joules,power/energy-pkg/,1001259575,100.00,,
    18.030758161,3.90,Joules,power/energy-pkg/,1011218870,100.00,,
    19.032098746,5.72,Joules,power/energy-pkg/,1001327909,100.00,,
    20.033419997,3.94,Joules,power/energy-pkg/,1001313121,100.00,,
    21.033797279,3.68,Joules,power/energy-pkg/,1000365850,100.00,,
    22.035165973,3.84,Joules,power/energy-pkg/,1001357354,100.00,,
    23.036486450,3.72,Joules,power/energy-pkg/,1001309251,100.00,,
    24.037794132,3.70,Joules,power/energy-pkg/,1001297189,100.00,,
    25.039139342,3.84,Joules,power/energy-pkg/,1001335807,100.00,,
    26.040486088,9.13,Joules,power/energy-pkg/,1001334752,100.00,,
    27.041802513,4.10,Joules,power/energy-pkg/,1001305276,100.00,,
    28.043154045,3.55,Joules,power/energy-pkg/,1001347300,100.00,,
    29.044528896,3.89,Joules,power/energy-pkg/,1001359468,100.00,,
    30.045793775,3.86,Joules,power/energy-pkg/,1001253902,100.00,,
    31.047117088,3.64,Joules,power/energy-pkg/,1001312886,100.00,,
    32.048468328,3.80,Joules,power/energy-pkg/,1001343695,100.00,,
    33.049808936,3.85,Joules,power/energy-pkg/,1001328419,100.00,,
    34.051216785,3.71,Joules,power/energy-pkg/,1001402574,100.00,,
    35.052602892,3.44,Joules,power/energy-pkg/,1001370324,100.00,,
    36.053978325,3.66,Joules,power/energy-pkg/,1001369853,100.00,,
    37.055469963,3.75,Joules,power/energy-pkg/,1001480919,100.00,,
    38.057006514,3.41,Joules,power/energy-pkg/,1001525989,100.00,,
    39.057846445,3.82,Joules,power/energy-pkg/,1000827702,100.00,,
    40.059281225,3.70,Joules,power/energy-pkg/,1001426923,100.00,,
    41.060661666,3.86,Joules,power/energy-pkg/,1001363916,100.00,,
    42.061980977,3.88,Joules,power/energy-pkg/,1001313801,100.00,,
    43.063350369,3.50,Joules,power/energy-pkg/,1001355160,100.00,,
    44.064834771,3.56,Joules,power/energy-pkg/,1001477700,100.00,,
    45.066201680,3.55,Joules,power/energy-pkg/,1001357890,100.00,,
    46.067703499,3.57,Joules,power/energy-pkg/,1001492384,100.00,,
    47.069234288,3.93,Joules,power/energy-pkg/,1001518741,100.00,,
    48.069779853,3.54,Joules,power/energy-pkg/,1000579881,100.00,,
    49.071253043,3.68,Joules,power/energy-pkg/,1001411853,100.00,,
    50.072584978,4.01,Joules,power/energy-pkg/,1001321457,100.00,,
    51.073885711,3.76,Joules,power/energy-pkg/,1001296196,100.00,,
    52.075151588,4.04,Joules,power/energy-pkg/,1001248819,100.00,,
    53.076464507,3.70,Joules,power/energy-pkg/,1001305699,100.00,,
    54.077822660,3.75,Joules,power/energy-pkg/,1001347304,100.00,,
    55.079169985,3.68,Joules,power/energy-pkg/,1001337064,100.00,,
    56.080523345,3.65,Joules,power/energy-pkg/,1001343913,100.00,,
    57.081803770,3.99,Joules,power/energy-pkg/,1001269222,100.00,,
    58.083144281,3.58,Joules,power/energy-pkg/,1001330849,100.00,,
    59.084486173,3.65,Joules,power/energy-pkg/,1001331819,100.00,,
    60.085798820,3.77,Joules,power/energy-pkg/,1001300134,100.00,,
    61.087136827,3.79,Joules,power/energy-pkg/,1001335527,100.00,,
    62.088512549,3.72,Joules,power/energy-pkg/,1001361185,100.00,,
    63.089837235,6.58,Joules,power/energy-pkg/,1001400972,100.00,,
    64.091304396,4.01,Joules,power/energy-pkg/,1001373221,100.00,,
    65.092684272,4.65,Joules,power/energy-pkg/,1001369197,100.00,,
    66.094187678,3.85,Joules,power/energy-pkg/,1001493997,100.00,,
    67.095572160,4.15,Joules,power/energy-pkg/,1001373996,100.00,,
    68.095867579,6.10,Joules,power/energy-pkg/,1000276061,100.00,,
    69.097171749,50.69,Joules,power/energy-pkg/,1001279028,100.00,,
    70.097696416,55.86,Joules,power/energy-pkg/,1000549422,100.00,,
    71.098816412,57.07,Joules,power/energy-pkg/,1001071731,100.00,,
    72.099897337,54.68,Joules,power/energy-pkg/,1001069491,100.00,,
    73.101081688,41.44,Joules,power/energy-pkg/,1001197456,100.00,,
    74.101679279,44.97,Joules,power/energy-pkg/,1000566188,100.00,,
    75.102838271,61.57,Joules,power/energy-pkg/,1001170245,100.00,,
    76.103949519,39.92,Joules,power/energy-pkg/,1001080469,100.00,,
    77.105047178,60.92,Joules,power/energy-pkg/,1001084553,100.00,,
    78.105745838,56.57,Joules,power/energy-pkg/,1000716412,100.00,,
    79.106860779,68.12,Joules,power/energy-pkg/,1001078345,100.00,,
    80.107984526,46.59,Joules,power/energy-pkg/,1001152777,100.00,,
    81.109100073,54.09,Joules,power/energy-pkg/,1001066761,100.00,,
    82.109676148,58.14,Joules,power/energy-pkg/,1000564795,100.00,,
    83.110830199,53.08,Joules,power/energy-pkg/,1001150184,100.00,,
    84.111972227,55.43,Joules,power/energy-pkg/,1001146237,100.00,,
    85.113141519,60.79,Joules,power/energy-pkg/,1001160352,100.00,,
    86.113765298,36.78,Joules,power/energy-pkg/,1000610369,100.00,,
    87.114865487,47.82,Joules,power/energy-pkg/,1001072340,100.00,,
    88.116024188,48.52,Joules,power/energy-pkg/,1001149446,100.00,,
    89.117165550,39.67,Joules,power/energy-pkg/,1001130131,100.00,,
    90.117760820,58.92,Joules,power/energy-pkg/,1000585530,100.00,,
    91.118903228,66.00,Joules,power/energy-pkg/,1001136304,100.00,,
    92.120057892,41.18,Joules,power/energy-pkg/,1001143264,100.00,,
    93.121195297,47.01,Joules,power/energy-pkg/,1001145703,100.00,,
    94.121755475,45.30,Joules,power/energy-pkg/,1000545659,100.00,,
    95.122919833,57.56,Joules,power/energy-pkg/,1001162756,100.00,,
    96.124097486,57.69,Joules,power/energy-pkg/,1001144977,100.00,,
    97.125243570,42.21,Joules,power/energy-pkg/,1001139164,100.00,,
    98.125757965,48.93,Joules,power/energy-pkg/,1000497173,100.00,,
    99.126889000,53.72,Joules,power/energy-pkg/,1001143353,100.00,,
   100.128056409,39.79,Joules,power/energy-pkg/,1001145716,100.00,,
   101.129206307,33.78,Joules,power/energy-pkg/,1001152078,100.00,,
   102.129680743,67.26,Joules,power/energy-pkg/,1000460328,100.00,,
   103.130785664,60.71,Joules,power/energy-pkg/,1001077517,100.00,,
   104.131875210,63.89,Joules,power/energy-pkg/,1001091355,100.00,,
   105.132324634,55.28,Joules,power/energy-pkg/,1000498375,100.00,,
   106.133471074,52.25,Joules,power/energy-pkg/,1001066350,100.00,,
   107.133836262,51.01,Joules,power/energy-pkg/,1000407493,100.00,,
   108.135038211,49.95,Joules,power/energy-pkg/,1001141588,100.00,,
   109.136199908,12.54,Joules,power/energy-pkg/,1001237307,100.00,,
   110.137585845,50.84,Joules,power/energy-pkg/,1001295529,100.00,,
   111.137767698,42.06,Joules,power/energy-pkg/,1000172583,100.00,,
   112.138846055,49.20,Joules,power/energy-pkg/,1001060258,100.00,,
   113.139922438,55.46,Joules,power/energy-pkg/,1001066672,100.00,,
   114.141068841,43.36,Joules,power/energy-pkg/,1001143002,100.00,,
   115.141675042,50.45,Joules,power/energy-pkg/,1000589830,100.00,,
   116.142826228,65.09,Joules,power/energy-pkg/,1001168010,100.00,,
   117.144011789,75.71,Joules,power/energy-pkg/,1001174563,100.00,,
   118.145202281,48.83,Joules,power/energy-pkg/,1001159038,100.00,,
   119.145748633,57.38,Joules,power/energy-pkg/,1000555157,100.00,,
   120.146859783,61.71,Joules,power/energy-pkg/,1001090888,100.00,,
   121.148010744,42.99,Joules,power/energy-pkg/,1001137545,100.00,,
   122.149094494,61.87,Joules,power/energy-pkg/,1001066117,100.00,,
   123.149685089,64.94,Joules,power/energy-pkg/,1000580694,100.00,,
   124.150843503,62.06,Joules,power/energy-pkg/,1001154888,100.00,,
   125.151997461,47.95,Joules,power/energy-pkg/,1001140992,100.00,,
   126.153130325,65.20,Joules,power/energy-pkg/,1001146040,100.00,,
   127.153759561,60.59,Joules,power/energy-pkg/,1000591973,100.00,,
   128.154826523,65.08,Joules,power/energy-pkg/,1001074276,100.00,,
   129.156008502,59.24,Joules,power/energy-pkg/,1001160122,100.00,,
   130.157082311,53.08,Joules,power/energy-pkg/,1001059115,100.00,,
   131.157762290,46.76,Joules,power/energy-pkg/,1000670405,100.00,,
   132.158899823,45.43,Joules,power/energy-pkg/,1001135039,100.00,,
   133.160044105,58.96,Joules,power/energy-pkg/,1001145958,100.00,,
   134.161211772,51.31,Joules,power/energy-pkg/,1001145595,100.00,,
   135.161754169,42.41,Joules,power/energy-pkg/,1000526002,100.00,,
   136.162897107,49.94,Joules,power/energy-pkg/,1001139030,100.00,,
   137.164063838,32.88,Joules,power/energy-pkg/,1001177045,100.00,,
   138.165392214,16.35,Joules,power/energy-pkg/,1001317109,100.00,,
   139.165765585,33.96,Joules,power/energy-pkg/,1000340925,100.00,,
   140.166904867,54.67,Joules,power/energy-pkg/,1001154459,100.00,,
   141.168082900,52.95,Joules,power/energy-pkg/,1001147690,100.00,,
   142.169210927,55.96,Joules,power/energy-pkg/,1001136070,100.00,,
   143.169746716,58.93,Joules,power/energy-pkg/,1000524477,100.00,,
   144.170918010,36.57,Joules,power/energy-pkg/,1001146057,100.00,,
   145.171430211,32.35,Joules,power/energy-pkg/,1000511744,100.00,,
   146.172640100,44.63,Joules,power/energy-pkg/,1001259098,100.00,,
   147.173745307,42.39,Joules,power/energy-pkg/,1001044805,100.00,,
   148.174905797,49.60,Joules,power/energy-pkg/,1001138714,100.00,,
   149.175475146,55.24,Joules,power/energy-pkg/,1000615239,100.00,,
   150.176586817,55.64,Joules,power/energy-pkg/,1001052889,100.00,,
   151.177735637,54.27,Joules,power/energy-pkg/,1001146400,100.00,,
   152.178908514,48.62,Joules,power/energy-pkg/,1001143154,100.00,,
   153.180040414,43.60,Joules,power/energy-pkg/,1001135655,100.00,,
   154.180548438,34.31,Joules,power/energy-pkg/,1000496849,100.00,,
   155.181755187,41.07,Joules,power/energy-pkg/,1001253371,100.00,,
   156.182907238,36.27,Joules,power/energy-pkg/,1001069461,100.00,,
   157.183865696,61.39,Joules,power/energy-pkg/,1000968324,100.00,,
   158.184984951,55.32,Joules,power/energy-pkg/,1001161699,100.00,,
   159.185679579,78.46,Joules,power/energy-pkg/,1000629039,100.00,,
   160.186166190,72.68,Joules,power/energy-pkg/,1000477673,100.00,,
   161.187266411,72.08,Joules,power/energy-pkg/,1001074861,100.00,,
   162.188427814,47.99,Joules,power/energy-pkg/,1001155372,100.00,,
   163.189500488,64.22,Joules,power/energy-pkg/,1001076555,100.00,,
   164.190760722,48.86,Joules,power/energy-pkg/,1001258573,100.00,,
   165.192007365,41.73,Joules,power/energy-pkg/,1001211306,100.00,,
   166.193082601,52.85,Joules,power/energy-pkg/,1001067140,100.00,,
   167.193756037,64.96,Joules,power/energy-pkg/,1000679836,100.00,,
   168.194928552,66.08,Joules,power/energy-pkg/,1001147252,100.00,,
   169.196088662,53.72,Joules,power/energy-pkg/,1001150556,100.00,,
   170.197232167,39.84,Joules,power/energy-pkg/,1001143187,100.00,,
   171.197763036,48.71,Joules,power/energy-pkg/,1000511090,100.00,,
   172.198835989,59.63,Joules,power/energy-pkg/,1001063816,100.00,,
   173.199996014,33.23,Joules,power/energy-pkg/,1001174252,100.00,,
   174.201193207,37.31,Joules,power/energy-pkg/,1001166973,100.00,,
   175.201757035,54.29,Joules,power/energy-pkg/,1000550518,100.00,,
   176.202823343,26.80,Joules,power/energy-pkg/,1001056789,100.00,,
   177.204029458,24.72,Joules,power/energy-pkg/,1001222696,100.00,,
   178.205365432,39.14,Joules,power/energy-pkg/,1001306501,100.00,,
   179.205769370,59.06,Joules,power/energy-pkg/,1000408121,100.00,,
   180.206956263,43.95,Joules,power/energy-pkg/,1001163734,100.00,,
   181.208124353,55.40,Joules,power/energy-pkg/,1001155854,100.00,,
   182.209271504,34.34,Joules,power/energy-pkg/,1001139969,100.00,,
   183.209750407,26.41,Joules,power/energy-pkg/,1000492874,100.00,,
   184.210920488,63.72,Joules,power/energy-pkg/,1001135995,100.00,,
   185.212073698,31.67,Joules,power/energy-pkg/,1001145121,100.00,,
   186.213209075,53.23,Joules,power/energy-pkg/,1001126921,100.00,,
   187.213689450,41.27,Joules,power/energy-pkg/,1000477701,100.00,,
   188.214842542,54.03,Joules,power/energy-pkg/,1001135551,100.00,,
   189.216004334,28.68,Joules,power/energy-pkg/,1001172521,100.00,,
   190.217168304,44.91,Joules,power/energy-pkg/,1001152495,100.00,,
   191.217677727,31.82,Joules,power/energy-pkg/,1000481484,100.00,,
   192.218843284,56.52,Joules,power/energy-pkg/,1001169029,100.00,,
   193.219950424,53.45,Joules,power/energy-pkg/,1001081642,100.00,,
   194.221120390,49.40,Joules,power/energy-pkg/,1001162626,100.00,,
   195.221867201,32.76,Joules,power/energy-pkg/,1000781054,100.00,,
   196.223057897,26.56,Joules,power/energy-pkg/,1001144866,100.00,,
   197.224161141,37.08,Joules,power/energy-pkg/,1001084145,100.00,,
   198.225317058,47.63,Joules,power/energy-pkg/,1001172230,100.00,,
   199.225751832,52.12,Joules,power/energy-pkg/,1000423726,100.00,,
   200.226859326,65.03,Joules,power/energy-pkg/,1001077396,100.00,,
   201.228033485,64.56,Joules,power/energy-pkg/,1001169232,100.00,,
   202.229190463,33.93,Joules,power/energy-pkg/,1001141790,100.00,,
   203.229766502,61.90,Joules,power/energy-pkg/,1000564164,100.00,,
   204.230903535,56.22,Joules,power/energy-pkg/,1001135463,100.00,,
   205.231980635,32.48,Joules,power/energy-pkg/,1001063191,100.00,,
   206.233145778,28.07,Joules,power/energy-pkg/,1001157587,100.00,,
   207.233675947,49.89,Joules,power/energy-pkg/,1000518354,100.00,,
   208.234842392,18.79,Joules,power/energy-pkg/,1001162932,100.00,,
   209.235987546,48.40,Joules,power/energy-pkg/,1001150208,100.00,,
   210.237155075,61.04,Joules,power/energy-pkg/,1001139879,100.00,,
   211.237770797,26.75,Joules,power/energy-pkg/,1000603437,100.00,,
   212.238919427,46.92,Joules,power/energy-pkg/,1001158218,100.00,,
   213.240089349,33.79,Joules,power/energy-pkg/,1001166350,100.00,,
   214.241272795,69.66,Joules,power/energy-pkg/,1001173045,100.00,,
   215.241763201,64.18,Joules,power/energy-pkg/,1000458943,100.00,,
   216.242923320,41.98,Joules,power/energy-pkg/,1001153021,100.00,,
   217.244007180,51.74,Joules,power/energy-pkg/,1001071471,100.00,,
   218.245165814,42.85,Joules,power/energy-pkg/,1001169276,100.00,,
   219.245760600,43.23,Joules,power/energy-pkg/,1000566923,100.00,,
   220.246926261,49.91,Joules,power/energy-pkg/,1001157456,100.00,,
   221.248069747,51.99,Joules,power/energy-pkg/,1001159605,100.00,,
   222.249188735,66.94,Joules,power/energy-pkg/,1001080968,100.00,,
   223.249674780,65.31,Joules,power/energy-pkg/,1000476512,100.00,,
   224.250830895,71.42,Joules,power/energy-pkg/,1001160296,100.00,,
   225.251913097,48.97,Joules,power/energy-pkg/,1001060860,100.00,,
   226.253003385,51.12,Joules,power/energy-pkg/,1001080682,100.00,,
   227.253761229,55.11,Joules,power/energy-pkg/,1000748141,100.00,,
   228.254907753,32.78,Joules,power/energy-pkg/,1001162722,100.00,,
   229.256078801,69.52,Joules,power/energy-pkg/,1001158836,100.00,,
   230.257262989,69.07,Joules,power/energy-pkg/,1001176444,100.00,,
   231.257769322,62.02,Joules,power/energy-pkg/,1000474865,100.00,,
   232.258927426,50.44,Joules,power/energy-pkg/,1001151648,100.00,,
   233.260075844,33.97,Joules,power/energy-pkg/,1001139633,100.00,,
   234.261219546,59.72,Joules,power/energy-pkg/,1001153976,100.00,,
   235.261739519,71.19,Joules,power/energy-pkg/,1000512008,100.00,,
   236.262924678,63.53,Joules,power/energy-pkg/,1001171162,100.00,,
   237.264092375,44.29,Joules,power/energy-pkg/,1001142761,100.00,,
   238.265242032,50.66,Joules,power/energy-pkg/,1001141153,100.00,,
   239.265749331,37.89,Joules,power/energy-pkg/,1000491792,100.00,,
   240.266816804,67.86,Joules,power/energy-pkg/,1001060484,100.00,,
   241.267963211,60.63,Joules,power/energy-pkg/,1001158924,100.00,,
   242.269146512,35.44,Joules,power/energy-pkg/,1001152633,100.00,,
   243.269748726,53.57,Joules,power/energy-pkg/,1000612689,100.00,,
   244.270842480,64.02,Joules,power/energy-pkg/,1001066930,100.00,,
   245.272016783,39.97,Joules,power/energy-pkg/,1001164934,100.00,,
   246.273162888,61.23,Joules,power/energy-pkg/,1001159226,100.00,,
   247.274465801,36.41,Joules,power/energy-pkg/,1001296324,100.00,,
   248.275721084,40.21,Joules,power/energy-pkg/,1001218383,100.00,,
   249.276802317,68.81,Joules,power/energy-pkg/,1001958667,100.00,,
   250.278869686,72.44,Joules,power/energy-pkg/,1001193224,100.00,,
   251.279968923,55.41,Joules,power/energy-pkg/,1001072415,100.00,,
   252.281141499,43.37,Joules,power/energy-pkg/,1001163204,100.00,,
   253.281773360,42.24,Joules,power/energy-pkg/,1000621273,100.00,,
   254.282850126,66.59,Joules,power/energy-pkg/,1001066392,100.00,,
   255.283942614,72.54,Joules,power/energy-pkg/,1001116619,100.00,,
   256.285128938,64.32,Joules,power/energy-pkg/,1001164435,100.00,,
   257.286305798,60.27,Joules,power/energy-pkg/,1001146972,100.00,,
   258.287464304,52.15,Joules,power/energy-pkg/,1001173003,100.00,,
   259.288660924,26.75,Joules,power/energy-pkg/,1001181544,100.00,,
   260.289674217,42.81,Joules,power/energy-pkg/,1000988032,100.00,,
   261.289816190,49.35,Joules,power/energy-pkg/,1000153023,100.00,,
   262.291012012,31.82,Joules,power/energy-pkg/,1001186783,100.00,,
   263.292145308,41.92,Joules,power/energy-pkg/,1001120010,100.00,,
   264.293334096,46.96,Joules,power/energy-pkg/,1001191892,100.00,,
   265.293719679,55.39,Joules,power/energy-pkg/,1000363771,100.00,,
   266.294902185,37.62,Joules,power/energy-pkg/,1001174098,100.00,,
   267.296057264,48.21,Joules,power/energy-pkg/,1001152594,100.00,,
   268.296256370,45.12,Joules,power/energy-pkg/,1000234134,100.00,,
   269.296706370,36.19,Joules,power/energy-pkg/,1000453772,100.00,,
   270.297773846,37.39,Joules,power/energy-pkg/,1000983431,100.00,,
   271.298945204,40.53,Joules,power/energy-pkg/,1001161506,100.00,,
   272.300092066,34.49,Joules,power/energy-pkg/,1001141018,100.00,,
   273.301174000,46.05,Joules,power/energy-pkg/,1001098029,100.00,,
   274.301761375,58.26,Joules,power/energy-pkg/,1000562200,100.00,,
   275.302920967,50.56,Joules,power/energy-pkg/,1001161789,100.00,,
   276.304026800,59.23,Joules,power/energy-pkg/,1001073042,100.00,,
   277.305192243,60.82,Joules,power/energy-pkg/,1001157806,100.00,,
   278.305674723,61.16,Joules,power/energy-pkg/,1000469365,100.00,,
   279.306818869,51.47,Joules,power/energy-pkg/,1001157308,100.00,,
   280.307991508,50.05,Joules,power/energy-pkg/,1001145367,100.00,,
   281.309190087,31.07,Joules,power/energy-pkg/,1001209330,100.00,,
   282.309769057,32.62,Joules,power/energy-pkg/,1000546641,100.00,,
   283.310922550,50.96,Joules,power/energy-pkg/,1001149472,100.00,,
   284.311999626,55.24,Joules,power/energy-pkg/,1001063535,100.00,,
   285.313157268,52.71,Joules,power/energy-pkg/,1001153075,100.00,,
   286.313736274,55.82,Joules,power/energy-pkg/,1000586039,100.00,,
   287.314903671,56.76,Joules,power/energy-pkg/,1001144992,100.00,,
   288.316062724,33.15,Joules,power/energy-pkg/,1001143773,100.00,,
   289.317202221,48.52,Joules,power/energy-pkg/,1001150837,100.00,,
   290.318380309,54.37,Joules,power/energy-pkg/,1001153796,100.00,,
   291.319573892,17.17,Joules,power/energy-pkg/,1001203286,100.00,,
   292.320894273,33.10,Joules,power/energy-pkg/,1001291198,100.00,,
   293.321764765,19.63,Joules,power/energy-pkg/,1000856953,100.00,,
   294.322836335,49.79,Joules,power/energy-pkg/,1001081010,100.00,,
   295.324023775,66.02,Joules,power/energy-pkg/,1001166731,100.00,,
   296.325170216,40.80,Joules,power/energy-pkg/,1001155943,100.00,,
   297.325766675,25.49,Joules,power/energy-pkg/,1000565496,100.00,,
   298.326926602,42.26,Joules,power/energy-pkg/,1001171011,100.00,,
   299.328102580,46.57,Joules,power/energy-pkg/,1001153895,100.00,,
   300.329437300,24.77,Joules,power/energy-pkg/,1001344566,100.00,,
   301.330793512,48.71,Joules,power/energy-pkg/,1001345889,100.00,,
   302.331982036,60.38,Joules,power/energy-pkg/,1001156875,100.00,,
   303.333133819,34.62,Joules,power/energy-pkg/,1001141797,100.00,,
   304.333766225,61.05,Joules,power/energy-pkg/,1000638738,100.00,,
   305.334947106,50.94,Joules,power/energy-pkg/,1001161014,100.00,,
   306.336091453,42.38,Joules,power/energy-pkg/,1001132718,100.00,,
   307.337246590,46.43,Joules,power/energy-pkg/,1001167935,100.00,,
   308.337778319,44.58,Joules,power/energy-pkg/,1000498382,100.00,,
   309.338854445,65.07,Joules,power/energy-pkg/,1001087932,100.00,,
   310.339967650,55.92,Joules,power/energy-pkg/,1001084068,100.00,,
   311.341109998,17.80,Joules,power/energy-pkg/,1001155256,100.00,,
   312.341773865,41.40,Joules,power/energy-pkg/,1000634026,100.00,,
   313.342926405,43.33,Joules,power/energy-pkg/,1001150947,100.00,,
   314.344014182,64.75,Joules,power/energy-pkg/,1001091748,100.00,,
   315.345198576,66.13,Joules,power/energy-pkg/,1001182323,100.00,,
   316.345675909,48.38,Joules,power/energy-pkg/,1000442439,100.00,,
   317.346836743,44.26,Joules,power/energy-pkg/,1001160897,100.00,,
   318.348005378,26.24,Joules,power/energy-pkg/,1001155952,100.00,,
   319.348474792,52.38,Joules,power/energy-pkg/,1000511171,100.00,,
   320.349715157,41.76,Joules,power/energy-pkg/,1001176962,100.00,,
   321.350870318,47.35,Joules,power/energy-pkg/,1001172118,100.00,,
   322.351995011,57.29,Joules,power/energy-pkg/,1001089475,100.00,,
   323.353078912,69.08,Joules,power/energy-pkg/,1001077514,100.00,,
   324.353757078,51.43,Joules,power/energy-pkg/,1000665087,100.00,,
   325.354823321,47.51,Joules,power/energy-pkg/,1001057252,100.00,,
   326.355903793,59.27,Joules,power/energy-pkg/,1001088020,100.00,,
   327.357074304,60.78,Joules,power/energy-pkg/,1001165506,100.00,,
   328.357674259,46.89,Joules,power/energy-pkg/,1000572786,100.00,,
   329.358890177,37.03,Joules,power/energy-pkg/,1001231745,100.00,,
   330.360151126,22.21,Joules,power/energy-pkg/,1001231935,100.00,,
   331.361303145,39.08,Joules,power/energy-pkg/,1001158833,100.00,,
   332.361767096,20.03,Joules,power/energy-pkg/,1000438050,100.00,,
   333.362859239,61.72,Joules,power/energy-pkg/,1001081024,100.00,,
   334.364020118,42.11,Joules,power/energy-pkg/,1001155967,100.00,,
   335.365192015,23.63,Joules,power/energy-pkg/,1001175756,100.00,,
   336.365754292,44.41,Joules,power/energy-pkg/,1000560381,100.00,,
   337.366917512,64.87,Joules,power/energy-pkg/,1001164150,100.00,,
   338.368112132,21.90,Joules,power/energy-pkg/,1001158649,100.00,,
   339.369270595,52.70,Joules,power/energy-pkg/,1001165779,100.00,,
   340.369674752,57.56,Joules,power/energy-pkg/,1000374264,100.00,,
   341.370836541,50.58,Joules,power/energy-pkg/,1001156074,100.00,,
   342.371907527,28.77,Joules,power/energy-pkg/,1001058033,100.00,,
   343.373032367,24.22,Joules,power/energy-pkg/,1001139137,100.00,,
   344.373748048,38.43,Joules,power/energy-pkg/,1000721377,100.00,,
   345.374867440,54.19,Joules,power/energy-pkg/,1001075170,100.00,,
   346.376025511,39.32,Joules,power/energy-pkg/,1001151143,100.00,,
   347.377105860,20.00,Joules,power/energy-pkg/,1001081108,100.00,,
   348.377675435,52.93,Joules,power/energy-pkg/,1000549416,100.00,,
   349.378836814,49.39,Joules,power/energy-pkg/,1001158869,100.00,,
   350.379909920,43.75,Joules,power/energy-pkg/,1001058536,100.00,,
   351.381018562,57.19,Joules,power/energy-pkg/,1001159834,100.00,,
   352.381678276,67.43,Joules,power/energy-pkg/,1000607820,100.00,,
   353.382854685,75.42,Joules,power/energy-pkg/,1001177972,100.00,,
   354.383958678,66.95,Joules,power/energy-pkg/,1001081263,100.00,,
   355.385056246,73.23,Joules,power/energy-pkg/,1001092642,100.00,,
   356.385763242,63.25,Joules,power/energy-pkg/,1000681982,100.00,,
   357.386893918,52.86,Joules,power/energy-pkg/,1001145885,100.00,,
   358.387987735,50.55,Joules,power/energy-pkg/,1001062097,100.00,,
   359.389144953,44.39,Joules,power/energy-pkg/,1001151155,100.00,,
   360.389683501,55.74,Joules,power/energy-pkg/,1000545684,100.00,,
   361.390862229,62.71,Joules,power/energy-pkg/,1001155184,100.00,,
   362.391227753,51.78,Joules,power/energy-pkg/,1000409205,100.00,,
   363.392367024,67.99,Joules,power/energy-pkg/,1001076331,100.00,,
   364.393458242,82.82,Joules,power/energy-pkg/,1001082628,100.00,,
   365.393766818,73.94,Joules,power/energy-pkg/,1000299291,100.00,,
   366.394838295,59.31,Joules,power/energy-pkg/,1001062119,100.00,,
   367.396039976,34.05,Joules,power/energy-pkg/,1001215765,100.00,,
   368.397366767,32.00,Joules,power/energy-pkg/,1001305186,100.00,,
   369.397675556,38.36,Joules,power/energy-pkg/,1000291378,100.00,,
   370.398772252,50.50,Joules,power/energy-pkg/,1001089562,100.00,,
   371.399858304,66.96,Joules,power/energy-pkg/,1001076674,100.00,,
   372.401034086,68.93,Joules,power/energy-pkg/,1001173867,100.00,,
   373.401754833,61.02,Joules,power/energy-pkg/,1000723184,100.00,,
   374.402860806,52.93,Joules,power/energy-pkg/,1001078556,100.00,,
   375.404016925,53.29,Joules,power/energy-pkg/,1001153295,100.00,,
   376.405169181,59.81,Joules,power/energy-pkg/,1001150003,100.00,,
   377.405675667,38.98,Joules,power/energy-pkg/,1000487155,100.00,,
   378.406768317,41.50,Joules,power/energy-pkg/,1001084175,100.00,,
   379.407924403,45.99,Joules,power/energy-pkg/,1001157121,100.00,,
   380.409070711,54.07,Joules,power/energy-pkg/,1001132520,100.00,,
   381.409764272,48.44,Joules,power/energy-pkg/,1000680191,100.00,,
   382.411046885,48.89,Joules,power/energy-pkg/,1001300870,100.00,,
   383.412390736,28.11,Joules,power/energy-pkg/,1001331764,100.00,,
   384.413712356,44.39,Joules,power/energy-pkg/,1001305246,100.00,,
   385.414874475,51.10,Joules,power/energy-pkg/,1001146379,100.00,,
   386.415951263,51.16,Joules,power/energy-pkg/,1001061575,100.00,,
   387.417033274,53.00,Joules,power/energy-pkg/,1001072831,100.00,,
   388.417680869,65.11,Joules,power/energy-pkg/,1000639293,100.00,,
   389.418941195,62.63,Joules,power/energy-pkg/,1001272599,100.00,,
   390.420124166,43.37,Joules,power/energy-pkg/,1001160980,100.00,,
   391.421300600,38.69,Joules,power/energy-pkg/,1001168157,100.00,,
   392.421735572,51.69,Joules,power/energy-pkg/,1000449936,100.00,,
   393.422910876,46.54,Joules,power/energy-pkg/,1001139868,100.00,,
   394.423979186,39.95,Joules,power/energy-pkg/,1001055862,100.00,,
   395.425049348,32.59,Joules,power/energy-pkg/,1001061625,100.00,,
   396.425676927,55.14,Joules,power/energy-pkg/,1000635450,100.00,,
   397.426850585,47.35,Joules,power/energy-pkg/,1001152498,100.00,,
   398.428000478,42.23,Joules,power/energy-pkg/,1001141475,100.00,,
   399.429155861,37.61,Joules,power/energy-pkg/,1001145126,100.00,,
   400.429760259,42.79,Joules,power/energy-pkg/,1000593376,100.00,,
   401.430904763,46.70,Joules,power/energy-pkg/,1001140014,100.00,,
   402.431973399,54.04,Joules,power/energy-pkg/,1001057968,100.00,,
   403.433136701,47.30,Joules,power/energy-pkg/,1001159188,100.00,,
   404.433751615,49.11,Joules,power/energy-pkg/,1000620539,100.00,,
   405.434913550,47.19,Joules,power/energy-pkg/,1001140687,100.00,,
   406.436062930,49.81,Joules,power/energy-pkg/,1001140443,100.00,,
   407.437141551,68.55,Joules,power/energy-pkg/,1001066481,100.00,,
   408.437747691,50.67,Joules,power/energy-pkg/,1000618559,100.00,,
   409.438936643,55.06,Joules,power/energy-pkg/,1001167330,100.00,,
   410.440022415,45.74,Joules,power/energy-pkg/,1001068914,100.00,,
   411.441171647,45.09,Joules,power/energy-pkg/,1001145323,100.00,,
   412.441749667,47.13,Joules,power/energy-pkg/,1000563839,100.00,,
   413.442892285,59.94,Joules,power/energy-pkg/,1001140129,100.00,,
   414.444035749,32.64,Joules,power/energy-pkg/,1001137808,100.00,,
   415.445179426,57.34,Joules,power/energy-pkg/,1001154008,100.00,,
   416.445674969,65.96,Joules,power/energy-pkg/,1000460635,100.00,,
   417.446826535,46.21,Joules,power/energy-pkg/,1001146460,100.00,,
   418.447893824,56.09,Joules,power/energy-pkg/,1001070445,100.00,,
   419.449074688,53.36,Joules,power/energy-pkg/,1001164960,100.00,,
   420.449755967,40.00,Joules,power/energy-pkg/,1000669457,100.00,,
   421.450919366,47.59,Joules,power/energy-pkg/,1001175895,100.00,,
   422.452091233,67.78,Joules,power/energy-pkg/,1001144861,100.00,,
   423.453340033,32.79,Joules,power/energy-pkg/,1001262190,100.00,,
   424.454214342,25.16,Joules,power/energy-pkg/,1000897609,100.00,,
   425.455349081,36.99,Joules,power/energy-pkg/,1001086788,100.00,,
   426.456465794,56.38,Joules,power/energy-pkg/,1001089943,100.00,,
   427.456920614,47.73,Joules,power/energy-pkg/,1000500682,100.00,,
   428.457749860,30.22,Joules,power/energy-pkg/,1000765800,100.00,,
   429.458923679,41.47,Joules,power/energy-pkg/,1001188607,100.00,,
   430.460102876,56.35,Joules,power/energy-pkg/,1001169067,100.00,,
   431.461266873,45.94,Joules,power/energy-pkg/,1001142714,100.00,,
   432.461677918,45.84,Joules,power/energy-pkg/,1000395521,100.00,,
   433.462841845,50.53,Joules,power/energy-pkg/,1001178899,100.00,,
   434.464004603,49.28,Joules,power/energy-pkg/,1001152792,100.00,,
   435.465177421,51.76,Joules,power/energy-pkg/,1001148615,100.00,,
   436.465763407,46.08,Joules,power/energy-pkg/,1000589481,100.00,,
   437.466919852,46.33,Joules,power/energy-pkg/,1001166068,100.00,,
   438.468034688,75.44,Joules,power/energy-pkg/,1001072077,100.00,,
   439.469200223,71.96,Joules,power/energy-pkg/,1001163041,100.00,,
   440.469683555,65.54,Joules,power/energy-pkg/,1000469762,100.00,,
   441.470773780,78.21,Joules,power/energy-pkg/,1001097228,100.00,,
   442.471952749,67.70,Joules,power/energy-pkg/,1001156063,100.00,,
   443.473100083,34.57,Joules,power/energy-pkg/,1001141819,100.00,,
   444.473757220,39.22,Joules,power/energy-pkg/,1000643089,100.00,,
   445.474898532,37.95,Joules,power/energy-pkg/,1001135865,100.00,,
   446.476037861,52.16,Joules,power/energy-pkg/,1001133221,100.00,,
   447.477109475,54.66,Joules,power/energy-pkg/,1001059631,100.00,,
   448.477674206,75.12,Joules,power/energy-pkg/,1000571924,100.00,,
   449.478843082,64.93,Joules,power/energy-pkg/,1001150005,100.00,,
   450.479916039,43.41,Joules,power/energy-pkg/,1001060047,100.00,,
   451.480999941,47.34,Joules,power/energy-pkg/,1001075200,100.00,,
   452.481764556,50.26,Joules,power/energy-pkg/,1000755653,100.00,,
   453.482909088,42.13,Joules,power/energy-pkg/,1001142801,100.00,,
   454.484067633,30.56,Joules,power/energy-pkg/,1001154983,100.00,,
   455.485230920,57.77,Joules,power/energy-pkg/,1001155451,100.00,,
   456.485760231,56.44,Joules,power/energy-pkg/,1000509732,100.00,,
   457.486900083,26.02,Joules,power/energy-pkg/,1001137946,100.00,,
   458.488047523,53.80,Joules,power/energy-pkg/,1001157573,100.00,,
   459.489222601,42.79,Joules,power/energy-pkg/,1001146791,100.00,,
   460.489761105,50.55,Joules,power/energy-pkg/,1000528227,100.00,,
   461.490909934,32.52,Joules,power/energy-pkg/,1001141675,100.00,,
   462.491978051,33.95,Joules,power/energy-pkg/,1001057914,100.00,,
   463.493142850,51.86,Joules,power/energy-pkg/,1001164132,100.00,,
   464.493759737,35.58,Joules,power/energy-pkg/,1000602960,100.00,,
   465.494847053,34.61,Joules,power/energy-pkg/,1001078777,100.00,,
   466.496006054,49.66,Joules,power/energy-pkg/,1001156829,100.00,,
   467.497171686,31.04,Joules,power/energy-pkg/,1001154717,100.00,,
   468.497769262,36.79,Joules,power/energy-pkg/,1000587547,100.00,,
   469.498863121,27.80,Joules,power/energy-pkg/,1001084181,100.00,,
   470.500030205,31.46,Joules,power/energy-pkg/,1001191934,100.00,,
   471.501456942,26.41,Joules,power/energy-pkg/,1001410927,100.00,,
   472.502993726,15.16,Joules,power/energy-pkg/,1001529559,100.00,,
   473.504253933,13.75,Joules,power/energy-pkg/,1001224455,100.00,,
   474.505421140,25.99,Joules,power/energy-pkg/,1001181194,100.00,,
   475.505769357,33.02,Joules,power/energy-pkg/,1000317663,100.00,,
   476.507076013,23.06,Joules,power/energy-pkg/,1001325882,100.00,,
   477.508435264,12.53,Joules,power/energy-pkg/,1001347499,100.00,,
   478.509691057,13.28,Joules,power/energy-pkg/,1001225162,100.00,,
   479.510781240,19.97,Joules,power/energy-pkg/,1001081743,100.00,,
   480.512107346,11.29,Joules,power/energy-pkg/,1001344897,100.00,,
   481.513614081,18.87,Joules,power/energy-pkg/,1001498447,100.00,,
   482.514971104,7.94,Joules,power/energy-pkg/,1001330575,100.00,,
   483.516139361,27.10,Joules,power/energy-pkg/,1001153506,100.00,,
   484.517293841,32.53,Joules,power/energy-pkg/,1001151114,100.00,,
   485.517761853,25.80,Joules,power/energy-pkg/,1000451458,100.00,,
   486.519061808,22.75,Joules,power/energy-pkg/,1001320624,100.00,,
   487.520322787,23.85,Joules,power/energy-pkg/,1001229055,100.00,,
   488.521517876,6.68,Joules,power/energy-pkg/,1001207098,100.00,,
   489.523007672,4.33,Joules,power/energy-pkg/,1001484547,100.00,,
   490.524340943,3.97,Joules,power/energy-pkg/,1001323818,100.00,,
   491.525695450,4.26,Joules,power/energy-pkg/,1001344106,100.00,,
   492.527092244,4.20,Joules,power/energy-pkg/,1001388999,100.00,,
   493.528462912,4.04,Joules,power/energy-pkg/,1001362783,100.00,,
   494.529800604,4.23,Joules,power/energy-pkg/,1001328639,100.00,,
   495.531174193,4.02,Joules,power/energy-pkg/,1001365807,100.00,,
   496.532514249,4.07,Joules,power/energy-pkg/,1001332126,100.00,,
   497.533953915,4.30,Joules,power/energy-pkg/,1001436501,100.00,,
   498.535452348,3.76,Joules,power/energy-pkg/,1001490346,100.00,,
   499.536799891,3.85,Joules,power/energy-pkg/,1001334350,100.00,,
   500.538128111,3.56,Joules,power/energy-pkg/,1001375078,100.00,,
   501.539741548,4.14,Joules,power/energy-pkg/,1001554488,100.00,,
   502.541115616,4.12,Joules,power/energy-pkg/,1001362937,100.00,,
   503.541790792,3.87,Joules,power/energy-pkg/,1000669238,100.00,,
   504.542950605,3.99,Joules,power/energy-pkg/,1001250111,100.00,,
   505.544557589,3.79,Joules,power/energy-pkg/,1001502695,100.00,,
   506.545842191,3.62,Joules,power/energy-pkg/,1001270608,100.00,,
   507.547240499,4.33,Joules,power/energy-pkg/,1001392607,100.00,,
   508.548613054,3.92,Joules,power/energy-pkg/,1001363624,100.00,,
   509.550073419,3.82,Joules,power/energy-pkg/,1001456429,100.00,,
   510.551448710,3.72,Joules,power/energy-pkg/,1001365435,100.00,,
   511.552986722,4.07,Joules,power/energy-pkg/,1001532382,100.00,,
   512.554367358,3.99,Joules,power/energy-pkg/,1001371907,100.00,,
   513.555879574,3.86,Joules,power/energy-pkg/,1001504589,100.00,,
   514.557236274,4.24,Joules,power/energy-pkg/,1001347185,100.00,,
   515.558733460,3.51,Joules,power/energy-pkg/,1001490674,100.00,,
   516.560080137,3.57,Joules,power/energy-pkg/,1001336179,100.00,,
   517.561453689,3.57,Joules,power/energy-pkg/,1001366948,100.00,,
