# started on Fri Apr  7 18:18:10 2023

     1.001018308,21.29,Joules,power/energy-pkg/,1001041939,100.00,,
     2.002115673,21.62,Joules,power/energy-pkg/,1001077555,100.00,,
     3.002860353,20.15,Joules,power/energy-pkg/,1000751661,100.00,,
     4.003934018,21.39,Joules,power/energy-pkg/,1001088363,100.00,,
     5.005038332,22.53,Joules,power/energy-pkg/,1001079036,100.00,,
     6.006114907,21.76,Joules,power/energy-pkg/,1001075332,100.00,,
     7.006852336,22.26,Joules,power/energy-pkg/,1000720183,100.00,,
     8.007937285,18.34,Joules,power/energy-pkg/,1001090171,100.00,,
     9.009022782,20.95,Joules,power/energy-pkg/,1001069667,100.00,,
    10.010109398,21.49,Joules,power/energy-pkg/,1001103084,100.00,,
    11.010881302,21.00,Joules,power/energy-pkg/,1000750711,100.00,,
    12.011975227,21.12,Joules,power/energy-pkg/,1001101022,100.00,,
    13.013076817,18.22,Joules,power/energy-pkg/,1001093610,100.00,,
    14.014176602,18.84,Joules,power/energy-pkg/,1001090930,100.00,,
    15.014861600,16.48,Joules,power/energy-pkg/,1000696345,100.00,,
    16.015951462,16.68,Joules,power/energy-pkg/,1001063188,100.00,,
    17.017035782,18.90,Joules,power/energy-pkg/,1001092063,100.00,,
    18.018120922,18.72,Joules,power/energy-pkg/,1001070238,100.00,,
    19.018909596,20.01,Joules,power/energy-pkg/,1000851425,100.00,,
    20.020046498,15.39,Joules,power/energy-pkg/,1001066528,100.00,,
    21.021161335,18.24,Joules,power/energy-pkg/,1001117465,100.00,,
    22.022254019,18.69,Joules,power/energy-pkg/,1001085713,100.00,,
    23.022868390,21.11,Joules,power/energy-pkg/,1000607946,100.00,,
    24.023952811,22.46,Joules,power/energy-pkg/,1001088036,100.00,,
    25.025053038,20.92,Joules,power/energy-pkg/,1001089621,100.00,,
    26.026143698,19.06,Joules,power/energy-pkg/,1001087602,100.00,,
    27.026886554,20.61,Joules,power/energy-pkg/,1000728043,100.00,,
    28.027965211,21.54,Joules,power/energy-pkg/,1001083832,100.00,,
    29.029044209,22.07,Joules,power/energy-pkg/,1001077986,100.00,,
    30.030130414,22.63,Joules,power/energy-pkg/,1001087196,100.00,,
    31.030873457,18.87,Joules,power/energy-pkg/,1000727447,100.00,,
    32.031972806,21.05,Joules,power/energy-pkg/,1001087563,100.00,,
    33.033059156,20.56,Joules,power/energy-pkg/,1001090460,100.00,,
    34.034157071,18.16,Joules,power/energy-pkg/,1001098692,100.00,,
    35.034864252,18.51,Joules,power/energy-pkg/,1000697644,100.00,,
    36.035937134,32.09,Joules,power/energy-pkg/,1001068393,100.00,,
    37.037040358,28.10,Joules,power/energy-pkg/,1001101323,100.00,,
    38.038115175,21.86,Joules,power/energy-pkg/,1001057073,100.00,,
    39.038871138,21.26,Joules,power/energy-pkg/,1000757613,100.00,,
    40.039956811,22.74,Joules,power/energy-pkg/,1001087662,100.00,,
    41.041038291,23.75,Joules,power/energy-pkg/,1001088696,100.00,,
    42.042138540,23.01,Joules,power/energy-pkg/,1001083400,100.00,,
    43.042861945,21.82,Joules,power/energy-pkg/,1000719760,100.00,,
    44.043936829,21.25,Joules,power/energy-pkg/,1001058385,100.00,,
    45.045003710,22.53,Joules,power/energy-pkg/,1001062247,100.00,,
    46.046071442,21.12,Joules,power/energy-pkg/,1001062585,100.00,,
    47.046850624,21.70,Joules,power/energy-pkg/,1000775205,100.00,,
    48.047921030,21.64,Joules,power/energy-pkg/,1001067568,100.00,,
    49.049015190,20.12,Joules,power/energy-pkg/,1001098121,100.00,,
    50.050102285,21.92,Joules,power/energy-pkg/,1001084642,100.00,,
    51.050863594,18.72,Joules,power/energy-pkg/,1000757276,100.00,,
    52.051951346,20.81,Joules,power/energy-pkg/,1001084206,100.00,,
    53.053039797,23.05,Joules,power/energy-pkg/,1001083429,100.00,,
    54.053144264,20.78,Joules,power/energy-pkg/,1000111284,100.00,,
    55.054262716,21.12,Joules,power/energy-pkg/,1001097426,100.00,,
    56.054863788,20.16,Joules,power/energy-pkg/,1000598127,100.00,,
    57.055948333,20.98,Joules,power/energy-pkg/,1001072393,100.00,,
    58.057013986,18.50,Joules,power/energy-pkg/,1001058931,100.00,,
    59.058095858,17.83,Joules,power/energy-pkg/,1001091421,100.00,,
    60.058867015,19.54,Joules,power/energy-pkg/,1000764768,100.00,,
    61.059961447,21.17,Joules,power/energy-pkg/,1001090028,100.00,,
    62.061039899,20.77,Joules,power/energy-pkg/,1001066811,100.00,,
    63.062132291,20.15,Joules,power/energy-pkg/,1001083271,100.00,,
    64.062876833,22.17,Joules,power/energy-pkg/,1000750397,100.00,,
    65.063968207,21.33,Joules,power/energy-pkg/,1001084745,100.00,,
    66.065044270,20.84,Joules,power/energy-pkg/,1001066468,100.00,,
    67.066157771,19.70,Joules,power/energy-pkg/,1001116331,100.00,,
    68.066851594,23.52,Joules,power/energy-pkg/,1000680308,100.00,,
    69.067929270,55.84,Joules,power/energy-pkg/,1001071750,100.00,,
    70.069016480,43.29,Joules,power/energy-pkg/,1001107979,100.00,,
    71.070106724,41.45,Joules,power/energy-pkg/,1001059329,100.00,,
    72.070869725,61.46,Joules,power/energy-pkg/,1000818200,100.00,,
    73.072143879,62.16,Joules,power/energy-pkg/,1001229538,100.00,,
    74.073355726,62.95,Joules,power/energy-pkg/,1001190373,100.00,,
    75.074459342,69.01,Joules,power/energy-pkg/,1001156095,100.00,,
    76.074856936,72.43,Joules,power/energy-pkg/,1000335847,100.00,,
    77.075955911,70.45,Joules,power/energy-pkg/,1001119529,100.00,,
    78.077156497,61.77,Joules,power/energy-pkg/,1001196116,100.00,,
    79.078287760,63.83,Joules,power/energy-pkg/,1001127480,100.00,,
    80.079042390,61.20,Joules,power/energy-pkg/,1000737956,100.00,,
    81.080180755,56.99,Joules,power/energy-pkg/,1001157946,100.00,,
    82.080823073,64.05,Joules,power/energy-pkg/,1000629611,100.00,,
    83.082145440,68.51,Joules,power/energy-pkg/,1001314424,100.00,,
    84.082882260,66.25,Joules,power/energy-pkg/,1000774525,100.00,,
    85.083443429,65.99,Joules,power/energy-pkg/,1000515538,100.00,,
    86.084729094,68.66,Joules,power/energy-pkg/,1001402952,100.00,,
    87.086050492,67.83,Joules,power/energy-pkg/,1001212606,100.00,,
    88.086872221,67.66,Joules,power/energy-pkg/,1000820875,100.00,,
    89.088074564,68.92,Joules,power/energy-pkg/,1001230035,100.00,,
    90.089444415,68.94,Joules,power/energy-pkg/,1001350873,100.00,,
    91.090416074,65.47,Joules,power/energy-pkg/,1000941503,100.00,,
    92.090861494,64.65,Joules,power/energy-pkg/,1000401817,100.00,,
    93.091973759,69.76,Joules,power/energy-pkg/,1001149193,100.00,,
    94.093138761,68.72,Joules,power/energy-pkg/,1001175146,100.00,,
    95.094486478,67.69,Joules,power/energy-pkg/,1001364702,100.00,,
    96.094871158,65.03,Joules,power/energy-pkg/,1000322832,100.00,,
    97.096070565,64.90,Joules,power/energy-pkg/,1001200037,100.00,,
    98.097191040,63.09,Joules,power/energy-pkg/,1001089016,100.00,,
    99.098301865,67.23,Joules,power/energy-pkg/,1001190244,100.00,,
   100.098866646,65.10,Joules,power/energy-pkg/,1000517816,100.00,,
   101.100052951,64.77,Joules,power/energy-pkg/,1001166066,100.00,,
   102.101293842,56.80,Joules,power/energy-pkg/,1001222978,100.00,,
   103.102457681,63.96,Joules,power/energy-pkg/,1001195629,100.00,,
   104.102880197,67.91,Joules,power/energy-pkg/,1000380138,100.00,,
   105.104035380,69.73,Joules,power/energy-pkg/,1001155682,100.00,,
   106.105250439,64.87,Joules,power/energy-pkg/,1001286578,100.00,,
   107.106582767,63.57,Joules,power/energy-pkg/,1001249368,100.00,,
   108.107122825,65.85,Joules,power/energy-pkg/,1000572866,100.00,,
   109.108374467,65.86,Joules,power/energy-pkg/,1001202669,100.00,,
   110.109515901,65.10,Joules,power/energy-pkg/,1001138807,100.00,,
   111.110645666,65.11,Joules,power/energy-pkg/,1001325883,100.00,,
   112.111980411,64.99,Joules,power/energy-pkg/,1001219168,100.00,,
   113.113325874,62.77,Joules,power/energy-pkg/,1001303693,100.00,,
   114.114570381,67.51,Joules,power/energy-pkg/,1001199315,100.00,,
   115.114877637,64.97,Joules,power/energy-pkg/,1000296422,100.00,,
   116.116119412,61.60,Joules,power/energy-pkg/,1001256210,100.00,,
   117.117443422,67.37,Joules,power/energy-pkg/,1001371795,100.00,,
   118.118871212,66.25,Joules,power/energy-pkg/,1001340422,100.00,,
   119.120038267,65.07,Joules,power/energy-pkg/,1001161351,100.00,,
   120.121145471,65.07,Joules,power/energy-pkg/,1001137742,100.00,,
   121.122336117,65.05,Joules,power/energy-pkg/,1001149529,100.00,,
   122.122855597,65.07,Joules,power/energy-pkg/,1000531896,100.00,,
   123.123962144,56.42,Joules,power/energy-pkg/,1001116850,100.00,,
   124.125089095,57.42,Joules,power/energy-pkg/,1001107097,100.00,,
   125.126286553,57.37,Joules,power/energy-pkg/,1001199783,100.00,,
   126.126882947,68.40,Joules,power/energy-pkg/,1000587284,100.00,,
   127.128067740,68.45,Joules,power/energy-pkg/,1001188251,100.00,,
   128.129413110,69.91,Joules,power/energy-pkg/,1001346665,100.00,,
   129.130038551,66.11,Joules,power/energy-pkg/,1000642093,100.00,,
   130.130928578,53.40,Joules,power/energy-pkg/,1000855172,100.00,,
   131.132079714,45.70,Joules,power/energy-pkg/,1001225841,100.00,,
   132.133468165,47.70,Joules,power/energy-pkg/,1001291912,100.00,,
   133.134608790,54.40,Joules,power/energy-pkg/,1001265511,100.00,,
   134.136100761,62.84,Joules,power/energy-pkg/,1001373693,100.00,,
   135.137316749,64.94,Joules,power/energy-pkg/,1001228245,100.00,,
   136.138656152,67.15,Joules,power/energy-pkg/,1001301809,100.00,,
   137.138892574,74.54,Joules,power/energy-pkg/,1000244205,100.00,,
   138.140128641,67.33,Joules,power/energy-pkg/,1001289478,100.00,,
   139.141421427,55.63,Joules,power/energy-pkg/,1001272129,100.00,,
   140.142653854,60.41,Joules,power/energy-pkg/,1001191488,100.00,,
   141.142904241,59.14,Joules,power/energy-pkg/,1000309509,100.00,,
   142.144142556,56.90,Joules,power/energy-pkg/,1001177834,100.00,,
   143.144986783,57.46,Joules,power/energy-pkg/,1000846069,100.00,,
   144.146258476,66.29,Joules,power/energy-pkg/,1001263292,100.00,,
   145.146893139,69.29,Joules,power/energy-pkg/,1000625556,100.00,,
   146.148232591,66.73,Joules,power/energy-pkg/,1003963316,100.00,,
   147.152140457,67.32,Joules,power/energy-pkg/,1001282590,100.00,,
   148.153383432,67.06,Joules,power/energy-pkg/,1001249718,100.00,,
   149.154715706,65.76,Joules,power/energy-pkg/,1001297041,100.00,,
   150.154874706,61.48,Joules,power/energy-pkg/,1000157519,100.00,,
   151.156195806,57.17,Joules,power/energy-pkg/,1001334870,100.00,,
   152.157480226,61.69,Joules,power/energy-pkg/,1001250276,100.00,,
   153.158629833,62.75,Joules,power/energy-pkg/,1001163730,100.00,,
   154.159680366,61.53,Joules,power/energy-pkg/,1001038202,100.00,,
   155.160963930,62.93,Joules,power/energy-pkg/,1001296254,100.00,,
   156.162278169,62.92,Joules,power/energy-pkg/,1001337003,100.00,,
   157.162897895,71.00,Joules,power/energy-pkg/,1000558442,100.00,,
   158.163688412,70.66,Joules,power/energy-pkg/,1000814640,100.00,,
   159.164911156,62.23,Joules,power/energy-pkg/,1001185224,100.00,,
   160.166007876,64.22,Joules,power/energy-pkg/,1001106007,100.00,,
   161.166897712,64.79,Joules,power/energy-pkg/,1000984923,100.00,,
   162.168242330,47.59,Joules,power/energy-pkg/,1001253063,100.00,,
   163.169520931,51.10,Joules,power/energy-pkg/,1001285832,100.00,,
   164.170903864,64.12,Joules,power/energy-pkg/,1001385419,100.00,,
   165.172376677,67.11,Joules,power/energy-pkg/,1001445314,100.00,,
   166.173695083,65.82,Joules,power/energy-pkg/,1001313465,100.00,,
   167.174876224,65.59,Joules,power/energy-pkg/,1001172645,100.00,,
   168.176035493,58.31,Joules,power/energy-pkg/,1001183330,100.00,,
   169.177021512,65.00,Joules,power/energy-pkg/,1000968208,100.00,,
   170.178275092,73.87,Joules,power/energy-pkg/,1001211754,100.00,,
   171.178868603,64.52,Joules,power/energy-pkg/,1000610202,100.00,,
   172.180047771,56.46,Joules,power/energy-pkg/,1001205285,100.00,,
   173.181355204,59.48,Joules,power/energy-pkg/,1001280350,100.00,,
   174.182620475,63.96,Joules,power/energy-pkg/,1001266140,100.00,,
   175.183970869,64.33,Joules,power/energy-pkg/,1001350522,100.00,,
   176.185263151,72.95,Joules,power/energy-pkg/,1001244916,100.00,,
   177.186397742,72.53,Joules,power/energy-pkg/,1001154344,100.00,,
   178.186918211,64.93,Joules,power/energy-pkg/,1000583900,100.00,,
   179.188329531,65.07,Joules,power/energy-pkg/,1001368845,100.00,,
   180.189766469,60.88,Joules,power/energy-pkg/,1001386418,100.00,,
   181.190886864,56.49,Joules,power/energy-pkg/,1001136456,100.00,,
   182.192150794,54.58,Joules,power/energy-pkg/,1001274943,100.00,,
   183.193544681,54.43,Joules,power/energy-pkg/,1001342133,100.00,,
   184.194646657,60.52,Joules,power/energy-pkg/,1001116640,100.00,,
   185.194903324,59.97,Joules,power/energy-pkg/,1000265705,100.00,,
   186.196198900,68.42,Joules,power/energy-pkg/,1001269661,100.00,,
   187.197353492,66.08,Joules,power/energy-pkg/,1001165284,100.00,,
   188.198585625,61.78,Joules,power/energy-pkg/,1001211972,100.00,,
   189.198896119,61.77,Joules,power/energy-pkg/,1000330126,100.00,,
   190.200243237,65.41,Joules,power/energy-pkg/,1001378880,100.00,,
   191.201596753,65.25,Joules,power/energy-pkg/,1001315345,100.00,,
   192.202900115,64.80,Joules,power/energy-pkg/,1001304463,100.00,,
   193.204233437,66.35,Joules,power/energy-pkg/,1001321340,100.00,,
   194.205521292,70.11,Joules,power/energy-pkg/,1001252154,100.00,,
   195.206660593,71.14,Joules,power/energy-pkg/,1001151223,100.00,,
   196.210918771,65.23,Joules,power/energy-pkg/,1004265485,100.00,,
   197.212231678,65.05,Joules,power/energy-pkg/,1001363590,100.00,,
   198.212801008,65.05,Joules,power/energy-pkg/,1000502091,100.00,,
   199.213936831,65.07,Joules,power/energy-pkg/,1001104466,100.00,,
   200.214867284,65.04,Joules,power/energy-pkg/,1000937020,100.00,,
   201.216019555,63.99,Joules,power/energy-pkg/,1001144539,100.00,,
   202.217187898,63.15,Joules,power/energy-pkg/,1001204348,100.00,,
   203.218419490,68.10,Joules,power/energy-pkg/,1001255984,100.00,,
   204.218865030,59.42,Joules,power/energy-pkg/,1000390117,100.00,,
   205.219987218,56.66,Joules,power/energy-pkg/,1001110695,100.00,,
   206.221184402,69.34,Joules,power/energy-pkg/,1001262615,100.00,,
   207.222563161,71.35,Joules,power/energy-pkg/,1001370583,100.00,,
   208.223891397,65.78,Joules,power/energy-pkg/,1001269740,100.00,,
   209.225055777,65.14,Joules,power/energy-pkg/,1001150821,100.00,,
   210.226331630,65.08,Joules,power/energy-pkg/,1001285139,100.00,,
   211.226891448,64.98,Joules,power/energy-pkg/,1000537768,100.00,,
   212.228084443,65.16,Joules,power/energy-pkg/,1001179725,100.00,,
   213.229201153,65.07,Joules,power/energy-pkg/,1001101404,100.00,,
   214.230298682,65.04,Joules,power/energy-pkg/,1001144532,100.00,,
   215.230883904,64.96,Joules,power/energy-pkg/,1000556040,100.00,,
   216.231737523,62.17,Joules,power/energy-pkg/,1000851229,100.00,,
   217.232868950,52.88,Joules,power/energy-pkg/,1001109538,100.00,,
   218.233993999,59.80,Joules,power/energy-pkg/,1001199015,100.00,,
   219.234948549,64.17,Joules,power/energy-pkg/,1001667969,100.00,,
   220.237028939,63.57,Joules,power/energy-pkg/,1001278563,100.00,,
   221.238096742,61.74,Joules,power/energy-pkg/,1001061912,100.00,,
   222.238903640,63.39,Joules,power/energy-pkg/,1000904305,100.00,,
   223.240296450,61.81,Joules,power/energy-pkg/,1001314301,100.00,,
   224.241665411,60.50,Joules,power/energy-pkg/,1001358896,100.00,,
   225.242861466,59.90,Joules,power/energy-pkg/,1001166760,100.00,,
   226.244002085,73.36,Joules,power/energy-pkg/,1001157587,100.00,,
   227.245214221,70.90,Joules,power/energy-pkg/,1001220589,100.00,,
   228.246563963,70.72,Joules,power/energy-pkg/,1001347402,100.00,,
   229.246887874,64.93,Joules,power/energy-pkg/,1000324158,100.00,,
   230.248135589,65.17,Joules,power/energy-pkg/,1001196367,100.00,,
   231.249253237,65.11,Joules,power/energy-pkg/,1001151333,100.00,,
   232.250494908,65.02,Joules,power/energy-pkg/,1001196072,100.00,,
   233.250865532,65.04,Joules,power/energy-pkg/,1000385299,100.00,,
   234.251975165,65.11,Joules,power/energy-pkg/,1001106290,100.00,,
   235.253084457,64.89,Joules,power/energy-pkg/,1001083880,100.00,,
   236.254165664,64.93,Joules,power/energy-pkg/,1001076861,100.00,,
   237.254893243,65.26,Joules,power/energy-pkg/,1000738622,100.00,,
   238.256117470,65.14,Joules,power/energy-pkg/,1001252690,100.00,,
   239.257304667,65.14,Joules,power/energy-pkg/,1001167705,100.00,,
   240.258493024,64.99,Joules,power/energy-pkg/,1001185839,100.00,,
   241.258912937,60.14,Joules,power/energy-pkg/,1000416615,100.00,,
   242.260276691,56.84,Joules,power/energy-pkg/,1001471550,100.00,,
   243.261801799,55.14,Joules,power/energy-pkg/,1001380202,100.00,,
   244.262880991,62.96,Joules,power/energy-pkg/,1001083096,100.00,,
   245.264002016,70.33,Joules,power/energy-pkg/,1001192722,100.00,,
   246.264838846,72.34,Joules,power/energy-pkg/,1000743939,100.00,,
   247.265984280,69.41,Joules,power/energy-pkg/,1001143294,100.00,,
   248.266870079,65.05,Joules,power/energy-pkg/,1000925291,100.00,,
   249.268049392,65.09,Joules,power/energy-pkg/,1001154576,100.00,,
   250.269195189,65.07,Joules,power/energy-pkg/,1001131847,100.00,,
   251.270308313,65.11,Joules,power/energy-pkg/,1001086267,100.00,,
   252.270861468,61.25,Joules,power/energy-pkg/,1000551426,100.00,,
   253.272022062,58.87,Joules,power/energy-pkg/,1001175559,100.00,,
   254.273230710,72.68,Joules,power/energy-pkg/,1001201523,100.00,,
   255.274340240,66.24,Joules,power/energy-pkg/,1001118705,100.00,,
   256.274873057,64.99,Joules,power/energy-pkg/,1000532517,100.00,,
   257.276013887,65.08,Joules,power/energy-pkg/,1001118727,100.00,,
   258.277157766,65.03,Joules,power/energy-pkg/,1001245389,100.00,,
   259.278552578,62.44,Joules,power/energy-pkg/,1001304442,100.00,,
   260.279928943,60.05,Joules,power/energy-pkg/,1001389765,100.00,,
   261.281167224,57.11,Joules,power/energy-pkg/,1001239548,100.00,,
   262.282380657,66.66,Joules,power/energy-pkg/,1001197801,100.00,,
   263.282870535,69.72,Joules,power/energy-pkg/,1000435229,100.00,,
   264.283991081,70.19,Joules,power/energy-pkg/,1001155461,100.00,,
   265.285201778,65.04,Joules,power/energy-pkg/,1001178877,100.00,,
   266.286318365,62.53,Joules,power/energy-pkg/,1001109196,100.00,,
   267.286874857,61.91,Joules,power/energy-pkg/,1000561369,100.00,,
   268.288110191,59.74,Joules,power/energy-pkg/,1001224640,100.00,,
   269.289316694,53.97,Joules,power/energy-pkg/,1001214099,100.00,,
   270.290568747,54.26,Joules,power/energy-pkg/,1001230732,100.00,,
   271.290890115,63.38,Joules,power/energy-pkg/,1000382512,100.00,,
   272.292183306,66.81,Joules,power/energy-pkg/,1001235210,100.00,,
   273.293428884,68.72,Joules,power/energy-pkg/,1001288668,100.00,,
   274.294684629,70.20,Joules,power/energy-pkg/,1001229990,100.00,,
   275.296004506,70.02,Joules,power/energy-pkg/,1001278654,100.00,,
   276.297286733,68.06,Joules,power/energy-pkg/,1001320767,100.00,,
   277.298448898,65.14,Joules,power/energy-pkg/,1001135843,100.00,,
   278.298877136,65.05,Joules,power/energy-pkg/,1000413115,100.00,,
   279.300106182,64.93,Joules,power/energy-pkg/,1001263776,100.00,,
   280.301346163,64.50,Joules,power/energy-pkg/,1001192438,100.00,,
   281.302636070,64.51,Joules,power/energy-pkg/,1001314663,100.00,,
   282.304161377,65.71,Joules,power/energy-pkg/,1001512018,100.00,,
   283.305357219,62.47,Joules,power/energy-pkg/,1001175078,100.00,,
   284.306866502,68.25,Joules,power/energy-pkg/,1001504794,100.00,,
   285.308068765,65.09,Joules,power/energy-pkg/,1001187688,100.00,,
   286.309192414,62.28,Joules,power/energy-pkg/,1001149983,100.00,,
   287.310397202,59.14,Joules,power/energy-pkg/,1001186938,100.00,,
   288.311197229,55.28,Joules,power/energy-pkg/,1001563291,100.00,,
   289.312183346,55.39,Joules,power/energy-pkg/,1000197390,100.00,,
   290.313348936,63.63,Joules,power/energy-pkg/,1001252041,100.00,,
   291.314720625,66.49,Joules,power/energy-pkg/,1001263691,100.00,,
   292.314865594,69.91,Joules,power/energy-pkg/,1000171041,100.00,,
   293.316043949,70.64,Joules,power/energy-pkg/,1001162115,100.00,,
   294.317272517,65.52,Joules,power/energy-pkg/,1001271304,100.00,,
   295.318583912,69.10,Joules,power/energy-pkg/,1001251199,100.00,,
   296.318888833,65.01,Joules,power/energy-pkg/,1000308524,100.00,,
   297.320122876,65.02,Joules,power/energy-pkg/,1001264004,100.00,,
   298.321403904,65.15,Joules,power/energy-pkg/,1001251701,100.00,,
   299.322634127,65.14,Joules,power/energy-pkg/,1001209377,100.00,,
   300.323327619,64.96,Joules,power/energy-pkg/,1000691826,100.00,,
   301.324486459,63.73,Joules,power/energy-pkg/,1001195332,100.00,,
   302.324792229,60.50,Joules,power/energy-pkg/,1000287683,100.00,,
   303.326018688,68.21,Joules,power/energy-pkg/,1001197505,100.00,,
   304.326865256,67.36,Joules,power/energy-pkg/,1000846739,100.00,,
   305.328017853,60.64,Joules,power/energy-pkg/,1001166933,100.00,,
   306.329174062,65.93,Joules,power/energy-pkg/,1001130687,100.00,,
   307.330300740,62.00,Joules,power/energy-pkg/,1001136372,100.00,,
   308.330885065,64.27,Joules,power/energy-pkg/,1000581858,100.00,,
   309.332033434,62.05,Joules,power/energy-pkg/,1001165310,100.00,,
   310.333304744,64.90,Joules,power/energy-pkg/,1001376279,100.00,,
   311.334896447,66.65,Joules,power/energy-pkg/,1001432170,100.00,,
   312.336130349,67.47,Joules,power/energy-pkg/,1001274424,100.00,,
   313.337562321,65.17,Joules,power/energy-pkg/,1001369978,100.00,,
   314.338750264,66.26,Joules,power/energy-pkg/,1001199585,100.00,,
   315.339914119,65.38,Joules,power/energy-pkg/,1001182248,100.00,,
   316.341288108,58.84,Joules,power/energy-pkg/,1001366565,100.00,,
   317.342688496,59.55,Joules,power/energy-pkg/,1001390874,100.00,,
   318.343933643,57.65,Joules,power/energy-pkg/,1001205679,100.00,,
   319.345030350,65.26,Joules,power/energy-pkg/,1001091551,100.00,,
   320.346170633,69.13,Joules,power/energy-pkg/,1001167663,100.00,,
   321.346868303,66.80,Joules,power/energy-pkg/,1000687802,100.00,,
   322.348014110,63.46,Joules,power/energy-pkg/,1001153984,100.00,,
   323.348318344,61.68,Joules,power/energy-pkg/,1000329800,100.00,,
   324.349600239,68.62,Joules,power/energy-pkg/,1001205242,100.00,,
   325.350711795,69.82,Joules,power/energy-pkg/,1001179633,100.00,,
   326.352047909,65.25,Joules,power/energy-pkg/,1001270818,100.00,,
   327.353223480,65.13,Joules,power/energy-pkg/,1001218442,100.00,,
   328.353429916,64.97,Joules,power/energy-pkg/,1000180064,100.00,,
   329.354746213,65.18,Joules,power/energy-pkg/,1001291952,100.00,,
   330.356021754,65.02,Joules,power/energy-pkg/,1001351204,100.00,,
   331.357408097,65.03,Joules,power/energy-pkg/,1001308668,100.00,,
   332.358640455,65.17,Joules,power/energy-pkg/,1001218950,100.00,,
   333.359892208,65.16,Joules,power/energy-pkg/,1001243652,100.00,,
   334.361054815,65.00,Joules,power/energy-pkg/,1001231068,100.00,,
   335.362893821,64.20,Joules,power/energy-pkg/,1001780011,100.00,,
   336.364331367,66.18,Joules,power/energy-pkg/,1003797961,100.00,,
   337.367938035,65.03,Joules,power/energy-pkg/,1001229384,100.00,,
   338.369129537,60.99,Joules,power/energy-pkg/,1001175596,100.00,,
   339.370287128,60.44,Joules,power/energy-pkg/,1001222356,100.00,,
   340.370881566,63.96,Joules,power/energy-pkg/,1000567137,100.00,,
   341.372168113,70.31,Joules,power/energy-pkg/,1001224697,100.00,,
   342.372997811,66.14,Joules,power/energy-pkg/,1000861119,100.00,,
   343.374209631,63.59,Joules,power/energy-pkg/,1001195613,100.00,,
   344.374907923,67.58,Joules,power/energy-pkg/,1000694072,100.00,,
   345.376192679,56.89,Joules,power/energy-pkg/,1001279004,100.00,,
   346.377417009,57.23,Joules,power/energy-pkg/,1001252443,100.00,,
   347.378640079,58.50,Joules,power/energy-pkg/,1001183111,100.00,,
   348.378856233,65.37,Joules,power/energy-pkg/,1000188622,100.00,,
   349.379938224,47.78,Joules,power/energy-pkg/,1001079494,100.00,,
   350.381101140,50.63,Joules,power/energy-pkg/,1001218495,100.00,,
   351.382637736,58.94,Joules,power/energy-pkg/,1001526170,100.00,,
   352.384198708,59.92,Joules,power/energy-pkg/,1001539649,100.00,,
   353.385544817,67.30,Joules,power/energy-pkg/,1001305707,100.00,,
   354.386690361,71.31,Joules,power/energy-pkg/,1001141760,100.00,,
   355.386866302,71.32,Joules,power/energy-pkg/,1000174527,100.00,,
   356.388013401,71.41,Joules,power/energy-pkg/,1001134509,100.00,,
   357.388346245,61.76,Joules,power/energy-pkg/,1000367556,100.00,,
   358.389582434,61.00,Joules,power/energy-pkg/,1001190101,100.00,,
   359.390473887,61.70,Joules,power/energy-pkg/,1000931409,100.00,,
   360.390870873,70.72,Joules,power/energy-pkg/,1000357092,100.00,,
   361.392010520,66.32,Joules,power/energy-pkg/,1001226612,100.00,,
   362.393341773,65.72,Joules,power/energy-pkg/,1001261558,100.00,,
   363.394482638,67.29,Joules,power/energy-pkg/,1001134061,100.00,,
   364.394859995,56.68,Joules,power/energy-pkg/,1000348442,100.00,,
   365.395970861,58.69,Joules,power/energy-pkg/,1001115572,100.00,,
   366.397082817,66.49,Joules,power/energy-pkg/,1001119784,100.00,,
   367.398221605,65.55,Joules,power/energy-pkg/,1001178126,100.00,,
   368.398890362,66.18,Joules,power/energy-pkg/,1000649841,100.00,,
   369.400126393,65.15,Joules,power/energy-pkg/,1001190445,100.00,,
   370.401355723,67.88,Joules,power/energy-pkg/,1001235948,100.00,,
   371.402074966,65.61,Joules,power/energy-pkg/,1000697175,100.00,,
   372.402895178,66.01,Joules,power/energy-pkg/,1000809147,100.00,,
   373.404009872,66.55,Joules,power/energy-pkg/,1001132697,100.00,,
   374.405005091,64.43,Joules,power/energy-pkg/,1000982500,100.00,,
   375.406126727,63.80,Joules,power/energy-pkg/,1001142609,100.00,,
   376.406872979,66.73,Joules,power/energy-pkg/,1000697831,100.00,,
   377.407981612,65.01,Joules,power/energy-pkg/,1001120832,100.00,,
   378.409163340,65.11,Joules,power/energy-pkg/,1001170816,100.00,,
   379.410271578,65.13,Joules,power/energy-pkg/,1001092162,100.00,,
   380.410874965,65.06,Joules,power/energy-pkg/,1000622251,100.00,,
   381.411538771,65.00,Joules,power/energy-pkg/,1000635083,100.00,,
   382.412637144,65.05,Joules,power/energy-pkg/,1001093765,100.00,,
   383.413732140,65.08,Joules,power/energy-pkg/,1001091550,100.00,,
   384.414026362,65.07,Joules,power/energy-pkg/,1000296092,100.00,,
   385.415094011,65.01,Joules,power/energy-pkg/,1001105476,100.00,,
   386.417251535,65.22,Joules,power/energy-pkg/,1002123835,100.00,,
   387.418396943,64.95,Joules,power/energy-pkg/,1001166074,100.00,,
   388.418883556,65.03,Joules,power/energy-pkg/,1000453300,100.00,,
   389.419993719,58.80,Joules,power/energy-pkg/,1001118909,100.00,,
   390.421103948,44.81,Joules,power/energy-pkg/,1001072506,100.00,,
   391.422178345,47.94,Joules,power/energy-pkg/,1001077925,100.00,,
   392.422871723,45.33,Joules,power/energy-pkg/,1000697091,100.00,,
   393.424057441,56.71,Joules,power/energy-pkg/,1001201874,100.00,,
   394.425372827,64.03,Joules,power/energy-pkg/,1001378498,100.00,,
   395.426775549,64.77,Joules,power/energy-pkg/,1001298467,100.00,,
   396.427940939,68.28,Joules,power/energy-pkg/,1001191968,100.00,,
   397.429342911,69.02,Joules,power/energy-pkg/,1001416925,100.00,,
   398.430739609,68.44,Joules,power/energy-pkg/,1001416793,100.00,,
   399.431552314,60.53,Joules,power/energy-pkg/,1000749193,100.00,,
   400.432681017,49.58,Joules,power/energy-pkg/,1001125056,100.00,,
   401.433941012,41.68,Joules,power/energy-pkg/,1001311917,100.00,,
   402.434892194,51.09,Joules,power/energy-pkg/,1000903235,100.00,,
   403.436214635,59.65,Joules,power/energy-pkg/,1001324859,100.00,,
   404.437621630,67.75,Joules,power/energy-pkg/,1001426208,100.00,,
   405.438893558,71.39,Joules,power/energy-pkg/,1001233567,100.00,,
   406.440212699,69.75,Joules,power/energy-pkg/,1001340362,100.00,,
   407.441670612,64.50,Joules,power/energy-pkg/,1001472252,100.00,,
   408.442879495,66.02,Joules,power/energy-pkg/,1001199362,100.00,,
   409.444144325,66.37,Joules,power/energy-pkg/,1001284265,100.00,,
   410.444878252,59.83,Joules,power/energy-pkg/,1000651622,100.00,,
   411.446020224,61.87,Joules,power/energy-pkg/,1001161346,100.00,,
   412.446858285,54.10,Joules,power/energy-pkg/,1000797983,100.00,,
   413.447414473,61.53,Joules,power/energy-pkg/,1000561119,100.00,,
   414.448535289,64.40,Joules,power/energy-pkg/,1001110443,100.00,,
   415.449640066,63.32,Joules,power/energy-pkg/,1001117456,100.00,,
   416.450771264,64.70,Joules,power/energy-pkg/,1001124286,100.00,,
   417.451948830,69.19,Joules,power/energy-pkg/,1001227346,100.00,,
   418.453285106,69.92,Joules,power/energy-pkg/,1001264091,100.00,,
   419.455579697,70.14,Joules,power/energy-pkg/,1002315435,100.00,,
   420.458911716,68.94,Joules,power/energy-pkg/,1003331168,100.00,,
   421.460281402,64.86,Joules,power/energy-pkg/,1001346410,100.00,,
   422.461427189,50.94,Joules,power/energy-pkg/,1001116720,100.00,,
   423.462526500,54.34,Joules,power/energy-pkg/,1001161503,100.00,,
   424.462913517,49.23,Joules,power/energy-pkg/,1000350206,100.00,,
   425.474894505,44.85,Joules,power/energy-pkg/,1012011149,100.00,,
   426.475238208,65.73,Joules,power/energy-pkg/,1000313134,100.00,,
   427.476531369,59.99,Joules,power/energy-pkg/,1001330348,100.00,,
   428.476981108,61.77,Joules,power/energy-pkg/,1000378043,100.00,,
   429.478169187,58.40,Joules,power/energy-pkg/,1001274990,100.00,,
   430.478904871,56.92,Joules,power/energy-pkg/,1000701191,100.00,,
   431.480199823,57.47,Joules,power/energy-pkg/,1001237104,100.00,,
   432.481377471,73.21,Joules,power/energy-pkg/,1001175140,100.00,,
   433.482507556,74.55,Joules,power/energy-pkg/,1001119398,100.00,,
   434.482878563,71.58,Joules,power/energy-pkg/,1000364127,100.00,,
   435.483704940,71.04,Joules,power/energy-pkg/,1000829112,100.00,,
   436.484987393,68.42,Joules,power/energy-pkg/,1001270958,100.00,,
   437.486199332,66.97,Joules,power/energy-pkg/,1001227612,100.00,,
   438.486856739,65.02,Joules,power/energy-pkg/,1000614287,100.00,,
   439.487962697,64.66,Joules,power/energy-pkg/,1001136137,100.00,,
   440.489132068,65.47,Joules,power/energy-pkg/,1001157459,100.00,,
   441.490156909,65.05,Joules,power/energy-pkg/,1001040889,100.00,,
   442.490899632,65.04,Joules,power/energy-pkg/,1000716947,100.00,,
   443.492122583,65.10,Joules,power/energy-pkg/,1001192593,100.00,,
   444.493226717,65.08,Joules,power/energy-pkg/,1001100805,100.00,,
   445.494336345,65.11,Joules,power/energy-pkg/,1001127677,100.00,,
   446.495232479,64.38,Joules,power/energy-pkg/,1000891895,100.00,,
   447.496489043,65.72,Joules,power/energy-pkg/,1001300904,100.00,,
   448.497780684,65.11,Joules,power/energy-pkg/,1001262681,100.00,,
   449.498894663,65.08,Joules,power/energy-pkg/,1001073934,100.00,,
   450.500088343,65.04,Joules,power/energy-pkg/,1001200600,100.00,,
   451.501373074,65.15,Joules,power/energy-pkg/,1001279351,100.00,,
   452.502614765,65.11,Joules,power/energy-pkg/,1001217737,100.00,,
   453.502894601,64.96,Joules,power/energy-pkg/,1000291928,100.00,,
   454.504164685,65.10,Joules,power/energy-pkg/,1001251990,100.00,,
   455.505322329,65.14,Joules,power/energy-pkg/,1001153691,100.00,,
   456.506486643,65.03,Joules,power/energy-pkg/,1001178717,100.00,,
   457.506861836,64.89,Joules,power/energy-pkg/,1000392892,100.00,,
   458.508071104,63.41,Joules,power/energy-pkg/,1001170078,100.00,,
   459.509194716,66.67,Joules,power/energy-pkg/,1001136107,100.00,,
   460.510332043,64.35,Joules,power/energy-pkg/,1001098787,100.00,,
   461.510867578,62.65,Joules,power/energy-pkg/,1000541903,100.00,,
   462.694730250,76.24,Joules,power/energy-pkg/,1183871738,100.00,,
   463.695923703,63.72,Joules,power/energy-pkg/,1001180838,100.00,,
   464.697130722,61.97,Joules,power/energy-pkg/,1001182287,100.00,,
   465.698207925,64.73,Joules,power/energy-pkg/,1001072862,100.00,,
   466.698852122,64.80,Joules,power/energy-pkg/,1000639268,100.00,,
   467.699939905,49.85,Joules,power/energy-pkg/,1001101515,100.00,,
   468.700666948,58.43,Joules,power/energy-pkg/,1000739810,100.00,,
   469.701949852,62.79,Joules,power/energy-pkg/,1001291831,100.00,,
   470.706908428,71.60,Joules,power/energy-pkg/,1004944522,100.00,,
   471.708241678,72.60,Joules,power/energy-pkg/,1001336042,100.00,,
   472.709517009,70.99,Joules,power/energy-pkg/,1001283805,100.00,,
   473.710927834,64.66,Joules,power/energy-pkg/,1001412964,100.00,,
   474.712426418,61.61,Joules,power/energy-pkg/,1001442958,100.00,,
   475.713576555,60.61,Joules,power/energy-pkg/,1001198685,100.00,,
   476.714871687,62.97,Joules,power/energy-pkg/,1001276852,100.00,,
   477.716084519,69.26,Joules,power/energy-pkg/,1001176962,100.00,,
   478.717242742,66.22,Joules,power/energy-pkg/,1001172315,100.00,,
   479.718557099,59.92,Joules,power/energy-pkg/,1001272592,100.00,,
   480.719006150,66.39,Joules,power/energy-pkg/,1000452525,100.00,,
   481.720126769,63.72,Joules,power/energy-pkg/,1001109940,100.00,,
   482.721199962,70.16,Joules,power/energy-pkg/,1001061439,100.00,,
   483.722299728,63.81,Joules,power/energy-pkg/,1001108311,100.00,,
   484.722877043,61.99,Joules,power/energy-pkg/,1000615636,100.00,,
   485.724138563,62.86,Joules,power/energy-pkg/,1001251400,100.00,,
   486.725491933,69.62,Joules,power/energy-pkg/,1001314423,100.00,,
   487.726589578,64.90,Joules,power/energy-pkg/,1001075582,100.00,,
   488.726868878,66.11,Joules,power/energy-pkg/,1000289657,100.00,,
   489.728037649,65.74,Joules,power/energy-pkg/,1003972427,100.00,,
   490.731484516,63.04,Joules,power/energy-pkg/,1000634068,100.00,,
   491.732633563,63.81,Joules,power/energy-pkg/,1001156760,100.00,,
   492.733897823,68.00,Joules,power/energy-pkg/,1001257444,100.00,,
   493.734879348,64.59,Joules,power/energy-pkg/,1001019923,100.00,,
   494.736166572,65.44,Joules,power/energy-pkg/,1001238084,100.00,,
   495.737404825,65.33,Joules,power/energy-pkg/,1001237210,100.00,,
   496.738596380,64.69,Joules,power/energy-pkg/,1001324938,100.00,,
   497.740251653,60.90,Joules,power/energy-pkg/,1001629380,100.00,,
   498.741750725,55.91,Joules,power/energy-pkg/,1001404181,100.00,,
   499.742924707,55.07,Joules,power/energy-pkg/,1001136791,100.00,,
   500.744106352,53.83,Joules,power/energy-pkg/,1001184049,100.00,,
   501.745319202,62.23,Joules,power/energy-pkg/,1001205237,100.00,,
   502.746518430,71.51,Joules,power/energy-pkg/,1001175452,100.00,,
   503.746854774,74.66,Joules,power/energy-pkg/,1000327742,100.00,,
   504.747954195,72.76,Joules,power/energy-pkg/,1001111838,100.00,,
   505.749058954,65.08,Joules,power/energy-pkg/,1001115541,100.00,,
   506.750220940,63.82,Joules,power/energy-pkg/,1001166053,100.00,,
   507.750875411,61.66,Joules,power/energy-pkg/,1000624399,100.00,,
   508.752094432,57.97,Joules,power/energy-pkg/,1001216023,100.00,,
   509.753253728,51.47,Joules,power/energy-pkg/,1001152367,100.00,,
   510.754413345,67.67,Joules,power/energy-pkg/,1001161707,100.00,,
   511.754877603,75.58,Joules,power/energy-pkg/,1000438838,100.00,,
   512.755997138,70.67,Joules,power/energy-pkg/,1001132470,100.00,,
   513.757222247,65.12,Joules,power/energy-pkg/,1001213837,100.00,,
   514.758421558,65.14,Joules,power/energy-pkg/,1001232653,100.00,,
   515.758857155,62.77,Joules,power/energy-pkg/,1000379779,100.00,,
   516.759946395,60.67,Joules,power/energy-pkg/,1001084690,100.00,,
   517.761034864,61.40,Joules,power/energy-pkg/,1001083968,100.00,,
   518.762124751,65.02,Joules,power/energy-pkg/,1001099668,100.00,,
   519.762856043,60.65,Joules,power/energy-pkg/,1000713348,100.00,,
   520.763959227,60.89,Joules,power/energy-pkg/,1001117661,100.00,,
   521.765154785,63.21,Joules,power/energy-pkg/,1001207874,100.00,,
   522.766347213,61.75,Joules,power/energy-pkg/,1001175014,100.00,,
   523.766856924,62.18,Joules,power/energy-pkg/,1000488510,100.00,,
   524.768007387,60.91,Joules,power/energy-pkg/,1001199458,100.00,,
   525.769272462,67.66,Joules,power/energy-pkg/,1001207183,100.00,,
   526.770180374,68.32,Joules,power/energy-pkg/,1000906732,100.00,,
   527.770871953,65.53,Joules,power/energy-pkg/,1000683468,100.00,,
   528.772126533,54.53,Joules,power/energy-pkg/,1001319136,100.00,,
   529.773383268,49.56,Joules,power/energy-pkg/,1001185327,100.00,,
   530.774470818,43.47,Joules,power/energy-pkg/,1001056276,100.00,,
   531.774868153,39.83,Joules,power/energy-pkg/,1000387560,100.00,,
   532.775969998,40.96,Joules,power/energy-pkg/,1001109941,100.00,,
   533.777088349,34.68,Joules,power/energy-pkg/,1001109941,100.00,,
   534.778211346,21.92,Joules,power/energy-pkg/,1001072338,100.00,,
   535.778861564,19.67,Joules,power/energy-pkg/,1000629875,100.00,,
   536.779948192,22.11,Joules,power/energy-pkg/,1001071134,100.00,,
   537.781069647,18.73,Joules,power/energy-pkg/,1001116327,100.00,,
   538.782345525,18.80,Joules,power/energy-pkg/,1001246095,100.00,,
   539.782870494,19.65,Joules,power/energy-pkg/,1000503557,100.00,,
   540.783944096,20.00,Joules,power/energy-pkg/,1001043128,100.00,,
   541.784999220,20.84,Joules,power/energy-pkg/,1001038797,100.00,,
   542.786065757,20.89,Joules,power/energy-pkg/,1001047015,100.00,,
   543.786849274,18.78,Joules,power/energy-pkg/,1000766304,100.00,,
   544.787913263,18.16,Joules,power/energy-pkg/,1001048837,100.00,,
   545.789000737,20.62,Joules,power/energy-pkg/,1001066856,100.00,,
   546.790071605,20.77,Joules,power/energy-pkg/,1001067387,100.00,,
   547.790872020,19.24,Joules,power/energy-pkg/,1000775703,100.00,,
   548.791958841,19.56,Joules,power/energy-pkg/,1001064175,100.00,,
   549.793042348,19.27,Joules,power/energy-pkg/,1001076285,100.00,,
   550.794127697,20.24,Joules,power/energy-pkg/,1001067514,100.00,,
   551.794866416,20.00,Joules,power/energy-pkg/,1000720709,100.00,,
   552.795972181,18.71,Joules,power/energy-pkg/,1001079641,100.00,,
   553.797076804,20.93,Joules,power/energy-pkg/,1001090797,100.00,,
   554.798167045,19.27,Joules,power/energy-pkg/,1001077508,100.00,,
   555.798870925,17.93,Joules,power/energy-pkg/,1000686744,100.00,,
   556.799969694,19.66,Joules,power/energy-pkg/,1001073249,100.00,,
   557.801041402,19.76,Joules,power/energy-pkg/,1001047485,100.00,,
   558.802106891,20.11,Joules,power/energy-pkg/,1001047898,100.00,,
   559.802863796,20.35,Joules,power/energy-pkg/,1000751481,100.00,,
   560.803941700,19.02,Joules,power/energy-pkg/,1001049725,100.00,,
   561.805015429,19.82,Joules,power/energy-pkg/,1001054596,100.00,,
   562.806089543,19.24,Joules,power/energy-pkg/,1001057517,100.00,,
   563.806865485,17.30,Joules,power/energy-pkg/,1000771421,100.00,,
