[100%] Built target hwpc-sensor
I: 23-08-28 17:00:47 build: version undefined (rev: undefined)
I: 23-08-28 17:00:47 uname: Linux 5.4.0-155-generic #172-Ubuntu SMP Fri Jul 7 16:10:02 UTC 2023 x86_64
I: 23-08-28 17:00:47 pmu: found ix86arch 'Intel X86 architectural PMU' having 7 events, 11 counters (8 general, 3 fixed)
I: 23-08-28 17:00:47 pmu: found perf 'perf_events generic PMU' having 179 events, 0 counters (0 general, 0 fixed)
I: 23-08-28 17:00:47 pmu: found rapl 'Intel RAPL' having 2 events, 3 counters (0 general, 3 fixed)
I: 23-08-28 17:00:47 pmu: found perf_raw 'perf_events raw PMU' having 1 events, 0 counters (0 general, 0 fixed)
I: 23-08-28 17:00:47 pmu: found skx 'Intel Skylake X' having 85 events, 11 counters (8 general, 3 fixed)
I: 23-08-28 17:00:47 pmu: found skx_unc_cha0 'Intel SkylakeX CHA0 uncore' having 99 events, 4 counters (4 general, 0 fixed)
I: 23-08-28 17:00:47 pmu: found skx_unc_cha1 'Intel SkylakeX CHA1 uncore' having 99 events, 4 counters (4 general, 0 fixed)
I: 23-08-28 17:00:47 pmu: found skx_unc_cha2 'Intel SkylakeX CHA2 uncore' having 99 events, 4 counters (4 general, 0 fixed)
I: 23-08-28 17:00:47 pmu: found skx_unc_cha3 'Intel SkylakeX CHA3 uncore' having 99 events, 4 counters (4 general, 0 fixed)
I: 23-08-28 17:00:47 pmu: found skx_unc_cha4 'Intel SkylakeX CHA4 uncore' having 99 events, 4 counters (4 general, 0 fixed)
I: 23-08-28 17:00:47 pmu: found skx_unc_cha5 'Intel SkylakeX CHA5 uncore' having 99 events, 4 counters (4 general, 0 fixed)
I: 23-08-28 17:00:47 pmu: found skx_unc_cha6 'Intel SkylakeX CHA6 uncore' having 99 events, 4 counters (4 general, 0 fixed)
I: 23-08-28 17:00:47 pmu: found skx_unc_cha7 'Intel SkylakeX CHA7 uncore' having 99 events, 4 counters (4 general, 0 fixed)
I: 23-08-28 17:00:47 pmu: found skx_unc_cha8 'Intel SkylakeX CHA8 uncore' having 99 events, 4 counters (4 general, 0 fixed)
I: 23-08-28 17:00:47 pmu: found skx_unc_cha9 'Intel SkylakeX CHA9 uncore' having 99 events, 4 counters (4 general, 0 fixed)
I: 23-08-28 17:00:47 pmu: found skx_unc_cha10 'Intel SkylakeX CHA10 uncore' having 99 events, 4 counters (4 general, 0 fixed)
I: 23-08-28 17:00:47 pmu: found skx_unc_cha11 'Intel SkylakeX CHA11 uncore' having 99 events, 4 counters (4 general, 0 fixed)
I: 23-08-28 17:00:47 pmu: found skx_unc_cha12 'Intel SkylakeX CHA12 uncore' having 99 events, 4 counters (4 general, 0 fixed)
I: 23-08-28 17:00:47 pmu: found skx_unc_cha13 'Intel SkylakeX CHA13 uncore' having 99 events, 4 counters (4 general, 0 fixed)
I: 23-08-28 17:00:47 pmu: found skx_unc_cha14 'Intel SkylakeX CHA14 uncore' having 99 events, 4 counters (4 general, 0 fixed)
I: 23-08-28 17:00:47 pmu: found skx_unc_cha15 'Intel SkylakeX CHA15 uncore' having 99 events, 4 counters (4 general, 0 fixed)
I: 23-08-28 17:00:47 pmu: found skx_unc_cha16 'Intel SkylakeX CHA16 uncore' having 99 events, 4 counters (4 general, 0 fixed)
I: 23-08-28 17:00:47 pmu: found skx_unc_cha17 'Intel SkylakeX CHA17 uncore' having 99 events, 4 counters (4 general, 0 fixed)
I: 23-08-28 17:00:47 pmu: found skx_unc_cha18 'Intel SkylakeX CHA18 uncore' having 99 events, 4 counters (4 general, 0 fixed)
I: 23-08-28 17:00:47 pmu: found skx_unc_cha19 'Intel SkylakeX CHA19 uncore' having 99 events, 4 counters (4 general, 0 fixed)
I: 23-08-28 17:00:47 pmu: found skx_unc_cha20 'Intel SkylakeX CHA20 uncore' having 99 events, 4 counters (4 general, 0 fixed)
I: 23-08-28 17:00:47 pmu: found skx_unc_cha21 'Intel SkylakeX CHA21 uncore' having 99 events, 4 counters (4 general, 0 fixed)
I: 23-08-28 17:00:47 pmu: found skx_unc_cha22 'Intel SkylakeX CHA22 uncore' having 99 events, 4 counters (4 general, 0 fixed)
I: 23-08-28 17:00:47 pmu: found skx_unc_cha23 'Intel SkylakeX CHA23 uncore' having 99 events, 4 counters (4 general, 0 fixed)
I: 23-08-28 17:00:47 pmu: found skx_unc_iio0 'Intel SkylakeX IIO0 uncore' having 16 events, 4 counters (4 general, 0 fixed)
I: 23-08-28 17:00:47 pmu: found skx_unc_iio1 'Intel SkylakeX IIO1 uncore' having 16 events, 4 counters (4 general, 0 fixed)
I: 23-08-28 17:00:47 pmu: found skx_unc_iio2 'Intel SkylakeX IIO2 uncore' having 16 events, 4 counters (4 general, 0 fixed)
I: 23-08-28 17:00:47 pmu: found skx_unc_iio3 'Intel SkylakeX IIO3 uncore' having 16 events, 4 counters (4 general, 0 fixed)
I: 23-08-28 17:00:47 pmu: found skx_unc_iio4 'Intel SkylakeX IIO4 uncore' having 16 events, 4 counters (4 general, 0 fixed)
I: 23-08-28 17:00:47 pmu: found skx_unc_iio5 'Intel SkylakeX IIO5 uncore' having 16 events, 4 counters (4 general, 0 fixed)
I: 23-08-28 17:00:47 pmu: found skx_unc_imc0 'Intel SkylakeX IMC0 uncore' having 46 events, 5 counters (4 general, 1 fixed)
I: 23-08-28 17:00:47 pmu: found skx_unc_imc1 'Intel SkylakeX IMC1 uncore' having 46 events, 5 counters (4 general, 1 fixed)
I: 23-08-28 17:00:47 pmu: found skx_unc_imc2 'Intel SkylakeX IMC2 uncore' having 46 events, 5 counters (4 general, 1 fixed)
I: 23-08-28 17:00:47 pmu: found skx_unc_imc3 'Intel SkylakeX IMC3 uncore' having 46 events, 5 counters (4 general, 1 fixed)
I: 23-08-28 17:00:47 pmu: found skx_unc_imc4 'Intel SkylakeX IMC4 uncore' having 46 events, 5 counters (4 general, 1 fixed)
I: 23-08-28 17:00:47 pmu: found skx_unc_imc5 'Intel SkylakeX IMC5 uncore' having 46 events, 5 counters (4 general, 1 fixed)
I: 23-08-28 17:00:47 pmu: found skx_unc_m2m0 'Intel SkylakeX M2M0 uncore' having 121 events, 4 counters (4 general, 0 fixed)
I: 23-08-28 17:00:47 pmu: found skx_unc_m2m1 'Intel SkylakeX M2M1 uncore' having 121 events, 4 counters (4 general, 0 fixed)
I: 23-08-28 17:00:47 pmu: found skx_unc_m3upi0 'Intel SkylakeX M3UPI0 uncore' having 111 events, 4 counters (4 general, 0 fixed)
I: 23-08-28 17:00:47 pmu: found skx_unc_m3upi1 'Intel SkylakeX M3UPI1 uncore' having 111 events, 4 counters (4 general, 0 fixed)
I: 23-08-28 17:00:47 pmu: found skx_unc_m3upi2 'Intel SkylakeX M3UPI2 uncore' having 111 events, 4 counters (4 general, 0 fixed)
I: 23-08-28 17:00:47 pmu: found skx_unc_pcu 'Intel SkylakeX PCU uncore' having 29 events, 4 counters (4 general, 0 fixed)
I: 23-08-28 17:00:47 pmu: found skx_unc_ubo 'Intel SkylakeX U-Box uncore' having 5 events, 3 counters (2 general, 1 fixed)
I: 23-08-28 17:00:47 pmu: found skx_unc_upi0 'Intel SkylakeX UPI0 uncore' having 34 events, 4 counters (4 general, 0 fixed)
I: 23-08-28 17:00:47 pmu: found skx_unc_upi1 'Intel SkylakeX UPI1 uncore' having 34 events, 4 counters (4 general, 0 fixed)
I: 23-08-28 17:00:47 pmu: found skx_unc_upi2 'Intel SkylakeX UPI2 uncore' having 34 events, 4 counters (4 general, 0 fixed)
I: 23-08-28 17:00:47 hwinfo: cpu38 is offline and will be ignored
I: 23-08-28 17:00:47 hwinfo: cpu28 is offline and will be ignored
I: 23-08-28 17:00:47 hwinfo: cpu46 is offline and will be ignored
I: 23-08-28 17:00:47 hwinfo: cpu36 is offline and will be ignored
I: 23-08-28 17:00:47 hwinfo: cpu26 is offline and will be ignored
I: 23-08-28 17:00:47 hwinfo: cpu44 is offline and will be ignored
I: 23-08-28 17:00:47 hwinfo: cpu34 is offline and will be ignored
I: 23-08-28 17:00:47 hwinfo: cpu24 is offline and will be ignored
I: 23-08-28 17:00:47 hwinfo: cpu42 is offline and will be ignored
I: 23-08-28 17:00:47 hwinfo: cpu32 is offline and will be ignored
I: 23-08-28 17:00:47 hwinfo: cpu40 is offline and will be ignored
I: 23-08-28 17:00:47 hwinfo: cpu30 is offline and will be ignored
I: 23-08-28 17:00:47 hwinfo: cpu39 is offline and will be ignored
I: 23-08-28 17:00:47 hwinfo: cpu29 is offline and will be ignored
I: 23-08-28 17:00:47 hwinfo: cpu47 is offline and will be ignored
I: 23-08-28 17:00:47 hwinfo: cpu37 is offline and will be ignored
I: 23-08-28 17:00:47 hwinfo: cpu27 is offline and will be ignored
I: 23-08-28 17:00:47 hwinfo: cpu45 is offline and will be ignored
I: 23-08-28 17:00:47 hwinfo: cpu35 is offline and will be ignored
I: 23-08-28 17:00:47 hwinfo: cpu25 is offline and will be ignored
I: 23-08-28 17:00:47 hwinfo: cpu43 is offline and will be ignored
I: 23-08-28 17:00:47 hwinfo: cpu33 is offline and will be ignored
I: 23-08-28 17:00:47 hwinfo: cpu41 is offline and will be ignored
I: 23-08-28 17:00:47 hwinfo: cpu31 is offline and will be ignored
I: 23-08-28 17:00:47 sensor: configuration is valid, starting monitoring...
I: 23-08-28 17:00:47 perf<all>: monitoring actor started
I: 23-08-28 17:00:47 perf<>: monitoring actor started
I: 23-08-28 17:01:55 perf<>: shutting down actor
I: 23-08-28 17:01:55 perf</cnn_image_classification-0-0.0.1-49B99B0E-EF90-CEEB-868E-8B1EBA229888>: monitoring actor started
I: 23-08-28 17:01:56 perf</image_processing-0-0.0.1-DCB6DBE1-0830-FE89-9365-FDCEFEF0A9E0>: monitoring actor started
I: 23-08-28 17:01:56 perf</dd-0-0.0.1-8BC08A8E-3B67-CCE7-63B5-BE1C0BE695AF>: monitoring actor started
I: 23-08-28 17:01:57 perf</image_processing-0-0.0.1-FA5D0B5F-0C07-6CDD-19FB-D88187965884>: monitoring actor started
I: 23-08-28 17:01:57 perf</dd-0-0.0.1-96D7E402-90AD-F235-7C67-9DD82A0EA040>: monitoring actor started
I: 23-08-28 17:01:57 perf</pyaes-0-0.0.1-687A832C-3761-A558-49E5-A45BF6940113>: monitoring actor started
I: 23-08-28 17:01:58 perf</cnn_image_classification-0-0.0.1-BF07708B-D341-BEB1-0A3E-4BA81E7E7AED>: monitoring actor started
I: 23-08-28 17:01:58 perf</cnn_image_classification-0-0.0.1-09FAFE31-D40A-08E3-6FB8-CF238F799092>: monitoring actor started
I: 23-08-28 17:01:59 perf</dd-0-0.0.1-E26FC4BE-E673-5B62-967B-FA383D5B3F4B>: monitoring actor started
I: 23-08-28 17:01:59 perf</image_processing-0-0.0.1-10CE3993-F228-6FFD-2A71-60EDD59FE14C>: monitoring actor started
I: 23-08-28 17:02:00 perf</pyaes-0-0.0.1-806E59F7-C82D-4576-4253-0B95CFDCF664>: monitoring actor started
I: 23-08-28 17:02:00 perf</pyaes-0-0.0.1-5E2CBE05-C52E-8B7B-C20B-0C7809599658>: monitoring actor started
I: 23-08-28 17:02:00 perf</pyaes-0-0.0.1-5DBBA2C3-AD1A-DFB7-C730-282557D05FDD>: monitoring actor started
I: 23-08-28 17:02:01 perf</pyaes-0-0.0.1-B5C5F4C2-B475-31A3-1089-C80BB7F24B88>: monitoring actor started
I: 23-08-28 17:02:01 perf</cnn_image_classification-0-0.0.1-B75F54FB-3FDF-C71C-86A5-18E7C9F23490>: monitoring actor started
I: 23-08-28 17:02:02 perf</pyaes-0-0.0.1-C843BC18-6EC9-B42C-4265-2A5E149947B1>: monitoring actor started
I: 23-08-28 17:02:02 perf</cnn_image_classification-0-0.0.1-89B351F4-B966-9DDC-84A6-337E4DA45371>: monitoring actor started
I: 23-08-28 17:02:02 perf</dd-0-0.0.1-6C833E8B-90CC-8439-7C0D-8023D5956EB2>: monitoring actor started
I: 23-08-28 17:02:03 perf</pyaes-0-0.0.1-AC0AE945-E913-55B4-53D9-67B4BBCBA94D>: monitoring actor started
I: 23-08-28 17:02:03 perf</cnn_image_classification-0-0.0.1-2853484E-2CE1-9ECA-2640-383DBB761F0B>: monitoring actor started
I: 23-08-28 17:02:04 perf</image_processing-0-0.0.1-9DA64167-9A45-254E-4D68-A83096913BF1>: monitoring actor started
I: 23-08-28 17:02:04 perf</pyaes-0-0.0.1-95973D27-48D1-4452-C60D-9CC10754ED26>: monitoring actor started
I: 23-08-28 17:02:04 perf</pyaes-0-0.0.1-8D0C4FCA-0CC7-31BF-DDEE-0277FE116391>: monitoring actor started
I: 23-08-28 17:02:05 perf</pyaes-0-0.0.1-96EF4BED-8D29-6C2C-41C9-449FF2B77CF7>: monitoring actor started
I: 23-08-28 17:02:08 perf</image_processing-0-0.0.1-EFAEF52F-9CF8-E64C-C380-4D4AD97D5EA7>: monitoring actor started
I: 23-08-28 17:02:08 perf</image_processing-0-0.0.1-4BEFE5E5-060D-E2F7-9083-254CFB884FE3>: monitoring actor started
I: 23-08-28 17:02:53 perf</dd-0-0.0.1-2CF205F5-E0C5-7B80-277D-6CFE69E2CED6>: monitoring actor started
I: 23-08-28 17:03:05 perf</image_processing-0-0.0.1-B20E2DAC-B3A8-0C87-651F-23DCD4C26833>: monitoring actor started
I: 23-08-28 17:04:04 perf</cnn_image_classification-0-0.0.1-3AE243C9-4B3D-91D6-0A81-23E9DE1FC47F>: monitoring actor started
I: 23-08-28 17:04:05 perf</cnn_image_classification-0-0.0.1-021F4672-E8BD-A0B0-6520-6ADFFE1A80A7>: monitoring actor started
I: 23-08-28 17:04:37 perf</image_processing-0-0.0.1-655EE64D-4799-ED6B-9992-50C83FB96A58>: monitoring actor started
I: 23-08-28 17:06:04 perf</dd-0-0.0.1-2D37309A-DF21-5E66-3786-69F82A4D8356>: monitoring actor started
I: 23-08-28 17:06:05 perf</dd-0-0.0.1-10F34788-36BD-217C-542D-A298354D45BC>: monitoring actor started
I: 23-08-28 17:06:35 perf</cnn_image_classification-0-0.0.1-373BDCA7-2FEC-D983-37D7-A9DE1AD01B83>: monitoring actor started
I: 23-08-28 17:06:36 perf</cnn_image_classification-0-0.0.1-AC54ED7D-C3BE-F3CE-B100-4D8529D1CC70>: monitoring actor started
I: 23-08-28 17:10:03 perf</cnn_image_classification-0-0.0.1-9184E8A6-91DB-C573-0556-3E9B1C694DF2>: monitoring actor started
I: 23-08-28 17:11:34 perf</cnn_image_classification-0-0.0.1-6B00105E-BB39-17B6-0DDD-753EA9779DA4>: monitoring actor started
I: 23-08-28 17:11:50 perf</cnn_image_classification-0-0.0.1-96C50EEC-98B4-F13C-A3F5-80419CED7797>: monitoring actor started
I: 23-08-28 17:11:51 perf</cnn_image_classification-0-0.0.1-0E028840-CDAD-6C6C-43E9-A4886AD5476E>: monitoring actor started
I: 23-08-28 17:14:45 perf</image_processing-0-0.0.1-8104F431-AEEA-73AA-C34A-F57A45655D60>: monitoring actor started
I: 23-08-28 17:14:45 perf</image_processing-0-0.0.1-4F9A8263-4C27-55C1-475F-9AD694B05EED>: monitoring actor started
I: 23-08-28 17:17:00 perf</cnn_image_classification-0-0.0.1-B75F54FB-3FDF-C71C-86A5-18E7C9F23490>: shutting down actor
I: 23-08-28 17:17:00 perf</image_processing-0-0.0.1-4F9A8263-4C27-55C1-475F-9AD694B05EED>: shutting down actor
I: 23-08-28 17:17:00 perf</cnn_image_classification-0-0.0.1-373BDCA7-2FEC-D983-37D7-A9DE1AD01B83>: shutting down actor
I: 23-08-28 17:17:00 perf</cnn_image_classification-0-0.0.1-09FAFE31-D40A-08E3-6FB8-CF238F799092>: shutting down actor
I: 23-08-28 17:17:00 perf</cnn_image_classification-0-0.0.1-BF07708B-D341-BEB1-0A3E-4BA81E7E7AED>: shutting down actor
I: 23-08-28 17:17:00 perf</dd-0-0.0.1-10F34788-36BD-217C-542D-A298354D45BC>: shutting down actor
I: 23-08-28 17:17:00 perf</pyaes-0-0.0.1-95973D27-48D1-4452-C60D-9CC10754ED26>: shutting down actor
I: 23-08-28 17:17:00 perf</pyaes-0-0.0.1-8D0C4FCA-0CC7-31BF-DDEE-0277FE116391>: shutting down actor
I: 23-08-28 17:17:00 perf</cnn_image_classification-0-0.0.1-6B00105E-BB39-17B6-0DDD-753EA9779DA4>: shutting down actor
I: 23-08-28 17:17:00 perf</cnn_image_classification-0-0.0.1-021F4672-E8BD-A0B0-6520-6ADFFE1A80A7>: shutting down actor
I: 23-08-28 17:17:00 perf</image_processing-0-0.0.1-B20E2DAC-B3A8-0C87-651F-23DCD4C26833>: shutting down actor
I: 23-08-28 17:17:00 perf</image_processing-0-0.0.1-EFAEF52F-9CF8-E64C-C380-4D4AD97D5EA7>: shutting down actor
I: 23-08-28 17:17:00 perf</pyaes-0-0.0.1-C843BC18-6EC9-B42C-4265-2A5E149947B1>: shutting down actor
I: 23-08-28 17:17:00 perf</cnn_image_classification-0-0.0.1-89B351F4-B966-9DDC-84A6-337E4DA45371>: shutting down actor
I: 23-08-28 17:17:00 perf</image_processing-0-0.0.1-10CE3993-F228-6FFD-2A71-60EDD59FE14C>: shutting down actor
I: 23-08-28 17:17:00 perf</cnn_image_classification-0-0.0.1-0E028840-CDAD-6C6C-43E9-A4886AD5476E>: shutting down actor
I: 23-08-28 17:17:00 perf</cnn_image_classification-0-0.0.1-2853484E-2CE1-9ECA-2640-383DBB761F0B>: shutting down actor
I: 23-08-28 17:17:00 perf</dd-0-0.0.1-E26FC4BE-E673-5B62-967B-FA383D5B3F4B>: shutting down actor
I: 23-08-28 17:17:00 perf</cnn_image_classification-0-0.0.1-96C50EEC-98B4-F13C-A3F5-80419CED7797>: shutting down actor
I: 23-08-28 17:17:00 perf</dd-0-0.0.1-6C833E8B-90CC-8439-7C0D-8023D5956EB2>: shutting down actor
I: 23-08-28 17:17:00 perf</image_processing-0-0.0.1-9DA64167-9A45-254E-4D68-A83096913BF1>: shutting down actor
I: 23-08-28 17:17:00 perf</cnn_image_classification-0-0.0.1-AC54ED7D-C3BE-F3CE-B100-4D8529D1CC70>: shutting down actor
I: 23-08-28 17:17:00 perf</image_processing-0-0.0.1-DCB6DBE1-0830-FE89-9365-FDCEFEF0A9E0>: shutting down actor
I: 23-08-28 17:17:00 perf</dd-0-0.0.1-96D7E402-90AD-F235-7C67-9DD82A0EA040>: shutting down actor
I: 23-08-28 17:17:00 perf</dd-0-0.0.1-2D37309A-DF21-5E66-3786-69F82A4D8356>: shutting down actor
I: 23-08-28 17:17:00 perf</image_processing-0-0.0.1-FA5D0B5F-0C07-6CDD-19FB-D88187965884>: shutting down actor
I: 23-08-28 17:17:00 perf</pyaes-0-0.0.1-5DBBA2C3-AD1A-DFB7-C730-282557D05FDD>: shutting down actor
I: 23-08-28 17:17:00 perf</image_processing-0-0.0.1-655EE64D-4799-ED6B-9992-50C83FB96A58>: shutting down actor
I: 23-08-28 17:17:00 perf</pyaes-0-0.0.1-AC0AE945-E913-55B4-53D9-67B4BBCBA94D>: shutting down actor
I: 23-08-28 17:17:00 perf</image_processing-0-0.0.1-8104F431-AEEA-73AA-C34A-F57A45655D60>: shutting down actor
I: 23-08-28 17:17:00 perf</pyaes-0-0.0.1-B5C5F4C2-B475-31A3-1089-C80BB7F24B88>: shutting down actor
I: 23-08-28 17:17:00 perf</cnn_image_classification-0-0.0.1-49B99B0E-EF90-CEEB-868E-8B1EBA229888>: shutting down actor
I: 23-08-28 17:17:00 perf</cnn_image_classification-0-0.0.1-9184E8A6-91DB-C573-0556-3E9B1C694DF2>: shutting down actor
I: 23-08-28 17:17:00 perf</dd-0-0.0.1-2CF205F5-E0C5-7B80-277D-6CFE69E2CED6>: shutting down actor
I: 23-08-28 17:17:00 perf</image_processing-0-0.0.1-4BEFE5E5-060D-E2F7-9083-254CFB884FE3>: shutting down actor
I: 23-08-28 17:17:00 perf</cnn_image_classification-0-0.0.1-3AE243C9-4B3D-91D6-0A81-23E9DE1FC47F>: shutting down actor
I: 23-08-28 17:17:00 perf</pyaes-0-0.0.1-96EF4BED-8D29-6C2C-41C9-449FF2B77CF7>: shutting down actor
I: 23-08-28 17:17:00 perf</pyaes-0-0.0.1-687A832C-3761-A558-49E5-A45BF6940113>: shutting down actor
I: 23-08-28 17:17:00 perf</pyaes-0-0.0.1-5E2CBE05-C52E-8B7B-C20B-0C7809599658>: shutting down actor
I: 23-08-28 17:17:00 perf</pyaes-0-0.0.1-806E59F7-C82D-4576-4253-0B95CFDCF664>: shutting down actor
I: 23-08-28 17:17:00 perf</dd-0-0.0.1-8BC08A8E-3B67-CCE7-63B5-BE1C0BE695AF>: shutting down actor
I: 23-08-28 17:17:00 perf<all>: shutting down actor
I: 23-08-28 17:17:00 reporting: bye!
