# started on Wed Feb  8 13:20:08 2023

     1.001015337,23.83,Joules,power/energy-pkg/,1001036146,100.00,,
     2.002106079,24.91,Joules,power/energy-pkg/,1001073746,100.00,,
     3.002249090,21.71,Joules,power/energy-pkg/,1000151257,100.00,,
     4.003323465,19.41,Joules,power/energy-pkg/,1001057969,100.00,,
     5.004399523,29.31,Joules,power/energy-pkg/,1001085958,100.00,,
     6.005479767,21.14,Joules,power/energy-pkg/,1001060156,100.00,,
     7.006256482,20.94,Joules,power/energy-pkg/,1000778485,100.00,,
     8.007343723,25.66,Joules,power/energy-pkg/,1001084650,100.00,,
     9.008425172,23.13,Joules,power/energy-pkg/,1001071021,100.00,,
    10.009498444,19.99,Joules,power/energy-pkg/,1001074161,100.00,,
    11.010425257,21.01,Joules,power/energy-pkg/,1000935200,100.00,,
    12.011537957,19.46,Joules,power/energy-pkg/,1001104140,100.00,,
    13.012622519,24.35,Joules,power/energy-pkg/,1001079689,100.00,,
    14.013704674,24.46,Joules,power/energy-pkg/,1001065401,100.00,,
    15.014251164,22.24,Joules,power/energy-pkg/,1000565002,100.00,,
    16.015356537,15.79,Joules,power/energy-pkg/,1001085594,100.00,,
    17.016446554,27.06,Joules,power/energy-pkg/,1001088896,100.00,,
    18.017529281,18.88,Joules,power/energy-pkg/,1001075540,100.00,,
    19.018239466,18.80,Joules,power/energy-pkg/,1000697784,100.00,,
    20.019309350,21.32,Joules,power/energy-pkg/,1001063995,100.00,,
    21.020375600,27.34,Joules,power/energy-pkg/,1001068742,100.00,,
    22.020576260,24.10,Joules,power/energy-pkg/,1000204164,100.00,,
    23.021678213,21.52,Joules,power/energy-pkg/,1001084278,100.00,,
    24.022251775,32.91,Joules,power/energy-pkg/,1000589140,100.00,,
    25.023255407,22.43,Joules,power/energy-pkg/,1001042371,100.00,,
    26.024288831,16.76,Joules,power/energy-pkg/,1000996778,100.00,,
    27.025407988,26.14,Joules,power/energy-pkg/,1001088533,100.00,,
    28.026248860,19.97,Joules,power/energy-pkg/,1000847457,100.00,,
    29.027357968,25.89,Joules,power/energy-pkg/,1001101287,100.00,,
    30.028446839,24.99,Joules,power/energy-pkg/,1001097336,100.00,,
    31.029634453,30.37,Joules,power/energy-pkg/,1001183968,100.00,,
    32.030234596,24.49,Joules,power/energy-pkg/,1000569424,100.00,,
    33.030513402,22.47,Joules,power/energy-pkg/,1000285022,100.00,,
    34.031592574,18.10,Joules,power/energy-pkg/,1001079452,100.00,,
    35.032681588,20.81,Joules,power/energy-pkg/,1001068779,100.00,,
    36.033752249,22.20,Joules,power/energy-pkg/,1001094252,100.00,,
    37.034239572,20.47,Joules,power/energy-pkg/,1000457824,100.00,,
    38.035325832,23.95,Joules,power/energy-pkg/,1001093474,100.00,,
    39.036413776,20.05,Joules,power/energy-pkg/,1001083439,100.00,,
    40.037514092,19.59,Joules,power/energy-pkg/,1001097027,100.00,,
    41.038269603,23.03,Joules,power/energy-pkg/,1000756242,100.00,,
    42.038904527,28.93,Joules,power/energy-pkg/,1000643639,100.00,,
    43.040002237,21.96,Joules,power/energy-pkg/,1001062749,100.00,,
    44.040347784,32.54,Joules,power/energy-pkg/,1000370708,100.00,,
    45.041457502,24.88,Joules,power/energy-pkg/,1001113509,100.00,,
    46.042251456,22.65,Joules,power/energy-pkg/,1000787927,100.00,,
    47.043421449,22.88,Joules,power/energy-pkg/,1001138383,100.00,,
    48.044497591,23.13,Joules,power/energy-pkg/,1001075845,100.00,,
    49.045570745,23.92,Joules,power/energy-pkg/,1001055466,100.00,,
    50.046250445,23.14,Joules,power/energy-pkg/,1000689324,100.00,,
    51.047349649,24.85,Joules,power/energy-pkg/,1001106248,100.00,,
    52.048439183,23.09,Joules,power/energy-pkg/,1001072802,100.00,,
    53.049514938,18.99,Joules,power/energy-pkg/,1001058193,100.00,,
    54.050532758,20.50,Joules,power/energy-pkg/,1001033137,100.00,,
    55.051632225,24.04,Joules,power/energy-pkg/,1001099613,100.00,,
    56.052728701,22.08,Joules,power/energy-pkg/,1001080311,100.00,,
    57.053805529,23.88,Joules,power/energy-pkg/,1001075480,100.00,,
    58.054254106,30.01,Joules,power/energy-pkg/,1000441636,100.00,,
    59.055330217,34.07,Joules,power/energy-pkg/,1001060829,100.00,,
    60.056414185,35.89,Joules,power/energy-pkg/,1001092279,100.00,,
    61.057515657,32.51,Joules,power/energy-pkg/,1001097331,100.00,,
    62.058235618,30.46,Joules,power/energy-pkg/,1000704149,100.00,,
    63.059338342,18.46,Joules,power/energy-pkg/,1001107927,100.00,,
    64.060416036,20.12,Joules,power/energy-pkg/,1001066520,100.00,,
    65.061531853,33.18,Joules,power/energy-pkg/,1001119575,100.00,,
    66.062317911,35.27,Joules,power/energy-pkg/,1000777245,100.00,,
    67.063392587,41.06,Joules,power/energy-pkg/,1001062630,100.00,,
    68.064474804,48.09,Joules,power/energy-pkg/,1001079251,100.00,,
    69.065146324,57.72,Joules,power/energy-pkg/,1000665919,100.00,,
    70.065471385,58.75,Joules,power/energy-pkg/,1000334287,100.00,,
    71.066236562,62.79,Joules,power/energy-pkg/,1000747887,100.00,,
    72.067328038,38.29,Joules,power/energy-pkg/,1001095225,100.00,,
    73.068415762,38.08,Joules,power/energy-pkg/,1001115385,100.00,,
    74.069582788,55.77,Joules,power/energy-pkg/,1001128914,100.00,,
    75.070393062,61.31,Joules,power/energy-pkg/,1000816339,100.00,,
    76.071564012,55.45,Joules,power/energy-pkg/,1001158142,100.00,,
    77.072652284,40.08,Joules,power/energy-pkg/,1001074530,100.00,,
    78.073715473,39.83,Joules,power/energy-pkg/,1001059953,100.00,,
    79.074250870,33.07,Joules,power/energy-pkg/,1000542538,100.00,,
    80.075351926,52.12,Joules,power/energy-pkg/,1001100085,100.00,,
    81.076584706,56.32,Joules,power/energy-pkg/,1001225549,100.00,,
    82.077685099,60.32,Joules,power/energy-pkg/,1001155300,100.00,,
    83.078251846,61.96,Joules,power/energy-pkg/,1000489549,100.00,,
    84.079322314,50.23,Joules,power/energy-pkg/,1001081338,100.00,,
    85.080418093,60.45,Joules,power/energy-pkg/,1001104914,100.00,,
    86.081514254,59.69,Joules,power/energy-pkg/,1001064790,100.00,,
    87.082254659,53.16,Joules,power/energy-pkg/,1000754464,100.00,,
    88.083345176,43.64,Joules,power/energy-pkg/,1001075767,100.00,,
    89.084431013,47.90,Joules,power/energy-pkg/,1001087772,100.00,,
    90.085544370,60.86,Joules,power/energy-pkg/,1001107212,100.00,,
    91.086250710,55.89,Joules,power/energy-pkg/,1000699352,100.00,,
    92.087358481,59.56,Joules,power/energy-pkg/,1001132834,100.00,,
    93.088557960,64.12,Joules,power/energy-pkg/,1001162750,100.00,,
    94.089684040,64.35,Joules,power/energy-pkg/,1001118645,100.00,,
    95.090242675,61.56,Joules,power/energy-pkg/,1000550352,100.00,,
    96.091317641,51.21,Joules,power/energy-pkg/,1001072848,100.00,,
    97.092413494,45.64,Joules,power/energy-pkg/,1001103645,100.00,,
    98.093505156,33.09,Joules,power/energy-pkg/,1001091663,100.00,,
    99.094250935,38.75,Joules,power/energy-pkg/,1000729856,100.00,,
   100.095040784,49.05,Joules,power/energy-pkg/,1000797107,100.00,,
   101.096176806,50.69,Joules,power/energy-pkg/,1001124895,100.00,,
   102.097255454,37.06,Joules,power/energy-pkg/,1001065559,100.00,,
   103.098257124,34.70,Joules,power/energy-pkg/,1001010097,100.00,,
   104.099381749,46.26,Joules,power/energy-pkg/,1001115975,100.00,,
   105.099896334,58.59,Joules,power/energy-pkg/,1000526483,100.00,,
   106.101003569,58.70,Joules,power/energy-pkg/,1001075274,100.00,,
   107.102085789,59.76,Joules,power/energy-pkg/,1001077544,100.00,,
   108.102235110,45.91,Joules,power/energy-pkg/,1000145746,100.00,,
   109.103309576,44.41,Joules,power/energy-pkg/,1001070293,100.00,,
   110.104394021,38.67,Joules,power/energy-pkg/,1001082693,100.00,,
   111.105497837,41.17,Joules,power/energy-pkg/,1001129969,100.00,,
   112.106275518,35.99,Joules,power/energy-pkg/,1000798384,100.00,,
   113.106832940,42.30,Joules,power/energy-pkg/,1000517915,100.00,,
   114.107054412,42.95,Joules,power/energy-pkg/,1000225443,100.00,,
   115.107808730,54.36,Joules,power/energy-pkg/,1000754478,100.00,,
   116.108993676,57.50,Joules,power/energy-pkg/,1001203261,100.00,,
   117.110242775,49.06,Joules,power/energy-pkg/,1001186956,100.00,,
   118.111335058,43.04,Joules,power/energy-pkg/,1001102389,100.00,,
   119.112426790,41.77,Joules,power/energy-pkg/,1001072138,100.00,,
   120.113500900,48.01,Joules,power/energy-pkg/,1001071259,100.00,,
   121.114266225,34.20,Joules,power/energy-pkg/,1000771517,100.00,,
   122.115385218,42.68,Joules,power/energy-pkg/,1001115304,100.00,,
   123.116490905,59.77,Joules,power/energy-pkg/,1001113320,100.00,,
   124.117681194,45.76,Joules,power/energy-pkg/,1001162509,100.00,,
   125.118240796,43.67,Joules,power/energy-pkg/,1000555642,100.00,,
   126.119322446,34.19,Joules,power/energy-pkg/,1001084351,100.00,,
   127.120413490,38.00,Joules,power/energy-pkg/,1001087469,100.00,,
   128.121486345,26.32,Joules,power/energy-pkg/,1001060348,100.00,,
   129.122253073,41.98,Joules,power/energy-pkg/,1000764109,100.00,,
   130.123350075,47.23,Joules,power/energy-pkg/,1001117083,100.00,,
   131.124466928,50.13,Joules,power/energy-pkg/,1001087691,100.00,,
   132.125572898,46.61,Joules,power/energy-pkg/,1001153707,100.00,,
   133.126637308,40.64,Joules,power/energy-pkg/,1001049368,100.00,,
   134.127779730,52.88,Joules,power/energy-pkg/,1001123559,100.00,,
   135.127999651,46.43,Joules,power/energy-pkg/,1001058202,100.00,,
   136.129949799,44.23,Joules,power/energy-pkg/,1001075962,100.00,,
   137.130825885,48.76,Joules,power/energy-pkg/,1000888971,100.00,,
   138.131913167,55.32,Joules,power/energy-pkg/,1001077901,100.00,,
   139.133030104,58.47,Joules,power/energy-pkg/,1001112134,100.00,,
   140.134125736,51.41,Joules,power/energy-pkg/,1005181923,100.00,,
   141.139320087,48.36,Joules,power/energy-pkg/,1001092536,100.00,,
   142.140432930,53.49,Joules,power/energy-pkg/,1001102345,100.00,,
   143.141509762,32.77,Joules,power/energy-pkg/,1001071439,100.00,,
   144.142234560,28.22,Joules,power/energy-pkg/,1000720461,100.00,,
   145.143314487,31.60,Joules,power/energy-pkg/,1001089610,100.00,,
   146.144384011,41.70,Joules,power/energy-pkg/,1001051353,100.00,,
   147.145456997,58.89,Joules,power/energy-pkg/,1001071738,100.00,,
   148.146252396,53.12,Joules,power/energy-pkg/,1000811506,100.00,,
   149.147372261,59.71,Joules,power/energy-pkg/,1001103161,100.00,,
   150.148479867,59.15,Joules,power/energy-pkg/,1001110688,100.00,,
   151.148929844,59.00,Joules,power/energy-pkg/,1000440969,100.00,,
   152.150035036,56.80,Joules,power/energy-pkg/,1001106378,100.00,,
   153.150265874,53.01,Joules,power/energy-pkg/,1000219958,100.00,,
   154.151434200,56.48,Joules,power/energy-pkg/,1001165880,100.00,,
   155.152545449,49.69,Joules,power/energy-pkg/,1001806375,100.00,,
   156.154266891,51.79,Joules,power/energy-pkg/,1001012328,100.00,,
   157.155341181,45.08,Joules,power/energy-pkg/,1001059686,100.00,,
   158.156410018,44.76,Joules,power/energy-pkg/,1001067931,100.00,,
   159.157503993,54.94,Joules,power/energy-pkg/,1001089465,100.00,,
   160.158267195,59.44,Joules,power/energy-pkg/,1000768792,100.00,,
   161.159437683,46.90,Joules,power/energy-pkg/,1001187569,100.00,,
   162.160557545,57.41,Joules,power/energy-pkg/,1001087524,100.00,,
   163.161653130,49.93,Joules,power/energy-pkg/,1001096227,100.00,,
   164.162271092,47.80,Joules,power/energy-pkg/,1000619397,100.00,,
   165.163398742,59.90,Joules,power/energy-pkg/,1001161394,100.00,,
   166.164669808,60.60,Joules,power/energy-pkg/,1001228019,100.00,,
   167.165827355,48.75,Joules,power/energy-pkg/,1001140699,100.00,,
   168.166264863,58.19,Joules,power/energy-pkg/,1000482922,100.00,,
   169.166715076,62.68,Joules,power/energy-pkg/,1000416623,100.00,,
   170.167890094,54.13,Joules,power/energy-pkg/,1001159819,100.00,,
   171.168973329,57.34,Joules,power/energy-pkg/,1002323951,100.00,,
   172.171308103,43.84,Joules,power/energy-pkg/,1001071254,100.00,,
   173.172368885,42.55,Joules,power/energy-pkg/,1001057910,100.00,,
   174.173452927,45.10,Joules,power/energy-pkg/,1001858992,100.00,,
   175.175314456,42.48,Joules,power/energy-pkg/,1001079244,100.00,,
   176.176405949,55.06,Joules,power/energy-pkg/,1001092020,100.00,,
   177.177514098,58.58,Joules,power/energy-pkg/,1001107760,100.00,,
   178.178244743,56.94,Joules,power/energy-pkg/,1000716768,100.00,,
   179.179335018,52.55,Joules,power/energy-pkg/,1001098150,100.00,,
   180.180421501,46.24,Joules,power/energy-pkg/,1001099310,100.00,,
   181.181531657,41.79,Joules,power/energy-pkg/,1001773316,100.00,,
   182.182641078,41.84,Joules,power/energy-pkg/,1000435831,100.00,,
   183.183738917,44.27,Joules,power/energy-pkg/,1003562443,100.00,,
   184.187349652,35.94,Joules,power/energy-pkg/,1001123795,100.00,,
   185.188237029,51.98,Joules,power/energy-pkg/,1000890477,100.00,,
   186.189342968,42.97,Joules,power/energy-pkg/,1001100593,100.00,,
   187.190253208,41.66,Joules,power/energy-pkg/,1000893300,100.00,,
   188.191406220,41.00,Joules,power/energy-pkg/,1001145287,100.00,,
   189.191811396,51.50,Joules,power/energy-pkg/,1000443342,100.00,,
   190.193037587,61.64,Joules,power/energy-pkg/,1001185813,100.00,,
   191.194175344,53.64,Joules,power/energy-pkg/,1001184414,100.00,,
   192.195353303,37.57,Joules,power/energy-pkg/,1001112303,100.00,,
   193.196447653,30.65,Joules,power/energy-pkg/,1001088585,100.00,,
   194.197521390,28.55,Joules,power/energy-pkg/,1001078624,100.00,,
   195.198245671,47.08,Joules,power/energy-pkg/,1000722111,100.00,,
   196.199361038,63.47,Joules,power/energy-pkg/,1001099920,100.00,,
   197.200435220,63.46,Joules,power/energy-pkg/,1001091009,100.00,,
   198.201621377,64.69,Joules,power/energy-pkg/,1001224645,100.00,,
   199.202261732,59.08,Joules,power/energy-pkg/,1000591176,100.00,,
   200.203375049,64.54,Joules,power/energy-pkg/,1001090424,100.00,,
   201.204475826,60.08,Joules,power/energy-pkg/,1001200229,100.00,,
   202.205709771,38.15,Joules,power/energy-pkg/,1001124073,100.00,,
   203.206273415,43.09,Joules,power/energy-pkg/,1000569841,100.00,,
   204.207352406,47.36,Joules,power/energy-pkg/,1001076370,100.00,,
   205.208443701,49.52,Joules,power/energy-pkg/,1001077942,100.00,,
   206.209527159,50.04,Joules,power/energy-pkg/,1001079264,100.00,,
   207.210242206,46.08,Joules,power/energy-pkg/,1000720847,100.00,,
   208.211351147,44.50,Joules,power/energy-pkg/,1001309464,100.00,,
   209.212661056,49.38,Joules,power/energy-pkg/,1001091844,100.00,,
   210.213741693,55.89,Joules,power/energy-pkg/,1001074419,100.00,,
   211.214259815,52.40,Joules,power/energy-pkg/,1000519355,100.00,,
   212.215411301,45.66,Joules,power/energy-pkg/,1001165324,100.00,,
   213.216520755,25.16,Joules,power/energy-pkg/,1001092050,100.00,,
   214.217614156,40.87,Joules,power/energy-pkg/,1001087401,100.00,,
   215.218245031,35.90,Joules,power/energy-pkg/,1000634818,100.00,,
   216.219378828,35.69,Joules,power/energy-pkg/,1001127420,100.00,,
   217.220506362,51.95,Joules,power/energy-pkg/,1001120353,100.00,,
   218.221603144,49.46,Joules,power/energy-pkg/,1001709674,100.00,,
   219.223324373,46.03,Joules,power/energy-pkg/,1001086608,100.00,,
   220.224417080,44.34,Joules,power/energy-pkg/,1001098537,100.00,,
   221.225501538,42.84,Joules,power/energy-pkg/,1001071204,100.00,,
   222.226259993,48.46,Joules,power/energy-pkg/,1000756948,100.00,,
   223.226675388,52.59,Joules,power/energy-pkg/,1000434838,100.00,,
   224.227793425,46.58,Joules,power/energy-pkg/,1001129452,100.00,,
   225.229015427,44.21,Joules,power/energy-pkg/,1001185500,100.00,,
   226.230097142,33.01,Joules,power/energy-pkg/,1001066554,100.00,,
   227.230245248,51.69,Joules,power/energy-pkg/,1000144818,100.00,,
   228.231353913,61.33,Joules,power/energy-pkg/,1001164202,100.00,,
   229.232618759,56.80,Joules,power/energy-pkg/,1001210444,100.00,,
   230.233704971,58.05,Joules,power/energy-pkg/,1001082065,100.00,,
   231.234255842,57.56,Joules,power/energy-pkg/,1000553798,100.00,,
   232.235441130,46.77,Joules,power/energy-pkg/,1001161688,100.00,,
   233.236536403,35.64,Joules,power/energy-pkg/,1001121958,100.00,,
   234.237662885,48.26,Joules,power/energy-pkg/,1001103875,100.00,,
   235.238254274,46.25,Joules,power/energy-pkg/,1000578937,100.00,,
   236.239324442,47.82,Joules,power/energy-pkg/,1001062672,100.00,,
   237.240409293,44.77,Joules,power/energy-pkg/,1001108651,100.00,,
   238.241530854,43.05,Joules,power/energy-pkg/,1001097114,100.00,,
   239.242766352,34.11,Joules,power/energy-pkg/,1001240849,100.00,,
   240.243962967,43.11,Joules,power/energy-pkg/,1001187585,100.00,,
   241.245059680,36.40,Joules,power/energy-pkg/,1001093690,100.00,,
   242.246175694,33.14,Joules,power/energy-pkg/,1001120590,100.00,,
   243.247294613,53.00,Joules,power/energy-pkg/,1001104282,100.00,,
   244.248465482,52.74,Joules,power/energy-pkg/,1001249482,100.00,,
   245.249833907,57.79,Joules,power/energy-pkg/,1001281453,100.00,,
   246.250259279,55.69,Joules,power/energy-pkg/,1000424293,100.00,,
   247.251463201,64.41,Joules,power/energy-pkg/,1001193669,100.00,,
   248.252589268,60.87,Joules,power/energy-pkg/,1001181683,100.00,,
   249.253887332,66.84,Joules,power/energy-pkg/,1001278258,100.00,,
   250.254260580,59.70,Joules,power/energy-pkg/,1000325945,100.00,,
   251.255424802,59.24,Joules,power/energy-pkg/,1001167916,100.00,,
   252.256614302,51.40,Joules,power/energy-pkg/,1001191968,100.00,,
   253.257761458,54.53,Joules,power/energy-pkg/,1001116732,100.00,,
   254.258253734,63.23,Joules,power/energy-pkg/,1000507822,100.00,,
   255.259387877,56.65,Joules,power/energy-pkg/,1001142073,100.00,,
   256.260562543,56.78,Joules,power/energy-pkg/,1001204037,100.00,,
   257.261913492,46.37,Joules,power/energy-pkg/,1001286905,100.00,,
   258.262825816,39.52,Joules,power/energy-pkg/,1000924653,100.00,,
   259.263932728,48.90,Joules,power/energy-pkg/,1001111169,100.00,,
   260.264217137,58.76,Joules,power/energy-pkg/,1000275109,100.00,,
   261.265365316,56.96,Joules,power/energy-pkg/,1001136860,100.00,,
   262.266243199,51.11,Joules,power/energy-pkg/,1000851784,100.00,,
   263.267326686,47.65,Joules,power/energy-pkg/,1001079343,100.00,,
   264.267783223,42.72,Joules,power/energy-pkg/,1000478001,100.00,,
   265.267984078,54.53,Joules,power/energy-pkg/,1000187500,100.00,,
   266.269100281,51.63,Joules,power/energy-pkg/,1001106695,100.00,,
   267.269844472,30.77,Joules,power/energy-pkg/,1000738873,100.00,,
   268.270249576,52.13,Joules,power/energy-pkg/,1000398580,100.00,,
   269.271396320,50.33,Joules,power/energy-pkg/,1001137882,100.00,,
   270.272485995,52.54,Joules,power/energy-pkg/,1001102362,100.00,,
   271.273684104,54.93,Joules,power/energy-pkg/,1001173590,100.00,,
   272.274237892,32.24,Joules,power/energy-pkg/,1000546653,100.00,,
   273.275312330,34.33,Joules,power/energy-pkg/,1001073968,100.00,,
   274.276407498,39.11,Joules,power/energy-pkg/,1001088835,100.00,,
   275.277497309,38.32,Joules,power/energy-pkg/,1001094928,100.00,,
   276.278240840,36.36,Joules,power/energy-pkg/,1000735367,100.00,,
   277.279310075,34.92,Joules,power/energy-pkg/,1001059341,100.00,,
   278.279435635,43.29,Joules,power/energy-pkg/,1000152291,100.00,,
   279.280592605,56.54,Joules,power/energy-pkg/,1001135009,100.00,,
   280.281366965,49.85,Joules,power/energy-pkg/,1000793444,100.00,,
   281.282242170,48.70,Joules,power/energy-pkg/,1000835622,100.00,,
   282.283341075,51.46,Joules,power/energy-pkg/,1001093770,100.00,,
   283.284430976,52.50,Joules,power/energy-pkg/,1001094933,100.00,,
   284.285530520,44.53,Joules,power/energy-pkg/,1001094114,100.00,,
   285.286244656,39.87,Joules,power/energy-pkg/,1000708160,100.00,,
   286.287328514,43.87,Joules,power/energy-pkg/,1001070938,100.00,,
   287.288416019,55.34,Joules,power/energy-pkg/,1001121086,100.00,,
   288.289220747,52.19,Joules,power/energy-pkg/,1000802390,100.00,,
   289.290242038,42.76,Joules,power/energy-pkg/,1000992331,100.00,,
   290.290835959,46.73,Joules,power/energy-pkg/,1000587445,100.00,,
   291.291226964,47.53,Joules,power/energy-pkg/,1000399888,100.00,,
   292.292319461,45.67,Joules,power/energy-pkg/,1001063167,100.00,,
   293.293413546,39.51,Joules,power/energy-pkg/,1001097791,100.00,,
   294.294236080,47.15,Joules,power/energy-pkg/,1000808797,100.00,,
   295.295070092,43.72,Joules,power/energy-pkg/,1000847927,100.00,,
   296.296159975,30.65,Joules,power/energy-pkg/,1001079344,100.00,,
   297.297240093,48.30,Joules,power/energy-pkg/,1001065032,100.00,,
   298.298278023,50.12,Joules,power/energy-pkg/,1001032722,100.00,,
   299.299358387,55.78,Joules,power/energy-pkg/,1001095688,100.00,,
   300.300497647,50.31,Joules,power/energy-pkg/,1001139777,100.00,,
   301.301616192,52.32,Joules,power/energy-pkg/,1001127877,100.00,,
   302.302253325,52.04,Joules,power/energy-pkg/,1000603502,100.00,,
   303.303344997,44.63,Joules,power/energy-pkg/,1001090991,100.00,,
   304.304445970,63.00,Joules,power/energy-pkg/,1001096332,100.00,,
   305.305593887,67.08,Joules,power/energy-pkg/,1001133791,100.00,,
   306.306255707,61.09,Joules,power/energy-pkg/,1000666889,100.00,,
   307.307373295,49.11,Joules,power/energy-pkg/,1001113016,100.00,,
   308.308480210,51.69,Joules,power/energy-pkg/,1002846717,100.00,,
   309.311161760,53.76,Joules,power/energy-pkg/,1000953637,100.00,,
   310.312289406,48.13,Joules,power/energy-pkg/,1001114079,100.00,,
   311.313446136,58.78,Joules,power/energy-pkg/,1001155637,100.00,,
   312.314248165,61.83,Joules,power/energy-pkg/,1001991223,100.00,,
   313.316582336,50.06,Joules,power/energy-pkg/,1001121794,100.00,,
   314.317694108,52.34,Joules,power/energy-pkg/,1001127145,100.00,,
   315.318270017,56.10,Joules,power/energy-pkg/,1000584128,100.00,,
   316.319495836,63.12,Joules,power/energy-pkg/,1001230353,100.00,,
   317.322254820,71.36,Joules,power/energy-pkg/,1002712565,100.00,,
   318.323412566,75.02,Joules,power/energy-pkg/,1001229208,100.00,,
   319.324643299,61.85,Joules,power/energy-pkg/,1001151183,100.00,,
   320.325540741,50.23,Joules,power/energy-pkg/,1000897847,100.00,,
   321.326251544,49.99,Joules,power/energy-pkg/,1000697465,100.00,,
   322.326588741,52.28,Joules,power/energy-pkg/,1000350974,100.00,,
   323.327749081,41.08,Joules,power/energy-pkg/,1001144517,100.00,,
   324.328850270,41.88,Joules,power/energy-pkg/,1001094026,100.00,,
   325.329526551,43.01,Joules,power/energy-pkg/,1000675372,100.00,,
   326.330241606,51.58,Joules,power/energy-pkg/,1000709437,100.00,,
   327.331345208,41.68,Joules,power/energy-pkg/,1001086632,100.00,,
   328.332442300,35.28,Joules,power/energy-pkg/,1001104778,100.00,,
   329.333534132,42.28,Joules,power/energy-pkg/,1001776747,100.00,,
   330.335192931,42.65,Joules,power/energy-pkg/,1000965941,100.00,,
   331.336300276,29.92,Joules,power/energy-pkg/,1001100997,100.00,,
   332.337389299,33.40,Joules,power/energy-pkg/,1001071304,100.00,,
   333.338244535,52.74,Joules,power/energy-pkg/,1000867134,100.00,,
   334.339348029,48.79,Joules,power/energy-pkg/,1001115516,100.00,,
   335.340468743,53.04,Joules,power/energy-pkg/,1001103793,100.00,,
   336.341657278,44.22,Joules,power/energy-pkg/,1001179562,100.00,,
   337.342232333,43.89,Joules,power/energy-pkg/,1000554584,100.00,,
   338.343308619,41.76,Joules,power/energy-pkg/,1001083015,100.00,,
   339.344381101,40.10,Joules,power/energy-pkg/,1001059802,100.00,,
   340.345505802,45.90,Joules,power/energy-pkg/,1001134510,100.00,,
   341.346257302,59.77,Joules,power/energy-pkg/,1000753121,100.00,,
   342.347428827,62.40,Joules,power/energy-pkg/,1001148391,100.00,,
   343.348526205,55.35,Joules,power/energy-pkg/,1002810830,100.00,,
   344.351365683,50.54,Joules,power/energy-pkg/,1001114185,100.00,,
   345.352459418,37.47,Joules,power/energy-pkg/,1001108640,100.00,,
   346.353630377,40.93,Joules,power/energy-pkg/,1001158377,100.00,,
   347.354266463,41.85,Joules,power/energy-pkg/,1000627708,100.00,,
   348.355350803,46.71,Joules,power/energy-pkg/,1001097095,100.00,,
   349.356105002,57.86,Joules,power/energy-pkg/,1000765195,100.00,,
   350.357288083,43.82,Joules,power/energy-pkg/,1001157061,100.00,,
   351.362262359,57.84,Joules,power/energy-pkg/,1004974387,100.00,,
   352.363466191,58.69,Joules,power/energy-pkg/,1001182948,100.00,,
   353.364455088,62.89,Joules,power/energy-pkg/,1001121999,100.00,,
   354.365674089,46.62,Joules,power/energy-pkg/,1001070844,100.00,,
   355.366239628,47.36,Joules,power/energy-pkg/,1000571772,100.00,,
   356.367327232,44.02,Joules,power/energy-pkg/,1001085778,100.00,,
   357.368409333,47.69,Joules,power/energy-pkg/,1001068735,100.00,,
   358.369159660,54.26,Joules,power/energy-pkg/,1000769255,100.00,,
   359.370248872,46.02,Joules,power/energy-pkg/,1001057329,100.00,,
   360.371321772,30.58,Joules,power/energy-pkg/,1001079631,100.00,,
   361.372409298,39.43,Joules,power/energy-pkg/,1001085536,100.00,,
   362.373525817,40.17,Joules,power/energy-pkg/,1001115010,100.00,,
   363.374254005,31.13,Joules,power/energy-pkg/,1000719936,100.00,,
   364.375336095,51.40,Joules,power/energy-pkg/,1001066632,100.00,,
   365.376425128,49.45,Joules,power/energy-pkg/,1001110420,100.00,,
   366.377515366,47.68,Joules,power/energy-pkg/,1001068609,100.00,,
   367.378267681,50.12,Joules,power/energy-pkg/,1000743919,100.00,,
   368.379256035,40.54,Joules,power/energy-pkg/,1001005905,100.00,,
   369.380356120,42.73,Joules,power/energy-pkg/,1001082581,100.00,,
   370.381491981,54.12,Joules,power/energy-pkg/,1001156425,100.00,,
   371.382246332,51.23,Joules,power/energy-pkg/,1000713245,100.00,,
   372.383415399,57.01,Joules,power/energy-pkg/,1001169423,100.00,,
   373.384513618,59.39,Joules,power/energy-pkg/,1001093154,100.00,,
   374.385632878,50.87,Joules,power/energy-pkg/,1001110150,100.00,,
   375.386237033,51.87,Joules,power/energy-pkg/,1000608452,100.00,,
   376.387328289,27.77,Joules,power/energy-pkg/,1001101626,100.00,,
   377.387974406,47.68,Joules,power/energy-pkg/,1000642508,100.00,,
   378.389087557,45.30,Joules,power/energy-pkg/,1001112233,100.00,,
   379.390200348,48.76,Joules,power/energy-pkg/,1001094380,100.00,,
   380.391308874,45.35,Joules,power/energy-pkg/,1001091605,100.00,,
   381.392407097,39.20,Joules,power/energy-pkg/,1001093439,100.00,,
   382.393495214,37.28,Joules,power/energy-pkg/,1001081945,100.00,,
   383.394238499,28.78,Joules,power/energy-pkg/,1000741097,100.00,,
   384.395332906,48.45,Joules,power/energy-pkg/,1001100168,100.00,,
   385.396431458,46.68,Joules,power/energy-pkg/,1001119549,100.00,,
   386.397739584,44.65,Joules,power/energy-pkg/,1001274824,100.00,,
   387.398310982,37.61,Joules,power/energy-pkg/,1000580670,100.00,,
   388.399424495,38.33,Joules,power/energy-pkg/,1001088303,100.00,,
   389.400502262,38.49,Joules,power/energy-pkg/,1001072600,100.00,,
   390.401585798,31.10,Joules,power/energy-pkg/,1001092285,100.00,,
   391.402239964,37.79,Joules,power/energy-pkg/,1000647155,100.00,,
   392.403333471,41.22,Joules,power/energy-pkg/,1001112220,100.00,,
   393.404482226,51.17,Joules,power/energy-pkg/,1001112912,100.00,,
   394.404686165,54.11,Joules,power/energy-pkg/,1000209282,100.00,,
   395.405790255,56.75,Joules,power/energy-pkg/,1001112234,100.00,,
   396.406253896,65.92,Joules,power/energy-pkg/,1000450423,100.00,,
   397.407374145,63.52,Joules,power/energy-pkg/,1001123417,100.00,,
   398.408546908,61.66,Joules,power/energy-pkg/,1001168906,100.00,,
   399.409306269,62.52,Joules,power/energy-pkg/,1000746501,100.00,,
   400.410252332,52.42,Joules,power/energy-pkg/,1000935694,100.00,,
   401.411368022,40.15,Joules,power/energy-pkg/,1001102778,100.00,,
   402.412440393,38.55,Joules,power/energy-pkg/,1001069103,100.00,,
   403.413530615,42.15,Joules,power/energy-pkg/,1001097185,100.00,,
   404.414255442,42.02,Joules,power/energy-pkg/,1000713781,100.00,,
   405.415342997,43.41,Joules,power/energy-pkg/,1001092335,100.00,,
   406.416448959,38.03,Joules,power/energy-pkg/,1001102110,100.00,,
   407.417572474,63.18,Joules,power/energy-pkg/,1001118836,100.00,,
   408.418275190,55.86,Joules,power/energy-pkg/,1000723957,100.00,,
   409.419483866,56.38,Joules,power/energy-pkg/,1001199081,100.00,,
   410.420615943,49.16,Joules,power/energy-pkg/,1001130635,100.00,,
   411.421733966,62.01,Joules,power/energy-pkg/,1001085233,100.00,,
   412.422252049,51.39,Joules,power/energy-pkg/,1000512285,100.00,,
   413.423325876,38.16,Joules,power/energy-pkg/,1001069278,100.00,,
   414.424480133,34.49,Joules,power/energy-pkg/,1001140757,100.00,,
   415.425556148,43.22,Joules,power/energy-pkg/,1001073545,100.00,,
   416.426318926,48.51,Joules,power/energy-pkg/,1000760581,100.00,,
   417.427402355,51.36,Joules,power/energy-pkg/,1001075435,100.00,,
   418.428487138,53.89,Joules,power/energy-pkg/,1002826493,100.00,,
   419.430445346,59.74,Joules,power/energy-pkg/,1000216646,100.00,,
   420.431555338,57.13,Joules,power/energy-pkg/,1001111881,100.00,,
   421.431819003,64.16,Joules,power/energy-pkg/,1000291639,100.00,,
   422.432405523,63.25,Joules,power/energy-pkg/,1000563616,100.00,,
   423.434265787,65.83,Joules,power/energy-pkg/,1001835971,100.00,,
   424.435470315,63.27,Joules,power/energy-pkg/,1001250601,100.00,,
   425.436706324,61.66,Joules,power/energy-pkg/,1001232213,100.00,,
   426.438093463,63.17,Joules,power/energy-pkg/,1001469305,100.00,,
   427.439396059,60.28,Joules,power/energy-pkg/,1001166300,100.00,,
   428.439958782,58.09,Joules,power/energy-pkg/,1000567221,100.00,,
   429.440474371,51.12,Joules,power/energy-pkg/,1000512197,100.00,,
   430.441593916,41.19,Joules,power/energy-pkg/,1001101130,100.00,,
   431.442244954,43.70,Joules,power/energy-pkg/,1000650346,100.00,,
   432.443353824,64.94,Joules,power/energy-pkg/,1001102957,100.00,,
   433.443935256,53.42,Joules,power/energy-pkg/,1000597379,100.00,,
   434.444825886,38.22,Joules,power/energy-pkg/,1000885021,100.00,,
   435.445938460,32.85,Joules,power/energy-pkg/,1001363918,100.00,,
   436.447327195,49.63,Joules,power/energy-pkg/,1001107560,100.00,,
   437.448419671,52.79,Joules,power/energy-pkg/,1001110322,100.00,,
   438.449635500,33.69,Joules,power/energy-pkg/,1001188875,100.00,,
   439.450244891,51.41,Joules,power/energy-pkg/,1000610499,100.00,,
   440.451443314,50.88,Joules,power/energy-pkg/,1001196998,100.00,,
   441.452543657,39.95,Joules,power/energy-pkg/,1001095655,100.00,,
   442.453663804,57.36,Joules,power/energy-pkg/,1001099311,100.00,,
   443.454263155,61.79,Joules,power/energy-pkg/,1000629313,100.00,,
   444.458270292,65.37,Joules,power/energy-pkg/,1003999250,100.00,,
   445.459555279,69.32,Joules,power/energy-pkg/,1001251544,100.00,,
   446.460574734,61.54,Joules,power/energy-pkg/,1001027988,100.00,,
   447.461697456,63.17,Joules,power/energy-pkg/,1001133310,100.00,,
   448.462240540,52.98,Joules,power/energy-pkg/,1000510492,100.00,,
   449.463406379,52.31,Joules,power/energy-pkg/,1001162428,100.00,,
   450.464553135,52.68,Joules,power/energy-pkg/,1001155511,100.00,,
   451.465667394,52.44,Joules,power/energy-pkg/,1001130799,100.00,,
   452.466237573,36.51,Joules,power/energy-pkg/,1000528619,100.00,,
   453.467337730,43.24,Joules,power/energy-pkg/,1001126916,100.00,,
   454.468444518,41.48,Joules,power/energy-pkg/,1001084006,100.00,,
   455.469535276,30.22,Joules,power/energy-pkg/,1001070877,100.00,,
   456.470251004,36.25,Joules,power/energy-pkg/,1000718337,100.00,,
   457.471321271,44.95,Joules,power/energy-pkg/,1001061721,100.00,,
   458.472430824,59.53,Joules,power/energy-pkg/,1001130498,100.00,,
   459.473572105,63.52,Joules,power/energy-pkg/,1001134275,100.00,,
   460.474271215,68.16,Joules,power/energy-pkg/,1000701189,100.00,,
   461.478264146,69.47,Joules,power/energy-pkg/,1003992753,100.00,,
   462.479575202,61.59,Joules,power/energy-pkg/,1001279440,100.00,,
   463.480000751,71.22,Joules,power/energy-pkg/,1000431667,100.00,,
   464.481176280,58.61,Joules,power/energy-pkg/,1001192213,100.00,,
   465.483135419,56.79,Joules,power/energy-pkg/,1001950220,100.00,,
   466.484310042,53.68,Joules,power/energy-pkg/,1001139113,100.00,,
   467.485411267,48.83,Joules,power/energy-pkg/,1001120208,100.00,,
   468.486249888,41.38,Joules,power/energy-pkg/,1000807178,100.00,,
   469.487332864,25.46,Joules,power/energy-pkg/,1001092790,100.00,,
   470.487605122,39.07,Joules,power/energy-pkg/,1000264868,100.00,,
   471.488708955,55.29,Joules,power/energy-pkg/,1001099148,100.00,,
   472.489847034,59.91,Joules,power/energy-pkg/,1001150204,100.00,,
   473.490255115,36.07,Joules,power/energy-pkg/,1000382661,100.00,,
   474.491384904,38.81,Joules,power/energy-pkg/,1001142287,100.00,,
   475.492318726,58.05,Joules,power/energy-pkg/,1000922846,100.00,,
   476.493431696,51.79,Joules,power/energy-pkg/,1001101150,100.00,,
   477.494240330,53.82,Joules,power/energy-pkg/,1000800841,100.00,,
   478.495332837,41.11,Joules,power/energy-pkg/,1001097643,100.00,,
   479.495989894,50.26,Joules,power/energy-pkg/,1000748045,100.00,,
   480.497312589,57.72,Joules,power/energy-pkg/,1001226392,100.00,,
   481.498258281,53.49,Joules,power/energy-pkg/,1000925903,100.00,,
   482.499259837,41.65,Joules,power/energy-pkg/,1001014632,100.00,,
   483.500399425,36.40,Joules,power/energy-pkg/,1001114488,100.00,,
   484.501469885,51.82,Joules,power/energy-pkg/,1001075930,100.00,,
   485.502372041,39.25,Joules,power/energy-pkg/,1000886495,100.00,,
   486.503445812,22.23,Joules,power/energy-pkg/,1001079500,100.00,,
   487.504593624,22.32,Joules,power/energy-pkg/,1001145644,100.00,,
   488.505672009,23.64,Joules,power/energy-pkg/,1001061438,100.00,,
   489.506240909,22.17,Joules,power/energy-pkg/,1000566262,100.00,,
   490.507330528,32.10,Joules,power/energy-pkg/,1001102504,100.00,,
   491.508482642,50.01,Joules,power/energy-pkg/,1001159810,100.00,,
   492.509714997,44.14,Joules,power/energy-pkg/,1001201747,100.00,,
   493.510248394,23.02,Joules,power/energy-pkg/,1000539443,100.00,,
   494.511352395,20.49,Joules,power/energy-pkg/,1001097966,100.00,,
   495.512427970,21.61,Joules,power/energy-pkg/,1001058628,100.00,,
   496.513505048,22.04,Joules,power/energy-pkg/,1001088479,100.00,,
   497.514232878,20.81,Joules,power/energy-pkg/,1000706729,100.00,,
   498.515318939,19.97,Joules,power/energy-pkg/,1001095358,100.00,,
   499.516407319,21.96,Joules,power/energy-pkg/,1001069793,100.00,,
   500.517462801,23.15,Joules,power/energy-pkg/,1001052203,100.00,,
   501.518253586,22.75,Joules,power/energy-pkg/,1000798849,100.00,,
   502.519347099,22.02,Joules,power/energy-pkg/,1001101148,100.00,,
   503.520192592,21.64,Joules,power/energy-pkg/,1000848255,100.00,,
   504.521296289,23.04,Joules,power/energy-pkg/,1001080325,100.00,,
   505.522233353,20.52,Joules,power/energy-pkg/,1000919329,100.00,,
   506.523296514,19.34,Joules,power/energy-pkg/,1001071725,100.00,,
   507.524366455,23.91,Joules,power/energy-pkg/,1001053049,100.00,,
   508.525435542,22.31,Joules,power/energy-pkg/,1001078259,100.00,,
   509.526261161,23.91,Joules,power/energy-pkg/,1000812914,100.00,,
   510.527348647,25.11,Joules,power/energy-pkg/,1001078955,100.00,,
   511.528434601,22.12,Joules,power/energy-pkg/,1001092232,100.00,,
   512.528985595,20.67,Joules,power/energy-pkg/,1000565403,100.00,,
   513.530096543,22.00,Joules,power/energy-pkg/,1001078500,100.00,,
   514.530250992,20.25,Joules,power/energy-pkg/,1000161631,100.00,,
   515.531338837,18.48,Joules,power/energy-pkg/,1001083760,100.00,,
   516.532426530,23.17,Joules,power/energy-pkg/,1001083880,100.00,,
   517.533303064,18.44,Joules,power/energy-pkg/,1000881784,100.00,,
   518.534236803,19.11,Joules,power/energy-pkg/,1000908896,100.00,,
   519.535334214,21.10,Joules,power/energy-pkg/,1001089406,100.00,,
   520.536415212,19.19,Joules,power/energy-pkg/,1001092633,100.00,,
   521.537518132,18.55,Joules,power/energy-pkg/,1001085152,100.00,,
   522.538252255,21.90,Joules,power/energy-pkg/,1000739975,100.00,,
