# started on Mon Feb  6 15:08:10 2023

     1.000783355,19.10,Joules,power/energy-pkg/,1000806852,100.00,,
     2.001905845,18.71,Joules,power/energy-pkg/,1001103155,100.00,,
     3.002972660,21.74,Joules,power/energy-pkg/,1001064593,100.00,,
     4.004061234,20.75,Joules,power/energy-pkg/,1001096474,100.00,,
     5.004480937,22.24,Joules,power/energy-pkg/,1000414115,100.00,,
     6.005558616,20.88,Joules,power/energy-pkg/,1001070862,100.00,,
     7.006651540,19.06,Joules,power/energy-pkg/,1001094890,100.00,,
     8.007744373,18.60,Joules,power/energy-pkg/,1001078122,100.00,,
     9.008464925,19.88,Joules,power/energy-pkg/,1000712641,100.00,,
    10.009525434,22.39,Joules,power/energy-pkg/,1001057701,100.00,,
    11.010599382,20.76,Joules,power/energy-pkg/,1001075023,100.00,,
    12.011697497,17.85,Joules,power/energy-pkg/,1001088983,100.00,,
    13.012496998,18.12,Joules,power/energy-pkg/,1000796695,100.00,,
    14.013555376,16.33,Joules,power/energy-pkg/,1001076126,100.00,,
    15.014678197,16.77,Joules,power/energy-pkg/,1001098454,100.00,,
    16.015774295,14.98,Joules,power/energy-pkg/,1001105827,100.00,,
    17.016497366,14.25,Joules,power/energy-pkg/,1000709175,100.00,,
    18.017586414,16.02,Joules,power/energy-pkg/,1001091445,100.00,,
    19.018674274,15.04,Joules,power/energy-pkg/,1001084717,100.00,,
    20.019767895,17.17,Joules,power/energy-pkg/,1001086814,100.00,,
    21.020836488,20.17,Joules,power/energy-pkg/,1001061295,100.00,,
    22.021911688,21.24,Joules,power/energy-pkg/,1001079808,100.00,,
    23.022999534,18.46,Joules,power/energy-pkg/,1001081911,100.00,,
    24.024092687,20.76,Joules,power/energy-pkg/,1001074997,100.00,,
    25.024475766,22.25,Joules,power/energy-pkg/,1000392542,100.00,,
    26.025228419,19.10,Joules,power/energy-pkg/,1000761926,100.00,,
    27.026342893,19.63,Joules,power/energy-pkg/,1001097907,100.00,,
    28.027434988,18.83,Joules,power/energy-pkg/,1001088700,100.00,,
    29.028477563,19.79,Joules,power/energy-pkg/,1001036718,100.00,,
    30.029560290,23.02,Joules,power/energy-pkg/,1001079697,100.00,,
    31.030641929,22.04,Joules,power/energy-pkg/,1001077761,100.00,,
    32.031722408,19.11,Joules,power/energy-pkg/,1001075232,100.00,,
    33.032479823,22.37,Joules,power/energy-pkg/,1000758400,100.00,,
    34.033595521,18.92,Joules,power/energy-pkg/,1001113694,100.00,,
    35.034694667,23.34,Joules,power/energy-pkg/,1001092587,100.00,,
    36.035782688,17.38,Joules,power/energy-pkg/,1001084059,100.00,,
    37.036467168,16.66,Joules,power/energy-pkg/,1000667827,100.00,,
    38.037558637,18.92,Joules,power/energy-pkg/,1001094494,100.00,,
    39.038506763,17.57,Joules,power/energy-pkg/,1000945164,100.00,,
    40.039609098,17.98,Joules,power/energy-pkg/,1001102415,100.00,,
    41.040467682,18.65,Joules,power/energy-pkg/,1000843793,100.00,,
    42.041545804,14.78,Joules,power/energy-pkg/,1001069908,100.00,,
    43.042620477,16.52,Joules,power/energy-pkg/,1001093053,100.00,,
    44.043747650,17.32,Joules,power/energy-pkg/,1001115133,100.00,,
    45.044481991,16.09,Joules,power/energy-pkg/,1000735290,100.00,,
    46.045570690,19.52,Joules,power/energy-pkg/,1001066411,100.00,,
    47.046659179,18.03,Joules,power/energy-pkg/,1001097953,100.00,,
    48.047751257,18.39,Joules,power/energy-pkg/,1001087569,100.00,,
    49.048468486,16.23,Joules,power/energy-pkg/,1000703171,100.00,,
    50.049570635,20.20,Joules,power/energy-pkg/,1001107579,100.00,,
    51.050665170,16.89,Joules,power/energy-pkg/,1001091524,100.00,,
    52.051770557,13.96,Joules,power/energy-pkg/,1001092450,100.00,,
    53.052463423,17.40,Joules,power/energy-pkg/,1000684656,100.00,,
    54.053533764,16.32,Joules,power/energy-pkg/,1001064172,100.00,,
    55.054597106,15.92,Joules,power/energy-pkg/,1001059265,100.00,,
    56.055675155,15.53,Joules,power/energy-pkg/,1001092665,100.00,,
    57.056464621,18.00,Joules,power/energy-pkg/,1000767417,100.00,,
    58.056897042,18.40,Joules,power/energy-pkg/,1000457862,100.00,,
    59.058005886,18.96,Joules,power/energy-pkg/,1001077092,100.00,,
    60.059095337,19.09,Joules,power/energy-pkg/,1001096680,100.00,,
    61.060180925,19.04,Joules,power/energy-pkg/,1001068524,100.00,,
    62.060462744,20.56,Joules,power/energy-pkg/,1000277650,100.00,,
    63.060634288,19.78,Joules,power/energy-pkg/,1000173475,100.00,,
    64.061707005,20.24,Joules,power/energy-pkg/,1001061943,100.00,,
    65.062780430,20.25,Joules,power/energy-pkg/,1001069700,100.00,,
    66.062891733,23.12,Joules,power/energy-pkg/,1000116645,100.00,,
    67.063993243,52.18,Joules,power/energy-pkg/,1001089003,100.00,,
    68.064461857,46.60,Joules,power/energy-pkg/,1000462936,100.00,,
    69.065126220,43.69,Joules,power/energy-pkg/,1000689488,100.00,,
    70.066229779,40.33,Joules,power/energy-pkg/,1001096023,100.00,,
    71.067323590,33.35,Joules,power/energy-pkg/,1001077558,100.00,,
    72.068410420,37.27,Joules,power/energy-pkg/,1001118441,100.00,,
    73.069534332,36.57,Joules,power/energy-pkg/,1001081671,100.00,,
    74.070156108,49.96,Joules,power/energy-pkg/,1000614862,100.00,,
    75.071236598,55.91,Joules,power/energy-pkg/,1001070521,100.00,,
    76.072324296,60.80,Joules,power/energy-pkg/,1001084644,100.00,,
    77.072472669,57.66,Joules,power/energy-pkg/,1000148071,100.00,,
    78.073575460,48.96,Joules,power/energy-pkg/,1001089716,100.00,,
    79.074631537,34.17,Joules,power/energy-pkg/,1001053352,100.00,,
    80.075701387,41.58,Joules,power/energy-pkg/,1001065625,100.00,,
    81.076464782,52.52,Joules,power/energy-pkg/,1000759270,100.00,,
    82.077538087,50.73,Joules,power/energy-pkg/,1001070347,100.00,,
    83.078638099,60.62,Joules,power/energy-pkg/,1002925774,100.00,,
    84.081579275,59.23,Joules,power/energy-pkg/,1001134329,100.00,,
    85.082772121,55.19,Joules,power/energy-pkg/,1001182298,100.00,,
    86.083875161,41.67,Joules,power/energy-pkg/,1001075704,100.00,,
    87.084486298,28.34,Joules,power/energy-pkg/,1000745042,100.00,,
    88.085697409,22.86,Joules,power/energy-pkg/,1001068999,100.00,,
    89.086777075,40.55,Joules,power/energy-pkg/,1001086861,100.00,,
    90.087855513,46.17,Joules,power/energy-pkg/,1001085352,100.00,,
    91.088471356,48.92,Joules,power/energy-pkg/,1000603018,100.00,,
    92.089581435,58.22,Joules,power/energy-pkg/,1001152608,100.00,,
    93.090867192,66.49,Joules,power/energy-pkg/,1001222192,100.00,,
    94.091941664,50.64,Joules,power/energy-pkg/,1001070548,100.00,,
    95.092498854,57.65,Joules,power/energy-pkg/,1001466060,100.00,,
    96.094549413,51.56,Joules,power/energy-pkg/,1001157986,100.00,,
    97.095635736,46.86,Joules,power/energy-pkg/,1001058009,100.00,,
    98.096487203,56.30,Joules,power/energy-pkg/,1000859953,100.00,,
    99.097588153,51.75,Joules,power/energy-pkg/,1001097752,100.00,,
   100.098701529,61.98,Joules,power/energy-pkg/,1001109724,100.00,,
   101.099806989,69.25,Joules,power/energy-pkg/,1001088762,100.00,,
   102.100475149,65.88,Joules,power/energy-pkg/,1000666900,100.00,,
   103.101587043,65.30,Joules,power/energy-pkg/,1001109657,100.00,,
   104.102738029,58.37,Joules,power/energy-pkg/,1001149272,100.00,,
   105.103822727,47.12,Joules,power/energy-pkg/,1001082527,100.00,,
   106.104491125,45.44,Joules,power/energy-pkg/,1000669914,100.00,,
   107.104741296,59.62,Joules,power/energy-pkg/,1000258402,100.00,,
   108.105877741,65.41,Joules,power/energy-pkg/,1001113977,100.00,,
   109.106997458,53.99,Joules,power/energy-pkg/,1001125462,100.00,,
   110.108141665,35.07,Joules,power/energy-pkg/,1001115980,100.00,,
   111.108477289,32.31,Joules,power/energy-pkg/,1000341046,100.00,,
   112.109555848,48.30,Joules,power/energy-pkg/,1001073119,100.00,,
   113.110710932,56.74,Joules,power/energy-pkg/,1001192939,100.00,,
   114.111952245,55.16,Joules,power/energy-pkg/,1001200284,100.00,,
   115.112471754,46.58,Joules,power/energy-pkg/,1000512286,100.00,,
   116.113556521,37.86,Joules,power/energy-pkg/,1001079954,100.00,,
   117.114643366,38.78,Joules,power/energy-pkg/,1001097751,100.00,,
   118.115757088,52.57,Joules,power/energy-pkg/,1001803818,100.00,,
   119.117642197,58.17,Joules,power/energy-pkg/,1001177263,100.00,,
   120.118393950,55.44,Joules,power/energy-pkg/,1000766552,100.00,,
   121.119293634,43.47,Joules,power/energy-pkg/,1000882993,100.00,,
   122.120423026,39.46,Joules,power/energy-pkg/,1001103657,100.00,,
   123.121520881,37.13,Joules,power/energy-pkg/,1001103415,100.00,,
   124.122595325,32.49,Joules,power/energy-pkg/,1001058893,100.00,,
   125.123668290,35.22,Joules,power/energy-pkg/,1001066253,100.00,,
   126.124473314,41.07,Joules,power/energy-pkg/,1000800624,100.00,,
   127.125551012,39.62,Joules,power/energy-pkg/,1001083264,100.00,,
   128.126638555,45.32,Joules,power/energy-pkg/,1001088761,100.00,,
   129.127734432,35.98,Joules,power/energy-pkg/,1001809266,100.00,,
   130.129554727,44.35,Joules,power/energy-pkg/,1001100390,100.00,,
   131.130663283,60.86,Joules,power/energy-pkg/,1002548162,100.00,,
   132.132530354,56.88,Joules,power/energy-pkg/,1000423880,100.00,,
   133.133655696,64.34,Joules,power/energy-pkg/,1001113185,100.00,,
   134.134751480,59.05,Joules,power/energy-pkg/,1001091212,100.00,,
   135.135916916,58.70,Joules,power/energy-pkg/,1001195834,100.00,,
   136.136480744,64.73,Joules,power/energy-pkg/,1000524160,100.00,,
   137.137567642,69.19,Joules,power/energy-pkg/,1001072453,100.00,,
   138.138668540,63.06,Joules,power/energy-pkg/,1001106245,100.00,,
   139.139769454,58.16,Joules,power/energy-pkg/,1001086728,100.00,,
   140.140489281,49.45,Joules,power/energy-pkg/,1000716258,100.00,,
   141.141642534,52.47,Joules,power/energy-pkg/,1001184408,100.00,,
   142.141929923,42.40,Joules,power/energy-pkg/,1000255323,100.00,,
   143.143032650,43.98,Joules,power/energy-pkg/,1001101471,100.00,,
   144.144122446,45.24,Joules,power/energy-pkg/,1001072624,100.00,,
   145.144484340,50.43,Joules,power/energy-pkg/,1000363080,100.00,,
   146.145565799,41.06,Joules,power/energy-pkg/,1001084001,100.00,,
   147.146174290,49.25,Joules,power/energy-pkg/,1000616561,100.00,,
   148.147305076,46.12,Joules,power/energy-pkg/,1001112378,100.00,,
   149.148389850,49.72,Joules,power/energy-pkg/,1001066579,100.00,,
   150.149488719,59.17,Joules,power/energy-pkg/,1001136443,100.00,,
   151.149784161,58.57,Joules,power/energy-pkg/,1000267463,100.00,,
   152.150877671,54.25,Joules,power/energy-pkg/,1001088216,100.00,,
   153.151997973,62.83,Joules,power/energy-pkg/,1001101528,100.00,,
   154.152492962,59.99,Joules,power/energy-pkg/,1000537906,100.00,,
   155.153704744,56.79,Joules,power/energy-pkg/,1001178496,100.00,,
   156.154807809,59.00,Joules,power/energy-pkg/,1001093596,100.00,,
   157.155675488,59.21,Joules,power/energy-pkg/,1000872941,100.00,,
   158.156481075,52.84,Joules,power/energy-pkg/,1000787514,100.00,,
   159.157098354,44.01,Joules,power/energy-pkg/,1000628693,100.00,,
   160.158201503,42.15,Joules,power/energy-pkg/,1001084519,100.00,,
   161.159309773,52.91,Joules,power/energy-pkg/,1001122221,100.00,,
   162.160418003,56.67,Joules,power/energy-pkg/,1001086770,100.00,,
   163.161536682,59.07,Joules,power/energy-pkg/,1001110544,100.00,,
   164.162624836,61.19,Joules,power/energy-pkg/,1001083498,100.00,,
   165.163716113,58.76,Joules,power/energy-pkg/,1001074590,100.00,,
   166.164465578,51.24,Joules,power/energy-pkg/,1000746117,100.00,,
   167.165544772,42.99,Joules,power/energy-pkg/,1001087591,100.00,,
   168.166270718,52.33,Joules,power/energy-pkg/,1000770154,100.00,,
   169.167506120,59.01,Joules,power/energy-pkg/,1001193217,100.00,,
   170.168481745,47.00,Joules,power/energy-pkg/,1000964365,100.00,,
   171.169568344,45.23,Joules,power/energy-pkg/,1001063739,100.00,,
   172.170654562,47.03,Joules,power/energy-pkg/,1001097455,100.00,,
   173.171764228,38.30,Joules,power/energy-pkg/,1001098324,100.00,,
   174.172492791,46.97,Joules,power/energy-pkg/,1000729259,100.00,,
   175.173140677,54.27,Joules,power/energy-pkg/,1000642732,100.00,,
   176.174228330,40.81,Joules,power/energy-pkg/,1001069226,100.00,,
   177.175297059,42.10,Joules,power/energy-pkg/,1001080475,100.00,,
   178.176410179,53.26,Joules,power/energy-pkg/,1001124909,100.00,,
   179.177551037,63.11,Joules,power/energy-pkg/,1001133374,100.00,,
   180.178679195,65.03,Joules,power/energy-pkg/,1001106897,100.00,,
   181.179759981,63.10,Joules,power/energy-pkg/,1001072523,100.00,,
   182.180465896,62.24,Joules,power/energy-pkg/,1000696721,100.00,,
   183.181564678,57.00,Joules,power/energy-pkg/,1002523361,100.00,,
   184.184148666,57.51,Joules,power/energy-pkg/,1001164815,100.00,,
   185.184464179,54.57,Joules,power/energy-pkg/,1000293561,100.00,,
   186.185542873,43.80,Joules,power/energy-pkg/,1001100660,100.00,,
   187.186677680,57.28,Joules,power/energy-pkg/,1001105780,100.00,,
   188.187791916,50.45,Joules,power/energy-pkg/,1001125195,100.00,,
   189.188473171,56.50,Joules,power/energy-pkg/,1000668443,100.00,,
   190.189610179,59.75,Joules,power/energy-pkg/,1001132907,100.00,,
   191.190741180,43.26,Joules,power/energy-pkg/,1001127230,100.00,,
   192.191246547,48.87,Joules,power/energy-pkg/,1000506571,100.00,,
   193.192328477,42.78,Joules,power/energy-pkg/,1001067425,100.00,,
   194.192465580,42.34,Joules,power/energy-pkg/,1000127795,100.00,,
   195.193567445,54.00,Joules,power/energy-pkg/,1001128275,100.00,,
   196.194022813,65.05,Joules,power/energy-pkg/,1000436266,100.00,,
   197.194942012,65.69,Joules,power/energy-pkg/,1000923466,100.00,,
   198.196057516,55.48,Joules,power/energy-pkg/,1001084091,100.00,,
   199.196465441,46.17,Joules,power/energy-pkg/,1000401958,100.00,,
   200.197549295,44.16,Joules,power/energy-pkg/,1001090383,100.00,,
   201.198686056,50.73,Joules,power/energy-pkg/,1001137816,100.00,,
   202.199801392,62.90,Joules,power/energy-pkg/,1001096157,100.00,,
   203.200479649,60.00,Joules,power/energy-pkg/,1000681956,100.00,,
   204.201585952,47.67,Joules,power/energy-pkg/,1001122791,100.00,,
   205.202740752,43.13,Joules,power/energy-pkg/,1001118161,100.00,,
   206.203813715,44.24,Joules,power/energy-pkg/,1001067056,100.00,,
   207.204463502,49.57,Joules,power/energy-pkg/,1000646420,100.00,,
   208.205539049,58.35,Joules,power/energy-pkg/,1001082498,100.00,,
   209.206627070,65.42,Joules,power/energy-pkg/,1001085063,100.00,,
   210.207803383,66.65,Joules,power/energy-pkg/,1001176137,100.00,,
   211.208477934,65.84,Joules,power/energy-pkg/,1000664347,100.00,,
   212.209561952,43.84,Joules,power/energy-pkg/,1001080415,100.00,,
   213.210653439,45.68,Joules,power/energy-pkg/,1001084267,100.00,,
   214.211742278,57.08,Joules,power/energy-pkg/,1001087805,100.00,,
   215.212480296,50.89,Joules,power/energy-pkg/,1000731873,100.00,,
   216.213561135,50.51,Joules,power/energy-pkg/,1001062685,100.00,,
   217.214642400,48.50,Joules,power/energy-pkg/,1001107195,100.00,,
   218.215759119,52.06,Joules,power/energy-pkg/,1001093026,100.00,,
   219.216467235,49.48,Joules,power/energy-pkg/,1000702320,100.00,,
   220.217561696,40.66,Joules,power/energy-pkg/,1001094068,100.00,,
   221.218653249,37.20,Joules,power/energy-pkg/,1001073150,100.00,,
   222.219743265,41.06,Joules,power/energy-pkg/,1001113855,100.00,,
   223.220501050,55.89,Joules,power/energy-pkg/,1000723667,100.00,,
   224.221568843,48.12,Joules,power/energy-pkg/,1001071903,100.00,,
   225.222651890,34.09,Joules,power/energy-pkg/,1001080459,100.00,,
   226.222865236,55.82,Joules,power/energy-pkg/,1000230998,100.00,,
   227.224037318,68.98,Joules,power/energy-pkg/,1001162657,100.00,,
   228.224503881,70.30,Joules,power/energy-pkg/,1000449333,100.00,,
   229.225594144,67.78,Joules,power/energy-pkg/,1001083279,100.00,,
   230.226701742,62.72,Joules,power/energy-pkg/,1001104615,100.00,,
   231.227792528,58.08,Joules,power/energy-pkg/,1001084815,100.00,,
   232.228473556,31.59,Joules,power/energy-pkg/,1000674100,100.00,,
   233.228564049,27.63,Joules,power/energy-pkg/,1000083540,100.00,,
   234.229657737,25.96,Joules,power/energy-pkg/,1001091643,100.00,,
   235.230748302,38.26,Joules,power/energy-pkg/,1001084862,100.00,,
   236.231834028,38.36,Joules,power/energy-pkg/,1001078147,100.00,,
   237.232477789,47.71,Joules,power/energy-pkg/,1000643308,100.00,,
   238.233618639,45.60,Joules,power/energy-pkg/,1001139668,100.00,,
   239.234729453,41.29,Joules,power/energy-pkg/,1001103096,100.00,,
   240.235516476,31.11,Joules,power/energy-pkg/,1000788982,100.00,,
   241.236463772,38.92,Joules,power/energy-pkg/,1000931553,100.00,,
   242.237546298,41.36,Joules,power/energy-pkg/,1001068948,100.00,,
   243.238624173,38.43,Joules,power/energy-pkg/,1001071348,100.00,,
   244.239696251,41.89,Joules,power/energy-pkg/,1001101104,100.00,,
   245.240470641,46.12,Joules,power/energy-pkg/,1000742990,100.00,,
   246.241567106,49.15,Joules,power/energy-pkg/,1001113357,100.00,,
   247.242689167,46.74,Joules,power/energy-pkg/,1001099819,100.00,,
   248.243775739,48.00,Joules,power/energy-pkg/,1001070916,100.00,,
   249.244469415,31.98,Joules,power/energy-pkg/,1000690741,100.00,,
   250.245559123,41.82,Joules,power/energy-pkg/,1001084948,100.00,,
   251.246639282,39.89,Joules,power/energy-pkg/,1001088488,100.00,,
   252.247723920,28.94,Joules,power/energy-pkg/,1001078395,100.00,,
   253.248551084,31.96,Joules,power/energy-pkg/,1000833903,100.00,,
   254.249711784,41.57,Joules,power/energy-pkg/,1001147127,100.00,,
   255.250792564,41.64,Joules,power/energy-pkg/,1001063584,100.00,,
   256.251887466,57.84,Joules,power/energy-pkg/,1001086614,100.00,,
   257.252469337,48.80,Joules,power/energy-pkg/,1000579156,100.00,,
   258.252911395,61.26,Joules,power/energy-pkg/,1000449702,100.00,,
   259.254011463,64.04,Joules,power/energy-pkg/,1001082556,100.00,,
   260.255098950,70.47,Joules,power/energy-pkg/,1001092616,100.00,,
   261.256283164,67.19,Joules,power/energy-pkg/,1001342535,100.00,,
   262.257543943,58.80,Joules,power/energy-pkg/,1001082802,100.00,,
   263.258621857,49.31,Joules,power/energy-pkg/,1001071418,100.00,,
   264.259686135,46.26,Joules,power/energy-pkg/,1001058627,100.00,,
   265.260496269,50.52,Joules,power/energy-pkg/,1000816643,100.00,,
   266.261584805,59.92,Joules,power/energy-pkg/,1001102884,100.00,,
   267.261759754,60.07,Joules,power/energy-pkg/,1000154804,100.00,,
   268.262856209,59.84,Joules,power/energy-pkg/,1001103058,100.00,,
   269.263968911,54.96,Joules,power/energy-pkg/,1001082811,100.00,,
   270.264485921,46.73,Joules,power/energy-pkg/,1001353608,100.00,,
   271.266415234,56.12,Joules,power/energy-pkg/,1001106281,100.00,,
   272.267544048,57.83,Joules,power/energy-pkg/,1001114060,100.00,,
   273.268497610,58.22,Joules,power/energy-pkg/,1001044457,100.00,,
   274.269689862,54.81,Joules,power/energy-pkg/,1001112113,100.00,,
   275.270832359,50.89,Joules,power/energy-pkg/,1001101761,100.00,,
   276.271893990,38.33,Joules,power/energy-pkg/,1001626905,100.00,,
   277.273556277,37.48,Joules,power/energy-pkg/,1001111719,100.00,,
   278.274660907,53.40,Joules,power/energy-pkg/,1001110799,100.00,,
   279.275788561,60.19,Joules,power/energy-pkg/,1001088195,100.00,,
   280.276463923,53.70,Joules,power/energy-pkg/,1000671055,100.00,,
   281.277531730,51.73,Joules,power/energy-pkg/,1001078768,100.00,,
   282.278640816,65.28,Joules,power/energy-pkg/,1001090309,100.00,,
   283.279739195,67.65,Joules,power/energy-pkg/,1001113989,100.00,,
   284.280468171,64.07,Joules,power/energy-pkg/,1000703656,100.00,,
   285.281558167,65.34,Joules,power/energy-pkg/,1001089895,100.00,,
   286.282678154,66.68,Joules,power/energy-pkg/,1001119189,100.00,,
   287.282826242,54.82,Joules,power/energy-pkg/,1000148800,100.00,,
   288.283912307,52.95,Joules,power/energy-pkg/,1001073455,100.00,,
   289.284789637,63.05,Joules,power/energy-pkg/,1000874902,100.00,,
   290.285887918,64.40,Joules,power/energy-pkg/,1001083159,100.00,,
   291.286986563,70.99,Joules,power/energy-pkg/,1001137404,100.00,,
   292.288190898,69.54,Joules,power/energy-pkg/,1001189381,100.00,,
   293.288466284,63.06,Joules,power/energy-pkg/,1000236574,100.00,,
   294.289547740,49.76,Joules,power/energy-pkg/,1001077597,100.00,,
   295.290623707,29.44,Joules,power/energy-pkg/,1001069270,100.00,,
   296.291697379,38.84,Joules,power/energy-pkg/,1001085174,100.00,,
   297.292466452,54.65,Joules,power/energy-pkg/,1000746574,100.00,,
   298.293226082,56.95,Joules,power/energy-pkg/,1000765939,100.00,,
   299.294316938,45.62,Joules,power/energy-pkg/,1001076577,100.00,,
   300.294766648,49.68,Joules,power/energy-pkg/,1000478205,100.00,,
   301.295903131,54.15,Joules,power/energy-pkg/,1001096681,100.00,,
   302.296470965,57.27,Joules,power/energy-pkg/,1000581595,100.00,,
   303.297603711,65.36,Joules,power/energy-pkg/,1001136974,100.00,,
   304.298732959,57.55,Joules,power/energy-pkg/,1001144994,100.00,,
   305.300080305,56.99,Joules,power/energy-pkg/,1001312131,100.00,,
   306.300487678,51.19,Joules,power/energy-pkg/,1000407805,100.00,,
   307.301747275,60.98,Joules,power/energy-pkg/,1001379407,100.00,,
   308.332477800,51.90,Joules,power/energy-pkg/,1030590600,100.00,,
   309.333587493,50.17,Joules,power/energy-pkg/,1001095326,100.00,,
   310.334681501,43.07,Joules,power/energy-pkg/,1001093615,100.00,,
   311.335766504,44.17,Joules,power/energy-pkg/,1001087187,100.00,,
   312.336495281,51.53,Joules,power/energy-pkg/,1000728944,100.00,,
   313.337686684,49.34,Joules,power/energy-pkg/,1001196131,100.00,,
   314.338811719,46.18,Joules,power/energy-pkg/,1001095021,100.00,,
   315.339916762,53.33,Joules,power/energy-pkg/,1001645877,100.00,,
   316.341557588,53.92,Joules,power/energy-pkg/,1001108688,100.00,,
   317.342683701,48.66,Joules,power/energy-pkg/,1001100513,100.00,,
   318.343770924,47.26,Joules,power/energy-pkg/,1001786953,100.00,,
   319.345565629,45.84,Joules,power/energy-pkg/,1001106559,100.00,,
   320.346663199,44.69,Joules,power/energy-pkg/,1001068554,100.00,,
   321.347747681,46.36,Joules,power/energy-pkg/,1001095319,100.00,,
   322.348473153,49.58,Joules,power/energy-pkg/,1000706248,100.00,,
   323.349569810,46.15,Joules,power/energy-pkg/,1001103970,100.00,,
   324.350260352,52.75,Joules,power/energy-pkg/,1000705612,100.00,,
   325.351404770,40.55,Joules,power/energy-pkg/,1001105575,100.00,,
   326.352462913,41.23,Joules,power/energy-pkg/,1001055598,100.00,,
   327.353556191,41.31,Joules,power/energy-pkg/,1001084588,100.00,,
   328.354620671,37.38,Joules,power/energy-pkg/,1001065763,100.00,,
   329.355737959,40.58,Joules,power/energy-pkg/,1001142516,100.00,,
   330.356641492,38.19,Joules,power/energy-pkg/,1000875639,100.00,,
   331.357782882,35.47,Joules,power/energy-pkg/,1001143409,100.00,,
   332.358884931,49.54,Joules,power/energy-pkg/,1001096761,100.00,,
   333.360054627,48.68,Joules,power/energy-pkg/,1001568485,100.00,,
   334.361587887,34.45,Joules,power/energy-pkg/,1001111103,100.00,,
   335.362387547,43.64,Joules,power/energy-pkg/,1000819757,100.00,,
   336.363494192,45.22,Joules,power/energy-pkg/,1001083505,100.00,,
   337.364464544,44.95,Joules,power/energy-pkg/,1000951892,100.00,,
   338.365536030,37.61,Joules,power/energy-pkg/,1001079952,100.00,,
   339.366622287,43.77,Joules,power/energy-pkg/,1001070268,100.00,,
   340.367704957,38.25,Joules,power/energy-pkg/,1001105062,100.00,,
   341.368495441,44.34,Joules,power/energy-pkg/,1000780125,100.00,,
   342.369750171,50.74,Joules,power/energy-pkg/,1001250641,100.00,,
   343.370366732,56.91,Joules,power/energy-pkg/,1000599838,100.00,,
   344.371474441,57.49,Joules,power/energy-pkg/,1001105108,100.00,,
   345.372487050,60.13,Joules,power/energy-pkg/,1001004563,100.00,,
   346.373612676,57.64,Joules,power/energy-pkg/,1001119127,100.00,,
   347.374693166,55.06,Joules,power/energy-pkg/,1001063889,100.00,,
   348.375772083,50.13,Joules,power/energy-pkg/,1001087438,100.00,,
   349.376483343,57.06,Joules,power/energy-pkg/,1000735969,100.00,,
   350.377685172,62.67,Joules,power/energy-pkg/,1001170394,100.00,,
   351.378800524,63.04,Joules,power/energy-pkg/,1001124015,100.00,,
   352.379952085,62.35,Joules,power/energy-pkg/,1001132627,100.00,,
   353.380487288,57.63,Joules,power/energy-pkg/,1000561323,100.00,,
   354.381720769,54.78,Joules,power/energy-pkg/,1001182456,100.00,,
   355.382542667,45.45,Joules,power/energy-pkg/,1000841957,100.00,,
   356.383648191,44.38,Joules,power/energy-pkg/,1001087513,100.00,,
   357.384493863,40.64,Joules,power/energy-pkg/,1000830130,100.00,,
   358.385572452,44.40,Joules,power/energy-pkg/,1001082133,100.00,,
   359.386660239,44.24,Joules,power/energy-pkg/,1001089863,100.00,,
   360.387863635,54.17,Joules,power/energy-pkg/,1001192916,100.00,,
   361.388468500,46.51,Joules,power/energy-pkg/,1000593924,100.00,,
   362.389614007,32.60,Joules,power/energy-pkg/,1001133431,100.00,,
   363.390704407,53.45,Joules,power/energy-pkg/,1001120452,100.00,,
   364.391870581,58.52,Joules,power/energy-pkg/,1001127884,100.00,,
   365.392466603,49.34,Joules,power/energy-pkg/,1000596225,100.00,,
   366.393583891,39.50,Joules,power/energy-pkg/,1001102933,100.00,,
   367.394645132,29.44,Joules,power/energy-pkg/,1001068016,100.00,,
   368.395767908,47.80,Joules,power/energy-pkg/,1001108172,100.00,,
   369.396466533,45.05,Joules,power/energy-pkg/,1000694433,100.00,,
   370.397556774,45.73,Joules,power/energy-pkg/,1001084867,100.00,,
   371.398638386,56.52,Joules,power/energy-pkg/,1001077754,100.00,,
   372.399728865,56.25,Joules,power/energy-pkg/,1001093349,100.00,,
   373.400744727,67.00,Joules,power/energy-pkg/,1001015146,100.00,,
   374.401852328,66.29,Joules,power/energy-pkg/,1001100899,100.00,,
   375.402988672,55.41,Joules,power/energy-pkg/,1001132495,100.00,,
   376.404091988,44.55,Joules,power/energy-pkg/,1001084300,100.00,,
   377.404467279,43.11,Joules,power/energy-pkg/,1000381074,100.00,,
   378.405596428,55.68,Joules,power/energy-pkg/,1001152655,100.00,,
   379.406786685,57.13,Joules,power/energy-pkg/,1001171450,100.00,,
   380.407732386,57.71,Joules,power/energy-pkg/,1000943663,100.00,,
   381.408734594,51.95,Joules,power/energy-pkg/,1008698663,100.00,,
   382.417556202,45.98,Joules,power/energy-pkg/,1001100454,100.00,,
   383.418646596,39.10,Joules,power/energy-pkg/,1001072747,100.00,,
   384.419764949,55.99,Joules,power/energy-pkg/,1001164345,100.00,,
   385.420505847,55.88,Joules,power/energy-pkg/,1000716592,100.00,,
   386.421704823,57.12,Joules,power/energy-pkg/,1001171125,100.00,,
   387.422792056,56.99,Joules,power/energy-pkg/,1001072037,100.00,,
   388.423887322,54.53,Joules,power/energy-pkg/,1001116479,100.00,,
   389.424469529,47.83,Joules,power/energy-pkg/,1000550999,100.00,,
   390.425559033,40.75,Joules,power/energy-pkg/,1003980943,100.00,,
   391.429541097,33.58,Joules,power/energy-pkg/,1001090946,100.00,,
   392.430650994,47.09,Joules,power/energy-pkg/,1001134798,100.00,,
   393.431868126,64.44,Joules,power/energy-pkg/,1001235393,100.00,,
   394.432481528,64.58,Joules,power/energy-pkg/,1000555805,100.00,,
   395.433605522,59.59,Joules,power/energy-pkg/,1001145545,100.00,,
   396.434769484,47.12,Joules,power/energy-pkg/,1001145622,100.00,,
   397.435858938,56.45,Joules,power/energy-pkg/,1001068495,100.00,,
   398.436510249,58.33,Joules,power/energy-pkg/,1000645004,100.00,,
   399.437650823,45.42,Joules,power/energy-pkg/,1001139481,100.00,,
   400.438752591,53.47,Joules,power/energy-pkg/,1001098649,100.00,,
   401.439922621,56.27,Joules,power/energy-pkg/,1001162347,100.00,,
   402.440472999,54.81,Joules,power/energy-pkg/,1000543174,100.00,,
   403.441563660,53.67,Joules,power/energy-pkg/,1001088876,100.00,,
   404.442659209,40.58,Joules,power/energy-pkg/,1001089608,100.00,,
   405.443739056,30.82,Joules,power/energy-pkg/,1001060630,100.00,,
   406.444488240,34.56,Joules,power/energy-pkg/,1000761834,100.00,,
   407.445603476,42.10,Joules,power/energy-pkg/,1001105000,100.00,,
   408.446689311,32.18,Joules,power/energy-pkg/,1001066758,100.00,,
   409.447759105,40.13,Joules,power/energy-pkg/,1001080211,100.00,,
   410.448467705,43.62,Joules,power/energy-pkg/,1000689785,100.00,,
   411.464475659,50.94,Joules,power/energy-pkg/,1016005113,100.00,,
   412.465564234,59.33,Joules,power/energy-pkg/,1001095423,100.00,,
   413.466663234,54.04,Joules,power/energy-pkg/,1001078221,100.00,,
   414.467733049,60.30,Joules,power/energy-pkg/,1001068311,100.00,,
   415.468480165,67.34,Joules,power/energy-pkg/,1000743035,100.00,,
   416.469579634,55.68,Joules,power/energy-pkg/,1001099474,100.00,,
   417.470674335,48.79,Joules,power/energy-pkg/,1001107539,100.00,,
   418.471799326,52.66,Joules,power/energy-pkg/,1001113140,100.00,,
   419.472468861,47.08,Joules,power/energy-pkg/,1000645726,100.00,,
   420.473559433,42.17,Joules,power/energy-pkg/,1001083445,100.00,,
   421.474646783,45.06,Joules,power/energy-pkg/,1001087755,100.00,,
   422.475749840,53.53,Joules,power/energy-pkg/,1001093018,100.00,,
   423.476470793,44.69,Joules,power/energy-pkg/,1000714688,100.00,,
   424.477553985,44.75,Joules,power/energy-pkg/,1001086546,100.00,,
   425.478635052,42.82,Joules,power/energy-pkg/,1001079835,100.00,,
   426.478977236,36.29,Joules,power/energy-pkg/,1000331904,100.00,,
   427.480050687,48.26,Joules,power/energy-pkg/,1001062773,100.00,,
   428.480475641,47.36,Joules,power/energy-pkg/,1000420378,100.00,,
   429.481591978,46.72,Joules,power/energy-pkg/,1001564426,100.00,,
   430.483222798,59.41,Joules,power/energy-pkg/,1001213473,100.00,,
   431.484500886,58.90,Joules,power/energy-pkg/,1001278709,100.00,,
   432.485737102,58.59,Joules,power/energy-pkg/,1001194691,100.00,,
   433.486902630,49.59,Joules,power/energy-pkg/,1001168238,100.00,,
   434.487997606,45.48,Joules,power/energy-pkg/,1001079696,100.00,,
   435.488475292,53.22,Joules,power/energy-pkg/,1000462193,100.00,,
   436.489565766,47.33,Joules,power/energy-pkg/,1001098554,100.00,,
   437.490665724,40.21,Joules,power/energy-pkg/,1001091382,100.00,,
   438.491747365,39.96,Joules,power/energy-pkg/,1001064908,100.00,,
   439.492489086,49.83,Joules,power/energy-pkg/,1000768811,100.00,,
   440.493289573,55.58,Joules,power/energy-pkg/,1000801046,100.00,,
   441.494524922,55.77,Joules,power/energy-pkg/,1001214224,100.00,,
   442.495712873,52.93,Joules,power/energy-pkg/,1001191098,100.00,,
   443.496490175,61.06,Joules,power/energy-pkg/,1000771964,100.00,,
   444.497740756,59.71,Joules,power/energy-pkg/,1001230468,100.00,,
   445.498858518,57.74,Joules,power/energy-pkg/,1001098203,100.00,,
   446.499956975,52.94,Joules,power/energy-pkg/,1001100309,100.00,,
   447.500947532,54.90,Joules,power/energy-pkg/,1001022889,100.00,,
   448.502188195,62.93,Joules,power/energy-pkg/,1001219073,100.00,,
   449.503346720,58.20,Joules,power/energy-pkg/,1001130877,100.00,,
   450.504435556,49.34,Joules,power/energy-pkg/,1001100573,100.00,,
   451.504602053,47.73,Joules,power/energy-pkg/,1000145967,100.00,,
   452.505688886,44.36,Joules,power/energy-pkg/,1001086119,100.00,,
   453.506771789,37.92,Joules,power/energy-pkg/,1001074490,100.00,,
   454.507859226,34.81,Joules,power/energy-pkg/,1001079826,100.00,,
   455.508480535,52.61,Joules,power/energy-pkg/,1000611107,100.00,,
   456.509580681,50.00,Joules,power/energy-pkg/,1001110094,100.00,,
   457.510751155,48.84,Joules,power/energy-pkg/,1001162647,100.00,,
   458.511837376,52.88,Joules,power/energy-pkg/,1001064097,100.00,,
   459.512468225,43.90,Joules,power/energy-pkg/,1000637469,100.00,,
   460.513564368,51.13,Joules,power/energy-pkg/,1001115241,100.00,,
   461.514716228,54.49,Joules,power/energy-pkg/,1001139162,100.00,,
   462.515827247,52.65,Joules,power/energy-pkg/,1001079103,100.00,,
   463.516462365,48.26,Joules,power/energy-pkg/,1000627867,100.00,,
   464.517539330,41.43,Joules,power/energy-pkg/,1001096324,100.00,,
   465.518633727,31.98,Joules,power/energy-pkg/,1001075847,100.00,,
   466.519725919,38.11,Joules,power/energy-pkg/,1001089888,100.00,,
   467.520481212,35.46,Joules,power/energy-pkg/,1000747370,100.00,,
   468.521566119,35.44,Joules,power/energy-pkg/,1001098159,100.00,,
   469.522509221,47.11,Joules,power/energy-pkg/,1000918186,100.00,,
   470.523609342,59.61,Joules,power/energy-pkg/,1001087021,100.00,,
   471.524493132,61.57,Joules,power/energy-pkg/,1000882374,100.00,,
   472.525581593,51.71,Joules,power/energy-pkg/,1001089108,100.00,,
   473.526665354,30.85,Joules,power/energy-pkg/,1001066301,100.00,,
   474.527745877,30.94,Joules,power/energy-pkg/,1001084712,100.00,,
   475.528463745,28.12,Joules,power/energy-pkg/,1000702390,100.00,,
   476.529544742,30.90,Joules,power/energy-pkg/,1001088901,100.00,,
   477.530626295,36.83,Joules,power/energy-pkg/,1001064245,100.00,,
   478.531696749,22.53,Joules,power/energy-pkg/,1001063998,100.00,,
   479.532482536,28.50,Joules,power/energy-pkg/,1000791071,100.00,,
   480.533587505,28.64,Joules,power/energy-pkg/,1001089624,100.00,,
   481.534665034,29.93,Joules,power/energy-pkg/,1001084308,100.00,,
   482.535753209,33.27,Joules,power/energy-pkg/,1001080479,100.00,,
   483.536481568,25.41,Joules,power/energy-pkg/,1000720136,100.00,,
   484.537098399,19.74,Joules,power/energy-pkg/,1000633213,100.00,,
   485.538199215,22.73,Joules,power/energy-pkg/,1001066800,100.00,,
   486.539281764,19.84,Joules,power/energy-pkg/,1001094337,100.00,,
   487.540418678,19.77,Joules,power/energy-pkg/,1001126617,100.00,,
   488.541509808,19.41,Joules,power/energy-pkg/,1001085248,100.00,,
   489.542595678,19.39,Joules,power/energy-pkg/,1001083311,100.00,,
   490.543702927,17.87,Joules,power/energy-pkg/,1001086679,100.00,,
   491.544466560,18.26,Joules,power/energy-pkg/,1000758753,100.00,,
   492.545553147,19.42,Joules,power/energy-pkg/,1001094144,100.00,,
   493.546642327,18.62,Joules,power/energy-pkg/,1001072557,100.00,,
   494.547730563,21.95,Joules,power/energy-pkg/,1001092846,100.00,,
   495.548483304,19.88,Joules,power/energy-pkg/,1000751080,100.00,,
   496.549571999,19.50,Joules,power/energy-pkg/,1001081377,100.00,,
   497.550683973,18.72,Joules,power/energy-pkg/,1001107241,100.00,,
   498.550863831,17.90,Joules,power/energy-pkg/,1000175024,100.00,,
   499.551947260,18.02,Joules,power/energy-pkg/,1001064279,100.00,,
   500.552473324,18.65,Joules,power/energy-pkg/,1000526596,100.00,,
   501.553599618,17.32,Joules,power/energy-pkg/,1001122070,100.00,,
   502.554733218,16.81,Joules,power/energy-pkg/,1001135003,100.00,,
   503.555873524,16.30,Joules,power/energy-pkg/,1001135431,100.00,,
   504.556624754,17.07,Joules,power/energy-pkg/,1000730844,100.00,,
   505.557691283,17.52,Joules,power/energy-pkg/,1001061819,100.00,,
   506.558785896,17.56,Joules,power/energy-pkg/,1001094116,100.00,,
   507.559005987,17.52,Joules,power/energy-pkg/,1000217450,100.00,,
   508.560099761,20.72,Joules,power/energy-pkg/,1001088034,100.00,,
   509.560475648,18.47,Joules,power/energy-pkg/,1000375618,100.00,,
   510.561554859,21.08,Joules,power/energy-pkg/,1001059794,100.00,,
   511.562612692,19.24,Joules,power/energy-pkg/,1001055155,100.00,,
   512.562822512,16.12,Joules,power/energy-pkg/,1000221694,100.00,,
