# started on Wed Aug  2 21:42:54 2023

     1.001082717,4.36,Joules,power/energy-pkg/,1001100362,100.00,,
     2.002181246,4.22,Joules,power/energy-pkg/,1001085235,100.00,,
     3.003255100,4.99,Joules,power/energy-pkg/,1001066646,100.00,,
     4.003947112,4.53,Joules,power/energy-pkg/,1000743620,100.00,,
     5.005290219,7.73,Joules,power/energy-pkg/,1001307595,100.00,,
     6.006551263,5.97,Joules,power/energy-pkg/,1001252974,100.00,,
     7.007769021,4.85,Joules,power/energy-pkg/,1001212706,100.00,,
     8.008051722,4.35,Joules,power/energy-pkg/,1000277797,100.00,,
     9.009272946,7.43,Joules,power/energy-pkg/,1001221227,100.00,,
    10.010495773,4.14,Joules,power/energy-pkg/,1001214833,100.00,,
    11.011713445,4.30,Joules,power/energy-pkg/,1001213715,100.00,,
    12.012918605,4.14,Joules,power/energy-pkg/,1001203505,100.00,,
    13.014218002,4.32,Joules,power/energy-pkg/,1001294244,100.00,,
    14.015516951,4.39,Joules,power/energy-pkg/,1001293983,100.00,,
    15.016794564,3.76,Joules,power/energy-pkg/,1001274070,100.00,,
    16.018083285,4.05,Joules,power/energy-pkg/,1001283129,100.00,,
    17.019353131,5.78,Joules,power/energy-pkg/,1001288309,100.00,,
    18.019630081,3.73,Joules,power/energy-pkg/,1000348193,100.00,,
    19.021059491,4.56,Joules,power/energy-pkg/,1001324972,100.00,,
    20.022348961,4.07,Joules,power/energy-pkg/,1001288493,100.00,,
    21.023670164,3.80,Joules,power/energy-pkg/,1001317402,100.00,,
    22.024994895,4.04,Joules,power/energy-pkg/,1001319140,100.00,,
    23.026331398,4.43,Joules,power/energy-pkg/,1001333311,100.00,,
    24.027685210,4.34,Joules,power/energy-pkg/,1001349135,100.00,,
    25.028990875,4.39,Joules,power/energy-pkg/,1001296990,100.00,,
    26.030301397,4.20,Joules,power/energy-pkg/,1001310058,100.00,,
    27.031648782,3.70,Joules,power/energy-pkg/,1001342840,100.00,,
    28.032981784,4.05,Joules,power/energy-pkg/,1001329004,100.00,,
    29.034339220,4.62,Joules,power/energy-pkg/,1001353136,100.00,,
    30.035655934,3.65,Joules,power/energy-pkg/,1001311822,100.00,,
    31.036049417,4.00,Joules,power/energy-pkg/,1000388271,100.00,,
    32.037356377,4.02,Joules,power/energy-pkg/,1001303358,100.00,,
    33.038700744,3.79,Joules,power/energy-pkg/,1001340148,100.00,,
    34.040025768,4.53,Joules,power/energy-pkg/,1001325227,100.00,,
    35.041396856,4.18,Joules,power/energy-pkg/,1001363640,100.00,,
    36.042771410,3.62,Joules,power/energy-pkg/,1001368351,100.00,,
    37.044214115,4.01,Joules,power/energy-pkg/,1001444433,100.00,,
    38.045689918,3.97,Joules,power/energy-pkg/,1001471606,100.00,,
    39.047040082,4.09,Joules,power/energy-pkg/,1001340874,100.00,,
    40.048044586,4.14,Joules,power/energy-pkg/,1001000556,100.00,,
    41.049413953,4.38,Joules,power/energy-pkg/,1001369941,100.00,,
    42.050913807,3.64,Joules,power/energy-pkg/,1001495127,100.00,,
    43.051943396,4.12,Joules,power/energy-pkg/,1001014563,100.00,,
    44.053276404,4.01,Joules,power/energy-pkg/,1001339897,100.00,,
    45.054742652,3.67,Joules,power/energy-pkg/,1001462071,100.00,,
    46.056080945,4.42,Joules,power/energy-pkg/,1001329958,100.00,,
    47.056454475,3.90,Joules,power/energy-pkg/,1000394452,100.00,,
    48.057703971,3.69,Joules,power/energy-pkg/,1001217677,100.00,,
    49.059206687,4.17,Joules,power/energy-pkg/,1001504255,100.00,,
    50.060068358,4.14,Joules,power/energy-pkg/,1000849900,100.00,,
    51.061291571,9.67,Joules,power/energy-pkg/,1001198007,100.00,,
    52.062475244,9.07,Joules,power/energy-pkg/,1001200791,100.00,,
    53.063567226,3.88,Joules,power/energy-pkg/,1001137288,100.00,,
    54.065108537,8.18,Joules,power/energy-pkg/,1001493939,100.00,,
    55.066470519,4.30,Joules,power/energy-pkg/,1001350679,100.00,,
    56.067830058,3.57,Joules,power/energy-pkg/,1001357429,100.00,,
    57.069217556,4.01,Joules,power/energy-pkg/,1001382629,100.00,,
    58.070546371,4.60,Joules,power/energy-pkg/,1001327131,100.00,,
    59.071944802,3.68,Joules,power/energy-pkg/,1001396020,100.00,,
    60.073293166,3.92,Joules,power/energy-pkg/,1001339103,100.00,,
    61.074653009,4.39,Joules,power/energy-pkg/,1001356319,100.00,,
    62.076166040,3.55,Joules,power/energy-pkg/,1001513214,100.00,,
    63.077636115,4.25,Joules,power/energy-pkg/,1001464776,100.00,,
    64.079017335,4.53,Joules,power/energy-pkg/,1001370781,100.00,,
    65.080050313,4.71,Joules,power/energy-pkg/,1001027186,100.00,,
    66.081390553,4.30,Joules,power/energy-pkg/,1001342166,100.00,,
    67.082737666,4.48,Joules,power/energy-pkg/,1001343426,100.00,,
    68.083936087,8.01,Joules,power/energy-pkg/,1001189324,100.00,,
    69.085099779,10.96,Joules,power/energy-pkg/,1001164777,100.00,,
    70.085692202,28.82,Joules,power/energy-pkg/,1000627461,100.00,,
    71.086902397,40.18,Joules,power/energy-pkg/,1001142067,100.00,,
    72.087937647,24.69,Joules,power/energy-pkg/,1001041638,100.00,,
    73.089164128,12.00,Joules,power/energy-pkg/,1001225072,100.00,,
    74.090255665,45.52,Joules,power/energy-pkg/,1001069826,100.00,,
    75.091354529,42.08,Joules,power/energy-pkg/,1001110788,100.00,,
    76.091928445,30.94,Joules,power/energy-pkg/,1000569044,100.00,,
    77.093125050,45.43,Joules,power/energy-pkg/,1001184470,100.00,,
    78.094279676,44.16,Joules,power/energy-pkg/,1001166062,100.00,,
    79.095382623,36.59,Joules,power/energy-pkg/,1001073395,100.00,,
    80.095945957,42.46,Joules,power/energy-pkg/,1000602395,100.00,,
    81.097127275,43.26,Joules,power/energy-pkg/,1001157890,100.00,,
    82.098300471,48.65,Joules,power/energy-pkg/,1001167503,100.00,,
    83.099471257,47.48,Joules,power/energy-pkg/,1001173387,100.00,,
    84.099958222,26.92,Joules,power/energy-pkg/,1000470897,100.00,,
    85.101158087,27.19,Joules,power/energy-pkg/,1001192819,100.00,,
    86.102316440,32.71,Joules,power/energy-pkg/,1001160207,100.00,,
    87.103415378,32.67,Joules,power/energy-pkg/,1001073710,100.00,,
    88.103925985,41.63,Joules,power/energy-pkg/,1000506417,100.00,,
    89.105090814,45.16,Joules,power/energy-pkg/,1001192285,100.00,,
    90.106288817,49.73,Joules,power/energy-pkg/,1001166829,100.00,,
    91.107388737,53.21,Joules,power/energy-pkg/,1001103783,100.00,,
    92.108397643,46.11,Joules,power/energy-pkg/,1001017857,100.00,,
    93.109509068,47.95,Joules,power/energy-pkg/,1001080244,100.00,,
    94.110683648,46.16,Joules,power/energy-pkg/,1001194580,100.00,,
    95.111791134,60.63,Joules,power/energy-pkg/,1001079945,100.00,,
    96.111996749,57.92,Joules,power/energy-pkg/,1000226467,100.00,,
    97.113114541,63.74,Joules,power/energy-pkg/,1001090050,100.00,,
    98.114225003,60.23,Joules,power/energy-pkg/,1001103741,100.00,,
    99.115322991,42.31,Joules,power/energy-pkg/,1001127628,100.00,,
   100.116005105,33.28,Joules,power/energy-pkg/,1000642033,100.00,,
   101.117090904,40.63,Joules,power/energy-pkg/,1001095081,100.00,,
   102.118245786,42.37,Joules,power/energy-pkg/,1001165626,100.00,,
   103.119374788,60.52,Joules,power/energy-pkg/,1001095229,100.00,,
   104.119926179,49.05,Joules,power/energy-pkg/,1000548999,100.00,,
   105.121261946,32.85,Joules,power/energy-pkg/,1001358485,100.00,,
   106.122590834,5.32,Joules,power/energy-pkg/,1001319123,100.00,,
   107.123900803,7.24,Joules,power/energy-pkg/,1001330756,100.00,,
   108.124344541,29.36,Joules,power/energy-pkg/,1000408734,100.00,,
   109.125456323,49.03,Joules,power/energy-pkg/,1001104320,100.00,,
   110.126550583,41.15,Joules,power/energy-pkg/,1001078328,100.00,,
   111.127750262,49.40,Joules,power/energy-pkg/,1001199467,100.00,,
   112.127956179,39.89,Joules,power/energy-pkg/,1000206493,100.00,,
   113.129058482,60.39,Joules,power/energy-pkg/,1001087896,100.00,,
   114.130210626,52.30,Joules,power/energy-pkg/,1001152083,100.00,,
   115.131366006,31.83,Joules,power/energy-pkg/,1001150101,100.00,,
   116.132007411,41.21,Joules,power/energy-pkg/,1000631684,100.00,,
   117.133077905,43.56,Joules,power/energy-pkg/,1001067832,100.00,,
   118.134165767,42.16,Joules,power/energy-pkg/,1001082963,100.00,,
   119.135335051,9.86,Joules,power/energy-pkg/,1001242388,100.00,,
   120.135995257,17.89,Joules,power/energy-pkg/,1000601405,100.00,,
   121.137100550,29.48,Joules,power/energy-pkg/,1001077948,100.00,,
   122.138193041,36.19,Joules,power/energy-pkg/,1001089496,100.00,,
   123.139294868,58.67,Joules,power/energy-pkg/,1001094018,100.00,,
   124.139999823,48.56,Joules,power/energy-pkg/,1000704636,100.00,,
   125.141164642,43.25,Joules,power/energy-pkg/,1001161930,100.00,,
   126.142251012,47.46,Joules,power/energy-pkg/,1001092392,100.00,,
   127.143421222,30.04,Joules,power/energy-pkg/,1001158941,100.00,,
   128.143978527,52.95,Joules,power/energy-pkg/,1000564229,100.00,,
   129.145169851,48.68,Joules,power/energy-pkg/,1001223859,100.00,,
   130.146370673,52.54,Joules,power/energy-pkg/,1001143273,100.00,,
   131.147490335,51.14,Joules,power/energy-pkg/,1001126540,100.00,,
   132.148008500,32.53,Joules,power/energy-pkg/,1000499673,100.00,,
   133.149155845,52.22,Joules,power/energy-pkg/,1001168017,100.00,,
   134.150342172,51.58,Joules,power/energy-pkg/,1001163547,100.00,,
   135.151418837,52.45,Joules,power/energy-pkg/,1001066299,100.00,,
   136.151944632,49.59,Joules,power/energy-pkg/,1000528184,100.00,,
   137.153039679,33.88,Joules,power/energy-pkg/,1001096428,100.00,,
   138.154122203,48.14,Joules,power/energy-pkg/,1001065332,100.00,,
   139.155289296,63.87,Joules,power/energy-pkg/,1001173191,100.00,,
   140.156013487,53.80,Joules,power/energy-pkg/,1000712889,100.00,,
   141.157155723,49.35,Joules,power/energy-pkg/,1001169824,100.00,,
   142.158325873,44.16,Joules,power/energy-pkg/,1001166337,100.00,,
   143.159463207,53.11,Joules,power/energy-pkg/,1001110551,100.00,,
   144.159925263,49.92,Joules,power/energy-pkg/,1000460234,100.00,,
   145.160285012,48.37,Joules,power/energy-pkg/,1000405269,100.00,,
   146.161445633,45.82,Joules,power/energy-pkg/,1001092110,100.00,,
   147.162546128,39.54,Joules,power/energy-pkg/,1001107376,100.00,,
   148.163710357,47.41,Joules,power/energy-pkg/,1001181421,100.00,,
   149.163924425,50.91,Joules,power/energy-pkg/,1000175521,100.00,,
   150.165087134,31.38,Joules,power/energy-pkg/,1001188960,100.00,,
   151.166217351,49.98,Joules,power/energy-pkg/,1001095146,100.00,,
   152.167307553,28.13,Joules,power/energy-pkg/,1001086021,100.00,,
   153.167927860,30.93,Joules,power/energy-pkg/,1000630847,100.00,,
   154.169127818,26.26,Joules,power/energy-pkg/,1001199514,100.00,,
   155.170409542,23.05,Joules,power/energy-pkg/,1001283657,100.00,,
   156.171590413,50.14,Joules,power/energy-pkg/,1001175700,100.00,,
   157.172701975,39.41,Joules,power/energy-pkg/,1001084156,100.00,,
   158.173886748,23.80,Joules,power/energy-pkg/,1001199523,100.00,,
   159.175185801,25.98,Joules,power/energy-pkg/,1001298222,100.00,,
   160.175923830,34.25,Joules,power/energy-pkg/,1000709104,100.00,,
   161.177011060,29.77,Joules,power/energy-pkg/,1001098152,100.00,,
   162.178200767,23.07,Joules,power/energy-pkg/,1001174276,100.00,,
   163.179294930,36.54,Joules,power/energy-pkg/,1001086793,100.00,,
   164.179920615,39.41,Joules,power/energy-pkg/,1000618858,100.00,,
   165.181069193,42.89,Joules,power/energy-pkg/,1001152204,100.00,,
   166.182239032,35.51,Joules,power/energy-pkg/,1001163576,100.00,,
   167.183320351,48.98,Joules,power/energy-pkg/,1001074860,100.00,,
   168.184068194,24.24,Joules,power/energy-pkg/,1000761580,100.00,,
   169.185392501,17.43,Joules,power/energy-pkg/,1001319087,100.00,,
   170.186496348,37.57,Joules,power/energy-pkg/,1001077881,100.00,,
   171.187642014,32.09,Joules,power/energy-pkg/,1001173367,100.00,,
   172.188290221,65.74,Joules,power/energy-pkg/,1004242286,100.00,,
   173.193020288,37.25,Joules,power/energy-pkg/,1001095951,100.00,,
   174.194164108,52.19,Joules,power/energy-pkg/,1001171339,100.00,,
   175.195303322,47.10,Joules,power/energy-pkg/,1001104939,100.00,,
   176.196009368,31.57,Joules,power/energy-pkg/,1000729768,100.00,,
   177.197199146,49.02,Joules,power/energy-pkg/,1001181207,100.00,,
   178.198476683,25.06,Joules,power/energy-pkg/,1001275555,100.00,,
   179.199809949,17.11,Joules,power/energy-pkg/,1001307376,100.00,,
   180.199946921,42.48,Joules,power/energy-pkg/,1000150633,100.00,,
   181.201133559,40.47,Joules,power/energy-pkg/,1001157487,100.00,,
   182.202216412,18.98,Joules,power/energy-pkg/,1001095657,100.00,,
   183.203460857,7.75,Joules,power/energy-pkg/,1001240200,100.00,,
   184.204006757,24.22,Joules,power/energy-pkg/,1000524575,100.00,,
   185.205079711,42.64,Joules,power/energy-pkg/,1001070849,100.00,,
   186.206245187,51.57,Joules,power/energy-pkg/,1001171975,100.00,,
   187.207416259,47.03,Joules,power/energy-pkg/,1001160072,100.00,,
   188.208008257,31.33,Joules,power/energy-pkg/,1000597970,100.00,,
   189.209212298,19.34,Joules,power/energy-pkg/,1001193763,100.00,,
   190.210367070,37.01,Joules,power/energy-pkg/,1001143744,100.00,,
   191.211443670,49.22,Joules,power/energy-pkg/,1001074196,100.00,,
   192.212635727,41.99,Joules,power/energy-pkg/,1001187243,100.00,,
   193.213728099,31.26,Joules,power/energy-pkg/,1001082998,100.00,,
   194.214905327,44.84,Joules,power/energy-pkg/,1001175456,100.00,,
   195.215924516,39.22,Joules,power/energy-pkg/,1001013151,100.00,,
   196.217031392,39.62,Joules,power/energy-pkg/,1001118020,100.00,,
   197.218320032,19.77,Joules,power/energy-pkg/,1001286666,100.00,,
   198.219423124,68.99,Joules,power/energy-pkg/,1001108048,100.00,,
   199.219928541,62.87,Joules,power/energy-pkg/,1000476133,100.00,,
   200.221107625,49.74,Joules,power/energy-pkg/,1001186596,100.00,,
   201.222242422,49.08,Joules,power/energy-pkg/,1001117776,100.00,,
   202.223349009,54.66,Joules,power/energy-pkg/,1001101721,100.00,,
   203.223943480,35.84,Joules,power/energy-pkg/,1000592827,100.00,,
   204.225121592,34.47,Joules,power/energy-pkg/,1001172150,100.00,,
   205.226277590,41.26,Joules,power/energy-pkg/,1001170066,100.00,,
   206.227449384,45.77,Joules,power/energy-pkg/,1001176074,100.00,,
   207.228037777,55.13,Joules,power/energy-pkg/,1000597507,100.00,,
   208.229245964,51.14,Joules,power/energy-pkg/,1001165940,100.00,,
   209.230404743,39.37,Joules,power/energy-pkg/,1001152009,100.00,,
   210.231537083,53.79,Joules,power/energy-pkg/,1001143646,100.00,,
   211.232018193,41.43,Joules,power/energy-pkg/,1000484292,100.00,,
   212.233208000,38.42,Joules,power/energy-pkg/,1001163103,100.00,,
   213.234371548,33.25,Joules,power/energy-pkg/,1001155595,100.00,,
   214.235437060,30.88,Joules,power/energy-pkg/,1001058774,100.00,,
   215.235931776,46.92,Joules,power/energy-pkg/,1000504454,100.00,,
   216.237028517,68.36,Joules,power/energy-pkg/,1001081240,100.00,,
   217.238191079,55.97,Joules,power/energy-pkg/,1001184994,100.00,,
   218.239378247,46.90,Joules,power/energy-pkg/,1001179320,100.00,,
   219.239927230,31.91,Joules,power/energy-pkg/,1000525097,100.00,,
   220.241125124,28.35,Joules,power/energy-pkg/,1001207685,100.00,,
   221.242340756,38.20,Joules,power/energy-pkg/,1001196442,100.00,,
   222.243482411,34.64,Joules,power/energy-pkg/,1001138019,100.00,,
   223.243934156,21.84,Joules,power/energy-pkg/,1000456042,100.00,,
   224.245126816,17.44,Joules,power/energy-pkg/,1001177500,100.00,,
   225.246233410,48.03,Joules,power/energy-pkg/,1001099468,100.00,,
   226.247321845,45.78,Joules,power/energy-pkg/,1001086544,100.00,,
   227.248016043,41.71,Joules,power/energy-pkg/,1000699708,100.00,,
   228.249208104,32.21,Joules,power/energy-pkg/,1001193546,100.00,,
   229.250325394,35.90,Joules,power/energy-pkg/,1001097277,100.00,,
   230.251508523,57.07,Joules,power/energy-pkg/,1001211449,100.00,,
   231.252009221,44.05,Joules,power/energy-pkg/,1000488288,100.00,,
   232.253200268,42.23,Joules,power/energy-pkg/,1001181608,100.00,,
   233.254303967,9.69,Joules,power/energy-pkg/,1001094371,100.00,,
   234.255592254,7.24,Joules,power/energy-pkg/,1001289103,100.00,,
   235.255919816,20.68,Joules,power/energy-pkg/,1000300519,100.00,,
   236.257011235,29.60,Joules,power/energy-pkg/,1001086249,100.00,,
   237.258085611,50.28,Joules,power/energy-pkg/,1001074822,100.00,,
   238.259262660,67.96,Joules,power/energy-pkg/,1001200057,100.00,,
   239.260001970,64.98,Joules,power/energy-pkg/,1000752585,100.00,,
   240.261204849,24.06,Joules,power/energy-pkg/,1001167911,100.00,,
   241.262471983,7.76,Joules,power/energy-pkg/,1001264658,100.00,,
   242.263685601,16.59,Joules,power/energy-pkg/,1001190228,100.00,,
   243.263923361,39.06,Joules,power/energy-pkg/,1000260517,100.00,,
   244.265035464,39.70,Joules,power/energy-pkg/,1001081505,100.00,,
   245.266199497,58.50,Joules,power/energy-pkg/,1001162038,100.00,,
   246.267356022,50.73,Joules,power/energy-pkg/,1001154101,100.00,,
   247.267922097,63.94,Joules,power/energy-pkg/,1000555415,100.00,,
   248.269013089,29.37,Joules,power/energy-pkg/,1001088741,100.00,,
   249.270180589,37.26,Joules,power/energy-pkg/,1001186022,100.00,,
   250.271369155,54.94,Joules,power/energy-pkg/,1001162923,100.00,,
   251.271927670,45.79,Joules,power/energy-pkg/,1000556098,100.00,,
   252.273043944,41.88,Joules,power/energy-pkg/,1001107195,100.00,,
   253.274135775,59.22,Joules,power/energy-pkg/,1001089035,100.00,,
   254.275251992,48.89,Joules,power/energy-pkg/,1001123768,100.00,,
   255.276015916,31.18,Joules,power/energy-pkg/,1000749604,100.00,,
   256.277188288,44.56,Joules,power/energy-pkg/,1001168829,100.00,,
   257.278272612,42.47,Joules,power/energy-pkg/,1001088453,100.00,,
   258.279446660,46.16,Joules,power/energy-pkg/,1001161762,100.00,,
   259.280718888,8.51,Joules,power/energy-pkg/,1001289565,100.00,,
   260.281968775,11.40,Joules,power/energy-pkg/,1001218773,100.00,,
   261.283135262,38.75,Joules,power/energy-pkg/,1001166083,100.00,,
   262.284296822,18.06,Joules,power/energy-pkg/,1001173922,100.00,,
   263.285520087,31.90,Joules,power/energy-pkg/,1001198667,100.00,,
   264.286599717,38.70,Joules,power/energy-pkg/,1001074384,100.00,,
   265.287671303,38.87,Joules,power/energy-pkg/,1001069570,100.00,,
   266.287923977,44.48,Joules,power/energy-pkg/,1000263346,100.00,,
   267.289032954,39.41,Joules,power/energy-pkg/,1001088574,100.00,,
   268.290126462,30.87,Joules,power/energy-pkg/,1001089207,100.00,,
   269.291219156,47.32,Joules,power/energy-pkg/,1001096414,100.00,,
   270.291921350,53.75,Joules,power/energy-pkg/,1000687340,100.00,,
   271.293068967,44.75,Joules,power/energy-pkg/,1001174539,100.00,,
   272.294197755,52.60,Joules,power/energy-pkg/,1001100815,100.00,,
   273.295330636,38.90,Joules,power/energy-pkg/,1001154769,100.00,,
   274.296007871,53.94,Joules,power/energy-pkg/,1000641949,100.00,,
   275.297121350,38.15,Joules,power/energy-pkg/,1001115241,100.00,,
   276.298278454,42.13,Joules,power/energy-pkg/,1001151834,100.00,,
   277.299468664,52.82,Joules,power/energy-pkg/,1001186111,100.00,,
   278.299924824,51.72,Joules,power/energy-pkg/,1000447141,100.00,,
   279.301106382,40.37,Joules,power/energy-pkg/,1001182095,100.00,,
   280.302201352,19.68,Joules,power/energy-pkg/,1001085351,100.00,,
   281.303299360,29.81,Joules,power/energy-pkg/,1001104751,100.00,,
   282.303925278,35.22,Joules,power/energy-pkg/,1000611235,100.00,,
   283.305089306,44.93,Joules,power/energy-pkg/,1001165080,100.00,,
   284.306173393,61.67,Joules,power/energy-pkg/,1001076630,100.00,,
   285.307293788,63.44,Joules,power/energy-pkg/,1001112214,100.00,,
   286.307926608,49.43,Joules,power/energy-pkg/,1000642443,100.00,,
   287.309104127,54.58,Joules,power/energy-pkg/,1001163358,100.00,,
   288.310262633,25.77,Joules,power/energy-pkg/,1001198867,100.00,,
   289.311499816,20.62,Joules,power/energy-pkg/,1001184029,100.00,,
   290.311924365,58.32,Joules,power/energy-pkg/,1000419965,100.00,,
   291.313021518,47.77,Joules,power/energy-pkg/,1001094472,100.00,,
   292.314365655,33.61,Joules,power/energy-pkg/,1001365120,100.00,,
   293.315635473,6.25,Joules,power/energy-pkg/,1001252012,100.00,,
   294.315936895,7.81,Joules,power/energy-pkg/,1000299879,100.00,,
   295.317162894,31.61,Joules,power/energy-pkg/,1001207167,100.00,,
   296.318261363,45.73,Joules,power/energy-pkg/,1001091665,100.00,,
   297.319338988,54.04,Joules,power/energy-pkg/,1001073427,100.00,,
   298.319961020,49.97,Joules,power/energy-pkg/,1000631789,100.00,,
   299.321054395,39.69,Joules,power/energy-pkg/,1001087258,100.00,,
   300.322159116,43.53,Joules,power/energy-pkg/,1001103470,100.00,,
   301.323285199,47.40,Joules,power/energy-pkg/,1001119990,100.00,,
   302.323929626,54.86,Joules,power/energy-pkg/,1000636550,100.00,,
   303.325055641,51.56,Joules,power/energy-pkg/,1001112573,100.00,,
   304.326150346,38.07,Joules,power/energy-pkg/,1001102088,100.00,,
   305.327362357,24.73,Joules,power/energy-pkg/,1001218059,100.00,,
   306.328037044,34.25,Joules,power/energy-pkg/,1000659889,100.00,,
   307.329135475,38.72,Joules,power/energy-pkg/,1001081941,100.00,,
   308.330238237,41.82,Joules,power/energy-pkg/,1001112151,100.00,,
   309.331340093,27.75,Joules,power/energy-pkg/,1001097216,100.00,,
   310.331928395,30.15,Joules,power/energy-pkg/,1000572392,100.00,,
   311.333032826,53.18,Joules,power/energy-pkg/,1001100542,100.00,,
   312.334152695,42.54,Joules,power/energy-pkg/,1001114652,100.00,,
   313.335264043,44.88,Joules,power/energy-pkg/,1001108573,100.00,,
   314.335921695,38.58,Joules,power/energy-pkg/,1000649587,100.00,,
   315.337000902,38.17,Joules,power/energy-pkg/,1001095092,100.00,,
   316.338136756,66.90,Joules,power/energy-pkg/,1001114863,100.00,,
   317.339276582,73.42,Joules,power/energy-pkg/,1001181349,100.00,,
   318.339930848,68.24,Joules,power/energy-pkg/,1000606185,100.00,,
   319.341050515,53.04,Joules,power/energy-pkg/,1001129475,100.00,,
   320.342161615,57.10,Joules,power/energy-pkg/,1001103487,100.00,,
   321.343270392,59.38,Joules,power/energy-pkg/,1001090355,100.00,,
   322.343938471,68.62,Joules,power/energy-pkg/,1000691562,100.00,,
   323.345066353,58.25,Joules,power/energy-pkg/,1001093775,100.00,,
   324.346241845,64.90,Joules,power/energy-pkg/,1001181820,100.00,,
   325.347431167,57.48,Joules,power/energy-pkg/,1001185976,100.00,,
   326.347937425,52.13,Joules,power/energy-pkg/,1000503273,100.00,,
   327.349124052,61.53,Joules,power/energy-pkg/,1001173092,100.00,,
   328.350272420,33.44,Joules,power/energy-pkg/,1001170940,100.00,,
   329.351472245,42.51,Joules,power/energy-pkg/,1001169874,100.00,,
   330.351924760,49.14,Joules,power/energy-pkg/,1000462550,100.00,,
   331.353033955,35.61,Joules,power/energy-pkg/,1001090376,100.00,,
   332.354249106,34.45,Joules,power/energy-pkg/,1001213076,100.00,,
   333.355409682,49.62,Joules,power/energy-pkg/,1001153269,100.00,,
   334.355933330,41.37,Joules,power/energy-pkg/,1000557318,100.00,,
   335.357132332,53.98,Joules,power/energy-pkg/,1001185082,100.00,,
   336.358263932,43.63,Joules,power/energy-pkg/,1001106725,100.00,,
   337.359430176,32.23,Joules,power/energy-pkg/,1001181856,100.00,,
   338.359984773,54.29,Joules,power/energy-pkg/,1000548797,100.00,,
   339.361104633,42.91,Joules,power/energy-pkg/,1001088132,100.00,,
   340.362222275,30.80,Joules,power/energy-pkg/,1001112496,100.00,,
   341.363392840,11.84,Joules,power/energy-pkg/,1001194230,100.00,,
   342.363922262,30.43,Joules,power/energy-pkg/,1000508430,100.00,,
   343.365084624,30.54,Joules,power/energy-pkg/,1001166533,100.00,,
   344.398695825,44.89,Joules,power/energy-pkg/,1033617403,100.00,,
   345.399889473,36.70,Joules,power/energy-pkg/,1001161628,100.00,,
   346.401067538,36.38,Joules,power/energy-pkg/,1001175344,100.00,,
   347.402237342,43.69,Joules,power/energy-pkg/,1001176382,100.00,,
   348.403436410,15.60,Joules,power/energy-pkg/,1001175036,100.00,,
   349.403922411,40.31,Joules,power/energy-pkg/,1000483663,100.00,,
   350.405029491,60.37,Joules,power/energy-pkg/,1001132316,100.00,,
   351.406219430,50.46,Joules,power/energy-pkg/,1001190164,100.00,,
   352.407360174,52.98,Joules,power/energy-pkg/,1001106751,100.00,,
   353.408471002,24.92,Joules,power/energy-pkg/,1001162892,100.00,,
   354.409681648,31.03,Joules,power/energy-pkg/,1001166296,100.00,,
   355.410790496,36.51,Joules,power/energy-pkg/,1001097937,100.00,,
   356.412022790,17.50,Joules,power/energy-pkg/,1001238230,100.00,,
   357.413130436,38.29,Joules,power/energy-pkg/,1001083326,100.00,,
   358.414252081,41.21,Joules,power/energy-pkg/,1001112228,100.00,,
   359.415411572,46.87,Joules,power/energy-pkg/,1001161535,100.00,,
   360.416004872,49.01,Joules,power/energy-pkg/,1000583634,100.00,,
   361.417171772,62.23,Joules,power/energy-pkg/,1001169806,100.00,,
   362.418366740,40.13,Joules,power/energy-pkg/,1001190234,100.00,,
   363.419541788,44.57,Joules,power/energy-pkg/,1001169610,100.00,,
   364.419921429,34.62,Joules,power/energy-pkg/,1000367664,100.00,,
   365.421055812,47.93,Joules,power/energy-pkg/,1001151006,100.00,,
   366.422159392,32.22,Joules,power/energy-pkg/,1001091226,100.00,,
   367.423241507,30.12,Joules,power/energy-pkg/,1001065523,100.00,,
   368.423923475,37.24,Joules,power/energy-pkg/,1000679514,100.00,,
   369.425020661,60.20,Joules,power/energy-pkg/,1001092771,100.00,,
   370.426161938,48.41,Joules,power/energy-pkg/,1001161263,100.00,,
   371.427262237,45.86,Joules,power/energy-pkg/,1001070163,100.00,,
   372.428015532,34.00,Joules,power/energy-pkg/,1000750403,100.00,,
   373.429092404,49.50,Joules,power/energy-pkg/,1001071567,100.00,,
   374.430174184,59.48,Joules,power/energy-pkg/,1001087899,100.00,,
   375.431252112,51.68,Joules,power/energy-pkg/,1001063526,100.00,,
   376.432088163,46.67,Joules,power/energy-pkg/,1000888499,100.00,,
   377.433287384,41.06,Joules,power/energy-pkg/,1001146598,100.00,,
   378.434411562,39.44,Joules,power/energy-pkg/,1001122470,100.00,,
   379.451382849,46.16,Joules,power/energy-pkg/,1016961596,100.00,,
   380.451938572,39.71,Joules,power/energy-pkg/,1000586873,100.00,,
   381.453054574,30.74,Joules,power/energy-pkg/,1001068218,100.00,,
   382.454120910,31.30,Joules,power/energy-pkg/,1001063274,100.00,,
   383.455207637,56.14,Joules,power/energy-pkg/,1001083383,100.00,,
   384.455921688,39.80,Joules,power/energy-pkg/,1000707988,100.00,,
   385.457061616,46.02,Joules,power/energy-pkg/,1001163850,100.00,,
   386.458188789,59.08,Joules,power/energy-pkg/,1001132000,100.00,,
   387.459307716,52.88,Joules,power/energy-pkg/,1001098171,100.00,,
   388.459925537,51.13,Joules,power/energy-pkg/,1000613114,100.00,,
   389.461033189,46.61,Joules,power/energy-pkg/,1001100627,100.00,,
   390.462127874,38.72,Joules,power/energy-pkg/,1001073962,100.00,,
   391.463224284,45.82,Joules,power/energy-pkg/,1001094647,100.00,,
   392.463923627,54.25,Joules,power/energy-pkg/,1000693179,100.00,,
   393.465090272,51.22,Joules,power/energy-pkg/,1001190912,100.00,,
   394.466208009,49.83,Joules,power/energy-pkg/,1001083716,100.00,,
   395.467292199,36.43,Joules,power/energy-pkg/,1001079419,100.00,,
   396.467924035,38.94,Joules,power/energy-pkg/,1000626385,100.00,,
   397.469013730,39.99,Joules,power/energy-pkg/,1001087403,100.00,,
   398.470107378,59.14,Joules,power/energy-pkg/,1001091309,100.00,,
   399.471287131,46.38,Joules,power/energy-pkg/,1001176131,100.00,,
   400.472362009,29.06,Joules,power/energy-pkg/,1001068855,100.00,,
   401.473454185,38.78,Joules,power/energy-pkg/,1001086767,100.00,,
   402.474607989,43.61,Joules,power/energy-pkg/,1001181944,100.00,,
   403.475803748,60.00,Joules,power/energy-pkg/,1001182747,100.00,,
   404.475927894,40.25,Joules,power/energy-pkg/,1000099000,100.00,,
   405.477047717,36.57,Joules,power/energy-pkg/,1001115672,100.00,,
   406.478151071,10.44,Joules,power/energy-pkg/,1001097417,100.00,,
   407.479237997,39.02,Joules,power/energy-pkg/,1001081228,100.00,,
   408.479991610,31.08,Joules,power/energy-pkg/,1000768872,100.00,,
   409.481157361,33.95,Joules,power/energy-pkg/,1001144668,100.00,,
   410.482298416,25.90,Joules,power/energy-pkg/,1001152329,100.00,,
   411.483467206,37.21,Joules,power/energy-pkg/,1001153031,100.00,,
   412.484566816,24.37,Joules,power/energy-pkg/,1001109552,100.00,,
   413.485813418,7.73,Joules,power/energy-pkg/,1001239629,100.00,,
   414.487036262,20.08,Joules,power/energy-pkg/,1001216287,100.00,,
   415.487990529,37.89,Joules,power/energy-pkg/,1000955921,100.00,,
   416.489157609,47.24,Joules,power/energy-pkg/,1001165851,100.00,,
   417.490278163,59.45,Joules,power/energy-pkg/,1001106577,100.00,,
   418.491459462,33.22,Joules,power/energy-pkg/,1001163116,100.00,,
   419.492001874,31.16,Joules,power/energy-pkg/,1000554962,100.00,,
   420.493165459,27.99,Joules,power/energy-pkg/,1001160496,100.00,,
   421.494334885,28.41,Joules,power/energy-pkg/,1001171128,100.00,,
   422.495523443,20.77,Joules,power/energy-pkg/,1001183078,100.00,,
   423.495923064,43.06,Joules,power/energy-pkg/,1000370220,100.00,,
   424.497023456,48.71,Joules,power/energy-pkg/,1001095111,100.00,,
   425.498176893,23.10,Joules,power/energy-pkg/,1001153903,100.00,,
   426.499260316,34.27,Joules,power/energy-pkg/,1001105199,100.00,,
   427.500000551,45.30,Joules,power/energy-pkg/,1000728209,100.00,,
   428.501111087,55.72,Joules,power/energy-pkg/,1001087576,100.00,,
   429.502216413,41.24,Joules,power/energy-pkg/,1001095642,100.00,,
   430.503296332,28.32,Joules,power/energy-pkg/,1001089326,100.00,,
   431.503923536,39.23,Joules,power/energy-pkg/,1000611458,100.00,,
   432.505019099,32.49,Joules,power/energy-pkg/,1001103420,100.00,,
   433.506113312,34.33,Joules,power/energy-pkg/,1001111042,100.00,,
   434.507234768,54.77,Joules,power/energy-pkg/,1001085325,100.00,,
   435.507922379,39.87,Joules,power/energy-pkg/,1000682278,100.00,,
   436.509010717,41.35,Joules,power/energy-pkg/,1001082148,100.00,,
   437.510101944,34.06,Joules,power/energy-pkg/,1001100626,100.00,,
   438.511289747,23.49,Joules,power/energy-pkg/,1001183427,100.00,,
   439.511927767,33.50,Joules,power/energy-pkg/,1000647681,100.00,,
   440.513070717,54.54,Joules,power/energy-pkg/,1001148456,100.00,,
   441.514197636,50.05,Joules,power/energy-pkg/,1001091599,100.00,,
   442.515245835,52.23,Joules,power/energy-pkg/,1001063791,100.00,,
   443.515920367,43.19,Joules,power/energy-pkg/,1000644072,100.00,,
   444.517000025,30.08,Joules,power/energy-pkg/,1001106880,100.00,,
   445.518122119,39.16,Joules,power/energy-pkg/,1001087728,100.00,,
   446.519219575,43.52,Joules,power/energy-pkg/,1001136167,100.00,,
   447.519934151,67.00,Joules,power/energy-pkg/,1000698944,100.00,,
   448.521069576,75.81,Joules,power/energy-pkg/,1001103110,100.00,,
   449.522258707,70.54,Joules,power/energy-pkg/,1001207756,100.00,,
   450.523397536,59.21,Joules,power/energy-pkg/,1001120660,100.00,,
   451.523940718,54.61,Joules,power/energy-pkg/,1000532241,100.00,,
   452.525036456,58.76,Joules,power/energy-pkg/,1001086499,100.00,,
   453.526143139,53.13,Joules,power/energy-pkg/,1001104068,100.00,,
   454.527356531,45.20,Joules,power/energy-pkg/,1001232845,100.00,,
   455.528006611,57.43,Joules,power/energy-pkg/,1000619399,100.00,,
   456.529150747,50.79,Joules,power/energy-pkg/,1001145864,100.00,,
   457.530233953,53.75,Joules,power/energy-pkg/,1001086261,100.00,,
   458.531419175,22.44,Joules,power/energy-pkg/,1001174184,100.00,,
   459.531999501,44.63,Joules,power/energy-pkg/,1000568396,100.00,,
   460.533144249,46.23,Joules,power/energy-pkg/,1001144818,100.00,,
   461.534296232,48.77,Joules,power/energy-pkg/,1001149045,100.00,,
   462.535465425,18.94,Joules,power/energy-pkg/,1001164707,100.00,,
   463.536005515,42.32,Joules,power/energy-pkg/,1000529356,100.00,,
   464.537151576,25.71,Joules,power/energy-pkg/,1001144994,100.00,,
   465.538317811,44.12,Joules,power/energy-pkg/,1001182960,100.00,,
   466.539425749,38.14,Joules,power/energy-pkg/,1001078514,100.00,,
   467.539929564,47.93,Joules,power/energy-pkg/,1000518045,100.00,,
   468.541126429,58.47,Joules,power/energy-pkg/,1001203028,100.00,,
   469.542243311,54.59,Joules,power/energy-pkg/,1001086946,100.00,,
   470.543453223,39.79,Joules,power/energy-pkg/,1001225614,100.00,,
   471.543948570,10.13,Joules,power/energy-pkg/,1000487348,100.00,,
   472.545043329,37.30,Joules,power/energy-pkg/,1001071128,100.00,,
   473.546113339,29.52,Joules,power/energy-pkg/,1001067789,100.00,,
   474.547289643,57.23,Joules,power/energy-pkg/,1001180921,100.00,,
   475.547924015,60.13,Joules,power/energy-pkg/,1000635743,100.00,,
   476.549117641,41.15,Joules,power/energy-pkg/,1001186530,100.00,,
   477.550220344,23.86,Joules,power/energy-pkg/,1001086440,100.00,,
   478.551387006,39.94,Joules,power/energy-pkg/,1001179643,100.00,,
   479.551938547,7.42,Joules,power/energy-pkg/,1000544911,100.00,,
   480.553146643,38.55,Joules,power/energy-pkg/,1001191411,100.00,,
   481.554333953,67.66,Joules,power/energy-pkg/,1001201084,100.00,,
   482.555525271,40.12,Joules,power/energy-pkg/,1001172801,100.00,,
   483.555922324,32.87,Joules,power/energy-pkg/,1000384897,100.00,,
   484.557033530,15.74,Joules,power/energy-pkg/,1001123941,100.00,,
   485.558249346,17.91,Joules,power/energy-pkg/,1001208646,100.00,,
   486.559346086,34.95,Joules,power/energy-pkg/,1001079435,100.00,,
   487.559929464,59.73,Joules,power/energy-pkg/,1000581596,100.00,,
   488.561116822,68.89,Joules,power/energy-pkg/,1001182740,100.00,,
   489.562273812,46.21,Joules,power/energy-pkg/,1001155542,100.00,,
   490.563446633,33.77,Joules,power/energy-pkg/,1001179881,100.00,,
   491.564004608,9.25,Joules,power/energy-pkg/,1000558107,100.00,,
   492.565182226,46.11,Joules,power/energy-pkg/,1001176617,100.00,,
   493.566290692,57.81,Joules,power/energy-pkg/,1001079339,100.00,,
   494.567379342,48.01,Joules,power/energy-pkg/,1001085285,100.00,,
   495.567926591,41.27,Joules,power/energy-pkg/,1000543171,100.00,,
   496.569100655,33.49,Joules,power/energy-pkg/,1001176892,100.00,,
   497.570184221,28.92,Joules,power/energy-pkg/,1001070299,100.00,,
   498.571264732,42.96,Joules,power/energy-pkg/,1001076490,100.00,,
   499.571922802,40.26,Joules,power/energy-pkg/,1000654017,100.00,,
   500.573009450,45.10,Joules,power/energy-pkg/,1001082082,100.00,,
   501.574093671,52.44,Joules,power/energy-pkg/,1001082283,100.00,,
   502.575264143,51.92,Joules,power/energy-pkg/,1001170376,100.00,,
   503.576261651,47.76,Joules,power/energy-pkg/,1001080810,100.00,,
   504.577564533,37.53,Joules,power/energy-pkg/,1001211519,100.00,,
   505.577873341,38.82,Joules,power/energy-pkg/,1000382328,100.00,,
   506.579270644,4.77,Joules,power/energy-pkg/,1001330663,100.00,,
   507.579922229,38.91,Joules,power/energy-pkg/,1000637404,100.00,,
   508.581079651,18.71,Joules,power/energy-pkg/,1001209624,100.00,,
   509.582355735,32.22,Joules,power/energy-pkg/,1001203784,100.00,,
   510.583534104,48.02,Joules,power/energy-pkg/,1001179897,100.00,,
   511.583995025,32.72,Joules,power/energy-pkg/,1000476167,100.00,,
   512.585353258,27.29,Joules,power/energy-pkg/,1001353991,100.00,,
   513.586620735,7.75,Joules,power/energy-pkg/,1001254561,100.00,,
   514.587930382,13.93,Joules,power/energy-pkg/,1001303122,100.00,,
   515.589034768,47.70,Joules,power/energy-pkg/,1001090592,100.00,,
   516.590167133,38.01,Joules,power/energy-pkg/,1001142551,100.00,,
   517.591276884,47.01,Joules,power/energy-pkg/,1001086641,100.00,,
   518.591924652,51.13,Joules,power/energy-pkg/,1000643316,100.00,,
   519.593021999,53.58,Joules,power/energy-pkg/,1001093209,100.00,,
   520.594118030,63.09,Joules,power/energy-pkg/,1001092330,100.00,,
   521.595309741,42.64,Joules,power/energy-pkg/,1001233465,100.00,,
   522.596021280,29.40,Joules,power/energy-pkg/,1000678090,100.00,,
   523.597125452,30.58,Joules,power/energy-pkg/,1001085269,100.00,,
   524.598285393,44.51,Joules,power/energy-pkg/,1001173403,100.00,,
   525.599494402,45.84,Joules,power/energy-pkg/,1001200203,100.00,,
   526.600642479,33.97,Joules,power/energy-pkg/,1001142536,100.00,,
   527.601745311,47.53,Joules,power/energy-pkg/,1001082429,100.00,,
   528.602914576,57.54,Joules,power/energy-pkg/,1001170561,100.00,,
   529.604006968,53.32,Joules,power/energy-pkg/,1001082091,100.00,,
   530.605090354,43.94,Joules,power/energy-pkg/,1001079438,100.00,,
   531.606254810,52.37,Joules,power/energy-pkg/,1001164502,100.00,,
   532.607417602,56.37,Joules,power/energy-pkg/,1001160311,100.00,,
   533.607924081,49.54,Joules,power/energy-pkg/,1000495233,100.00,,
   534.609009688,61.35,Joules,power/energy-pkg/,1001088812,100.00,,
   535.610128303,52.31,Joules,power/energy-pkg/,1001107845,100.00,,
   536.611216098,43.34,Joules,power/energy-pkg/,1001083594,100.00,,
   537.611993350,21.49,Joules,power/energy-pkg/,1000793083,100.00,,
   538.613103520,36.24,Joules,power/energy-pkg/,1001086590,100.00,,
   539.614282659,52.12,Joules,power/energy-pkg/,1001195663,100.00,,
   540.615470364,65.69,Joules,power/energy-pkg/,1001170142,100.00,,
   541.615925554,62.48,Joules,power/energy-pkg/,1000447282,100.00,,
   542.617075739,62.28,Joules,power/energy-pkg/,1001155576,100.00,,
   543.618172873,51.93,Joules,power/energy-pkg/,1001078933,100.00,,
   544.619379175,46.33,Joules,power/energy-pkg/,1001204611,100.00,,
   545.619928241,42.40,Joules,power/energy-pkg/,1000544473,100.00,,
   546.621112281,44.14,Joules,power/energy-pkg/,1001184862,100.00,,
   547.622279747,37.11,Joules,power/energy-pkg/,1001160537,100.00,,
   548.623364215,53.05,Joules,power/energy-pkg/,1001087805,100.00,,
   549.624536622,31.56,Joules,power/energy-pkg/,1001158530,100.00,,
   550.625613588,34.99,Joules,power/energy-pkg/,1001068299,100.00,,
   551.626703136,50.01,Joules,power/energy-pkg/,1001092222,100.00,,
   552.627835999,47.76,Joules,power/energy-pkg/,1001149600,100.00,,
   553.629067237,35.28,Joules,power/energy-pkg/,1001225482,100.00,,
   554.630265358,37.99,Joules,power/energy-pkg/,1001169425,100.00,,
   555.631378230,30.24,Joules,power/energy-pkg/,1001173362,100.00,,
   556.632637278,41.96,Joules,power/energy-pkg/,1001197510,100.00,,
   557.633927359,8.87,Joules,power/energy-pkg/,1001303849,100.00,,
   558.635420645,4.39,Joules,power/energy-pkg/,1001489319,100.00,,
   559.635924342,15.98,Joules,power/energy-pkg/,1000474298,100.00,,
   560.637089499,50.64,Joules,power/energy-pkg/,1001185758,100.00,,
   561.638267222,37.28,Joules,power/energy-pkg/,1001151132,100.00,,
   562.639351110,37.41,Joules,power/energy-pkg/,1001073940,100.00,,
   563.640516479,38.17,Joules,power/energy-pkg/,1001162304,100.00,,
   564.641658641,30.36,Joules,power/energy-pkg/,1001140813,100.00,,
   565.642817307,33.80,Joules,power/energy-pkg/,1001154887,100.00,,
   566.643889268,24.67,Joules,power/energy-pkg/,1001062358,100.00,,
   567.645031276,16.11,Joules,power/energy-pkg/,1001159828,100.00,,
   568.646130865,35.74,Joules,power/energy-pkg/,1001075039,100.00,,
   569.647225905,50.82,Joules,power/energy-pkg/,1001107079,100.00,,
   570.647928553,40.36,Joules,power/energy-pkg/,1000698644,100.00,,
   571.649036435,38.49,Joules,power/energy-pkg/,1001084531,100.00,,
   572.650118248,29.69,Joules,power/energy-pkg/,1001079644,100.00,,
   573.651214831,38.65,Joules,power/energy-pkg/,1001090164,100.00,,
   574.651927231,53.13,Joules,power/energy-pkg/,1000711616,100.00,,
   575.653036714,59.50,Joules,power/energy-pkg/,1001105740,100.00,,
   576.654221278,60.43,Joules,power/energy-pkg/,1001184719,100.00,,
   577.655389581,40.17,Joules,power/energy-pkg/,1001162277,100.00,,
   578.656005520,39.54,Joules,power/energy-pkg/,1000605546,100.00,,
   579.657158790,35.75,Joules,power/energy-pkg/,1001155797,100.00,,
   580.658313648,31.86,Joules,power/energy-pkg/,1001176432,100.00,,
   581.659518551,38.07,Joules,power/energy-pkg/,1001189456,100.00,,
   582.660001792,30.38,Joules,power/energy-pkg/,1000497893,100.00,,
   583.661147909,46.02,Joules,power/energy-pkg/,1001106078,100.00,,
   584.662334325,44.43,Joules,power/energy-pkg/,1001180532,100.00,,
   585.663489698,33.27,Joules,power/energy-pkg/,1001156921,100.00,,
   586.664311164,44.98,Joules,power/energy-pkg/,1000864073,100.00,,
   587.665534761,34.73,Joules,power/energy-pkg/,1001167783,100.00,,
   588.666910748,11.37,Joules,power/energy-pkg/,1001394991,100.00,,
   589.668010864,24.33,Joules,power/energy-pkg/,1001067268,100.00,,
   590.669233083,15.73,Joules,power/energy-pkg/,1001246775,100.00,,
   591.670561825,18.51,Joules,power/energy-pkg/,1001303227,100.00,,
   592.671653135,15.15,Joules,power/energy-pkg/,1001097373,100.00,,
   593.671919826,9.76,Joules,power/energy-pkg/,1000246043,100.00,,
   594.673010595,31.93,Joules,power/energy-pkg/,1001098969,100.00,,
   595.674103219,54.77,Joules,power/energy-pkg/,1001078179,100.00,,
   596.675211205,74.93,Joules,power/energy-pkg/,1001107042,100.00,,
   597.675924560,52.99,Joules,power/energy-pkg/,1000702292,100.00,,
   598.677027428,32.83,Joules,power/energy-pkg/,1001099167,100.00,,
   599.678115277,27.28,Joules,power/energy-pkg/,1001086159,100.00,,
   600.679285456,49.92,Joules,power/energy-pkg/,1001188633,100.00,,
   601.679925668,58.33,Joules,power/energy-pkg/,1000632365,100.00,,
   602.681040640,56.44,Joules,power/energy-pkg/,1001094418,100.00,,
   603.682160671,69.35,Joules,power/energy-pkg/,1001111191,100.00,,
   604.683331085,62.75,Joules,power/energy-pkg/,1001198029,100.00,,
   605.683926927,56.09,Joules,power/energy-pkg/,1000574836,100.00,,
   606.685118596,33.89,Joules,power/energy-pkg/,1001183195,100.00,,
   607.686281576,41.46,Joules,power/energy-pkg/,1001177567,100.00,,
   608.687478284,38.70,Joules,power/energy-pkg/,1001161876,100.00,,
   609.687925470,56.39,Joules,power/energy-pkg/,1000440914,100.00,,
   610.688995237,45.60,Joules,power/energy-pkg/,1001065513,100.00,,
   611.690084802,21.99,Joules,power/energy-pkg/,1001092330,100.00,,
   612.691162752,47.98,Joules,power/energy-pkg/,1001067188,100.00,,
   613.691934381,56.92,Joules,power/energy-pkg/,1000785761,100.00,,
   614.693047044,76.22,Joules,power/energy-pkg/,1001110341,100.00,,
   615.694168656,66.57,Joules,power/energy-pkg/,1001100831,100.00,,
   616.695276212,68.97,Joules,power/energy-pkg/,1001104645,100.00,,
   617.696010279,67.81,Joules,power/energy-pkg/,1000726611,100.00,,
   618.697098228,54.69,Joules,power/energy-pkg/,1001084419,100.00,,
   619.698275381,29.95,Joules,power/energy-pkg/,1001175853,100.00,,
   620.699418447,57.55,Joules,power/energy-pkg/,1001154782,100.00,,
   621.700585962,42.71,Joules,power/energy-pkg/,1001143901,100.00,,
   622.701669081,8.33,Joules,power/energy-pkg/,1001093026,100.00,,
   623.702868520,7.65,Joules,power/energy-pkg/,1001196799,100.00,,
   624.703919821,27.46,Joules,power/energy-pkg/,1001028572,100.00,,
   625.705064222,31.11,Joules,power/energy-pkg/,1001147625,100.00,,
   626.706151736,44.41,Joules,power/energy-pkg/,1001079364,100.00,,
   627.707256520,37.86,Joules,power/energy-pkg/,1001097866,100.00,,
   628.707923204,36.60,Joules,power/energy-pkg/,1000663041,100.00,,
   629.709016485,50.51,Joules,power/energy-pkg/,1001091166,100.00,,
   630.710122523,43.44,Joules,power/energy-pkg/,1001099312,100.00,,
   631.711211674,39.39,Joules,power/energy-pkg/,1001086721,100.00,,
   632.711926311,61.92,Joules,power/energy-pkg/,1000709948,100.00,,
   633.713108596,68.13,Joules,power/energy-pkg/,1001181281,100.00,,
   634.713720566,57.17,Joules,power/energy-pkg/,1000659608,100.00,,
   635.714947099,57.21,Joules,power/energy-pkg/,1001170473,100.00,,
   636.715922252,41.53,Joules,power/energy-pkg/,1000964056,100.00,,
   637.717254821,25.19,Joules,power/energy-pkg/,1001357770,100.00,,
   638.718577475,15.46,Joules,power/energy-pkg/,1001312596,100.00,,
   639.719743206,31.91,Joules,power/energy-pkg/,1001167043,100.00,,
   640.720410807,34.61,Joules,power/energy-pkg/,1000667477,100.00,,
   641.721600039,40.26,Joules,power/energy-pkg/,1001159488,100.00,,
   642.722826301,44.89,Joules,power/energy-pkg/,1001244266,100.00,,
   643.724002365,14.42,Joules,power/energy-pkg/,1001142414,100.00,,
   644.725153911,16.90,Joules,power/energy-pkg/,1001169233,100.00,,
   645.726399812,7.23,Joules,power/energy-pkg/,1001237308,100.00,,
   646.727607247,14.94,Joules,power/energy-pkg/,1001185102,100.00,,
   647.727920023,29.78,Joules,power/energy-pkg/,1000308692,100.00,,
   648.729001073,37.99,Joules,power/energy-pkg/,1001101608,100.00,,
   649.734797899,42.47,Joules,power/energy-pkg/,1005797195,100.00,,
   650.735928284,48.19,Joules,power/energy-pkg/,1001099247,100.00,,
   651.737025888,47.79,Joules,power/energy-pkg/,1001091187,100.00,,
   652.738103432,57.06,Joules,power/energy-pkg/,1001093405,100.00,,
   653.739218380,51.50,Joules,power/energy-pkg/,1001090893,100.00,,
   654.739928211,52.48,Joules,power/energy-pkg/,1000708362,100.00,,
   655.741112616,43.71,Joules,power/energy-pkg/,1001181521,100.00,,
   656.742181000,50.54,Joules,power/energy-pkg/,1001120889,100.00,,
   657.743401540,33.91,Joules,power/energy-pkg/,1001163341,100.00,,
   658.744008572,36.90,Joules,power/energy-pkg/,1000597790,100.00,,
   659.745086936,43.30,Joules,power/energy-pkg/,1001070453,100.00,,
   660.746166923,51.09,Joules,power/energy-pkg/,1001074580,100.00,,
   661.747245833,18.81,Joules,power/energy-pkg/,1001093190,100.00,,
   662.748003984,9.09,Joules,power/energy-pkg/,1000762109,100.00,,
   663.749120961,41.82,Joules,power/energy-pkg/,1001100924,100.00,,
   664.750217308,52.82,Joules,power/energy-pkg/,1001079337,100.00,,
   665.751326193,67.99,Joules,power/energy-pkg/,1001105714,100.00,,
   666.751935783,55.47,Joules,power/energy-pkg/,1002138769,100.00,,
   667.754564887,43.46,Joules,power/energy-pkg/,1001090582,100.00,,
   668.755734511,36.02,Joules,power/energy-pkg/,1001182608,100.00,,
   669.755926990,44.64,Joules,power/energy-pkg/,1000172705,100.00,,
   670.757040089,56.42,Joules,power/energy-pkg/,1001110333,100.00,,
   671.758235242,64.41,Joules,power/energy-pkg/,1001217565,100.00,,
   672.759360371,55.31,Joules,power/energy-pkg/,1001090925,100.00,,
   673.759936232,31.64,Joules,power/energy-pkg/,1000582136,100.00,,
   674.760958785,15.41,Joules,power/energy-pkg/,1001040005,100.00,,
   675.762083935,37.83,Joules,power/energy-pkg/,1001091010,100.00,,
   676.763204063,49.70,Joules,power/energy-pkg/,1001110830,100.00,,
   677.763947553,52.15,Joules,power/energy-pkg/,1000745647,100.00,,
   678.765038522,44.84,Joules,power/energy-pkg/,1001080270,100.00,,
   679.766180434,39.57,Joules,power/energy-pkg/,1001172583,100.00,,
   680.767371399,64.82,Joules,power/energy-pkg/,1001181567,100.00,,
   681.767925402,62.06,Joules,power/energy-pkg/,1000522992,100.00,,
   682.769033999,52.28,Joules,power/energy-pkg/,1001104302,100.00,,
   683.770216099,19.51,Joules,power/energy-pkg/,1001195178,100.00,,
   684.771418347,23.34,Joules,power/energy-pkg/,1001180249,100.00,,
   685.771933346,50.08,Joules,power/energy-pkg/,1000534839,100.00,,
   686.773108441,53.21,Joules,power/energy-pkg/,1001174541,100.00,,
   687.774239964,60.02,Joules,power/energy-pkg/,1001111425,100.00,,
   688.775405092,42.90,Joules,power/energy-pkg/,1001180666,100.00,,
   689.775922292,43.40,Joules,power/energy-pkg/,1000494310,100.00,,
   690.777022976,47.17,Joules,power/energy-pkg/,1001098141,100.00,,
   691.778129884,50.29,Joules,power/energy-pkg/,1001088396,100.00,,
   692.779252261,39.49,Joules,power/energy-pkg/,1001128371,100.00,,
   693.779926171,53.29,Joules,power/energy-pkg/,1000660874,100.00,,
   694.781040830,63.66,Joules,power/energy-pkg/,1001107417,100.00,,
   695.782211084,51.60,Joules,power/energy-pkg/,1001194621,100.00,,
   696.783400133,45.44,Joules,power/energy-pkg/,1001158147,100.00,,
   697.784017526,15.51,Joules,power/energy-pkg/,1000636352,100.00,,
   698.785379489,4.08,Joules,power/energy-pkg/,1001355276,100.00,,
   699.786625693,8.46,Joules,power/energy-pkg/,1001217920,100.00,,
   700.787704720,33.96,Joules,power/energy-pkg/,1001072764,100.00,,
   701.788559278,40.84,Joules,power/energy-pkg/,1000881876,100.00,,
   702.789678862,52.75,Joules,power/energy-pkg/,1001086946,100.00,,
   703.790787747,45.37,Joules,power/energy-pkg/,1001104369,100.00,,
   704.791983856,45.56,Joules,power/energy-pkg/,1001192134,100.00,,
   705.793141062,55.91,Joules,power/energy-pkg/,1001156697,100.00,,
   706.794299805,54.36,Joules,power/energy-pkg/,1001173164,100.00,,
   707.795476530,56.79,Joules,power/energy-pkg/,1001158096,100.00,,
   708.795923972,37.62,Joules,power/energy-pkg/,1000433980,100.00,,
   709.797084035,14.35,Joules,power/energy-pkg/,1001163638,100.00,,
   710.798244493,40.30,Joules,power/energy-pkg/,1001153282,100.00,,
   711.799340962,46.78,Joules,power/energy-pkg/,1001100263,100.00,,
   712.799938721,49.30,Joules,power/energy-pkg/,1000626708,100.00,,
   713.801124950,54.71,Joules,power/energy-pkg/,1001150828,100.00,,
   714.802231501,47.71,Joules,power/energy-pkg/,1001113247,100.00,,
   715.803381817,58.19,Joules,power/energy-pkg/,1001138898,100.00,,
   716.804000543,44.65,Joules,power/energy-pkg/,1000624348,100.00,,
   717.805198916,49.93,Joules,power/energy-pkg/,1001193501,100.00,,
   718.806318234,40.73,Joules,power/energy-pkg/,1001085444,100.00,,
   719.807193075,57.12,Joules,power/energy-pkg/,1000890998,100.00,,
   720.807924473,48.37,Joules,power/energy-pkg/,1000723296,100.00,,
   721.809036582,45.32,Joules,power/energy-pkg/,1001104627,100.00,,
   722.810125181,41.86,Joules,power/energy-pkg/,1001074143,100.00,,
   723.811286860,60.37,Joules,power/energy-pkg/,1001174345,100.00,,
   724.811925685,39.56,Joules,power/energy-pkg/,1000632684,100.00,,
   725.813071485,54.46,Joules,power/energy-pkg/,1001126979,100.00,,
   726.814252225,47.17,Joules,power/energy-pkg/,1001200973,100.00,,
   727.815369556,49.22,Joules,power/energy-pkg/,1001087092,100.00,,
   728.816017473,46.03,Joules,power/energy-pkg/,1000679618,100.00,,
   729.817216691,65.00,Joules,power/energy-pkg/,1001167104,100.00,,
   730.818374753,65.16,Joules,power/energy-pkg/,1001168633,100.00,,
   731.819563020,52.41,Joules,power/energy-pkg/,1001164145,100.00,,
   732.820011150,40.89,Joules,power/energy-pkg/,1000472502,100.00,,
   733.821181070,48.56,Joules,power/energy-pkg/,1001154197,100.00,,
   734.822287186,46.82,Joules,power/energy-pkg/,1001079276,100.00,,
   735.823389162,46.41,Joules,power/energy-pkg/,1001113735,100.00,,
   736.823937114,50.13,Joules,power/energy-pkg/,1000540816,100.00,,
   737.825048065,57.87,Joules,power/energy-pkg/,1001120834,100.00,,
   738.826250263,66.50,Joules,power/energy-pkg/,1001202257,100.00,,
   739.827358396,57.73,Joules,power/energy-pkg/,1001073746,100.00,,
   740.827920784,35.57,Joules,power/energy-pkg/,1000557428,100.00,,
   741.828998317,65.88,Joules,power/energy-pkg/,1001096665,100.00,,
   742.830128484,74.45,Joules,power/energy-pkg/,1001107464,100.00,,
   743.831314194,66.09,Joules,power/energy-pkg/,1001216220,100.00,,
   744.831926975,58.62,Joules,power/energy-pkg/,1000571442,100.00,,
   745.833123394,53.07,Joules,power/energy-pkg/,1001196828,100.00,,
   746.834323820,52.33,Joules,power/energy-pkg/,1001188821,100.00,,
   747.835476693,28.90,Joules,power/energy-pkg/,1001152334,100.00,,
   748.836648108,29.76,Joules,power/energy-pkg/,1001164328,100.00,,
   749.837722896,28.55,Joules,power/energy-pkg/,1001086731,100.00,,
   750.838970893,7.38,Joules,power/energy-pkg/,1001241532,100.00,,
   751.839935135,18.32,Joules,power/energy-pkg/,1000978428,100.00,,
   752.841140058,36.25,Joules,power/energy-pkg/,1001190777,100.00,,
   753.842256054,29.73,Joules,power/energy-pkg/,1001103481,100.00,,
   754.843420483,29.23,Joules,power/energy-pkg/,1001165180,100.00,,
   755.843924093,12.74,Joules,power/energy-pkg/,1000480332,100.00,,
   756.845017045,46.06,Joules,power/energy-pkg/,1001089828,100.00,,
   757.846131644,52.70,Joules,power/energy-pkg/,1001108930,100.00,,
   758.847306574,50.46,Joules,power/energy-pkg/,1001196195,100.00,,
   759.847997525,47.82,Joules,power/energy-pkg/,1000680813,100.00,,
   760.849104662,64.11,Joules,power/energy-pkg/,1001103977,100.00,,
   761.850234725,65.92,Joules,power/energy-pkg/,1001106217,100.00,,
   762.851346578,59.69,Joules,power/energy-pkg/,1001137143,100.00,,
   763.851924655,50.14,Joules,power/energy-pkg/,1000542507,100.00,,
   764.853013889,51.73,Joules,power/energy-pkg/,1001086302,100.00,,
   765.854188553,41.22,Joules,power/energy-pkg/,1001170671,100.00,,
   766.855275843,34.27,Joules,power/energy-pkg/,1001104793,100.00,,
   767.855930137,54.61,Joules,power/energy-pkg/,1000630519,100.00,,
   768.857046432,43.46,Joules,power/energy-pkg/,1001109746,100.00,,
   769.858148198,54.57,Joules,power/energy-pkg/,1001099031,100.00,,
   770.859262635,34.15,Joules,power/energy-pkg/,1001105329,100.00,,
   771.859926684,35.46,Joules,power/energy-pkg/,1000663046,100.00,,
   772.861042336,67.24,Joules,power/energy-pkg/,1001142465,100.00,,
   773.862162447,67.29,Joules,power/energy-pkg/,1001082322,100.00,,
   774.863249948,56.93,Joules,power/energy-pkg/,1001085043,100.00,,
   775.863926038,62.66,Joules,power/energy-pkg/,1000673005,100.00,,
   776.865112648,58.33,Joules,power/energy-pkg/,1001183715,100.00,,
   777.866275024,43.85,Joules,power/energy-pkg/,1001158654,100.00,,
   778.867479669,38.32,Joules,power/energy-pkg/,1001201579,100.00,,
   779.868640068,30.95,Joules,power/energy-pkg/,1001151104,100.00,,
   780.869786798,32.90,Joules,power/energy-pkg/,1001143790,100.00,,
   781.870941802,14.45,Joules,power/energy-pkg/,1001169257,100.00,,
   782.872000268,18.46,Joules,power/energy-pkg/,1001062108,100.00,,
   783.873209272,48.18,Joules,power/energy-pkg/,1001200221,100.00,,
   784.874330667,49.24,Joules,power/energy-pkg/,1001094094,100.00,,
   785.875443463,35.33,Joules,power/energy-pkg/,1001143960,100.00,,
   786.876010744,46.92,Joules,power/energy-pkg/,1000525654,100.00,,
   787.877000426,34.90,Joules,power/energy-pkg/,1001062197,100.00,,
   788.878235390,46.82,Joules,power/energy-pkg/,1001159757,100.00,,
   789.879392598,45.80,Joules,power/energy-pkg/,1001151526,100.00,,
   790.879932629,28.92,Joules,power/energy-pkg/,1000545864,100.00,,
   791.881127378,7.24,Joules,power/energy-pkg/,1001192249,100.00,,
   792.882408506,27.90,Joules,power/energy-pkg/,1001264269,100.00,,
   793.883550434,46.20,Joules,power/energy-pkg/,1001138085,100.00,,
   794.884004919,48.03,Joules,power/energy-pkg/,1000447280,100.00,,
   795.885229869,23.73,Joules,power/energy-pkg/,1001243808,100.00,,
   796.886551151,4.87,Joules,power/energy-pkg/,1001322454,100.00,,
   797.887894195,23.05,Joules,power/energy-pkg/,1001316294,100.00,,
   798.889057901,21.61,Joules,power/energy-pkg/,1001174392,100.00,,
   799.890363117,7.22,Joules,power/energy-pkg/,1001286110,100.00,,
   800.891560845,9.38,Joules,power/energy-pkg/,1001214806,100.00,,
   801.891922393,29.47,Joules,power/energy-pkg/,1000329022,100.00,,
   802.893017739,42.18,Joules,power/energy-pkg/,1001093814,100.00,,
   803.894142343,41.81,Joules,power/energy-pkg/,1001117781,100.00,,
   804.895309820,35.82,Joules,power/energy-pkg/,1001187596,100.00,,
   805.895928929,49.73,Joules,power/energy-pkg/,1000623112,100.00,,
   806.897070771,31.78,Joules,power/energy-pkg/,1001105689,100.00,,
   807.898300662,25.26,Joules,power/energy-pkg/,1001248131,100.00,,
   808.899641567,15.38,Joules,power/energy-pkg/,1001313699,100.00,,
   809.900819355,15.11,Joules,power/energy-pkg/,1001199905,100.00,,
   810.902205145,18.18,Joules,power/energy-pkg/,1001358813,100.00,,
   811.903345854,20.76,Joules,power/energy-pkg/,1001153787,100.00,,
   812.904605397,7.43,Joules,power/energy-pkg/,1001247982,100.00,,
   813.905887261,15.34,Joules,power/energy-pkg/,1001266282,100.00,,
   814.906957181,47.65,Joules,power/energy-pkg/,1001062636,100.00,,
   815.907996769,41.50,Joules,power/energy-pkg/,1001059775,100.00,,
   816.909187649,55.20,Joules,power/energy-pkg/,1001191012,100.00,,
   817.910375193,52.51,Joules,power/energy-pkg/,1001158118,100.00,,
   818.911445674,16.33,Joules,power/energy-pkg/,1001062563,100.00,,
   819.911924205,28.44,Joules,power/energy-pkg/,1000473908,100.00,,
   820.913074704,42.99,Joules,power/energy-pkg/,1001153869,100.00,,
   821.914228780,50.32,Joules,power/energy-pkg/,1001169604,100.00,,
   822.915344635,52.41,Joules,power/energy-pkg/,1001085999,100.00,,
   823.916000977,35.74,Joules,power/energy-pkg/,1000679195,100.00,,
   824.917120337,50.60,Joules,power/energy-pkg/,1001101826,100.00,,
   825.918289330,58.77,Joules,power/energy-pkg/,1001152499,100.00,,
   826.919433378,62.09,Joules,power/energy-pkg/,1001160696,100.00,,
   827.919924671,66.32,Joules,power/energy-pkg/,1000480382,100.00,,
   828.921028776,70.11,Joules,power/energy-pkg/,1001095920,100.00,,
   829.922201835,51.67,Joules,power/energy-pkg/,1001159655,100.00,,
   830.923352968,8.92,Joules,power/energy-pkg/,1001148348,100.00,,
   831.923923449,34.36,Joules,power/energy-pkg/,1000559738,100.00,,
   832.925087542,32.36,Joules,power/energy-pkg/,1001164994,100.00,,
   833.926227615,46.81,Joules,power/energy-pkg/,1001136421,100.00,,
   834.927361936,47.36,Joules,power/energy-pkg/,1001128477,100.00,,
   835.928035967,40.16,Joules,power/energy-pkg/,1000669812,100.00,,
   836.929171928,41.67,Joules,power/energy-pkg/,1001131793,100.00,,
   837.930322222,46.09,Joules,power/energy-pkg/,1001145140,100.00,,
   838.931475407,30.02,Joules,power/energy-pkg/,1001150326,100.00,,
   839.932636246,18.56,Joules,power/energy-pkg/,1001171143,100.00,,
   840.933925307,15.81,Joules,power/energy-pkg/,1001274679,100.00,,
   841.935129120,38.17,Joules,power/energy-pkg/,1001191796,100.00,,
   842.935933912,43.65,Joules,power/energy-pkg/,1000812802,100.00,,
   843.936190231,58.54,Joules,power/energy-pkg/,1000251163,100.00,,
   844.937301808,49.42,Joules,power/energy-pkg/,1001097127,100.00,,
   845.938419421,62.47,Joules,power/energy-pkg/,1001114785,100.00,,
   846.939601911,53.26,Joules,power/energy-pkg/,1001177022,100.00,,
   847.940009375,39.27,Joules,power/energy-pkg/,1000400969,100.00,,
   848.941164682,45.33,Joules,power/energy-pkg/,1001157103,100.00,,
   849.942325340,41.43,Joules,power/energy-pkg/,1001160290,100.00,,
   850.943447830,55.49,Joules,power/energy-pkg/,1001111080,100.00,,
   851.943921038,42.69,Joules,power/energy-pkg/,1000465232,100.00,,
   852.945072272,53.99,Joules,power/energy-pkg/,1001152057,100.00,,
   853.946242794,67.02,Joules,power/energy-pkg/,1001165387,100.00,,
   854.947325638,54.92,Joules,power/energy-pkg/,1001077330,100.00,,
   855.947923527,61.83,Joules,power/energy-pkg/,1000594358,100.00,,
   856.948567967,30.64,Joules,power/energy-pkg/,1000724910,100.00,,
   857.949978328,12.93,Joules,power/energy-pkg/,1001319817,100.00,,
   858.951060301,30.27,Joules,power/energy-pkg/,1001074038,100.00,,
   859.951923287,41.97,Joules,power/energy-pkg/,1000859843,100.00,,
   860.953176752,38.86,Joules,power/energy-pkg/,1001318144,100.00,,
   861.953464162,40.85,Joules,power/energy-pkg/,1000289136,100.00,,
   862.954457386,38.87,Joules,power/energy-pkg/,1000931076,100.00,,
   863.955593406,43.89,Joules,power/energy-pkg/,1001141907,100.00,,
   864.955989438,43.97,Joules,power/energy-pkg/,1000390799,100.00,,
   865.957096847,43.20,Joules,power/energy-pkg/,1001078179,100.00,,
   866.958275622,55.37,Joules,power/energy-pkg/,1001211632,100.00,,
   867.959495297,51.74,Joules,power/energy-pkg/,1001178940,100.00,,
   868.960015338,51.23,Joules,power/energy-pkg/,1000516577,100.00,,
   869.961179772,50.97,Joules,power/energy-pkg/,1001165168,100.00,,
   870.962339475,39.97,Joules,power/energy-pkg/,1001155465,100.00,,
   871.963523260,23.02,Joules,power/energy-pkg/,1001174026,100.00,,
   872.964687995,14.73,Joules,power/energy-pkg/,1001181711,100.00,,
   873.966004504,8.14,Joules,power/energy-pkg/,1001299210,100.00,,
   874.967189811,25.40,Joules,power/energy-pkg/,1001189021,100.00,,
   875.968014711,12.33,Joules,power/energy-pkg/,1000805421,100.00,,
   876.969183043,53.67,Joules,power/energy-pkg/,1001196487,100.00,,
   877.970216781,55.56,Joules,power/energy-pkg/,1001007934,100.00,,
   878.971353175,51.65,Joules,power/energy-pkg/,1001138859,100.00,,
   879.971925901,63.53,Joules,power/energy-pkg/,1000554288,100.00,,
   880.973120479,50.91,Joules,power/energy-pkg/,1001220352,100.00,,
   881.974244224,47.09,Joules,power/energy-pkg/,1001112903,100.00,,
   882.975431667,55.21,Joules,power/energy-pkg/,1001171996,100.00,,
   883.976006084,43.16,Joules,power/energy-pkg/,1000549908,100.00,,
   884.977147089,28.45,Joules,power/energy-pkg/,1001154930,100.00,,
   885.978356236,38.67,Joules,power/energy-pkg/,1001210509,100.00,,
   886.979491825,4.63,Joules,power/energy-pkg/,1001124527,100.00,,
   887.980071279,26.90,Joules,power/energy-pkg/,1000619392,100.00,,
   888.981285015,26.98,Joules,power/energy-pkg/,1001150941,100.00,,
   889.982438390,12.76,Joules,power/energy-pkg/,1001174252,100.00,,
   890.983768855,10.81,Joules,power/energy-pkg/,1001305725,100.00,,
   891.983927764,52.92,Joules,power/energy-pkg/,1000151620,100.00,,
   892.985114632,24.04,Joules,power/energy-pkg/,1001182021,100.00,,
   893.986188425,41.48,Joules,power/energy-pkg/,1001067080,100.00,,
   894.987344702,31.32,Joules,power/energy-pkg/,1001157479,100.00,,
   895.997471315,38.44,Joules,power/energy-pkg/,1010136203,100.00,,
   896.998576144,47.39,Joules,power/energy-pkg/,1001094912,100.00,,
   897.999744121,52.38,Joules,power/energy-pkg/,1001171511,100.00,,
   899.000026217,48.22,Joules,power/energy-pkg/,1000257090,100.00,,
   900.001192461,36.59,Joules,power/energy-pkg/,1001163221,100.00,,
   901.002360048,31.86,Joules,power/energy-pkg/,1001172839,100.00,,
   902.003584024,25.74,Joules,power/energy-pkg/,1001214714,100.00,,
   903.003926862,20.28,Joules,power/energy-pkg/,1000337133,100.00,,
   904.005049877,54.96,Joules,power/energy-pkg/,1001114098,100.00,,
   905.006210179,45.63,Joules,power/energy-pkg/,1001160596,100.00,,
   906.015645393,45.12,Joules,power/energy-pkg/,1009437429,100.00,,
   907.015922389,47.47,Joules,power/energy-pkg/,1000259886,100.00,,
   908.017005413,49.41,Joules,power/energy-pkg/,1001079018,100.00,,
   909.018079494,40.26,Joules,power/energy-pkg/,1001070895,100.00,,
   910.019233866,64.14,Joules,power/energy-pkg/,1001185466,100.00,,
   911.019929108,46.30,Joules,power/energy-pkg/,1000656164,100.00,,
   912.021031081,30.96,Joules,power/energy-pkg/,1001100760,100.00,,
   913.022139950,23.56,Joules,power/energy-pkg/,1001101171,100.00,,
   914.023228140,44.28,Joules,power/energy-pkg/,1001083784,100.00,,
   915.023997803,32.52,Joules,power/energy-pkg/,1000794200,100.00,,
   916.025397369,16.10,Joules,power/energy-pkg/,1001394628,100.00,,
   917.026515403,3.92,Joules,power/energy-pkg/,1001209705,100.00,,
   918.027988390,17.28,Joules,power/energy-pkg/,1001343537,100.00,,
   919.029133393,31.95,Joules,power/energy-pkg/,1001149440,100.00,,
   920.030214109,38.04,Joules,power/energy-pkg/,1001067623,100.00,,
   921.031282858,32.94,Joules,power/energy-pkg/,1001063727,100.00,,
   922.031923224,52.22,Joules,power/energy-pkg/,1000638499,100.00,,
   923.033017149,44.68,Joules,power/energy-pkg/,1001089636,100.00,,
   924.034107022,54.28,Joules,power/energy-pkg/,1001087644,100.00,,
   925.035211074,50.06,Joules,power/energy-pkg/,1001096302,100.00,,
   926.035951907,44.31,Joules,power/energy-pkg/,1000752659,100.00,,
   927.037067101,51.35,Joules,power/energy-pkg/,1001096141,100.00,,
   928.038152769,34.33,Joules,power/energy-pkg/,1001082909,100.00,,
   929.039268286,42.82,Joules,power/energy-pkg/,1001121730,100.00,,
   930.039924187,41.48,Joules,power/energy-pkg/,1000640090,100.00,,
   931.040132219,40.19,Joules,power/energy-pkg/,1000313357,100.00,,
   932.041399972,41.30,Joules,power/energy-pkg/,1001163629,100.00,,
   933.042529221,38.85,Joules,power/energy-pkg/,1001116541,100.00,,
   934.043651603,43.46,Joules,power/energy-pkg/,1001137075,100.00,,
   935.044911476,44.53,Joules,power/energy-pkg/,1001253996,100.00,,
   936.046109409,42.09,Joules,power/energy-pkg/,1001197792,100.00,,
   937.047220312,31.74,Joules,power/energy-pkg/,1001083537,100.00,,
   938.047923142,34.84,Joules,power/energy-pkg/,1000697312,100.00,,
   939.049077182,32.55,Joules,power/energy-pkg/,1001182202,100.00,,
   940.050271142,40.26,Joules,power/energy-pkg/,1001181018,100.00,,
   941.051393144,48.08,Joules,power/energy-pkg/,1001129492,100.00,,
   942.051925342,41.68,Joules,power/energy-pkg/,1000494316,100.00,,
   943.053020313,34.28,Joules,power/energy-pkg/,1001089147,100.00,,
   944.054118120,31.77,Joules,power/energy-pkg/,1001094376,100.00,,
   945.055208242,40.38,Joules,power/energy-pkg/,1001086605,100.00,,
   946.055921305,29.68,Joules,power/energy-pkg/,1000708073,100.00,,
   947.057011158,29.32,Joules,power/energy-pkg/,1001084982,100.00,,
   948.058099121,49.56,Joules,power/energy-pkg/,1001094665,100.00,,
   949.058473506,41.57,Joules,power/energy-pkg/,1000433492,100.00,,
   950.059644330,57.66,Joules,power/energy-pkg/,1001114585,100.00,,
   951.059993447,60.67,Joules,power/energy-pkg/,1000344485,100.00,,
   952.061105250,46.55,Joules,power/energy-pkg/,1001087851,100.00,,
   953.062286988,49.19,Joules,power/energy-pkg/,1001181342,100.00,,
   954.063475790,16.00,Joules,power/energy-pkg/,1001202506,100.00,,
   955.063998404,10.70,Joules,power/energy-pkg/,1000526435,100.00,,
   956.065125142,19.79,Joules,power/energy-pkg/,1001107204,100.00,,
   957.066420274,30.13,Joules,power/energy-pkg/,1001294967,100.00,,
   958.067628385,21.88,Joules,power/energy-pkg/,1001202357,100.00,,
   959.067924926,17.21,Joules,power/energy-pkg/,1000274845,100.00,,
   960.069028029,37.82,Joules,power/energy-pkg/,1001099988,100.00,,
   961.070146856,30.40,Joules,power/energy-pkg/,1001127392,100.00,,
   962.071255369,42.63,Joules,power/energy-pkg/,1001089633,100.00,,
   963.071997556,43.40,Joules,power/energy-pkg/,1000796202,100.00,,
   964.073217493,46.18,Joules,power/energy-pkg/,1001186019,100.00,,
   965.074417418,48.26,Joules,power/energy-pkg/,1001173329,100.00,,
   966.075516562,41.13,Joules,power/energy-pkg/,1001089012,100.00,,
   967.076734224,28.72,Joules,power/energy-pkg/,1001239047,100.00,,
   968.078012030,5.35,Joules,power/energy-pkg/,1001265918,100.00,,
   969.079262556,25.30,Joules,power/energy-pkg/,1001226775,100.00,,
   970.080465053,6.35,Joules,power/energy-pkg/,1001225658,100.00,,
   971.081870277,4.67,Joules,power/energy-pkg/,1001400568,100.00,,
   972.083207402,4.45,Joules,power/energy-pkg/,1001323317,100.00,,
   973.084005070,3.94,Joules,power/energy-pkg/,1000797674,100.00,,
   974.085334123,4.92,Joules,power/energy-pkg/,1001326213,100.00,,
   975.086661544,4.23,Joules,power/energy-pkg/,1001322644,100.00,,
   976.088020713,5.54,Joules,power/energy-pkg/,1001391052,100.00,,
   977.089391890,4.38,Joules,power/energy-pkg/,1001316883,100.00,,
   978.090596423,4.07,Joules,power/energy-pkg/,1001213737,100.00,,
   979.091971141,4.33,Joules,power/energy-pkg/,1001369439,100.00,,
   980.093302829,4.95,Joules,power/energy-pkg/,1001327817,100.00,,
   981.094636825,6.01,Joules,power/energy-pkg/,1001433039,100.00,,
   982.096160407,4.96,Joules,power/energy-pkg/,1001421133,100.00,,
   983.097521464,4.23,Joules,power/energy-pkg/,1001350757,100.00,,
   984.097820787,4.49,Joules,power/energy-pkg/,1000338356,100.00,,
   985.099201851,4.22,Joules,power/energy-pkg/,1001333900,100.00,,
   986.100553576,4.40,Joules,power/energy-pkg/,1001346806,100.00,,
   987.101898044,3.85,Joules,power/energy-pkg/,1001341528,100.00,,
   988.103240483,4.35,Joules,power/energy-pkg/,1001339689,100.00,,
   989.104036327,4.72,Joules,power/energy-pkg/,1000789920,100.00,,
   990.105405701,4.14,Joules,power/energy-pkg/,1001364122,100.00,,
   991.106956681,4.67,Joules,power/energy-pkg/,1001552361,100.00,,
   992.108258001,11.62,Joules,power/energy-pkg/,1001297475,100.00,,
   993.109647163,4.30,Joules,power/energy-pkg/,1001380451,100.00,,
   994.111030999,4.43,Joules,power/energy-pkg/,1001384232,100.00,,
   995.112030211,4.41,Joules,power/energy-pkg/,1000989859,100.00,,
   996.113502113,4.26,Joules,power/energy-pkg/,1001473150,100.00,,
   997.114857041,4.24,Joules,power/energy-pkg/,1001346465,100.00,,
   998.116032140,4.38,Joules,power/energy-pkg/,1001169129,100.00,,
   999.117368970,3.82,Joules,power/energy-pkg/,1001338094,100.00,,
