# started on Mon Mar 27 18:11:31 2023

     1.000306661,19.06,Joules,power/energy-pkg/,1000333815,100.00,,
     2.001432450,17.58,Joules,power/energy-pkg/,1001105749,100.00,,
     3.002532060,18.81,Joules,power/energy-pkg/,1001092835,100.00,,
     4.003169551,20.00,Joules,power/energy-pkg/,1000627653,100.00,,
     5.004169567,19.64,Joules,power/energy-pkg/,1001008256,100.00,,
     6.005290086,18.46,Joules,power/energy-pkg/,1001110181,100.00,,
     7.006380250,18.91,Joules,power/energy-pkg/,1001056025,100.00,,
     8.007230146,17.63,Joules,power/energy-pkg/,1000853699,100.00,,
     9.007745903,19.42,Joules,power/energy-pkg/,1000504346,100.00,,
    10.008817564,19.09,Joules,power/energy-pkg/,1001053749,100.00,,
    11.009880928,17.43,Joules,power/energy-pkg/,1001055036,100.00,,
    12.010951086,18.80,Joules,power/energy-pkg/,1001081112,100.00,,
    13.011141691,21.06,Joules,power/energy-pkg/,1000167742,100.00,,
    14.012213911,17.11,Joules,power/energy-pkg/,1001059214,100.00,,
    15.013280125,18.90,Joules,power/energy-pkg/,1001071452,100.00,,
    16.014365504,16.93,Joules,power/energy-pkg/,1001066922,100.00,,
    17.015139207,18.01,Joules,power/energy-pkg/,1000764889,100.00,,
    18.015866809,18.31,Joules,power/energy-pkg/,1000762175,100.00,,
    19.017007064,16.40,Joules,power/energy-pkg/,1001100988,100.00,,
    20.018101149,17.57,Joules,power/energy-pkg/,1001086066,100.00,,
    21.019141556,18.31,Joules,power/energy-pkg/,1001020060,100.00,,
    22.020235869,19.37,Joules,power/energy-pkg/,1001101349,100.00,,
    23.020804985,17.55,Joules,power/energy-pkg/,1000569203,100.00,,
    24.021918880,18.18,Joules,power/energy-pkg/,1001092129,100.00,,
    25.023016879,18.37,Joules,power/energy-pkg/,1001091447,100.00,,
    26.023154789,19.73,Joules,power/energy-pkg/,1000126463,100.00,,
    27.024239047,21.32,Joules,power/energy-pkg/,1001080844,100.00,,
    28.024990174,18.81,Joules,power/energy-pkg/,1000737660,100.00,,
    29.025911045,16.87,Joules,power/energy-pkg/,1000924275,100.00,,
    30.027013263,19.66,Joules,power/energy-pkg/,1001084600,100.00,,
    31.027153178,16.26,Joules,power/energy-pkg/,1000132311,100.00,,
    32.028253785,18.46,Joules,power/energy-pkg/,1001094675,100.00,,
    33.029342349,19.11,Joules,power/energy-pkg/,1001079402,100.00,,
    34.030427310,18.30,Joules,power/energy-pkg/,1001066169,100.00,,
    35.031136478,20.86,Joules,power/energy-pkg/,1000696441,100.00,,
    36.032199348,18.84,Joules,power/energy-pkg/,1001053235,100.00,,
    37.033255994,18.00,Joules,power/energy-pkg/,1001048987,100.00,,
    38.034323669,19.06,Joules,power/energy-pkg/,1001071549,100.00,,
    39.035148762,20.19,Joules,power/energy-pkg/,1000820284,100.00,,
    40.036257895,19.61,Joules,power/energy-pkg/,1001100748,100.00,,
    41.036805053,18.18,Joules,power/energy-pkg/,1000557503,100.00,,
    42.037910381,21.08,Joules,power/energy-pkg/,1001076190,100.00,,
    43.038997036,21.77,Joules,power/energy-pkg/,1001079308,100.00,,
    44.039152738,21.31,Joules,power/energy-pkg/,1000147238,100.00,,
    45.040242994,19.53,Joules,power/energy-pkg/,1001081410,100.00,,
    46.041317462,20.56,Joules,power/energy-pkg/,1001053894,100.00,,
    47.042386416,20.43,Joules,power/energy-pkg/,1001073157,100.00,,
    48.043152575,19.46,Joules,power/energy-pkg/,1000757536,100.00,,
    49.044234065,19.91,Joules,power/energy-pkg/,1001072947,100.00,,
    50.045315298,19.43,Joules,power/energy-pkg/,1001061811,100.00,,
    51.046401788,19.97,Joules,power/energy-pkg/,1001086311,100.00,,
    52.047144023,20.48,Joules,power/energy-pkg/,1000728514,100.00,,
    53.048234432,20.24,Joules,power/energy-pkg/,1001079113,100.00,,
    54.049307642,18.88,Joules,power/energy-pkg/,1001078539,100.00,,
    55.050406992,19.95,Joules,power/energy-pkg/,1001084326,100.00,,
    56.051155859,18.66,Joules,power/energy-pkg/,1000746634,100.00,,
    57.052288222,20.29,Joules,power/energy-pkg/,1001124652,100.00,,
    58.053375472,20.21,Joules,power/energy-pkg/,1001079507,100.00,,
    59.054455257,21.32,Joules,power/energy-pkg/,1001058705,100.00,,
    60.055147152,18.44,Joules,power/energy-pkg/,1000695799,100.00,,
    61.056258075,19.00,Joules,power/energy-pkg/,1001102197,100.00,,
    62.057339869,21.57,Joules,power/energy-pkg/,1001074125,100.00,,
    63.058433367,20.84,Joules,power/energy-pkg/,1001072725,100.00,,
    64.059161328,21.06,Joules,power/energy-pkg/,1000723726,100.00,,
    65.060260314,18.49,Joules,power/energy-pkg/,1001097050,100.00,,
    66.060798422,16.64,Joules,power/energy-pkg/,1000560592,100.00,,
    67.061937866,15.45,Joules,power/energy-pkg/,1001091664,100.00,,
    68.062500855,17.87,Joules,power/energy-pkg/,1000560243,100.00,,
    69.063149561,38.72,Joules,power/energy-pkg/,1000638106,100.00,,
    70.064253652,43.76,Joules,power/energy-pkg/,1001116666,100.00,,
    71.065385412,51.02,Joules,power/energy-pkg/,1001116294,100.00,,
    72.066504336,51.17,Joules,power/energy-pkg/,1001137639,100.00,,
    73.067180213,47.39,Joules,power/energy-pkg/,1000701427,100.00,,
    74.068374184,48.20,Joules,power/energy-pkg/,1001111932,100.00,,
    75.069475223,47.94,Joules,power/energy-pkg/,1001090296,100.00,,
    76.070561970,42.01,Joules,power/energy-pkg/,1001100292,100.00,,
    77.071158577,48.45,Joules,power/energy-pkg/,1000574868,100.00,,
    78.072338192,49.31,Joules,power/energy-pkg/,1001170849,100.00,,
    79.073474010,32.59,Joules,power/energy-pkg/,1001144716,100.00,,
    80.074629296,43.36,Joules,power/energy-pkg/,1001132216,100.00,,
    81.075156077,46.84,Joules,power/energy-pkg/,1000518664,100.00,,
    82.076301061,50.25,Joules,power/energy-pkg/,1001137616,100.00,,
    83.077437159,50.32,Joules,power/energy-pkg/,1001126723,100.00,,
    84.078535249,52.62,Joules,power/energy-pkg/,1001082368,100.00,,
    85.079144467,57.83,Joules,power/energy-pkg/,1000601728,100.00,,
    86.080250210,50.98,Joules,power/energy-pkg/,1001092535,100.00,,
    87.081341141,45.69,Joules,power/energy-pkg/,1001093180,100.00,,
    88.082428085,52.44,Joules,power/energy-pkg/,1001103258,100.00,,
    89.083173797,54.33,Joules,power/energy-pkg/,1000716818,100.00,,
    90.084334933,42.89,Joules,power/energy-pkg/,1001150091,100.00,,
    91.085440256,43.67,Joules,power/energy-pkg/,1001143065,100.00,,
    92.086625036,53.38,Joules,power/energy-pkg/,1001132002,100.00,,
    93.087147716,53.04,Joules,power/energy-pkg/,1000526403,100.00,,
    94.088261730,40.39,Joules,power/energy-pkg/,1001079982,100.00,,
    95.089342127,42.49,Joules,power/energy-pkg/,1001130442,100.00,,
    96.090596203,44.30,Joules,power/energy-pkg/,1001194921,100.00,,
    97.091167561,32.68,Joules,power/energy-pkg/,1000556669,100.00,,
    98.091574298,29.39,Joules,power/energy-pkg/,1000427601,100.00,,
    99.092251271,36.70,Joules,power/energy-pkg/,1000669474,100.00,,
   100.093370893,26.14,Joules,power/energy-pkg/,1001093094,100.00,,
   101.097789557,28.23,Joules,power/energy-pkg/,1004407847,100.00,,
   102.098898434,35.74,Joules,power/energy-pkg/,1001090566,100.00,,
   103.099140288,34.22,Joules,power/energy-pkg/,1000235384,100.00,,
   104.099421532,29.39,Joules,power/energy-pkg/,1000348046,100.00,,
   105.100577403,27.71,Joules,power/energy-pkg/,1001069619,100.00,,
   106.101637592,27.94,Joules,power/energy-pkg/,1001050946,100.00,,
   107.102710453,23.59,Joules,power/energy-pkg/,1001079456,100.00,,
   108.110756807,30.33,Joules,power/energy-pkg/,1008037627,100.00,,
   109.111181773,32.57,Joules,power/energy-pkg/,1000403106,100.00,,
   110.112258210,28.90,Joules,power/energy-pkg/,1001081002,100.00,,
   111.113355191,27.62,Joules,power/energy-pkg/,1001079621,100.00,,
   112.114431416,27.70,Joules,power/energy-pkg/,1001078170,100.00,,
   113.115138154,33.03,Joules,power/energy-pkg/,1000684922,100.00,,
   114.116204526,32.57,Joules,power/energy-pkg/,1001057453,100.00,,
   115.117278221,27.05,Joules,power/energy-pkg/,1001079110,100.00,,
   116.118361277,27.81,Joules,power/energy-pkg/,1001075864,100.00,,
   117.119138219,30.94,Joules,power/energy-pkg/,1000753784,100.00,,
   118.120203337,33.95,Joules,power/energy-pkg/,1001058487,100.00,,
   119.121280350,27.33,Joules,power/energy-pkg/,1001082004,100.00,,
   120.122361205,31.81,Joules,power/energy-pkg/,1001059853,100.00,,
   121.123170652,15.57,Joules,power/energy-pkg/,1000823462,100.00,,
   122.124373584,26.50,Joules,power/energy-pkg/,1001184130,100.00,,
   123.125446809,26.90,Joules,power/energy-pkg/,1001053953,100.00,,
   124.126523330,28.82,Joules,power/energy-pkg/,1001083768,100.00,,
   125.127157692,29.06,Joules,power/energy-pkg/,1000627171,100.00,,
   126.128253806,26.65,Joules,power/energy-pkg/,1001108477,100.00,,
   127.129391656,31.18,Joules,power/energy-pkg/,1001098410,100.00,,
   128.195143887,31.21,Joules,power/energy-pkg/,1065737588,100.00,,
   129.195941497,29.67,Joules,power/energy-pkg/,1000813846,100.00,,
   130.197042015,27.48,Joules,power/energy-pkg/,1001080337,100.00,,
   131.198141006,27.63,Joules,power/energy-pkg/,1001090081,100.00,,
   132.199138017,22.14,Joules,power/energy-pkg/,1000984263,100.00,,
   133.200221038,31.05,Joules,power/energy-pkg/,1001100126,100.00,,
   134.200861530,37.42,Joules,power/energy-pkg/,1000623969,100.00,,
   135.202003188,31.13,Joules,power/energy-pkg/,1001107990,100.00,,
   136.203086656,30.94,Joules,power/energy-pkg/,1001093679,100.00,,
   137.236929868,31.15,Joules,power/energy-pkg/,1033840891,100.00,,
   138.238019347,32.24,Joules,power/energy-pkg/,1001057049,100.00,,
   139.239095054,30.39,Joules,power/energy-pkg/,1001081304,100.00,,
   140.240190703,30.75,Joules,power/energy-pkg/,1001074211,100.00,,
   141.241287111,27.73,Joules,power/energy-pkg/,1001094740,100.00,,
   142.242376737,28.77,Joules,power/energy-pkg/,1001082184,100.00,,
   143.243162714,28.27,Joules,power/energy-pkg/,1000776302,100.00,,
   144.244247328,28.78,Joules,power/energy-pkg/,1001083129,100.00,,
   145.245338814,34.27,Joules,power/energy-pkg/,1001083976,100.00,,
   146.246401740,27.94,Joules,power/energy-pkg/,1001072026,100.00,,
   147.247137262,27.19,Joules,power/energy-pkg/,1000694874,100.00,,
   148.248202996,30.39,Joules,power/energy-pkg/,1001070817,100.00,,
   149.249287499,28.92,Joules,power/energy-pkg/,1001075674,100.00,,
   150.250377099,33.46,Joules,power/energy-pkg/,1001106254,100.00,,
   151.251140065,26.43,Joules,power/energy-pkg/,1000718061,100.00,,
   152.252209495,31.48,Joules,power/energy-pkg/,1001061497,100.00,,
   153.253282932,28.76,Joules,power/energy-pkg/,1001068099,100.00,,
   154.254384702,29.39,Joules,power/energy-pkg/,1001104523,100.00,,
   155.255145195,34.46,Joules,power/energy-pkg/,1000745251,100.00,,
   156.256263928,31.32,Joules,power/energy-pkg/,1001104408,100.00,,
   157.256701070,30.81,Joules,power/energy-pkg/,1000455632,100.00,,
   158.257816063,27.02,Joules,power/energy-pkg/,1001078539,100.00,,
   159.258234663,30.65,Joules,power/energy-pkg/,1000428262,100.00,,
   160.259183666,33.59,Joules,power/energy-pkg/,1000929781,100.00,,
   161.260281522,29.17,Joules,power/energy-pkg/,1001083297,100.00,,
   162.260802266,28.95,Joules,power/energy-pkg/,1000553644,100.00,,
   163.261909927,27.52,Joules,power/energy-pkg/,1001058439,100.00,,
   164.262989048,32.45,Joules,power/energy-pkg/,1001101016,100.00,,
   165.263138575,29.17,Joules,power/energy-pkg/,1000111020,100.00,,
   166.264209382,32.35,Joules,power/energy-pkg/,1001074125,100.00,,
   167.265279915,30.63,Joules,power/energy-pkg/,1001049918,100.00,,
   168.266358338,27.83,Joules,power/energy-pkg/,1001084495,100.00,,
   169.267138754,27.05,Joules,power/energy-pkg/,1000758546,100.00,,
   170.268210950,29.09,Joules,power/energy-pkg/,1001133068,100.00,,
   171.269376030,36.58,Joules,power/energy-pkg/,1001100944,100.00,,
   172.270463539,26.66,Joules,power/energy-pkg/,1001079263,100.00,,
   173.271459978,31.69,Joules,power/energy-pkg/,1001037050,100.00,,
   174.272601754,29.71,Joules,power/energy-pkg/,1001086961,100.00,,
   175.272956025,29.19,Joules,power/energy-pkg/,1000351768,100.00,,
   176.274039526,34.52,Joules,power/energy-pkg/,1001054321,100.00,,
   177.275111051,31.47,Joules,power/energy-pkg/,1001282693,100.00,,
   178.276414201,31.62,Joules,power/energy-pkg/,1003803662,100.00,,
   179.280222327,29.90,Joules,power/energy-pkg/,1001079115,100.00,,
   180.281303944,28.49,Joules,power/energy-pkg/,1001080627,100.00,,
   181.282398886,33.30,Joules,power/energy-pkg/,1001097089,100.00,,
   182.283139034,29.28,Joules,power/energy-pkg/,1000707044,100.00,,
   183.283977602,29.39,Joules,power/energy-pkg/,1000882809,100.00,,
   184.285098344,29.34,Joules,power/energy-pkg/,1001074864,100.00,,
   185.286184954,28.64,Joules,power/energy-pkg/,1011629617,100.00,,
   186.297829084,25.59,Joules,power/energy-pkg/,1001069878,100.00,,
   187.298967633,34.43,Joules,power/energy-pkg/,1001150737,100.00,,
   188.385793411,30.02,Joules,power/energy-pkg/,1086809729,100.00,,
   189.386878018,29.78,Joules,power/energy-pkg/,1001091360,100.00,,
   190.387145994,30.50,Joules,power/energy-pkg/,1000232555,100.00,,
   191.388215799,35.31,Joules,power/energy-pkg/,1001060695,100.00,,
   192.389287468,33.64,Joules,power/energy-pkg/,1001076531,100.00,,
   193.389740284,30.01,Joules,power/energy-pkg/,1000442582,100.00,,
   194.390828938,29.29,Joules,power/energy-pkg/,1001072244,100.00,,
   195.391152977,27.34,Joules,power/energy-pkg/,1000321876,100.00,,
   196.392231951,31.39,Joules,power/energy-pkg/,1001062420,100.00,,
   197.392744096,35.66,Joules,power/energy-pkg/,1000528777,100.00,,
   198.393849443,25.96,Joules,power/energy-pkg/,1001080988,100.00,,
   199.394929571,23.95,Joules,power/energy-pkg/,1001076789,100.00,,
   200.395161967,11.72,Joules,power/energy-pkg/,1000231906,100.00,,
   202.070506781,40.07,Joules,power/energy-pkg/,1675324015,100.00,,
   203.071169034,29.75,Joules,power/energy-pkg/,1000646436,100.00,,
   204.071406443,27.36,Joules,power/energy-pkg/,1000232527,100.00,,
   205.072489240,20.42,Joules,power/energy-pkg/,1001064908,100.00,,
   206.073570654,21.61,Joules,power/energy-pkg/,1001105776,100.00,,
   207.074703840,26.64,Joules,power/energy-pkg/,1001104063,100.00,,
   208.075156542,31.59,Joules,power/energy-pkg/,1000440702,100.00,,
   209.076233851,30.15,Joules,power/energy-pkg/,1001093744,100.00,,
   210.077352697,31.51,Joules,power/energy-pkg/,1001089887,100.00,,
   211.078439997,29.87,Joules,power/energy-pkg/,1001079668,100.00,,
   212.079161045,19.15,Joules,power/energy-pkg/,1000719556,100.00,,
   213.080383514,33.20,Joules,power/energy-pkg/,1001194410,100.00,,
   214.907157502,34.23,Joules,power/energy-pkg/,1826775661,100.00,,
   215.908235140,27.40,Joules,power/energy-pkg/,1001054101,100.00,,
   216.909322262,31.46,Joules,power/energy-pkg/,1006897532,100.00,,
   217.916251403,33.28,Joules,power/energy-pkg/,1001134095,100.00,,
   218.917425950,31.46,Joules,power/energy-pkg/,1001148274,100.00,,
   219.918504286,33.86,Joules,power/energy-pkg/,1001055536,100.00,,
   220.919154548,27.34,Joules,power/energy-pkg/,1000657637,100.00,,
   221.919299359,31.27,Joules,power/energy-pkg/,1000141815,100.00,,
   222.919647572,32.44,Joules,power/energy-pkg/,1000371650,100.00,,
   223.920777006,27.59,Joules,power/energy-pkg/,1001087016,100.00,,
   225.044600734,28.19,Joules,power/energy-pkg/,1123802087,100.00,,
   226.045686792,28.01,Joules,power/energy-pkg/,1001072050,100.00,,
   227.045957121,32.03,Joules,power/energy-pkg/,1000275304,100.00,,
   228.046233818,29.16,Joules,power/energy-pkg/,1000260568,100.00,,
   229.047138791,36.44,Joules,power/energy-pkg/,1000863239,100.00,,
   230.048201327,27.32,Joules,power/energy-pkg/,1001048377,100.00,,
   231.049280578,29.23,Joules,power/energy-pkg/,1001079250,100.00,,
   232.049474028,32.13,Joules,power/energy-pkg/,1000191666,100.00,,
   233.050602972,32.14,Joules,power/energy-pkg/,1001106026,100.00,,
   234.051155605,36.45,Joules,power/energy-pkg/,1000532823,100.00,,
   235.052242174,26.66,Joules,power/energy-pkg/,1001072123,100.00,,
   236.053317739,37.40,Joules,power/energy-pkg/,1001049644,100.00,,
   237.054383743,28.78,Joules,power/energy-pkg/,1001051007,100.00,,
   238.055138813,27.16,Joules,power/energy-pkg/,1000741876,100.00,,
   239.056228119,32.91,Joules,power/energy-pkg/,1001091261,100.00,,
   240.057383977,33.77,Joules,power/energy-pkg/,1001138086,100.00,,
   241.058470207,32.42,Joules,power/energy-pkg/,1001072472,100.00,,
   242.059170732,27.12,Joules,power/energy-pkg/,1000675989,100.00,,
   243.060260799,26.10,Joules,power/energy-pkg/,1001108149,100.00,,
   244.061386566,33.29,Joules,power/energy-pkg/,1001079754,100.00,,
   245.062468763,30.48,Joules,power/energy-pkg/,1001064971,100.00,,
   246.063141887,31.30,Joules,power/energy-pkg/,1000659701,100.00,,
   247.064224424,30.08,Joules,power/energy-pkg/,1001098168,100.00,,
   248.065340439,29.18,Joules,power/energy-pkg/,1001089090,100.00,,
   249.066435315,29.12,Joules,power/energy-pkg/,1001080002,100.00,,
   250.067158840,40.66,Joules,power/energy-pkg/,1000705007,100.00,,
   251.068232954,26.72,Joules,power/energy-pkg/,1001047232,100.00,,
   252.068532214,34.03,Joules,power/energy-pkg/,1000318376,100.00,,
   253.069642068,33.66,Joules,power/energy-pkg/,1001067699,100.00,,
   254.070742931,29.64,Joules,power/energy-pkg/,1001094927,100.00,,
   255.071147779,32.74,Joules,power/energy-pkg/,1000383880,100.00,,
   256.072238010,29.59,Joules,power/energy-pkg/,1001100219,100.00,,
   257.073327445,29.34,Joules,power/energy-pkg/,1001048150,100.00,,
   258.074397874,27.21,Joules,power/energy-pkg/,1001059416,100.00,,
   259.075160020,30.80,Joules,power/energy-pkg/,1000749175,100.00,,
   260.076230324,26.76,Joules,power/energy-pkg/,1001052261,100.00,,
   261.077320290,35.25,Joules,power/energy-pkg/,1001088697,100.00,,
   262.078398695,27.24,Joules,power/energy-pkg/,1001051886,100.00,,
   263.079138932,33.73,Joules,power/energy-pkg/,1000732635,100.00,,
   264.080219971,28.24,Joules,power/energy-pkg/,1001068950,100.00,,
   265.081299008,31.49,Joules,power/energy-pkg/,1001071477,100.00,,
   266.082395922,45.61,Joules,power/energy-pkg/,1001100062,100.00,,
   267.083158734,24.20,Joules,power/energy-pkg/,1000722729,100.00,,
   268.084240488,28.62,Joules,power/energy-pkg/,1001074198,100.00,,
   269.085320159,27.84,Joules,power/energy-pkg/,1001054215,100.00,,
   270.086403974,31.88,Joules,power/energy-pkg/,1001075354,100.00,,
   271.087162222,28.45,Joules,power/energy-pkg/,1000749283,100.00,,
   272.088257498,31.81,Joules,power/energy-pkg/,1001079352,100.00,,
   273.089331279,26.34,Joules,power/energy-pkg/,1001049316,100.00,,
   274.089989457,29.02,Joules,power/energy-pkg/,1000661654,100.00,,
   275.090190413,27.12,Joules,power/energy-pkg/,1000193705,100.00,,
   276.091160387,31.10,Joules,power/energy-pkg/,1000940329,100.00,,
   277.092231441,42.75,Joules,power/energy-pkg/,1001051739,100.00,,
   278.093311702,32.78,Joules,power/energy-pkg/,1001078605,100.00,,
   279.094398309,27.81,Joules,power/energy-pkg/,1001071522,100.00,,
   280.095155071,30.22,Joules,power/energy-pkg/,1000743746,100.00,,
   281.095302641,38.67,Joules,power/energy-pkg/,1000130683,100.00,,
   282.096385758,30.01,Joules,power/energy-pkg/,1001065866,100.00,,
   283.097054616,28.99,Joules,power/energy-pkg/,1000665393,100.00,,
   284.098171350,33.05,Joules,power/energy-pkg/,1001086691,100.00,,
   285.099162274,27.32,Joules,power/energy-pkg/,1000990882,100.00,,
   286.100250395,29.99,Joules,power/energy-pkg/,1001074590,100.00,,
   287.101330065,27.99,Joules,power/energy-pkg/,1001052195,100.00,,
   288.102408078,43.34,Joules,power/energy-pkg/,1001089573,100.00,,
   289.103161702,27.93,Joules,power/energy-pkg/,1000719752,100.00,,
   290.104248255,30.77,Joules,power/energy-pkg/,1001077189,100.00,,
   291.105327972,27.55,Joules,power/energy-pkg/,1001071769,100.00,,
   292.105599997,30.72,Joules,power/energy-pkg/,1000268773,100.00,,
   293.105730425,37.53,Joules,power/energy-pkg/,1000118558,100.00,,
   294.106830350,27.88,Joules,power/energy-pkg/,1001061976,100.00,,
   295.107161192,29.36,Joules,power/energy-pkg/,1000322871,100.00,,
   296.108245671,29.00,Joules,power/energy-pkg/,1001098103,100.00,,
   297.109364839,29.01,Joules,power/energy-pkg/,1001083273,100.00,,
   298.110355044,27.85,Joules,power/energy-pkg/,1000997167,100.00,,
   299.111228831,34.56,Joules,power/energy-pkg/,1000834062,100.00,,
   300.112311047,28.85,Joules,power/energy-pkg/,1001076525,100.00,,
   301.113398101,27.87,Joules,power/energy-pkg/,1001059185,100.00,,
   302.114491207,32.73,Joules,power/energy-pkg/,1001087191,100.00,,
   303.115155418,29.64,Joules,power/energy-pkg/,1000656545,100.00,,
   304.116308396,36.45,Joules,power/energy-pkg/,1001138835,100.00,,
   305.117388473,30.75,Joules,power/energy-pkg/,1001080668,100.00,,
   306.118522887,29.34,Joules,power/energy-pkg/,1001106129,100.00,,
   307.119138948,30.88,Joules,power/energy-pkg/,1000589498,100.00,,
   308.120214216,28.51,Joules,power/energy-pkg/,1001075871,100.00,,
   309.120397881,32.86,Joules,power/energy-pkg/,1000175466,100.00,,
   310.121000628,33.33,Joules,power/energy-pkg/,1000585799,100.00,,
   311.122078998,32.61,Joules,power/energy-pkg/,1001048505,100.00,,
   312.123144710,38.81,Joules,power/energy-pkg/,1001059093,100.00,,
   313.124240923,31.98,Joules,power/energy-pkg/,1001077575,100.00,,
   314.125320282,33.04,Joules,power/energy-pkg/,1001077121,100.00,,
   315.126395989,33.95,Joules,power/energy-pkg/,1001049959,100.00,,
   316.127157062,29.23,Joules,power/energy-pkg/,1000756433,100.00,,
   317.128245225,28.42,Joules,power/energy-pkg/,1001076437,100.00,,
   318.129325124,29.16,Joules,power/energy-pkg/,1001069407,100.00,,
   319.130411265,32.04,Joules,power/energy-pkg/,1001072356,100.00,,
   320.131167007,42.90,Joules,power/energy-pkg/,1000755306,100.00,,
   321.132377747,29.36,Joules,power/energy-pkg/,1007938135,100.00,,
   322.140221138,31.45,Joules,power/energy-pkg/,1001063763,100.00,,
   323.141295507,30.28,Joules,power/energy-pkg/,1001060837,100.00,,
   324.141685073,32.66,Joules,power/energy-pkg/,1000388902,100.00,,
   325.142788757,33.64,Joules,power/energy-pkg/,1001079460,100.00,,
   326.143164712,34.49,Joules,power/energy-pkg/,1000369847,100.00,,
   327.563212157,34.10,Joules,power/energy-pkg/,1420033619,100.00,,
   328.564309480,34.99,Joules,power/energy-pkg/,1001080458,100.00,,
   329.565398805,32.07,Joules,power/energy-pkg/,1001065733,100.00,,
   330.566479577,29.12,Joules,power/energy-pkg/,1001080593,100.00,,
   331.567139139,34.49,Joules,power/energy-pkg/,1000780383,100.00,,
   332.568348025,33.84,Joules,power/energy-pkg/,1001048747,100.00,,
   333.569362732,32.91,Joules,power/energy-pkg/,1001029364,100.00,,
   334.570454852,36.78,Joules,power/energy-pkg/,1001051360,100.00,,
   335.571167123,39.08,Joules,power/energy-pkg/,1000702279,100.00,,
   336.572257158,43.01,Joules,power/energy-pkg/,1001072827,100.00,,
   337.573333529,37.97,Joules,power/energy-pkg/,1001061888,100.00,,
   338.574418194,36.47,Joules,power/energy-pkg/,1001083815,100.00,,
   339.575138146,36.18,Joules,power/energy-pkg/,1000694796,100.00,,
   340.576211312,38.55,Joules,power/energy-pkg/,1001073409,100.00,,
   341.576504269,38.10,Joules,power/energy-pkg/,1000326314,100.00,,
   342.577644692,40.65,Joules,power/energy-pkg/,1001080080,100.00,,
   343.578728158,38.61,Joules,power/energy-pkg/,1001071690,100.00,,
   344.579158123,35.90,Joules,power/energy-pkg/,1000417647,100.00,,
   345.580236023,35.75,Joules,power/energy-pkg/,1001049294,100.00,,
   346.580799163,32.04,Joules,power/energy-pkg/,1000583043,100.00,,
   347.581914522,43.61,Joules,power/energy-pkg/,1002302073,100.00,,
   348.584227215,39.68,Joules,power/energy-pkg/,1001066460,100.00,,
   349.584522887,33.44,Joules,power/energy-pkg/,1000303329,100.00,,
   350.585610245,30.38,Joules,power/energy-pkg/,1001056602,100.00,,
   351.586699412,35.94,Joules,power/energy-pkg/,1001515185,100.00,,
   352.588257267,42.67,Joules,power/energy-pkg/,1001126250,100.00,,
   353.594315974,25.59,Joules,power/energy-pkg/,1006043834,100.00,,
   354.595163397,30.02,Joules,power/energy-pkg/,1000821907,100.00,,
   355.596249866,34.66,Joules,power/energy-pkg/,1001076998,100.00,,
   356.597330592,28.38,Joules,power/energy-pkg/,1001056409,100.00,,
   357.598409869,26.30,Joules,power/energy-pkg/,1001064875,100.00,,
   358.599141076,38.47,Joules,power/energy-pkg/,1000723205,100.00,,
   359.600239132,32.73,Joules,power/energy-pkg/,1001095413,100.00,,
   360.600399944,31.78,Joules,power/energy-pkg/,1000160516,100.00,,
   361.601527885,30.28,Joules,power/energy-pkg/,1001099372,100.00,,
   362.602605273,32.15,Joules,power/energy-pkg/,1001051339,100.00,,
   363.603170928,38.58,Joules,power/energy-pkg/,1000575866,100.00,,
   364.604390802,22.15,Joules,power/energy-pkg/,1001197016,100.00,,
   365.605483643,29.23,Joules,power/energy-pkg/,1001079562,100.00,,
   366.606042004,31.15,Joules,power/energy-pkg/,1000540512,100.00,,
   367.607121145,21.34,Joules,power/energy-pkg/,1001096844,100.00,,
   368.608238003,30.65,Joules,power/energy-pkg/,1001069394,100.00,,
   369.609339402,44.70,Joules,power/energy-pkg/,1001099109,100.00,,
   370.610414221,33.67,Joules,power/energy-pkg/,1001046087,100.00,,
   371.611142945,33.04,Joules,power/energy-pkg/,1000716505,100.00,,
   372.612213889,30.49,Joules,power/energy-pkg/,1001070534,100.00,,
   373.613290720,29.29,Joules,power/energy-pkg/,1001050744,100.00,,
   374.614364462,33.50,Joules,power/energy-pkg/,1001074444,100.00,,
   375.615140082,29.95,Joules,power/energy-pkg/,1000750071,100.00,,
   376.616211581,30.19,Joules,power/energy-pkg/,1001057824,100.00,,
   377.617287612,28.85,Joules,power/energy-pkg/,1001076248,100.00,,
   378.618363207,34.16,Joules,power/energy-pkg/,1001052017,100.00,,
   379.619161853,31.28,Joules,power/energy-pkg/,1000801582,100.00,,
   380.620265583,42.62,Joules,power/energy-pkg/,1001087387,100.00,,
   381.621354906,27.95,Joules,power/energy-pkg/,1001074455,100.00,,
   382.622437066,27.98,Joules,power/energy-pkg/,1001058047,100.00,,
   383.623136523,30.77,Joules,power/energy-pkg/,1000685621,100.00,,
   384.624230767,30.33,Joules,power/energy-pkg/,1001109255,100.00,,
   385.627152190,34.85,Joules,power/energy-pkg/,1002885249,100.00,,
   386.628253444,30.51,Joules,power/energy-pkg/,1001095680,100.00,,
   387.629337341,23.24,Joules,power/energy-pkg/,1001071854,100.00,,
   388.630422372,28.04,Joules,power/energy-pkg/,1001074430,100.00,,
   389.631157959,29.53,Joules,power/energy-pkg/,1000721964,100.00,,
   390.632252663,32.29,Joules,power/energy-pkg/,1001080628,100.00,,
   391.633100710,38.20,Joules,power/energy-pkg/,1000860312,100.00,,
   392.634220005,25.89,Joules,power/energy-pkg/,1001082949,100.00,,
   393.635304371,27.95,Joules,power/energy-pkg/,1001056135,100.00,,
   394.636367409,30.65,Joules,power/energy-pkg/,1001049469,100.00,,
   395.637437082,33.12,Joules,power/energy-pkg/,1001075437,100.00,,
   396.638532348,36.61,Joules,power/energy-pkg/,1001066106,100.00,,
   397.736473984,29.05,Joules,power/energy-pkg/,1097928178,100.00,,
   398.737564983,31.39,Joules,power/energy-pkg/,1001091859,100.00,,
   399.738667721,32.13,Joules,power/energy-pkg/,1001087481,100.00,,
   400.739153542,29.89,Joules,power/energy-pkg/,1000470630,100.00,,
   401.740225290,29.83,Joules,power/energy-pkg/,1001049434,100.00,,
   402.741297270,34.63,Joules,power/energy-pkg/,1001058514,100.00,,
   403.742013140,28.77,Joules,power/energy-pkg/,1000775134,100.00,,
   404.743306396,27.59,Joules,power/energy-pkg/,1001208869,100.00,,
   405.744368773,32.12,Joules,power/energy-pkg/,1001050201,100.00,,
   406.745440124,28.87,Joules,power/energy-pkg/,1001057363,100.00,,
   407.746506248,33.45,Joules,power/energy-pkg/,1001066810,100.00,,
   408.747140548,32.46,Joules,power/energy-pkg/,1000608698,100.00,,
   409.748211583,29.16,Joules,power/energy-pkg/,1001059178,100.00,,
   410.749281864,28.83,Joules,power/energy-pkg/,1001071350,100.00,,
   411.750367459,34.64,Joules,power/energy-pkg/,1001059311,100.00,,
   412.751167819,35.43,Joules,power/energy-pkg/,1000841763,100.00,,
   413.752450514,31.44,Joules,power/energy-pkg/,1001229173,100.00,,
   414.753531116,30.38,Joules,power/energy-pkg/,1001055968,100.00,,
   415.754619300,33.82,Joules,power/energy-pkg/,1001107367,100.00,,
   416.755142393,27.86,Joules,power/energy-pkg/,1000479465,100.00,,
   417.756230900,29.67,Joules,power/energy-pkg/,1001085022,100.00,,
   418.757318055,37.75,Joules,power/energy-pkg/,1001075049,100.00,,
   419.758037729,26.87,Joules,power/energy-pkg/,1000716606,100.00,,
   420.759129411,28.04,Joules,power/energy-pkg/,1001077926,100.00,,
   421.760240661,26.77,Joules,power/energy-pkg/,1001078049,100.00,,
   422.761325241,26.02,Joules,power/energy-pkg/,1001074391,100.00,,
   423.762418623,36.90,Joules,power/energy-pkg/,1001091959,100.00,,
   424.763137217,28.91,Joules,power/energy-pkg/,1000692703,100.00,,
   425.764205008,30.89,Joules,power/energy-pkg/,1001064827,100.00,,
   426.765273237,29.29,Joules,power/energy-pkg/,1001045520,100.00,,
   427.766346208,34.26,Joules,power/energy-pkg/,1001076425,100.00,,
   428.963147080,38.33,Joules,power/energy-pkg/,1196775634,100.00,,
   429.964241160,35.17,Joules,power/energy-pkg/,1001088894,100.00,,
   430.965328311,26.56,Joules,power/energy-pkg/,1001074494,100.00,,
   431.966434194,30.85,Joules,power/energy-pkg/,1001113812,100.00,,
   432.967160383,28.85,Joules,power/energy-pkg/,1000689968,100.00,,
   433.968241731,29.99,Joules,power/energy-pkg/,1001071273,100.00,,
   434.969318469,33.31,Joules,power/energy-pkg/,1001055842,100.00,,
   435.970413683,32.97,Joules,power/energy-pkg/,1001095148,100.00,,
   436.971136853,30.70,Joules,power/energy-pkg/,1000695368,100.00,,
   437.972210997,31.04,Joules,power/energy-pkg/,1001075211,100.00,,
   438.973296593,30.41,Joules,power/energy-pkg/,1001061399,100.00,,
   439.974401007,27.06,Joules,power/energy-pkg/,1001120992,100.00,,
   440.975153834,27.12,Joules,power/energy-pkg/,1000718799,100.00,,
   441.976226348,26.67,Joules,power/energy-pkg/,1001051602,100.00,,
   442.977311633,30.16,Joules,power/energy-pkg/,1001094709,100.00,,
   443.978405993,30.68,Joules,power/energy-pkg/,1001073729,100.00,,
   444.979152155,29.40,Joules,power/energy-pkg/,1000755525,100.00,,
   445.980281961,37.21,Joules,power/energy-pkg/,1001080456,100.00,,
   446.981353090,27.36,Joules,power/energy-pkg/,1001060371,100.00,,
   447.982208874,28.11,Joules,power/energy-pkg/,1000850291,100.00,,
   448.983154072,29.15,Joules,power/energy-pkg/,1000937246,100.00,,
   449.984247947,27.47,Joules,power/energy-pkg/,1001127637,100.00,,
   450.984646646,35.99,Joules,power/energy-pkg/,1000346533,100.00,,
   451.985744743,29.30,Joules,power/energy-pkg/,1001070012,100.00,,
   452.986838151,27.33,Joules,power/energy-pkg/,1001091045,100.00,,
   453.987251537,30.82,Joules,power/energy-pkg/,1000402496,100.00,,
   454.988349003,30.37,Joules,power/energy-pkg/,1001069182,100.00,,
   455.989410321,30.69,Joules,power/energy-pkg/,1001053133,100.00,,
   456.990506058,36.30,Joules,power/energy-pkg/,1001082171,100.00,,
   457.991158276,30.05,Joules,power/energy-pkg/,1000656713,100.00,,
   459.175004030,31.00,Joules,power/energy-pkg/,1183812600,100.00,,
   460.175514683,33.00,Joules,power/energy-pkg/,1001515819,100.00,,
   461.177612458,30.59,Joules,power/energy-pkg/,1001080463,100.00,,
   462.178687637,37.06,Joules,power/energy-pkg/,1001051122,100.00,,
   463.179158952,23.19,Joules,power/energy-pkg/,1000479801,100.00,,
   464.209377060,26.35,Joules,power/energy-pkg/,1030210374,100.00,,
   465.210491950,18.67,Joules,power/energy-pkg/,1001093710,100.00,,
   466.220826350,27.38,Joules,power/energy-pkg/,1010368898,100.00,,
   467.221456303,40.16,Joules,power/energy-pkg/,1000611775,100.00,,
   468.222598295,31.77,Joules,power/energy-pkg/,1001083681,100.00,,
   469.223627967,30.19,Joules,power/energy-pkg/,1001030004,100.00,,
   470.224721949,29.67,Joules,power/energy-pkg/,1001062512,100.00,,
   471.225815250,33.54,Joules,power/energy-pkg/,1001074501,100.00,,
   472.226467188,34.97,Joules,power/energy-pkg/,1000664333,100.00,,
   473.227138425,34.99,Joules,power/energy-pkg/,1000634087,100.00,,
   474.228203413,32.31,Joules,power/energy-pkg/,1001057562,100.00,,
   475.229324409,31.16,Joules,power/energy-pkg/,1001116105,100.00,,
   476.230404812,32.79,Joules,power/energy-pkg/,1001074469,100.00,,
   477.231160323,32.25,Joules,power/energy-pkg/,1000732983,100.00,,
   478.232237906,35.43,Joules,power/energy-pkg/,1001058203,100.00,,
   479.233166079,31.75,Joules,power/energy-pkg/,1000957102,100.00,,
   480.234271451,29.62,Joules,power/energy-pkg/,1001052758,100.00,,
   481.235140001,27.47,Joules,power/energy-pkg/,1000855821,100.00,,
   482.235573886,30.13,Joules,power/energy-pkg/,1000436052,100.00,,
   483.455159119,38.42,Joules,power/energy-pkg/,1219566742,100.00,,
   484.456241224,30.66,Joules,power/energy-pkg/,1001071915,100.00,,
   485.457331464,26.53,Joules,power/energy-pkg/,1001077157,100.00,,
   486.458412727,32.49,Joules,power/energy-pkg/,1001059547,100.00,,
   487.459138358,28.77,Joules,power/energy-pkg/,1000710651,100.00,,
   488.460199453,29.27,Joules,power/energy-pkg/,1001048520,100.00,,
   489.460742749,30.52,Joules,power/energy-pkg/,1000532971,100.00,,
   490.461818087,28.41,Joules,power/energy-pkg/,1001062641,100.00,,
   491.462886083,30.35,Joules,power/energy-pkg/,1001056448,100.00,,
   492.463139605,30.69,Joules,power/energy-pkg/,1000240141,100.00,,
   493.464221429,35.63,Joules,power/energy-pkg/,1001094925,100.00,,
   494.465181956,35.76,Joules,power/energy-pkg/,1000957862,100.00,,
   495.466285777,30.96,Joules,power/energy-pkg/,1001057056,100.00,,
   496.467144104,29.05,Joules,power/energy-pkg/,1000847247,100.00,,
   497.468215811,27.32,Joules,power/energy-pkg/,1001062266,100.00,,
   498.469306240,28.06,Joules,power/energy-pkg/,1001090046,100.00,,
   499.469567591,33.35,Joules,power/energy-pkg/,1000258903,100.00,,
   500.470784326,33.37,Joules,power/energy-pkg/,1001209186,100.00,,
   501.471140659,29.49,Joules,power/energy-pkg/,1000316543,100.00,,
   502.472223005,28.42,Joules,power/energy-pkg/,1001067911,100.00,,
   503.473298022,29.34,Joules,power/energy-pkg/,1001081877,100.00,,
   504.693094448,34.58,Joules,power/energy-pkg/,1219774991,100.00,,
   505.694180147,42.02,Joules,power/energy-pkg/,1001063231,100.00,,
   506.695163165,29.49,Joules,power/energy-pkg/,1000975681,100.00,,
   507.695441419,30.98,Joules,power/energy-pkg/,1000292530,100.00,,
   508.696536115,30.32,Joules,power/energy-pkg/,1001052817,100.00,,
   509.697621932,30.19,Joules,power/energy-pkg/,1001083662,100.00,,
   510.698708601,36.35,Joules,power/energy-pkg/,1001077159,100.00,,
   511.699153570,31.25,Joules,power/energy-pkg/,1000436131,100.00,,
   512.882868236,31.37,Joules,power/energy-pkg/,1183693223,100.00,,
   513.883160153,33.12,Joules,power/energy-pkg/,1000274649,100.00,,
   514.884235792,28.37,Joules,power/energy-pkg/,1001058239,100.00,,
   515.885321948,31.73,Joules,power/energy-pkg/,1001101351,100.00,,
   516.886535634,32.61,Joules,power/energy-pkg/,1001183679,100.00,,
   517.887148078,27.41,Joules,power/energy-pkg/,1000592132,100.00,,
   518.887285053,30.81,Joules,power/energy-pkg/,1000135042,100.00,,
   519.888368550,28.79,Joules,power/energy-pkg/,1001066926,100.00,,
   520.889482693,34.73,Joules,power/energy-pkg/,1001123128,100.00,,
   521.890590378,34.01,Joules,power/energy-pkg/,1001084188,100.00,,
   522.891158453,27.56,Joules,power/energy-pkg/,1000548019,100.00,,
   523.892234949,28.24,Joules,power/energy-pkg/,1001089749,100.00,,
   524.893365456,27.86,Joules,power/energy-pkg/,1001101265,100.00,,
   525.894454165,28.74,Joules,power/energy-pkg/,1001074571,100.00,,
   526.895187099,38.50,Joules,power/energy-pkg/,1000741112,100.00,,
   527.896021985,39.58,Joules,power/energy-pkg/,1000813184,100.00,,
   528.897123891,27.13,Joules,power/energy-pkg/,1001079268,100.00,,
   529.898203545,29.40,Joules,power/energy-pkg/,1001056006,100.00,,
   530.899156060,31.85,Joules,power/energy-pkg/,1000951395,100.00,,
   531.900302186,26.39,Joules,power/energy-pkg/,1001145033,100.00,,
   533.065905120,32.98,Joules,power/energy-pkg/,1165569083,100.00,,
   534.066991376,26.94,Joules,power/energy-pkg/,1001089970,100.00,,
   535.159028459,28.71,Joules,power/energy-pkg/,1092031560,100.00,,
   536.159151130,25.08,Joules,power/energy-pkg/,1000100517,100.00,,
   537.267007471,31.10,Joules,power/energy-pkg/,1107858836,100.00,,
   538.267276349,34.45,Joules,power/energy-pkg/,1000234059,100.00,,
   539.268348050,26.75,Joules,power/energy-pkg/,1001052150,100.00,,
   540.269410548,33.94,Joules,power/energy-pkg/,1001050482,100.00,,
   541.270470801,31.75,Joules,power/energy-pkg/,1001065858,100.00,,
   542.271148570,33.01,Joules,power/energy-pkg/,1000655125,100.00,,
   543.272278297,34.65,Joules,power/energy-pkg/,1001134894,100.00,,
   544.273448599,42.86,Joules,power/energy-pkg/,1001137112,100.00,,
   545.274516803,26.99,Joules,power/energy-pkg/,1001053821,100.00,,
   546.275555469,29.96,Joules,power/energy-pkg/,1001055283,100.00,,
   547.276654353,29.72,Joules,power/energy-pkg/,1001072403,100.00,,
   548.276869137,28.51,Joules,power/energy-pkg/,1000232322,100.00,,
   549.278047227,29.93,Joules,power/energy-pkg/,1001134293,100.00,,
   550.279154074,27.56,Joules,power/energy-pkg/,1001083665,100.00,,
   551.280222796,30.79,Joules,power/energy-pkg/,1001057398,100.00,,
   552.281294813,28.91,Joules,power/energy-pkg/,1001081466,100.00,,
   553.282400673,30.96,Joules,power/energy-pkg/,1001085407,100.00,,
   554.283174740,35.46,Joules,power/energy-pkg/,1000820023,100.00,,
   555.284423071,35.03,Joules,power/energy-pkg/,1001168685,100.00,,
   556.284649334,27.44,Joules,power/energy-pkg/,1000233061,100.00,,
   557.285749250,29.33,Joules,power/energy-pkg/,1001107232,100.00,,
   558.286866734,37.35,Joules,power/energy-pkg/,1001066099,100.00,,
   559.287153430,30.97,Joules,power/energy-pkg/,1000293012,100.00,,
   560.379064791,37.79,Joules,power/energy-pkg/,1091910277,100.00,,
   561.380187703,30.02,Joules,power/energy-pkg/,1001093978,100.00,,
   562.381272585,35.22,Joules,power/energy-pkg/,1001073807,100.00,,
   563.382357769,28.79,Joules,power/energy-pkg/,1001062672,100.00,,
   564.537813622,33.32,Joules,power/energy-pkg/,1155463808,100.00,,
   565.538455561,34.33,Joules,power/energy-pkg/,1000633008,100.00,,
   566.539145653,28.41,Joules,power/energy-pkg/,1000655157,100.00,,
   567.540255346,27.65,Joules,power/energy-pkg/,1001108854,100.00,,
   568.541342884,29.94,Joules,power/energy-pkg/,1001083313,100.00,,
   569.542441671,28.27,Joules,power/energy-pkg/,1001066330,100.00,,
   570.543158657,25.34,Joules,power/energy-pkg/,1000755313,100.00,,
   571.544368176,36.30,Joules,power/energy-pkg/,1001146217,100.00,,
   572.545440117,28.49,Joules,power/energy-pkg/,1001078711,100.00,,
   573.961932615,38.03,Joules,power/energy-pkg/,1416492749,100.00,,
   574.963050525,29.73,Joules,power/energy-pkg/,1001072277,100.00,,
   575.963422403,32.89,Joules,power/energy-pkg/,1000388372,100.00,,
   576.964556749,39.84,Joules,power/energy-pkg/,1001111844,100.00,,
   577.965672050,30.73,Joules,power/energy-pkg/,1001099926,100.00,,
   578.966767855,30.55,Joules,power/energy-pkg/,1001070988,100.00,,
   579.967158687,35.92,Joules,power/energy-pkg/,1000391663,100.00,,
   580.968260672,28.75,Joules,power/energy-pkg/,1001090834,100.00,,
   581.969355205,32.34,Joules,power/energy-pkg/,1001094602,100.00,,
   582.970444556,25.26,Joules,power/energy-pkg/,1001051863,100.00,,
   583.971154232,27.38,Joules,power/energy-pkg/,1000710869,100.00,,
   584.972228934,27.19,Joules,power/energy-pkg/,1001051167,100.00,,
   585.973309128,22.76,Joules,power/energy-pkg/,1001081071,100.00,,
   586.975179377,38.57,Joules,power/energy-pkg/,1001878290,100.00,,
   587.975975317,33.69,Joules,power/energy-pkg/,1000818500,100.00,,
   588.977120723,29.82,Joules,power/energy-pkg/,1001067143,100.00,,
   589.978186631,29.99,Joules,power/energy-pkg/,1001054948,100.00,,
   590.979139769,27.17,Joules,power/energy-pkg/,1000940624,100.00,,
   591.980214649,30.26,Joules,power/energy-pkg/,1001075858,100.00,,
   592.981292067,40.69,Joules,power/energy-pkg/,1001054629,100.00,,
   593.982384157,33.54,Joules,power/energy-pkg/,1001092969,100.00,,
   594.983170320,30.50,Joules,power/energy-pkg/,1000779014,100.00,,
   595.984265558,24.02,Joules,power/energy-pkg/,1001078693,100.00,,
   596.984927916,27.89,Joules,power/energy-pkg/,1000659615,100.00,,
   597.985781784,39.02,Joules,power/energy-pkg/,1000849800,100.00,,
   598.986903287,30.49,Joules,power/energy-pkg/,1001096347,100.00,,
   599.987162009,27.56,Joules,power/energy-pkg/,1000236181,100.00,,
   600.988238088,29.73,Joules,power/energy-pkg/,1001075203,100.00,,
   601.989329542,28.89,Joules,power/energy-pkg/,1001095403,100.00,,
   602.990427441,28.46,Joules,power/energy-pkg/,1001056527,100.00,,
   603.991146214,38.02,Joules,power/energy-pkg/,1000708911,100.00,,
   604.992221876,31.06,Joules,power/energy-pkg/,1001060668,100.00,,
   605.993294982,28.37,Joules,power/energy-pkg/,1001089155,100.00,,
   606.994389890,28.13,Joules,power/energy-pkg/,1001070206,100.00,,
   607.995158187,27.33,Joules,power/energy-pkg/,1000761395,100.00,,
   609.105814316,42.89,Joules,power/energy-pkg/,1110634393,100.00,,
   610.106956988,33.64,Joules,power/energy-pkg/,1001134551,100.00,,
   611.107175737,32.84,Joules,power/energy-pkg/,1000196737,100.00,,
   612.107991654,33.53,Joules,power/energy-pkg/,1000826834,100.00,,
   613.109090574,27.76,Joules,power/energy-pkg/,1001063419,100.00,,
   614.110164002,30.63,Joules,power/energy-pkg/,1001077413,100.00,,
   615.111145397,33.36,Joules,power/energy-pkg/,1000959514,100.00,,
   616.111550843,32.96,Joules,power/energy-pkg/,1000417722,100.00,,
   617.112662984,29.01,Joules,power/energy-pkg/,1001072202,100.00,,
   618.113730891,30.21,Joules,power/energy-pkg/,1001076876,100.00,,
   619.114864715,36.26,Joules,power/energy-pkg/,1001113997,100.00,,
   620.115159119,39.21,Joules,power/energy-pkg/,1000276410,100.00,,
   621.116240278,31.99,Joules,power/energy-pkg/,1001076526,100.00,,
   622.117323883,29.24,Joules,power/energy-pkg/,1001075632,100.00,,
   623.118404913,30.66,Joules,power/energy-pkg/,1001076769,100.00,,
   624.119594750,27.73,Joules,power/energy-pkg/,1001177319,100.00,,
   625.300880553,34.12,Joules,power/energy-pkg/,1181270353,100.00,,
   626.301978141,36.27,Joules,power/energy-pkg/,1001094339,100.00,,
   627.302168891,28.53,Joules,power/energy-pkg/,1000182215,100.00,,
   628.303160011,21.85,Joules,power/energy-pkg/,1000959081,100.00,,
   629.304240272,27.81,Joules,power/energy-pkg/,1001064065,100.00,,
   630.305336834,27.41,Joules,power/energy-pkg/,1001093721,100.00,,
   631.306415073,36.78,Joules,power/energy-pkg/,1001057383,100.00,,
   632.307147560,32.97,Joules,power/energy-pkg/,1000725184,100.00,,
   633.308252929,24.45,Joules,power/energy-pkg/,1001084957,100.00,,
   634.309331522,33.42,Joules,power/energy-pkg/,1001083122,100.00,,
   635.309716477,27.41,Joules,power/energy-pkg/,1000366317,100.00,,
   636.310795242,30.43,Joules,power/energy-pkg/,1001074283,100.00,,
   637.311158902,36.06,Joules,power/energy-pkg/,1000337889,100.00,,
   638.312229588,25.49,Joules,power/energy-pkg/,1001072090,100.00,,
   639.313327046,17.74,Joules,power/energy-pkg/,1001094801,100.00,,
   640.314580354,28.37,Joules,power/energy-pkg/,1001220255,100.00,,
   641.315166237,28.86,Joules,power/energy-pkg/,1000578998,100.00,,
   642.316240933,33.03,Joules,power/energy-pkg/,1001072606,100.00,,
   643.317125906,28.28,Joules,power/energy-pkg/,1000875195,100.00,,
   644.318230335,29.11,Joules,power/energy-pkg/,1001078621,100.00,,
   645.319168263,27.23,Joules,power/energy-pkg/,1000926145,100.00,,
   646.320238163,31.25,Joules,power/energy-pkg/,1001059553,100.00,,
   647.323186097,35.50,Joules,power/energy-pkg/,1002962654,100.00,,
   648.324390227,36.61,Joules,power/energy-pkg/,1001231324,100.00,,
   649.325533428,28.05,Joules,power/energy-pkg/,1001066015,100.00,,
   650.326597958,28.71,Joules,power/energy-pkg/,1001055265,100.00,,
   651.327140558,28.35,Joules,power/energy-pkg/,1000677872,100.00,,
   652.328372290,28.59,Joules,power/energy-pkg/,1001087091,100.00,,
   653.329451718,32.47,Joules,power/energy-pkg/,1001051856,100.00,,
   654.330508128,28.70,Joules,power/energy-pkg/,1001046110,100.00,,
   655.331159330,28.14,Joules,power/energy-pkg/,1000646238,100.00,,
   656.332227524,31.16,Joules,power/energy-pkg/,1001050585,100.00,,
   657.333305093,31.07,Joules,power/energy-pkg/,1001080669,100.00,,
   658.334396092,34.95,Joules,power/energy-pkg/,1001069176,100.00,,
   659.335140527,31.27,Joules,power/energy-pkg/,1000730101,100.00,,
   660.336210815,28.10,Joules,power/energy-pkg/,1001060029,100.00,,
   661.337297639,38.45,Joules,power/energy-pkg/,1001090061,100.00,,
   662.337859834,30.38,Joules,power/energy-pkg/,1000561937,100.00,,
   663.338953368,20.91,Joules,power/energy-pkg/,1001074754,100.00,,
   664.339162514,35.52,Joules,power/energy-pkg/,1000188252,100.00,,
   665.340245610,31.01,Joules,power/energy-pkg/,1001076984,100.00,,
   666.341354800,29.89,Joules,power/energy-pkg/,1001095473,100.00,,
   667.342432962,30.59,Joules,power/energy-pkg/,1001054053,100.00,,
   668.343156613,33.59,Joules,power/energy-pkg/,1000731291,100.00,,
   669.344257106,35.90,Joules,power/energy-pkg/,1001089985,100.00,,
   670.345438772,34.20,Joules,power/energy-pkg/,1001152384,100.00,,
   671.346521817,28.58,Joules,power/energy-pkg/,1001086420,100.00,,
   672.347204567,33.83,Joules,power/energy-pkg/,1000665632,100.00,,
   673.348052838,29.35,Joules,power/energy-pkg/,1000852728,100.00,,
   674.349137140,21.45,Joules,power/energy-pkg/,1001047106,100.00,,
   675.350197458,35.02,Joules,power/energy-pkg/,1001059690,100.00,,
   676.351159354,27.85,Joules,power/energy-pkg/,1000944532,100.00,,
   677.351893311,27.56,Joules,power/energy-pkg/,1000726496,100.00,,
   678.352976328,36.86,Joules,power/energy-pkg/,1003236396,100.00,,
   679.356257748,27.76,Joules,power/energy-pkg/,1001102498,100.00,,
   680.357341082,41.67,Joules,power/energy-pkg/,1001070051,100.00,,
   681.358419791,31.17,Joules,power/energy-pkg/,1001068254,100.00,,
   682.359152719,37.26,Joules,power/energy-pkg/,1000720603,100.00,,
   683.360235537,27.95,Joules,power/energy-pkg/,1001104946,100.00,,
   684.361363240,31.05,Joules,power/energy-pkg/,1001082873,100.00,,
   685.362430068,33.66,Joules,power/energy-pkg/,1001058292,100.00,,
   686.363138913,33.46,Joules,power/energy-pkg/,1000693944,100.00,,
   687.364209965,28.00,Joules,power/energy-pkg/,1001073848,100.00,,
   688.365292604,27.57,Joules,power/energy-pkg/,1001062916,100.00,,
   689.365549215,29.21,Joules,power/energy-pkg/,1000253764,100.00,,
   690.366644346,30.33,Joules,power/energy-pkg/,1001071362,100.00,,
   691.367168610,39.31,Joules,power/energy-pkg/,1000513548,100.00,,
   692.367356178,28.98,Joules,power/energy-pkg/,1000185633,100.00,,
   693.368442005,29.22,Joules,power/energy-pkg/,1001077854,100.00,,
   694.369520358,31.79,Joules,power/energy-pkg/,1001054305,100.00,,
   695.370607785,28.41,Joules,power/energy-pkg/,1001087826,100.00,,
   696.371151146,34.34,Joules,power/energy-pkg/,1000529568,100.00,,
   697.372294016,36.33,Joules,power/energy-pkg/,1001146540,100.00,,
   698.459136360,28.56,Joules,power/energy-pkg/,1086807029,100.00,,
   699.460012640,31.19,Joules,power/energy-pkg/,1000904057,100.00,,
   700.460793639,34.01,Joules,power/energy-pkg/,1000765449,100.00,,
   701.461902238,29.07,Joules,power/energy-pkg/,1001077088,100.00,,
   702.462998239,35.26,Joules,power/energy-pkg/,1001083884,100.00,,
   703.463158150,27.15,Joules,power/energy-pkg/,1000147164,100.00,,
   704.464047266,26.03,Joules,power/energy-pkg/,1000898895,100.00,,
   705.465145200,29.36,Joules,power/energy-pkg/,1001064000,100.00,,
   706.465858643,29.11,Joules,power/energy-pkg/,1000716234,100.00,,
   707.466950881,28.71,Joules,power/energy-pkg/,1001064070,100.00,,
   708.467136053,38.73,Joules,power/energy-pkg/,1000168413,100.00,,
   709.468206295,19.98,Joules,power/energy-pkg/,1001071934,100.00,,
   710.469294190,30.49,Joules,power/energy-pkg/,1001065433,100.00,,
   711.470380080,31.41,Joules,power/energy-pkg/,1001108984,100.00,,
   712.471154373,31.61,Joules,power/energy-pkg/,1000740194,100.00,,
   713.471256881,35.20,Joules,power/energy-pkg/,1000085214,100.00,,
   714.471557847,27.96,Joules,power/energy-pkg/,1000308517,100.00,,
   715.471734809,28.72,Joules,power/energy-pkg/,1000179174,100.00,,
   716.472833512,25.47,Joules,power/energy-pkg/,1001049083,100.00,,
   717.473906372,32.06,Joules,power/energy-pkg/,1001066724,100.00,,
   718.475006601,28.47,Joules,power/energy-pkg/,1001083862,100.00,,
   719.475140299,30.35,Joules,power/energy-pkg/,1000123796,100.00,,
   720.476206130,27.31,Joules,power/energy-pkg/,1001054731,100.00,,
   721.477287375,27.77,Joules,power/energy-pkg/,1001084261,100.00,,
   722.478365936,27.98,Joules,power/energy-pkg/,1001052427,100.00,,
   723.479143146,18.39,Joules,power/energy-pkg/,1000767740,100.00,,
   724.480214898,31.19,Joules,power/energy-pkg/,1001060057,100.00,,
   725.481284289,23.88,Joules,power/energy-pkg/,1001059175,100.00,,
   726.482348388,26.50,Joules,power/energy-pkg/,1001052539,100.00,,
   727.483510366,22.60,Joules,power/energy-pkg/,1001172588,100.00,,
   728.634558331,17.40,Joules,power/energy-pkg/,1151028279,100.00,,
   729.635142586,25.40,Joules,power/energy-pkg/,1000557445,100.00,,
   730.636202839,19.52,Joules,power/energy-pkg/,1001054165,100.00,,
   731.637306682,17.04,Joules,power/energy-pkg/,1001103017,100.00,,
   732.638396782,19.12,Joules,power/energy-pkg/,1001079851,100.00,,
   733.639176784,19.51,Joules,power/energy-pkg/,1000756199,100.00,,
   734.640271293,25.31,Joules,power/energy-pkg/,1001118146,100.00,,
   735.641442158,30.26,Joules,power/energy-pkg/,1001124582,100.00,,
   736.641894179,25.67,Joules,power/energy-pkg/,1000471719,100.00,,
   737.643010966,26.69,Joules,power/energy-pkg/,1001088737,100.00,,
   738.643151797,22.17,Joules,power/energy-pkg/,1000128530,100.00,,
   739.644237027,22.88,Joules,power/energy-pkg/,1001076240,100.00,,
   740.645323035,20.56,Joules,power/energy-pkg/,1001074898,100.00,,
   741.646412739,22.21,Joules,power/energy-pkg/,1001077860,100.00,,
   742.647150936,21.76,Joules,power/energy-pkg/,1000727988,100.00,,
   743.648241809,22.04,Joules,power/energy-pkg/,1001070346,100.00,,
   744.649349561,21.84,Joules,power/energy-pkg/,1001094963,100.00,,
   745.650445604,21.64,Joules,power/energy-pkg/,1001081578,100.00,,
   746.651141346,18.21,Joules,power/energy-pkg/,1000686127,100.00,,
   747.652231790,22.21,Joules,power/energy-pkg/,1001094218,100.00,,
   748.653321486,23.29,Joules,power/energy-pkg/,1001072446,100.00,,
   749.654393095,23.26,Joules,power/energy-pkg/,1001051985,100.00,,
   750.655153008,21.80,Joules,power/energy-pkg/,1000755080,100.00,,
   751.656233778,21.37,Joules,power/energy-pkg/,1001063804,100.00,,
   752.656702759,20.18,Joules,power/energy-pkg/,1000490833,100.00,,
   753.657810918,18.73,Joules,power/energy-pkg/,1001077625,100.00,,
   754.658935894,19.57,Joules,power/energy-pkg/,1001115311,100.00,,
   755.659148446,21.36,Joules,power/energy-pkg/,1000200312,100.00,,
   756.660244806,22.45,Joules,power/energy-pkg/,1001082471,100.00,,
   757.661313908,21.49,Joules,power/energy-pkg/,1001047616,100.00,,
   758.662393829,21.63,Joules,power/energy-pkg/,1001085915,100.00,,
