# started on Sat Aug  5 21:41:07 2023

     1.001112813,3.87,Joules,power/energy-pkg/,1001139241,100.00,,
     2.002373713,3.27,Joules,power/energy-pkg/,1001254821,100.00,,
     3.002629359,3.74,Joules,power/energy-pkg/,1000230633,100.00,,
     4.003757036,3.71,Joules,power/energy-pkg/,1001130742,100.00,,
     5.005033290,7.07,Joules,power/energy-pkg/,1001270484,100.00,,
     6.006252972,5.06,Joules,power/energy-pkg/,1001209139,100.00,,
     7.007479322,4.07,Joules,power/energy-pkg/,1001220833,100.00,,
     8.008762479,3.34,Joules,power/energy-pkg/,1001277767,100.00,,
     9.010049583,3.25,Joules,power/energy-pkg/,1001278950,100.00,,
    10.011331031,3.99,Joules,power/energy-pkg/,1001267259,100.00,,
    11.012641835,3.38,Joules,power/energy-pkg/,1001307994,100.00,,
    12.013971152,3.19,Joules,power/energy-pkg/,1001323723,100.00,,
    13.015288275,3.22,Joules,power/energy-pkg/,1001304043,100.00,,
    14.016605573,4.01,Joules,power/energy-pkg/,1001307445,100.00,,
    15.017858221,3.88,Joules,power/energy-pkg/,1001247184,100.00,,
    16.019133026,5.18,Joules,power/energy-pkg/,1001264305,100.00,,
    17.020405750,4.13,Joules,power/energy-pkg/,1001257019,100.00,,
    18.021586381,3.30,Joules,power/energy-pkg/,1001181716,100.00,,
    19.022908182,3.46,Joules,power/energy-pkg/,1001316105,100.00,,
    20.024227404,3.76,Joules,power/energy-pkg/,1001311339,100.00,,
    21.025558267,3.25,Joules,power/energy-pkg/,1001324810,100.00,,
    22.026989685,3.44,Joules,power/energy-pkg/,1001426788,100.00,,
    23.028336481,3.63,Joules,power/energy-pkg/,1001333631,100.00,,
    24.029632873,3.66,Joules,power/energy-pkg/,1001287901,100.00,,
    25.030626568,3.73,Joules,power/energy-pkg/,1000983783,100.00,,
    26.031963603,3.85,Joules,power/energy-pkg/,1001330784,100.00,,
    27.033315818,3.44,Joules,power/energy-pkg/,1001343452,100.00,,
    28.034551835,3.54,Joules,power/energy-pkg/,1001233790,100.00,,
    29.035968102,3.36,Joules,power/energy-pkg/,1001455069,100.00,,
    30.037555395,3.17,Joules,power/energy-pkg/,1001533216,100.00,,
    31.038934159,3.79,Joules,power/energy-pkg/,1001365499,100.00,,
    32.040298334,3.39,Joules,power/energy-pkg/,1001361653,100.00,,
    33.041794089,3.47,Joules,power/energy-pkg/,1001488756,100.00,,
    34.043085979,3.16,Joules,power/energy-pkg/,1001277155,100.00,,
    35.044393397,3.26,Joules,power/energy-pkg/,1001300312,100.00,,
    36.045708213,3.60,Joules,power/energy-pkg/,1001310580,100.00,,
    37.046634923,3.32,Joules,power/energy-pkg/,1000916571,100.00,,
    38.047975655,3.21,Joules,power/energy-pkg/,1001336401,100.00,,
    39.049352649,3.12,Joules,power/energy-pkg/,1001368108,100.00,,
    40.050642008,3.10,Joules,power/energy-pkg/,1001281775,100.00,,
    41.052085937,3.48,Joules,power/energy-pkg/,1001437202,100.00,,
    42.053582495,3.52,Joules,power/energy-pkg/,1001488333,100.00,,
    43.054641291,3.10,Joules,power/energy-pkg/,1001047792,100.00,,
    44.055965923,3.52,Joules,power/energy-pkg/,1001314885,100.00,,
    45.057295017,3.33,Joules,power/energy-pkg/,1001319705,100.00,,
    46.058646079,4.35,Joules,power/energy-pkg/,1001343272,100.00,,
    47.059967663,3.31,Joules,power/energy-pkg/,1001313628,100.00,,
    48.061327722,3.25,Joules,power/energy-pkg/,1001353248,100.00,,
    49.062654772,3.43,Joules,power/energy-pkg/,1001318045,100.00,,
    50.063996471,4.71,Joules,power/energy-pkg/,1001334320,100.00,,
    51.065345655,5.90,Joules,power/energy-pkg/,1001346465,100.00,,
    52.066665701,5.94,Joules,power/energy-pkg/,1001312389,100.00,,
    53.068037367,6.14,Joules,power/energy-pkg/,1001364104,100.00,,
    54.069404475,6.03,Joules,power/energy-pkg/,1001355676,100.00,,
    55.070627618,5.19,Joules,power/energy-pkg/,1001212254,100.00,,
    56.072142412,3.56,Joules,power/energy-pkg/,1001513064,100.00,,
    57.073516407,3.20,Joules,power/energy-pkg/,1001360554,100.00,,
    58.074842627,3.21,Joules,power/energy-pkg/,1001323854,100.00,,
    59.076224809,3.61,Joules,power/energy-pkg/,1001372906,100.00,,
    60.077706297,3.07,Joules,power/energy-pkg/,1001474469,100.00,,
    61.078652334,3.33,Joules,power/energy-pkg/,1000929919,100.00,,
    62.080199871,3.65,Joules,power/energy-pkg/,1001548117,100.00,,
    63.081653512,3.15,Joules,power/energy-pkg/,1001445359,100.00,,
    64.083012367,3.60,Joules,power/energy-pkg/,1001350768,100.00,,
    65.084354082,4.49,Joules,power/energy-pkg/,1001701271,100.00,,
    66.086097874,4.28,Joules,power/energy-pkg/,1001368528,100.00,,
    67.087545505,3.38,Joules,power/energy-pkg/,1001439999,100.00,,
    68.088807911,5.67,Joules,power/energy-pkg/,1001243170,100.00,,
    69.090000109,15.06,Joules,power/energy-pkg/,1001176665,100.00,,
    70.090609362,55.38,Joules,power/energy-pkg/,1000591941,100.00,,
    71.091753788,48.33,Joules,power/energy-pkg/,1001144487,100.00,,
    72.092902352,43.83,Joules,power/energy-pkg/,1001138718,100.00,,
    73.094048892,51.24,Joules,power/energy-pkg/,1001150833,100.00,,
    74.094588321,50.09,Joules,power/energy-pkg/,1000536068,100.00,,
    75.095758612,15.94,Joules,power/energy-pkg/,1001166774,100.00,,
    76.096863320,32.18,Joules,power/energy-pkg/,1001069942,100.00,,
    77.098011470,45.13,Joules,power/energy-pkg/,1001143930,100.00,,
    78.098604351,34.98,Joules,power/energy-pkg/,1000580746,100.00,,
    79.099726343,57.94,Joules,power/energy-pkg/,1001137968,100.00,,
    80.100899728,72.37,Joules,power/energy-pkg/,1001147980,100.00,,
    81.102049376,55.51,Joules,power/energy-pkg/,1001139274,100.00,,
    82.102605645,40.89,Joules,power/energy-pkg/,1000545470,100.00,,
    83.103737672,40.78,Joules,power/energy-pkg/,1001153553,100.00,,
    84.104854380,26.20,Joules,power/energy-pkg/,1001082089,100.00,,
    85.105958446,23.45,Joules,power/energy-pkg/,1001096868,100.00,,
    86.106583374,24.39,Joules,power/energy-pkg/,1000637185,100.00,,
    87.107753096,22.38,Joules,power/energy-pkg/,1001166006,100.00,,
    88.108869164,29.15,Joules,power/energy-pkg/,1001084621,100.00,,
    89.109975426,33.45,Joules,power/energy-pkg/,1001097255,100.00,,
    90.110520550,27.57,Joules,power/energy-pkg/,1000537319,100.00,,
    91.111621271,22.10,Joules,power/energy-pkg/,1001092879,100.00,,
    92.112719750,38.89,Joules,power/energy-pkg/,1001091056,100.00,,
    93.113873860,38.64,Joules,power/energy-pkg/,1001171811,100.00,,
    94.114521321,34.21,Joules,power/energy-pkg/,1000613684,100.00,,
    95.115686677,23.23,Joules,power/energy-pkg/,1001162540,100.00,,
    96.116846664,17.45,Joules,power/energy-pkg/,1001146169,100.00,,
    97.118005913,19.62,Joules,power/energy-pkg/,1001154086,100.00,,
    98.118591813,20.20,Joules,power/energy-pkg/,1000575754,100.00,,
    99.119674675,26.68,Joules,power/energy-pkg/,1001075966,100.00,,
   100.120840118,35.84,Joules,power/energy-pkg/,1001160137,100.00,,
   101.122000713,34.65,Joules,power/energy-pkg/,1001171020,100.00,,
   102.122594024,25.76,Joules,power/energy-pkg/,1000564268,100.00,,
   103.123748901,25.24,Joules,power/energy-pkg/,1001172771,100.00,,
   104.124879816,37.08,Joules,power/energy-pkg/,1001098485,100.00,,
   105.126048865,35.12,Joules,power/energy-pkg/,1001163512,100.00,,
   106.126608589,22.67,Joules,power/energy-pkg/,1000548224,100.00,,
   107.127752474,11.02,Joules,power/energy-pkg/,1001139707,100.00,,
   108.128913738,17.79,Joules,power/energy-pkg/,1001153471,100.00,,
   109.130083274,21.11,Joules,power/energy-pkg/,1001163559,100.00,,
   110.130519744,21.14,Joules,power/energy-pkg/,1000424384,100.00,,
   111.131296998,36.84,Joules,power/energy-pkg/,1000787983,100.00,,
   112.132483427,30.17,Joules,power/energy-pkg/,1001164343,100.00,,
   113.133642781,29.39,Joules,power/energy-pkg/,1001151663,100.00,,
   114.134520964,34.97,Joules,power/energy-pkg/,1000882434,100.00,,
   115.135650780,30.33,Joules,power/energy-pkg/,1001139065,100.00,,
   116.136845016,19.25,Joules,power/energy-pkg/,1001153119,100.00,,
   117.137931518,19.34,Joules,power/energy-pkg/,1001078699,100.00,,
   118.138594303,25.53,Joules,power/energy-pkg/,1000653689,100.00,,
   119.139739634,24.21,Joules,power/energy-pkg/,1001141920,100.00,,
   120.140827858,16.80,Joules,power/energy-pkg/,1001077390,100.00,,
   121.141981764,26.91,Joules,power/energy-pkg/,1001171446,100.00,,
   122.142650837,20.65,Joules,power/energy-pkg/,1000653660,100.00,,
   123.143894374,6.98,Joules,power/energy-pkg/,1001228749,100.00,,
   124.145011100,16.14,Joules,power/energy-pkg/,1001109244,100.00,,
   125.146175896,21.83,Joules,power/energy-pkg/,1001172302,100.00,,
   126.146523429,19.00,Joules,power/energy-pkg/,1000313824,100.00,,
   127.147632948,28.81,Joules,power/energy-pkg/,1001101061,100.00,,
   128.148773649,24.41,Joules,power/energy-pkg/,1001149705,100.00,,
   129.149880829,23.92,Joules,power/energy-pkg/,1001082991,100.00,,
   130.150522056,21.34,Joules,power/energy-pkg/,1000633621,100.00,,
   131.151696100,15.76,Joules,power/energy-pkg/,1001186176,100.00,,
   132.153022906,3.67,Joules,power/energy-pkg/,1001323283,100.00,,
   133.154279711,21.23,Joules,power/energy-pkg/,1001225477,100.00,,
   134.154520334,26.99,Joules,power/energy-pkg/,1000232393,100.00,,
   135.155632238,23.16,Joules,power/energy-pkg/,1001136542,100.00,,
   136.156850600,12.65,Joules,power/energy-pkg/,1001181863,100.00,,
   137.157940610,14.14,Joules,power/energy-pkg/,1001079166,100.00,,
   138.158521101,27.87,Joules,power/energy-pkg/,1000572796,100.00,,
   139.159683799,34.04,Joules,power/energy-pkg/,1001160892,100.00,,
   140.160845242,9.17,Joules,power/energy-pkg/,1001149386,100.00,,
   141.162012433,13.99,Joules,power/energy-pkg/,1001180893,100.00,,
   142.162597758,20.08,Joules,power/energy-pkg/,1000583173,100.00,,
   143.163781712,33.82,Joules,power/energy-pkg/,1001173483,100.00,,
   144.164895783,21.81,Joules,power/energy-pkg/,1001081639,100.00,,
   145.166088793,17.19,Joules,power/energy-pkg/,1001186221,100.00,,
   146.166592664,23.24,Joules,power/energy-pkg/,1000517003,100.00,,
   147.167705799,30.86,Joules,power/energy-pkg/,1001081236,100.00,,
   148.168813445,21.93,Joules,power/energy-pkg/,1001129810,100.00,,
   149.169933605,31.92,Joules,power/energy-pkg/,1001083847,100.00,,
   150.170580544,33.58,Joules,power/energy-pkg/,1000663440,100.00,,
   151.171466730,38.80,Joules,power/energy-pkg/,1000855330,100.00,,
   152.172584089,42.28,Joules,power/energy-pkg/,1001110363,100.00,,
   153.173691427,40.01,Joules,power/energy-pkg/,1001117752,100.00,,
   154.174597568,37.45,Joules,power/energy-pkg/,1000895163,100.00,,
   155.175711548,29.62,Joules,power/energy-pkg/,1001101838,100.00,,
   156.176883613,21.46,Joules,power/energy-pkg/,1001152706,100.00,,
   157.177970399,16.17,Joules,power/energy-pkg/,1001079348,100.00,,
   158.178583573,23.93,Joules,power/energy-pkg/,1000623647,100.00,,
   159.179689595,27.14,Joules,power/energy-pkg/,1001078342,100.00,,
   160.180774101,34.50,Joules,power/energy-pkg/,1001078698,100.00,,
   161.196388264,33.62,Joules,power/energy-pkg/,1015613371,100.00,,
   162.197557296,22.98,Joules,power/energy-pkg/,1001156189,100.00,,
   163.198598967,16.80,Joules,power/energy-pkg/,1001032703,100.00,,
   164.199742786,26.30,Joules,power/energy-pkg/,1001159806,100.00,,
   165.200859887,33.22,Joules,power/energy-pkg/,1001086140,100.00,,
   166.201963299,28.51,Joules,power/energy-pkg/,1001095133,100.00,,
   167.202591416,27.94,Joules,power/energy-pkg/,1000619923,100.00,,
   168.203677126,22.43,Joules,power/energy-pkg/,1001078259,100.00,,
   169.204832282,16.65,Joules,power/energy-pkg/,1001150164,100.00,,
   170.205989537,15.83,Joules,power/energy-pkg/,1001150249,100.00,,
   171.206529355,27.60,Joules,power/energy-pkg/,1000530977,100.00,,
   172.207645167,41.38,Joules,power/energy-pkg/,1001108109,100.00,,
   173.208749525,42.91,Joules,power/energy-pkg/,1001111358,100.00,,
   174.209874560,42.54,Joules,power/energy-pkg/,1001101835,100.00,,
   175.210547941,40.58,Joules,power/energy-pkg/,1000687559,100.00,,
   176.211664252,23.20,Joules,power/energy-pkg/,1001086839,100.00,,
   177.212763635,23.05,Joules,power/energy-pkg/,1001091465,100.00,,
   178.213867786,22.48,Joules,power/energy-pkg/,1001096142,100.00,,
   179.214583341,27.96,Joules,power/energy-pkg/,1000726076,100.00,,
   180.215696337,37.02,Joules,power/energy-pkg/,1001087832,100.00,,
   181.216873040,22.98,Joules,power/energy-pkg/,1001167858,100.00,,
   182.218017150,18.56,Joules,power/energy-pkg/,1001139382,100.00,,
   183.218523181,30.40,Joules,power/energy-pkg/,1000497155,100.00,,
   184.219708000,32.38,Joules,power/energy-pkg/,1001180738,100.00,,
   185.220860958,26.23,Joules,power/energy-pkg/,1001167932,100.00,,
   186.222048187,28.52,Joules,power/energy-pkg/,1001175412,100.00,,
   187.222587884,28.54,Joules,power/energy-pkg/,1000529907,100.00,,
   188.223769813,34.25,Joules,power/energy-pkg/,1001157229,100.00,,
   189.224930499,22.89,Joules,power/energy-pkg/,1001149203,100.00,,
   190.226296851,8.35,Joules,power/energy-pkg/,1001384905,100.00,,
   191.227713241,18.94,Joules,power/energy-pkg/,1001405182,100.00,,
   192.228894742,22.50,Joules,power/energy-pkg/,1001156102,100.00,,
   193.229986228,22.19,Joules,power/energy-pkg/,1001081161,100.00,,
   194.230520906,33.95,Joules,power/energy-pkg/,1000526115,100.00,,
   195.231625220,33.83,Joules,power/energy-pkg/,1001097679,100.00,,
   196.232732933,28.26,Joules,power/energy-pkg/,1001099761,100.00,,
   197.233897490,33.88,Joules,power/energy-pkg/,1001158714,100.00,,
   198.234593693,37.65,Joules,power/energy-pkg/,1000685774,100.00,,
   199.235748806,33.98,Joules,power/energy-pkg/,1001170224,100.00,,
   200.236925819,32.20,Joules,power/energy-pkg/,1001150823,100.00,,
   201.238088455,14.21,Joules,power/energy-pkg/,1001151781,100.00,,
   202.239477894,8.28,Joules,power/energy-pkg/,1001407471,100.00,,
   203.240875370,11.65,Joules,power/energy-pkg/,1001383932,100.00,,
   204.241992186,13.67,Joules,power/energy-pkg/,1001091313,100.00,,
   205.242522167,21.78,Joules,power/energy-pkg/,1000522012,100.00,,
   206.243692985,23.23,Joules,power/energy-pkg/,1001164501,100.00,,
   207.244782213,29.69,Joules,power/energy-pkg/,1001079382,100.00,,
   208.245936796,33.47,Joules,power/energy-pkg/,1001174205,100.00,,
   209.246521315,36.11,Joules,power/energy-pkg/,1000550441,100.00,,
   210.247622696,36.26,Joules,power/energy-pkg/,1001093810,100.00,,
   211.248793011,35.59,Joules,power/energy-pkg/,1001191331,100.00,,
   212.249933073,37.57,Joules,power/energy-pkg/,1001104979,100.00,,
   213.250525701,40.59,Joules,power/energy-pkg/,1000600195,100.00,,
   214.251643094,34.72,Joules,power/energy-pkg/,1001093445,100.00,,
   215.252756963,27.58,Joules,power/energy-pkg/,1001141392,100.00,,
   216.253948085,28.19,Joules,power/energy-pkg/,1001171563,100.00,,
   217.254603192,24.44,Joules,power/energy-pkg/,1000623184,100.00,,
   218.255688277,28.09,Joules,power/energy-pkg/,1001078939,100.00,,
   219.256852497,30.68,Joules,power/energy-pkg/,1001178973,100.00,,
   220.258030524,26.32,Joules,power/energy-pkg/,1001150449,100.00,,
   221.258663500,16.63,Joules,power/energy-pkg/,1000684116,100.00,,
   222.259887847,19.49,Joules,power/energy-pkg/,1001173281,100.00,,
   223.261061840,20.09,Joules,power/energy-pkg/,1001171844,100.00,,
   224.262177727,24.36,Joules,power/energy-pkg/,1001085966,100.00,,
   225.262602134,28.01,Joules,power/energy-pkg/,1000416608,100.00,,
   226.263761166,17.61,Joules,power/energy-pkg/,1001157469,100.00,,
   227.264927101,16.55,Joules,power/energy-pkg/,1001152853,100.00,,
   228.266074540,13.59,Joules,power/energy-pkg/,1001140838,100.00,,
   229.266592355,13.40,Joules,power/energy-pkg/,1000508145,100.00,,
   230.267752055,16.11,Joules,power/energy-pkg/,1001152656,100.00,,
   231.268902241,22.03,Joules,power/energy-pkg/,1001166918,100.00,,
   232.270009894,39.24,Joules,power/energy-pkg/,1001076310,100.00,,
   233.270594007,40.01,Joules,power/energy-pkg/,1000603663,100.00,,
   234.271773253,37.26,Joules,power/energy-pkg/,1001172621,100.00,,
   235.272965639,27.68,Joules,power/energy-pkg/,1001159929,100.00,,
   236.274056075,24.41,Joules,power/energy-pkg/,1001079918,100.00,,
   237.274521338,34.26,Joules,power/energy-pkg/,1000473613,100.00,,
   238.275710773,31.67,Joules,power/energy-pkg/,1001177285,100.00,,
   239.276877248,24.38,Joules,power/energy-pkg/,1001168999,100.00,,
   240.278057221,24.45,Joules,power/energy-pkg/,1001175127,100.00,,
   241.278533071,35.31,Joules,power/energy-pkg/,1000465182,100.00,,
   242.279641940,30.52,Joules,power/energy-pkg/,1001081124,100.00,,
   243.280751680,32.59,Joules,power/energy-pkg/,1001118588,100.00,,
   244.281611827,31.35,Joules,power/energy-pkg/,1000853175,100.00,,
   245.282607501,22.00,Joules,power/energy-pkg/,1000971680,100.00,,
   246.283764077,22.67,Joules,power/energy-pkg/,1001172067,100.00,,
   247.284875577,29.89,Joules,power/energy-pkg/,1001080890,100.00,,
   248.285982121,30.62,Joules,power/energy-pkg/,1001100580,100.00,,
   249.286594222,30.88,Joules,power/energy-pkg/,1000626603,100.00,,
   250.287775378,33.85,Joules,power/energy-pkg/,1001152966,100.00,,
   251.288942930,17.61,Joules,power/energy-pkg/,1001156828,100.00,,
   252.290100832,25.36,Joules,power/energy-pkg/,1001153663,100.00,,
   253.290606809,24.16,Joules,power/energy-pkg/,1000494900,100.00,,
   254.291693541,17.63,Joules,power/energy-pkg/,1001079318,100.00,,
   255.292889246,30.78,Joules,power/energy-pkg/,1001246138,100.00,,
   256.294114738,29.76,Joules,power/energy-pkg/,1001163084,100.00,,
   257.294595611,17.50,Joules,power/energy-pkg/,1000470619,100.00,,
   258.295751778,21.62,Joules,power/energy-pkg/,1001173115,100.00,,
   259.296934761,23.57,Joules,power/energy-pkg/,1001174098,100.00,,
   260.298110938,35.28,Joules,power/energy-pkg/,1001150544,100.00,,
   261.298593776,20.78,Joules,power/energy-pkg/,1000470441,100.00,,
   262.299763086,23.38,Joules,power/energy-pkg/,1001186133,100.00,,
   263.300968327,19.51,Joules,power/energy-pkg/,1001193143,100.00,,
   264.302144387,15.98,Joules,power/energy-pkg/,1001176448,100.00,,
   265.302589024,18.60,Joules,power/energy-pkg/,1000434996,100.00,,
   266.303704832,28.82,Joules,power/energy-pkg/,1001085334,100.00,,
   267.304868070,23.73,Joules,power/energy-pkg/,1001174684,100.00,,
   268.306057432,14.10,Joules,power/energy-pkg/,1001163524,100.00,,
   269.306521555,24.14,Joules,power/energy-pkg/,1000456132,100.00,,
   270.307629648,22.61,Joules,power/energy-pkg/,1001099344,100.00,,
   271.308734360,29.99,Joules,power/energy-pkg/,1001098370,100.00,,
   272.309911689,25.54,Joules,power/energy-pkg/,1001169332,100.00,,
   273.310520344,14.21,Joules,power/energy-pkg/,1000602155,100.00,,
   274.311628351,33.07,Joules,power/energy-pkg/,1001100497,100.00,,
   275.312729720,37.99,Joules,power/energy-pkg/,1001093776,100.00,,
   276.313835487,20.09,Joules,power/energy-pkg/,1001098619,100.00,,
   277.314519591,31.69,Joules,power/energy-pkg/,1000695806,100.00,,
   278.315421003,42.31,Joules,power/energy-pkg/,1000875064,100.00,,
   279.316527408,42.90,Joules,power/energy-pkg/,1001098493,100.00,,
   280.317569647,40.90,Joules,power/energy-pkg/,1001049681,100.00,,
   281.318592393,28.01,Joules,power/energy-pkg/,1000999333,100.00,,
   282.319740147,37.28,Joules,power/energy-pkg/,1001170728,100.00,,
   283.320869067,30.33,Joules,power/energy-pkg/,1001092751,100.00,,
   284.322035826,25.64,Joules,power/energy-pkg/,1001183950,100.00,,
   285.322599318,26.18,Joules,power/energy-pkg/,1000556161,100.00,,
   286.323721952,27.36,Joules,power/energy-pkg/,1001090278,100.00,,
   287.324827660,35.22,Joules,power/energy-pkg/,1001098327,100.00,,
   288.325995739,39.78,Joules,power/energy-pkg/,1001187091,100.00,,
   289.326519836,36.69,Joules,power/energy-pkg/,1000490505,100.00,,
   290.327692292,29.06,Joules,power/energy-pkg/,1001186936,100.00,,
   291.328862853,17.65,Joules,power/energy-pkg/,1001162192,100.00,,
   292.330032802,34.39,Joules,power/energy-pkg/,1001144761,100.00,,
   293.330580662,30.72,Joules,power/energy-pkg/,1000558134,100.00,,
   294.331766120,24.25,Joules,power/energy-pkg/,1001179056,100.00,,
   295.332876197,38.78,Joules,power/energy-pkg/,1001080182,100.00,,
   296.333975587,30.77,Joules,power/energy-pkg/,1001092990,100.00,,
   297.334520112,18.18,Joules,power/energy-pkg/,1000536848,100.00,,
   298.335690611,14.53,Joules,power/energy-pkg/,1001189853,100.00,,
   299.336876526,23.69,Joules,power/energy-pkg/,1001174855,100.00,,
   300.338062930,11.46,Joules,power/energy-pkg/,1001162460,100.00,,
   301.338521299,18.18,Joules,power/energy-pkg/,1000444098,100.00,,
   302.339684089,31.00,Joules,power/energy-pkg/,1001178365,100.00,,
   303.340866664,22.92,Joules,power/energy-pkg/,1001176272,100.00,,
   304.342051252,19.41,Joules,power/energy-pkg/,1001156882,100.00,,
   305.342549017,13.33,Joules,power/energy-pkg/,1000504118,100.00,,
   306.343837871,6.27,Joules,power/energy-pkg/,1001267456,100.00,,
   307.345008932,13.86,Joules,power/energy-pkg/,1001168118,100.00,,
   308.345372265,22.40,Joules,power/energy-pkg/,1000367406,100.00,,
   309.346504841,16.99,Joules,power/energy-pkg/,1001110902,100.00,,
   310.347686979,17.44,Joules,power/energy-pkg/,1001176678,100.00,,
   311.348849953,21.54,Joules,power/energy-pkg/,1001172110,100.00,,
   312.350032321,19.42,Joules,power/energy-pkg/,1001169291,100.00,,
   313.351208940,13.46,Joules,power/energy-pkg/,1001151778,100.00,,
   314.352366252,19.88,Joules,power/energy-pkg/,1001179140,100.00,,
   315.353486698,37.69,Joules,power/energy-pkg/,1001084690,100.00,,
   316.354523479,38.51,Joules,power/energy-pkg/,1001030036,100.00,,
   317.355691299,26.46,Joules,power/energy-pkg/,1001184540,100.00,,
   318.356804674,34.03,Joules,power/energy-pkg/,1001081873,100.00,,
   319.357908183,29.17,Joules,power/energy-pkg/,1001096113,100.00,,
   320.358588512,30.17,Joules,power/energy-pkg/,1000697543,100.00,,
   321.359705326,22.89,Joules,power/energy-pkg/,1001085483,100.00,,
   322.360805926,24.68,Joules,power/energy-pkg/,1001092024,100.00,,
   323.361906245,40.44,Joules,power/energy-pkg/,1001093430,100.00,,
   324.362595992,40.39,Joules,power/energy-pkg/,1000704316,100.00,,
   325.363772040,34.17,Joules,power/energy-pkg/,1001148724,100.00,,
   326.364928057,23.28,Joules,power/energy-pkg/,1001152387,100.00,,
   327.366021056,35.91,Joules,power/energy-pkg/,1001097903,100.00,,
   328.366519739,34.19,Joules,power/energy-pkg/,1000473603,100.00,,
   329.367615046,22.97,Joules,power/energy-pkg/,1001088270,100.00,,
   330.368717642,37.54,Joules,power/energy-pkg/,1001110996,100.00,,
   331.369836103,39.84,Joules,power/energy-pkg/,1001118855,100.00,,
   332.370528931,39.90,Joules,power/energy-pkg/,1000681924,100.00,,
   333.401636704,36.27,Joules,power/energy-pkg/,1031093018,100.00,,
   334.402821400,20.77,Joules,power/energy-pkg/,1001168992,100.00,,
   335.403918864,24.53,Joules,power/energy-pkg/,1001085243,100.00,,
   336.405077443,28.25,Joules,power/energy-pkg/,1001178518,100.00,,
   337.406201760,31.08,Joules,power/energy-pkg/,1001109758,100.00,,
   338.406520284,32.75,Joules,power/energy-pkg/,1000291945,100.00,,
   339.407695146,22.81,Joules,power/energy-pkg/,1001169263,100.00,,
   340.408782899,32.19,Joules,power/energy-pkg/,1001100787,100.00,,
   341.409926988,38.07,Joules,power/energy-pkg/,1001115332,100.00,,
   342.410521396,37.49,Joules,power/energy-pkg/,1000586740,100.00,,
   343.411690742,39.25,Joules,power/energy-pkg/,1001185096,100.00,,
   344.412799656,29.59,Joules,power/energy-pkg/,1001079286,100.00,,
   345.413967218,30.65,Joules,power/energy-pkg/,1001162159,100.00,,
   346.414594711,24.62,Joules,power/energy-pkg/,1000620183,100.00,,
   347.415694526,34.29,Joules,power/energy-pkg/,1001109915,100.00,,
   348.416821692,33.62,Joules,power/energy-pkg/,1001100999,100.00,,
   349.417985158,21.64,Joules,power/energy-pkg/,1001182920,100.00,,
   350.418520116,29.80,Joules,power/energy-pkg/,1000500327,100.00,,
   351.419685693,26.32,Joules,power/energy-pkg/,1001160361,100.00,,
   352.420836539,21.86,Joules,power/energy-pkg/,1001145370,100.00,,
   353.422002018,23.69,Joules,power/energy-pkg/,1001156411,100.00,,
   354.423212831,9.41,Joules,power/energy-pkg/,1001226539,100.00,,
   355.424548449,22.37,Joules,power/energy-pkg/,1001308212,100.00,,
   356.425647481,33.45,Joules,power/energy-pkg/,1001108992,100.00,,
   357.426581076,29.00,Joules,power/energy-pkg/,1000927819,100.00,,
   358.427754802,20.42,Joules,power/energy-pkg/,1001163910,100.00,,
   359.428962929,15.67,Joules,power/energy-pkg/,1001199673,100.00,,
   360.430270130,12.70,Joules,power/energy-pkg/,1001307564,100.00,,
   361.430588033,23.92,Joules,power/energy-pkg/,1000307679,100.00,,
   362.431773940,20.77,Joules,power/energy-pkg/,1001155223,100.00,,
   363.432937346,19.40,Joules,power/energy-pkg/,1001156902,100.00,,
   364.434022300,32.99,Joules,power/energy-pkg/,1001093099,100.00,,
   365.434523243,39.85,Joules,power/energy-pkg/,1000492825,100.00,,
   366.435711368,22.43,Joules,power/energy-pkg/,1001163362,100.00,,
   367.436856853,20.17,Joules,power/energy-pkg/,1001143796,100.00,,
   368.437955635,27.30,Joules,power/energy-pkg/,1001105551,100.00,,
   369.438521506,38.34,Joules,power/energy-pkg/,1000543245,100.00,,
   370.439697601,26.35,Joules,power/energy-pkg/,1001189441,100.00,,
   371.440886337,22.88,Joules,power/energy-pkg/,1001163358,100.00,,
   372.442051884,33.07,Joules,power/energy-pkg/,1001157918,100.00,,
   373.442595529,29.69,Joules,power/energy-pkg/,1000530647,100.00,,
   374.443679025,24.27,Joules,power/energy-pkg/,1001077796,100.00,,
   375.444848512,18.03,Joules,power/energy-pkg/,1001165015,100.00,,
   376.446016681,16.74,Joules,power/energy-pkg/,1001161605,100.00,,
   377.446590172,13.45,Joules,power/energy-pkg/,1000561346,100.00,,
   378.447730238,24.26,Joules,power/energy-pkg/,1001165754,100.00,,
   379.448856027,23.08,Joules,power/energy-pkg/,1001089213,100.00,,
   380.450046823,21.56,Joules,power/energy-pkg/,1001184400,100.00,,
   381.450650473,27.48,Joules,power/energy-pkg/,1000647381,100.00,,
   382.451791942,33.15,Joules,power/energy-pkg/,1001097093,100.00,,
   383.452910407,38.96,Joules,power/energy-pkg/,1001093797,100.00,,
   384.454079895,28.92,Joules,power/energy-pkg/,1001167496,100.00,,
   385.454591930,18.64,Joules,power/energy-pkg/,1000526280,100.00,,
   386.455769599,27.33,Joules,power/energy-pkg/,1001164798,100.00,,
   387.456875706,29.81,Joules,power/energy-pkg/,1001078569,100.00,,
   388.458042547,26.94,Joules,power/energy-pkg/,1001162941,100.00,,
   389.458519680,16.73,Joules,power/energy-pkg/,1000465184,100.00,,
   390.459685088,20.04,Joules,power/energy-pkg/,1001182705,100.00,,
   391.460880142,20.15,Joules,power/energy-pkg/,1001167264,100.00,,
   392.462042664,33.03,Joules,power/energy-pkg/,1001176284,100.00,,
   393.462590451,22.62,Joules,power/energy-pkg/,1000515570,100.00,,
   394.463674397,16.65,Joules,power/energy-pkg/,1001078596,100.00,,
   395.464838222,17.37,Joules,power/energy-pkg/,1001184004,100.00,,
   396.466034734,15.28,Joules,power/energy-pkg/,1001165633,100.00,,
   397.466520806,20.83,Joules,power/energy-pkg/,1000475259,100.00,,
   398.467621815,20.52,Joules,power/energy-pkg/,1001095988,100.00,,
   399.468804521,26.74,Joules,power/energy-pkg/,1001178220,100.00,,
   400.469897935,23.04,Joules,power/energy-pkg/,1001080972,100.00,,
   401.470602012,33.45,Joules,power/energy-pkg/,1000699491,100.00,,
   402.471939673,14.70,Joules,power/energy-pkg/,1001352290,100.00,,
   403.473252466,13.35,Joules,power/energy-pkg/,1001304050,100.00,,
   404.474375446,27.14,Joules,power/energy-pkg/,1001096743,100.00,,
   405.474588604,23.79,Joules,power/energy-pkg/,1000230373,100.00,,
   406.475715942,37.91,Joules,power/energy-pkg/,1001117037,100.00,,
   407.476851450,40.92,Joules,power/energy-pkg/,1001123871,100.00,,
   408.478051790,33.51,Joules,power/energy-pkg/,1001174722,100.00,,
   409.478590063,15.72,Joules,power/energy-pkg/,1000527165,100.00,,
   410.479741606,11.49,Joules,power/energy-pkg/,1001147758,100.00,,
   411.480910465,14.21,Joules,power/energy-pkg/,1001162142,100.00,,
   412.482072314,21.76,Joules,power/energy-pkg/,1001156415,100.00,,
   413.482603707,19.20,Joules,power/energy-pkg/,1000522435,100.00,,
   414.483773372,19.41,Joules,power/energy-pkg/,1001161199,100.00,,
   415.484858206,22.40,Joules,power/energy-pkg/,1001077316,100.00,,
   416.486030938,20.41,Joules,power/energy-pkg/,1001188915,100.00,,
   417.486602693,23.34,Joules,power/energy-pkg/,1000539719,100.00,,
   418.487756386,23.25,Joules,power/energy-pkg/,1001149401,100.00,,
   419.488919554,22.29,Joules,power/energy-pkg/,1001161714,100.00,,
   420.490084490,38.63,Joules,power/energy-pkg/,1001170910,100.00,,
   421.490521678,33.43,Joules,power/energy-pkg/,1000412178,100.00,,
   422.491708657,17.37,Joules,power/energy-pkg/,1001179368,100.00,,
   423.492877152,13.35,Joules,power/energy-pkg/,1001159837,100.00,,
   424.493971058,21.24,Joules,power/energy-pkg/,1001089340,100.00,,
   425.494520567,27.53,Joules,power/energy-pkg/,1000539307,100.00,,
   426.495693460,18.40,Joules,power/energy-pkg/,1001167195,100.00,,
   427.496868097,14.94,Joules,power/energy-pkg/,1001168024,100.00,,
   428.498024069,10.62,Joules,power/energy-pkg/,1001175695,100.00,,
   429.498580365,26.27,Joules,power/energy-pkg/,1000541919,100.00,,
   430.499763020,24.55,Joules,power/energy-pkg/,1001158586,100.00,,
   431.500917840,20.71,Joules,power/energy-pkg/,1001144501,100.00,,
   432.502076465,14.68,Joules,power/energy-pkg/,1001151045,100.00,,
   433.502608817,20.32,Joules,power/energy-pkg/,1000529911,100.00,,
   434.503783026,18.19,Joules,power/energy-pkg/,1001159981,100.00,,
   435.504943559,17.21,Joules,power/energy-pkg/,1001157665,100.00,,
   436.506107353,16.56,Joules,power/energy-pkg/,1001155827,100.00,,
   437.507284993,9.94,Joules,power/energy-pkg/,1001173305,100.00,,
   438.508429540,22.77,Joules,power/energy-pkg/,1001149078,100.00,,
   439.509598146,21.23,Joules,power/energy-pkg/,1001173153,100.00,,
   440.510603613,20.20,Joules,power/energy-pkg/,1000971553,100.00,,
   441.511938614,13.03,Joules,power/energy-pkg/,1001351531,100.00,,
   442.513270989,17.61,Joules,power/energy-pkg/,1001304470,100.00,,
   443.514429404,22.37,Joules,power/energy-pkg/,1001152320,100.00,,
   444.515332476,13.89,Joules,power/energy-pkg/,1001705333,100.00,,
   445.517237080,22.97,Joules,power/energy-pkg/,1001082211,100.00,,
   446.518418400,21.37,Joules,power/energy-pkg/,1001178044,100.00,,
   447.519594791,12.26,Joules,power/energy-pkg/,1001169544,100.00,,
   448.520769736,5.89,Joules,power/energy-pkg/,1001167491,100.00,,
   449.521939085,12.57,Joules,power/energy-pkg/,1001163731,100.00,,
   450.522600439,20.79,Joules,power/energy-pkg/,1000648354,100.00,,
   451.523758771,18.36,Joules,power/energy-pkg/,1001151428,100.00,,
   452.524905112,14.92,Joules,power/energy-pkg/,1001168374,100.00,,
   453.526038644,25.47,Joules,power/energy-pkg/,1001098788,100.00,,
   454.527259298,21.28,Joules,power/energy-pkg/,1001237506,100.00,,
   455.528582398,12.28,Joules,power/energy-pkg/,1001315429,100.00,,
   456.529767699,20.06,Joules,power/energy-pkg/,1001174854,100.00,,
   457.530533554,20.23,Joules,power/energy-pkg/,1004727180,100.00,,
   458.535698363,22.33,Joules,power/energy-pkg/,1001174294,100.00,,
   459.536874837,18.03,Joules,power/energy-pkg/,1001169042,100.00,,
   460.538027041,21.75,Joules,power/energy-pkg/,1001142071,100.00,,
   461.538593627,21.27,Joules,power/energy-pkg/,1000580845,100.00,,
   462.539785543,26.11,Joules,power/energy-pkg/,1001183528,100.00,,
   463.540966595,28.67,Joules,power/energy-pkg/,1001181319,100.00,,
   464.542108906,36.23,Joules,power/energy-pkg/,1001105323,100.00,,
   465.543516439,19.69,Joules,power/energy-pkg/,1001425645,100.00,,
   466.544857302,10.94,Joules,power/energy-pkg/,1001310505,100.00,,
   467.546019854,12.48,Joules,power/energy-pkg/,1001157982,100.00,,
   468.547194293,8.84,Joules,power/energy-pkg/,1001169438,100.00,,
   469.548383499,13.67,Joules,power/energy-pkg/,1001180244,100.00,,
   470.549559110,19.70,Joules,power/energy-pkg/,1001163328,100.00,,
   471.550723357,10.64,Joules,power/energy-pkg/,1001178132,100.00,,
   472.552202084,4.05,Joules,power/energy-pkg/,1001476322,100.00,,
   473.553521898,17.12,Joules,power/energy-pkg/,1001289738,100.00,,
   474.554661510,27.21,Joules,power/energy-pkg/,1001129618,100.00,,
   475.555841327,14.87,Joules,power/energy-pkg/,1001199232,100.00,,
   476.557180621,24.71,Joules,power/energy-pkg/,1001307499,100.00,,
   477.558328747,27.75,Joules,power/energy-pkg/,1001154738,100.00,,
   478.559491023,26.12,Joules,power/energy-pkg/,1001145818,100.00,,
   479.560650137,35.00,Joules,power/energy-pkg/,1001175167,100.00,,
   480.561786352,31.90,Joules,power/energy-pkg/,1001100602,100.00,,
   481.562606597,27.23,Joules,power/energy-pkg/,1000812769,100.00,,
   482.563763860,17.96,Joules,power/energy-pkg/,1001156048,100.00,,
   483.564464445,14.30,Joules,power/energy-pkg/,1000745928,100.00,,
   484.565823783,7.17,Joules,power/energy-pkg/,1001320578,100.00,,
   485.567217684,3.69,Joules,power/energy-pkg/,1001381684,100.00,,
   486.568567792,3.55,Joules,power/energy-pkg/,1001344890,100.00,,
   487.569819808,3.58,Joules,power/energy-pkg/,1001219224,100.00,,
   488.570629287,11.93,Joules,power/energy-pkg/,1000827304,100.00,,
   489.571992465,3.73,Joules,power/energy-pkg/,1001359570,100.00,,
   490.573438799,3.82,Joules,power/energy-pkg/,1001438868,100.00,,
   491.574900146,3.49,Joules,power/energy-pkg/,1001454330,100.00,,
   492.576386128,3.29,Joules,power/energy-pkg/,1001479145,100.00,,
   493.576833211,3.41,Joules,power/energy-pkg/,1000555869,100.00,,
   494.578332839,3.42,Joules,power/energy-pkg/,1001374710,100.00,,
   495.579673904,5.42,Joules,power/energy-pkg/,1001409309,100.00,,
   496.581133922,3.44,Joules,power/energy-pkg/,1001375972,100.00,,
   497.582628014,3.33,Joules,power/energy-pkg/,1001490622,100.00,,
   498.583990625,3.36,Joules,power/energy-pkg/,1001353098,100.00,,
   499.585479193,3.86,Joules,power/energy-pkg/,1001484450,100.00,,
   500.587030112,3.18,Joules,power/energy-pkg/,1001543466,100.00,,
   501.588531994,3.56,Joules,power/energy-pkg/,1001495709,100.00,,
   502.589970571,3.23,Joules,power/energy-pkg/,1001431163,100.00,,
   503.591452075,3.79,Joules,power/energy-pkg/,1001474804,100.00,,
   504.592802390,3.38,Joules,power/energy-pkg/,1001340368,100.00,,
   505.594248096,4.29,Joules,power/energy-pkg/,1001441559,100.00,,
   506.594766513,3.38,Joules,power/energy-pkg/,1000509272,100.00,,
   507.596200727,3.25,Joules,power/energy-pkg/,1001429627,100.00,,
   508.597536162,3.62,Joules,power/energy-pkg/,1001324647,100.00,,
   509.598899098,3.44,Joules,power/energy-pkg/,1001359133,100.00,,
   510.600317891,3.78,Joules,power/energy-pkg/,1001470535,100.00,,
   511.601909975,3.56,Joules,power/energy-pkg/,1001525680,100.00,,
   512.603288308,3.60,Joules,power/energy-pkg/,1001371830,100.00,,
   513.604793049,3.47,Joules,power/energy-pkg/,1001497739,100.00,,
   514.606312391,3.48,Joules,power/energy-pkg/,1001511852,100.00,,
   515.607740727,3.68,Joules,power/energy-pkg/,1001417985,100.00,,
   516.609087223,3.46,Joules,power/energy-pkg/,1001342198,100.00,,
   517.610434563,3.40,Joules,power/energy-pkg/,1001336386,100.00,,
