# started on Wed Feb  8 13:01:44 2023

     1.000749065,24.14,Joules,power/energy-pkg/,1000772248,100.00,,
     2.001871720,21.92,Joules,power/energy-pkg/,1001118721,100.00,,
     3.002275321,24.65,Joules,power/energy-pkg/,1000480011,100.00,,
     4.003437202,23.84,Joules,power/energy-pkg/,1001065363,100.00,,
     5.004510343,26.21,Joules,power/energy-pkg/,1001085358,100.00,,
     6.004732936,24.33,Joules,power/energy-pkg/,1000203984,100.00,,
     7.005809309,22.29,Joules,power/energy-pkg/,1001084780,100.00,,
     8.006888897,19.83,Joules,power/energy-pkg/,1001067344,100.00,,
     9.007992587,22.47,Joules,power/energy-pkg/,1001105652,100.00,,
    10.008731597,23.88,Joules,power/energy-pkg/,1000728356,100.00,,
    11.009814387,24.93,Joules,power/energy-pkg/,1001090943,100.00,,
    12.010892715,20.83,Joules,power/energy-pkg/,1001065889,100.00,,
    13.011985694,18.79,Joules,power/energy-pkg/,1001099781,100.00,,
    14.012761426,23.46,Joules,power/energy-pkg/,1000776780,100.00,,
    15.013908414,26.31,Joules,power/energy-pkg/,1001127088,100.00,,
    16.014983031,19.54,Joules,power/energy-pkg/,1001072104,100.00,,
    17.016081114,23.54,Joules,power/energy-pkg/,1001114172,100.00,,
    18.016759311,23.38,Joules,power/energy-pkg/,1000677986,100.00,,
    19.017961953,24.13,Joules,power/energy-pkg/,1001175035,100.00,,
    20.019046403,19.34,Joules,power/energy-pkg/,1001121215,100.00,,
    21.020265065,20.33,Joules,power/energy-pkg/,1001190207,100.00,,
    22.020732395,21.75,Joules,power/energy-pkg/,1000448033,100.00,,
    23.021795745,22.80,Joules,power/energy-pkg/,1001060740,100.00,,
    24.022196408,29.33,Joules,power/energy-pkg/,1000479064,100.00,,
    25.023350206,22.95,Joules,power/energy-pkg/,1001070245,100.00,,
    26.023451089,22.74,Joules,power/energy-pkg/,1000251093,100.00,,
    27.024693846,24.00,Joules,power/energy-pkg/,1001091565,100.00,,
    28.025783517,25.13,Joules,power/energy-pkg/,1001080355,100.00,,
    29.026880742,22.87,Joules,power/energy-pkg/,1001120242,100.00,,
    30.027987087,25.12,Joules,power/energy-pkg/,1001090285,100.00,,
    31.028787967,23.39,Joules,power/energy-pkg/,1000790215,100.00,,
    32.029866980,31.75,Joules,power/energy-pkg/,1001070494,100.00,,
    33.031141247,25.62,Joules,power/energy-pkg/,1001338698,100.00,,
    34.032458219,25.65,Joules,power/energy-pkg/,1001304545,100.00,,
    35.032730947,24.26,Joules,power/energy-pkg/,1000208027,100.00,,
    36.033804984,21.35,Joules,power/energy-pkg/,1001084240,100.00,,
    37.034904688,23.76,Joules,power/energy-pkg/,1001095376,100.00,,
    38.035998036,20.18,Joules,power/energy-pkg/,1001091673,100.00,,
    39.036749404,20.64,Joules,power/energy-pkg/,1000744937,100.00,,
    40.037843778,19.66,Joules,power/energy-pkg/,1001092431,100.00,,
    41.038932204,21.46,Joules,power/energy-pkg/,1001085513,100.00,,
    42.039839836,21.27,Joules,power/energy-pkg/,1000918968,100.00,,
    43.040865771,26.80,Joules,power/energy-pkg/,1001011097,100.00,,
    44.041956084,18.86,Joules,power/energy-pkg/,1001086075,100.00,,
    45.043059426,19.17,Joules,power/energy-pkg/,1001099460,100.00,,
    46.044151917,20.19,Joules,power/energy-pkg/,1001087019,100.00,,
    47.044753488,22.25,Joules,power/energy-pkg/,1000594250,100.00,,
    48.045841987,23.43,Joules,power/energy-pkg/,1001088428,100.00,,
    49.046324723,29.04,Joules,power/energy-pkg/,1000485456,100.00,,
    50.047416893,26.24,Joules,power/energy-pkg/,1001084527,100.00,,
    51.048508816,21.30,Joules,power/energy-pkg/,1001086675,100.00,,
    52.048759380,23.03,Joules,power/energy-pkg/,1000238184,100.00,,
    53.049418104,21.68,Joules,power/energy-pkg/,1000807230,100.00,,
    54.050711507,22.42,Joules,power/energy-pkg/,1001158424,100.00,,
    55.051833996,22.51,Joules,power/energy-pkg/,1001102605,100.00,,
    56.052750876,30.29,Joules,power/energy-pkg/,1000917020,100.00,,
    57.053026380,21.65,Joules,power/energy-pkg/,1000423694,100.00,,
    58.054357884,22.46,Joules,power/energy-pkg/,1001169477,100.00,,
    59.055461091,21.15,Joules,power/energy-pkg/,1001126378,100.00,,
    60.056560495,23.05,Joules,power/energy-pkg/,1001076118,100.00,,
    61.056738776,23.61,Joules,power/energy-pkg/,1000165937,100.00,,
    62.057813811,22.39,Joules,power/energy-pkg/,1001070575,100.00,,
    63.058891910,23.44,Joules,power/energy-pkg/,1001089526,100.00,,
    64.059982806,23.27,Joules,power/energy-pkg/,1001085473,100.00,,
    65.060732355,23.56,Joules,power/energy-pkg/,1000734657,100.00,,
    66.061802708,26.45,Joules,power/energy-pkg/,1001076932,100.00,,
    67.062887682,45.17,Joules,power/energy-pkg/,1003124784,100.00,,
    68.065992328,51.24,Joules,power/energy-pkg/,1001063686,100.00,,
    69.067080410,37.48,Joules,power/energy-pkg/,1001067706,100.00,,
    70.068150562,58.88,Joules,power/energy-pkg/,1001068581,100.00,,
    71.068741559,51.53,Joules,power/energy-pkg/,1000590803,100.00,,
    72.069851789,57.89,Joules,power/energy-pkg/,1001117390,100.00,,
    73.070945264,53.32,Joules,power/energy-pkg/,1001075922,100.00,,
    74.072038551,56.13,Joules,power/energy-pkg/,1001107101,100.00,,
    75.073879997,60.69,Joules,power/energy-pkg/,1001848994,100.00,,
    76.076760311,70.66,Joules,power/energy-pkg/,1003839371,100.00,,
    77.078964980,68.71,Joules,power/energy-pkg/,1001223797,100.00,,
    78.080061233,52.28,Joules,power/energy-pkg/,1001101843,100.00,,
    79.080849350,43.67,Joules,power/energy-pkg/,1000957195,100.00,,
    80.082130471,37.52,Joules,power/energy-pkg/,1001094854,100.00,,
    81.083215800,37.80,Joules,power/energy-pkg/,1001069796,100.00,,
    82.083697617,56.23,Joules,power/energy-pkg/,1000741609,100.00,,
    83.088332612,68.46,Joules,power/energy-pkg/,1004399982,100.00,,
    84.088889475,72.73,Joules,power/energy-pkg/,1000534873,100.00,,
    85.090093729,72.05,Joules,power/energy-pkg/,1001224200,100.00,,
    86.096388232,69.91,Joules,power/energy-pkg/,1006271656,100.00,,
    87.096772734,71.62,Joules,power/energy-pkg/,1000371745,100.00,,
    88.097940046,73.12,Joules,power/energy-pkg/,1003277109,100.00,,
    89.100737723,55.77,Joules,power/energy-pkg/,1000673441,100.00,,
    90.101319462,48.39,Joules,power/energy-pkg/,1000706048,100.00,,
    91.102531493,63.28,Joules,power/energy-pkg/,1001080041,100.00,,
    92.102959488,61.27,Joules,power/energy-pkg/,1000464613,100.00,,
    93.104157279,67.65,Joules,power/energy-pkg/,1001153975,100.00,,
    94.104753799,59.98,Joules,power/energy-pkg/,1000614468,100.00,,
    95.105352599,64.99,Joules,power/energy-pkg/,1000591375,100.00,,
    96.108090046,69.99,Joules,power/energy-pkg/,1002731292,100.00,,
    97.112747701,70.20,Joules,power/energy-pkg/,1004651506,100.00,,
    98.113875865,72.33,Joules,power/energy-pkg/,1001128060,100.00,,
    99.114991130,66.73,Joules,power/energy-pkg/,1001107785,100.00,,
   100.116195822,61.88,Joules,power/energy-pkg/,1001200570,100.00,,
   101.116755980,60.86,Joules,power/energy-pkg/,1000551017,100.00,,
   102.117898207,46.26,Joules,power/energy-pkg/,1001138083,100.00,,
   103.118991039,54.11,Joules,power/energy-pkg/,1001098333,100.00,,
   104.120147337,54.46,Joules,power/energy-pkg/,1002843247,100.00,,
   105.122995890,52.00,Joules,power/energy-pkg/,1001142269,100.00,,
   106.124104336,48.45,Joules,power/energy-pkg/,1001188985,100.00,,
   107.124843045,57.18,Joules,power/energy-pkg/,1000736650,100.00,,
   108.126439904,62.00,Joules,power/energy-pkg/,1001525092,100.00,,
   109.127600886,59.46,Joules,power/energy-pkg/,1001174778,100.00,,
   110.128745991,61.60,Joules,power/energy-pkg/,1001107378,100.00,,
   111.129850737,52.41,Joules,power/energy-pkg/,1001118131,100.00,,
   112.131002609,39.06,Joules,power/energy-pkg/,1002579730,100.00,,
   113.132763890,37.14,Joules,power/energy-pkg/,1000333400,100.00,,
   114.133974888,41.13,Joules,power/energy-pkg/,1001205018,100.00,,
   115.135062937,44.20,Joules,power/energy-pkg/,1001062881,100.00,,
   116.136139580,39.05,Joules,power/energy-pkg/,1001660264,100.00,,
   117.137237478,34.81,Joules,power/energy-pkg/,1000525499,100.00,,
   118.138323501,31.12,Joules,power/energy-pkg/,1001075606,100.00,,
   119.139417754,35.73,Joules,power/energy-pkg/,1001090598,100.00,,
   120.140575155,49.82,Joules,power/energy-pkg/,1001148056,100.00,,
   121.140757848,55.71,Joules,power/energy-pkg/,1000190473,100.00,,
   122.141876109,50.06,Joules,power/energy-pkg/,1001105409,100.00,,
   123.142122167,39.99,Joules,power/energy-pkg/,1000280777,100.00,,
   124.143368945,56.34,Joules,power/energy-pkg/,1002565163,100.00,,
   125.145902225,65.90,Joules,power/energy-pkg/,1004001102,100.00,,
   126.149848410,65.22,Joules,power/energy-pkg/,1001128027,100.00,,
   127.151016132,64.90,Joules,power/energy-pkg/,1001149445,100.00,,
   128.152144652,61.67,Joules,power/energy-pkg/,1001120873,100.00,,
   129.152833692,60.52,Joules,power/energy-pkg/,1000732479,100.00,,
   130.154274529,57.60,Joules,power/energy-pkg/,1001430615,100.00,,
   131.154949852,62.76,Joules,power/energy-pkg/,1000639550,100.00,,
   132.156059955,54.23,Joules,power/energy-pkg/,1001107034,100.00,,
   133.156747446,42.82,Joules,power/energy-pkg/,1000698587,100.00,,
   134.157940763,43.46,Joules,power/energy-pkg/,1001165390,100.00,,
   135.159054508,32.21,Joules,power/energy-pkg/,1001102628,100.00,,
   136.160142720,39.17,Joules,power/energy-pkg/,1001095926,100.00,,
   137.160741195,59.03,Joules,power/energy-pkg/,1000633059,100.00,,
   138.161883426,53.03,Joules,power/energy-pkg/,1001118888,100.00,,
   139.164746094,51.91,Joules,power/energy-pkg/,1002834207,100.00,,
   140.165856266,58.05,Joules,power/energy-pkg/,1001108781,100.00,,
   141.167015045,54.09,Joules,power/energy-pkg/,1001192965,100.00,,
   142.168226172,54.43,Joules,power/energy-pkg/,1001689336,100.00,,
   143.169078920,47.14,Joules,power/energy-pkg/,1000341420,100.00,,
   144.170211305,45.23,Joules,power/energy-pkg/,1001141811,100.00,,
   145.171332903,44.64,Joules,power/energy-pkg/,1001089508,100.00,,
   146.172429040,52.81,Joules,power/energy-pkg/,1001147203,100.00,,
   147.172759744,61.61,Joules,power/energy-pkg/,1000294380,100.00,,
   148.174074573,65.46,Joules,power/energy-pkg/,1001337914,100.00,,
   149.175324652,63.44,Joules,power/energy-pkg/,1001198826,100.00,,
   150.176149778,63.64,Joules,power/energy-pkg/,1001137978,100.00,,
   151.178988101,59.82,Joules,power/energy-pkg/,1002559973,100.00,,
   152.180348377,69.16,Joules,power/energy-pkg/,1001315584,100.00,,
   153.180755638,70.05,Joules,power/energy-pkg/,1000418984,100.00,,
   154.181945637,72.15,Joules,power/energy-pkg/,1003958807,100.00,,
   155.185823568,62.30,Joules,power/energy-pkg/,1001125869,100.00,,
   156.188789503,64.11,Joules,power/energy-pkg/,1003001564,100.00,,
   157.190380511,69.36,Joules,power/energy-pkg/,1001537532,100.00,,
   158.192810391,63.47,Joules,power/energy-pkg/,1002423948,100.00,,
   159.194056342,62.28,Joules,power/energy-pkg/,1001231789,100.00,,
   160.195236451,57.62,Joules,power/energy-pkg/,1001161786,100.00,,
   161.196344595,39.57,Joules,power/energy-pkg/,1001102197,100.00,,
   162.196761913,42.96,Joules,power/energy-pkg/,1000430262,100.00,,
   163.197902879,31.32,Joules,power/energy-pkg/,1001126285,100.00,,
   164.199012043,46.54,Joules,power/energy-pkg/,1001116816,100.00,,
   165.200153663,68.66,Joules,power/energy-pkg/,1001193999,100.00,,
   166.200747009,59.16,Joules,power/energy-pkg/,1000543470,100.00,,
   167.201919653,63.07,Joules,power/energy-pkg/,1001159775,100.00,,
   168.203086205,47.09,Joules,power/energy-pkg/,1001160370,100.00,,
   169.204189465,53.22,Joules,power/energy-pkg/,1001100575,100.00,,
   170.204739168,50.31,Joules,power/energy-pkg/,1000542688,100.00,,
   171.205846964,45.07,Joules,power/energy-pkg/,1001113732,100.00,,
   172.206876274,27.67,Joules,power/energy-pkg/,1001020133,100.00,,
   173.207971619,31.31,Joules,power/energy-pkg/,1001075030,100.00,,
   174.208753933,43.86,Joules,power/energy-pkg/,1000798248,100.00,,
   175.209861022,56.45,Joules,power/energy-pkg/,1001092848,100.00,,
   176.210419463,55.17,Joules,power/energy-pkg/,1000581336,100.00,,
   177.211604448,46.18,Joules,power/energy-pkg/,1001159797,100.00,,
   178.212697106,37.23,Joules,power/energy-pkg/,1001086798,100.00,,
   179.213786908,37.88,Joules,power/energy-pkg/,1001100518,100.00,,
   180.214893468,37.21,Joules,power/energy-pkg/,1001087090,100.00,,
   181.215984224,40.60,Joules,power/energy-pkg/,1001104258,100.00,,
   182.216757941,52.23,Joules,power/energy-pkg/,1000758650,100.00,,
   183.217367243,46.25,Joules,power/energy-pkg/,1000596486,100.00,,
   184.218454101,45.45,Joules,power/energy-pkg/,1001090116,100.00,,
   185.219555634,40.26,Joules,power/energy-pkg/,1001098381,100.00,,
   186.220648553,38.31,Joules,power/energy-pkg/,1001086828,100.00,,
   187.221746927,43.24,Joules,power/energy-pkg/,1001084024,100.00,,
   188.222832539,46.75,Joules,power/energy-pkg/,1001088198,100.00,,
   189.223957251,37.47,Joules,power/energy-pkg/,1001111814,100.00,,
   190.224743700,38.11,Joules,power/energy-pkg/,1000785899,100.00,,
   191.225830993,47.18,Joules,power/energy-pkg/,1001085065,100.00,,
   192.226935504,58.08,Joules,power/energy-pkg/,1001106532,100.00,,
   193.228073136,62.27,Joules,power/energy-pkg/,1001177693,100.00,,
   194.228750552,52.20,Joules,power/energy-pkg/,1000622700,100.00,,
   195.229839602,39.04,Joules,power/energy-pkg/,1001086349,100.00,,
   196.230941753,30.73,Joules,power/energy-pkg/,1001108746,100.00,,
   197.232024884,30.53,Joules,power/energy-pkg/,1001088004,100.00,,
   198.232815099,46.39,Joules,power/energy-pkg/,1000779541,100.00,,
   199.233581100,55.50,Joules,power/energy-pkg/,1000773663,100.00,,
   200.234705897,47.83,Joules,power/energy-pkg/,1001108525,100.00,,
   201.235524071,37.29,Joules,power/energy-pkg/,1000821967,100.00,,
   202.236649859,40.52,Joules,power/energy-pkg/,1001129963,100.00,,
   203.236839808,62.66,Joules,power/energy-pkg/,1000196011,100.00,,
   204.237991086,50.50,Joules,power/energy-pkg/,1001132399,100.00,,
   205.239094865,51.38,Joules,power/energy-pkg/,1001113939,100.00,,
   206.240232116,51.28,Joules,power/energy-pkg/,1001094563,100.00,,
   207.240758857,29.64,Joules,power/energy-pkg/,1000540085,100.00,,
   208.241911253,47.69,Joules,power/energy-pkg/,1001135972,100.00,,
   209.243003434,54.46,Joules,power/energy-pkg/,1001117777,100.00,,
   210.244145545,48.55,Joules,power/energy-pkg/,1001107883,100.00,,
   211.244742812,37.41,Joules,power/energy-pkg/,1000627931,100.00,,
   212.245862666,26.57,Joules,power/energy-pkg/,1001093935,100.00,,
   213.246947995,48.81,Joules,power/energy-pkg/,1001072094,100.00,,
   214.248086670,61.35,Joules,power/energy-pkg/,1001176643,100.00,,
   215.248740873,61.34,Joules,power/energy-pkg/,1000606810,100.00,,
   216.249831097,52.34,Joules,power/energy-pkg/,1001095170,100.00,,
   217.250929924,37.39,Joules,power/energy-pkg/,1001097423,100.00,,
   218.252015045,35.84,Joules,power/energy-pkg/,1001083455,100.00,,
   219.252747922,50.18,Joules,power/energy-pkg/,1000733872,100.00,,
   220.253875287,48.10,Joules,power/energy-pkg/,1001118812,100.00,,
   221.254966091,26.65,Joules,power/energy-pkg/,1001072428,100.00,,
   222.255342329,27.20,Joules,power/energy-pkg/,1000399187,100.00,,
   223.256446605,40.81,Joules,power/energy-pkg/,1001092935,100.00,,
   224.256744629,63.82,Joules,power/energy-pkg/,1000293383,100.00,,
   225.257873302,63.34,Joules,power/energy-pkg/,1001109762,100.00,,
   226.260764676,59.78,Joules,power/energy-pkg/,1002913457,100.00,,
   227.264791892,65.57,Joules,power/energy-pkg/,1004031733,100.00,,
   228.266119121,70.97,Joules,power/energy-pkg/,1001314254,100.00,,
   229.267374325,73.50,Joules,power/energy-pkg/,1001265015,100.00,,
   230.268772376,71.23,Joules,power/energy-pkg/,1001406709,100.00,,
   231.272762809,66.22,Joules,power/energy-pkg/,1003947836,100.00,,
   232.273945293,63.54,Joules,power/energy-pkg/,1001186224,100.00,,
   233.275062130,61.56,Joules,power/energy-pkg/,1001109921,100.00,,
   234.276166371,52.16,Joules,power/energy-pkg/,1001104950,100.00,,
   235.276736832,46.24,Joules,power/energy-pkg/,1000544490,100.00,,
   236.277341165,60.00,Joules,power/energy-pkg/,1000612893,100.00,,
   237.278439014,58.72,Joules,power/energy-pkg/,1001083715,100.00,,
   238.279528843,54.75,Joules,power/energy-pkg/,1001107971,100.00,,
   239.280752144,67.03,Joules,power/energy-pkg/,1001203565,100.00,,
   240.284793218,73.90,Joules,power/energy-pkg/,1004087447,100.00,,
   241.286264908,72.39,Joules,power/energy-pkg/,1001473072,100.00,,
   242.287798030,67.43,Joules,power/energy-pkg/,1001510586,100.00,,
   243.288734050,69.03,Joules,power/energy-pkg/,1000902591,100.00,,
   244.289851250,56.65,Joules,power/energy-pkg/,1001126814,100.00,,
   245.291054230,40.27,Joules,power/energy-pkg/,1001180809,100.00,,
   246.292131632,30.71,Joules,power/energy-pkg/,1001068749,100.00,,
   247.292742043,33.73,Joules,power/energy-pkg/,1000606313,100.00,,
   248.293887548,55.54,Joules,power/energy-pkg/,1001209658,100.00,,
   249.295484325,54.91,Joules,power/energy-pkg/,1001532418,100.00,,
   250.296579834,51.98,Joules,power/energy-pkg/,1001104211,100.00,,
   251.297806967,56.93,Joules,power/energy-pkg/,1001221849,100.00,,
   252.298970587,53.55,Joules,power/energy-pkg/,1001225785,100.00,,
   253.300316308,67.75,Joules,power/energy-pkg/,1001292421,100.00,,
   254.300793308,66.67,Joules,power/energy-pkg/,1000472430,100.00,,
   255.302078098,69.35,Joules,power/energy-pkg/,1003912634,100.00,,
   256.305774901,62.30,Joules,power/energy-pkg/,1001057858,100.00,,
   257.306936498,51.92,Joules,power/energy-pkg/,1001161820,100.00,,
   258.308117932,60.90,Joules,power/energy-pkg/,1001168510,100.00,,
   259.308749073,57.09,Joules,power/energy-pkg/,1000600186,100.00,,
   260.309853906,52.11,Joules,power/energy-pkg/,1002580959,100.00,,
   261.312540180,52.01,Joules,power/energy-pkg/,1001212282,100.00,,
   262.312736144,46.15,Joules,power/energy-pkg/,1000180955,100.00,,
   263.313812662,32.49,Joules,power/energy-pkg/,1001071335,100.00,,
   264.314885869,50.19,Joules,power/energy-pkg/,1001102514,100.00,,
   265.316011971,52.42,Joules,power/energy-pkg/,1001811817,100.00,,
   266.317878699,62.77,Joules,power/energy-pkg/,1001190512,100.00,,
   267.318437524,59.28,Joules,power/energy-pkg/,1000531945,100.00,,
   268.319554191,40.99,Joules,power/energy-pkg/,1001099437,100.00,,
   269.320624667,39.33,Joules,power/energy-pkg/,1001090994,100.00,,
   270.321782266,36.16,Joules,power/energy-pkg/,1001130979,100.00,,
   271.322886619,35.08,Joules,power/energy-pkg/,1001100640,100.00,,
   272.323969620,47.18,Joules,power/energy-pkg/,1001084913,100.00,,
   273.324761091,37.12,Joules,power/energy-pkg/,1000769247,100.00,,
   274.325848306,35.82,Joules,power/energy-pkg/,1001111963,100.00,,
   275.326967908,53.53,Joules,power/energy-pkg/,1002855590,100.00,,
   276.329850500,61.45,Joules,power/energy-pkg/,1001125490,100.00,,
   277.331024009,57.88,Joules,power/energy-pkg/,1001180816,100.00,,
   278.332033680,59.77,Joules,power/energy-pkg/,1001006040,100.00,,
   279.332854626,54.51,Joules,power/energy-pkg/,1000800967,100.00,,
   280.333000741,32.05,Joules,power/energy-pkg/,1000140128,100.00,,
   281.334093821,43.81,Joules,power/energy-pkg/,1001098194,100.00,,
   282.335735028,64.54,Joules,power/energy-pkg/,1001641563,100.00,,
   283.336748071,69.51,Joules,power/energy-pkg/,1001010081,100.00,,
   284.337617926,66.47,Joules,power/energy-pkg/,1000896878,100.00,,
   285.338787894,63.60,Joules,power/energy-pkg/,1001114095,100.00,,
   286.339878518,48.13,Joules,power/energy-pkg/,1001084934,100.00,,
   287.340752204,42.78,Joules,power/energy-pkg/,1000876426,100.00,,
   288.341827527,54.30,Joules,power/energy-pkg/,1001065622,100.00,,
   289.342905686,55.32,Joules,power/energy-pkg/,1001077687,100.00,,
   290.344001539,51.42,Joules,power/energy-pkg/,1001090116,100.00,,
   291.344953067,37.52,Joules,power/energy-pkg/,1000953889,100.00,,
   292.346025546,39.45,Joules,power/energy-pkg/,1001062278,100.00,,
   293.347118825,47.57,Joules,power/energy-pkg/,1001101603,100.00,,
   294.348202569,50.17,Joules,power/energy-pkg/,1001068765,100.00,,
   295.348805366,65.24,Joules,power/energy-pkg/,1000675259,100.00,,
   296.350165395,64.99,Joules,power/energy-pkg/,1001571902,100.00,,
   297.351340074,41.64,Joules,power/energy-pkg/,1001048697,100.00,,
   298.352144979,42.17,Joules,power/energy-pkg/,1000655062,100.00,,
   299.352742352,52.49,Joules,power/energy-pkg/,1000573470,100.00,,
   300.353205398,44.22,Joules,power/energy-pkg/,1000612108,100.00,,
   301.354464689,48.07,Joules,power/energy-pkg/,1001126233,100.00,,
   302.355726809,53.92,Joules,power/energy-pkg/,1002368682,100.00,,
   303.358138472,66.72,Joules,power/energy-pkg/,1001461606,100.00,,
   304.359430688,61.34,Joules,power/energy-pkg/,1001114698,100.00,,
   305.360656274,65.99,Joules,power/energy-pkg/,1001211879,100.00,,
   306.360864825,59.60,Joules,power/energy-pkg/,1000203815,100.00,,
   307.363595100,54.67,Joules,power/energy-pkg/,1002752883,100.00,,
   308.364751538,68.01,Joules,power/energy-pkg/,1001129939,100.00,,
   309.365424701,66.19,Joules,power/energy-pkg/,1000950081,100.00,,
   310.366272962,64.67,Joules,power/energy-pkg/,1000594116,100.00,,
   311.367502841,51.57,Joules,power/energy-pkg/,1001197287,100.00,,
   312.367858537,35.75,Joules,power/energy-pkg/,1000368456,100.00,,
   313.368744247,40.91,Joules,power/energy-pkg/,1000850306,100.00,,
   314.369810574,52.21,Joules,power/energy-pkg/,1001068166,100.00,,
   315.370805938,51.08,Joules,power/energy-pkg/,1001158923,100.00,,
   316.372155666,40.51,Joules,power/energy-pkg/,1001178601,100.00,,
   317.373058382,36.41,Joules,power/energy-pkg/,1000899093,100.00,,
   318.374193936,37.56,Joules,power/energy-pkg/,1001140344,100.00,,
   319.375287555,47.35,Joules,power/energy-pkg/,1001100989,100.00,,
   320.376382712,50.06,Joules,power/energy-pkg/,1001067750,100.00,,
   321.377270774,26.97,Joules,power/energy-pkg/,1001061725,100.00,,
   322.378524443,34.73,Joules,power/energy-pkg/,1001080527,100.00,,
   323.379604040,38.90,Joules,power/energy-pkg/,1001068818,100.00,,
   324.380718783,50.17,Joules,power/energy-pkg/,1001170284,100.00,,
   325.381930253,61.73,Joules,power/energy-pkg/,1001171699,100.00,,
   326.383207997,55.37,Joules,power/energy-pkg/,1001260088,100.00,,
   327.384298981,58.73,Joules,power/energy-pkg/,1001076119,100.00,,
   328.385094880,65.89,Joules,power/energy-pkg/,1000854478,100.00,,
   329.386247936,61.13,Joules,power/energy-pkg/,1003576911,100.00,,
   330.389875003,72.41,Joules,power/energy-pkg/,1001137734,100.00,,
   331.391001604,71.22,Joules,power/energy-pkg/,1001135509,100.00,,
   332.392168026,73.12,Joules,power/energy-pkg/,1001170972,100.00,,
   333.392738446,60.37,Joules,power/energy-pkg/,1000542090,100.00,,
   334.393194217,41.25,Joules,power/energy-pkg/,1000561396,100.00,,
   335.394267819,60.18,Joules,power/energy-pkg/,1001179810,100.00,,
   336.395627473,58.27,Joules,power/energy-pkg/,1001136562,100.00,,
   337.396739060,54.21,Joules,power/energy-pkg/,1001105673,100.00,,
   338.397819495,45.11,Joules,power/energy-pkg/,1001076811,100.00,,
   339.398906191,38.43,Joules,power/energy-pkg/,1001084607,100.00,,
   340.399983026,31.10,Joules,power/energy-pkg/,1001070247,100.00,,
   341.401107427,44.13,Joules,power/energy-pkg/,1001213433,100.00,,
   342.402611715,58.91,Joules,power/energy-pkg/,1001500173,100.00,,
   343.404252549,65.41,Joules,power/energy-pkg/,1001560555,100.00,,
   344.408757989,64.92,Joules,power/energy-pkg/,1004505260,100.00,,
   345.409957891,67.24,Joules,power/energy-pkg/,1001185993,100.00,,
   346.411121383,50.28,Joules,power/energy-pkg/,1001170706,100.00,,
   347.412289960,54.24,Joules,power/energy-pkg/,1001146303,100.00,,
   348.412752819,57.34,Joules,power/energy-pkg/,1000481411,100.00,,
   349.413966077,56.31,Joules,power/energy-pkg/,1001195788,100.00,,
   350.415048606,50.89,Joules,power/energy-pkg/,1001085069,100.00,,
   351.416154755,63.34,Joules,power/energy-pkg/,1001115278,100.00,,
   352.416771608,60.85,Joules,power/energy-pkg/,1000631557,100.00,,
   353.417246636,53.01,Joules,power/energy-pkg/,1000817571,100.00,,
   354.418838445,46.39,Joules,power/energy-pkg/,1001214998,100.00,,
   355.420039746,59.87,Joules,power/energy-pkg/,1001178431,100.00,,
   356.420759474,57.01,Joules,power/energy-pkg/,1000726897,100.00,,
   357.421867551,56.32,Joules,power/energy-pkg/,1001105878,100.00,,
   358.422306777,55.95,Joules,power/energy-pkg/,1000446579,100.00,,
   359.422979421,59.81,Joules,power/energy-pkg/,1000658543,100.00,,
   360.423553878,50.56,Joules,power/energy-pkg/,1000615809,100.00,,
   361.424684261,55.71,Joules,power/energy-pkg/,1001067074,100.00,,
   362.425161963,58.22,Joules,power/energy-pkg/,1000484296,100.00,,
   363.426258896,50.62,Joules,power/energy-pkg/,1001102694,100.00,,
   364.427346313,50.24,Joules,power/energy-pkg/,1001074848,100.00,,
   365.428460469,44.00,Joules,power/energy-pkg/,1001129396,100.00,,
   366.429667745,43.05,Joules,power/energy-pkg/,1001360899,100.00,,
   367.430947542,33.93,Joules,power/energy-pkg/,1001113876,100.00,,
   368.432158725,32.60,Joules,power/energy-pkg/,1001195657,100.00,,
   369.433224889,43.72,Joules,power/energy-pkg/,1001072661,100.00,,
   370.434332448,40.05,Joules,power/energy-pkg/,1001094651,100.00,,
   371.435473191,50.91,Joules,power/energy-pkg/,1001123821,100.00,,
   372.436580947,63.13,Joules,power/energy-pkg/,1001098269,100.00,,
   373.436756372,37.89,Joules,power/energy-pkg/,1000179758,100.00,,
   374.437827078,37.01,Joules,power/energy-pkg/,1001060505,100.00,,
   375.438932273,54.66,Joules,power/energy-pkg/,1001101321,100.00,,
   376.440023906,52.14,Joules,power/energy-pkg/,1001089458,100.00,,
   377.440742143,65.96,Joules,power/energy-pkg/,1000715449,100.00,,
   378.441856253,58.33,Joules,power/energy-pkg/,1001167899,100.00,,
   379.443113826,64.50,Joules,power/energy-pkg/,1001230309,100.00,,
   380.444296013,63.72,Joules,power/energy-pkg/,1001139140,100.00,,
   381.444748125,46.07,Joules,power/energy-pkg/,1000461698,100.00,,
   382.445857003,36.23,Joules,power/energy-pkg/,1001098892,100.00,,
   383.446937904,35.38,Joules,power/energy-pkg/,1001074020,100.00,,
   384.448035685,63.39,Joules,power/energy-pkg/,1001784646,100.00,,
   385.449742391,63.42,Joules,power/energy-pkg/,1001037772,100.00,,
   386.450861858,49.13,Joules,power/energy-pkg/,1001094576,100.00,,
   387.451944850,39.75,Joules,power/energy-pkg/,1001072098,100.00,,
   388.452759882,38.70,Joules,power/energy-pkg/,1000827829,100.00,,
   389.453327313,40.00,Joules,power/energy-pkg/,1000572182,100.00,,
   390.454483833,44.70,Joules,power/energy-pkg/,1003380789,100.00,,
   391.457819365,61.16,Joules,power/energy-pkg/,1003995710,100.00,,
   392.464780147,72.41,Joules,power/energy-pkg/,1004074478,100.00,,
   393.466055606,67.58,Joules,power/energy-pkg/,1003917107,100.00,,
   394.469882981,58.19,Joules,power/energy-pkg/,1001173118,100.00,,
   395.471002374,58.06,Joules,power/energy-pkg/,1001087129,100.00,,
   396.472100586,49.62,Joules,power/energy-pkg/,1001106880,100.00,,
   397.472769063,44.74,Joules,power/energy-pkg/,1000660992,100.00,,
   398.473867799,56.04,Joules,power/energy-pkg/,1001107534,100.00,,
   399.474996685,58.70,Joules,power/energy-pkg/,1001141846,100.00,,
   400.476210540,64.99,Joules,power/energy-pkg/,1001193470,100.00,,
   401.476753290,65.59,Joules,power/energy-pkg/,1000525070,100.00,,
   402.477902861,61.88,Joules,power/energy-pkg/,1001235345,100.00,,
   403.479312567,62.69,Joules,power/energy-pkg/,1001328793,100.00,,
   404.480414596,56.35,Joules,power/energy-pkg/,1001086627,100.00,,
   405.480738231,41.24,Joules,power/energy-pkg/,1000306329,100.00,,
   406.481822812,46.49,Joules,power/energy-pkg/,1001096394,100.00,,
   407.482399134,52.05,Joules,power/energy-pkg/,1000582992,100.00,,
   408.483507153,48.39,Joules,power/energy-pkg/,1001119307,100.00,,
   409.484661905,45.59,Joules,power/energy-pkg/,1001120776,100.00,,
   410.485758697,43.75,Joules,power/energy-pkg/,1001084598,100.00,,
   411.486844590,43.79,Joules,power/energy-pkg/,1001103798,100.00,,
   412.487957568,38.31,Joules,power/energy-pkg/,1001096407,100.00,,
   413.488735718,37.51,Joules,power/energy-pkg/,1000774114,100.00,,
   414.489834937,36.74,Joules,power/energy-pkg/,1001096647,100.00,,
   415.490923710,22.48,Joules,power/energy-pkg/,1001084015,100.00,,
   416.492001847,27.90,Joules,power/energy-pkg/,1001062772,100.00,,
   417.492746414,33.49,Joules,power/energy-pkg/,1000752243,100.00,,
   418.493488610,33.65,Joules,power/energy-pkg/,1000779772,100.00,,
   419.494613465,37.10,Joules,power/energy-pkg/,1001066210,100.00,,
   420.495678810,34.66,Joules,power/energy-pkg/,1001061100,100.00,,
   421.496747447,29.96,Joules,power/energy-pkg/,1001074286,100.00,,
   422.497821719,33.91,Joules,power/energy-pkg/,1001097034,100.00,,
   423.498933979,38.51,Joules,power/energy-pkg/,1001086408,100.00,,
   424.500010457,53.63,Joules,power/energy-pkg/,1001061981,100.00,,
   425.500734664,60.13,Joules,power/energy-pkg/,1000720479,100.00,,
   426.501825210,52.26,Joules,power/energy-pkg/,1001087082,100.00,,
   427.502922225,59.62,Joules,power/energy-pkg/,1001093272,100.00,,
   428.504023681,46.74,Joules,power/energy-pkg/,1001121601,100.00,,
   429.504739646,68.09,Joules,power/energy-pkg/,1000697027,100.00,,
   430.505843589,72.02,Joules,power/energy-pkg/,1001106295,100.00,,
   431.506976997,64.11,Joules,power/energy-pkg/,1001135964,100.00,,
   432.508129044,66.24,Joules,power/energy-pkg/,1001728719,100.00,,
   433.509838221,62.54,Joules,power/energy-pkg/,1001107838,100.00,,
   434.510919478,49.57,Joules,power/energy-pkg/,1001069152,100.00,,
   435.512004310,45.90,Joules,power/energy-pkg/,1001083465,100.00,,
   436.512738020,46.50,Joules,power/energy-pkg/,1000731070,100.00,,
   437.513843935,31.80,Joules,power/energy-pkg/,1001106900,100.00,,
   438.514939915,34.40,Joules,power/energy-pkg/,1001095185,100.00,,
   439.516022489,33.32,Joules,power/energy-pkg/,1001070477,100.00,,
   440.516733076,41.48,Joules,power/energy-pkg/,1000702206,100.00,,
   441.517810031,43.30,Joules,power/energy-pkg/,1001075184,100.00,,
   442.518904725,59.12,Joules,power/energy-pkg/,1001099700,100.00,,
   443.519993874,60.96,Joules,power/energy-pkg/,1001100408,100.00,,
   444.520752257,52.20,Joules,power/energy-pkg/,1000741625,100.00,,
   445.521844380,56.46,Joules,power/energy-pkg/,1001102352,100.00,,
   446.522126714,49.12,Joules,power/energy-pkg/,1002375401,100.00,,
   447.524750438,65.53,Joules,power/energy-pkg/,1000513626,100.00,,
   448.525925039,69.25,Joules,power/energy-pkg/,1001179099,100.00,,
   449.527033063,63.10,Joules,power/energy-pkg/,1001091331,100.00,,
   450.528125607,35.12,Joules,power/energy-pkg/,1001091733,100.00,,
   451.528734547,39.99,Joules,power/energy-pkg/,1000593514,100.00,,
   452.529825522,22.73,Joules,power/energy-pkg/,1001081312,100.00,,
   453.530896821,32.69,Joules,power/energy-pkg/,1001066743,100.00,,
   454.531961891,51.61,Joules,power/energy-pkg/,1001063478,100.00,,
   455.532737401,38.13,Joules,power/energy-pkg/,1000775043,100.00,,
   456.533838981,61.40,Joules,power/energy-pkg/,1001104827,100.00,,
   457.534014456,63.58,Joules,power/energy-pkg/,1000188768,100.00,,
   458.535126056,47.69,Joules,power/energy-pkg/,1001081041,100.00,,
   459.536196857,40.93,Joules,power/energy-pkg/,1001063010,100.00,,
   460.536762769,48.61,Joules,power/energy-pkg/,1000614135,100.00,,
   461.538012843,63.14,Joules,power/energy-pkg/,1001196120,100.00,,
   462.539092117,65.75,Joules,power/energy-pkg/,1001091895,100.00,,
   463.540220148,64.62,Joules,power/energy-pkg/,1001136401,100.00,,
   464.540737049,62.28,Joules,power/energy-pkg/,1000488870,100.00,,
   465.541852185,57.62,Joules,power/energy-pkg/,1001109912,100.00,,
   466.542621642,53.32,Joules,power/energy-pkg/,1000780557,100.00,,
   467.543692857,39.30,Joules,power/energy-pkg/,1001100290,100.00,,
   468.544747254,39.75,Joules,power/energy-pkg/,1001010203,100.00,,
   469.545848631,41.26,Joules,power/energy-pkg/,1001119025,100.00,,
   470.547154162,44.64,Joules,power/energy-pkg/,1001279789,100.00,,
   471.548278546,43.54,Joules,power/energy-pkg/,1001209773,100.00,,
   472.548753679,43.12,Joules,power/energy-pkg/,1000387185,100.00,,
   473.549876394,35.19,Joules,power/energy-pkg/,1001124023,100.00,,
   474.551123127,31.81,Joules,power/energy-pkg/,1001265304,100.00,,
   475.552346738,28.63,Joules,power/energy-pkg/,1001195966,100.00,,
   476.553181394,33.70,Joules,power/energy-pkg/,1000833307,100.00,,
   477.554283680,35.80,Joules,power/energy-pkg/,1001087329,100.00,,
   478.555375130,34.84,Joules,power/energy-pkg/,1001086506,100.00,,
   479.556459585,34.76,Joules,power/energy-pkg/,1001080424,100.00,,
   480.556740949,33.99,Joules,power/energy-pkg/,1000265988,100.00,,
   481.557837739,46.36,Joules,power/energy-pkg/,1001122117,100.00,,
   482.559019507,58.24,Joules,power/energy-pkg/,1001188171,100.00,,
   483.560657615,58.88,Joules,power/energy-pkg/,1002092962,100.00,,
   484.562305055,59.92,Joules,power/energy-pkg/,1001168666,100.00,,
   485.563509504,62.41,Joules,power/energy-pkg/,1001255231,100.00,,
   486.564755708,54.75,Joules,power/energy-pkg/,1001168499,100.00,,
   487.565886698,50.84,Joules,power/energy-pkg/,1001276022,100.00,,
   488.567452664,52.98,Joules,power/energy-pkg/,1001441698,100.00,,
   489.568773578,45.60,Joules,power/energy-pkg/,1001297592,100.00,,
   490.569916950,35.59,Joules,power/energy-pkg/,1001141433,100.00,,
   491.571046605,20.97,Joules,power/energy-pkg/,1001136543,100.00,,
   492.572200775,22.94,Joules,power/energy-pkg/,1001123704,100.00,,
   493.572746246,20.76,Joules,power/energy-pkg/,1000551451,100.00,,
   494.573934052,26.59,Joules,power/energy-pkg/,1001171083,100.00,,
   495.575015901,23.08,Joules,power/energy-pkg/,1001088274,100.00,,
   496.575829976,23.48,Joules,power/energy-pkg/,1001063814,100.00,,
   497.576738472,23.01,Joules,power/energy-pkg/,1000643933,100.00,,
   498.577854400,23.15,Joules,power/energy-pkg/,1001122775,100.00,,
   499.578951118,19.38,Joules,power/energy-pkg/,1001088404,100.00,,
   500.580074166,23.40,Joules,power/energy-pkg/,1001122397,100.00,,
   501.580754730,20.43,Joules,power/energy-pkg/,1000675181,100.00,,
   502.581846352,20.78,Joules,power/energy-pkg/,1001088947,100.00,,
   503.582943454,17.88,Joules,power/energy-pkg/,1001079987,100.00,,
   504.584028479,18.72,Joules,power/energy-pkg/,1001095353,100.00,,
   505.584747499,20.83,Joules,power/energy-pkg/,1000715427,100.00,,
   506.585838593,22.44,Joules,power/energy-pkg/,1001084116,100.00,,
   507.586942875,22.30,Joules,power/energy-pkg/,1001097672,100.00,,
   508.588020481,23.47,Joules,power/energy-pkg/,1001077430,100.00,,
   509.588734524,20.78,Joules,power/energy-pkg/,1000697224,100.00,,
   510.589825162,21.88,Joules,power/energy-pkg/,1001097252,100.00,,
   511.590901312,21.26,Joules,power/energy-pkg/,1001061009,100.00,,
   512.591979314,21.11,Joules,power/energy-pkg/,1001087664,100.00,,
   513.592755190,21.55,Joules,power/energy-pkg/,1000763677,100.00,,
   514.593829684,20.97,Joules,power/energy-pkg/,1001066141,100.00,,
   515.594927388,23.02,Joules,power/energy-pkg/,1001101154,100.00,,
   516.596035524,22.52,Joules,power/energy-pkg/,1001109036,100.00,,
   517.596748154,20.18,Joules,power/energy-pkg/,1000707403,100.00,,
   518.597875381,18.62,Joules,power/energy-pkg/,1001124040,100.00,,
   519.598948901,20.87,Joules,power/energy-pkg/,1001056215,100.00,,
