# started on Mon Mar 27 18:34:28 2023

     1.001007184,21.16,Joules,power/energy-pkg/,1001010883,100.00,,
     2.001199666,19.03,Joules,power/energy-pkg/,1000196239,100.00,,
     3.002282725,21.23,Joules,power/energy-pkg/,1001058862,100.00,,
     4.003354810,20.33,Joules,power/energy-pkg/,1001074838,100.00,,
     5.004432298,20.62,Joules,power/energy-pkg/,1001056829,100.00,,
     6.005190524,21.45,Joules,power/energy-pkg/,1000762499,100.00,,
     7.006280876,19.68,Joules,power/energy-pkg/,1001080232,100.00,,
     8.007358767,19.81,Joules,power/energy-pkg/,1001056435,100.00,,
     9.008452839,19.77,Joules,power/energy-pkg/,1001101767,100.00,,
    10.009197484,19.90,Joules,power/energy-pkg/,1000728566,100.00,,
    11.010305484,17.08,Joules,power/energy-pkg/,1001105228,100.00,,
    12.011412744,18.74,Joules,power/energy-pkg/,1001090982,100.00,,
    13.012486693,21.58,Joules,power/energy-pkg/,1001051906,100.00,,
    14.013193418,18.76,Joules,power/energy-pkg/,1000709331,100.00,,
    15.014280365,19.41,Joules,power/energy-pkg/,1001083031,100.00,,
    16.015381601,20.75,Joules,power/energy-pkg/,1001086915,100.00,,
    17.016484732,17.25,Joules,power/energy-pkg/,1001092880,100.00,,
    18.017196178,19.32,Joules,power/energy-pkg/,1000705979,100.00,,
    19.018295943,18.66,Joules,power/energy-pkg/,1001085783,100.00,,
    20.019386528,19.04,Joules,power/energy-pkg/,1001070715,100.00,,
    21.020473125,19.93,Joules,power/energy-pkg/,1001093146,100.00,,
    22.021203943,17.26,Joules,power/energy-pkg/,1000710432,100.00,,
    23.022276779,17.30,Joules,power/energy-pkg/,1001057775,100.00,,
    24.023366503,17.65,Joules,power/energy-pkg/,1001091101,100.00,,
    25.024453479,16.31,Joules,power/energy-pkg/,1001064530,100.00,,
    26.025183180,22.06,Joules,power/energy-pkg/,1000721364,100.00,,
    27.025802783,17.58,Joules,power/energy-pkg/,1000631753,100.00,,
    28.026901967,19.55,Joules,power/energy-pkg/,1001067581,100.00,,
    29.027968471,20.58,Joules,power/energy-pkg/,1001072109,100.00,,
    30.029078662,22.68,Joules,power/energy-pkg/,1001099400,100.00,,
    31.029188388,20.80,Joules,power/energy-pkg/,1000087688,100.00,,
    32.030276497,22.94,Joules,power/energy-pkg/,1001083687,100.00,,
    33.031361071,19.51,Joules,power/energy-pkg/,1001084472,100.00,,
    34.032465289,21.40,Joules,power/energy-pkg/,1001092585,100.00,,
    35.033197484,20.31,Joules,power/energy-pkg/,1000721497,100.00,,
    36.034279814,21.09,Joules,power/energy-pkg/,1001061002,100.00,,
    37.035363617,22.56,Joules,power/energy-pkg/,1001085053,100.00,,
    38.036448411,21.72,Joules,power/energy-pkg/,1001078886,100.00,,
    39.037198446,20.52,Joules,power/energy-pkg/,1000736833,100.00,,
    40.038306157,21.07,Joules,power/energy-pkg/,1001101183,100.00,,
    41.039401577,19.45,Joules,power/energy-pkg/,1001083586,100.00,,
    42.040476314,17.53,Joules,power/energy-pkg/,1001053407,100.00,,
    43.041184989,21.06,Joules,power/energy-pkg/,1000701725,100.00,,
    44.042291785,17.35,Joules,power/energy-pkg/,1001105783,100.00,,
    45.043419533,19.21,Joules,power/energy-pkg/,1001106904,100.00,,
    46.044488340,17.25,Joules,power/energy-pkg/,1001061751,100.00,,
    47.045199211,21.72,Joules,power/energy-pkg/,1000709937,100.00,,
    48.046289349,19.15,Joules,power/energy-pkg/,1001083732,100.00,,
    49.047365380,19.93,Joules,power/energy-pkg/,1001053462,100.00,,
    50.048436754,21.50,Joules,power/energy-pkg/,1001073400,100.00,,
    51.049186490,20.43,Joules,power/energy-pkg/,1000730385,100.00,,
    52.050268834,22.55,Joules,power/energy-pkg/,1001070566,100.00,,
    53.051340920,20.73,Joules,power/energy-pkg/,1001076036,100.00,,
    54.052428001,19.75,Joules,power/energy-pkg/,1001078296,100.00,,
    55.053198534,19.87,Joules,power/energy-pkg/,1000760088,100.00,,
    56.054310874,19.47,Joules,power/energy-pkg/,1001091141,100.00,,
    57.055392125,18.54,Joules,power/energy-pkg/,1001084573,100.00,,
    58.056476727,19.20,Joules,power/energy-pkg/,1001062475,100.00,,
    59.057181560,22.17,Joules,power/energy-pkg/,1000693821,100.00,,
    60.058254704,22.31,Joules,power/energy-pkg/,1001078334,100.00,,
    61.059350834,22.70,Joules,power/energy-pkg/,1001083781,100.00,,
    62.060441234,20.20,Joules,power/energy-pkg/,1001082610,100.00,,
    63.061201389,19.55,Joules,power/energy-pkg/,1000747390,100.00,,
    64.062282875,21.88,Joules,power/energy-pkg/,1001074806,100.00,,
    65.063364161,19.24,Joules,power/energy-pkg/,1001060038,100.00,,
    66.064443596,19.55,Joules,power/energy-pkg/,1001083514,100.00,,
    67.065191430,18.32,Joules,power/energy-pkg/,1000736617,100.00,,
    68.066300033,24.12,Joules,power/energy-pkg/,1001099386,100.00,,
    69.067392038,38.96,Joules,power/energy-pkg/,1001090754,100.00,,
    70.068506261,36.94,Joules,power/energy-pkg/,1001097937,100.00,,
    71.069202955,49.07,Joules,power/energy-pkg/,1000688040,100.00,,
    72.069797428,41.91,Joules,power/energy-pkg/,1000590087,100.00,,
    73.070905882,38.22,Joules,power/energy-pkg/,1001115067,100.00,,
    74.072057771,45.56,Joules,power/energy-pkg/,1001124231,100.00,,
    75.072710074,48.53,Joules,power/energy-pkg/,1000742010,100.00,,
    76.073501975,42.45,Joules,power/energy-pkg/,1000670998,100.00,,
    77.074608635,48.88,Joules,power/energy-pkg/,1001095214,100.00,,
    78.075786246,43.85,Joules,power/energy-pkg/,1001199766,100.00,,
    79.076965120,37.74,Joules,power/energy-pkg/,1001162245,100.00,,
    80.077198969,40.91,Joules,power/energy-pkg/,1000200308,100.00,,
    81.078287028,47.31,Joules,power/energy-pkg/,1001094722,100.00,,
    82.079306322,47.67,Joules,power/energy-pkg/,1001009572,100.00,,
    83.080414429,46.98,Joules,power/energy-pkg/,1001089132,100.00,,
    84.081196033,58.71,Joules,power/energy-pkg/,1000777952,100.00,,
    85.082335194,49.26,Joules,power/energy-pkg/,1001145377,100.00,,
    86.083504930,48.27,Joules,power/energy-pkg/,1001146323,100.00,,
    87.084673749,50.66,Joules,power/energy-pkg/,1001177537,100.00,,
    88.085185191,41.32,Joules,power/energy-pkg/,1000466063,100.00,,
    89.086259205,47.79,Joules,power/energy-pkg/,1001080165,100.00,,
    90.087354048,48.85,Joules,power/energy-pkg/,1001104951,100.00,,
    91.088476400,47.38,Joules,power/energy-pkg/,1001078588,100.00,,
    92.089202217,45.17,Joules,power/energy-pkg/,1000721068,100.00,,
    93.089949238,45.20,Joules,power/energy-pkg/,1000732623,100.00,,
    94.090836940,48.55,Joules,power/energy-pkg/,1000909938,100.00,,
    95.091972202,46.67,Joules,power/energy-pkg/,1001132926,100.00,,
    96.094285745,51.46,Joules,power/energy-pkg/,1013176542,100.00,,
    97.106387869,32.94,Joules,power/energy-pkg/,1001193172,100.00,,
    98.106706611,36.21,Joules,power/energy-pkg/,1000307357,100.00,,
    99.112387134,32.07,Joules,power/energy-pkg/,1005665535,100.00,,
   100.113191916,33.34,Joules,power/energy-pkg/,1000807401,100.00,,
   101.113656945,29.01,Joules,power/energy-pkg/,1000458745,100.00,,
   102.114756465,20.17,Joules,power/energy-pkg/,1001068906,100.00,,
   103.115835173,27.65,Joules,power/energy-pkg/,1001080532,100.00,,
   104.116924849,27.72,Joules,power/energy-pkg/,1001082057,100.00,,
   105.117197041,31.63,Joules,power/energy-pkg/,1000263465,100.00,,
   106.118276097,28.78,Joules,power/energy-pkg/,1001056801,100.00,,
   107.119141960,31.62,Joules,power/energy-pkg/,1000864318,100.00,,
   108.120217677,30.02,Joules,power/energy-pkg/,1001057038,100.00,,
   109.121229594,27.91,Joules,power/energy-pkg/,1001004079,100.00,,
   110.122301203,36.01,Joules,power/energy-pkg/,1001076022,100.00,,
   111.123388980,29.65,Joules,power/energy-pkg/,1001062637,100.00,,
   112.124475947,27.82,Joules,power/energy-pkg/,1001078945,100.00,,
   113.125183917,25.86,Joules,power/energy-pkg/,1000698314,100.00,,
   114.126246879,27.07,Joules,power/energy-pkg/,1001054497,100.00,,
   115.127325129,28.14,Joules,power/energy-pkg/,1001070217,100.00,,
   116.128408533,32.13,Joules,power/energy-pkg/,1001072160,100.00,,
   117.129185891,30.53,Joules,power/energy-pkg/,1000768021,100.00,,
   118.130271460,22.49,Joules,power/energy-pkg/,1001096818,100.00,,
   119.166602675,30.04,Joules,power/energy-pkg/,1036312828,100.00,,
   120.167689854,28.54,Joules,power/energy-pkg/,1001076053,100.00,,
   121.168776364,31.59,Joules,power/energy-pkg/,1001068933,100.00,,
   122.169204160,27.15,Joules,power/energy-pkg/,1000434026,100.00,,
   123.170290573,27.02,Joules,power/energy-pkg/,1001057621,100.00,,
   124.171367993,28.72,Joules,power/energy-pkg/,1001077453,100.00,,
   125.172456421,27.21,Joules,power/energy-pkg/,1001070309,100.00,,
   126.173183946,36.26,Joules,power/energy-pkg/,1000716996,100.00,,
   127.174255928,25.29,Joules,power/energy-pkg/,1001077644,100.00,,
   128.175352140,23.42,Joules,power/energy-pkg/,1001099858,100.00,,
   129.176452028,19.85,Joules,power/energy-pkg/,1001075465,100.00,,
   130.177209316,33.82,Joules,power/energy-pkg/,1000738450,100.00,,
   131.178290852,29.35,Joules,power/energy-pkg/,1001076624,100.00,,
   132.179367217,27.46,Joules,power/energy-pkg/,1001072895,100.00,,
   133.179666765,25.96,Joules,power/energy-pkg/,1000300862,100.00,,
   134.180768541,27.48,Joules,power/energy-pkg/,1001083310,100.00,,
   135.181212717,29.47,Joules,power/energy-pkg/,1000433410,100.00,,
   136.182300755,31.83,Joules,power/energy-pkg/,1001077680,100.00,,
   137.183393341,30.94,Joules,power/energy-pkg/,1001082783,100.00,,
   138.184488204,35.33,Joules,power/energy-pkg/,1001087019,100.00,,
   139.185209220,28.69,Joules,power/energy-pkg/,1000703246,100.00,,
   140.186280141,27.97,Joules,power/energy-pkg/,1001070570,100.00,,
   141.187373959,31.11,Joules,power/energy-pkg/,1001084396,100.00,,
   142.188470661,29.99,Joules,power/energy-pkg/,1001082106,100.00,,
   143.189202706,31.28,Joules,power/energy-pkg/,1000723515,100.00,,
   144.189411544,27.64,Joules,power/energy-pkg/,1000198958,100.00,,
   145.189953193,32.99,Joules,power/energy-pkg/,1000553592,100.00,,
   146.190761746,28.59,Joules,power/energy-pkg/,1000790959,100.00,,
   147.191859429,31.01,Joules,power/energy-pkg/,1001077980,100.00,,
   148.192941065,27.68,Joules,power/energy-pkg/,1001073562,100.00,,
   149.193187944,28.54,Joules,power/energy-pkg/,1004220084,100.00,,
   150.198263444,29.90,Joules,power/energy-pkg/,1001070539,100.00,,
   151.199133653,28.03,Joules,power/energy-pkg/,1000887716,100.00,,
   152.200232988,33.37,Joules,power/energy-pkg/,1001076333,100.00,,
   153.201204062,30.35,Joules,power/energy-pkg/,1000953815,100.00,,
   154.202293545,30.09,Joules,power/energy-pkg/,1001105166,100.00,,
   155.203386017,30.95,Joules,power/energy-pkg/,1001052654,100.00,,
   156.204469221,33.85,Joules,power/energy-pkg/,1001099271,100.00,,
   157.205197438,33.40,Joules,power/energy-pkg/,1000703178,100.00,,
   158.206266818,28.05,Joules,power/energy-pkg/,1001051174,100.00,,
   159.207344618,28.33,Joules,power/energy-pkg/,1001080300,100.00,,
   160.208421870,28.96,Joules,power/energy-pkg/,1001089118,100.00,,
   161.209185068,33.44,Joules,power/energy-pkg/,1000726832,100.00,,
   162.210269152,37.61,Joules,power/energy-pkg/,1001082324,100.00,,
   163.211359957,23.81,Joules,power/energy-pkg/,1001075929,100.00,,
   164.212495658,26.55,Joules,power/energy-pkg/,1001127280,100.00,,
   165.213187033,30.56,Joules,power/energy-pkg/,1000674291,100.00,,
   166.214277654,31.81,Joules,power/energy-pkg/,1001078189,100.00,,
   167.215353743,29.38,Joules,power/energy-pkg/,1001092075,100.00,,
   168.216471495,18.60,Joules,power/energy-pkg/,1001100119,100.00,,
   169.477203133,30.70,Joules,power/energy-pkg/,1260717836,100.00,,
   170.478299328,27.72,Joules,power/energy-pkg/,1001097788,100.00,,
   171.479415772,30.41,Joules,power/energy-pkg/,1001098246,100.00,,
   172.506967657,41.71,Joules,power/energy-pkg/,1027555492,100.00,,
   173.508091878,32.85,Joules,power/energy-pkg/,1001097005,100.00,,
   174.508648210,31.19,Joules,power/energy-pkg/,1000544491,100.00,,
   175.509210505,29.98,Joules,power/energy-pkg/,1000547356,100.00,,
   176.510281489,27.54,Joules,power/energy-pkg/,1001060019,100.00,,
   177.511368026,29.87,Joules,power/energy-pkg/,1001085702,100.00,,
   178.512447493,28.12,Joules,power/energy-pkg/,1001058590,100.00,,
   179.513186769,30.76,Joules,power/energy-pkg/,1000730617,100.00,,
   180.514265680,29.99,Joules,power/energy-pkg/,1001093538,100.00,,
   181.515360871,24.78,Joules,power/energy-pkg/,1001074479,100.00,,
   182.516458356,27.58,Joules,power/energy-pkg/,1001087473,100.00,,
   183.517182210,29.49,Joules,power/energy-pkg/,1000701225,100.00,,
   184.518255229,29.38,Joules,power/energy-pkg/,1001078220,100.00,,
   185.519335583,29.43,Joules,power/energy-pkg/,1001057311,100.00,,
   186.520413439,32.53,Joules,power/energy-pkg/,1001068423,100.00,,
   187.521200977,38.37,Joules,power/energy-pkg/,1000786752,100.00,,
   188.522278843,35.36,Joules,power/energy-pkg/,1001058746,100.00,,
   189.577245232,27.68,Joules,power/energy-pkg/,1054966240,100.00,,
   190.578316555,18.15,Joules,power/energy-pkg/,1001052768,100.00,,
   191.579383323,27.56,Joules,power/energy-pkg/,1001056962,100.00,,
   192.580449908,21.59,Joules,power/energy-pkg/,1001057326,100.00,,
   193.581187908,26.92,Joules,power/energy-pkg/,1000732563,100.00,,
   194.582288101,31.86,Joules,power/energy-pkg/,1001103661,100.00,,
   195.583397959,35.76,Joules,power/energy-pkg/,1001092077,100.00,,
   196.584476541,31.67,Joules,power/energy-pkg/,1001073583,100.00,,
   197.585200702,30.79,Joules,power/energy-pkg/,1000715129,100.00,,
   198.586290303,24.44,Joules,power/energy-pkg/,1001069278,100.00,,
   199.587376882,27.71,Joules,power/energy-pkg/,1001090621,100.00,,
   200.587946722,29.39,Joules,power/energy-pkg/,1000562968,100.00,,
   201.589033983,27.61,Joules,power/energy-pkg/,1001061182,100.00,,
   202.589333921,29.77,Joules,power/energy-pkg/,1000299806,100.00,,
   203.590443228,36.08,Joules,power/energy-pkg/,1001129681,100.00,,
   204.591577715,34.13,Joules,power/energy-pkg/,1001084946,100.00,,
   205.591985472,33.33,Joules,power/energy-pkg/,1000426726,100.00,,
   206.593086401,35.45,Joules,power/energy-pkg/,1001077828,100.00,,
   207.593184865,30.48,Joules,power/energy-pkg/,1000074530,100.00,,
   208.594253335,28.46,Joules,power/energy-pkg/,1001061770,100.00,,
   209.594429177,29.00,Joules,power/energy-pkg/,1000210857,100.00,,
   210.595543775,27.57,Joules,power/energy-pkg/,1001062407,100.00,,
   211.596645768,33.11,Joules,power/energy-pkg/,1001097219,100.00,,
   212.597200649,33.38,Joules,power/energy-pkg/,1000549202,100.00,,
   213.598289567,34.03,Joules,power/energy-pkg/,1001083383,100.00,,
   214.599388507,28.72,Joules,power/energy-pkg/,1001074811,100.00,,
   215.600459154,30.04,Joules,power/energy-pkg/,1001069505,100.00,,
   216.601180193,26.51,Joules,power/energy-pkg/,1000702174,100.00,,
   217.602244354,30.01,Joules,power/energy-pkg/,1001067298,100.00,,
   218.603005721,22.52,Joules,power/energy-pkg/,1000760068,100.00,,
   219.604113599,36.01,Joules,power/energy-pkg/,1001081208,100.00,,
   220.605218832,30.32,Joules,power/energy-pkg/,1001098880,100.00,,
   221.606328924,29.97,Joules,power/energy-pkg/,1001103860,100.00,,
   222.607410787,28.08,Joules,power/energy-pkg/,1001090834,100.00,,
   223.608500862,29.20,Joules,power/energy-pkg/,1001052721,100.00,,
   224.609206717,30.50,Joules,power/energy-pkg/,1000702160,100.00,,
   225.610294278,31.39,Joules,power/energy-pkg/,1001085550,100.00,,
   226.610798662,30.36,Joules,power/energy-pkg/,1000511058,100.00,,
   227.611891064,26.81,Joules,power/energy-pkg/,1001054507,100.00,,
   228.612347597,31.10,Joules,power/energy-pkg/,1000480212,100.00,,
   229.613180616,33.85,Joules,power/energy-pkg/,1000793849,100.00,,
   230.614296038,21.75,Joules,power/energy-pkg/,1001115952,100.00,,
   231.615376759,21.29,Joules,power/energy-pkg/,1001058157,100.00,,
   232.616458665,18.53,Joules,power/energy-pkg/,1001089086,100.00,,
   233.617191428,31.59,Joules,power/energy-pkg/,1000713113,100.00,,
   234.618302038,31.01,Joules,power/energy-pkg/,1001110236,100.00,,
   235.619392751,32.95,Joules,power/energy-pkg/,1001071762,100.00,,
   236.620004065,31.99,Joules,power/energy-pkg/,1000620613,100.00,,
   237.621094681,29.67,Joules,power/energy-pkg/,1001057735,100.00,,
   238.621180476,29.20,Joules,power/energy-pkg/,1000077965,100.00,,
   239.622259083,32.22,Joules,power/energy-pkg/,1001067823,100.00,,
   240.623335243,28.04,Joules,power/energy-pkg/,1001069451,100.00,,
   241.624439585,29.46,Joules,power/energy-pkg/,1001105239,100.00,,
   242.625203628,30.90,Joules,power/energy-pkg/,1000758703,100.00,,
   243.626287327,31.93,Joules,power/energy-pkg/,1001069508,100.00,,
   244.627373344,29.55,Joules,power/energy-pkg/,1001065946,100.00,,
   245.628457667,33.18,Joules,power/energy-pkg/,1001086648,100.00,,
   246.629183498,33.08,Joules,power/energy-pkg/,1000714303,100.00,,
   247.630259601,28.78,Joules,power/energy-pkg/,1001055513,100.00,,
   248.631340167,30.39,Joules,power/energy-pkg/,1001083477,100.00,,
   249.632426612,27.18,Joules,power/energy-pkg/,1001077568,100.00,,
   250.633188784,33.63,Joules,power/energy-pkg/,1000740006,100.00,,
   251.634247471,27.86,Joules,power/energy-pkg/,1001052556,100.00,,
   252.635335811,33.02,Joules,power/energy-pkg/,1001085942,100.00,,
   253.636415826,28.12,Joules,power/energy-pkg/,1001072644,100.00,,
   254.637202634,29.74,Joules,power/energy-pkg/,1000772352,100.00,,
   255.637629828,36.31,Joules,power/energy-pkg/,1000453537,100.00,,
   256.638389543,33.26,Joules,power/energy-pkg/,1000749388,100.00,,
   257.639506499,33.81,Joules,power/energy-pkg/,1001081529,100.00,,
   258.640607893,20.33,Joules,power/energy-pkg/,1001092152,100.00,,
   259.641200128,28.08,Joules,power/energy-pkg/,1000582352,100.00,,
   260.642281226,28.67,Joules,power/energy-pkg/,1001056377,100.00,,
   261.642632356,38.23,Joules,power/energy-pkg/,1000371848,100.00,,
   262.643733545,27.62,Joules,power/energy-pkg/,1001087052,100.00,,
   263.644831714,30.49,Joules,power/energy-pkg/,1001078579,100.00,,
   264.645184444,27.77,Joules,power/energy-pkg/,1000329742,100.00,,
   265.646260429,33.03,Joules,power/energy-pkg/,1001090869,100.00,,
   266.647357031,35.15,Joules,power/energy-pkg/,1001074712,100.00,,
   267.648443424,32.23,Joules,power/energy-pkg/,1001089754,100.00,,
   268.649201203,28.30,Joules,power/energy-pkg/,1000741163,100.00,,
   269.650302953,28.14,Joules,power/energy-pkg/,1001085771,100.00,,
   270.651373155,27.18,Joules,power/energy-pkg/,1001051008,100.00,,
   271.652452704,33.14,Joules,power/energy-pkg/,1001083427,100.00,,
   272.653180569,36.90,Joules,power/energy-pkg/,1000703882,100.00,,
   273.654251867,29.01,Joules,power/energy-pkg/,1001076305,100.00,,
   274.655340618,27.78,Joules,power/energy-pkg/,1001079086,100.00,,
   275.656427550,27.56,Joules,power/energy-pkg/,1001079432,100.00,,
   276.657185292,29.65,Joules,power/energy-pkg/,1000736009,100.00,,
   277.658273874,38.46,Joules,power/energy-pkg/,1001078921,100.00,,
   278.659354996,29.08,Joules,power/energy-pkg/,1001070223,100.00,,
   279.659831326,32.20,Joules,power/energy-pkg/,1000487263,100.00,,
   280.660923611,27.94,Joules,power/energy-pkg/,1001086532,100.00,,
   281.661202312,36.32,Joules,power/energy-pkg/,1000258524,100.00,,
   282.661358451,29.11,Joules,power/energy-pkg/,1000150731,100.00,,
   283.662455186,34.74,Joules,power/energy-pkg/,1001069758,100.00,,
   284.663518309,26.71,Joules,power/energy-pkg/,1001054683,100.00,,
   285.664087084,27.16,Joules,power/energy-pkg/,1000580742,100.00,,
   286.665196063,27.04,Joules,power/energy-pkg/,1001082149,100.00,,
   287.666275742,32.10,Joules,power/energy-pkg/,1001079875,100.00,,
   288.667361717,39.00,Joules,power/energy-pkg/,1001063006,100.00,,
   289.668435665,28.61,Joules,power/energy-pkg/,1001078278,100.00,,
   290.669199941,27.13,Joules,power/energy-pkg/,1000754480,100.00,,
   291.670294252,28.13,Joules,power/energy-pkg/,1001096133,100.00,,
   292.671387524,27.39,Joules,power/energy-pkg/,1001075297,100.00,,
   293.672543795,36.92,Joules,power/energy-pkg/,1001221211,100.00,,
   294.673204849,36.16,Joules,power/energy-pkg/,1000569323,100.00,,
   295.674295627,27.44,Joules,power/energy-pkg/,1001088415,100.00,,
   296.675388181,27.31,Joules,power/energy-pkg/,1001083552,100.00,,
   297.676469656,28.93,Joules,power/energy-pkg/,1001060075,100.00,,
   298.677211120,24.84,Joules,power/energy-pkg/,1000730950,100.00,,
   299.678282521,30.09,Joules,power/energy-pkg/,1001074874,100.00,,
   300.679373142,34.31,Joules,power/energy-pkg/,1001094005,100.00,,
   301.680480024,37.64,Joules,power/energy-pkg/,1001082694,100.00,,
   302.681212421,32.26,Joules,power/energy-pkg/,1000719848,100.00,,
   303.682325760,35.44,Joules,power/energy-pkg/,1001118075,100.00,,
   304.791535655,42.89,Joules,power/energy-pkg/,1109239103,100.00,,
   305.792827463,29.81,Joules,power/energy-pkg/,1001228300,100.00,,
   306.793298581,27.21,Joules,power/energy-pkg/,1000462593,100.00,,
   307.793558493,27.05,Joules,power/energy-pkg/,1000261926,100.00,,
   308.794652649,18.72,Joules,power/energy-pkg/,1001080201,100.00,,
   310.043621898,34.44,Joules,power/energy-pkg/,1248962193,100.00,,
   311.044717014,28.69,Joules,power/energy-pkg/,1001065213,100.00,,
   312.045200248,29.01,Joules,power/energy-pkg/,1000485234,100.00,,
   313.046312685,27.85,Joules,power/energy-pkg/,1001106301,100.00,,
   314.047294467,28.57,Joules,power/energy-pkg/,1000977908,100.00,,
   315.048403731,31.85,Joules,power/energy-pkg/,1001092657,100.00,,
   316.049187192,41.02,Joules,power/energy-pkg/,1000763617,100.00,,
   317.049413499,32.58,Joules,power/energy-pkg/,1000234493,100.00,,
   318.050512169,30.08,Joules,power/energy-pkg/,1003749402,100.00,,
   319.054280077,31.25,Joules,power/energy-pkg/,1001090001,100.00,,
   320.055356258,28.13,Joules,power/energy-pkg/,1001089903,100.00,,
   321.056486284,33.22,Joules,power/energy-pkg/,1001089702,100.00,,
   322.057186193,32.40,Joules,power/energy-pkg/,1000688918,100.00,,
   323.058271840,27.11,Joules,power/energy-pkg/,1001090806,100.00,,
   324.059361183,27.94,Joules,power/energy-pkg/,1001078331,100.00,,
   325.060445828,29.59,Joules,power/energy-pkg/,1001077415,100.00,,
   326.061201441,31.24,Joules,power/energy-pkg/,1000742176,100.00,,
   327.062290595,41.39,Joules,power/energy-pkg/,1001083661,100.00,,
   328.063385027,28.30,Joules,power/energy-pkg/,1001082309,100.00,,
   329.064457491,28.93,Joules,power/energy-pkg/,1001052500,100.00,,
   330.065356269,35.26,Joules,power/energy-pkg/,1000889376,100.00,,
   331.066426810,32.15,Joules,power/energy-pkg/,1001061161,100.00,,
   332.067514740,37.91,Joules,power/energy-pkg/,1001169916,100.00,,
   333.068776066,28.63,Joules,power/energy-pkg/,1001180969,100.00,,
   334.069187162,28.12,Joules,power/energy-pkg/,1000393991,100.00,,
   335.070283409,27.38,Joules,power/energy-pkg/,1001088333,100.00,,
   336.071370040,24.13,Joules,power/energy-pkg/,1001075239,100.00,,
   337.072458014,30.03,Joules,power/energy-pkg/,1001118468,100.00,,
   338.204312086,43.15,Joules,power/energy-pkg/,1131806311,100.00,,
   339.205186578,32.76,Joules,power/energy-pkg/,1000859993,100.00,,
   340.205445034,34.88,Joules,power/energy-pkg/,1000251565,100.00,,
   341.206541989,30.14,Joules,power/energy-pkg/,1001094685,100.00,,
   342.207656924,33.35,Joules,power/energy-pkg/,1001124700,100.00,,
   343.208780792,32.23,Joules,power/energy-pkg/,1001077588,100.00,,
   344.209203996,17.49,Joules,power/energy-pkg/,1000423490,100.00,,
   345.210284581,29.02,Joules,power/energy-pkg/,1001061495,100.00,,
   346.211031700,27.61,Joules,power/energy-pkg/,1000762149,100.00,,
   347.212125970,31.49,Joules,power/energy-pkg/,1001059671,100.00,,
   348.213237116,29.11,Joules,power/energy-pkg/,1001125934,100.00,,
   349.214435527,31.92,Joules,power/energy-pkg/,1001186091,100.00,,
   350.215553633,33.96,Joules,power/energy-pkg/,1001102289,100.00,,
   351.411366290,20.84,Joules,power/energy-pkg/,1195847598,100.00,,
   352.414223630,31.76,Joules,power/energy-pkg/,1002809370,100.00,,
   353.415309457,27.68,Joules,power/energy-pkg/,1001058547,100.00,,
   354.416399797,38.10,Joules,power/energy-pkg/,1001081182,100.00,,
   355.417188308,29.55,Joules,power/energy-pkg/,1000785753,100.00,,
   356.418351565,29.19,Joules,power/energy-pkg/,1001156860,100.00,,
   357.418834300,28.75,Joules,power/energy-pkg/,1000497799,100.00,,
   358.419943129,30.66,Joules,power/energy-pkg/,1001061755,100.00,,
   359.421018069,35.78,Joules,power/energy-pkg/,1001079344,100.00,,
   360.421934628,27.49,Joules,power/energy-pkg/,1000897568,100.00,,
   361.422103225,30.07,Joules,power/energy-pkg/,1000185152,100.00,,
   362.423204582,26.87,Joules,power/energy-pkg/,1001075406,100.00,,
   363.424296785,32.62,Joules,power/energy-pkg/,1001092024,100.00,,
   364.659336924,35.96,Joules,power/energy-pkg/,1235008494,100.00,,
   365.660432118,27.44,Joules,power/energy-pkg/,1001086742,100.00,,
   366.661199622,33.12,Joules,power/energy-pkg/,1000766762,100.00,,
   367.662279554,31.97,Joules,power/energy-pkg/,1001073578,100.00,,
   368.663107303,29.32,Joules,power/energy-pkg/,1010892298,100.00,,
   369.674286833,19.90,Joules,power/energy-pkg/,1001084188,100.00,,
   370.675364765,36.88,Joules,power/energy-pkg/,1001066988,100.00,,
   371.676435220,27.17,Joules,power/energy-pkg/,1001073649,100.00,,
   372.677200368,27.96,Joules,power/energy-pkg/,1000744679,100.00,,
   373.678280185,33.46,Joules,power/energy-pkg/,1001078376,100.00,,
   374.679348692,27.52,Joules,power/energy-pkg/,1001050604,100.00,,
   375.680427416,35.44,Joules,power/energy-pkg/,1001081647,100.00,,
   376.681193106,27.65,Joules,power/energy-pkg/,1000758879,100.00,,
   377.682282028,18.40,Joules,power/energy-pkg/,1001082082,100.00,,
   378.683486925,27.59,Joules,power/energy-pkg/,1001191774,100.00,,
   379.684565694,30.70,Joules,power/energy-pkg/,1001057140,100.00,,
   380.685186653,30.90,Joules,power/energy-pkg/,1000619064,100.00,,
   381.685643206,33.54,Joules,power/energy-pkg/,1000456148,100.00,,
   382.686729580,33.99,Joules,power/energy-pkg/,1001088791,100.00,,
   383.687818027,24.36,Joules,power/energy-pkg/,1001050039,100.00,,
   384.688890867,28.52,Joules,power/energy-pkg/,1001076773,100.00,,
   385.689184689,27.63,Joules,power/energy-pkg/,1000272030,100.00,,
   386.689961405,36.37,Joules,power/energy-pkg/,1000795534,100.00,,
   387.691064068,27.25,Joules,power/energy-pkg/,1001064578,100.00,,
   388.692094619,20.50,Joules,power/energy-pkg/,1001052721,100.00,,
   389.693203870,29.63,Joules,power/energy-pkg/,1001074393,100.00,,
   390.694277000,32.26,Joules,power/energy-pkg/,1001075371,100.00,,
   391.695373196,31.28,Joules,power/energy-pkg/,1001122873,100.00,,
   392.696620358,34.12,Joules,power/energy-pkg/,1001201779,100.00,,
   393.724421028,25.21,Joules,power/energy-pkg/,1027785907,100.00,,
   394.738554346,29.91,Joules,power/energy-pkg/,1014161946,100.00,,
   395.818308199,34.61,Joules,power/energy-pkg/,1079713192,100.00,,
   396.819400921,32.55,Joules,power/energy-pkg/,1001066628,100.00,,
   397.820295306,34.82,Joules,power/energy-pkg/,1000938872,100.00,,
   398.821207660,19.94,Joules,power/energy-pkg/,1000865025,100.00,,
   399.945201228,29.96,Joules,power/energy-pkg/,1123985676,100.00,,
   400.946305126,26.84,Joules,power/energy-pkg/,1001075679,100.00,,
   401.946978863,28.13,Joules,power/energy-pkg/,1000691745,100.00,,
   402.948081731,39.71,Joules,power/energy-pkg/,1001066638,100.00,,
   403.949158500,30.74,Joules,power/energy-pkg/,1001067084,100.00,,
   404.950235574,28.00,Joules,power/energy-pkg/,1001085667,100.00,,
   405.951330631,30.60,Joules,power/energy-pkg/,1001069418,100.00,,
   406.952412150,32.10,Joules,power/energy-pkg/,1001086456,100.00,,
   407.953219418,38.04,Joules,power/energy-pkg/,1000806351,100.00,,
   408.954354779,35.32,Joules,power/energy-pkg/,1001120238,100.00,,
   410.100378087,31.93,Joules,power/energy-pkg/,1146049240,100.00,,
   411.101208596,29.65,Joules,power/energy-pkg/,1000782376,100.00,,
   412.102300025,28.44,Joules,power/energy-pkg/,1001078996,100.00,,
   413.103389399,27.27,Joules,power/energy-pkg/,1001079450,100.00,,
   414.103922719,33.89,Joules,power/energy-pkg/,1000539977,100.00,,
   415.105018978,28.24,Joules,power/energy-pkg/,1001068962,100.00,,
   416.105233813,30.50,Joules,power/energy-pkg/,1000201429,100.00,,
   417.106362653,29.62,Joules,power/energy-pkg/,1001137023,100.00,,
   418.107457092,36.05,Joules,power/energy-pkg/,1001062417,100.00,,
   419.107820040,30.46,Joules,power/energy-pkg/,1000385385,100.00,,
   420.108944961,38.87,Joules,power/energy-pkg/,1001097003,100.00,,
   421.109186758,29.91,Joules,power/energy-pkg/,1000231751,100.00,,
   422.110276659,29.10,Joules,power/energy-pkg/,1001080929,100.00,,
   423.111373517,23.83,Joules,power/energy-pkg/,1001092787,100.00,,
   424.182340085,31.93,Joules,power/energy-pkg/,1070938734,100.00,,
   425.182486130,35.05,Joules,power/energy-pkg/,1000143844,100.00,,
   426.183559166,27.65,Joules,power/energy-pkg/,1001077711,100.00,,
   427.184651684,30.65,Joules,power/energy-pkg/,1001063958,100.00,,
   428.185185763,23.57,Joules,power/energy-pkg/,1000523528,100.00,,
   429.186267013,19.78,Joules,power/energy-pkg/,1001084478,100.00,,
   430.187361710,32.27,Joules,power/energy-pkg/,1001082929,100.00,,
   431.188493340,31.35,Joules,power/energy-pkg/,1001112632,100.00,,
   432.189206340,28.93,Joules,power/energy-pkg/,1000710862,100.00,,
   433.190292005,28.82,Joules,power/energy-pkg/,1001069448,100.00,,
   434.191371844,25.83,Joules,power/energy-pkg/,1001085457,100.00,,
   435.192462070,33.06,Joules,power/energy-pkg/,1001069882,100.00,,
   436.193411954,34.11,Joules,power/energy-pkg/,1000945404,100.00,,
   437.194494637,27.91,Joules,power/energy-pkg/,1001077868,100.00,,
   438.195580054,27.27,Joules,power/energy-pkg/,1001074296,100.00,,
   439.196660799,27.63,Joules,power/energy-pkg/,1001060387,100.00,,
   440.197198019,27.37,Joules,power/energy-pkg/,1000544998,100.00,,
   441.420870863,41.40,Joules,power/energy-pkg/,1223645636,100.00,,
   442.421192090,28.14,Joules,power/energy-pkg/,1000325565,100.00,,
   443.422288388,29.45,Joules,power/energy-pkg/,1001084004,100.00,,
   444.423369784,29.34,Joules,power/energy-pkg/,1001072298,100.00,,
   445.423814790,31.23,Joules,power/energy-pkg/,1000445250,100.00,,
   446.424939315,35.05,Joules,power/energy-pkg/,1001099364,100.00,,
   447.425185709,31.59,Joules,power/energy-pkg/,1000232494,100.00,,
   448.426250403,28.44,Joules,power/energy-pkg/,1001058332,100.00,,
   449.427340905,30.73,Joules,power/energy-pkg/,1001090040,100.00,,
   450.428420183,31.02,Joules,power/energy-pkg/,1001825281,100.00,,
   451.430276051,31.82,Joules,power/energy-pkg/,1001090487,100.00,,
   452.431355437,35.12,Joules,power/energy-pkg/,1001072153,100.00,,
   453.432431717,27.63,Joules,power/energy-pkg/,1001053071,100.00,,
   454.433221471,26.28,Joules,power/energy-pkg/,1000781101,100.00,,
   455.434287363,27.23,Joules,power/energy-pkg/,1001056543,100.00,,
   456.435356274,27.98,Joules,power/energy-pkg/,1001071217,100.00,,
   457.436475906,39.79,Joules,power/energy-pkg/,1001134325,100.00,,
   458.437222868,38.44,Joules,power/energy-pkg/,1000701525,100.00,,
   459.438289764,27.13,Joules,power/energy-pkg/,1001070275,100.00,,
   460.439368453,27.24,Joules,power/energy-pkg/,1001067289,100.00,,
   461.440458629,27.47,Joules,power/energy-pkg/,1001083783,100.00,,
   462.441198259,28.34,Joules,power/energy-pkg/,1000731564,100.00,,
   463.442288944,32.98,Joules,power/energy-pkg/,1001068777,100.00,,
   464.443366506,31.07,Joules,power/energy-pkg/,1001074063,100.00,,
   465.444453610,29.09,Joules,power/energy-pkg/,1001072951,100.00,,
   466.445189028,32.86,Joules,power/energy-pkg/,1000727802,100.00,,
   467.446280627,30.16,Joules,power/energy-pkg/,1001079739,100.00,,
   468.450990448,39.50,Joules,power/energy-pkg/,1004744025,100.00,,
   469.452158093,30.14,Joules,power/energy-pkg/,1001114163,100.00,,
   470.453207716,29.01,Joules,power/energy-pkg/,1001053520,100.00,,
   471.454333614,30.24,Joules,power/energy-pkg/,1001116904,100.00,,
   472.455418365,28.35,Joules,power/energy-pkg/,1001076034,100.00,,
   473.456518484,33.46,Joules,power/energy-pkg/,1001080039,100.00,,
   474.457454773,32.37,Joules,power/energy-pkg/,1000935952,100.00,,
   475.458535732,27.25,Joules,power/energy-pkg/,1001074761,100.00,,
   476.459610463,27.43,Joules,power/energy-pkg/,1001051044,100.00,,
   477.460674083,28.12,Joules,power/energy-pkg/,1001055266,100.00,,
   478.461182411,29.04,Joules,power/energy-pkg/,1000499181,100.00,,
   479.462258086,25.60,Joules,power/energy-pkg/,1001066532,100.00,,
   480.463331392,31.03,Joules,power/energy-pkg/,1001076402,100.00,,
   481.464409627,30.57,Joules,power/energy-pkg/,1001058775,100.00,,
   482.465206488,35.21,Joules,power/energy-pkg/,1000800248,100.00,,
   483.466291665,32.67,Joules,power/energy-pkg/,1004453160,100.00,,
   484.470770206,37.51,Joules,power/energy-pkg/,1001115032,100.00,,
   485.471949609,34.92,Joules,power/energy-pkg/,1001145382,100.00,,
   486.473039469,27.75,Joules,power/energy-pkg/,1001082065,100.00,,
   487.473200874,26.89,Joules,power/energy-pkg/,1000146357,100.00,,
   488.474283132,26.35,Joules,power/energy-pkg/,1001081955,100.00,,
   489.617205820,25.04,Joules,power/energy-pkg/,1142906904,100.00,,
   490.618295886,36.49,Joules,power/energy-pkg/,1001081391,100.00,,
   491.618849604,27.19,Joules,power/energy-pkg/,1000560650,100.00,,
   492.618958283,30.28,Joules,power/energy-pkg/,1000080349,100.00,,
   493.620115759,24.83,Joules,power/energy-pkg/,1001160043,100.00,,
   494.629187620,28.90,Joules,power/energy-pkg/,1009044711,100.00,,
   495.630303293,39.49,Joules,power/energy-pkg/,1001123490,100.00,,
   496.631896469,28.59,Joules,power/energy-pkg/,1001569851,100.00,,
   497.632484810,27.83,Joules,power/energy-pkg/,1000572241,100.00,,
   498.633208454,27.62,Joules,power/energy-pkg/,1000719506,100.00,,
   499.634295158,30.61,Joules,power/energy-pkg/,1001084337,100.00,,
   500.635379754,34.12,Joules,power/energy-pkg/,1001081224,100.00,,
   501.636478287,39.29,Joules,power/energy-pkg/,1001071863,100.00,,
   502.637207156,27.98,Joules,power/energy-pkg/,1000729112,100.00,,
   503.638302343,27.13,Joules,power/energy-pkg/,1001091037,100.00,,
   504.639387494,27.13,Joules,power/energy-pkg/,1001062367,100.00,,
   505.640463371,26.98,Joules,power/energy-pkg/,1001065439,100.00,,
   506.641209330,35.90,Joules,power/energy-pkg/,1000742509,100.00,,
   507.641924846,29.48,Joules,power/energy-pkg/,1000713372,100.00,,
   508.643009963,29.57,Joules,power/energy-pkg/,1001096184,100.00,,
   509.644117695,30.10,Joules,power/energy-pkg/,1001064732,100.00,,
   510.645218852,32.96,Joules,power/energy-pkg/,1001091989,100.00,,
   511.646291127,29.17,Joules,power/energy-pkg/,1001109427,100.00,,
   512.647493416,32.00,Joules,power/energy-pkg/,1001176489,100.00,,
   513.648688215,27.09,Joules,power/energy-pkg/,1001178663,100.00,,
   514.721204796,28.37,Joules,power/energy-pkg/,1072495674,100.00,,
   515.722308411,38.36,Joules,power/energy-pkg/,1001085812,100.00,,
   516.723014623,33.17,Joules,power/energy-pkg/,1000714098,100.00,,
   517.724094414,38.48,Joules,power/energy-pkg/,1001059871,100.00,,
   518.724202003,30.71,Joules,power/energy-pkg/,1000097256,100.00,,
   519.725188084,27.21,Joules,power/energy-pkg/,1000969734,100.00,,
   520.726260733,29.58,Joules,power/energy-pkg/,1001062877,100.00,,
   521.727322078,27.60,Joules,power/energy-pkg/,1001051862,100.00,,
   522.728388331,33.05,Joules,power/energy-pkg/,1001060793,100.00,,
   523.729204498,29.62,Joules,power/energy-pkg/,1000813487,100.00,,
   524.729999805,26.82,Joules,power/energy-pkg/,1000808300,100.00,,
   525.731109687,31.27,Joules,power/energy-pkg/,1001083958,100.00,,
   526.732202682,30.68,Joules,power/energy-pkg/,1001080545,100.00,,
   527.733191370,27.79,Joules,power/energy-pkg/,1000974693,100.00,,
   528.734293496,45.46,Joules,power/energy-pkg/,1001085168,100.00,,
   529.735383697,33.68,Joules,power/energy-pkg/,1001095583,100.00,,
   530.736473554,30.73,Joules,power/energy-pkg/,1001089773,100.00,,
   531.737184190,30.53,Joules,power/energy-pkg/,1000681232,100.00,,
   532.738261213,28.02,Joules,power/energy-pkg/,1001065373,100.00,,
   533.739338376,35.35,Joules,power/energy-pkg/,1001084746,100.00,,
   534.740421960,28.87,Joules,power/energy-pkg/,1001057858,100.00,,
   535.741181889,29.63,Joules,power/energy-pkg/,1000749737,100.00,,
   536.742253452,28.08,Joules,power/energy-pkg/,1001075888,100.00,,
   537.743328499,27.70,Joules,power/energy-pkg/,1001053283,100.00,,
   538.744393989,32.07,Joules,power/energy-pkg/,1001059356,100.00,,
   539.837200625,41.10,Joules,power/energy-pkg/,1092905443,100.00,,
   540.838128850,34.19,Joules,power/energy-pkg/,1000839683,100.00,,
   541.839230567,25.44,Joules,power/energy-pkg/,1001059788,100.00,,
   542.839423384,27.83,Joules,power/energy-pkg/,1000206494,100.00,,
   543.840248551,27.98,Joules,power/energy-pkg/,1000817909,100.00,,
   544.841203601,33.12,Joules,power/energy-pkg/,1000933348,100.00,,
   545.842297433,27.98,Joules,power/energy-pkg/,1001083752,100.00,,
   546.843391918,27.92,Joules,power/energy-pkg/,1001100593,100.00,,
   547.844505859,27.69,Joules,power/energy-pkg/,1001091649,100.00,,
   548.845208591,26.51,Joules,power/energy-pkg/,1000692618,100.00,,
   549.845987900,38.24,Joules,power/energy-pkg/,1000793957,100.00,,
   550.847239137,36.59,Joules,power/energy-pkg/,1001222162,100.00,,
   551.848359721,30.68,Joules,power/energy-pkg/,1001108159,100.00,,
   552.849182456,28.07,Joules,power/energy-pkg/,1000800603,100.00,,
   553.850340970,23.06,Joules,power/energy-pkg/,1001171168,100.00,,
   554.995439788,29.63,Joules,power/energy-pkg/,1145884549,100.00,,
   555.997284108,35.35,Joules,power/energy-pkg/,1001024074,100.00,,
   556.998352794,27.76,Joules,power/energy-pkg/,1001055187,100.00,,
   557.999451392,32.46,Joules,power/energy-pkg/,1001098084,100.00,,
   558.999893153,30.48,Joules,power/energy-pkg/,1000439234,100.00,,
   560.000978315,28.70,Joules,power/energy-pkg/,1001069214,100.00,,
   561.001366474,32.97,Joules,power/energy-pkg/,1000376634,100.00,,
   562.002439245,30.67,Joules,power/energy-pkg/,1001054533,100.00,,
   563.003521751,28.08,Joules,power/energy-pkg/,1001085488,100.00,,
   564.004612604,30.51,Joules,power/energy-pkg/,1001076732,100.00,,
   565.005181435,27.33,Joules,power/energy-pkg/,1000552599,100.00,,
   566.006242725,33.54,Joules,power/energy-pkg/,1001062431,100.00,,
   567.007332170,34.59,Joules,power/energy-pkg/,1001082152,100.00,,
   568.008415591,26.38,Joules,power/energy-pkg/,1001069670,100.00,,
   569.009200039,28.72,Joules,power/energy-pkg/,1000778828,100.00,,
   570.010279565,29.82,Joules,power/energy-pkg/,1001060846,100.00,,
   571.011377212,27.25,Joules,power/energy-pkg/,1001086977,100.00,,
   572.012450661,33.88,Joules,power/energy-pkg/,1001068754,100.00,,
   573.013183014,30.14,Joules,power/energy-pkg/,1000718931,100.00,,
   574.014263234,21.66,Joules,power/energy-pkg/,1001087835,100.00,,
   575.125089780,27.34,Joules,power/energy-pkg/,1110818601,100.00,,
   576.126816733,28.43,Joules,power/energy-pkg/,1001718366,100.00,,
   577.128051322,29.41,Joules,power/energy-pkg/,1001245009,100.00,,
   578.241087312,45.25,Joules,power/energy-pkg/,1112999435,100.00,,
   579.314846721,30.91,Joules,power/energy-pkg/,1073767258,100.00,,
   580.315956639,33.17,Joules,power/energy-pkg/,1001081902,100.00,,
   581.317042185,29.19,Joules,power/energy-pkg/,1001087502,100.00,,
   582.317196127,29.86,Joules,power/energy-pkg/,1000143780,100.00,,
   583.318298846,37.50,Joules,power/energy-pkg/,1001085805,100.00,,
   584.319392228,19.78,Joules,power/energy-pkg/,1001084167,100.00,,
   585.319746539,24.40,Joules,power/energy-pkg/,1000344916,100.00,,
   586.320844537,33.05,Joules,power/energy-pkg/,1001075180,100.00,,
   587.321197686,27.90,Joules,power/energy-pkg/,1000356300,100.00,,
   588.322434272,31.23,Joules,power/energy-pkg/,1001236797,100.00,,
   589.323627096,12.92,Joules,power/energy-pkg/,1001160107,100.00,,
   590.324686106,29.80,Joules,power/energy-pkg/,1001051691,100.00,,
   591.325184480,26.25,Joules,power/energy-pkg/,1000489015,100.00,,
   592.326254935,34.27,Joules,power/energy-pkg/,1001663469,100.00,,
   593.327951655,32.31,Joules,power/energy-pkg/,1001101549,100.00,,
   594.329053107,41.02,Joules,power/energy-pkg/,1001099326,100.00,,
   595.329199764,29.61,Joules,power/energy-pkg/,1000123566,100.00,,
   596.330258199,28.34,Joules,power/energy-pkg/,1001065367,100.00,,
   597.331363863,32.18,Joules,power/energy-pkg/,1001085052,100.00,,
   598.332448423,27.38,Joules,power/energy-pkg/,1001073789,100.00,,
   599.333201347,32.93,Joules,power/energy-pkg/,1000748183,100.00,,
   600.333613145,28.43,Joules,power/energy-pkg/,1000403660,100.00,,
   601.334713202,29.98,Joules,power/energy-pkg/,1001132479,100.00,,
   602.335849512,27.20,Joules,power/energy-pkg/,1001069504,100.00,,
   603.336924084,30.01,Joules,power/energy-pkg/,1001068487,100.00,,
   604.337186931,29.43,Joules,power/energy-pkg/,1000251520,100.00,,
   605.338267549,35.64,Joules,power/energy-pkg/,1001067952,100.00,,
   606.339338395,27.53,Joules,power/energy-pkg/,1001077504,100.00,,
   607.340423081,27.26,Joules,power/energy-pkg/,1001059907,100.00,,
   608.341201900,26.94,Joules,power/energy-pkg/,1000780878,100.00,,
   609.342275808,24.68,Joules,power/energy-pkg/,1001055683,100.00,,
   610.343361830,42.34,Joules,power/energy-pkg/,1001087150,100.00,,
   611.344139187,28.33,Joules,power/energy-pkg/,1000778421,100.00,,
   612.345201974,29.40,Joules,power/energy-pkg/,1001050407,100.00,,
   613.346301158,29.68,Joules,power/energy-pkg/,1001078660,100.00,,
   614.347381779,27.33,Joules,power/energy-pkg/,1001078542,100.00,,
   615.348466362,23.64,Joules,power/energy-pkg/,1001066959,100.00,,
   616.349192233,32.51,Joules,power/energy-pkg/,1000724138,100.00,,
   617.350272312,27.81,Joules,power/energy-pkg/,1001057601,100.00,,
   618.351338603,27.22,Joules,power/energy-pkg/,1001057390,100.00,,
   619.352420669,29.12,Joules,power/energy-pkg/,1001083717,100.00,,
   620.353207339,28.57,Joules,power/energy-pkg/,1000772688,100.00,,
   621.354293105,34.64,Joules,power/energy-pkg/,1001085182,100.00,,
   622.355375136,27.56,Joules,power/energy-pkg/,1001057887,100.00,,
   623.356457979,27.26,Joules,power/energy-pkg/,1001085787,100.00,,
   624.357202244,28.81,Joules,power/energy-pkg/,1000729447,100.00,,
   625.358278427,27.16,Joules,power/energy-pkg/,1001073099,100.00,,
   626.359359116,27.01,Joules,power/energy-pkg/,1001102149,100.00,,
   627.360528567,29.96,Joules,power/energy-pkg/,1001125894,100.00,,
   628.361388092,26.73,Joules,power/energy-pkg/,1000850109,100.00,,
   629.362300274,23.95,Joules,power/energy-pkg/,1000912315,100.00,,
   630.363392487,16.12,Joules,power/energy-pkg/,1001080907,100.00,,
   631.364484333,20.73,Joules,power/energy-pkg/,1001066644,100.00,,
   632.365199159,29.12,Joules,power/energy-pkg/,1000719309,100.00,,
   633.366292532,23.70,Joules,power/energy-pkg/,1001084841,100.00,,
   634.367387359,22.67,Joules,power/energy-pkg/,1001087021,100.00,,
   635.368028697,18.42,Joules,power/energy-pkg/,1000645106,100.00,,
   636.369121885,17.42,Joules,power/energy-pkg/,1001056219,100.00,,
   637.370197789,19.20,Joules,power/energy-pkg/,1001081096,100.00,,
   638.371278296,19.73,Joules,power/energy-pkg/,1001058154,100.00,,
   639.372351418,20.61,Joules,power/energy-pkg/,1001078171,100.00,,
   640.373197112,20.48,Joules,power/energy-pkg/,1000831969,100.00,,
   641.373781117,16.82,Joules,power/energy-pkg/,1000595987,100.00,,
   642.374901594,19.66,Joules,power/energy-pkg/,1001082584,100.00,,
   643.376003912,18.17,Joules,power/energy-pkg/,1001105184,100.00,,
   644.377127692,18.23,Joules,power/energy-pkg/,1001114652,100.00,,
   645.377408109,15.81,Joules,power/energy-pkg/,1000267943,100.00,,
   646.378495461,18.29,Joules,power/energy-pkg/,1001078795,100.00,,
   647.378834931,18.27,Joules,power/energy-pkg/,1000328103,100.00,,
   648.379926076,18.16,Joules,power/energy-pkg/,1001084315,100.00,,
   649.381053017,15.76,Joules,power/energy-pkg/,1001115779,100.00,,
   650.381197323,18.55,Joules,power/energy-pkg/,1000136593,100.00,,
   651.381838781,20.10,Joules,power/energy-pkg/,1000663574,100.00,,
   652.382996664,14.29,Joules,power/energy-pkg/,1001120080,100.00,,
   653.384097670,20.79,Joules,power/energy-pkg/,1001091100,100.00,,
   654.384816615,23.49,Joules,power/energy-pkg/,1000705635,100.00,,
   655.385182108,18.12,Joules,power/energy-pkg/,1000347301,100.00,,
   656.386255324,15.62,Joules,power/energy-pkg/,1001076854,100.00,,
   657.387390517,19.55,Joules,power/energy-pkg/,1001126472,100.00,,
   658.388474266,20.22,Joules,power/energy-pkg/,1001061402,100.00,,
   659.389200527,20.14,Joules,power/energy-pkg/,1000730391,100.00,,
   660.390297704,21.44,Joules,power/energy-pkg/,1001085484,100.00,,
   661.391380246,21.07,Joules,power/energy-pkg/,1001075804,100.00,,
   662.392457111,19.37,Joules,power/energy-pkg/,1001054204,100.00,,
   663.393212399,19.57,Joules,power/energy-pkg/,1000755445,100.00,,
