/data2/ar/faasmeter/faasmeter/plotting/standalone/execution_scripts
added /data2/ar/faasmeter/faasmeter to PATH
added /data2/ar/iluvatar-energy-experiments/scripts/experiments/desktop/native_func_stuff/native_func to PATH
/data2/ar/iluvatar-energy-experiments/results/trace/fig_9/desktop/mc_4f_traces_nddp_15min/mc_a/functions/fcfs/12/12/dfs/analysis/sys_full_error_mins
/data2/ar/iluvatar-energy-experiments/results/trace/fig_9/desktop/mc_4f_traces_nddp_15min/mc_a/functions/fcfs/12/12/dfs/analysis/sys_full_error_mins
/data2/ar/iluvatar-energy-experiments/results/trace/fig_9/desktop/mc_4f_traces_nddp_15min/mc_c_0_0/functions/fcfs/12/12/dfs/analysis/sys_full_error_mins
/data2/ar/iluvatar-energy-experiments/results/trace/fig_9/desktop/mc_4f_traces_nddp_15min/mc_c_0_0/functions/fcfs/12/12/dfs/analysis/sys_full_error_mins
/data2/ar/iluvatar-energy-experiments/results/trace/fig_9/desktop/mc_4f_traces_nddp_15min/mc_c_0_4/functions/fcfs/12/12/dfs/analysis/sys_full_error_mins
/data2/ar/iluvatar-energy-experiments/results/trace/fig_9/desktop/mc_4f_traces_nddp_15min/mc_c_0_4/functions/fcfs/12/12/dfs/analysis/sys_full_error_mins
/data2/ar/iluvatar-energy-experiments/results/trace/fig_9/desktop/mc_4f_traces_nddp_15min/mc_c_0_6/functions/fcfs/12/12/dfs/analysis/sys_full_error_mins
/data2/ar/iluvatar-energy-experiments/results/trace/fig_9/desktop/mc_4f_traces_nddp_15min/mc_c_0_6/functions/fcfs/12/12/dfs/analysis/sys_full_error_mins
/data2/ar/iluvatar-energy-experiments/results/trace/fig_9/desktop/mc_4f_traces_nddp_15min/mc_c_0_8/functions/fcfs/12/12/dfs/analysis/sys_full_error_mins
/data2/ar/iluvatar-energy-experiments/results/trace/fig_9/desktop/mc_4f_traces_nddp_15min/mc_c_0_8/functions/fcfs/12/12/dfs/analysis/sys_full_error_mins
/data2/ar/iluvatar-energy-experiments/results/trace/fig_9/desktop/mc_4f_traces_nddp_15min/mc_c/functions/fcfs/12/12/dfs/analysis/sys_full_error_mins
/data2/ar/iluvatar-energy-experiments/results/trace/fig_9/desktop/mc_4f_traces_nddp_15min/mc_c/functions/fcfs/12/12/dfs/analysis/sys_full_error_mins
/data2/ar/iluvatar-energy-experiments/results/trace/fig_9/desktop/mc_4f_traces_nddp_15min/mc_d/functions/fcfs/12/12/dfs/analysis/sys_full_error_mins
/data2/ar/iluvatar-energy-experiments/results/trace/fig_9/desktop/mc_4f_traces_nddp_15min/mc_d/functions/fcfs/12/12/dfs/analysis/sys_full_error_mins
/data2/ar/iluvatar-energy-experiments/results/trace/fig_9/desktop/mc_4f_traces_nddp_15min/mc_i/functions/fcfs/12/12/dfs/analysis/sys_full_error_mins
/data2/ar/iluvatar-energy-experiments/results/trace/fig_9/desktop/mc_4f_traces_nddp_15min/mc_i/functions/fcfs/12/12/dfs/analysis/sys_full_error_mins
/data2/ar/iluvatar-energy-experiments/results/trace/fig_9/desktop/mc_4f_traces_nddp_15min/mc_p/functions/fcfs/12/12/dfs/analysis/sys_full_error_mins
/data2/ar/iluvatar-energy-experiments/results/trace/fig_9/desktop/mc_4f_traces_nddp_15min/mc_p/functions/fcfs/12/12/dfs/analysis/sys_full_error_mins
/data2/ar/iluvatar-energy-experiments/results/trace/fig_9/jetson/mc_4f_traces_nddp_15min/mc_a/functions/fcfs/12/12/dfs/analysis/sys_full_error_mins
/data2/ar/iluvatar-energy-experiments/results/trace/fig_9/jetson/mc_4f_traces_nddp_15min/mc_a/functions/fcfs/12/12/dfs/analysis/sys_full_error_mins
/data2/ar/iluvatar-energy-experiments/results/trace/fig_9/jetson/mc_4f_traces_nddp_15min/mc_c/functions/fcfs/12/12/dfs/analysis/sys_full_error_mins
/data2/ar/iluvatar-energy-experiments/results/trace/fig_9/jetson/mc_4f_traces_nddp_15min/mc_c/functions/fcfs/12/12/dfs/analysis/sys_full_error_mins
/data2/ar/iluvatar-energy-experiments/results/trace/fig_9/jetson/mc_4f_traces_nddp_15min/mc_d/functions/fcfs/12/12/dfs/analysis/sys_full_error_mins
/data2/ar/iluvatar-energy-experiments/results/trace/fig_9/jetson/mc_4f_traces_nddp_15min/mc_d/functions/fcfs/12/12/dfs/analysis/sys_full_error_mins
/data2/ar/iluvatar-energy-experiments/results/trace/fig_9/jetson/mc_4f_traces_nddp_15min/mc_i/functions/fcfs/12/12/dfs/analysis/sys_full_error_mins
/data2/ar/iluvatar-energy-experiments/results/trace/fig_9/jetson/mc_4f_traces_nddp_15min/mc_i/functions/fcfs/12/12/dfs/analysis/sys_full_error_mins
/data2/ar/iluvatar-energy-experiments/results/trace/fig_9/jetson/mc_4f_traces_nddp_15min/mc_p/functions/fcfs/12/12/dfs/analysis/sys_full_error_mins
/data2/ar/iluvatar-energy-experiments/results/trace/fig_9/jetson/mc_4f_traces_nddp_15min/mc_p/functions/fcfs/12/12/dfs/analysis/sys_full_error_mins
/data2/ar/iluvatar-energy-experiments/results/trace/fig_9/victor/mc_4f_traces_nddp_15min/mc_a/functions/fcfs/24/24/dfs/analysis/sys_full_error_mins
/data2/ar/iluvatar-energy-experiments/results/trace/fig_9/victor/mc_4f_traces_nddp_15min/mc_a/functions/fcfs/24/24/dfs/analysis/sys_full_error_mins
/data2/ar/iluvatar-energy-experiments/results/trace/fig_9/victor/mc_4f_traces_nddp_15min/mc_c/functions/fcfs/24/24/dfs/analysis/sys_full_error_mins
/data2/ar/iluvatar-energy-experiments/results/trace/fig_9/victor/mc_4f_traces_nddp_15min/mc_c/functions/fcfs/24/24/dfs/analysis/sys_full_error_mins
/data2/ar/iluvatar-energy-experiments/results/trace/fig_9/victor/mc_4f_traces_nddp_15min/mc_d/functions/fcfs/24/24/dfs/analysis/sys_full_error_mins
/data2/ar/iluvatar-energy-experiments/results/trace/fig_9/victor/mc_4f_traces_nddp_15min/mc_d/functions/fcfs/24/24/dfs/analysis/sys_full_error_mins
/data2/ar/iluvatar-energy-experiments/results/trace/fig_9/victor/mc_4f_traces_nddp_15min/mc_i/functions/fcfs/24/24/dfs/analysis/sys_full_error_mins
/data2/ar/iluvatar-energy-experiments/results/trace/fig_9/victor/mc_4f_traces_nddp_15min/mc_i/functions/fcfs/24/24/dfs/analysis/sys_full_error_mins
/data2/ar/iluvatar-energy-experiments/results/trace/fig_9/victor/mc_4f_traces_nddp_15min/mc_p/functions/fcfs/24/24/dfs/analysis/sys_full_error_mins
/data2/ar/iluvatar-energy-experiments/results/trace/fig_9/victor/mc_4f_traces_nddp_15min/mc_p/functions/fcfs/24/24/dfs/analysis/sys_full_error_mins
/data2/ar/iluvatar-energy-experiments/results/trace/fig_9/victor/mc_4f_traces_ddp_15min/mc_a/functions/fcfs/24/24/dfs/analysis/sys_full_error_mins
/data2/ar/iluvatar-energy-experiments/results/trace/fig_9/victor/mc_4f_traces_ddp_15min/mc_a/functions/fcfs/24/24/dfs/analysis/sys_full_error_mins
/data2/ar/iluvatar-energy-experiments/results/trace/fig_9/victor/mc_4f_traces_ddp_15min/mc_d/functions/fcfs/24/24/dfs/analysis/sys_full_error_mins
/data2/ar/iluvatar-energy-experiments/results/trace/fig_9/victor/mc_4f_traces_ddp_15min/mc_d/functions/fcfs/24/24/dfs/analysis/sys_full_error_mins
/data2/ar/iluvatar-energy-experiments/results/trace/fig_9/victor/mc_4f_traces_ddp_15min/mc_i/functions/fcfs/24/24/dfs/analysis/sys_full_error_mins
/data2/ar/iluvatar-energy-experiments/results/trace/fig_9/victor/mc_4f_traces_ddp_15min/mc_i/functions/fcfs/24/24/dfs/analysis/sys_full_error_mins
/data2/ar/iluvatar-energy-experiments/results/trace/fig_9/victor/mc_4f_traces_ddp_15min/mc_p/functions/fcfs/24/24/dfs/analysis/sys_full_error_mins
/data2/ar/iluvatar-energy-experiments/results/trace/fig_9/victor/mc_4f_traces_ddp_15min/mc_p/functions/fcfs/24/24/dfs/analysis/sys_full_error_mins
/data2/ar/iluvatar-energy-experiments/results/trace/fig_9/victor/mc_4f_traces_ddp_15min/mc_v/functions/fcfs/24/24/dfs/analysis/sys_full_error_mins
/data2/ar/iluvatar-energy-experiments/results/trace/fig_9/victor/mc_4f_traces_ddp_15min/mc_v/functions/fcfs/24/24/dfs/analysis/sys_full_error_mins
0,1.5307041110522202,10.141041669565915 - /data2/ar/iluvatar-energy-experiments/results/trace/fig_9/desktop/mc_4f_traces_nddp_15min/mc_d/functions/fcfs/12/12
1,1.8054471815592237,6.513002816378882 - /data2/ar/iluvatar-energy-experiments/results/trace/fig_9/victor/mc_4f_traces_nddp_15min/mc_p/functions/fcfs/24/24
2,1.9821691469996179,3.4820144042010606 - /data2/ar/iluvatar-energy-experiments/results/trace/fig_9/jetson/mc_4f_traces_nddp_15min/mc_a/functions/fcfs/12/12
3,2.5396102216591405,4.985035732278182 - /data2/ar/iluvatar-energy-experiments/results/trace/fig_9/victor/mc_4f_traces_nddp_15min/mc_d/functions/fcfs/24/24
4,2.916255101697066,3.7299801186220853 - /data2/ar/iluvatar-energy-experiments/results/trace/fig_9/jetson/mc_4f_traces_nddp_15min/mc_p/functions/fcfs/12/12
5,2.9392836826796125,4.761183443336476 - /data2/ar/iluvatar-energy-experiments/results/trace/fig_9/victor/mc_4f_traces_nddp_15min/mc_a/functions/fcfs/24/24
6,3.5617174881631,3.320079571420827 - /data2/ar/iluvatar-energy-experiments/results/trace/fig_9/victor/mc_4f_traces_nddp_15min/mc_i/functions/fcfs/24/24
7,3.64238270214792,3.106984795534196 - /data2/ar/iluvatar-energy-experiments/results/trace/fig_9/jetson/mc_4f_traces_nddp_15min/mc_d/functions/fcfs/12/12
8,3.725373088932058,19.108518437808666 - /data2/ar/iluvatar-energy-experiments/results/trace/fig_9/desktop/mc_4f_traces_nddp_15min/mc_i/functions/fcfs/12/12
9,4.169485945819815,20.054675664716704 - /data2/ar/iluvatar-energy-experiments/results/trace/fig_9/desktop/mc_4f_traces_nddp_15min/mc_p/functions/fcfs/12/12
10,6.521142992495899,17.463871379317023 - /data2/ar/iluvatar-energy-experiments/results/trace/fig_9/desktop/mc_4f_traces_nddp_15min/mc_c_0_6/functions/fcfs/12/12
11,6.761505619721106,2.8703771963015408 - /data2/ar/iluvatar-energy-experiments/results/trace/fig_9/jetson/mc_4f_traces_nddp_15min/mc_i/functions/fcfs/12/12
12,9.303252516242399,15.836690163176188 - /data2/ar/iluvatar-energy-experiments/results/trace/fig_9/desktop/mc_4f_traces_nddp_15min/mc_a/functions/fcfs/12/12
13,9.541424884604435,13.266173908549627 - /data2/ar/iluvatar-energy-experiments/results/trace/fig_9/desktop/mc_4f_traces_nddp_15min/mc_c_0_8/functions/fcfs/12/12
14,10.108170983448945,0.3382573132157484 - /data2/ar/iluvatar-energy-experiments/results/trace/fig_9/jetson/mc_4f_traces_nddp_15min/mc_c/functions/fcfs/12/12
15,10.307370580847119,14.55174777865833 - /data2/ar/iluvatar-energy-experiments/results/trace/fig_9/desktop/mc_4f_traces_nddp_15min/mc_c_0_4/functions/fcfs/12/12
16,11.90554788813087,9.115091366203925 - /data2/ar/iluvatar-energy-experiments/results/trace/fig_9/desktop/mc_4f_traces_nddp_15min/mc_c_0_0/functions/fcfs/12/12
17,12.006320653488386,7.783284495434828 - /data2/ar/iluvatar-energy-experiments/results/trace/fig_9/desktop/mc_4f_traces_nddp_15min/mc_c/functions/fcfs/12/12
18,12.658639375019915,3.0983808168978797 - /data2/ar/iluvatar-energy-experiments/results/trace/fig_9/victor/mc_4f_traces_ddp_15min/mc_v/functions/fcfs/24/24
19,13.279803887732042,3.0828346001871743 - /data2/ar/iluvatar-energy-experiments/results/trace/fig_9/victor/mc_4f_traces_ddp_15min/mc_a/functions/fcfs/24/24
20,13.829379666591421,1.7563951233887865 - /data2/ar/iluvatar-energy-experiments/results/trace/fig_9/victor/mc_4f_traces_nddp_15min/mc_c/functions/fcfs/24/24
21,14.955042094824876,3.3650483836697718 - /data2/ar/iluvatar-energy-experiments/results/trace/fig_9/victor/mc_4f_traces_ddp_15min/mc_d/functions/fcfs/24/24
22,15.991289650103191,3.717658105326479 - /data2/ar/iluvatar-energy-experiments/results/trace/fig_9/victor/mc_4f_traces_ddp_15min/mc_p/functions/fcfs/24/24
23,16.562057162888138,4.263840581948233 - /data2/ar/iluvatar-energy-experiments/results/trace/fig_9/victor/mc_4f_traces_ddp_15min/mc_i/functions/fcfs/24/24
Saved: ./jpt_error_All
added /data2/ar/faasmeter/faasmeter to PATH
added /data2/ar/iluvatar-energy-experiments/scripts/experiments/desktop/native_func_stuff/native_func to PATH
/data2/ar/iluvatar-energy-experiments/results/trace/fig_9/desktop/mc_4f_traces_nddp_15min/mc_a/functions/fcfs/12/12/dfs/analysis/sys_full_error_mins
/data2/ar/iluvatar-energy-experiments/results/trace/fig_9/desktop/mc_4f_traces_nddp_15min/mc_a/functions/fcfs/12/12/dfs/analysis/sys_full_error_mins
/data2/ar/iluvatar-energy-experiments/results/trace/fig_9/desktop/mc_4f_traces_nddp_15min/mc_c_0_0/functions/fcfs/12/12/dfs/analysis/sys_full_error_mins
/data2/ar/iluvatar-energy-experiments/results/trace/fig_9/desktop/mc_4f_traces_nddp_15min/mc_c_0_0/functions/fcfs/12/12/dfs/analysis/sys_full_error_mins
/data2/ar/iluvatar-energy-experiments/results/trace/fig_9/desktop/mc_4f_traces_nddp_15min/mc_c_0_4/functions/fcfs/12/12/dfs/analysis/sys_full_error_mins
/data2/ar/iluvatar-energy-experiments/results/trace/fig_9/desktop/mc_4f_traces_nddp_15min/mc_c_0_4/functions/fcfs/12/12/dfs/analysis/sys_full_error_mins
/data2/ar/iluvatar-energy-experiments/results/trace/fig_9/desktop/mc_4f_traces_nddp_15min/mc_c_0_6/functions/fcfs/12/12/dfs/analysis/sys_full_error_mins
/data2/ar/iluvatar-energy-experiments/results/trace/fig_9/desktop/mc_4f_traces_nddp_15min/mc_c_0_6/functions/fcfs/12/12/dfs/analysis/sys_full_error_mins
/data2/ar/iluvatar-energy-experiments/results/trace/fig_9/desktop/mc_4f_traces_nddp_15min/mc_c_0_8/functions/fcfs/12/12/dfs/analysis/sys_full_error_mins
/data2/ar/iluvatar-energy-experiments/results/trace/fig_9/desktop/mc_4f_traces_nddp_15min/mc_c_0_8/functions/fcfs/12/12/dfs/analysis/sys_full_error_mins
/data2/ar/iluvatar-energy-experiments/results/trace/fig_9/desktop/mc_4f_traces_nddp_15min/mc_c/functions/fcfs/12/12/dfs/analysis/sys_full_error_mins
/data2/ar/iluvatar-energy-experiments/results/trace/fig_9/desktop/mc_4f_traces_nddp_15min/mc_c/functions/fcfs/12/12/dfs/analysis/sys_full_error_mins
/data2/ar/iluvatar-energy-experiments/results/trace/fig_9/desktop/mc_4f_traces_nddp_15min/mc_d/functions/fcfs/12/12/dfs/analysis/sys_full_error_mins
/data2/ar/iluvatar-energy-experiments/results/trace/fig_9/desktop/mc_4f_traces_nddp_15min/mc_d/functions/fcfs/12/12/dfs/analysis/sys_full_error_mins
/data2/ar/iluvatar-energy-experiments/results/trace/fig_9/desktop/mc_4f_traces_nddp_15min/mc_i/functions/fcfs/12/12/dfs/analysis/sys_full_error_mins
/data2/ar/iluvatar-energy-experiments/results/trace/fig_9/desktop/mc_4f_traces_nddp_15min/mc_i/functions/fcfs/12/12/dfs/analysis/sys_full_error_mins
/data2/ar/iluvatar-energy-experiments/results/trace/fig_9/desktop/mc_4f_traces_nddp_15min/mc_p/functions/fcfs/12/12/dfs/analysis/sys_full_error_mins
/data2/ar/iluvatar-energy-experiments/results/trace/fig_9/desktop/mc_4f_traces_nddp_15min/mc_p/functions/fcfs/12/12/dfs/analysis/sys_full_error_mins
0,1.5307041110522202,10.141041669565915 - /data2/ar/iluvatar-energy-experiments/results/trace/fig_9/desktop/mc_4f_traces_nddp_15min/mc_d/functions/fcfs/12/12
1,3.725373088932058,19.108518437808666 - /data2/ar/iluvatar-energy-experiments/results/trace/fig_9/desktop/mc_4f_traces_nddp_15min/mc_i/functions/fcfs/12/12
2,4.169485945819815,20.054675664716704 - /data2/ar/iluvatar-energy-experiments/results/trace/fig_9/desktop/mc_4f_traces_nddp_15min/mc_p/functions/fcfs/12/12
3,6.521142992495899,17.463871379317023 - /data2/ar/iluvatar-energy-experiments/results/trace/fig_9/desktop/mc_4f_traces_nddp_15min/mc_c_0_6/functions/fcfs/12/12
4,9.303252516242399,15.836690163176188 - /data2/ar/iluvatar-energy-experiments/results/trace/fig_9/desktop/mc_4f_traces_nddp_15min/mc_a/functions/fcfs/12/12
5,9.541424884604435,13.266173908549627 - /data2/ar/iluvatar-energy-experiments/results/trace/fig_9/desktop/mc_4f_traces_nddp_15min/mc_c_0_8/functions/fcfs/12/12
6,10.307370580847119,14.55174777865833 - /data2/ar/iluvatar-energy-experiments/results/trace/fig_9/desktop/mc_4f_traces_nddp_15min/mc_c_0_4/functions/fcfs/12/12
7,11.90554788813087,9.115091366203925 - /data2/ar/iluvatar-energy-experiments/results/trace/fig_9/desktop/mc_4f_traces_nddp_15min/mc_c_0_0/functions/fcfs/12/12
8,12.006320653488386,7.783284495434828 - /data2/ar/iluvatar-energy-experiments/results/trace/fig_9/desktop/mc_4f_traces_nddp_15min/mc_c/functions/fcfs/12/12
Saved: ./jpt_error_Desktop
added /data2/ar/faasmeter/faasmeter to PATH
added /data2/ar/iluvatar-energy-experiments/scripts/experiments/desktop/native_func_stuff/native_func to PATH
/data2/ar/iluvatar-energy-experiments/results/trace/fig_9/victor/mc_4f_traces_nddp_15min/mc_a/functions/fcfs/24/24/dfs/analysis/sys_full_error_mins
/data2/ar/iluvatar-energy-experiments/results/trace/fig_9/victor/mc_4f_traces_nddp_15min/mc_a/functions/fcfs/24/24/dfs/analysis/sys_full_error_mins
/data2/ar/iluvatar-energy-experiments/results/trace/fig_9/victor/mc_4f_traces_nddp_15min/mc_c/functions/fcfs/24/24/dfs/analysis/sys_full_error_mins
/data2/ar/iluvatar-energy-experiments/results/trace/fig_9/victor/mc_4f_traces_nddp_15min/mc_c/functions/fcfs/24/24/dfs/analysis/sys_full_error_mins
/data2/ar/iluvatar-energy-experiments/results/trace/fig_9/victor/mc_4f_traces_nddp_15min/mc_d/functions/fcfs/24/24/dfs/analysis/sys_full_error_mins
/data2/ar/iluvatar-energy-experiments/results/trace/fig_9/victor/mc_4f_traces_nddp_15min/mc_d/functions/fcfs/24/24/dfs/analysis/sys_full_error_mins
/data2/ar/iluvatar-energy-experiments/results/trace/fig_9/victor/mc_4f_traces_nddp_15min/mc_i/functions/fcfs/24/24/dfs/analysis/sys_full_error_mins
/data2/ar/iluvatar-energy-experiments/results/trace/fig_9/victor/mc_4f_traces_nddp_15min/mc_i/functions/fcfs/24/24/dfs/analysis/sys_full_error_mins
/data2/ar/iluvatar-energy-experiments/results/trace/fig_9/victor/mc_4f_traces_nddp_15min/mc_p/functions/fcfs/24/24/dfs/analysis/sys_full_error_mins
/data2/ar/iluvatar-energy-experiments/results/trace/fig_9/victor/mc_4f_traces_nddp_15min/mc_p/functions/fcfs/24/24/dfs/analysis/sys_full_error_mins
/data2/ar/iluvatar-energy-experiments/results/trace/fig_9/victor/mc_4f_traces_ddp_15min/mc_a/functions/fcfs/24/24/dfs/analysis/sys_full_error_mins
/data2/ar/iluvatar-energy-experiments/results/trace/fig_9/victor/mc_4f_traces_ddp_15min/mc_a/functions/fcfs/24/24/dfs/analysis/sys_full_error_mins
/data2/ar/iluvatar-energy-experiments/results/trace/fig_9/victor/mc_4f_traces_ddp_15min/mc_d/functions/fcfs/24/24/dfs/analysis/sys_full_error_mins
/data2/ar/iluvatar-energy-experiments/results/trace/fig_9/victor/mc_4f_traces_ddp_15min/mc_d/functions/fcfs/24/24/dfs/analysis/sys_full_error_mins
/data2/ar/iluvatar-energy-experiments/results/trace/fig_9/victor/mc_4f_traces_ddp_15min/mc_i/functions/fcfs/24/24/dfs/analysis/sys_full_error_mins
/data2/ar/iluvatar-energy-experiments/results/trace/fig_9/victor/mc_4f_traces_ddp_15min/mc_i/functions/fcfs/24/24/dfs/analysis/sys_full_error_mins
/data2/ar/iluvatar-energy-experiments/results/trace/fig_9/victor/mc_4f_traces_ddp_15min/mc_p/functions/fcfs/24/24/dfs/analysis/sys_full_error_mins
/data2/ar/iluvatar-energy-experiments/results/trace/fig_9/victor/mc_4f_traces_ddp_15min/mc_p/functions/fcfs/24/24/dfs/analysis/sys_full_error_mins
/data2/ar/iluvatar-energy-experiments/results/trace/fig_9/victor/mc_4f_traces_ddp_15min/mc_v/functions/fcfs/24/24/dfs/analysis/sys_full_error_mins
/data2/ar/iluvatar-energy-experiments/results/trace/fig_9/victor/mc_4f_traces_ddp_15min/mc_v/functions/fcfs/24/24/dfs/analysis/sys_full_error_mins
0,1.8054471815592237,6.513002816378882 - /data2/ar/iluvatar-energy-experiments/results/trace/fig_9/victor/mc_4f_traces_nddp_15min/mc_p/functions/fcfs/24/24
1,2.5396102216591405,4.985035732278182 - /data2/ar/iluvatar-energy-experiments/results/trace/fig_9/victor/mc_4f_traces_nddp_15min/mc_d/functions/fcfs/24/24
2,2.9392836826796125,4.761183443336476 - /data2/ar/iluvatar-energy-experiments/results/trace/fig_9/victor/mc_4f_traces_nddp_15min/mc_a/functions/fcfs/24/24
3,3.5617174881631,3.320079571420827 - /data2/ar/iluvatar-energy-experiments/results/trace/fig_9/victor/mc_4f_traces_nddp_15min/mc_i/functions/fcfs/24/24
4,12.658639375019915,3.0983808168978797 - /data2/ar/iluvatar-energy-experiments/results/trace/fig_9/victor/mc_4f_traces_ddp_15min/mc_v/functions/fcfs/24/24
5,13.279803887732042,3.0828346001871743 - /data2/ar/iluvatar-energy-experiments/results/trace/fig_9/victor/mc_4f_traces_ddp_15min/mc_a/functions/fcfs/24/24
6,13.829379666591421,1.7563951233887865 - /data2/ar/iluvatar-energy-experiments/results/trace/fig_9/victor/mc_4f_traces_nddp_15min/mc_c/functions/fcfs/24/24
7,14.955042094824876,3.3650483836697718 - /data2/ar/iluvatar-energy-experiments/results/trace/fig_9/victor/mc_4f_traces_ddp_15min/mc_d/functions/fcfs/24/24
8,15.991289650103191,3.717658105326479 - /data2/ar/iluvatar-energy-experiments/results/trace/fig_9/victor/mc_4f_traces_ddp_15min/mc_p/functions/fcfs/24/24
9,16.562057162888138,4.263840581948233 - /data2/ar/iluvatar-energy-experiments/results/trace/fig_9/victor/mc_4f_traces_ddp_15min/mc_i/functions/fcfs/24/24
Saved: ./jpt_error_Server
added /data2/ar/faasmeter/faasmeter to PATH
added /data2/ar/iluvatar-energy-experiments/scripts/experiments/desktop/native_func_stuff/native_func to PATH
/data2/ar/iluvatar-energy-experiments/results/trace/fig_9/jetson/mc_4f_traces_nddp_15min/mc_a/functions/fcfs/12/12/dfs/analysis/sys_full_error_mins
/data2/ar/iluvatar-energy-experiments/results/trace/fig_9/jetson/mc_4f_traces_nddp_15min/mc_a/functions/fcfs/12/12/dfs/analysis/sys_full_error_mins
/data2/ar/iluvatar-energy-experiments/results/trace/fig_9/jetson/mc_4f_traces_nddp_15min/mc_c/functions/fcfs/12/12/dfs/analysis/sys_full_error_mins
/data2/ar/iluvatar-energy-experiments/results/trace/fig_9/jetson/mc_4f_traces_nddp_15min/mc_c/functions/fcfs/12/12/dfs/analysis/sys_full_error_mins
/data2/ar/iluvatar-energy-experiments/results/trace/fig_9/jetson/mc_4f_traces_nddp_15min/mc_d/functions/fcfs/12/12/dfs/analysis/sys_full_error_mins
/data2/ar/iluvatar-energy-experiments/results/trace/fig_9/jetson/mc_4f_traces_nddp_15min/mc_d/functions/fcfs/12/12/dfs/analysis/sys_full_error_mins
/data2/ar/iluvatar-energy-experiments/results/trace/fig_9/jetson/mc_4f_traces_nddp_15min/mc_i/functions/fcfs/12/12/dfs/analysis/sys_full_error_mins
/data2/ar/iluvatar-energy-experiments/results/trace/fig_9/jetson/mc_4f_traces_nddp_15min/mc_i/functions/fcfs/12/12/dfs/analysis/sys_full_error_mins
/data2/ar/iluvatar-energy-experiments/results/trace/fig_9/jetson/mc_4f_traces_nddp_15min/mc_p/functions/fcfs/12/12/dfs/analysis/sys_full_error_mins
/data2/ar/iluvatar-energy-experiments/results/trace/fig_9/jetson/mc_4f_traces_nddp_15min/mc_p/functions/fcfs/12/12/dfs/analysis/sys_full_error_mins
0,1.9821691469996179,3.4820144042010606 - /data2/ar/iluvatar-energy-experiments/results/trace/fig_9/jetson/mc_4f_traces_nddp_15min/mc_a/functions/fcfs/12/12
1,2.916255101697066,3.7299801186220853 - /data2/ar/iluvatar-energy-experiments/results/trace/fig_9/jetson/mc_4f_traces_nddp_15min/mc_p/functions/fcfs/12/12
2,3.64238270214792,3.106984795534196 - /data2/ar/iluvatar-energy-experiments/results/trace/fig_9/jetson/mc_4f_traces_nddp_15min/mc_d/functions/fcfs/12/12
3,6.761505619721106,2.8703771963015408 - /data2/ar/iluvatar-energy-experiments/results/trace/fig_9/jetson/mc_4f_traces_nddp_15min/mc_i/functions/fcfs/12/12
4,10.108170983448945,0.3382573132157484 - /data2/ar/iluvatar-energy-experiments/results/trace/fig_9/jetson/mc_4f_traces_nddp_15min/mc_c/functions/fcfs/12/12
Saved: ./jpt_error_Jetson
