# started on Tue Aug 29 18:38:55 2023

     1.000051780,23.58,Joules,power/energy-pkg/,1000059574,100.00,,
     2.001211867,21.82,Joules,power/energy-pkg/,1001165685,100.00,,
     3.002413249,16.22,Joules,power/energy-pkg/,1001196604,100.00,,
     4.003556459,29.21,Joules,power/energy-pkg/,1001111159,100.00,,
     5.004708922,9.89,Joules,power/energy-pkg/,1001165125,100.00,,
     6.005967661,31.76,Joules,power/energy-pkg/,1001250750,100.00,,
     7.007186244,11.67,Joules,power/energy-pkg/,1001210725,100.00,,
     8.008284753,25.35,Joules,power/energy-pkg/,1001078597,100.00,,
     9.009437171,19.17,Joules,power/energy-pkg/,1001131429,100.00,,
    10.010632262,16.76,Joules,power/energy-pkg/,1001232734,100.00,,
    11.011934511,28.69,Joules,power/energy-pkg/,1001269842,100.00,,
    12.013112884,7.22,Joules,power/energy-pkg/,1001163269,100.00,,
    13.014387961,31.50,Joules,power/energy-pkg/,1001266965,100.00,,
    14.015618330,11.01,Joules,power/energy-pkg/,1001226853,100.00,,
    15.016783056,25.53,Joules,power/energy-pkg/,1001153576,100.00,,
    16.018048077,19.40,Joules,power/energy-pkg/,1001258165,100.00,,
    17.019229782,16.66,Joules,power/energy-pkg/,1001169173,100.00,,
    18.020042223,28.99,Joules,power/energy-pkg/,1000801558,100.00,,
    19.021203676,6.97,Joules,power/energy-pkg/,1001151978,100.00,,
    20.022484591,31.62,Joules,power/energy-pkg/,1001274681,100.00,,
    21.023690571,10.58,Joules,power/energy-pkg/,1001177037,100.00,,
    22.024859794,24.80,Joules,power/energy-pkg/,1001182124,100.00,,
    23.026131098,20.44,Joules,power/energy-pkg/,1001257416,100.00,,
    24.027285549,15.89,Joules,power/energy-pkg/,1001148866,100.00,,
    25.028028669,29.49,Joules,power/energy-pkg/,1000740208,100.00,,
    26.029250448,6.59,Joules,power/energy-pkg/,1001208478,100.00,,
    27.030558928,32.01,Joules,power/energy-pkg/,1001299671,100.00,,
    28.031698667,11.17,Joules,power/energy-pkg/,1001108463,100.00,,
    29.031983980,24.66,Joules,power/energy-pkg/,1000297788,100.00,,
    30.032936435,20.60,Joules,power/energy-pkg/,1000940068,100.00,,
    31.034147366,15.17,Joules,power/energy-pkg/,1001204497,100.00,,
    32.035363939,29.99,Joules,power/energy-pkg/,1001186777,100.00,,
    33.036063470,6.08,Joules,power/energy-pkg/,1000713085,100.00,,
    34.037414912,31.83,Joules,power/energy-pkg/,1001342343,100.00,,
    35.038637815,12.55,Joules,power/energy-pkg/,1001191265,100.00,,
    36.039793074,23.76,Joules,power/energy-pkg/,1001168676,100.00,,
    37.041039061,21.77,Joules,power/energy-pkg/,1001214227,100.00,,
    38.042184270,14.65,Joules,power/energy-pkg/,1001158970,100.00,,
    39.043480796,31.13,Joules,power/energy-pkg/,1001283012,100.00,,
    40.044078897,5.58,Joules,power/energy-pkg/,1000594063,100.00,,
    41.045388591,31.89,Joules,power/energy-pkg/,1001301525,100.00,,
    42.046701706,11.95,Joules,power/energy-pkg/,1001301855,100.00,,
    43.047893139,24.22,Joules,power/energy-pkg/,1001183195,100.00,,
    44.049146275,21.80,Joules,power/energy-pkg/,1001222678,100.00,,
    45.050347645,15.03,Joules,power/energy-pkg/,1001213554,100.00,,
    46.051647855,31.06,Joules,power/energy-pkg/,1001272950,100.00,,
    47.052512411,6.51,Joules,power/energy-pkg/,1000861801,100.00,,
    48.053699138,31.49,Joules,power/energy-pkg/,1001189173,100.00,,
    49.054996415,13.41,Joules,power/energy-pkg/,1001292131,100.00,,
    50.056185798,23.69,Joules,power/energy-pkg/,1001176367,100.00,,
    51.057478130,21.70,Joules,power/energy-pkg/,1001282255,100.00,,
    52.058695340,14.53,Joules,power/energy-pkg/,1001209383,100.00,,
    53.060018631,29.21,Joules,power/energy-pkg/,1001301410,100.00,,
    54.061238764,6.82,Joules,power/energy-pkg/,1001231680,100.00,,
    55.062623773,32.30,Joules,power/energy-pkg/,1001368720,100.00,,
    56.063850730,10.50,Joules,power/energy-pkg/,1001195406,100.00,,
    57.065052421,25.71,Joules,power/energy-pkg/,1001222447,100.00,,
    58.066309512,18.28,Joules,power/energy-pkg/,1001218981,100.00,,
    59.067405221,19.75,Joules,power/energy-pkg/,1001108285,100.00,,
    60.068038550,26.77,Joules,power/energy-pkg/,1000613474,100.00,,
    61.069251040,9.77,Joules,power/energy-pkg/,1001215521,100.00,,
    62.070734082,32.79,Joules,power/energy-pkg/,1001479042,100.00,,
    63.071977666,7.57,Joules,power/energy-pkg/,1001240892,100.00,,
    64.073187878,28.50,Joules,power/energy-pkg/,1001189820,100.00,,
    65.074500254,18.31,Joules,power/energy-pkg/,1001301939,100.00,,
    66.075714812,18.96,Joules,power/energy-pkg/,1001205131,100.00,,
    67.076031026,27.20,Joules,power/energy-pkg/,1000305730,100.00,,
    68.076161485,12.84,Joules,power/energy-pkg/,1001106155,100.00,,
    69.078323107,46.54,Joules,power/energy-pkg/,1001153072,100.00,,
    70.079426997,41.97,Joules,power/energy-pkg/,1001115503,100.00,,
    71.079975128,64.05,Joules,power/energy-pkg/,1000526595,100.00,,
    72.082080248,70.47,Joules,power/energy-pkg/,1002102728,100.00,,
    73.084012230,73.69,Joules,power/energy-pkg/,1001929553,100.00,,
    74.085257022,71.29,Joules,power/energy-pkg/,1001212544,100.00,,
    75.086356559,60.31,Joules,power/energy-pkg/,1001088386,100.00,,
    76.087466587,62.98,Joules,power/energy-pkg/,1001117406,100.00,,
    77.088045623,48.97,Joules,power/energy-pkg/,1000567421,100.00,,
    78.089221058,68.64,Joules,power/energy-pkg/,1001182963,100.00,,
    79.090447504,58.84,Joules,power/energy-pkg/,1001192122,100.00,,
    80.091605750,53.36,Joules,power/energy-pkg/,1001160920,100.00,,
    81.091957948,58.55,Joules,power/energy-pkg/,1000343757,100.00,,
    82.093134214,44.90,Joules,power/energy-pkg/,1001150232,100.00,,
    83.094203294,45.84,Joules,power/energy-pkg/,1001057307,100.00,,
    84.095360165,31.06,Joules,power/energy-pkg/,1001166322,100.00,,
    85.096044290,59.65,Joules,power/energy-pkg/,1000741759,100.00,,
    86.097375960,63.46,Joules,power/energy-pkg/,1001240351,100.00,,
    87.098549383,53.13,Joules,power/energy-pkg/,1001167852,100.00,,
    88.099779939,38.23,Joules,power/energy-pkg/,1001222532,100.00,,
    89.100054673,29.48,Joules,power/energy-pkg/,1000301340,100.00,,
    90.101254294,45.23,Joules,power/energy-pkg/,1001152360,100.00,,
    91.102422484,46.81,Joules,power/energy-pkg/,1001158936,100.00,,
    92.103495953,58.56,Joules,power/energy-pkg/,1001061608,100.00,,
    93.104042962,49.90,Joules,power/energy-pkg/,1000535658,100.00,,
    94.105175725,38.51,Joules,power/energy-pkg/,1002433959,100.00,,
    95.107573539,59.21,Joules,power/energy-pkg/,1001080941,100.00,,
    96.108039178,50.64,Joules,power/energy-pkg/,1000452136,100.00,,
    97.109203380,24.31,Joules,power/energy-pkg/,1001160997,100.00,,
    98.110352773,33.90,Joules,power/energy-pkg/,1001139997,100.00,,
    99.111497228,22.94,Joules,power/energy-pkg/,1001137939,100.00,,
   100.111955390,50.68,Joules,power/energy-pkg/,1000441269,100.00,,
   101.113129028,46.48,Joules,power/energy-pkg/,1001170982,100.00,,
   102.114303877,32.54,Joules,power/energy-pkg/,1001163718,100.00,,
   103.115099275,30.81,Joules,power/energy-pkg/,1000835690,100.00,,
   104.115954636,45.07,Joules,power/energy-pkg/,1000792572,100.00,,
   105.117096979,35.48,Joules,power/energy-pkg/,1001137087,100.00,,
   106.118241789,29.53,Joules,power/energy-pkg/,1001137310,100.00,,
   107.119402633,46.33,Joules,power/energy-pkg/,1001151700,100.00,,
   108.119957503,48.43,Joules,power/energy-pkg/,1000540102,100.00,,
   109.122823663,75.19,Joules,power/energy-pkg/,1004006457,100.00,,
   110.127521018,75.12,Joules,power/energy-pkg/,1003560491,100.00,,
   111.128042988,67.38,Joules,power/energy-pkg/,1000505121,100.00,,
   112.129174454,64.65,Joules,power/energy-pkg/,1001134068,100.00,,
   113.130308699,58.41,Joules,power/energy-pkg/,1001109185,100.00,,
   114.131477736,53.91,Joules,power/energy-pkg/,1001156612,100.00,,
   115.131964308,43.89,Joules,power/energy-pkg/,1000487319,100.00,,
   116.133099242,44.34,Joules,power/energy-pkg/,1001110027,100.00,,
   117.134327117,30.55,Joules,power/energy-pkg/,1001238799,100.00,,
   118.135626093,28.68,Joules,power/energy-pkg/,1009594049,100.00,,
   119.145075475,33.82,Joules,power/energy-pkg/,1001118391,100.00,,
   120.146249455,35.58,Joules,power/energy-pkg/,1001164291,100.00,,
   121.147320580,43.04,Joules,power/energy-pkg/,1001057471,100.00,,
   122.147977854,61.15,Joules,power/energy-pkg/,1000677023,100.00,,
   123.149108532,41.94,Joules,power/energy-pkg/,1001097113,100.00,,
   124.150299433,33.45,Joules,power/energy-pkg/,1001182411,100.00,,
   125.151444062,27.02,Joules,power/energy-pkg/,1001135169,100.00,,
   126.152055570,41.99,Joules,power/energy-pkg/,1000597105,100.00,,
   127.153191982,43.57,Joules,power/energy-pkg/,1001165875,100.00,,
   128.154364063,58.09,Joules,power/energy-pkg/,1001141561,100.00,,
   129.155645603,39.85,Joules,power/energy-pkg/,1001260798,100.00,,
   130.156056693,49.43,Joules,power/energy-pkg/,1000399013,100.00,,
   131.157267966,35.82,Joules,power/energy-pkg/,1001199918,100.00,,
   132.158418229,23.09,Joules,power/energy-pkg/,1001145525,100.00,,
   133.159494131,41.45,Joules,power/energy-pkg/,1001064631,100.00,,
   134.160048943,47.39,Joules,power/energy-pkg/,1000543023,100.00,,
   135.161122967,47.08,Joules,power/energy-pkg/,1001070139,100.00,,
   136.162249021,60.71,Joules,power/energy-pkg/,1001111997,100.00,,
   137.163418003,58.53,Joules,power/energy-pkg/,1001163770,100.00,,
   138.164032927,53.85,Joules,power/energy-pkg/,1000617124,100.00,,
   139.165124841,44.07,Joules,power/energy-pkg/,1001065899,100.00,,
   140.166283643,38.52,Joules,power/energy-pkg/,1001153998,100.00,,
   141.167410553,47.88,Joules,power/energy-pkg/,1001193156,100.00,,
   142.168049290,48.25,Joules,power/energy-pkg/,1000549607,100.00,,
   143.169297153,43.47,Joules,power/energy-pkg/,1001266308,100.00,,
   144.170533765,26.80,Joules,power/energy-pkg/,1001219898,100.00,,
   145.171705016,48.38,Joules,power/energy-pkg/,1001143925,100.00,,
   146.171956787,50.63,Joules,power/energy-pkg/,1000240733,100.00,,
   147.173115365,53.78,Joules,power/energy-pkg/,1001156618,100.00,,
   148.174305443,60.02,Joules,power/energy-pkg/,1001196871,100.00,,
   149.175503839,44.56,Joules,power/energy-pkg/,1001172812,100.00,,
   150.176032179,32.92,Joules,power/energy-pkg/,1000541058,100.00,,
   151.177209710,38.97,Joules,power/energy-pkg/,1001145066,100.00,,
   152.178283277,36.04,Joules,power/energy-pkg/,1001058392,100.00,,
   153.179450572,42.19,Joules,power/energy-pkg/,1001163981,100.00,,
   154.179956503,41.29,Joules,power/energy-pkg/,1000490466,100.00,,
   155.181142937,28.97,Joules,power/energy-pkg/,1001187573,100.00,,
   156.182308409,46.67,Joules,power/energy-pkg/,1001151345,100.00,,
   157.183387142,41.79,Joules,power/energy-pkg/,1001066756,100.00,,
   158.184045285,51.78,Joules,power/energy-pkg/,1000648250,100.00,,
   159.185154258,61.13,Joules,power/energy-pkg/,1001105049,100.00,,
   160.186333876,57.15,Joules,power/energy-pkg/,1001178972,100.00,,
   161.187440416,36.06,Joules,power/energy-pkg/,1001080165,100.00,,
   162.188051537,39.12,Joules,power/energy-pkg/,1000605169,100.00,,
   163.189155291,44.47,Joules,power/energy-pkg/,1001098931,100.00,,
   164.190366002,41.64,Joules,power/energy-pkg/,1001196516,100.00,,
   165.191448127,44.73,Joules,power/energy-pkg/,1001091733,100.00,,
   166.192029799,47.02,Joules,power/energy-pkg/,1000571974,100.00,,
   167.193199915,48.08,Joules,power/energy-pkg/,1001147432,100.00,,
   168.194354330,37.36,Joules,power/energy-pkg/,1001143396,100.00,,
   169.195503868,43.28,Joules,power/energy-pkg/,1001187657,100.00,,
   170.196073918,59.28,Joules,power/energy-pkg/,1000541836,100.00,,
   171.197217626,62.63,Joules,power/energy-pkg/,1001101344,100.00,,
   172.198430174,43.40,Joules,power/energy-pkg/,1001224561,100.00,,
   173.199751592,37.90,Joules,power/energy-pkg/,1001292705,100.00,,
   174.199954729,52.41,Joules,power/energy-pkg/,1000190464,100.00,,
   175.201110206,58.36,Joules,power/energy-pkg/,1001150846,100.00,,
   176.202221971,21.27,Joules,power/energy-pkg/,1001096642,100.00,,
   177.203368989,32.73,Joules,power/energy-pkg/,1001143047,100.00,,
   178.204049590,47.13,Joules,power/energy-pkg/,1000669117,100.00,,
   179.205149696,48.74,Joules,power/energy-pkg/,1001102643,100.00,,
   180.206344196,31.88,Joules,power/energy-pkg/,1001175858,100.00,,
   181.207494910,39.16,Joules,power/energy-pkg/,1001184345,100.00,,
   182.207962049,42.84,Joules,power/energy-pkg/,1000411851,100.00,,
   183.209127170,52.79,Joules,power/energy-pkg/,1001193854,100.00,,
   184.210301405,50.26,Joules,power/energy-pkg/,1001125172,100.00,,
   185.211462136,51.76,Joules,power/energy-pkg/,1001154955,100.00,,
   186.212033004,45.28,Joules,power/energy-pkg/,1000584031,100.00,,
   187.213221494,44.30,Joules,power/energy-pkg/,1001157477,100.00,,
   188.214393601,51.48,Joules,power/energy-pkg/,1001207216,100.00,,
   189.215583840,49.26,Joules,power/energy-pkg/,1001172675,100.00,,
   190.215974379,51.36,Joules,power/energy-pkg/,1000420730,100.00,,
   191.217304582,40.51,Joules,power/energy-pkg/,1001247805,100.00,,
   192.218397459,35.49,Joules,power/energy-pkg/,1001090650,100.00,,
   193.219565757,29.16,Joules,power/energy-pkg/,1001175656,100.00,,
   194.220045075,40.47,Joules,power/energy-pkg/,1000469608,100.00,,
   195.221252760,57.48,Joules,power/energy-pkg/,1001179415,100.00,,
   196.222440389,63.70,Joules,power/energy-pkg/,1001166178,100.00,,
   197.223546889,59.40,Joules,power/energy-pkg/,1001097418,100.00,,
   198.223966591,63.76,Joules,power/energy-pkg/,1000452075,100.00,,
   199.225197178,58.19,Joules,power/energy-pkg/,1001186882,100.00,,
   200.226349736,49.24,Joules,power/energy-pkg/,1001153749,100.00,,
   201.227444526,54.52,Joules,power/energy-pkg/,1001067121,100.00,,
   202.227967682,56.82,Joules,power/energy-pkg/,1000519462,100.00,,
   203.229177844,54.38,Joules,power/energy-pkg/,1001203013,100.00,,
   204.230348856,46.09,Joules,power/energy-pkg/,1001174797,100.00,,
   205.231536214,53.30,Joules,power/energy-pkg/,1001186934,100.00,,
   206.232042082,51.26,Joules,power/energy-pkg/,1000464967,100.00,,
   207.233182566,38.74,Joules,power/energy-pkg/,1001160473,100.00,,
   208.234375143,52.57,Joules,power/energy-pkg/,1001174573,100.00,,
   209.235567242,54.48,Joules,power/energy-pkg/,1001162678,100.00,,
   210.236044310,57.01,Joules,power/energy-pkg/,1000480334,100.00,,
   211.236925662,30.79,Joules,power/energy-pkg/,1000911796,100.00,,
   212.238110469,41.35,Joules,power/energy-pkg/,1001133774,100.00,,
   213.239332084,45.04,Joules,power/energy-pkg/,1001244499,100.00,,
   214.240053022,56.90,Joules,power/energy-pkg/,1000674781,100.00,,
   215.241250492,30.99,Joules,power/energy-pkg/,1001185095,100.00,,
   216.242346574,38.81,Joules,power/energy-pkg/,1001088051,100.00,,
   217.243532683,44.33,Joules,power/energy-pkg/,1001177083,100.00,,
   218.244004348,60.63,Joules,power/energy-pkg/,1000468297,100.00,,
   219.245144577,28.63,Joules,power/energy-pkg/,1001119108,100.00,,
   220.246244061,57.48,Joules,power/energy-pkg/,1001091063,100.00,,
   221.247338281,43.59,Joules,power/energy-pkg/,1001096020,100.00,,
   222.248041694,39.04,Joules,power/energy-pkg/,1000680873,100.00,,
   223.249116110,56.49,Joules,power/energy-pkg/,1001069955,100.00,,
   224.250256123,58.07,Joules,power/energy-pkg/,1001126135,100.00,,
   225.251408720,49.49,Joules,power/energy-pkg/,1001148699,100.00,,
   226.251958946,37.53,Joules,power/energy-pkg/,1000534259,100.00,,
   227.253035799,32.83,Joules,power/energy-pkg/,1001070954,100.00,,
   228.254141138,45.30,Joules,power/energy-pkg/,1001097867,100.00,,
   229.255337845,46.83,Joules,power/energy-pkg/,1001188784,100.00,,
   230.255955558,36.83,Joules,power/energy-pkg/,1000602059,100.00,,
   231.257194417,35.39,Joules,power/energy-pkg/,1001249447,100.00,,
   232.258413252,41.74,Joules,power/energy-pkg/,1001189689,100.00,,
   233.259572049,51.44,Joules,power/energy-pkg/,1001155615,100.00,,
   234.260044414,56.80,Joules,power/energy-pkg/,1000457445,100.00,,
   235.260780775,53.09,Joules,power/energy-pkg/,1000742802,100.00,,
   236.261955926,49.91,Joules,power/energy-pkg/,1001168677,100.00,,
   237.263061981,34.10,Joules,power/energy-pkg/,1001076841,100.00,,
   238.263955572,51.47,Joules,power/energy-pkg/,1000883305,100.00,,
   239.265101219,40.82,Joules,power/energy-pkg/,1001141898,100.00,,
   240.266187072,58.23,Joules,power/energy-pkg/,1001082462,100.00,,
   241.267415475,42.92,Joules,power/energy-pkg/,1001251826,100.00,,
   242.268049460,64.98,Joules,power/energy-pkg/,1000582487,100.00,,
   243.269214446,40.80,Joules,power/energy-pkg/,1001156299,100.00,,
   244.270366206,29.15,Joules,power/energy-pkg/,1001141305,100.00,,
   245.271512611,29.13,Joules,power/energy-pkg/,1001139468,100.00,,
   246.272186916,44.31,Joules,power/energy-pkg/,1000671459,100.00,,
   247.273288153,56.39,Joules,power/energy-pkg/,1001081006,100.00,,
   248.274441342,57.60,Joules,power/energy-pkg/,1001148927,100.00,,
   249.275588599,47.65,Joules,power/energy-pkg/,1001160693,100.00,,
   250.275965742,64.81,Joules,power/energy-pkg/,1000356321,100.00,,
   251.277098190,60.29,Joules,power/energy-pkg/,1001112623,100.00,,
   252.278364473,57.48,Joules,power/energy-pkg/,1001254250,100.00,,
   253.279477529,49.21,Joules,power/energy-pkg/,1001109152,100.00,,
   254.280743080,37.41,Joules,power/energy-pkg/,1001349947,100.00,,
   255.282091917,36.26,Joules,power/energy-pkg/,1001246584,100.00,,
   256.283310468,51.99,Joules,power/energy-pkg/,1001218528,100.00,,
   257.284044691,48.55,Joules,power/energy-pkg/,1000703846,100.00,,
   258.284437199,33.13,Joules,power/energy-pkg/,1000451414,100.00,,
   259.285664426,33.35,Joules,power/energy-pkg/,1001177516,100.00,,
   260.286851022,40.47,Joules,power/energy-pkg/,1001157423,100.00,,
   261.288057198,40.67,Joules,power/energy-pkg/,1001191104,100.00,,
   262.289203546,29.02,Joules,power/energy-pkg/,1001167284,100.00,,
   263.290402831,51.82,Joules,power/energy-pkg/,1001162655,100.00,,
   264.291550287,37.54,Joules,power/energy-pkg/,1001136538,100.00,,
   265.292711113,55.56,Joules,power/energy-pkg/,1001221597,100.00,,
   266.294016459,45.93,Joules,power/energy-pkg/,1001227598,100.00,,
   267.295182851,24.65,Joules,power/energy-pkg/,1001156946,100.00,,
   268.295997631,55.80,Joules,power/energy-pkg/,1004758000,100.00,,
   269.301041842,46.95,Joules,power/energy-pkg/,1001086349,100.00,,
   270.302128375,55.58,Joules,power/energy-pkg/,1001067913,100.00,,
   271.303254635,54.94,Joules,power/energy-pkg/,1001138419,100.00,,
   272.304040563,57.88,Joules,power/energy-pkg/,1000771086,100.00,,
   273.305201238,53.48,Joules,power/energy-pkg/,1001141286,100.00,,
   274.306298104,56.68,Joules,power/energy-pkg/,1001122469,100.00,,
   275.307549201,63.03,Joules,power/energy-pkg/,1001259625,100.00,,
   276.308073145,60.14,Joules,power/energy-pkg/,1000481930,100.00,,
   277.309291383,40.19,Joules,power/energy-pkg/,1001205493,100.00,,
   278.310409444,42.03,Joules,power/energy-pkg/,1001089350,100.00,,
   279.311630084,55.19,Joules,power/energy-pkg/,1001207922,100.00,,
   280.311981420,47.87,Joules,power/energy-pkg/,1000354743,100.00,,
   281.313087043,67.11,Joules,power/energy-pkg/,1001089735,100.00,,
   282.314328028,53.51,Joules,power/energy-pkg/,1001223281,100.00,,
   283.315468623,44.92,Joules,power/energy-pkg/,1001150272,100.00,,
   284.315969427,42.30,Joules,power/energy-pkg/,1000475383,100.00,,
   285.317093005,63.75,Joules,power/energy-pkg/,1001144458,100.00,,
   286.318282547,58.04,Joules,power/energy-pkg/,1001144887,100.00,,
   287.319384888,56.23,Joules,power/energy-pkg/,1001096055,100.00,,
   288.320043427,37.60,Joules,power/energy-pkg/,1000643875,100.00,,
   289.321118139,38.12,Joules,power/energy-pkg/,1001068077,100.00,,
   290.322298608,39.27,Joules,power/energy-pkg/,1001172543,100.00,,
   291.323489978,37.10,Joules,power/energy-pkg/,1001199328,100.00,,
   292.324201125,48.52,Joules,power/energy-pkg/,1000723540,100.00,,
   293.325365319,46.57,Joules,power/energy-pkg/,1001123827,100.00,,
   294.326532487,55.72,Joules,power/energy-pkg/,1001178316,100.00,,
   295.327656335,64.22,Joules,power/energy-pkg/,1001082112,100.00,,
   296.327958767,69.31,Joules,power/energy-pkg/,1000319914,100.00,,
   297.329092271,66.30,Joules,power/energy-pkg/,1001096569,100.00,,
   298.330254216,65.20,Joules,power/energy-pkg/,1001190584,100.00,,
   299.331409826,48.90,Joules,power/energy-pkg/,1001109996,100.00,,
   300.332046577,59.88,Joules,power/energy-pkg/,1000623120,100.00,,
   301.333199036,48.17,Joules,power/energy-pkg/,1001149856,100.00,,
   302.334285970,63.53,Joules,power/energy-pkg/,1001098073,100.00,,
   303.335492223,60.27,Joules,power/energy-pkg/,1001173274,100.00,,
   304.336036970,27.98,Joules,power/energy-pkg/,1000557856,100.00,,
   305.337149856,60.00,Joules,power/energy-pkg/,1001114356,100.00,,
   306.338340560,54.24,Joules,power/energy-pkg/,1001154409,100.00,,
   307.339455206,61.43,Joules,power/energy-pkg/,1001106907,100.00,,
   308.339964537,56.14,Joules,power/energy-pkg/,1000508585,100.00,,
   309.341160364,62.47,Joules,power/energy-pkg/,1001206482,100.00,,
   310.342331549,54.95,Joules,power/energy-pkg/,1001120949,100.00,,
   311.343500902,33.53,Joules,power/energy-pkg/,1001161454,100.00,,
   312.343976708,40.26,Joules,power/energy-pkg/,1000526378,100.00,,
   313.345201590,46.42,Joules,power/energy-pkg/,1001200143,100.00,,
   314.346359885,56.28,Joules,power/energy-pkg/,1001128844,100.00,,
   315.347529593,56.36,Joules,power/energy-pkg/,1001132592,100.00,,
   316.348054077,49.12,Joules,power/energy-pkg/,1000542729,100.00,,
   317.349245904,45.21,Joules,power/energy-pkg/,1001188136,100.00,,
   318.350651508,30.39,Joules,power/energy-pkg/,1001389297,100.00,,
   319.351994311,37.99,Joules,power/energy-pkg/,1001318152,100.00,,
   320.353148944,31.88,Joules,power/energy-pkg/,1001150595,100.00,,
   321.354318498,42.18,Joules,power/energy-pkg/,1001144063,100.00,,
   322.355416780,38.03,Joules,power/energy-pkg/,1001086139,100.00,,
   323.356035129,65.60,Joules,power/energy-pkg/,1000632305,100.00,,
   324.357232329,49.74,Joules,power/energy-pkg/,1001170601,100.00,,
   325.358443417,28.11,Joules,power/energy-pkg/,1001217522,100.00,,
   326.359765010,24.81,Joules,power/energy-pkg/,1001296682,100.00,,
   327.360924398,29.26,Joules,power/energy-pkg/,1001143174,100.00,,
   328.362074890,46.45,Joules,power/energy-pkg/,1001146262,100.00,,
   329.363230666,44.43,Joules,power/energy-pkg/,1001173348,100.00,,
   330.364038888,50.47,Joules,power/energy-pkg/,1000765089,100.00,,
   331.365183702,44.29,Joules,power/energy-pkg/,1001139356,100.00,,
   332.366257589,49.02,Joules,power/energy-pkg/,1001062831,100.00,,
   333.367403142,60.84,Joules,power/energy-pkg/,1001189115,100.00,,
   334.367983265,64.58,Joules,power/energy-pkg/,1000519435,100.00,,
   335.370425253,61.18,Joules,power/energy-pkg/,1003319868,100.00,,
   336.375249433,56.58,Joules,power/energy-pkg/,1003926017,100.00,,
   337.375977923,55.26,Joules,power/energy-pkg/,1000760855,100.00,,
   338.377261746,59.63,Joules,power/energy-pkg/,1001258220,100.00,,
   339.378460516,39.93,Joules,power/energy-pkg/,1001165341,100.00,,
   340.379648345,28.84,Joules,power/energy-pkg/,1001194825,100.00,,
   341.380967844,34.38,Joules,power/energy-pkg/,1001286795,100.00,,
   342.382042973,44.39,Joules,power/energy-pkg/,1001077217,100.00,,
   343.383244820,58.32,Joules,power/energy-pkg/,1001204133,100.00,,
   344.383962303,45.05,Joules,power/energy-pkg/,1000685664,100.00,,
   345.385056433,52.24,Joules,power/energy-pkg/,1001083436,100.00,,
   346.386206984,37.64,Joules,power/energy-pkg/,1001158630,100.00,,
   347.387303683,44.49,Joules,power/energy-pkg/,1001069261,100.00,,
   348.388040547,61.15,Joules,power/energy-pkg/,1000740922,100.00,,
   349.389142958,44.48,Joules,power/energy-pkg/,1001083254,100.00,,
   350.390259374,34.82,Joules,power/energy-pkg/,1001116136,100.00,,
   351.391450604,46.80,Joules,power/energy-pkg/,1001171807,100.00,,
   352.392689137,31.09,Joules,power/energy-pkg/,1001253038,100.00,,
   353.393846809,24.85,Joules,power/energy-pkg/,1001132579,100.00,,
   354.394932567,39.65,Joules,power/energy-pkg/,1001067252,100.00,,
   355.396047313,38.93,Joules,power/energy-pkg/,1001100583,100.00,,
   356.397194562,21.88,Joules,power/energy-pkg/,1001141570,100.00,,
   357.398356102,38.93,Joules,power/energy-pkg/,1001151582,100.00,,
   358.399420972,44.08,Joules,power/energy-pkg/,1001050361,100.00,,
   359.399961480,59.19,Joules,power/energy-pkg/,1000550459,100.00,,
   360.401178206,43.13,Joules,power/energy-pkg/,1001194688,100.00,,
   361.402248222,40.24,Joules,power/energy-pkg/,1001053437,100.00,,
   362.403329847,57.52,Joules,power/energy-pkg/,1001074215,100.00,,
   363.403964902,43.70,Joules,power/energy-pkg/,1000643794,100.00,,
   364.405191270,45.83,Joules,power/energy-pkg/,1001201176,100.00,,
   365.406332669,37.79,Joules,power/energy-pkg/,1001152015,100.00,,
   366.407442644,50.56,Joules,power/energy-pkg/,1001096788,100.00,,
   367.408041369,25.47,Joules,power/energy-pkg/,1000568667,100.00,,
   368.409187915,32.63,Joules,power/energy-pkg/,1001183735,100.00,,
   369.410320167,42.00,Joules,power/energy-pkg/,1001077098,100.00,,
   370.411430465,43.52,Joules,power/energy-pkg/,1001099528,100.00,,
   371.412043337,53.55,Joules,power/energy-pkg/,1000603514,100.00,,
   372.413117389,25.74,Joules,power/energy-pkg/,1001062868,100.00,,
   373.414200981,57.03,Joules,power/energy-pkg/,1001078844,100.00,,
   374.415313005,40.88,Joules,power/energy-pkg/,1001104110,100.00,,
   375.416244076,52.03,Joules,power/energy-pkg/,1000940399,100.00,,
   376.417597283,51.53,Joules,power/energy-pkg/,1001375838,100.00,,
   377.418837522,43.23,Joules,power/energy-pkg/,1001178330,100.00,,
   378.420049377,41.62,Joules,power/energy-pkg/,1001240226,100.00,,
   379.421298347,52.76,Joules,power/energy-pkg/,1001236996,100.00,,
   380.422526878,56.29,Joules,power/energy-pkg/,1001182260,100.00,,
   381.423603734,18.50,Joules,power/energy-pkg/,1001062134,100.00,,
   382.424045285,28.14,Joules,power/energy-pkg/,1000431387,100.00,,
   383.425117833,42.28,Joules,power/energy-pkg/,1001064204,100.00,,
   384.426306174,31.41,Joules,power/energy-pkg/,1001183114,100.00,,
   385.427457032,49.24,Joules,power/energy-pkg/,1001140989,100.00,,
   386.427958260,37.75,Joules,power/energy-pkg/,1000504110,100.00,,
   387.429075997,54.42,Joules,power/energy-pkg/,1001090894,100.00,,
   388.430162456,57.76,Joules,power/energy-pkg/,1001076459,100.00,,
   389.431286759,50.80,Joules,power/energy-pkg/,1001129833,100.00,,
   390.431971017,51.62,Joules,power/energy-pkg/,1000674934,100.00,,
   391.433154478,61.75,Joules,power/energy-pkg/,1001166894,100.00,,
   392.434383816,40.58,Joules,power/energy-pkg/,1001214717,100.00,,
   393.435460731,43.63,Joules,power/energy-pkg/,1001063874,100.00,,
   394.436046017,49.17,Joules,power/energy-pkg/,1000573358,100.00,,
   395.437196334,16.43,Joules,power/energy-pkg/,1001145682,100.00,,
   396.438348304,45.12,Joules,power/energy-pkg/,1001178454,100.00,,
   397.439529883,40.03,Joules,power/energy-pkg/,1001132086,100.00,,
   398.439962099,46.66,Joules,power/energy-pkg/,1000428216,100.00,,
   399.441167222,36.76,Joules,power/energy-pkg/,1001284932,100.00,,
   400.442586864,61.14,Joules,power/energy-pkg/,1001323141,100.00,,
   401.443722732,47.64,Joules,power/energy-pkg/,1001120841,100.00,,
   402.444049536,42.77,Joules,power/energy-pkg/,1000314282,100.00,,
   403.445216811,50.80,Joules,power/energy-pkg/,1001160466,100.00,,
   404.446291254,49.79,Joules,power/energy-pkg/,1001074062,100.00,,
   405.447406870,68.38,Joules,power/energy-pkg/,1001093226,100.00,,
   406.447974830,42.75,Joules,power/energy-pkg/,1000583230,100.00,,
   407.449159938,55.26,Joules,power/energy-pkg/,1001197908,100.00,,
   408.450394673,45.50,Joules,power/energy-pkg/,1001182487,100.00,,
   409.451540812,50.57,Joules,power/energy-pkg/,1001154178,100.00,,
   410.452046074,42.56,Joules,power/energy-pkg/,1000473898,100.00,,
   411.453202420,43.68,Joules,power/energy-pkg/,1001145653,100.00,,
   412.454336858,50.04,Joules,power/energy-pkg/,1001133086,100.00,,
   413.455422706,31.81,Joules,power/energy-pkg/,1001066792,100.00,,
   414.455977240,43.93,Joules,power/energy-pkg/,1000634426,100.00,,
   415.457212491,51.79,Joules,power/energy-pkg/,1001135685,100.00,,
   416.458366126,32.11,Joules,power/energy-pkg/,1001170283,100.00,,
   417.459542759,34.87,Joules,power/energy-pkg/,1001140057,100.00,,
   418.459957268,22.82,Joules,power/energy-pkg/,1000405037,100.00,,
   419.461132918,46.67,Joules,power/energy-pkg/,1001172723,100.00,,
   420.462208470,30.85,Joules,power/energy-pkg/,1001061763,100.00,,
   421.463372521,61.91,Joules,power/energy-pkg/,1001174579,100.00,,
   422.463956584,48.07,Joules,power/energy-pkg/,1000551649,100.00,,
   423.465069133,49.42,Joules,power/energy-pkg/,1001106874,100.00,,
   424.466178541,56.89,Joules,power/energy-pkg/,1001116671,100.00,,
   425.467395276,69.64,Joules,power/energy-pkg/,1001216342,100.00,,
   426.467970578,55.37,Joules,power/energy-pkg/,1000549260,100.00,,
   427.469135837,48.20,Joules,power/energy-pkg/,1001148556,100.00,,
   428.470347136,61.18,Joules,power/energy-pkg/,1001200419,100.00,,
   429.471501433,45.40,Joules,power/energy-pkg/,1001157707,100.00,,
   430.472053283,36.30,Joules,power/energy-pkg/,1000583377,100.00,,
   431.473201488,36.92,Joules,power/energy-pkg/,1001113816,100.00,,
   432.474401559,69.07,Joules,power/energy-pkg/,1001190184,100.00,,
   433.475608557,64.01,Joules,power/energy-pkg/,1001166448,100.00,,
   434.476055127,59.23,Joules,power/energy-pkg/,1000438583,100.00,,
   435.477184424,61.36,Joules,power/energy-pkg/,1001115267,100.00,,
   436.478307748,60.01,Joules,power/energy-pkg/,1001112081,100.00,,
   437.479466484,60.40,Joules,power/energy-pkg/,1001177121,100.00,,
   438.479982973,69.08,Joules,power/energy-pkg/,1000516788,100.00,,
   439.481247976,72.36,Joules,power/energy-pkg/,1001230773,100.00,,
   440.482507572,71.56,Joules,power/energy-pkg/,1001275058,100.00,,
   441.483738866,53.94,Joules,power/energy-pkg/,1001187516,100.00,,
   442.483958317,32.77,Joules,power/energy-pkg/,1000213294,100.00,,
   443.485064648,54.44,Joules,power/energy-pkg/,1001099861,100.00,,
   444.486310548,50.89,Joules,power/energy-pkg/,1001249591,100.00,,
   445.487503865,41.67,Joules,power/energy-pkg/,1001163538,100.00,,
   446.488043490,54.66,Joules,power/energy-pkg/,1000534169,100.00,,
   447.489207717,24.64,Joules,power/energy-pkg/,1001152675,100.00,,
   448.490395142,51.78,Joules,power/energy-pkg/,1001176601,100.00,,
   449.491586084,41.40,Joules,power/energy-pkg/,1001192684,100.00,,
   450.492045611,47.24,Joules,power/energy-pkg/,1000432256,100.00,,
   451.493208429,47.39,Joules,power/energy-pkg/,1001173720,100.00,,
   452.494384873,51.04,Joules,power/energy-pkg/,1001169556,100.00,,
   453.495565150,55.80,Joules,power/energy-pkg/,1001148540,100.00,,
   454.495968288,28.18,Joules,power/energy-pkg/,1000406811,100.00,,
   455.497088172,58.20,Joules,power/energy-pkg/,1001105549,100.00,,
   456.498194464,59.22,Joules,power/energy-pkg/,1001126786,100.00,,
   457.499432675,60.10,Joules,power/energy-pkg/,1001200873,100.00,,
   458.500044869,52.20,Joules,power/energy-pkg/,1000628386,100.00,,
   459.501216756,59.26,Joules,power/energy-pkg/,1001140248,100.00,,
   460.502432664,48.28,Joules,power/energy-pkg/,1001184825,100.00,,
   461.503540028,52.94,Joules,power/energy-pkg/,1001146026,100.00,,
   462.504036517,54.84,Joules,power/energy-pkg/,1000455958,100.00,,
   463.505205235,47.15,Joules,power/energy-pkg/,1001183377,100.00,,
   464.506434879,37.28,Joules,power/energy-pkg/,1001182643,100.00,,
   465.507577436,48.61,Joules,power/energy-pkg/,1001142614,100.00,,
   466.507961805,51.75,Joules,power/energy-pkg/,1000375102,100.00,,
   467.509156727,36.27,Joules,power/energy-pkg/,1001179991,100.00,,
   468.510359034,42.38,Joules,power/energy-pkg/,1001187689,100.00,,
   469.511460311,41.13,Joules,power/energy-pkg/,1001096241,100.00,,
   470.512038001,57.57,Joules,power/energy-pkg/,1000620935,100.00,,
   471.513324659,58.80,Joules,power/energy-pkg/,1001289318,100.00,,
   472.514565385,45.21,Joules,power/energy-pkg/,1001177525,100.00,,
   473.515675721,50.50,Joules,power/energy-pkg/,1001128659,100.00,,
   474.515971959,67.36,Joules,power/energy-pkg/,1000274365,100.00,,
   475.517221671,65.37,Joules,power/energy-pkg/,1001207029,100.00,,
   476.518306302,46.38,Joules,power/energy-pkg/,1001069832,100.00,,
   477.519475817,63.99,Joules,power/energy-pkg/,1001169325,100.00,,
   478.519968690,59.79,Joules,power/energy-pkg/,1000477337,100.00,,
   479.521106013,70.73,Joules,power/energy-pkg/,1001180362,100.00,,
   480.522362628,62.62,Joules,power/energy-pkg/,1001195824,100.00,,
   481.523534991,42.95,Joules,power/energy-pkg/,1001157219,100.00,,
   482.524241789,32.11,Joules,power/energy-pkg/,1000710025,100.00,,
   483.525429149,29.31,Joules,power/energy-pkg/,1001167602,100.00,,
   484.526511869,50.66,Joules,power/energy-pkg/,1001068164,100.00,,
   485.527658045,37.18,Joules,power/energy-pkg/,1001155590,100.00,,
   486.528039053,45.89,Joules,power/energy-pkg/,1000393279,100.00,,
   487.529206287,49.12,Joules,power/energy-pkg/,1001157293,100.00,,
   488.530473918,49.92,Joules,power/energy-pkg/,1001268189,100.00,,
   489.531678587,56.13,Joules,power/energy-pkg/,1001172576,100.00,,
   490.532056875,44.78,Joules,power/energy-pkg/,1000341180,100.00,,
   491.533150167,37.63,Joules,power/energy-pkg/,1001080358,100.00,,
   492.534300916,38.52,Joules,power/energy-pkg/,1001146134,100.00,,
   493.535453870,42.37,Joules,power/energy-pkg/,1001142813,100.00,,
   494.536037837,35.40,Joules,power/energy-pkg/,1000592617,100.00,,
   495.537234283,24.51,Joules,power/energy-pkg/,1001186198,100.00,,
   496.538531442,46.71,Joules,power/energy-pkg/,1002687479,100.00,,
   497.541100320,48.96,Joules,power/energy-pkg/,1001159971,100.00,,
   498.541989579,44.11,Joules,power/energy-pkg/,1000946758,100.00,,
   499.543158889,14.75,Joules,power/energy-pkg/,1001094869,100.00,,
   500.543965408,51.70,Joules,power/energy-pkg/,1000812086,100.00,,
   501.545223933,39.38,Joules,power/energy-pkg/,1001214249,100.00,,
   502.546379259,57.78,Joules,power/energy-pkg/,1001141515,100.00,,
   503.547493189,46.21,Joules,power/energy-pkg/,1001102420,100.00,,
   504.548046206,48.49,Joules,power/energy-pkg/,1000545531,100.00,,
   505.549214829,41.04,Joules,power/energy-pkg/,1001170859,100.00,,
   506.550387370,20.36,Joules,power/energy-pkg/,1001154495,100.00,,
   507.551468136,49.91,Joules,power/energy-pkg/,1001063222,100.00,,
   508.552053649,51.18,Joules,power/energy-pkg/,1000581790,100.00,,
   509.553231225,55.96,Joules,power/energy-pkg/,1001168926,100.00,,
   510.554354221,48.12,Joules,power/energy-pkg/,1001106395,100.00,,
   511.555520022,52.52,Joules,power/energy-pkg/,1001158544,100.00,,
   512.555956087,35.20,Joules,power/energy-pkg/,1000421753,100.00,,
   513.557122120,34.77,Joules,power/energy-pkg/,1001161819,100.00,,
   514.558206738,62.31,Joules,power/energy-pkg/,1001071418,100.00,,
   515.559290492,35.44,Joules,power/energy-pkg/,1001071895,100.00,,
   516.560049636,50.27,Joules,power/energy-pkg/,1000750635,100.00,,
   517.561196776,53.99,Joules,power/energy-pkg/,1001167422,100.00,,
   518.562386673,64.60,Joules,power/energy-pkg/,1001152744,100.00,,
   519.563535965,54.17,Joules,power/energy-pkg/,1001171978,100.00,,
   520.564043379,60.72,Joules,power/energy-pkg/,1000540857,100.00,,
   521.565388180,50.62,Joules,power/energy-pkg/,1001259269,100.00,,
   522.566535123,34.61,Joules,power/energy-pkg/,1001160073,100.00,,
   523.567657713,57.56,Joules,power/energy-pkg/,1001106108,100.00,,
   524.568045718,57.40,Joules,power/energy-pkg/,1000359017,100.00,,
   525.569202606,45.13,Joules,power/energy-pkg/,1001151979,100.00,,
   526.570360514,40.14,Joules,power/energy-pkg/,1001175644,100.00,,
   527.571508209,46.54,Joules,power/energy-pkg/,1001115897,100.00,,
   528.571964022,43.20,Joules,power/energy-pkg/,1000451074,100.00,,
   529.573173608,49.23,Joules,power/energy-pkg/,1001215845,100.00,,
   530.574491461,50.72,Joules,power/energy-pkg/,1001296607,100.00,,
   531.575793152,38.15,Joules,power/energy-pkg/,1001273594,100.00,,
   532.576044211,51.61,Joules,power/energy-pkg/,1000320758,100.00,,
   533.577332663,48.22,Joules,power/energy-pkg/,1001220884,100.00,,
   534.578502285,55.41,Joules,power/energy-pkg/,1001139090,100.00,,
   535.579585012,48.08,Joules,power/energy-pkg/,1001084105,100.00,,
   536.579960769,45.76,Joules,power/energy-pkg/,1000352095,100.00,,
   537.581127207,51.03,Joules,power/energy-pkg/,1001195648,100.00,,
   538.582514565,66.29,Joules,power/energy-pkg/,1001343552,100.00,,
   539.583724393,48.43,Joules,power/energy-pkg/,1001193160,100.00,,
   540.584046639,44.75,Joules,power/energy-pkg/,1000314500,100.00,,
   541.585151103,43.83,Joules,power/energy-pkg/,1001092915,100.00,,
   542.586329834,46.03,Joules,power/energy-pkg/,1001170013,100.00,,
   543.587481571,43.84,Joules,power/energy-pkg/,1001163317,100.00,,
   544.588040573,44.21,Joules,power/energy-pkg/,1000524169,100.00,,
   545.589183048,36.53,Joules,power/energy-pkg/,1001150341,100.00,,
   546.590355070,49.82,Joules,power/energy-pkg/,1001151699,100.00,,
   547.591545106,50.55,Joules,power/energy-pkg/,1001212098,100.00,,
   548.591964887,55.67,Joules,power/energy-pkg/,1000396535,100.00,,
   549.593177030,44.46,Joules,power/energy-pkg/,1001182195,100.00,,
   550.594263684,48.35,Joules,power/energy-pkg/,1001070430,100.00,,
   551.595335326,42.95,Joules,power/energy-pkg/,1001064796,100.00,,
   552.595961873,45.61,Joules,power/energy-pkg/,1000629629,100.00,,
   553.597155118,40.59,Joules,power/energy-pkg/,1001172028,100.00,,
   554.598297129,33.67,Joules,power/energy-pkg/,1001132292,100.00,,
   555.599451725,57.13,Joules,power/energy-pkg/,1001169666,100.00,,
   556.600450203,50.77,Joules,power/energy-pkg/,1001013267,100.00,,
   557.601623444,38.36,Joules,power/energy-pkg/,1001139937,100.00,,
   558.602823675,44.54,Joules,power/energy-pkg/,1001163503,100.00,,
   559.604012252,47.36,Joules,power/energy-pkg/,1001193570,100.00,,
   560.605186096,52.92,Joules,power/energy-pkg/,1001150208,100.00,,
   561.606356100,39.60,Joules,power/energy-pkg/,1001160099,100.00,,
   562.607498457,32.06,Joules,power/energy-pkg/,1001136816,100.00,,
   563.608030799,43.45,Joules,power/energy-pkg/,1000553243,100.00,,
   564.609190437,43.45,Joules,power/energy-pkg/,1001110288,100.00,,
   565.610352707,46.59,Joules,power/energy-pkg/,1001156361,100.00,,
   566.611529987,29.25,Joules,power/energy-pkg/,1001168643,100.00,,
   567.612043032,21.06,Joules,power/energy-pkg/,1000496136,100.00,,
   568.613187596,39.67,Joules,power/energy-pkg/,1001166745,100.00,,
   569.614315564,47.21,Joules,power/energy-pkg/,1001089776,100.00,,
   570.615491613,39.82,Joules,power/energy-pkg/,1001165810,100.00,,
   571.616032252,48.67,Joules,power/energy-pkg/,1000553153,100.00,,
   572.617163379,49.81,Joules,power/energy-pkg/,1001119096,100.00,,
   573.618453142,40.94,Joules,power/energy-pkg/,1001261326,100.00,,
   574.619533055,36.99,Joules,power/energy-pkg/,1001092884,100.00,,
   575.620036692,57.08,Joules,power/energy-pkg/,1000494084,100.00,,
   576.621166541,60.59,Joules,power/energy-pkg/,1001100385,100.00,,
   577.622360838,66.74,Joules,power/energy-pkg/,1001185131,100.00,,
   578.623594149,70.29,Joules,power/energy-pkg/,1001239496,100.00,,
   579.623964474,70.68,Joules,power/energy-pkg/,1000355859,100.00,,
   580.625117853,54.51,Joules,power/energy-pkg/,1001136150,100.00,,
   581.626280500,61.81,Joules,power/energy-pkg/,1001147448,100.00,,
   582.627443247,49.75,Joules,power/energy-pkg/,1001163859,100.00,,
   583.627965970,60.78,Joules,power/energy-pkg/,1000526520,100.00,,
   584.629215195,63.36,Joules,power/energy-pkg/,1001210540,100.00,,
   585.630305924,42.74,Joules,power/energy-pkg/,1001078325,100.00,,
   586.631413123,51.28,Joules,power/energy-pkg/,1001094687,100.00,,
   587.631957882,53.53,Joules,power/energy-pkg/,1000555203,100.00,,
   588.633131505,46.09,Joules,power/energy-pkg/,1001146489,100.00,,
   589.634275543,46.98,Joules,power/energy-pkg/,1001171372,100.00,,
   590.635411389,59.17,Joules,power/energy-pkg/,1001089347,100.00,,
   591.636046767,47.02,Joules,power/energy-pkg/,1000659671,100.00,,
   592.637264845,46.90,Joules,power/energy-pkg/,1001178998,100.00,,
   593.638369455,47.49,Joules,power/energy-pkg/,1001088313,100.00,,
   594.639563531,46.29,Joules,power/energy-pkg/,1001214868,100.00,,
   595.639956278,49.96,Joules,power/energy-pkg/,1000350982,100.00,,
   596.641069494,48.60,Joules,power/energy-pkg/,1001105983,100.00,,
   597.642190400,59.26,Joules,power/energy-pkg/,1001129923,100.00,,
   598.643489980,53.24,Joules,power/energy-pkg/,1001272684,100.00,,
   599.644047183,48.16,Joules,power/energy-pkg/,1000558825,100.00,,
   600.645231606,66.09,Joules,power/energy-pkg/,1001187505,100.00,,
   601.646368620,37.72,Joules,power/energy-pkg/,1001096208,100.00,,
   602.647462855,46.96,Joules,power/energy-pkg/,1001095474,100.00,,
   603.647957387,51.40,Joules,power/energy-pkg/,1000472949,100.00,,
   604.649072991,50.98,Joules,power/energy-pkg/,1001113412,100.00,,
   605.650324076,35.24,Joules,power/energy-pkg/,1001237382,100.00,,
   606.651398371,42.21,Joules,power/energy-pkg/,1001061291,100.00,,
   607.651977600,43.21,Joules,power/energy-pkg/,1000584190,100.00,,
   608.653150306,26.83,Joules,power/energy-pkg/,1001147900,100.00,,
   609.654289555,25.67,Joules,power/energy-pkg/,1001131126,100.00,,
   610.655427056,38.90,Joules,power/energy-pkg/,1001129156,100.00,,
   611.656038419,47.06,Joules,power/energy-pkg/,1000629260,100.00,,
   612.657151891,62.08,Joules,power/energy-pkg/,1001071583,100.00,,
   613.658299047,66.22,Joules,power/energy-pkg/,1001163914,100.00,,
   614.659404633,56.30,Joules,power/energy-pkg/,1001067568,100.00,,
   615.660555145,43.19,Joules,power/energy-pkg/,1001143416,100.00,,
   616.661689434,37.90,Joules,power/energy-pkg/,1001130580,100.00,,
   617.662879077,31.43,Joules,power/energy-pkg/,1001172560,100.00,,
   618.664039780,26.13,Joules,power/energy-pkg/,1001148402,100.00,,
   619.665184759,30.36,Joules,power/energy-pkg/,1001136985,100.00,,
   620.666328027,31.72,Joules,power/energy-pkg/,1001137661,100.00,,
   621.667495562,23.00,Joules,power/energy-pkg/,1001175672,100.00,,
   622.667978803,39.74,Joules,power/energy-pkg/,1000485490,100.00,,
   623.669173500,52.11,Joules,power/energy-pkg/,1001152061,100.00,,
   624.670260287,35.85,Joules,power/energy-pkg/,1001087192,100.00,,
   625.671445921,43.83,Joules,power/energy-pkg/,1001185715,100.00,,
   626.671969449,56.74,Joules,power/energy-pkg/,1000501251,100.00,,
   627.673146856,57.16,Joules,power/energy-pkg/,1001168559,100.00,,
   628.674385790,51.94,Joules,power/energy-pkg/,1001244999,100.00,,
   629.675500867,44.17,Joules,power/energy-pkg/,1001077424,100.00,,
   630.675957735,33.01,Joules,power/energy-pkg/,1000446731,100.00,,
   631.677048652,49.87,Joules,power/energy-pkg/,1001097738,100.00,,
   632.678154679,60.40,Joules,power/energy-pkg/,1001091683,100.00,,
   633.679391693,42.66,Joules,power/energy-pkg/,1001241514,100.00,,
   634.680046491,50.88,Joules,power/energy-pkg/,1000617425,100.00,,
   635.681200862,28.46,Joules,power/energy-pkg/,1001149181,100.00,,
   636.682294649,58.29,Joules,power/energy-pkg/,1001082206,100.00,,
   637.683490808,41.65,Joules,power/energy-pkg/,1001201554,100.00,,
   638.684045389,54.85,Joules,power/energy-pkg/,1000525131,100.00,,
   639.685190945,40.78,Joules,power/energy-pkg/,1001153601,100.00,,
   640.686287286,50.35,Joules,power/energy-pkg/,1001081324,100.00,,
   641.687550897,50.41,Joules,power/energy-pkg/,1001269522,100.00,,
   642.687964954,56.62,Joules,power/energy-pkg/,1000400592,100.00,,
   643.689137801,56.87,Joules,power/energy-pkg/,1001154285,100.00,,
   644.690300683,26.47,Joules,power/energy-pkg/,1001165030,100.00,,
   645.691424486,45.92,Joules,power/energy-pkg/,1001086123,100.00,,
   646.692032176,31.52,Joules,power/energy-pkg/,1000626406,100.00,,
   647.693226508,52.81,Joules,power/energy-pkg/,1001196335,100.00,,
   648.694500777,51.74,Joules,power/energy-pkg/,1001228096,100.00,,
   649.695593802,42.73,Joules,power/energy-pkg/,1001075552,100.00,,
   650.695969979,51.13,Joules,power/energy-pkg/,1000391751,100.00,,
   651.697209610,54.34,Joules,power/energy-pkg/,1001211263,100.00,,
   652.698296584,38.05,Joules,power/energy-pkg/,1001073331,100.00,,
   653.699381616,35.38,Joules,power/energy-pkg/,1001072376,100.00,,
   654.700043731,36.28,Joules,power/energy-pkg/,1000653480,100.00,,
   655.701129718,48.22,Joules,power/energy-pkg/,1001089128,100.00,,
   656.702234763,44.08,Joules,power/energy-pkg/,1001081878,100.00,,
   657.703334423,65.98,Joules,power/energy-pkg/,1001116737,100.00,,
   658.703965112,64.38,Joules,power/energy-pkg/,1000632929,100.00,,
   659.704200611,52.99,Joules,power/energy-pkg/,1000242558,100.00,,
   660.705433285,51.46,Joules,power/energy-pkg/,1001169349,100.00,,
   661.706587446,48.73,Joules,power/energy-pkg/,1001164666,100.00,,
   662.707777449,42.39,Joules,power/energy-pkg/,1001223893,100.00,,
   663.709156513,53.71,Joules,power/energy-pkg/,1001306223,100.00,,
   664.710323582,35.53,Joules,power/energy-pkg/,1001156948,100.00,,
   665.711477807,51.13,Joules,power/energy-pkg/,1001172476,100.00,,
   666.712039399,68.39,Joules,power/energy-pkg/,1000543789,100.00,,
   667.713234425,52.50,Joules,power/energy-pkg/,1001164795,100.00,,
   668.714344759,31.53,Joules,power/energy-pkg/,1001120991,100.00,,
   669.715602027,53.14,Joules,power/energy-pkg/,1001227666,100.00,,
   670.716043034,56.32,Joules,power/energy-pkg/,1000441041,100.00,,
   671.717231064,58.86,Joules,power/energy-pkg/,1001193435,100.00,,
   672.718443271,48.27,Joules,power/energy-pkg/,1001192746,100.00,,
   673.719570021,58.68,Joules,power/energy-pkg/,1001096339,100.00,,
   674.719954197,49.00,Joules,power/energy-pkg/,1000370834,100.00,,
   675.721024698,51.14,Joules,power/energy-pkg/,1001062246,100.00,,
   676.722141298,68.87,Joules,power/energy-pkg/,1001113650,100.00,,
   677.723307902,71.76,Joules,power/energy-pkg/,1001154112,100.00,,
   678.723966357,58.69,Joules,power/energy-pkg/,1000657266,100.00,,
   679.725103636,57.95,Joules,power/energy-pkg/,1001155410,100.00,,
   680.726465624,60.27,Joules,power/energy-pkg/,1001321244,100.00,,
   681.727677452,58.01,Joules,power/energy-pkg/,1001215066,100.00,,
   682.728038947,38.13,Joules,power/energy-pkg/,1000325873,100.00,,
   683.729191787,43.68,Joules,power/energy-pkg/,1001147689,100.00,,
   684.730356931,42.23,Joules,power/energy-pkg/,1001153586,100.00,,
   685.731430849,38.33,Joules,power/energy-pkg/,1001074131,100.00,,
   686.732046327,53.11,Joules,power/energy-pkg/,1000595373,100.00,,
   687.733220751,43.92,Joules,power/energy-pkg/,1001169127,100.00,,
   688.734313070,40.41,Joules,power/energy-pkg/,1001073655,100.00,,
   689.735453051,52.48,Joules,power/energy-pkg/,1001160465,100.00,,
   690.735955414,51.81,Joules,power/energy-pkg/,1000464361,100.00,,
   691.737144053,46.08,Joules,power/energy-pkg/,1001185083,100.00,,
   692.738316744,48.48,Joules,power/energy-pkg/,1001161261,100.00,,
   693.739397833,51.26,Joules,power/energy-pkg/,1001070915,100.00,,
   694.740057790,45.91,Joules,power/energy-pkg/,1000650421,100.00,,
   695.741254670,43.77,Joules,power/energy-pkg/,1001207205,100.00,,
   696.742430281,41.04,Joules,power/energy-pkg/,1001143949,100.00,,
   697.743585631,41.39,Joules,power/energy-pkg/,1001149633,100.00,,
   698.744045714,37.50,Joules,power/energy-pkg/,1000438809,100.00,,
   699.745187818,54.16,Joules,power/energy-pkg/,1001139212,100.00,,
   700.746323708,39.79,Joules,power/energy-pkg/,1001136771,100.00,,
   701.747489444,44.11,Joules,power/energy-pkg/,1001162634,100.00,,
   702.747964237,69.19,Joules,power/energy-pkg/,1000447249,100.00,,
   703.749178581,43.37,Joules,power/energy-pkg/,1001200525,100.00,,
   704.750331676,57.46,Joules,power/energy-pkg/,1001163385,100.00,,
   705.751534747,39.26,Joules,power/energy-pkg/,1001203627,100.00,,
   706.752028096,57.32,Joules,power/energy-pkg/,1000468553,100.00,,
   707.753210367,35.09,Joules,power/energy-pkg/,1001158133,100.00,,
   708.754291135,51.38,Joules,power/energy-pkg/,1001076082,100.00,,
   709.755453061,49.57,Joules,power/energy-pkg/,1001168452,100.00,,
   710.756046508,41.39,Joules,power/energy-pkg/,1000566737,100.00,,
   711.757236646,53.12,Joules,power/energy-pkg/,1001175411,100.00,,
   712.758391366,49.56,Joules,power/energy-pkg/,1001142020,100.00,,
   713.759471526,37.11,Joules,power/energy-pkg/,1001065779,100.00,,
   714.760045299,37.65,Joules,power/energy-pkg/,1000565138,100.00,,
   715.761203639,43.57,Joules,power/energy-pkg/,1001172289,100.00,,
   716.762392829,44.22,Joules,power/energy-pkg/,1001160969,100.00,,
   717.763613314,30.83,Joules,power/energy-pkg/,1001228534,100.00,,
   718.764044695,41.69,Joules,power/energy-pkg/,1000462546,100.00,,
   719.765255617,57.61,Joules,power/energy-pkg/,1001137650,100.00,,
   720.766374230,53.68,Joules,power/energy-pkg/,1001106250,100.00,,
   721.767519731,46.62,Joules,power/energy-pkg/,1001160867,100.00,,
   722.768701829,54.07,Joules,power/energy-pkg/,1001150388,100.00,,
   723.769861270,40.63,Joules,power/energy-pkg/,1001165904,100.00,,
   724.771181126,35.03,Joules,power/energy-pkg/,1001317174,100.00,,
   725.771968448,30.05,Joules,power/energy-pkg/,1000752605,100.00,,
   726.773088208,53.46,Joules,power/energy-pkg/,1001128284,100.00,,
   727.774337922,55.78,Joules,power/energy-pkg/,1001230258,100.00,,
   728.775518591,61.24,Joules,power/energy-pkg/,1001161657,100.00,,
   729.776034876,67.46,Joules,power/energy-pkg/,1000516739,100.00,,
   730.777219021,55.66,Joules,power/energy-pkg/,1001165866,100.00,,
   731.778325790,61.91,Joules,power/energy-pkg/,1001094972,100.00,,
   732.779509038,55.01,Joules,power/energy-pkg/,1001204070,100.00,,
   733.779973760,53.95,Joules,power/energy-pkg/,1000425753,100.00,,
   734.781166020,56.35,Joules,power/energy-pkg/,1001209526,100.00,,
   735.782374906,61.13,Joules,power/energy-pkg/,1001191879,100.00,,
   736.783497582,47.06,Joules,power/energy-pkg/,1001104663,100.00,,
   737.784086805,26.29,Joules,power/energy-pkg/,1000583632,100.00,,
   738.785405669,29.72,Joules,power/energy-pkg/,1001308910,100.00,,
   739.786586974,28.15,Joules,power/energy-pkg/,1001154042,100.00,,
   740.787750000,35.08,Joules,power/energy-pkg/,1001152722,100.00,,
   741.788032230,43.72,Joules,power/energy-pkg/,1000310260,100.00,,
   742.789252385,42.84,Joules,power/energy-pkg/,1001170164,100.00,,
   743.790338886,50.51,Joules,power/energy-pkg/,1001080550,100.00,,
   744.791567577,30.71,Joules,power/energy-pkg/,1001233636,100.00,,
   745.792050534,46.72,Joules,power/energy-pkg/,1000473075,100.00,,
   746.793241934,47.73,Joules,power/energy-pkg/,1001161151,100.00,,
   747.794393926,64.75,Joules,power/energy-pkg/,1001162051,100.00,,
   748.795564810,52.67,Joules,power/energy-pkg/,1001168946,100.00,,
   749.795964896,51.18,Joules,power/energy-pkg/,1000376182,100.00,,
   750.797184072,46.56,Joules,power/energy-pkg/,1001225675,100.00,,
   751.798452673,36.08,Joules,power/energy-pkg/,1001245843,100.00,,
   752.799775188,34.24,Joules,power/energy-pkg/,1001297006,100.00,,
   753.800043847,45.25,Joules,power/energy-pkg/,1000265191,100.00,,
   754.801213680,54.63,Joules,power/energy-pkg/,1001189030,100.00,,
   755.802443967,53.61,Joules,power/energy-pkg/,1001185400,100.00,,
   756.803635411,52.62,Joules,power/energy-pkg/,1001176951,100.00,,
   757.804049651,14.02,Joules,power/energy-pkg/,1000403369,100.00,,
   758.805128890,61.81,Joules,power/energy-pkg/,1001089279,100.00,,
   759.806256779,71.38,Joules,power/energy-pkg/,1001111934,100.00,,
   760.807354862,58.02,Joules,power/energy-pkg/,1001092402,100.00,,
   761.809701569,39.92,Joules,power/energy-pkg/,1002336651,100.00,,
   762.810835954,52.53,Joules,power/energy-pkg/,1001104969,100.00,,
   763.812020815,52.20,Joules,power/energy-pkg/,1001172081,100.00,,
   764.813168764,32.31,Joules,power/energy-pkg/,1001142333,100.00,,
   765.814245247,52.03,Joules,power/energy-pkg/,1001062286,100.00,,
   766.815332452,52.15,Joules,power/energy-pkg/,1001080794,100.00,,
   767.816043248,41.46,Joules,power/energy-pkg/,1000695781,100.00,,
   768.817189628,20.02,Joules,power/energy-pkg/,1001142064,100.00,,
   769.818346424,49.70,Joules,power/energy-pkg/,1001146953,100.00,,
   770.819523188,42.38,Joules,power/energy-pkg/,1001168454,100.00,,
   771.819960948,39.05,Joules,power/energy-pkg/,1000444468,100.00,,
   772.821087491,52.66,Joules,power/energy-pkg/,1001097358,100.00,,
   773.822283006,45.80,Joules,power/energy-pkg/,1001191413,100.00,,
   774.823492193,53.76,Joules,power/energy-pkg/,1001235178,100.00,,
   775.824038872,54.84,Joules,power/energy-pkg/,1000537848,100.00,,
   776.825297716,57.64,Joules,power/energy-pkg/,1001233035,100.00,,
   777.826498500,53.27,Joules,power/energy-pkg/,1001162831,100.00,,
   778.827587488,44.91,Joules,power/energy-pkg/,1001077913,100.00,,
   779.828054528,49.50,Joules,power/energy-pkg/,1000457812,100.00,,
   780.829149471,53.96,Joules,power/energy-pkg/,1001091176,100.00,,
   781.830310771,49.62,Joules,power/energy-pkg/,1001142794,100.00,,
   782.831407786,39.79,Joules,power/energy-pkg/,1001086185,100.00,,
   783.832046559,38.28,Joules,power/energy-pkg/,1004539343,100.00,,
   784.837158202,44.38,Joules,power/energy-pkg/,1001229389,100.00,,
   785.838322652,61.14,Joules,power/energy-pkg/,1001113111,100.00,,
   786.839398691,42.96,Joules,power/energy-pkg/,1001070658,100.00,,
   787.840056938,49.08,Joules,power/energy-pkg/,1000697997,100.00,,
   788.841269092,51.95,Joules,power/energy-pkg/,1001184979,100.00,,
   789.842488923,65.35,Joules,power/energy-pkg/,1001194140,100.00,,
   790.843662222,45.78,Joules,power/energy-pkg/,1001149280,100.00,,
   791.844042775,57.87,Joules,power/energy-pkg/,1000363080,100.00,,
   792.845127449,45.21,Joules,power/energy-pkg/,1001095146,100.00,,
   793.846360897,67.99,Joules,power/energy-pkg/,1001215354,100.00,,
   794.847566026,44.34,Joules,power/energy-pkg/,1001206390,100.00,,
   795.848058763,52.51,Joules,power/energy-pkg/,1000459654,100.00,,
   796.849226195,49.78,Joules,power/energy-pkg/,1001159219,100.00,,
   797.850375371,45.30,Joules,power/energy-pkg/,1001168963,100.00,,
   798.851517534,66.83,Joules,power/energy-pkg/,1001552044,100.00,,
   799.853102619,65.44,Joules,power/energy-pkg/,1001190418,100.00,,
   800.854359229,52.67,Joules,power/energy-pkg/,1001186495,100.00,,
   801.855569220,39.61,Joules,power/energy-pkg/,1001199139,100.00,,
   802.855981052,67.01,Joules,power/energy-pkg/,1000450249,100.00,,
   803.857285751,64.37,Joules,power/energy-pkg/,1001269779,100.00,,
   804.858476957,50.55,Joules,power/energy-pkg/,1001158633,100.00,,
   805.859562936,49.30,Joules,power/energy-pkg/,1001072634,100.00,,
   806.859958203,44.95,Joules,power/energy-pkg/,1000400139,100.00,,
   807.861111712,34.03,Joules,power/energy-pkg/,1001138601,100.00,,
   808.862400669,44.84,Joules,power/energy-pkg/,1001268352,100.00,,
   809.863485098,54.58,Joules,power/energy-pkg/,1001103542,100.00,,
   810.863963767,63.35,Joules,power/energy-pkg/,1000460123,100.00,,
   811.865116406,64.24,Joules,power/energy-pkg/,1001119709,100.00,,
   812.866236580,51.26,Joules,power/energy-pkg/,1001141373,100.00,,
   813.867349390,48.79,Joules,power/energy-pkg/,1001068832,100.00,,
   814.868047907,28.17,Joules,power/energy-pkg/,1000688715,100.00,,
   815.869202961,48.34,Joules,power/energy-pkg/,1001165155,100.00,,
   816.870398203,44.35,Joules,power/energy-pkg/,1001168468,100.00,,
   817.872037114,42.78,Joules,power/energy-pkg/,1001624133,100.00,,
   818.873192065,44.46,Joules,power/energy-pkg/,1001172856,100.00,,
   819.874428628,38.79,Joules,power/energy-pkg/,1001206085,100.00,,
   820.875592933,44.75,Joules,power/energy-pkg/,1001162691,100.00,,
   821.875982396,42.56,Joules,power/energy-pkg/,1000412654,100.00,,
   822.877176347,57.18,Joules,power/energy-pkg/,1001136725,100.00,,
   823.878349131,58.79,Joules,power/energy-pkg/,1001168410,100.00,,
   824.879533355,54.76,Joules,power/energy-pkg/,1001186444,100.00,,
   825.880051293,53.41,Joules,power/energy-pkg/,1000510253,100.00,,
   826.881314718,43.35,Joules,power/energy-pkg/,1001251756,100.00,,
   827.882517605,28.83,Joules,power/energy-pkg/,1001195541,100.00,,
   828.883693648,54.88,Joules,power/energy-pkg/,1001145405,100.00,,
   829.884045413,40.53,Joules,power/energy-pkg/,1000339384,100.00,,
   830.885199643,44.47,Joules,power/energy-pkg/,1001144370,100.00,,
   831.886347321,42.08,Joules,power/energy-pkg/,1001137654,100.00,,
   832.887495341,24.80,Joules,power/energy-pkg/,1001138531,100.00,,
   833.888051459,48.86,Joules,power/energy-pkg/,1000569571,100.00,,
   834.889227982,39.95,Joules,power/energy-pkg/,1001159933,100.00,,
   835.890410478,53.24,Joules,power/energy-pkg/,1001157882,100.00,,
   836.891490035,53.40,Joules,power/energy-pkg/,1001106609,100.00,,
   837.892042715,71.52,Joules,power/energy-pkg/,1000499149,100.00,,
   838.893117535,63.49,Joules,power/energy-pkg/,1001070120,100.00,,
   839.894291527,54.49,Joules,power/energy-pkg/,1001164874,100.00,,
   840.895374694,43.31,Joules,power/energy-pkg/,1001070678,100.00,,
   841.896043504,40.41,Joules,power/energy-pkg/,1000685960,100.00,,
   842.897174559,58.87,Joules,power/energy-pkg/,1001091382,100.00,,
   843.898342731,48.35,Joules,power/energy-pkg/,1001186764,100.00,,
   844.899545219,49.74,Joules,power/energy-pkg/,1001198181,100.00,,
   845.900526992,47.52,Joules,power/energy-pkg/,1000974839,100.00,,
   846.901754387,42.26,Joules,power/energy-pkg/,1001186187,100.00,,
   847.902941612,36.64,Joules,power/energy-pkg/,1001175470,100.00,,
   848.903975560,41.88,Joules,power/energy-pkg/,1001030325,100.00,,
   849.905265690,51.52,Joules,power/energy-pkg/,1001295990,100.00,,
   850.906466505,46.73,Joules,power/energy-pkg/,1001192657,100.00,,
   851.907664475,54.29,Joules,power/energy-pkg/,1001162088,100.00,,
   852.907984380,51.87,Joules,power/energy-pkg/,1000356221,100.00,,
   853.909211639,72.35,Joules,power/energy-pkg/,1001196062,100.00,,
   854.910410889,64.66,Joules,power/energy-pkg/,1001178824,100.00,,
   855.911572709,43.53,Joules,power/energy-pkg/,1001155225,100.00,,
   856.911967719,44.78,Joules,power/energy-pkg/,1000367644,100.00,,
   857.913121561,58.63,Joules,power/energy-pkg/,1001148720,100.00,,
   858.914281485,61.14,Joules,power/energy-pkg/,1001184674,100.00,,
   859.915547477,54.64,Joules,power/energy-pkg/,1001216703,100.00,,
   860.916002549,48.67,Joules,power/energy-pkg/,1000454393,100.00,,
   861.918126022,71.15,Joules,power/energy-pkg/,1003957553,100.00,,
   862.921179169,66.83,Joules,power/energy-pkg/,1001227239,100.00,,
   863.922403273,73.13,Joules,power/energy-pkg/,1001214798,100.00,,
   864.923583396,55.38,Joules,power/energy-pkg/,1001129038,100.00,,
   865.924059009,55.32,Joules,power/energy-pkg/,1000460033,100.00,,
   866.925234744,41.22,Joules,power/energy-pkg/,1001187511,100.00,,
   867.926557764,27.18,Joules,power/energy-pkg/,1001302017,100.00,,
   868.927731120,41.50,Joules,power/energy-pkg/,1001157799,100.00,,
   869.928025575,67.80,Joules,power/energy-pkg/,1000302885,100.00,,
   870.929207363,61.25,Joules,power/energy-pkg/,1001178276,100.00,,
   871.930406164,46.66,Joules,power/energy-pkg/,1001193776,100.00,,
   872.931607890,48.59,Joules,power/energy-pkg/,1001163080,100.00,,
   873.931957124,55.07,Joules,power/energy-pkg/,1000333319,100.00,,
   874.933068991,56.98,Joules,power/energy-pkg/,1001110651,100.00,,
   875.934294696,59.61,Joules,power/energy-pkg/,1001208496,100.00,,
   876.935473685,37.87,Joules,power/energy-pkg/,1001168686,100.00,,
   877.935961956,28.26,Joules,power/energy-pkg/,1000476971,100.00,,
   878.937073540,50.98,Joules,power/energy-pkg/,1001100275,100.00,,
   879.938254469,57.96,Joules,power/energy-pkg/,1001219229,100.00,,
   880.939002966,55.28,Joules,power/energy-pkg/,1000707708,100.00,,
   881.939969136,41.54,Joules,power/energy-pkg/,1000961228,100.00,,
   882.941196572,59.69,Joules,power/energy-pkg/,1001242252,100.00,,
   883.942443888,57.98,Joules,power/energy-pkg/,1001287255,100.00,,
   884.943782564,60.51,Joules,power/energy-pkg/,1001235220,100.00,,
   885.944036727,60.74,Joules,power/energy-pkg/,1000268232,100.00,,
   886.945233060,45.83,Joules,power/energy-pkg/,1001158706,100.00,,
   887.946370558,26.40,Joules,power/energy-pkg/,1001127786,100.00,,
   888.947447206,60.06,Joules,power/energy-pkg/,1001060639,100.00,,
   889.947971972,60.14,Joules,power/energy-pkg/,1000543723,100.00,,
   890.949242321,57.48,Joules,power/energy-pkg/,1001239421,100.00,,
   891.950325587,33.45,Joules,power/energy-pkg/,1001066312,100.00,,
   892.951481340,45.03,Joules,power/energy-pkg/,1001182574,100.00,,
   893.951970224,61.50,Joules,power/energy-pkg/,1004443122,100.00,,
   894.957121595,67.98,Joules,power/energy-pkg/,1001158776,100.00,,
   895.958349340,61.83,Joules,power/energy-pkg/,1002843494,100.00,,
   896.961182016,62.09,Joules,power/energy-pkg/,1001199478,100.00,,
   897.962384310,68.96,Joules,power/energy-pkg/,1001188619,100.00,,
   898.963477221,50.48,Joules,power/energy-pkg/,1001064117,100.00,,
   899.963982627,46.19,Joules,power/energy-pkg/,1000519762,100.00,,
   900.965220975,27.74,Joules,power/energy-pkg/,1001225997,100.00,,
   901.966389555,47.51,Joules,power/energy-pkg/,1001142668,100.00,,
   902.967537756,30.54,Joules,power/energy-pkg/,1001146189,100.00,,
   903.967998121,59.17,Joules,power/energy-pkg/,1000474575,100.00,,
   904.969137659,65.08,Joules,power/energy-pkg/,1001128018,100.00,,
   905.969796899,63.08,Joules,power/energy-pkg/,1000685448,100.00,,
   906.971055412,52.59,Joules,power/energy-pkg/,1001181569,100.00,,
   907.972038009,63.71,Joules,power/energy-pkg/,1000970053,100.00,,
   908.973233424,46.99,Joules,power/energy-pkg/,1001186685,100.00,,
   909.974393435,55.18,Joules,power/energy-pkg/,1001171205,100.00,,
   910.975499188,64.53,Joules,power/energy-pkg/,1001069114,100.00,,
   911.976038848,49.45,Joules,power/energy-pkg/,1000548281,100.00,,
   912.977218716,46.11,Joules,power/energy-pkg/,1001153834,100.00,,
   913.978313121,47.53,Joules,power/energy-pkg/,1001083634,100.00,,
   914.979423408,55.70,Joules,power/energy-pkg/,1001099553,100.00,,
   915.979963950,49.08,Joules,power/energy-pkg/,1000528722,100.00,,
   916.981074046,43.83,Joules,power/energy-pkg/,1001106562,100.00,,
   917.982224673,39.70,Joules,power/energy-pkg/,1001135816,100.00,,
   918.983410944,54.16,Joules,power/energy-pkg/,1001185234,100.00,,
   919.983964993,59.14,Joules,power/energy-pkg/,1000555312,100.00,,
   920.985071926,45.62,Joules,power/energy-pkg/,1001076557,100.00,,
   921.986267871,53.34,Joules,power/energy-pkg/,1001216331,100.00,,
   922.987498751,65.11,Joules,power/energy-pkg/,1001206485,100.00,,
   923.988040879,50.15,Joules,power/energy-pkg/,1000539267,100.00,,
   924.989236283,48.35,Joules,power/energy-pkg/,1001161524,100.00,,
   925.990331553,52.12,Joules,power/energy-pkg/,1001090057,100.00,,
   926.991535617,40.97,Joules,power/energy-pkg/,1001187737,100.00,,
   927.992685202,47.77,Joules,power/energy-pkg/,1001138387,100.00,,
   928.993757507,32.31,Joules,power/energy-pkg/,1001062622,100.00,,
   929.994952097,24.69,Joules,power/energy-pkg/,1001188737,100.00,,
   930.995964694,50.19,Joules,power/energy-pkg/,1001012602,100.00,,
   931.997173461,41.67,Joules,power/energy-pkg/,1001182977,100.00,,
   932.998249299,44.05,Joules,power/energy-pkg/,1001078773,100.00,,
   933.999369926,55.94,Joules,power/energy-pkg/,1001099795,100.00,,
   934.999986925,55.59,Joules,power/energy-pkg/,1000671005,100.00,,
   936.001210792,48.95,Joules,power/energy-pkg/,1001148747,100.00,,
   937.002364266,49.95,Joules,power/energy-pkg/,1001143264,100.00,,
   938.003503988,50.81,Joules,power/energy-pkg/,1001154418,100.00,,
   939.004043882,47.52,Joules,power/energy-pkg/,1000501245,100.00,,
   940.004270239,48.95,Joules,power/energy-pkg/,1000240759,100.00,,
   941.005484809,35.09,Joules,power/energy-pkg/,1001206918,100.00,,
   942.006665310,52.99,Joules,power/energy-pkg/,1001146558,100.00,,
   943.007810380,23.72,Joules,power/energy-pkg/,1001141042,100.00,,
   944.008051393,33.12,Joules,power/energy-pkg/,1000227679,100.00,,
   945.009220451,40.16,Joules,power/energy-pkg/,1001158025,100.00,,
   946.010306904,48.67,Joules,power/energy-pkg/,1001073444,100.00,,
   947.011407381,53.40,Joules,power/energy-pkg/,1001088830,100.00,,
   948.012029539,34.43,Joules,power/energy-pkg/,1000609419,100.00,,
   949.013167801,41.77,Joules,power/energy-pkg/,1001149067,100.00,,
   950.014350540,39.57,Joules,power/energy-pkg/,1001159483,100.00,,
   951.015438079,46.92,Joules,power/energy-pkg/,1001071259,100.00,,
   952.016099273,36.79,Joules,power/energy-pkg/,1000662335,100.00,,
   953.016541518,41.70,Joules,power/energy-pkg/,1000490515,100.00,,
   954.017769569,41.32,Joules,power/energy-pkg/,1001151055,100.00,,
   955.018944852,26.02,Joules,power/energy-pkg/,1001182567,100.00,,
   956.020049502,36.06,Joules,power/energy-pkg/,1001074437,100.00,,
   957.021212282,28.66,Joules,power/energy-pkg/,1001174484,100.00,,
   958.022382951,38.55,Joules,power/energy-pkg/,1001150324,100.00,,
   959.023539345,28.60,Joules,power/energy-pkg/,1001161060,100.00,,
   960.023961242,47.03,Joules,power/energy-pkg/,1000383733,100.00,,
   961.025136500,43.01,Joules,power/energy-pkg/,1001174305,100.00,,
   962.028033498,57.76,Joules,power/energy-pkg/,1002917241,100.00,,
   963.029472697,59.95,Joules,power/energy-pkg/,1001400546,100.00,,
   964.030088920,56.98,Joules,power/energy-pkg/,1000618914,100.00,,
   965.030487487,54.35,Joules,power/energy-pkg/,1000390887,100.00,,
   966.031998604,58.13,Joules,power/energy-pkg/,1005493441,100.00,,
   967.037466240,61.43,Joules,power/energy-pkg/,1001495329,100.00,,
   968.037956941,51.96,Joules,power/energy-pkg/,1000456132,100.00,,
   969.043995379,61.14,Joules,power/energy-pkg/,1009351494,100.00,,
   970.047970898,52.19,Joules,power/energy-pkg/,1000643245,100.00,,
   971.049248660,48.76,Joules,power/energy-pkg/,1001255869,100.00,,
   972.050465002,33.74,Joules,power/energy-pkg/,1001184353,100.00,,
   973.051537803,30.69,Joules,power/energy-pkg/,1001062140,100.00,,
   974.052075101,10.82,Joules,power/energy-pkg/,1000550647,100.00,,
   975.053402393,34.67,Joules,power/energy-pkg/,1001295132,100.00,,
   976.054478707,8.99,Joules,power/energy-pkg/,1001063878,100.00,,
   977.055785987,30.75,Joules,power/energy-pkg/,1001324697,100.00,,
   978.057071519,15.83,Joules,power/energy-pkg/,1001246894,100.00,,
   979.058230677,23.24,Joules,power/energy-pkg/,1001369922,100.00,,
   980.059713043,22.97,Joules,power/energy-pkg/,1001288259,100.00,,
   981.060930599,16.34,Joules,power/energy-pkg/,1001198583,100.00,,
   982.062203781,30.57,Joules,power/energy-pkg/,1001248285,100.00,,
   983.063305337,7.70,Joules,power/energy-pkg/,1001097484,100.00,,
   984.064076896,32.70,Joules,power/energy-pkg/,1000764619,100.00,,
   985.065382364,9.32,Joules,power/energy-pkg/,1001277124,100.00,,
   986.066554665,28.81,Joules,power/energy-pkg/,1001180011,100.00,,
   987.067878675,16.61,Joules,power/energy-pkg/,1001300473,100.00,,
   988.068077523,20.75,Joules,power/energy-pkg/,1000201838,100.00,,
   989.069398421,24.99,Joules,power/energy-pkg/,1001291915,100.00,,
   990.070576034,12.71,Joules,power/energy-pkg/,1001187221,100.00,,
   991.071897472,31.98,Joules,power/energy-pkg/,1001305223,100.00,,
   992.072059384,7.32,Joules,power/energy-pkg/,1000156595,100.00,,
   993.073406660,33.71,Joules,power/energy-pkg/,1001337839,100.00,,
   994.074653836,11.64,Joules,power/energy-pkg/,1001214096,100.00,,
   995.075839814,27.60,Joules,power/energy-pkg/,1001202489,100.00,,
   996.077203434,18.61,Joules,power/energy-pkg/,1001347992,100.00,,
   997.078414273,19.62,Joules,power/energy-pkg/,1001201920,100.00,,
   998.079739870,23.04,Joules,power/energy-pkg/,1001315322,100.00,,
   999.080953933,14.97,Joules,power/energy-pkg/,1001203356,100.00,,
  1000.082256852,30.29,Joules,power/energy-pkg/,1001289122,100.00,,
  1001.083457748,7.45,Joules,power/energy-pkg/,1001194714,100.00,,
  1002.084900547,32.53,Joules,power/energy-pkg/,1001437447,100.00,,
