# started on Tue Aug  1 22:19:19 2023

     1.001077982,4.92,Joules,power/energy-pkg/,1001097176,100.00,,
     2.002336859,4.71,Joules,power/energy-pkg/,1001249775,100.00,,
     3.003598555,5.26,Joules,power/energy-pkg/,1001246331,100.00,,
     4.004826569,4.90,Joules,power/energy-pkg/,1001209978,100.00,,
     5.006015553,7.64,Joules,power/energy-pkg/,1001186530,100.00,,
     6.006528701,5.93,Joules,power/energy-pkg/,1000497706,100.00,,
     7.007774312,4.80,Joules,power/energy-pkg/,1001238618,100.00,,
     8.009089544,4.74,Joules,power/energy-pkg/,1001303555,100.00,,
     9.010359650,5.49,Joules,power/energy-pkg/,1001256789,100.00,,
    10.011628497,4.71,Joules,power/energy-pkg/,1001258516,100.00,,
    11.012991887,4.33,Joules,power/energy-pkg/,1001358224,100.00,,
    12.014327437,4.70,Joules,power/energy-pkg/,1001319516,100.00,,
    13.015625610,5.05,Joules,power/energy-pkg/,1001290733,100.00,,
    14.016831088,4.68,Joules,power/energy-pkg/,1001189663,100.00,,
    15.018160251,4.61,Joules,power/energy-pkg/,1001319095,100.00,,
    16.019501877,4.40,Joules,power/energy-pkg/,1001333332,100.00,,
    17.020779546,4.37,Joules,power/energy-pkg/,1001263977,100.00,,
    18.022064758,4.62,Joules,power/energy-pkg/,1001272792,100.00,,
    19.023271857,4.52,Joules,power/energy-pkg/,1001200562,100.00,,
    20.031844762,4.92,Joules,power/energy-pkg/,1008560499,100.00,,
    21.033254653,4.81,Joules,power/energy-pkg/,1001404248,100.00,,
    22.034522338,4.44,Joules,power/energy-pkg/,1001250832,100.00,,
    23.035829726,4.94,Joules,power/energy-pkg/,1001296046,100.00,,
    24.037161567,4.98,Joules,power/energy-pkg/,1001322913,100.00,,
    25.038539325,4.67,Joules,power/energy-pkg/,1001363998,100.00,,
    26.039865056,4.41,Joules,power/energy-pkg/,1001315870,100.00,,
    27.041195408,4.82,Joules,power/energy-pkg/,1001318057,100.00,,
    28.042549594,4.43,Joules,power/energy-pkg/,1001342759,100.00,,
    29.043845721,5.33,Joules,power/energy-pkg/,1001284624,100.00,,
    30.045167602,5.46,Joules,power/energy-pkg/,1001308352,100.00,,
    31.046419059,4.64,Joules,power/energy-pkg/,1001249125,100.00,,
    32.047931800,4.44,Joules,power/energy-pkg/,1001502588,100.00,,
    33.049199190,4.64,Joules,power/energy-pkg/,1001245504,100.00,,
    34.050539844,5.01,Joules,power/energy-pkg/,1001332794,100.00,,
    35.051866784,4.54,Joules,power/energy-pkg/,1001318566,100.00,,
    36.053209061,4.55,Joules,power/energy-pkg/,1001329945,100.00,,
    37.054430403,4.90,Joules,power/energy-pkg/,1001205155,100.00,,
    38.055763212,4.81,Joules,power/energy-pkg/,1001326027,100.00,,
    39.057090885,4.92,Joules,power/energy-pkg/,1001315715,100.00,,
    40.058430919,5.16,Joules,power/energy-pkg/,1001331629,100.00,,
    41.059702729,4.78,Joules,power/energy-pkg/,1001256824,100.00,,
    42.061059399,4.69,Joules,power/energy-pkg/,1001345494,100.00,,
    43.062297165,4.95,Joules,power/energy-pkg/,1001224259,100.00,,
    44.063637161,7.19,Joules,power/energy-pkg/,1001331343,100.00,,
    45.064992732,5.07,Joules,power/energy-pkg/,1001346432,100.00,,
    46.066124149,4.78,Joules,power/energy-pkg/,1001172603,100.00,,
    47.066517030,4.93,Joules,power/energy-pkg/,1000328960,100.00,,
    48.067892591,4.63,Joules,power/energy-pkg/,1001364657,100.00,,
    49.069232376,4.74,Joules,power/energy-pkg/,1001327828,100.00,,
    50.070507355,5.30,Joules,power/energy-pkg/,1001264144,100.00,,
    51.071257650,4.71,Joules,power/energy-pkg/,1000839689,100.00,,
    52.072691648,4.72,Joules,power/energy-pkg/,1001322144,100.00,,
    53.073950457,6.23,Joules,power/energy-pkg/,1001243094,100.00,,
    54.075200988,7.70,Joules,power/energy-pkg/,1001248533,100.00,,
    55.076555877,4.91,Joules,power/energy-pkg/,1001337887,100.00,,
    56.077905221,4.78,Joules,power/energy-pkg/,1001340655,100.00,,
    57.078516105,4.64,Joules,power/energy-pkg/,1000599741,100.00,,
    58.079890435,4.63,Joules,power/energy-pkg/,1001360458,100.00,,
    59.081187062,4.95,Joules,power/energy-pkg/,1001285982,100.00,,
    60.082488916,5.15,Joules,power/energy-pkg/,1001290453,100.00,,
    61.083812659,4.58,Joules,power/energy-pkg/,1001313749,100.00,,
    62.085159209,4.77,Joules,power/energy-pkg/,1001339050,100.00,,
    63.086434734,4.49,Joules,power/energy-pkg/,1001255818,100.00,,
    64.086706981,4.72,Joules,power/energy-pkg/,1000270970,100.00,,
    65.088127875,5.53,Joules,power/energy-pkg/,1001405830,100.00,,
    66.089472107,4.30,Joules,power/energy-pkg/,1001330288,100.00,,
    67.090520455,4.29,Joules,power/energy-pkg/,1001037138,100.00,,
    68.091749331,7.78,Joules,power/energy-pkg/,1001210143,100.00,,
    69.092004024,5.42,Joules,power/energy-pkg/,1000361652,100.00,,
    70.093381364,23.70,Joules,power/energy-pkg/,1001249263,100.00,,
    71.094494145,32.94,Joules,power/energy-pkg/,1001106699,100.00,,
    72.095595561,49.06,Joules,power/energy-pkg/,1001073071,100.00,,
    73.096691894,50.21,Joules,power/energy-pkg/,1001090948,100.00,,
    74.097788082,36.62,Joules,power/energy-pkg/,1001097565,100.00,,
    75.098406873,12.19,Joules,power/energy-pkg/,1000589450,100.00,,
    76.099590059,32.21,Joules,power/energy-pkg/,1001173825,100.00,,
    77.100671365,25.45,Joules,power/energy-pkg/,1001065853,100.00,,
    78.101751660,35.82,Joules,power/energy-pkg/,1001069083,100.00,,
    79.102418238,42.53,Joules,power/energy-pkg/,1000662264,100.00,,
    80.103564491,64.58,Joules,power/energy-pkg/,1001217544,100.00,,
    81.104992870,57.11,Joules,power/energy-pkg/,1001337680,100.00,,
    82.106210850,38.27,Joules,power/energy-pkg/,1001204468,100.00,,
    83.106426410,32.45,Joules,power/energy-pkg/,1000204154,100.00,,
    84.107518439,31.00,Joules,power/energy-pkg/,1001101908,100.00,,
    85.108659038,31.05,Joules,power/energy-pkg/,1001146704,100.00,,
    86.109868570,52.82,Joules,power/energy-pkg/,1001194774,100.00,,
    87.110488692,53.58,Joules,power/energy-pkg/,1000594240,100.00,,
    88.111656770,47.34,Joules,power/energy-pkg/,1001192770,100.00,,
    89.113008332,43.91,Joules,power/energy-pkg/,1001300620,100.00,,
    90.114319259,25.64,Joules,power/energy-pkg/,1001298784,100.00,,
    91.115692123,23.07,Joules,power/energy-pkg/,1001361637,100.00,,
    92.116991679,23.22,Joules,power/energy-pkg/,1001278056,100.00,,
    93.118111596,34.77,Joules,power/energy-pkg/,1001105900,100.00,,
    94.118493135,39.55,Joules,power/energy-pkg/,1000389659,100.00,,
    95.119639633,30.76,Joules,power/energy-pkg/,1001142935,100.00,,
    96.120769984,40.21,Joules,power/energy-pkg/,1001090788,100.00,,
    97.121977793,61.07,Joules,power/energy-pkg/,1001239408,100.00,,
    98.122538008,41.28,Joules,power/energy-pkg/,1000528791,100.00,,
    99.123731895,47.07,Joules,power/energy-pkg/,1001184558,100.00,,
   100.124916102,46.36,Joules,power/energy-pkg/,1001176497,100.00,,
   101.126111700,26.89,Joules,power/energy-pkg/,1001161713,100.00,,
   102.126491760,28.95,Joules,power/energy-pkg/,1000360826,100.00,,
   103.127601424,42.23,Joules,power/energy-pkg/,1001137833,100.00,,
   104.128924722,54.51,Joules,power/energy-pkg/,1001278788,100.00,,
   105.130040796,50.79,Joules,power/energy-pkg/,1001103187,100.00,,
   106.131304258,36.28,Joules,power/energy-pkg/,1001273240,100.00,,
   107.132634835,27.88,Joules,power/energy-pkg/,1001307312,100.00,,
   108.133929170,31.15,Joules,power/energy-pkg/,1001292153,100.00,,
   109.134407780,16.63,Joules,power/energy-pkg/,1000465474,100.00,,
   110.135614664,42.90,Joules,power/energy-pkg/,1001217360,100.00,,
   111.136795568,30.38,Joules,power/energy-pkg/,1001144713,100.00,,
   112.138095322,24.11,Joules,power/energy-pkg/,1001290691,100.00,,
   113.138431276,26.42,Joules,power/energy-pkg/,1000319588,100.00,,
   114.139614973,44.58,Joules,power/energy-pkg/,1001197197,100.00,,
   115.140822637,42.45,Joules,power/energy-pkg/,1001164512,100.00,,
   116.141978315,28.49,Joules,power/energy-pkg/,1001142983,100.00,,
   117.143148395,5.59,Joules,power/energy-pkg/,1001179244,100.00,,
   118.144576104,5.24,Joules,power/energy-pkg/,1001420007,100.00,,
   119.145901830,17.76,Joules,power/energy-pkg/,1001308316,100.00,,
   120.146490210,14.23,Joules,power/energy-pkg/,1000556491,100.00,,
   121.147665790,36.28,Joules,power/energy-pkg/,1001205237,100.00,,
   122.148869469,38.91,Joules,power/energy-pkg/,1001154382,100.00,,
   123.149994219,54.76,Joules,power/energy-pkg/,1002050062,100.00,,
   124.152141172,55.93,Joules,power/energy-pkg/,1001202666,100.00,,
   125.153314028,46.49,Joules,power/energy-pkg/,1001164050,100.00,,
   126.154411661,32.06,Joules,power/energy-pkg/,1001097197,100.00,,
   127.155611472,39.84,Joules,power/energy-pkg/,1001174790,100.00,,
   128.156712817,42.69,Joules,power/energy-pkg/,1001104686,100.00,,
   129.157914557,38.28,Joules,power/energy-pkg/,1001177660,100.00,,
   130.158422641,33.91,Joules,power/energy-pkg/,1000532083,100.00,,
   131.159611005,29.85,Joules,power/energy-pkg/,1001152452,100.00,,
   132.160896708,19.60,Joules,power/energy-pkg/,1001285494,100.00,,
   133.162005178,27.40,Joules,power/energy-pkg/,1001071877,100.00,,
   134.162498869,31.75,Joules,power/energy-pkg/,1000485468,100.00,,
   135.163683884,42.87,Joules,power/energy-pkg/,1001177784,100.00,,
   136.164843394,28.78,Joules,power/energy-pkg/,1001147090,100.00,,
   137.166165957,31.72,Joules,power/energy-pkg/,1001334013,100.00,,
   138.167538255,18.20,Joules,power/energy-pkg/,1001338096,100.00,,
   139.168632023,28.10,Joules,power/energy-pkg/,1001091881,100.00,,
   140.169830522,32.05,Joules,power/energy-pkg/,1001247065,100.00,,
   141.170465884,45.33,Joules,power/energy-pkg/,1000645671,100.00,,
   142.171799191,44.69,Joules,power/energy-pkg/,1001265692,100.00,,
   143.172955034,45.87,Joules,power/energy-pkg/,1001156578,100.00,,
   144.174226911,34.81,Joules,power/energy-pkg/,1001215374,100.00,,
   145.174483993,40.11,Joules,power/energy-pkg/,1000240619,100.00,,
   146.175622185,29.74,Joules,power/energy-pkg/,1001157741,100.00,,
   147.176804417,38.12,Joules,power/energy-pkg/,1001152482,100.00,,
   148.177999981,35.29,Joules,power/energy-pkg/,1001178276,100.00,,
   149.178496226,34.46,Joules,power/energy-pkg/,1000483130,100.00,,
   150.179657801,34.73,Joules,power/energy-pkg/,1001170119,100.00,,
   151.180830817,25.21,Joules,power/energy-pkg/,1001161350,100.00,,
   152.182037423,15.76,Joules,power/energy-pkg/,1001569218,100.00,,
   153.183720103,31.31,Joules,power/energy-pkg/,1001305779,100.00,,
   154.184959667,11.87,Joules,power/energy-pkg/,1001223626,100.00,,
   155.186293686,29.57,Joules,power/energy-pkg/,1001309538,100.00,,
   156.186490546,26.94,Joules,power/energy-pkg/,1000202105,100.00,,
   157.187618694,32.84,Joules,power/energy-pkg/,1001121875,100.00,,
   158.188891667,52.45,Joules,power/energy-pkg/,1001234359,100.00,,
   159.190005926,39.87,Joules,power/energy-pkg/,1001105017,100.00,,
   160.191213699,34.15,Joules,power/energy-pkg/,1001196420,100.00,,
   161.192421269,33.62,Joules,power/energy-pkg/,1001199413,100.00,,
   162.193632240,23.88,Joules,power/energy-pkg/,1001200402,100.00,,
   163.194486457,24.71,Joules,power/energy-pkg/,1000837775,100.00,,
   164.195670509,23.96,Joules,power/energy-pkg/,1001197134,100.00,,
   165.197001557,10.09,Joules,power/energy-pkg/,1001305349,100.00,,
   166.198107805,33.22,Joules,power/energy-pkg/,1001098175,100.00,,
   167.198437077,22.80,Joules,power/energy-pkg/,1000327705,100.00,,
   168.199753427,30.79,Joules,power/energy-pkg/,1001286577,100.00,,
   169.200913695,25.94,Joules,power/energy-pkg/,1001163958,100.00,,
   170.202112769,25.96,Joules,power/energy-pkg/,1001192057,100.00,,
   171.202493899,21.75,Joules,power/energy-pkg/,1000348776,100.00,,
   172.203667620,12.04,Joules,power/energy-pkg/,1001164967,100.00,,
   173.204828739,36.87,Joules,power/energy-pkg/,1001157257,100.00,,
   174.206030536,47.24,Joules,power/energy-pkg/,1001286543,100.00,,
   175.206404767,38.15,Joules,power/energy-pkg/,1000258994,100.00,,
   176.207524488,18.99,Joules,power/energy-pkg/,1001108666,100.00,,
   177.208688763,34.67,Joules,power/energy-pkg/,1001158338,100.00,,
   178.209817022,27.06,Joules,power/energy-pkg/,1001115240,100.00,,
   179.210444148,48.54,Joules,power/energy-pkg/,1000644672,100.00,,
   180.211821126,54.19,Joules,power/energy-pkg/,1001500810,100.00,,
   181.213558616,57.47,Joules,power/energy-pkg/,1001648284,100.00,,
   182.214498858,49.46,Joules,power/energy-pkg/,1000843082,100.00,,
   183.215666815,34.10,Joules,power/energy-pkg/,1001164123,100.00,,
   184.216779190,33.37,Joules,power/energy-pkg/,1001122475,100.00,,
   185.218151134,34.95,Joules,power/energy-pkg/,1001368009,100.00,,
   186.218498455,31.97,Joules,power/energy-pkg/,1000301112,100.00,,
   187.219670024,39.49,Joules,power/energy-pkg/,1001191433,100.00,,
   188.220843196,44.92,Joules,power/energy-pkg/,1001160260,100.00,,
   189.222160775,36.21,Joules,power/energy-pkg/,1001294423,100.00,,
   190.222499500,33.08,Joules,power/energy-pkg/,1000314605,100.00,,
   191.223613096,35.85,Joules,power/energy-pkg/,1001102952,100.00,,
   192.224817246,47.88,Joules,power/energy-pkg/,1001233393,100.00,,
   193.226094095,18.00,Joules,power/energy-pkg/,1001243986,100.00,,
   194.226481537,6.34,Joules,power/energy-pkg/,1000357627,100.00,,
   195.227591815,27.74,Joules,power/energy-pkg/,1001098127,100.00,,
   196.228768664,33.53,Joules,power/energy-pkg/,1001170983,100.00,,
   197.229948113,16.16,Joules,power/energy-pkg/,1001162027,100.00,,
   198.230420421,31.50,Joules,power/energy-pkg/,1000492090,100.00,,
   199.231565454,46.87,Joules,power/energy-pkg/,1001110152,100.00,,
   200.232781447,41.39,Joules,power/energy-pkg/,1001201826,100.00,,
   201.233952835,37.54,Joules,power/energy-pkg/,1001181595,100.00,,
   202.234407808,33.25,Joules,power/energy-pkg/,1000420045,100.00,,
   203.235596259,37.40,Joules,power/energy-pkg/,1001207795,100.00,,
   204.236854510,20.69,Joules,power/energy-pkg/,1001236330,100.00,,
   205.238120131,28.89,Joules,power/energy-pkg/,1001325922,100.00,,
   206.238823671,33.58,Joules,power/energy-pkg/,1000681134,100.00,,
   207.240009799,40.96,Joules,power/energy-pkg/,1001167242,100.00,,
   208.241312005,42.65,Joules,power/energy-pkg/,1001220875,100.00,,
   209.242508520,24.84,Joules,power/energy-pkg/,1001191456,100.00,,
   210.243647577,24.48,Joules,power/energy-pkg/,1001122535,100.00,,
   211.244822011,32.49,Joules,power/energy-pkg/,1001167994,100.00,,
   212.245987449,35.72,Joules,power/energy-pkg/,1001154477,100.00,,
   213.246496476,36.63,Joules,power/energy-pkg/,1000492847,100.00,,
   214.247651059,22.97,Joules,power/energy-pkg/,1001165403,100.00,,
   215.248963092,8.81,Joules,power/energy-pkg/,1001284641,100.00,,
   216.250153457,23.37,Joules,power/energy-pkg/,1001196603,100.00,,
   217.251431072,24.93,Joules,power/energy-pkg/,1001247792,100.00,,
   218.252615593,47.22,Joules,power/energy-pkg/,1001214139,100.00,,
   219.253837918,40.29,Joules,power/energy-pkg/,1001174382,100.00,,
   220.254416940,31.05,Joules,power/energy-pkg/,1000568621,100.00,,
   221.255616663,45.81,Joules,power/energy-pkg/,1001216094,100.00,,
   222.256829257,38.24,Joules,power/energy-pkg/,1001169379,100.00,,
   223.257992284,38.88,Joules,power/energy-pkg/,1001199644,100.00,,
   224.258495381,54.63,Joules,power/energy-pkg/,1000516336,100.00,,
   225.259738216,53.34,Joules,power/energy-pkg/,1001234073,100.00,,
   226.261057050,38.62,Joules,power/energy-pkg/,1001240943,100.00,,
   227.262153795,30.67,Joules,power/energy-pkg/,1001093372,100.00,,
   228.262422579,26.96,Joules,power/energy-pkg/,1000260099,100.00,,
   229.263752758,42.39,Joules,power/energy-pkg/,1001304322,100.00,,
   230.264801674,35.41,Joules,power/energy-pkg/,1001056781,100.00,,
   231.265974117,29.87,Joules,power/energy-pkg/,1001149736,100.00,,
   232.266495816,45.30,Joules,power/energy-pkg/,1000566116,100.00,,
   233.267815597,40.11,Joules,power/energy-pkg/,1001251715,100.00,,
   234.268252806,22.95,Joules,power/energy-pkg/,1000432694,100.00,,
   235.269378310,23.08,Joules,power/energy-pkg/,1001117617,100.00,,
   236.270416154,38.86,Joules,power/energy-pkg/,1001056507,100.00,,
   237.271630155,34.45,Joules,power/energy-pkg/,1001163631,100.00,,
   238.272756126,46.34,Joules,power/energy-pkg/,1001177307,100.00,,
   239.274124212,44.06,Joules,power/energy-pkg/,1001293786,100.00,,
   240.274475206,26.28,Joules,power/energy-pkg/,1000362170,100.00,,
   241.275654656,27.63,Joules,power/energy-pkg/,1001164255,100.00,,
   242.276855339,23.94,Joules,power/energy-pkg/,1001190913,100.00,,
   243.278130836,30.54,Joules,power/energy-pkg/,1001246192,100.00,,
   244.278495324,31.20,Joules,power/energy-pkg/,1000354838,100.00,,
   245.279690140,24.58,Joules,power/energy-pkg/,1001179826,100.00,,
   246.280851645,27.52,Joules,power/energy-pkg/,1001257895,100.00,,
   247.286441506,43.82,Joules,power/energy-pkg/,1005496279,100.00,,
   248.287770995,32.07,Joules,power/energy-pkg/,1001319245,100.00,,
   249.289095952,16.17,Joules,power/energy-pkg/,1001318292,100.00,,
   250.290242926,31.03,Joules,power/energy-pkg/,1001155802,100.00,,
   251.291758895,33.03,Joules,power/energy-pkg/,1001476778,100.00,,
   252.293002906,12.68,Joules,power/energy-pkg/,1001212912,100.00,,
   253.293553423,48.71,Joules,power/energy-pkg/,1000613969,100.00,,
   254.294496608,51.40,Joules,power/energy-pkg/,1000859649,100.00,,
   255.295666177,40.14,Joules,power/energy-pkg/,1001187028,100.00,,
   256.296802827,49.64,Joules,power/energy-pkg/,1001114495,100.00,,
   257.298111840,33.66,Joules,power/energy-pkg/,1001285031,100.00,,
   258.298489867,29.62,Joules,power/energy-pkg/,1004297589,100.00,,
   259.302932396,45.83,Joules,power/energy-pkg/,1000548049,100.00,,
   260.304251633,34.42,Joules,power/energy-pkg/,1001262062,100.00,,
   261.305426637,41.29,Joules,power/energy-pkg/,1001187485,100.00,,
   262.306483699,40.54,Joules,power/energy-pkg/,1001035107,100.00,,
   263.307588982,38.28,Joules,power/energy-pkg/,1001079125,100.00,,
   264.308764037,28.20,Joules,power/energy-pkg/,1001183658,100.00,,
   265.310009866,38.03,Joules,power/energy-pkg/,1001217133,100.00,,
   266.314445728,60.92,Joules,power/energy-pkg/,1004453394,100.00,,
   267.315753025,69.96,Joules,power/energy-pkg/,1001292846,100.00,,
   268.317140368,58.78,Joules,power/energy-pkg/,1001358574,100.00,,
   269.318278297,28.77,Joules,power/energy-pkg/,1001117659,100.00,,
   270.318493608,42.59,Joules,power/energy-pkg/,1000211020,100.00,,
   271.319680805,38.12,Joules,power/energy-pkg/,1001172668,100.00,,
   272.320775042,37.08,Joules,power/energy-pkg/,1001080713,100.00,,
   273.321939271,24.94,Joules,power/energy-pkg/,1001159550,100.00,,
   274.322420713,36.48,Joules,power/energy-pkg/,1000481752,100.00,,
   275.323591230,39.64,Joules,power/energy-pkg/,1001165018,100.00,,
   276.324768465,34.98,Joules,power/energy-pkg/,1001149106,100.00,,
   277.325879850,35.38,Joules,power/energy-pkg/,1001111275,100.00,,
   278.326403288,38.47,Joules,power/energy-pkg/,1000496569,100.00,,
   279.327523849,48.72,Joules,power/energy-pkg/,1001188705,100.00,,
   280.328861012,58.92,Joules,power/energy-pkg/,1001253544,100.00,,
   281.330082632,45.99,Joules,power/energy-pkg/,1001211354,100.00,,
   282.330419783,50.52,Joules,power/energy-pkg/,1000325186,100.00,,
   283.331559911,43.03,Joules,power/energy-pkg/,1001157658,100.00,,
   284.332745456,17.77,Joules,power/energy-pkg/,1001144269,100.00,,
   285.333903694,32.97,Joules,power/energy-pkg/,1001149741,100.00,,
   286.334403734,25.52,Joules,power/energy-pkg/,1000500361,100.00,,
   287.335533023,40.85,Joules,power/energy-pkg/,1001112659,100.00,,
   288.336666239,55.51,Joules,power/energy-pkg/,1001765029,100.00,,
   289.338438270,60.66,Joules,power/energy-pkg/,1001128579,100.00,,
   290.339666420,47.60,Joules,power/energy-pkg/,1001221781,100.00,,
   291.340938737,44.93,Joules,power/energy-pkg/,1001248980,100.00,,
   292.341329675,44.44,Joules,power/energy-pkg/,1000438652,100.00,,
   293.342439023,40.65,Joules,power/energy-pkg/,1001054250,100.00,,
   294.343718390,46.50,Joules,power/energy-pkg/,1001253192,100.00,,
   295.344978083,49.65,Joules,power/energy-pkg/,1001244308,100.00,,
   296.346086313,34.68,Joules,power/energy-pkg/,1001116158,100.00,,
   297.346419431,47.32,Joules,power/energy-pkg/,1000318090,100.00,,
   298.347664696,37.87,Joules,power/energy-pkg/,1001219320,100.00,,
   299.348825911,26.59,Joules,power/energy-pkg/,1001197948,100.00,,
   300.350040402,54.44,Joules,power/energy-pkg/,1001154955,100.00,,
   301.350414138,25.48,Joules,power/energy-pkg/,1000375920,100.00,,
   302.351665464,25.01,Joules,power/energy-pkg/,1001251753,100.00,,
   303.352846399,6.91,Joules,power/energy-pkg/,1001161879,100.00,,
   304.354135148,33.22,Joules,power/energy-pkg/,1001278660,100.00,,
   305.354499221,45.20,Joules,power/energy-pkg/,1000402620,100.00,,
   306.355771143,38.24,Joules,power/energy-pkg/,1001210591,100.00,,
   307.356957087,35.18,Joules,power/energy-pkg/,1001195771,100.00,,
   308.358133663,39.98,Joules,power/energy-pkg/,1001190866,100.00,,
   309.359762892,46.38,Joules,power/energy-pkg/,1001567623,100.00,,
   310.360926795,48.11,Joules,power/energy-pkg/,1001233192,100.00,,
   311.362294447,41.59,Joules,power/energy-pkg/,1001291687,100.00,,
   312.363414598,18.55,Joules,power/energy-pkg/,1001111922,100.00,,
   313.364564287,41.78,Joules,power/energy-pkg/,1001188546,100.00,,
   314.365922510,41.85,Joules,power/energy-pkg/,1001283320,100.00,,
   315.366420239,47.63,Joules,power/energy-pkg/,1000486048,100.00,,
   316.367651081,26.66,Joules,power/energy-pkg/,1001213317,100.00,,
   317.368767515,41.30,Joules,power/energy-pkg/,1001125781,100.00,,
   318.370026795,47.47,Joules,power/energy-pkg/,1001233447,100.00,,
   319.370409637,35.83,Joules,power/energy-pkg/,1000380770,100.00,,
   320.373524615,42.26,Joules,power/energy-pkg/,1003123889,100.00,,
   321.374413545,43.97,Joules,power/energy-pkg/,1000889091,100.00,,
   322.375666286,41.25,Joules,power/energy-pkg/,1001195136,100.00,,
   323.376827678,42.00,Joules,power/energy-pkg/,1001182719,100.00,,
   324.377978267,36.27,Joules,power/energy-pkg/,1001120827,100.00,,
   325.380901581,34.53,Joules,power/energy-pkg/,1003821816,100.00,,
   326.383983492,41.98,Joules,power/energy-pkg/,1002191359,100.00,,
   327.385116421,20.25,Joules,power/energy-pkg/,1001094991,100.00,,
   328.386341558,13.94,Joules,power/energy-pkg/,1001221498,100.00,,
   329.387585468,39.35,Joules,power/energy-pkg/,1001223100,100.00,,
   330.388772020,37.92,Joules,power/energy-pkg/,1001169163,100.00,,
   331.389940804,29.63,Joules,power/energy-pkg/,1001160448,100.00,,
   332.390415461,27.54,Joules,power/energy-pkg/,1000480768,100.00,,
   333.391553877,47.30,Joules,power/energy-pkg/,1001120688,100.00,,
   334.392796499,36.22,Joules,power/energy-pkg/,1001219775,100.00,,
   335.394004462,28.87,Joules,power/energy-pkg/,1001214730,100.00,,
   336.394484688,20.26,Joules,power/energy-pkg/,1000447222,100.00,,
   337.395570766,36.76,Joules,power/energy-pkg/,1001078423,100.00,,
   338.396696891,45.44,Joules,power/energy-pkg/,1001120371,100.00,,
   339.397960150,51.18,Joules,power/energy-pkg/,1001283723,100.00,,
   340.398494137,49.30,Joules,power/energy-pkg/,1000510817,100.00,,
   341.399719490,13.41,Joules,power/energy-pkg/,1001209378,100.00,,
   342.400721100,5.59,Joules,power/energy-pkg/,1001073728,100.00,,
   343.402177127,5.97,Joules,power/energy-pkg/,1001363309,100.00,,
   344.402526045,17.51,Joules,power/energy-pkg/,1000329570,100.00,,
   345.403713631,44.19,Joules,power/energy-pkg/,1001180273,100.00,,
   346.404838673,56.97,Joules,power/energy-pkg/,1001159235,100.00,,
   347.406413953,45.17,Joules,power/energy-pkg/,1001522863,100.00,,
   348.407569598,34.00,Joules,power/energy-pkg/,1001166154,100.00,,
   349.408795483,36.05,Joules,power/energy-pkg/,1001176979,100.00,,
   350.409884365,31.30,Joules,power/energy-pkg/,1001114167,100.00,,
   351.410489608,47.49,Joules,power/energy-pkg/,1000588517,100.00,,
   352.411642316,47.05,Joules,power/energy-pkg/,1001146725,100.00,,
   353.413021149,48.98,Joules,power/energy-pkg/,1001359070,100.00,,
   354.414378901,35.30,Joules,power/energy-pkg/,1001332073,100.00,,
   355.415551669,13.11,Joules,power/energy-pkg/,1001157615,100.00,,
   356.416702983,19.27,Joules,power/energy-pkg/,1001163961,100.00,,
   357.417882388,44.16,Joules,power/energy-pkg/,1001171744,100.00,,
   358.418501246,37.08,Joules,power/energy-pkg/,1000627642,100.00,,
   359.419716405,35.63,Joules,power/energy-pkg/,1001158405,100.00,,
   360.420891102,32.67,Joules,power/energy-pkg/,1001160447,100.00,,
   361.421983746,19.62,Joules,power/energy-pkg/,1001094653,100.00,,
   362.422411866,32.54,Joules,power/energy-pkg/,1000404293,100.00,,
   363.423632275,45.96,Joules,power/energy-pkg/,1001211776,100.00,,
   364.424729681,38.74,Joules,power/energy-pkg/,1001082647,100.00,,
   365.425876748,29.50,Joules,power/energy-pkg/,1001178438,100.00,,
   366.426422718,23.92,Joules,power/energy-pkg/,1000510183,100.00,,
   367.427579492,52.94,Joules,power/energy-pkg/,1001192412,100.00,,
   368.429107402,59.87,Joules,power/energy-pkg/,1001514722,100.00,,
   369.430393126,45.71,Joules,power/energy-pkg/,1001239116,100.00,,
   370.431604972,32.17,Joules,power/energy-pkg/,1001200564,100.00,,
   371.432914186,10.89,Joules,power/energy-pkg/,1001301460,100.00,,
   372.434043194,31.65,Joules,power/energy-pkg/,1001202638,100.00,,
   373.435464543,44.48,Joules,power/energy-pkg/,1001307765,100.00,,
   374.436627031,49.72,Joules,power/energy-pkg/,1001151086,100.00,,
   375.437729207,33.08,Joules,power/energy-pkg/,1001090222,100.00,,
   376.438501532,31.17,Joules,power/energy-pkg/,1000758652,100.00,,
   377.439705153,44.42,Joules,power/energy-pkg/,1001222776,100.00,,
   378.440920247,33.73,Joules,power/energy-pkg/,1001181869,100.00,,
   379.442019292,42.15,Joules,power/energy-pkg/,1001084607,100.00,,
   380.442436898,52.24,Joules,power/energy-pkg/,1000434682,100.00,,
   381.443702937,61.91,Joules,power/energy-pkg/,1001250410,100.00,,
   382.444924724,45.63,Joules,power/energy-pkg/,1001190874,100.00,,
   383.446137630,15.58,Joules,power/energy-pkg/,1001197503,100.00,,
   384.446493853,27.71,Joules,power/energy-pkg/,1000343174,100.00,,
   385.447644517,30.57,Joules,power/energy-pkg/,1001144111,100.00,,
   386.448802079,36.63,Joules,power/energy-pkg/,1001170595,100.00,,
   387.449943300,39.62,Joules,power/energy-pkg/,1001106554,100.00,,
   388.451118089,31.02,Joules,power/energy-pkg/,1001181941,100.00,,
   389.452436428,6.36,Joules,power/energy-pkg/,1001309436,100.00,,
   390.453683886,32.53,Joules,power/energy-pkg/,1001227383,100.00,,
   391.454472363,44.06,Joules,power/energy-pkg/,1000828345,100.00,,
   392.455940242,48.91,Joules,power/energy-pkg/,1001438963,100.00,,
   393.457187074,39.87,Joules,power/energy-pkg/,1001230521,100.00,,
   394.458350366,58.50,Joules,power/energy-pkg/,1001177730,100.00,,
   395.459759423,48.40,Joules,power/energy-pkg/,1001367352,100.00,,
   396.460890518,34.10,Joules,power/energy-pkg/,1001089883,100.00,,
   397.462057918,30.02,Joules,power/energy-pkg/,1001159258,100.00,,
   398.462496273,25.67,Joules,power/energy-pkg/,1000426170,100.00,,
   399.463570452,23.27,Joules,power/energy-pkg/,1001063281,100.00,,
   400.464681853,34.87,Joules,power/energy-pkg/,1001123877,100.00,,
   401.465943314,38.01,Joules,power/energy-pkg/,1001237169,100.00,,
   402.466512851,26.78,Joules,power/energy-pkg/,1000568810,100.00,,
   403.467825064,32.31,Joules,power/energy-pkg/,1001284081,100.00,,
   404.469013177,17.68,Joules,power/energy-pkg/,1001195823,100.00,,
   405.470351113,24.40,Joules,power/energy-pkg/,1001326840,100.00,,
   406.471615131,31.12,Joules,power/energy-pkg/,1001247926,100.00,,
   407.472711439,38.53,Joules,power/energy-pkg/,1001071780,100.00,,
   408.473887337,16.08,Joules,power/energy-pkg/,1001172273,100.00,,
   409.474497533,14.03,Joules,power/energy-pkg/,1000611004,100.00,,
   410.475599655,19.12,Joules,power/energy-pkg/,1001072751,100.00,,
   411.476751512,29.49,Joules,power/energy-pkg/,1001172681,100.00,,
   412.477967899,34.61,Joules,power/energy-pkg/,1001181142,100.00,,
   413.478496223,45.08,Joules,power/energy-pkg/,1000535892,100.00,,
   414.479646801,21.26,Joules,power/energy-pkg/,1001131954,100.00,,
   415.480867966,27.55,Joules,power/energy-pkg/,1001196399,100.00,,
   416.482058542,31.51,Joules,power/energy-pkg/,1001182449,100.00,,
   417.482428305,44.36,Joules,power/energy-pkg/,1000370648,100.00,,
   418.483597959,43.72,Joules,power/energy-pkg/,1001167320,100.00,,
   419.484706769,32.25,Joules,power/energy-pkg/,1001075860,100.00,,
   420.485822650,23.16,Joules,power/energy-pkg/,1001119709,100.00,,
   421.486493201,31.09,Joules,power/energy-pkg/,1000646164,100.00,,
   422.487661427,27.01,Joules,power/energy-pkg/,1001162686,100.00,,
   423.488762549,36.46,Joules,power/energy-pkg/,1001097499,100.00,,
   424.489866493,39.90,Joules,power/energy-pkg/,1001082200,100.00,,
   425.491066913,39.80,Joules,power/energy-pkg/,1001186530,100.00,,
   426.492231688,20.18,Joules,power/energy-pkg/,1001176513,100.00,,
   427.493539798,18.73,Joules,power/energy-pkg/,1001286375,100.00,,
   428.494500829,38.09,Joules,power/energy-pkg/,1000945784,100.00,,
   429.495689485,44.24,Joules,power/energy-pkg/,1001220319,100.00,,
   430.496919505,43.03,Joules,power/energy-pkg/,1001178615,100.00,,
   431.498026436,37.51,Joules,power/energy-pkg/,1001107334,100.00,,
   432.498403611,14.78,Joules,power/energy-pkg/,1000348758,100.00,,
   433.499553993,17.37,Joules,power/energy-pkg/,1001161058,100.00,,
   434.500744009,29.51,Joules,power/energy-pkg/,1001170781,100.00,,
   435.501876846,50.35,Joules,power/energy-pkg/,1001122437,100.00,,
   436.502449351,56.91,Joules,power/energy-pkg/,1000613320,100.00,,
   437.503710212,51.26,Joules,power/energy-pkg/,1001208494,100.00,,
   438.504866630,53.05,Joules,power/energy-pkg/,1001222327,100.00,,
   439.506293064,60.65,Joules,power/energy-pkg/,1001328468,100.00,,
   440.506416038,37.08,Joules,power/energy-pkg/,1000125699,100.00,,
   441.507689550,40.99,Joules,power/energy-pkg/,1001273041,100.00,,
   442.508890525,45.21,Joules,power/energy-pkg/,1001163858,100.00,,
   443.510011036,45.03,Joules,power/energy-pkg/,1001123861,100.00,,
   444.510529599,48.78,Joules,power/energy-pkg/,1000591973,100.00,,
   445.511887678,53.78,Joules,power/energy-pkg/,1001265385,100.00,,
   446.513103253,39.18,Joules,power/energy-pkg/,1001194813,100.00,,
   447.514220533,32.09,Joules,power/energy-pkg/,1001112924,100.00,,
   448.514431014,45.42,Joules,power/energy-pkg/,1000207165,100.00,,
   449.515764470,46.40,Joules,power/energy-pkg/,1001325356,100.00,,
   450.517052105,54.30,Joules,power/energy-pkg/,1001338351,100.00,,
   451.518407143,41.68,Joules,power/energy-pkg/,1001271648,100.00,,
   452.519596843,25.63,Joules,power/energy-pkg/,1001172455,100.00,,
   453.519899238,33.78,Joules,power/energy-pkg/,1000310305,100.00,,
   454.521101025,29.79,Joules,power/energy-pkg/,1001178821,100.00,,
   455.521475140,19.08,Joules,power/energy-pkg/,1000377228,100.00,,
   456.522472459,39.59,Joules,power/energy-pkg/,1000993767,100.00,,
   457.523667039,57.88,Joules,power/energy-pkg/,1001177017,100.00,,
   458.524885101,58.52,Joules,power/energy-pkg/,1001226412,100.00,,
   459.526256385,59.58,Joules,power/energy-pkg/,1001330893,100.00,,
   460.526494719,35.70,Joules,power/energy-pkg/,1000216367,100.00,,
   461.527628156,14.72,Joules,power/energy-pkg/,1001149597,100.00,,
   462.529004673,14.44,Joules,power/energy-pkg/,1001379344,100.00,,
   463.530329677,47.85,Joules,power/energy-pkg/,1001340381,100.00,,
   464.531617690,46.04,Joules,power/energy-pkg/,1001218729,100.00,,
   465.532796429,42.60,Joules,power/energy-pkg/,1001187064,100.00,,
   466.534165170,51.15,Joules,power/energy-pkg/,1001415727,100.00,,
   467.535528645,54.05,Joules,power/energy-pkg/,1001282278,100.00,,
   468.536810084,44.60,Joules,power/energy-pkg/,1001260296,100.00,,
   469.537953925,20.68,Joules,power/energy-pkg/,1001152360,100.00,,
   470.538401758,10.24,Joules,power/energy-pkg/,1000412997,100.00,,
   471.539500394,50.17,Joules,power/energy-pkg/,1001095102,100.00,,
   472.540698616,48.97,Joules,power/energy-pkg/,1001235465,100.00,,
   473.541901169,49.07,Joules,power/energy-pkg/,1001252272,100.00,,
   474.542499804,58.70,Joules,power/energy-pkg/,1000479147,100.00,,
   475.543724147,40.64,Joules,power/energy-pkg/,1001236275,100.00,,
   476.544923950,36.71,Joules,power/energy-pkg/,1001164191,100.00,,
   477.546130886,10.39,Joules,power/energy-pkg/,1001217610,100.00,,
   478.547433460,17.62,Joules,power/energy-pkg/,1001269187,100.00,,
   479.548586889,41.91,Joules,power/energy-pkg/,1001181870,100.00,,
   480.549793943,33.68,Joules,power/energy-pkg/,1001176802,100.00,,
   481.550504882,24.62,Joules,power/energy-pkg/,1000695506,100.00,,
   482.551682612,28.05,Joules,power/energy-pkg/,1001161062,100.00,,
   483.552886783,42.23,Joules,power/energy-pkg/,1001188274,100.00,,
   484.553986753,40.68,Joules,power/energy-pkg/,1001114084,100.00,,
   485.554498782,31.86,Joules,power/energy-pkg/,1000477796,100.00,,
   486.555688003,44.89,Joules,power/energy-pkg/,1001179084,100.00,,
   487.556787925,47.49,Joules,power/energy-pkg/,1001099657,100.00,,
   488.557898488,42.50,Joules,power/energy-pkg/,1001104035,100.00,,
   489.558502706,50.35,Joules,power/energy-pkg/,1000581319,100.00,,
   490.559638975,40.23,Joules,power/energy-pkg/,1001126613,100.00,,
   491.560835060,29.84,Joules,power/energy-pkg/,1001210837,100.00,,
   492.562026787,14.11,Joules,power/energy-pkg/,1001154898,100.00,,
   493.562437585,9.57,Joules,power/energy-pkg/,1000517783,100.00,,
   494.563871569,29.99,Joules,power/energy-pkg/,1001308743,100.00,,
   495.565035551,39.04,Joules,power/energy-pkg/,1001147864,100.00,,
   496.566228156,17.61,Joules,power/energy-pkg/,1001202012,100.00,,
   497.567584470,8.80,Joules,power/energy-pkg/,1001336544,100.00,,
   498.568768932,32.24,Joules,power/energy-pkg/,1001199733,100.00,,
   499.569971653,20.52,Joules,power/energy-pkg/,1001173899,100.00,,
   500.570407659,15.98,Joules,power/energy-pkg/,1000414123,100.00,,
   501.571652893,43.96,Joules,power/energy-pkg/,1001234282,100.00,,
   502.572874208,42.25,Joules,power/energy-pkg/,1001234958,100.00,,
   503.573998186,47.97,Joules,power/energy-pkg/,1001081757,100.00,,
   504.574431242,41.93,Joules,power/energy-pkg/,1000451278,100.00,,
   505.575629788,43.06,Joules,power/energy-pkg/,1001162984,100.00,,
   506.575902526,32.89,Joules,power/energy-pkg/,1000268709,100.00,,
   507.577064277,35.21,Joules,power/energy-pkg/,1001143035,100.00,,
   508.578213106,15.27,Joules,power/energy-pkg/,1001156674,100.00,,
   509.578500323,29.97,Joules,power/energy-pkg/,1000264673,100.00,,
   510.579718273,43.89,Joules,power/energy-pkg/,1001213392,100.00,,
   511.580873813,36.58,Joules,power/energy-pkg/,1001143897,100.00,,
   512.582050994,40.63,Joules,power/energy-pkg/,1001187201,100.00,,
   513.582509119,36.52,Joules,power/energy-pkg/,1000436794,100.00,,
   514.583742510,19.40,Joules,power/energy-pkg/,1001206380,100.00,,
   515.584860457,46.76,Joules,power/energy-pkg/,1001133349,100.00,,
   516.585984105,49.19,Joules,power/energy-pkg/,1001132808,100.00,,
   517.586412276,36.79,Joules,power/energy-pkg/,1000371462,100.00,,
   518.587527102,26.01,Joules,power/energy-pkg/,1001106826,100.00,,
   519.588663526,43.53,Joules,power/energy-pkg/,1001208271,100.00,,
   520.589974547,51.79,Joules,power/energy-pkg/,1001433523,100.00,,
   521.590404308,42.83,Joules,power/energy-pkg/,1000197990,100.00,,
   522.591499545,25.50,Joules,power/energy-pkg/,1001086090,100.00,,
   523.592699566,37.78,Joules,power/energy-pkg/,1001191856,100.00,,
   524.593883208,34.32,Joules,power/energy-pkg/,1001174628,100.00,,
   525.594433827,33.71,Joules,power/energy-pkg/,1000552323,100.00,,
   526.595646828,42.42,Joules,power/energy-pkg/,1001187834,100.00,,
   527.596751932,29.36,Joules,power/energy-pkg/,1001110725,100.00,,
   528.598021336,40.09,Joules,power/energy-pkg/,1001259996,100.00,,
   529.598511610,18.34,Joules,power/energy-pkg/,1000500042,100.00,,
   530.599725492,43.32,Joules,power/energy-pkg/,1001221476,100.00,,
   531.600975965,51.11,Joules,power/energy-pkg/,1001188916,100.00,,
   532.602098719,43.28,Joules,power/energy-pkg/,1001112864,100.00,,
   533.602446804,42.35,Joules,power/energy-pkg/,1000389418,100.00,,
   534.603802837,47.30,Joules,power/energy-pkg/,1001298009,100.00,,
   535.604978979,44.32,Joules,power/energy-pkg/,1001189148,100.00,,
   536.606113117,35.94,Joules,power/energy-pkg/,1001148224,100.00,,
   537.606495226,43.68,Joules,power/energy-pkg/,1000317675,100.00,,
   538.607674285,36.78,Joules,power/energy-pkg/,1001192429,100.00,,
   539.608876227,39.27,Joules,power/energy-pkg/,1001168558,100.00,,
   540.610036730,33.50,Joules,power/energy-pkg/,1001149079,100.00,,
   541.610536810,9.45,Joules,power/energy-pkg/,1000508619,100.00,,
   542.611858563,12.66,Joules,power/energy-pkg/,1001292747,100.00,,
   543.612964844,30.47,Joules,power/energy-pkg/,1001100454,100.00,,
   544.614053438,29.59,Joules,power/energy-pkg/,1001083363,100.00,,
   545.614495315,15.43,Joules,power/energy-pkg/,1000440333,100.00,,
   546.615812485,25.81,Joules,power/energy-pkg/,1001289719,100.00,,
   547.616925301,46.51,Joules,power/energy-pkg/,1001189409,100.00,,
   548.618358961,59.39,Joules,power/energy-pkg/,1001406061,100.00,,
   549.619643286,45.52,Joules,power/energy-pkg/,1001239781,100.00,,
   550.621065062,33.27,Joules,power/energy-pkg/,1001375170,100.00,,
   551.622228854,31.48,Joules,power/energy-pkg/,1001158533,100.00,,
   552.622406077,42.04,Joules,power/energy-pkg/,1000189797,100.00,,
   553.623591510,22.10,Joules,power/energy-pkg/,1001175755,100.00,,
   554.624771168,32.51,Joules,power/energy-pkg/,1001139917,100.00,,
   555.625912093,40.16,Joules,power/energy-pkg/,1001161578,100.00,,
   556.626430145,24.63,Joules,power/energy-pkg/,1000489605,100.00,,
   557.627700991,22.67,Joules,power/energy-pkg/,1001250635,100.00,,
   558.628795466,31.54,Joules,power/energy-pkg/,1001079071,100.00,,
   559.629959805,26.11,Joules,power/energy-pkg/,1001157905,100.00,,
   560.630497675,27.14,Joules,power/energy-pkg/,1000524979,100.00,,
   561.631605957,16.59,Joules,power/energy-pkg/,1001101558,100.00,,
   562.632821778,26.21,Joules,power/energy-pkg/,1001225765,100.00,,
   563.633932341,24.61,Joules,power/energy-pkg/,1001108773,100.00,,
   564.634438210,58.34,Joules,power/energy-pkg/,1000505244,100.00,,
   565.635867535,47.20,Joules,power/energy-pkg/,1001408739,100.00,,
   566.637068499,39.97,Joules,power/energy-pkg/,1001161537,100.00,,
   567.638169368,43.47,Joules,power/energy-pkg/,1001095947,100.00,,
   568.638501455,21.19,Joules,power/energy-pkg/,1000314669,100.00,,
   569.639626421,9.14,Joules,power/energy-pkg/,1001139235,100.00,,
   570.640945884,33.39,Joules,power/energy-pkg/,1001307212,100.00,,
   571.642289574,16.61,Joules,power/energy-pkg/,1001328439,100.00,,
   572.643571214,30.40,Joules,power/energy-pkg/,1001273513,100.00,,
   573.644824050,37.63,Joules,power/energy-pkg/,1001222934,100.00,,
   574.645984619,18.15,Joules,power/energy-pkg/,1001167694,100.00,,
   575.646402555,23.20,Joules,power/energy-pkg/,1000386739,100.00,,
   576.647505857,37.86,Joules,power/energy-pkg/,1001135751,100.00,,
   577.648648996,46.35,Joules,power/energy-pkg/,1001104175,100.00,,
   578.649769255,44.16,Joules,power/energy-pkg/,1001159620,100.00,,
   579.650491017,41.28,Joules,power/energy-pkg/,1000674411,100.00,,
   580.651696590,23.17,Joules,power/energy-pkg/,1001188152,100.00,,
   581.652972444,15.58,Joules,power/energy-pkg/,1001252599,100.00,,
   582.654070005,17.41,Joules,power/energy-pkg/,1001087114,100.00,,
   583.654438611,29.17,Joules,power/energy-pkg/,1000382132,100.00,,
   584.655622794,23.38,Joules,power/energy-pkg/,1001149623,100.00,,
   585.656720142,32.00,Joules,power/energy-pkg/,1001096269,100.00,,
   586.657844337,31.77,Joules,power/energy-pkg/,1001114013,100.00,,
   587.658438634,38.91,Joules,power/energy-pkg/,1000686524,100.00,,
   588.659747047,44.64,Joules,power/energy-pkg/,1001194507,100.00,,
   589.660903597,48.07,Joules,power/energy-pkg/,1001135687,100.00,,
   590.662026765,41.80,Joules,power/energy-pkg/,1001161112,100.00,,
   591.662498795,48.84,Joules,power/energy-pkg/,1000417777,100.00,,
   592.663710261,31.19,Joules,power/energy-pkg/,1001215086,100.00,,
   593.664916137,19.18,Joules,power/energy-pkg/,1001180497,100.00,,
   594.665994469,33.31,Joules,power/energy-pkg/,1001066357,100.00,,
   595.667231917,39.20,Joules,power/energy-pkg/,1001246070,100.00,,
   596.668382366,28.67,Joules,power/energy-pkg/,1001120926,100.00,,
   597.669530185,30.79,Joules,power/energy-pkg/,1001153801,100.00,,
   598.670500327,13.39,Joules,power/energy-pkg/,1000939182,100.00,,
   599.671595098,41.14,Joules,power/energy-pkg/,1001105115,100.00,,
   600.672802715,55.78,Joules,power/energy-pkg/,1001211208,100.00,,
   601.674196426,39.52,Joules,power/energy-pkg/,1001355376,100.00,,
   602.674488104,15.91,Joules,power/energy-pkg/,1000287615,100.00,,
   603.675467305,34.61,Joules,power/energy-pkg/,1001071628,100.00,,
   604.677219242,41.40,Joules,power/energy-pkg/,1001631188,100.00,,
   605.678318845,39.74,Joules,power/energy-pkg/,1001091032,100.00,,
   606.679468164,25.76,Joules,power/energy-pkg/,1001146033,100.00,,
   607.680664755,35.01,Joules,power/energy-pkg/,1001176626,100.00,,
   608.681264565,28.49,Joules,power/energy-pkg/,1000686724,100.00,,
   609.682544983,17.53,Joules,power/energy-pkg/,1001183697,100.00,,
   610.683337307,31.71,Joules,power/energy-pkg/,1000846158,100.00,,
   611.684511211,33.72,Joules,power/energy-pkg/,1001099739,100.00,,
   612.685610455,35.49,Joules,power/energy-pkg/,1001088164,100.00,,
   613.686405114,53.63,Joules,power/energy-pkg/,1000771439,100.00,,
   614.687564289,43.94,Joules,power/energy-pkg/,1001157085,100.00,,
   615.688655972,36.27,Joules,power/energy-pkg/,1001071977,100.00,,
   616.689821320,45.51,Joules,power/energy-pkg/,1001183099,100.00,,
   617.690432554,46.87,Joules,power/energy-pkg/,1000591227,100.00,,
   618.691567780,41.68,Joules,power/energy-pkg/,1001121806,100.00,,
   619.692665937,38.37,Joules,power/energy-pkg/,1001089921,100.00,,
   620.693803054,24.53,Joules,power/energy-pkg/,1001123982,100.00,,
   621.694413907,42.93,Joules,power/energy-pkg/,1000593784,100.00,,
   622.695568885,47.51,Joules,power/energy-pkg/,1001144339,100.00,,
   623.696776066,31.14,Joules,power/energy-pkg/,1001230445,100.00,,
   624.697923576,40.85,Joules,power/energy-pkg/,1001105630,100.00,,
   625.698496581,31.43,Joules,power/energy-pkg/,1000557405,100.00,,
   626.699692117,27.24,Joules,power/energy-pkg/,1001210503,100.00,,
   627.700878593,30.19,Joules,power/energy-pkg/,1001153187,100.00,,
   628.702030706,38.81,Joules,power/energy-pkg/,1001142643,100.00,,
   629.702562550,36.06,Joules,power/energy-pkg/,1000537372,100.00,,
   630.703898570,14.81,Joules,power/energy-pkg/,1001326293,100.00,,
   631.705219744,8.25,Joules,power/energy-pkg/,1001292120,100.00,,
   632.706393980,33.69,Joules,power/energy-pkg/,1001168867,100.00,,
   633.707591036,30.16,Joules,power/energy-pkg/,1001184121,100.00,,
   634.708610169,30.28,Joules,power/energy-pkg/,1001034857,100.00,,
   635.708805752,39.01,Joules,power/energy-pkg/,1000185689,100.00,,
   636.710068416,43.76,Joules,power/energy-pkg/,1001225707,100.00,,
   637.710409031,40.53,Joules,power/energy-pkg/,1000326251,100.00,,
   638.711580614,43.20,Joules,power/energy-pkg/,1001165874,100.00,,
   639.712780413,41.06,Joules,power/energy-pkg/,1001210916,100.00,,
   640.713904312,48.45,Joules,power/energy-pkg/,1001123630,100.00,,
   641.714500501,23.22,Joules,power/energy-pkg/,1000570505,100.00,,
   642.715675138,34.83,Joules,power/energy-pkg/,1001146684,100.00,,
   643.716776578,41.52,Joules,power/energy-pkg/,1001097930,100.00,,
   644.718030848,43.34,Joules,power/energy-pkg/,1001234445,100.00,,
   645.718416906,37.48,Joules,power/energy-pkg/,1000402307,100.00,,
   646.719755488,40.70,Joules,power/energy-pkg/,1001304170,100.00,,
   647.720856966,21.66,Joules,power/energy-pkg/,1001101750,100.00,,
   648.722080548,30.49,Joules,power/energy-pkg/,1001211832,100.00,,
   649.723261385,22.04,Joules,power/energy-pkg/,1001158641,100.00,,
   650.724414205,10.10,Joules,power/energy-pkg/,1001152055,100.00,,
   651.725618101,41.94,Joules,power/energy-pkg/,1001190829,100.00,,
   652.726498108,38.21,Joules,power/energy-pkg/,1000911410,100.00,,
   653.727668531,32.05,Joules,power/energy-pkg/,1001126837,100.00,,
   654.728886950,33.18,Joules,power/energy-pkg/,1001219551,100.00,,
   655.730241848,23.54,Joules,power/energy-pkg/,1001341623,100.00,,
   656.731874925,5.22,Joules,power/energy-pkg/,1001669808,100.00,,
   657.733294697,5.41,Joules,power/energy-pkg/,1001361178,100.00,,
   658.734494318,28.42,Joules,power/energy-pkg/,1001168542,100.00,,
   659.735655934,28.84,Joules,power/energy-pkg/,1001191565,100.00,,
   660.736920757,29.47,Joules,power/energy-pkg/,1001229959,100.00,,
   661.738117162,26.48,Joules,power/energy-pkg/,1001173225,100.00,,
   662.738497651,21.04,Joules,power/energy-pkg/,1000369720,100.00,,
   663.739683505,33.66,Joules,power/energy-pkg/,1001180804,100.00,,
   664.740888434,35.40,Joules,power/energy-pkg/,1001234248,100.00,,
   665.742241758,41.82,Joules,power/energy-pkg/,1001327950,100.00,,
   666.742497525,15.22,Joules,power/energy-pkg/,1000213153,100.00,,
   667.743648693,36.99,Joules,power/energy-pkg/,1001178758,100.00,,
   668.744809577,48.66,Joules,power/energy-pkg/,1001133594,100.00,,
   669.745985420,55.61,Joules,power/energy-pkg/,1001163585,100.00,,
   670.746428683,58.35,Joules,power/energy-pkg/,1000446513,100.00,,
   671.747619170,63.21,Joules,power/energy-pkg/,1001150518,100.00,,
   672.748749181,52.58,Joules,power/energy-pkg/,1001129696,100.00,,
   673.750022885,27.04,Joules,power/energy-pkg/,1001254683,100.00,,
   674.750447371,31.89,Joules,power/energy-pkg/,1000472941,100.00,,
   675.751700872,48.70,Joules,power/energy-pkg/,1001204348,100.00,,
   676.753008044,54.18,Joules,power/energy-pkg/,1001303039,100.00,,
   677.754235333,48.36,Joules,power/energy-pkg/,1001206008,100.00,,
   678.755552848,16.74,Joules,power/energy-pkg/,1001292580,100.00,,
   679.756639245,31.16,Joules,power/energy-pkg/,1001076661,100.00,,
   680.757812158,40.74,Joules,power/energy-pkg/,1001180773,100.00,,
   681.758494376,24.59,Joules,power/energy-pkg/,1000652216,100.00,,
   682.759615911,35.47,Joules,power/energy-pkg/,1001158494,100.00,,
   683.760998387,31.88,Joules,power/energy-pkg/,1001478450,100.00,,
   684.762419050,43.07,Joules,power/energy-pkg/,1001278886,100.00,,
   685.763528371,48.12,Joules,power/energy-pkg/,1001087950,100.00,,
   686.764631695,30.86,Joules,power/energy-pkg/,1001097522,100.00,,
   687.765890065,33.43,Joules,power/energy-pkg/,1001281930,100.00,,
   688.766516091,51.92,Joules,power/energy-pkg/,1000632025,100.00,,
   689.767855594,43.70,Joules,power/energy-pkg/,1001272981,100.00,,
   690.769010350,52.57,Joules,power/energy-pkg/,1001234905,100.00,,
   691.770364833,59.46,Joules,power/energy-pkg/,1001259181,100.00,,
   692.771494961,47.72,Joules,power/energy-pkg/,1001105007,100.00,,
   693.772678942,29.93,Joules,power/energy-pkg/,1001180050,100.00,,
   694.773843300,21.81,Joules,power/energy-pkg/,1001153077,100.00,,
   695.774490126,37.20,Joules,power/energy-pkg/,1000651000,100.00,,
   696.775601507,42.81,Joules,power/energy-pkg/,1001099786,100.00,,
   697.776784482,42.20,Joules,power/energy-pkg/,1001157567,100.00,,
   698.777891688,34.75,Joules,power/energy-pkg/,1001102661,100.00,,
   699.778413608,27.75,Joules,power/energy-pkg/,1000521910,100.00,,
   700.779653738,33.85,Joules,power/energy-pkg/,1001218023,100.00,,
   701.780827566,18.28,Joules,power/energy-pkg/,1001159261,100.00,,
   702.782029680,12.75,Joules,power/energy-pkg/,1001208519,100.00,,
   703.782419420,6.42,Joules,power/energy-pkg/,1000370072,100.00,,
   704.783594943,22.91,Joules,power/energy-pkg/,1001155147,100.00,,
   705.784691720,41.30,Joules,power/energy-pkg/,1001100230,100.00,,
   706.785820059,36.37,Joules,power/energy-pkg/,1001118042,100.00,,
   707.786416853,35.11,Joules,power/energy-pkg/,1000581144,100.00,,
   708.787524455,30.60,Joules,power/energy-pkg/,1001102893,100.00,,
   709.788654855,36.28,Joules,power/energy-pkg/,1001131080,100.00,,
   710.789969959,49.06,Joules,power/energy-pkg/,1001287302,100.00,,
   711.790431453,51.47,Joules,power/energy-pkg/,1000509330,100.00,,
   712.791739792,48.22,Joules,power/energy-pkg/,1001237464,100.00,,
   713.792896245,36.54,Joules,power/energy-pkg/,1001147684,100.00,,
   714.794002336,22.39,Joules,power/energy-pkg/,1001103699,100.00,,
   715.794493230,30.79,Joules,power/energy-pkg/,1000485784,100.00,,
   716.795665290,35.28,Joules,power/energy-pkg/,1001145689,100.00,,
   717.796813522,25.34,Joules,power/energy-pkg/,1001141561,100.00,,
   718.797971150,36.23,Joules,power/energy-pkg/,1001148387,100.00,,
   719.798499440,35.87,Joules,power/energy-pkg/,1000536110,100.00,,
   720.799667937,18.93,Joules,power/energy-pkg/,1001155700,100.00,,
   721.800776739,26.82,Joules,power/energy-pkg/,1001080165,100.00,,
   722.801099025,34.50,Joules,power/energy-pkg/,1000373021,100.00,,
   723.802322184,15.59,Joules,power/energy-pkg/,1001152129,100.00,,
   724.803508356,35.55,Joules,power/energy-pkg/,1001208049,100.00,,
   725.804656869,41.23,Joules,power/energy-pkg/,1001121724,100.00,,
   726.805887209,25.98,Joules,power/energy-pkg/,1001221206,100.00,,
   727.807239845,5.57,Joules,power/energy-pkg/,1001343560,100.00,,
   728.808558922,21.39,Joules,power/energy-pkg/,1001293202,100.00,,
   729.809737165,29.91,Joules,power/energy-pkg/,1001167096,100.00,,
   730.810433552,26.70,Joules,power/energy-pkg/,1000695959,100.00,,
   731.811621323,12.86,Joules,power/energy-pkg/,1001165647,100.00,,
   732.812707247,33.95,Joules,power/energy-pkg/,1001076424,100.00,,
   733.813825098,45.41,Joules,power/energy-pkg/,1001149187,100.00,,
   734.814489812,29.26,Joules,power/energy-pkg/,1000610096,100.00,,
   735.815662735,35.83,Joules,power/energy-pkg/,1001234559,100.00,,
   736.816960374,35.05,Joules,power/energy-pkg/,1001271253,100.00,,
   737.818180123,36.53,Joules,power/energy-pkg/,1001170457,100.00,,
   738.818485012,39.01,Joules,power/energy-pkg/,1000275964,100.00,,
   739.819557085,33.08,Joules,power/energy-pkg/,1001067716,100.00,,
   740.820754897,36.99,Joules,power/energy-pkg/,1001188400,100.00,,
   741.821907758,30.78,Joules,power/energy-pkg/,1001160914,100.00,,
   742.822487294,36.62,Joules,power/energy-pkg/,1000575415,100.00,,
   743.823712243,11.79,Joules,power/energy-pkg/,1001206096,100.00,,
   744.825010827,25.93,Joules,power/energy-pkg/,1001288103,100.00,,
   745.826190946,39.21,Joules,power/energy-pkg/,1001201630,100.00,,
   746.826496172,40.33,Joules,power/energy-pkg/,1000245016,100.00,,
   747.827652656,26.30,Joules,power/energy-pkg/,1001148191,100.00,,
   748.828798216,38.99,Joules,power/energy-pkg/,1001164072,100.00,,
   749.829955087,43.90,Joules,power/energy-pkg/,1001241533,100.00,,
   750.830430184,59.69,Joules,power/energy-pkg/,1000362898,100.00,,
   751.831707730,58.02,Joules,power/energy-pkg/,1001265133,100.00,,
   752.832962435,49.29,Joules,power/energy-pkg/,1001222661,100.00,,
   753.834130301,45.28,Joules,power/energy-pkg/,1001163652,100.00,,
   754.834401261,32.10,Joules,power/energy-pkg/,1000253854,100.00,,
   755.835507109,43.68,Joules,power/energy-pkg/,1001107206,100.00,,
   756.836728116,43.16,Joules,power/energy-pkg/,1001236830,100.00,,
   757.837984819,34.50,Joules,power/energy-pkg/,1001221780,100.00,,
   758.838493381,37.98,Joules,power/energy-pkg/,1000488846,100.00,,
   759.839661495,28.81,Joules,power/energy-pkg/,1001157191,100.00,,
   760.840970209,29.36,Joules,power/energy-pkg/,1001331078,100.00,,
   761.842115682,43.69,Joules,power/energy-pkg/,1001102635,100.00,,
   762.842533094,36.55,Joules,power/energy-pkg/,1000426513,100.00,,
   763.843787717,20.01,Joules,power/energy-pkg/,1001239681,100.00,,
   764.844970201,29.68,Joules,power/energy-pkg/,1001166350,100.00,,
   765.846176689,16.90,Joules,power/energy-pkg/,1001206810,100.00,,
   766.846458540,14.40,Joules,power/energy-pkg/,1000275017,100.00,,
   767.847684731,30.48,Joules,power/energy-pkg/,1001197693,100.00,,
   768.848885789,24.89,Joules,power/energy-pkg/,1001207181,100.00,,
   769.850213768,10.80,Joules,power/energy-pkg/,1001300780,100.00,,
   770.851396246,20.35,Joules,power/energy-pkg/,1001171650,100.00,,
   771.852561501,16.16,Joules,power/energy-pkg/,1001155843,100.00,,
   772.853687290,29.15,Joules,power/energy-pkg/,1001136215,100.00,,
   773.854513822,40.66,Joules,power/energy-pkg/,1000793594,100.00,,
   774.855633181,27.17,Joules,power/energy-pkg/,1001121642,100.00,,
   775.856840918,42.41,Joules,power/energy-pkg/,1001258744,100.00,,
   776.858186797,35.61,Joules,power/energy-pkg/,1001272448,100.00,,
   777.858494246,40.15,Joules,power/energy-pkg/,1000305832,100.00,,
   778.859689480,42.07,Joules,power/energy-pkg/,1001184067,100.00,,
   779.860993360,24.96,Joules,power/energy-pkg/,1001277254,100.00,,
   780.862089398,29.55,Joules,power/energy-pkg/,1001097912,100.00,,
   781.862403443,6.36,Joules,power/energy-pkg/,1000286634,100.00,,
   782.863491390,25.06,Joules,power/energy-pkg/,1001095835,100.00,,
   783.864660513,45.13,Joules,power/energy-pkg/,1001173472,100.00,,
   784.865874293,45.24,Joules,power/energy-pkg/,1001203041,100.00,,
   785.866409968,36.37,Joules,power/energy-pkg/,1000521216,100.00,,
   786.867636453,36.69,Joules,power/energy-pkg/,1001232016,100.00,,
   787.868809266,49.95,Joules,power/energy-pkg/,1001129397,100.00,,
   788.870069461,52.87,Joules,power/energy-pkg/,1001280418,100.00,,
   789.870495974,49.63,Joules,power/energy-pkg/,1000379494,100.00,,
   790.870879745,32.93,Joules,power/energy-pkg/,1000464302,100.00,,
   791.872138929,13.65,Joules,power/energy-pkg/,1001159746,100.00,,
   792.873296503,16.12,Joules,power/energy-pkg/,1001155229,100.00,,
   793.874466994,32.55,Joules,power/energy-pkg/,1001156033,100.00,,
   794.875546383,21.65,Joules,power/energy-pkg/,1001060529,100.00,,
   795.876682079,36.14,Joules,power/energy-pkg/,1001131843,100.00,,
   796.877781106,47.05,Joules,power/energy-pkg/,1001101935,100.00,,
   797.878441193,54.41,Joules,power/energy-pkg/,1000662837,100.00,,
   798.879627959,53.26,Joules,power/energy-pkg/,1001158866,100.00,,
   799.880747098,42.22,Joules,power/energy-pkg/,1001110753,100.00,,
   800.881949283,42.87,Joules,power/energy-pkg/,1001189143,100.00,,
   801.882508240,49.01,Joules,power/energy-pkg/,1000561675,100.00,,
   802.883703986,43.86,Joules,power/energy-pkg/,1001201273,100.00,,
   803.884367591,22.92,Joules,power/energy-pkg/,1000673226,100.00,,
   804.885530879,27.99,Joules,power/energy-pkg/,1001108732,100.00,,
   805.886427962,46.84,Joules,power/energy-pkg/,1000899554,100.00,,
   806.887613838,52.89,Joules,power/energy-pkg/,1001205723,100.00,,
   807.888830872,40.48,Joules,power/energy-pkg/,1001149504,100.00,,
   808.889694411,48.53,Joules,power/energy-pkg/,1000908209,100.00,,
   809.890492760,58.74,Joules,power/energy-pkg/,1000743317,100.00,,
   810.891604948,53.36,Joules,power/energy-pkg/,1001095654,100.00,,
   811.892813123,38.59,Joules,power/energy-pkg/,1001197826,100.00,,
   812.893960503,36.23,Joules,power/energy-pkg/,1001158524,100.00,,
   813.894406043,44.00,Joules,power/energy-pkg/,1000412110,100.00,,
   814.895567226,45.32,Joules,power/energy-pkg/,1001179654,100.00,,
   815.896709899,53.60,Joules,power/energy-pkg/,1001188154,100.00,,
   816.898009486,56.92,Joules,power/energy-pkg/,1001244312,100.00,,
   817.898430445,57.47,Joules,power/energy-pkg/,1000447328,100.00,,
   818.899754428,58.95,Joules,power/energy-pkg/,1001255888,100.00,,
   819.900994741,54.90,Joules,power/energy-pkg/,1001311706,100.00,,
   820.902374600,51.71,Joules,power/energy-pkg/,1001272259,100.00,,
   821.917483192,43.30,Joules,power/energy-pkg/,1015161137,100.00,,
   822.918501120,44.99,Joules,power/energy-pkg/,1000965952,100.00,,
   823.919635103,49.67,Joules,power/energy-pkg/,1001124992,100.00,,
   824.929047947,40.59,Joules,power/energy-pkg/,1009390257,100.00,,
   825.930230167,39.04,Joules,power/energy-pkg/,1001186073,100.00,,
   826.930436659,33.99,Joules,power/energy-pkg/,1000194432,100.00,,
   827.931637992,17.10,Joules,power/energy-pkg/,1001172306,100.00,,
   828.932776383,48.76,Joules,power/energy-pkg/,1001143744,100.00,,
   829.934012555,49.25,Joules,power/energy-pkg/,1001253640,100.00,,
   830.934495228,56.99,Joules,power/energy-pkg/,1000470195,100.00,,
   831.935806533,25.47,Joules,power/energy-pkg/,1001258817,100.00,,
   832.936894064,18.21,Joules,power/energy-pkg/,1001087683,100.00,,
   833.938068494,27.90,Joules,power/energy-pkg/,1001166524,100.00,,
   834.939380602,6.53,Joules,power/energy-pkg/,1001306443,100.00,,
   835.940614292,19.64,Joules,power/energy-pkg/,1001204892,100.00,,
   836.941732617,43.16,Joules,power/energy-pkg/,1001147097,100.00,,
   837.942496170,33.62,Joules,power/energy-pkg/,1000715392,100.00,,
   838.943650260,20.95,Joules,power/energy-pkg/,1001161466,100.00,,
   839.944421861,26.40,Joules,power/energy-pkg/,1000824970,100.00,,
   840.945816168,40.21,Joules,power/energy-pkg/,1001329886,100.00,,
   841.946432735,30.97,Joules,power/energy-pkg/,1000590799,100.00,,
   842.947633832,26.88,Joules,power/energy-pkg/,1001181279,100.00,,
   843.948759833,36.52,Joules,power/energy-pkg/,1001114493,100.00,,
   844.949877701,54.50,Joules,power/energy-pkg/,1001113073,100.00,,
   845.950427059,48.71,Joules,power/energy-pkg/,1000551377,100.00,,
   846.951664455,34.86,Joules,power/energy-pkg/,1001207857,100.00,,
   847.952826482,36.07,Joules,power/energy-pkg/,1001199913,100.00,,
   848.954062058,35.13,Joules,power/energy-pkg/,1001197931,100.00,,
   849.954507521,39.62,Joules,power/energy-pkg/,1000459432,100.00,,
   850.955739906,30.84,Joules,power/energy-pkg/,1001211996,100.00,,
   851.956963157,21.37,Joules,power/energy-pkg/,1001201783,100.00,,
   852.958302183,11.68,Joules,power/energy-pkg/,1001311328,100.00,,
   853.958494859,30.55,Joules,power/energy-pkg/,1000176401,100.00,,
   854.959578628,37.16,Joules,power/energy-pkg/,1001077938,100.00,,
   855.960720394,53.25,Joules,power/energy-pkg/,1001133880,100.00,,
   856.961910373,55.43,Joules,power/energy-pkg/,1001190589,100.00,,
   857.962423470,47.41,Joules,power/energy-pkg/,1000524040,100.00,,
   858.963628846,23.59,Joules,power/energy-pkg/,1001156681,100.00,,
   859.964731034,47.25,Joules,power/energy-pkg/,1001151071,100.00,,
   860.966048945,59.28,Joules,power/energy-pkg/,1001298904,100.00,,
   861.967516217,58.03,Joules,power/energy-pkg/,1001471015,100.00,,
   862.968831174,55.43,Joules,power/energy-pkg/,1001349084,100.00,,
   863.970288863,50.44,Joules,power/energy-pkg/,1001358289,100.00,,
   864.971483201,43.62,Joules,power/energy-pkg/,1001184775,100.00,,
   865.972714085,21.64,Joules,power/energy-pkg/,1001219743,100.00,,
   866.973884660,21.07,Joules,power/energy-pkg/,1001151535,100.00,,
   867.974507243,48.66,Joules,power/energy-pkg/,1000677506,100.00,,
   868.975877699,42.04,Joules,power/energy-pkg/,1001290509,100.00,,
   869.976980880,45.05,Joules,power/energy-pkg/,1001091662,100.00,,
   870.978182700,39.59,Joules,power/energy-pkg/,1001239712,100.00,,
   871.978495347,45.57,Joules,power/energy-pkg/,1000264216,100.00,,
   872.979664274,13.23,Joules,power/energy-pkg/,1001154932,100.00,,
   873.980848069,18.58,Joules,power/energy-pkg/,1001167841,100.00,,
   874.982006207,25.21,Joules,power/energy-pkg/,1001147334,100.00,,
   875.983106849,18.35,Joules,power/energy-pkg/,1001106058,100.00,,
   876.984349804,43.51,Joules,power/energy-pkg/,1001232569,100.00,,
   877.985597566,45.84,Joules,power/energy-pkg/,1001319522,100.00,,
   878.986423384,57.90,Joules,power/energy-pkg/,1000735460,100.00,,
   879.987737599,45.38,Joules,power/energy-pkg/,1001310952,100.00,,
   880.988904469,37.52,Joules,power/energy-pkg/,1001162018,100.00,,
   881.990129746,46.88,Joules,power/energy-pkg/,1001187634,100.00,,
   882.990415416,26.85,Joules,power/energy-pkg/,1000287432,100.00,,
   883.991535358,45.00,Joules,power/energy-pkg/,1001107875,100.00,,
   884.992823242,40.72,Joules,power/energy-pkg/,1001273836,100.00,,
   885.993929810,38.58,Joules,power/energy-pkg/,1001090217,100.00,,
   886.994449185,46.04,Joules,power/energy-pkg/,1000531718,100.00,,
   887.995773307,41.29,Joules,power/energy-pkg/,1001294141,100.00,,
   888.996876863,36.36,Joules,power/energy-pkg/,1001109046,100.00,,
   889.998165967,39.19,Joules,power/energy-pkg/,1001265564,100.00,,
   890.998495016,23.71,Joules,power/energy-pkg/,1000321173,100.00,,
   891.999704799,28.16,Joules,power/energy-pkg/,1001221535,100.00,,
   893.000842785,29.73,Joules,power/energy-pkg/,1001096267,100.00,,
   894.002059097,16.96,Joules,power/energy-pkg/,1001228239,100.00,,
   895.002495299,28.62,Joules,power/energy-pkg/,1000409341,100.00,,
   896.003688899,36.32,Joules,power/energy-pkg/,1001182525,100.00,,
   897.004854019,38.79,Joules,power/energy-pkg/,1001160474,100.00,,
   898.006072871,28.53,Joules,power/energy-pkg/,1001206482,100.00,,
   899.006430723,44.43,Joules,power/energy-pkg/,1000362050,100.00,,
   900.007684519,48.11,Joules,power/energy-pkg/,1001260876,100.00,,
   901.008842702,39.21,Joules,power/energy-pkg/,1001111799,100.00,,
   902.010042119,29.22,Joules,power/energy-pkg/,1001212582,100.00,,
   903.010437728,24.70,Joules,power/energy-pkg/,1000386235,100.00,,
   904.011679705,57.09,Joules,power/energy-pkg/,1001346352,100.00,,
   905.013109804,57.01,Joules,power/energy-pkg/,1001283318,100.00,,
   906.014274071,48.11,Joules,power/energy-pkg/,1001183681,100.00,,
   907.015694137,49.87,Joules,power/energy-pkg/,1001397867,100.00,,
   908.016872072,29.17,Joules,power/energy-pkg/,1001181180,100.00,,
   909.018082621,38.20,Joules,power/energy-pkg/,1001167988,100.00,,
   910.019288783,21.50,Joules,power/energy-pkg/,1001217512,100.00,,
   911.020614801,16.38,Joules,power/energy-pkg/,1001297745,100.00,,
   912.021181697,15.07,Joules,power/energy-pkg/,1000673848,100.00,,
   913.022498406,18.82,Joules,power/energy-pkg/,1001191219,100.00,,
   914.023682710,25.41,Joules,power/energy-pkg/,1001172718,100.00,,
   915.023874557,42.62,Joules,power/energy-pkg/,1000209636,100.00,,
   916.025112958,52.00,Joules,power/energy-pkg/,1001203482,100.00,,
   917.026209059,33.55,Joules,power/energy-pkg/,1001085902,100.00,,
   918.027009656,55.21,Joules,power/energy-pkg/,1000872755,100.00,,
   919.028492416,53.65,Joules,power/energy-pkg/,1001401831,100.00,,
   920.029676175,41.98,Joules,power/energy-pkg/,1001168065,100.00,,
   921.030487238,44.88,Joules,power/energy-pkg/,1000809525,100.00,,
   922.031697093,37.00,Joules,power/energy-pkg/,1001187705,100.00,,
   923.032794566,28.13,Joules,power/energy-pkg/,1001080972,100.00,,
   924.034001924,6.32,Joules,power/energy-pkg/,1001219270,100.00,,
   925.034493232,8.38,Joules,power/energy-pkg/,1000463709,100.00,,
   926.035634808,32.22,Joules,power/energy-pkg/,1001163107,100.00,,
   927.036883441,13.17,Joules,power/energy-pkg/,1001220272,100.00,,
   928.038200374,8.95,Joules,power/energy-pkg/,1001290140,100.00,,
   929.038420276,13.27,Joules,power/energy-pkg/,1000221141,100.00,,
   930.039704053,24.87,Joules,power/energy-pkg/,1001260674,100.00,,
   931.040862383,34.41,Joules,power/energy-pkg/,1001149888,100.00,,
   932.041958127,31.62,Joules,power/energy-pkg/,1001102710,100.00,,
   933.042448934,37.79,Joules,power/energy-pkg/,1000460128,100.00,,
   934.043551450,26.52,Joules,power/energy-pkg/,1001097480,100.00,,
   935.044741452,36.91,Joules,power/energy-pkg/,1001219598,100.00,,
   936.046061394,5.38,Joules,power/energy-pkg/,1001271829,100.00,,
   937.046546902,6.70,Joules,power/energy-pkg/,1000487803,100.00,,
   938.047776236,16.67,Joules,power/energy-pkg/,1001209171,100.00,,
   939.048959637,37.46,Joules,power/energy-pkg/,1001205775,100.00,,
   940.050117115,45.12,Joules,power/energy-pkg/,1001123817,100.00,,
   941.050434829,55.15,Joules,power/energy-pkg/,1000309085,100.00,,
   942.051777999,45.25,Joules,power/energy-pkg/,1001348447,100.00,,
   943.052917919,49.74,Joules,power/energy-pkg/,1001127294,100.00,,
   944.054223337,41.81,Joules,power/energy-pkg/,1001278044,100.00,,
   945.054407370,39.25,Joules,power/energy-pkg/,1000160788,100.00,,
   946.055588088,35.88,Joules,power/energy-pkg/,1001173100,100.00,,
   947.056735015,17.48,Joules,power/energy-pkg/,1001135582,100.00,,
   948.057896108,31.99,Joules,power/energy-pkg/,1001154612,100.00,,
   949.058498701,27.65,Joules,power/energy-pkg/,1000586474,100.00,,
   950.059665414,31.65,Joules,power/energy-pkg/,1001160782,100.00,,
   951.060792279,30.63,Joules,power/energy-pkg/,1001151548,100.00,,
   952.062037917,46.03,Joules,power/energy-pkg/,1001218815,100.00,,
   953.062410608,44.40,Joules,power/energy-pkg/,1000344868,100.00,,
   954.063520867,31.32,Joules,power/energy-pkg/,1001097616,100.00,,
   955.064739063,51.69,Joules,power/energy-pkg/,1001325855,100.00,,
   956.066271606,43.56,Joules,power/energy-pkg/,1001420789,100.00,,
   957.066491377,30.16,Joules,power/energy-pkg/,1000191568,100.00,,
   958.067650519,34.88,Joules,power/energy-pkg/,1001152816,100.00,,
   959.068756207,22.01,Joules,power/energy-pkg/,1001109780,100.00,,
   960.070001666,7.96,Joules,power/energy-pkg/,1001229543,100.00,,
   961.071365563,7.86,Joules,power/energy-pkg/,1001369338,100.00,,
   962.072703395,6.47,Joules,power/energy-pkg/,1001321006,100.00,,
   963.074016420,33.03,Joules,power/energy-pkg/,1001290231,100.00,,
   964.074493747,34.09,Joules,power/energy-pkg/,1000461366,100.00,,
   965.075589457,16.89,Joules,power/energy-pkg/,1001097765,100.00,,
   966.076778113,27.89,Joules,power/energy-pkg/,1001171805,100.00,,
   967.077967857,34.50,Joules,power/energy-pkg/,1001175015,100.00,,
   968.079057035,7.33,Joules,power/energy-pkg/,1001094484,100.00,,
   969.080331728,28.94,Joules,power/energy-pkg/,1001251978,100.00,,
   970.081502777,35.34,Joules,power/energy-pkg/,1001167750,100.00,,
   971.082738339,16.00,Joules,power/energy-pkg/,1001235990,100.00,,
   972.084104838,5.77,Joules,power/energy-pkg/,1001356533,100.00,,
   973.085433306,5.65,Joules,power/energy-pkg/,1001318567,100.00,,
   974.086761963,21.73,Joules,power/energy-pkg/,1001300962,100.00,,
   975.087926497,25.11,Joules,power/energy-pkg/,1001155540,100.00,,
   976.089024376,12.32,Joules,power/energy-pkg/,1001087864,100.00,,
   977.090440003,9.29,Joules,power/energy-pkg/,1001427465,100.00,,
   978.091772603,14.16,Joules,power/energy-pkg/,1001295516,100.00,,
   979.092969891,13.48,Joules,power/energy-pkg/,1001209261,100.00,,
   980.094307223,5.03,Joules,power/energy-pkg/,1001328407,100.00,,
   981.095696956,5.13,Joules,power/energy-pkg/,1001379153,100.00,,
   982.096283788,5.15,Joules,power/energy-pkg/,1000683794,100.00,,
   983.097350296,5.03,Joules,power/energy-pkg/,1000996059,100.00,,
   984.098496429,5.45,Joules,power/energy-pkg/,1001088335,100.00,,
   985.099820688,5.35,Joules,power/energy-pkg/,1001314569,100.00,,
   986.101191022,5.06,Joules,power/energy-pkg/,1001359362,100.00,,
   987.102597573,5.30,Joules,power/energy-pkg/,1001394325,100.00,,
   988.103954917,5.07,Joules,power/energy-pkg/,1001350008,100.00,,
   989.105326846,5.57,Joules,power/energy-pkg/,1001361777,100.00,,
   990.106492068,5.20,Joules,power/energy-pkg/,1001137129,100.00,,
   991.107699632,5.11,Joules,power/energy-pkg/,1001216354,100.00,,
   992.109035369,4.75,Joules,power/energy-pkg/,1001324402,100.00,,
   993.110533559,4.96,Joules,power/energy-pkg/,1001494046,100.00,,
   994.111898290,5.15,Joules,power/energy-pkg/,1001349267,100.00,,
   995.113251608,5.02,Joules,power/energy-pkg/,1001343918,100.00,,
   996.114520455,4.77,Joules,power/energy-pkg/,1001262171,100.00,,
   997.115876013,5.06,Joules,power/energy-pkg/,1001341343,100.00,,
   998.117353495,4.80,Joules,power/energy-pkg/,1001471136,100.00,,
   999.118684944,4.87,Joules,power/energy-pkg/,1001321660,100.00,,
  1000.120036498,5.30,Joules,power/energy-pkg/,1001339157,100.00,,
  1001.121524172,5.11,Joules,power/energy-pkg/,1001481983,100.00,,
  1002.122508035,5.15,Joules,power/energy-pkg/,1000968334,100.00,,
  1003.123907851,5.39,Joules,power/energy-pkg/,1001389822,100.00,,
  1004.125141417,7.29,Joules,power/energy-pkg/,1001228758,100.00,,
  1005.126502068,5.13,Joules,power/energy-pkg/,1001345409,100.00,,
