# started on Tue Aug  1 21:27:13 2023

     1.001083619,11.34,Joules,power/energy-pkg/,1001108979,100.00,,
     2.002346072,5.04,Joules,power/energy-pkg/,1001251427,100.00,,
     3.003537798,5.21,Joules,power/energy-pkg/,1001180471,100.00,,
     4.004820173,8.12,Joules,power/energy-pkg/,1001282813,100.00,,
     5.005954270,5.34,Joules,power/energy-pkg/,1001103576,100.00,,
     6.007091155,6.52,Joules,power/energy-pkg/,1001145847,100.00,,
     7.008349824,5.39,Joules,power/energy-pkg/,1001251269,100.00,,
     8.009652780,5.06,Joules,power/energy-pkg/,1001300902,100.00,,
     9.010880897,5.67,Joules,power/energy-pkg/,1001216246,100.00,,
    10.012145876,4.93,Joules,power/energy-pkg/,1001259303,100.00,,
    11.013425833,4.67,Joules,power/energy-pkg/,1001270757,100.00,,
    12.014441667,5.35,Joules,power/energy-pkg/,1001007021,100.00,,
    13.015724158,5.00,Joules,power/energy-pkg/,1001274211,100.00,,
    14.017021688,5.26,Joules,power/energy-pkg/,1001289885,100.00,,
    15.018324023,5.23,Joules,power/energy-pkg/,1001274371,100.00,,
    16.018429949,5.10,Joules,power/energy-pkg/,1000119870,100.00,,
    17.019781159,4.72,Joules,power/energy-pkg/,1001343265,100.00,,
    18.021100515,4.80,Joules,power/energy-pkg/,1001311324,100.00,,
    19.022433151,5.18,Joules,power/energy-pkg/,1001325756,100.00,,
    20.023780612,5.00,Joules,power/energy-pkg/,1001338359,100.00,,
    21.025107094,5.03,Joules,power/energy-pkg/,1001318952,100.00,,
    22.026394614,5.52,Joules,power/energy-pkg/,1001278367,100.00,,
    23.027684110,5.30,Joules,power/energy-pkg/,1001282873,100.00,,
    24.028987646,8.31,Joules,power/energy-pkg/,1001279156,100.00,,
    25.030144938,13.41,Joules,power/energy-pkg/,1001165402,100.00,,
    26.031478681,5.83,Joules,power/energy-pkg/,1001325384,100.00,,
    27.032822266,5.69,Joules,power/energy-pkg/,1001331071,100.00,,
    28.034083059,6.03,Joules,power/energy-pkg/,1001257128,100.00,,
    29.034425983,5.68,Joules,power/energy-pkg/,1000334511,100.00,,
    30.035393345,5.38,Joules,power/energy-pkg/,1001096357,100.00,,
    31.037002220,5.66,Joules,power/energy-pkg/,1001471764,100.00,,
    32.038364809,5.23,Joules,power/energy-pkg/,1001346829,100.00,,
    33.039599315,6.52,Joules,power/energy-pkg/,1001222200,100.00,,
    34.040829244,6.54,Joules,power/energy-pkg/,1001223102,100.00,,
    35.042133532,5.44,Joules,power/energy-pkg/,1001300990,100.00,,
    36.043477138,5.38,Joules,power/energy-pkg/,1001332546,100.00,,
    37.044777487,4.99,Joules,power/energy-pkg/,1001278125,100.00,,
    38.045853216,5.37,Joules,power/energy-pkg/,1001177481,100.00,,
    39.046401549,5.35,Joules,power/energy-pkg/,1000446463,100.00,,
    40.047704023,5.12,Joules,power/energy-pkg/,1001294716,100.00,,
    41.049025659,5.35,Joules,power/energy-pkg/,1001313902,100.00,,
    42.050370745,5.43,Joules,power/energy-pkg/,1001332492,100.00,,
    43.051235158,5.00,Joules,power/energy-pkg/,1000955241,100.00,,
    44.052660801,5.42,Joules,power/energy-pkg/,1001324900,100.00,,
    45.054041398,5.08,Joules,power/energy-pkg/,1001373363,100.00,,
    46.055401967,5.56,Joules,power/energy-pkg/,1001352771,100.00,,
    47.056784683,5.43,Joules,power/energy-pkg/,1001375234,100.00,,
    48.058135279,5.16,Joules,power/energy-pkg/,1001339987,100.00,,
    49.059414979,5.45,Joules,power/energy-pkg/,1001269666,100.00,,
    50.060750774,8.20,Joules,power/energy-pkg/,1001328263,100.00,,
    51.062095952,5.04,Joules,power/energy-pkg/,1001340167,100.00,,
    52.062440393,4.96,Joules,power/energy-pkg/,1000334774,100.00,,
    53.063772043,5.20,Joules,power/energy-pkg/,1001324274,100.00,,
    54.065098936,5.27,Joules,power/energy-pkg/,1001319734,100.00,,
    55.066396827,5.15,Joules,power/energy-pkg/,1001284964,100.00,,
    56.067660949,5.36,Joules,power/energy-pkg/,1001255019,100.00,,
    57.068861837,5.06,Joules,power/energy-pkg/,1001199754,100.00,,
    58.070206954,4.92,Joules,power/energy-pkg/,1001335484,100.00,,
    59.071567930,4.92,Joules,power/energy-pkg/,1001352230,100.00,,
    60.072854447,5.15,Joules,power/energy-pkg/,1001280706,100.00,,
    61.074201540,4.92,Joules,power/energy-pkg/,1001336022,100.00,,
    62.075589623,4.95,Joules,power/energy-pkg/,1001386447,100.00,,
    63.076862602,5.07,Joules,power/energy-pkg/,1001256778,100.00,,
    64.078202867,5.04,Joules,power/energy-pkg/,1001336609,100.00,,
    65.079580167,5.82,Joules,power/energy-pkg/,1001363955,100.00,,
    66.080868738,5.16,Joules,power/energy-pkg/,1001390602,100.00,,
    67.082355994,5.09,Joules,power/energy-pkg/,1001375080,100.00,,
    68.083609819,7.17,Joules,power/energy-pkg/,1001283168,100.00,,
    69.084975744,7.02,Joules,power/energy-pkg/,1001321239,100.00,,
    70.086241514,21.54,Joules,power/energy-pkg/,1001247861,100.00,,
    71.087368187,32.65,Joules,power/energy-pkg/,1001117701,100.00,,
    72.088521857,50.83,Joules,power/energy-pkg/,1001185524,100.00,,
    73.089743926,52.69,Joules,power/energy-pkg/,1001162308,100.00,,
    74.090308838,46.65,Joules,power/energy-pkg/,1000568947,100.00,,
    75.091410751,48.38,Joules,power/energy-pkg/,1001098258,100.00,,
    76.092617126,48.02,Joules,power/energy-pkg/,1001230217,100.00,,
    77.093829416,51.34,Joules,power/energy-pkg/,1001157469,100.00,,
    78.094298293,44.85,Joules,power/energy-pkg/,1000461729,100.00,,
    79.095488483,36.89,Joules,power/energy-pkg/,1001183786,100.00,,
    80.096579151,52.12,Joules,power/energy-pkg/,1001127776,100.00,,
    81.097795505,49.23,Joules,power/energy-pkg/,1001174237,100.00,,
    82.098383053,34.72,Joules,power/energy-pkg/,1000573847,100.00,,
    83.099574698,53.86,Joules,power/energy-pkg/,1001246787,100.00,,
    84.100912532,55.35,Joules,power/energy-pkg/,1001263556,100.00,,
    85.102015771,25.08,Joules,power/energy-pkg/,1001106060,100.00,,
    86.102390448,34.21,Joules,power/energy-pkg/,1000352622,100.00,,
    87.103510424,46.84,Joules,power/energy-pkg/,1001111295,100.00,,
    88.104626442,41.98,Joules,power/energy-pkg/,1001119038,100.00,,
    89.105854405,34.61,Joules,power/energy-pkg/,1001216452,100.00,,
    90.107031207,11.24,Joules,power/energy-pkg/,1001165148,100.00,,
    91.108110093,53.43,Joules,power/energy-pkg/,1001078606,100.00,,
    92.109311568,57.43,Joules,power/energy-pkg/,1001189307,100.00,,
    93.110304399,61.47,Joules,power/energy-pkg/,1000977878,100.00,,
    94.111439659,39.59,Joules,power/energy-pkg/,1001127973,100.00,,
    95.111760258,39.16,Joules,power/energy-pkg/,1000377769,100.00,,
    96.112172957,61.35,Joules,power/energy-pkg/,1000343039,100.00,,
    97.113297535,75.08,Joules,power/energy-pkg/,1001119812,100.00,,
    98.114321957,70.15,Joules,power/energy-pkg/,1001037263,100.00,,
    99.115698982,45.69,Joules,power/energy-pkg/,1001347009,100.00,,
   100.116857628,52.03,Joules,power/energy-pkg/,1001169734,100.00,,
   101.117980947,37.40,Joules,power/energy-pkg/,1001102031,100.00,,
   102.118396568,32.75,Joules,power/energy-pkg/,1000398300,100.00,,
   103.119510516,62.03,Joules,power/energy-pkg/,1001180579,100.00,,
   104.120882958,73.45,Joules,power/energy-pkg/,1001326776,100.00,,
   105.122348467,60.61,Joules,power/energy-pkg/,1001425494,100.00,,
   106.123482069,32.31,Joules,power/energy-pkg/,1001114068,100.00,,
   107.124620449,40.03,Joules,power/energy-pkg/,1001176010,100.00,,
   108.125877442,35.77,Joules,power/energy-pkg/,1001223174,100.00,,
   109.126384001,18.35,Joules,power/energy-pkg/,1000493769,100.00,,
   110.127541186,54.19,Joules,power/energy-pkg/,1001150065,100.00,,
   111.128820393,32.90,Joules,power/energy-pkg/,1001281239,100.00,,
   112.130162223,23.90,Joules,power/energy-pkg/,1001326747,100.00,,
   113.131399817,22.97,Joules,power/energy-pkg/,1001237009,100.00,,
   114.132594642,43.05,Joules,power/energy-pkg/,1001207981,100.00,,
   115.133758975,44.18,Joules,power/energy-pkg/,1001113964,100.00,,
   116.134327564,34.17,Joules,power/energy-pkg/,1000583757,100.00,,
   117.135440981,46.64,Joules,power/energy-pkg/,1001079446,100.00,,
   118.136628088,26.70,Joules,power/energy-pkg/,1001202842,100.00,,
   119.137946970,25.56,Joules,power/energy-pkg/,1001289760,100.00,,
   120.138381509,37.49,Joules,power/energy-pkg/,1000442487,100.00,,
   121.139577725,52.43,Joules,power/energy-pkg/,1001176846,100.00,,
   122.140665757,50.66,Joules,power/energy-pkg/,1001077745,100.00,,
   123.141801258,60.72,Joules,power/energy-pkg/,1001160470,100.00,,
   124.142387751,57.48,Joules,power/energy-pkg/,1000560729,100.00,,
   125.143507694,50.59,Joules,power/energy-pkg/,1001097676,100.00,,
   126.144635564,44.29,Joules,power/energy-pkg/,1001120346,100.00,,
   127.145830422,41.00,Joules,power/energy-pkg/,1001187893,100.00,,
   128.146389483,39.81,Joules,power/energy-pkg/,1000611616,100.00,,
   129.148211869,41.98,Joules,power/energy-pkg/,1002231237,100.00,,
   130.150384746,53.34,Joules,power/energy-pkg/,1001701489,100.00,,
   131.151537375,56.16,Joules,power/energy-pkg/,1001161821,100.00,,
   132.152668786,33.18,Joules,power/energy-pkg/,1001121207,100.00,,
   133.154118484,39.02,Joules,power/energy-pkg/,1001428465,100.00,,
   134.154382069,32.22,Joules,power/energy-pkg/,1000238502,100.00,,
   135.155557095,41.76,Joules,power/energy-pkg/,1001168687,100.00,,
   136.156728709,30.83,Joules,power/energy-pkg/,1001159157,100.00,,
   137.157890579,56.81,Joules,power/energy-pkg/,1001177911,100.00,,
   138.158373758,40.05,Joules,power/energy-pkg/,1000450637,100.00,,
   139.159527976,29.35,Joules,power/energy-pkg/,1001165164,100.00,,
   140.160695669,32.43,Joules,power/energy-pkg/,1001146271,100.00,,
   141.161860571,35.66,Joules,power/energy-pkg/,1001160034,100.00,,
   142.162381499,45.26,Joules,power/energy-pkg/,1000511161,100.00,,
   143.163646993,54.06,Joules,power/energy-pkg/,1001264300,100.00,,
   144.164794115,42.81,Joules,power/energy-pkg/,1001139550,100.00,,
   145.165959411,46.39,Joules,power/energy-pkg/,1001166132,100.00,,
   146.166314089,41.33,Joules,power/energy-pkg/,1000346384,100.00,,
   147.167503180,43.15,Joules,power/energy-pkg/,1001165274,100.00,,
   148.168666521,38.60,Joules,power/energy-pkg/,1001153402,100.00,,
   149.169756231,55.04,Joules,power/energy-pkg/,1001083601,100.00,,
   150.170379040,57.35,Joules,power/energy-pkg/,1000607953,100.00,,
   151.171513629,34.98,Joules,power/energy-pkg/,1001131260,100.00,,
   152.172633284,22.00,Joules,power/energy-pkg/,1001122327,100.00,,
   153.173730194,53.09,Joules,power/energy-pkg/,1001112931,100.00,,
   154.174360366,40.73,Joules,power/energy-pkg/,1000601218,100.00,,
   155.175452123,29.00,Joules,power/energy-pkg/,1001067773,100.00,,
   156.176620084,26.60,Joules,power/energy-pkg/,1001173705,100.00,,
   157.177790742,37.56,Joules,power/energy-pkg/,1001174157,100.00,,
   158.178372246,56.83,Joules,power/energy-pkg/,1000581856,100.00,,
   159.179580281,47.03,Joules,power/energy-pkg/,1001194884,100.00,,
   160.180776803,48.31,Joules,power/energy-pkg/,1001165047,100.00,,
   161.181932257,31.99,Joules,power/energy-pkg/,1001183823,100.00,,
   162.182388606,22.19,Joules,power/energy-pkg/,1000411760,100.00,,
   163.183544530,27.38,Joules,power/energy-pkg/,1001147935,100.00,,
   164.184867791,21.75,Joules,power/energy-pkg/,1001337865,100.00,,
   165.186194011,11.64,Joules,power/energy-pkg/,1001297230,100.00,,
   166.186401233,32.40,Joules,power/energy-pkg/,1000226804,100.00,,
   167.187618919,22.92,Joules,power/energy-pkg/,1001194055,100.00,,
   168.188884848,41.35,Joules,power/energy-pkg/,1001247578,100.00,,
   169.189596507,43.84,Joules,power/energy-pkg/,1000753793,100.00,,
   170.190371747,38.90,Joules,power/energy-pkg/,1000708782,100.00,,
   171.191442359,47.27,Joules,power/energy-pkg/,1001078954,100.00,,
   172.192563417,52.87,Joules,power/energy-pkg/,1001112387,100.00,,
   173.193738277,49.90,Joules,power/energy-pkg/,1001158225,100.00,,
   174.194328642,50.97,Joules,power/energy-pkg/,1000611498,100.00,,
   175.195695197,50.64,Joules,power/energy-pkg/,1001357073,100.00,,
   176.196891301,41.28,Joules,power/energy-pkg/,1001160432,100.00,,
   177.197993767,48.95,Joules,power/energy-pkg/,1001111907,100.00,,
   178.198293093,31.04,Joules,power/energy-pkg/,1000283528,100.00,,
   179.199410286,59.27,Joules,power/energy-pkg/,1001122823,100.00,,
   180.200587617,66.23,Joules,power/energy-pkg/,1001166526,100.00,,
   181.201844520,64.30,Joules,power/energy-pkg/,1001254777,100.00,,
   182.202327091,63.02,Joules,power/energy-pkg/,1000474767,100.00,,
   183.203465339,59.54,Joules,power/energy-pkg/,1001111227,100.00,,
   184.204723128,47.72,Joules,power/energy-pkg/,1001247390,100.00,,
   185.205932037,33.15,Joules,power/energy-pkg/,1001218209,100.00,,
   186.206378384,39.29,Joules,power/energy-pkg/,1000413235,100.00,,
   187.207538954,46.22,Joules,power/energy-pkg/,1001162687,100.00,,
   188.208697422,46.84,Joules,power/energy-pkg/,1001264017,100.00,,
   189.210053210,35.92,Joules,power/energy-pkg/,1001225429,100.00,,
   190.210332800,30.26,Joules,power/energy-pkg/,1000284851,100.00,,
   191.211478287,34.91,Joules,power/energy-pkg/,1001126979,100.00,,
   192.212597004,52.14,Joules,power/energy-pkg/,1001110076,100.00,,
   193.213776771,31.88,Joules,power/energy-pkg/,1001190486,100.00,,
   194.214493436,9.92,Joules,power/energy-pkg/,1000696529,100.00,,
   195.215679667,26.39,Joules,power/energy-pkg/,1001176089,100.00,,
   196.216903835,31.07,Joules,power/energy-pkg/,1001251188,100.00,,
   197.218095372,42.91,Joules,power/energy-pkg/,1001160290,100.00,,
   198.218394957,48.95,Joules,power/energy-pkg/,1000288255,100.00,,
   199.219573585,56.15,Joules,power/energy-pkg/,1001163182,100.00,,
   200.220799217,54.27,Joules,power/energy-pkg/,1001222003,100.00,,
   201.222006845,54.51,Joules,power/energy-pkg/,1001193171,100.00,,
   202.222382035,49.81,Joules,power/energy-pkg/,1000366842,100.00,,
   203.223522149,48.64,Joules,power/energy-pkg/,1001143039,100.00,,
   204.224695568,29.07,Joules,power/energy-pkg/,1001172328,100.00,,
   205.225946971,22.77,Joules,power/energy-pkg/,1001226623,100.00,,
   206.226304587,46.50,Joules,power/energy-pkg/,1000369581,100.00,,
   207.227482650,43.62,Joules,power/energy-pkg/,1001154376,100.00,,
   208.228685493,43.67,Joules,power/energy-pkg/,1001229213,100.00,,
   209.229981754,23.73,Joules,power/energy-pkg/,1001271121,100.00,,
   210.230389028,32.94,Joules,power/energy-pkg/,1000421926,100.00,,
   211.231550100,43.80,Joules,power/energy-pkg/,1001114221,100.00,,
   212.232716062,48.27,Joules,power/energy-pkg/,1001151959,100.00,,
   213.233803319,50.32,Joules,power/energy-pkg/,1001075694,100.00,,
   214.234976734,41.62,Joules,power/energy-pkg/,1001183729,100.00,,
   215.236245614,7.70,Joules,power/energy-pkg/,1001272446,100.00,,
   216.237437374,28.52,Joules,power/energy-pkg/,1001154555,100.00,,
   217.238314124,37.83,Joules,power/energy-pkg/,1000885881,100.00,,
   218.238815076,48.77,Joules,power/energy-pkg/,1000550527,100.00,,
   219.239913398,43.64,Joules,power/energy-pkg/,1001028572,100.00,,
   220.241022085,34.94,Joules,power/energy-pkg/,1001092058,100.00,,
   221.242150256,53.78,Joules,power/energy-pkg/,1001127175,100.00,,
   222.242379975,44.07,Joules,power/energy-pkg/,1000210690,100.00,,
   223.243477480,54.48,Joules,power/energy-pkg/,1001103378,100.00,,
   224.244671642,66.26,Joules,power/energy-pkg/,1001214401,100.00,,
   225.245906011,70.94,Joules,power/energy-pkg/,1001222236,100.00,,
   226.246387414,54.57,Joules,power/energy-pkg/,1000462170,100.00,,
   227.247522687,32.44,Joules,power/energy-pkg/,1001137728,100.00,,
   228.248673646,38.55,Joules,power/energy-pkg/,1001172143,100.00,,
   229.249910613,48.62,Joules,power/energy-pkg/,1001171475,100.00,,
   230.250301635,47.00,Joules,power/energy-pkg/,1000384364,100.00,,
   231.251487875,35.16,Joules,power/energy-pkg/,1001174274,100.00,,
   232.252582294,51.49,Joules,power/energy-pkg/,1001127363,100.00,,
   233.253835149,50.41,Joules,power/energy-pkg/,1001260191,100.00,,
   234.254385619,38.86,Joules,power/energy-pkg/,1000513206,100.00,,
   235.255512919,48.03,Joules,power/energy-pkg/,1001106364,100.00,,
   236.256627816,55.90,Joules,power/energy-pkg/,1001091384,100.00,,
   237.257743894,65.79,Joules,power/energy-pkg/,1001138449,100.00,,
   238.258318522,65.38,Joules,power/energy-pkg/,1000559842,100.00,,
   239.259468370,59.77,Joules,power/energy-pkg/,1001132498,100.00,,
   240.260646158,47.57,Joules,power/energy-pkg/,1001176810,100.00,,
   241.261814236,56.48,Joules,power/energy-pkg/,1001163507,100.00,,
   242.263088643,34.92,Joules,power/energy-pkg/,1001262888,100.00,,
   243.264420573,29.15,Joules,power/energy-pkg/,1001307478,100.00,,
   244.265627988,30.98,Joules,power/energy-pkg/,1001200273,100.00,,
   245.266819654,26.36,Joules,power/energy-pkg/,1001179021,100.00,,
   246.267973240,29.59,Joules,power/energy-pkg/,1001192468,100.00,,
   247.269231885,41.86,Joules,power/energy-pkg/,1001249837,100.00,,
   248.270455651,39.59,Joules,power/energy-pkg/,1001169610,100.00,,
   249.271590666,32.75,Joules,power/energy-pkg/,1001154817,100.00,,
   250.272784991,32.34,Joules,power/energy-pkg/,1001185670,100.00,,
   251.273424629,46.56,Joules,power/energy-pkg/,1000656279,100.00,,
   252.274290818,18.42,Joules,power/energy-pkg/,1000804092,100.00,,
   253.275404664,52.17,Joules,power/energy-pkg/,1001197427,100.00,,
   254.276749806,57.27,Joules,power/energy-pkg/,1001253882,100.00,,
   255.277878991,47.04,Joules,power/energy-pkg/,1001116042,100.00,,
   256.278383224,56.33,Joules,power/energy-pkg/,1000532391,100.00,,
   257.279633251,47.32,Joules,power/energy-pkg/,1001237055,100.00,,
   258.280842052,32.38,Joules,power/energy-pkg/,1001218578,100.00,,
   259.282092981,44.91,Joules,power/energy-pkg/,1001199672,100.00,,
   260.282297648,33.91,Joules,power/energy-pkg/,1000208903,100.00,,
   261.282945934,41.03,Joules,power/energy-pkg/,1000657591,100.00,,
   262.284165815,45.21,Joules,power/energy-pkg/,1001180910,100.00,,
   263.285328192,49.10,Joules,power/energy-pkg/,1001194531,100.00,,
   264.286520513,42.57,Joules,power/energy-pkg/,1001139407,100.00,,
   265.287605550,37.22,Joules,power/energy-pkg/,1001122170,100.00,,
   266.288836669,66.43,Joules,power/energy-pkg/,1001183492,100.00,,
   267.289997554,74.81,Joules,power/energy-pkg/,1001157772,100.00,,
   268.290327367,72.56,Joules,power/energy-pkg/,1000359185,100.00,,
   269.291528685,65.93,Joules,power/energy-pkg/,1001147893,100.00,,
   270.292625341,50.30,Joules,power/energy-pkg/,1001104651,100.00,,
   271.293828346,57.97,Joules,power/energy-pkg/,1001184680,100.00,,
   272.294297698,45.55,Joules,power/energy-pkg/,1000457396,100.00,,
   273.295398525,36.07,Joules,power/energy-pkg/,1001095771,100.00,,
   274.296532863,40.09,Joules,power/energy-pkg/,1001135205,100.00,,
   275.297703143,41.03,Joules,power/energy-pkg/,1001153790,100.00,,
   276.298386669,47.10,Joules,power/energy-pkg/,1000677619,100.00,,
   277.299564129,37.79,Joules,power/energy-pkg/,1001176798,100.00,,
   278.300797767,44.79,Joules,power/energy-pkg/,1001253381,100.00,,
   279.301992895,59.08,Joules,power/energy-pkg/,1001192873,100.00,,
   280.302354231,62.69,Joules,power/energy-pkg/,1000434957,100.00,,
   281.303786174,52.64,Joules,power/energy-pkg/,1001334433,100.00,,
   282.305061952,61.29,Joules,power/energy-pkg/,1001250512,100.00,,
   283.306337855,54.15,Joules,power/energy-pkg/,1001251492,100.00,,
   284.307512687,22.45,Joules,power/energy-pkg/,1001193388,100.00,,
   285.308633736,32.65,Joules,power/energy-pkg/,1001084058,100.00,,
   286.309803717,26.19,Joules,power/energy-pkg/,1001163712,100.00,,
   287.310310900,41.33,Joules,power/energy-pkg/,1000525363,100.00,,
   288.311455548,59.81,Joules,power/energy-pkg/,1001113207,100.00,,
   289.312717515,66.99,Joules,power/energy-pkg/,1001292537,100.00,,
   290.314081574,67.19,Joules,power/energy-pkg/,1001315363,100.00,,
   291.314318150,66.37,Joules,power/energy-pkg/,1000248106,100.00,,
   292.315448300,53.45,Joules,power/energy-pkg/,1001132106,100.00,,
   293.316624055,58.28,Joules,power/energy-pkg/,1001149810,100.00,,
   294.317795584,45.73,Joules,power/energy-pkg/,1001231233,100.00,,
   295.320561262,55.80,Joules,power/energy-pkg/,1002677197,100.00,,
   296.321672141,47.42,Joules,power/energy-pkg/,1001115530,100.00,,
   297.322317583,50.87,Joules,power/energy-pkg/,1000654927,100.00,,
   298.323691982,45.55,Joules,power/energy-pkg/,1001352201,100.00,,
   299.324905012,34.72,Joules,power/energy-pkg/,1001208097,100.00,,
   300.326107655,55.66,Joules,power/energy-pkg/,1001188216,100.00,,
   301.327280170,31.27,Joules,power/energy-pkg/,1001170070,100.00,,
   302.328564798,23.61,Joules,power/energy-pkg/,1001260081,100.00,,
   303.329734953,8.35,Joules,power/energy-pkg/,1001183203,100.00,,
   304.330344758,34.09,Joules,power/energy-pkg/,1000625222,100.00,,
   305.331745460,64.01,Joules,power/energy-pkg/,1001356952,100.00,,
   306.332927418,40.65,Joules,power/energy-pkg/,1001170536,100.00,,
   307.334101341,47.47,Joules,power/energy-pkg/,1001194945,100.00,,
   308.334384231,54.71,Joules,power/energy-pkg/,1000261669,100.00,,
   309.334984803,41.80,Joules,power/energy-pkg/,1000643751,100.00,,
   310.336219314,46.06,Joules,power/energy-pkg/,1001182536,100.00,,
   311.337418526,52.62,Joules,power/energy-pkg/,1001169502,100.00,,
   312.338392433,35.41,Joules,power/energy-pkg/,1000965396,100.00,,
   313.339578755,51.79,Joules,power/energy-pkg/,1001179872,100.00,,
   314.340778566,47.10,Joules,power/energy-pkg/,1001189557,100.00,,
   315.341871952,49.34,Joules,power/energy-pkg/,1001086786,100.00,,
   316.343066677,37.74,Joules,power/energy-pkg/,1001182338,100.00,,
   317.344165150,41.77,Joules,power/energy-pkg/,1001156493,100.00,,
   318.345451898,49.36,Joules,power/energy-pkg/,1001236911,100.00,,
   319.346342674,46.36,Joules,power/energy-pkg/,1000888704,100.00,,
   320.350107278,56.60,Joules,power/energy-pkg/,1003749099,100.00,,
   321.350317615,67.37,Joules,power/energy-pkg/,1000224444,100.00,,
   322.350847391,49.50,Joules,power/energy-pkg/,1002791263,100.00,,
   323.385601986,53.55,Joules,power/energy-pkg/,1032448433,100.00,,
   324.386308655,53.40,Joules,power/energy-pkg/,1000717165,100.00,,
   325.387498454,49.29,Joules,power/energy-pkg/,1001148163,100.00,,
   326.388587549,42.89,Joules,power/energy-pkg/,1001083536,100.00,,
   327.389697772,21.42,Joules,power/energy-pkg/,1001118278,100.00,,
   328.390373480,18.10,Joules,power/energy-pkg/,1000679837,100.00,,
   329.391492147,42.08,Joules,power/energy-pkg/,1001083958,100.00,,
   330.392606288,46.25,Joules,power/energy-pkg/,1001111952,100.00,,
   331.393836882,43.85,Joules,power/energy-pkg/,1001244156,100.00,,
   332.394319786,36.49,Joules,power/energy-pkg/,1000468016,100.00,,
   333.395438208,58.99,Joules,power/energy-pkg/,1001152801,100.00,,
   334.396737792,42.48,Joules,power/energy-pkg/,1001238903,100.00,,
   335.397296003,48.69,Joules,power/energy-pkg/,1000560782,100.00,,
   336.398294671,44.90,Joules,power/energy-pkg/,1000981979,100.00,,
   337.399420594,48.19,Joules,power/energy-pkg/,1001124771,100.00,,
   338.400566048,47.61,Joules,power/energy-pkg/,1001154206,100.00,,
   339.401917873,51.43,Joules,power/energy-pkg/,1001315942,100.00,,
   340.402387619,49.01,Joules,power/energy-pkg/,1000454110,100.00,,
   341.403587727,13.80,Joules,power/energy-pkg/,1001215188,100.00,,
   342.404971911,5.47,Joules,power/energy-pkg/,1001373647,100.00,,
   343.406347864,5.75,Joules,power/energy-pkg/,1001368905,100.00,,
   344.407606632,27.14,Joules,power/energy-pkg/,1001243462,100.00,,
   345.408735972,59.25,Joules,power/energy-pkg/,1001147599,100.00,,
   346.409970743,60.35,Joules,power/energy-pkg/,1001241490,100.00,,
   347.410332079,48.49,Joules,power/energy-pkg/,1000363768,100.00,,
   348.412585379,38.36,Joules,power/energy-pkg/,1002184133,100.00,,
   349.413709228,39.85,Joules,power/energy-pkg/,1001114124,100.00,,
   350.414319085,38.70,Joules,power/energy-pkg/,1000619788,100.00,,
   351.415590844,47.66,Joules,power/energy-pkg/,1001294024,100.00,,
   352.416842400,46.70,Joules,power/energy-pkg/,1001233046,100.00,,
   353.418007124,46.60,Joules,power/energy-pkg/,1001130599,100.00,,
   354.418325907,36.89,Joules,power/energy-pkg/,1000308931,100.00,,
   355.419491865,12.31,Joules,power/energy-pkg/,1001148177,100.00,,
   356.419776841,20.53,Joules,power/energy-pkg/,1000302275,100.00,,
   357.420935890,47.25,Joules,power/energy-pkg/,1001142885,100.00,,
   358.422129895,33.15,Joules,power/energy-pkg/,1001170492,100.00,,
   359.422304054,40.54,Joules,power/energy-pkg/,1000173492,100.00,,
   360.423446199,41.25,Joules,power/energy-pkg/,1001127539,100.00,,
   361.424553279,44.65,Joules,power/energy-pkg/,1001097463,100.00,,
   362.425641567,55.44,Joules,power/energy-pkg/,1001083004,100.00,,
   363.426302940,50.37,Joules,power/energy-pkg/,1000667274,100.00,,
   364.427422765,50.30,Joules,power/energy-pkg/,1001100094,100.00,,
   365.428551123,50.05,Joules,power/energy-pkg/,1001123875,100.00,,
   366.429775282,51.65,Joules,power/energy-pkg/,1001215055,100.00,,
   367.430317318,63.29,Joules,power/energy-pkg/,1000574345,100.00,,
   368.431716357,64.04,Joules,power/energy-pkg/,1001422999,100.00,,
   369.433082942,46.30,Joules,power/energy-pkg/,1001325898,100.00,,
   370.434395074,33.98,Joules,power/energy-pkg/,1001277654,100.00,,
   371.435607165,10.79,Joules,power/energy-pkg/,1001187708,100.00,,
   372.436513013,31.16,Joules,power/energy-pkg/,1001003458,100.00,,
   373.437890410,44.96,Joules,power/energy-pkg/,1001299189,100.00,,
   374.438312241,63.46,Joules,power/energy-pkg/,1000415498,100.00,,
   375.439711931,49.35,Joules,power/energy-pkg/,1001361894,100.00,,
   376.440860481,44.13,Joules,power/energy-pkg/,1001134096,100.00,,
   377.442002077,59.42,Joules,power/energy-pkg/,1001175824,100.00,,
   378.442299054,46.92,Joules,power/energy-pkg/,1000249077,100.00,,
   379.443499607,42.06,Joules,power/energy-pkg/,1001202206,100.00,,
   380.443965718,50.90,Joules,power/energy-pkg/,1000536550,100.00,,
   381.445329295,62.81,Joules,power/energy-pkg/,1001285346,100.00,,
   382.446299562,47.76,Joules,power/energy-pkg/,1000948660,100.00,,
   383.447447918,30.43,Joules,power/energy-pkg/,1001134608,100.00,,
   384.448531856,28.08,Joules,power/energy-pkg/,1001075993,100.00,,
   385.449617211,28.40,Joules,power/energy-pkg/,1001077453,100.00,,
   386.450302796,36.11,Joules,power/energy-pkg/,1000679162,100.00,,
   387.451394985,43.08,Joules,power/energy-pkg/,1001083658,100.00,,
   388.452551981,47.19,Joules,power/energy-pkg/,1001153292,100.00,,
   389.453712506,10.63,Joules,power/energy-pkg/,1001170491,100.00,,
   390.454994692,32.37,Joules,power/energy-pkg/,1001286425,100.00,,
   391.456142077,42.94,Joules,power/energy-pkg/,1001194549,100.00,,
   392.457488044,41.72,Joules,power/energy-pkg/,1001268333,100.00,,
   393.458319300,38.88,Joules,power/energy-pkg/,1000833327,100.00,,
   394.459579610,62.10,Joules,power/energy-pkg/,1001254456,100.00,,
   395.460915856,57.75,Joules,power/energy-pkg/,1001308173,100.00,,
   396.462077148,52.98,Joules,power/energy-pkg/,1001143358,100.00,,
   397.462378065,51.46,Joules,power/energy-pkg/,1000292682,100.00,,
   398.463528607,34.51,Joules,power/energy-pkg/,1001144796,100.00,,
   399.464676728,29.46,Joules,power/energy-pkg/,1001142130,100.00,,
   400.465822631,35.37,Joules,power/energy-pkg/,1001142230,100.00,,
   401.466305905,32.73,Joules,power/energy-pkg/,1000528095,100.00,,
   402.467622764,28.24,Joules,power/energy-pkg/,1001273097,100.00,,
   403.468828611,42.62,Joules,power/energy-pkg/,1001181738,100.00,,
   404.469991087,22.12,Joules,power/energy-pkg/,1001175552,100.00,,
   405.471364909,24.55,Joules,power/energy-pkg/,1001359534,100.00,,
   406.472598801,34.14,Joules,power/energy-pkg/,1001205798,100.00,,
   407.473767084,48.01,Joules,power/energy-pkg/,1001184652,100.00,,
   408.474381126,26.81,Joules,power/energy-pkg/,1000581287,100.00,,
   409.475563236,44.09,Joules,power/energy-pkg/,1001197701,100.00,,
   410.476674160,34.33,Joules,power/energy-pkg/,1001079287,100.00,,
   411.477787230,42.39,Joules,power/energy-pkg/,1001108865,100.00,,
   412.478336793,35.55,Joules,power/energy-pkg/,1000542196,100.00,,
   413.479491604,48.07,Joules,power/energy-pkg/,1001179765,100.00,,
   414.480709399,37.14,Joules,power/energy-pkg/,1001193982,100.00,,
   415.481955965,37.13,Joules,power/energy-pkg/,1001230648,100.00,,
   416.482386144,41.12,Joules,power/energy-pkg/,1000448862,100.00,,
   417.483532848,65.73,Joules,power/energy-pkg/,1001119846,100.00,,
   418.484669184,67.77,Joules,power/energy-pkg/,1001113024,100.00,,
   419.485857308,38.84,Joules,power/energy-pkg/,1001184329,100.00,,
   420.486388568,22.10,Joules,power/energy-pkg/,1000517530,100.00,,
   421.487499973,30.95,Joules,power/energy-pkg/,1001131484,100.00,,
   422.488684755,35.93,Joules,power/energy-pkg/,1001150247,100.00,,
   423.489844970,45.79,Joules,power/energy-pkg/,1001151235,100.00,,
   424.490323787,49.16,Joules,power/energy-pkg/,1000494693,100.00,,
   425.491639721,42.02,Joules,power/energy-pkg/,1001305165,100.00,,
   426.492840770,18.13,Joules,power/energy-pkg/,1001191710,100.00,,
   427.494096454,16.88,Joules,power/energy-pkg/,1001243209,100.00,,
   428.494371271,39.13,Joules,power/energy-pkg/,1000250548,100.00,,
   429.495468105,49.10,Joules,power/energy-pkg/,1001178498,100.00,,
   430.496898752,46.19,Joules,power/energy-pkg/,1001338172,100.00,,
   431.498074111,32.92,Joules,power/energy-pkg/,1001184189,100.00,,
   432.499408141,14.41,Joules,power/energy-pkg/,1001325104,100.00,,
   433.500589703,17.81,Joules,power/energy-pkg/,1001173949,100.00,,
   434.501840529,32.34,Joules,power/energy-pkg/,1001244258,100.00,,
   435.502322604,52.91,Joules,power/energy-pkg/,1000515096,100.00,,
   436.503592071,62.27,Joules,power/energy-pkg/,1001209010,100.00,,
   437.504789581,63.47,Joules,power/energy-pkg/,1001197267,100.00,,
   438.505772861,66.71,Joules,power/energy-pkg/,1000973944,100.00,,
   439.506335784,66.99,Joules,power/energy-pkg/,1000599950,100.00,,
   440.507642560,48.70,Joules,power/energy-pkg/,1001244000,100.00,,
   441.508747083,44.24,Joules,power/energy-pkg/,1001094112,100.00,,
   442.509872917,46.25,Joules,power/energy-pkg/,1001150572,100.00,,
   443.510303924,57.09,Joules,power/energy-pkg/,1000393214,100.00,,
   444.511432824,62.25,Joules,power/energy-pkg/,1001167546,100.00,,
   445.512733364,55.82,Joules,power/energy-pkg/,1001317764,100.00,,
   446.514042269,58.45,Joules,power/energy-pkg/,1001252886,100.00,,
   447.514325053,57.95,Joules,power/energy-pkg/,1000336613,100.00,,
   448.515770220,54.94,Joules,power/energy-pkg/,1001380479,100.00,,
   449.516969663,58.74,Joules,power/energy-pkg/,1001209989,100.00,,
   450.518060219,52.69,Joules,power/energy-pkg/,1001091980,100.00,,
   451.518391167,38.92,Joules,power/energy-pkg/,1000270783,100.00,,
   452.519579866,27.10,Joules,power/energy-pkg/,1001202383,100.00,,
   453.520705315,38.45,Joules,power/energy-pkg/,1001089806,100.00,,
   454.521815426,40.57,Joules,power/energy-pkg/,1001137785,100.00,,
   455.522315102,27.27,Joules,power/energy-pkg/,1000501630,100.00,,
   456.523521227,61.82,Joules,power/energy-pkg/,1001173357,100.00,,
   457.524652829,67.03,Joules,power/energy-pkg/,1001105000,100.00,,
   458.525837108,61.38,Joules,power/energy-pkg/,1001225388,100.00,,
   459.526394765,60.15,Joules,power/energy-pkg/,1000542891,100.00,,
   460.527610920,46.41,Joules,power/energy-pkg/,1001167802,100.00,,
   461.528779593,40.77,Joules,power/energy-pkg/,1001160570,100.00,,
   462.529856910,33.21,Joules,power/energy-pkg/,1001070568,100.00,,
   463.530383243,46.81,Joules,power/energy-pkg/,1000515244,100.00,,
   464.531550155,47.69,Joules,power/energy-pkg/,1001165685,100.00,,
   465.532761263,52.52,Joules,power/energy-pkg/,1001207325,100.00,,
   466.533979250,50.90,Joules,power/energy-pkg/,1001248037,100.00,,
   467.534377850,52.59,Joules,power/energy-pkg/,1000348393,100.00,,
   468.535573623,43.73,Joules,power/energy-pkg/,1001185816,100.00,,
   469.536746878,21.23,Joules,power/energy-pkg/,1001180543,100.00,,
   470.537974373,8.56,Joules,power/energy-pkg/,1001198335,100.00,,
   471.538389316,44.34,Joules,power/energy-pkg/,1000439771,100.00,,
   472.539595858,54.24,Joules,power/energy-pkg/,1001169397,100.00,,
   473.540696686,62.78,Joules,power/energy-pkg/,1001123592,100.00,,
   474.541917063,66.55,Joules,power/energy-pkg/,1001204965,100.00,,
   475.542380255,43.41,Joules,power/energy-pkg/,1000462358,100.00,,
   476.543576352,39.25,Joules,power/energy-pkg/,1001159498,100.00,,
   477.544765633,11.80,Joules,power/energy-pkg/,1001200563,100.00,,
   478.545996847,22.95,Joules,power/energy-pkg/,1001203574,100.00,,
   479.546410467,46.25,Joules,power/energy-pkg/,1000408854,100.00,,
   480.547592782,41.93,Joules,power/energy-pkg/,1001176746,100.00,,
   481.548787519,27.52,Joules,power/energy-pkg/,1001192787,100.00,,
   482.549957547,40.50,Joules,power/energy-pkg/,1001179178,100.00,,
   483.550389220,45.31,Joules,power/energy-pkg/,1000405725,100.00,,
   484.550919103,40.65,Joules,power/energy-pkg/,1000548831,100.00,,
   485.552206835,46.16,Joules,power/energy-pkg/,1001270676,100.00,,
   486.553416352,58.34,Joules,power/energy-pkg/,1001180791,100.00,,
   487.554299433,55.63,Joules,power/energy-pkg/,1000883148,100.00,,
   488.555427154,61.98,Joules,power/energy-pkg/,1001117323,100.00,,
   489.556641135,66.46,Joules,power/energy-pkg/,1001227710,100.00,,
   490.558077676,56.33,Joules,power/energy-pkg/,1001399628,100.00,,
   491.558430403,43.21,Joules,power/energy-pkg/,1000362401,100.00,,
   492.559752636,27.77,Joules,power/energy-pkg/,1001299042,100.00,,
   493.560922645,36.98,Joules,power/energy-pkg/,1001159716,100.00,,
   494.562001085,52.50,Joules,power/energy-pkg/,1001080974,100.00,,
   495.562437155,46.86,Joules,power/energy-pkg/,1000441115,100.00,,
   496.563771060,34.02,Joules,power/energy-pkg/,1001303382,100.00,,
   497.564917034,41.32,Joules,power/energy-pkg/,1001143767,100.00,,
   498.566197826,45.43,Joules,power/energy-pkg/,1001285803,100.00,,
   499.567409655,32.77,Joules,power/energy-pkg/,1001184812,100.00,,
   500.568484724,35.99,Joules,power/energy-pkg/,1001064080,100.00,,
   501.569643949,16.71,Joules,power/energy-pkg/,1001156766,100.00,,
   502.570353627,41.10,Joules,power/energy-pkg/,1000733210,100.00,,
   503.571515923,58.80,Joules,power/energy-pkg/,1001167429,100.00,,
   504.572666740,57.21,Joules,power/energy-pkg/,1001098581,100.00,,
   505.573815365,58.93,Joules,power/energy-pkg/,1001137049,100.00,,
   506.574297158,50.00,Joules,power/energy-pkg/,1000476028,100.00,,
   507.575477398,37.11,Joules,power/energy-pkg/,1001191031,100.00,,
   508.576721541,29.81,Joules,power/energy-pkg/,1001227204,100.00,,
   509.577808028,58.14,Joules,power/energy-pkg/,1001069123,100.00,,
   510.578386366,56.84,Joules,power/energy-pkg/,1000570033,100.00,,
   511.579578888,39.66,Joules,power/energy-pkg/,1001256872,100.00,,
   512.580844909,40.41,Joules,power/energy-pkg/,1001211783,100.00,,
   513.582212728,37.18,Joules,power/energy-pkg/,1001383389,100.00,,
   514.583552551,21.03,Joules,power/energy-pkg/,1001286976,100.00,,
   515.584648458,37.16,Joules,power/energy-pkg/,1001098049,100.00,,
   516.585817292,34.48,Joules,power/energy-pkg/,1001147748,100.00,,
   517.586378530,24.45,Joules,power/energy-pkg/,1000549675,100.00,,
   518.587451343,51.75,Joules,power/energy-pkg/,1001102929,100.00,,
   519.587978409,59.48,Joules,power/energy-pkg/,1000550495,100.00,,
   520.589259552,52.73,Joules,power/energy-pkg/,1001218954,100.00,,
   521.590380128,41.50,Joules,power/energy-pkg/,1001099311,100.00,,
   522.591530549,28.06,Joules,power/energy-pkg/,1001211903,100.00,,
   523.592875942,56.08,Joules,power/energy-pkg/,1001271377,100.00,,
   524.594050862,45.94,Joules,power/energy-pkg/,1001305555,100.00,,
   525.595462597,35.62,Joules,power/energy-pkg/,1001291682,100.00,,
   526.596665804,46.68,Joules,power/energy-pkg/,1001171230,100.00,,
   527.597746846,49.68,Joules,power/energy-pkg/,1001077351,100.00,,
   528.598307903,63.65,Joules,power/energy-pkg/,1000571024,100.00,,
   529.599425271,56.71,Joules,power/energy-pkg/,1001114330,100.00,,
   530.600571921,59.96,Joules,power/energy-pkg/,1001171070,100.00,,
   531.601942971,55.65,Joules,power/energy-pkg/,1001304647,100.00,,
   532.602303432,56.71,Joules,power/energy-pkg/,1000370645,100.00,,
   533.603519012,45.15,Joules,power/energy-pkg/,1001208033,100.00,,
   534.604837237,45.26,Joules,power/energy-pkg/,1001290965,100.00,,
   535.605990502,27.88,Joules,power/energy-pkg/,1001164242,100.00,,
   536.606314391,24.33,Joules,power/energy-pkg/,1000335299,100.00,,
   537.607537095,49.94,Joules,power/energy-pkg/,1001206786,100.00,,
   538.608790917,44.83,Joules,power/energy-pkg/,1001235622,100.00,,
   539.610116303,27.38,Joules,power/energy-pkg/,1001299044,100.00,,
   540.610368491,43.71,Joules,power/energy-pkg/,1000266931,100.00,,
   541.611548984,14.63,Joules,power/energy-pkg/,1001168560,100.00,,
   542.612861532,13.05,Joules,power/energy-pkg/,1001287955,100.00,,
   543.613956281,31.52,Joules,power/energy-pkg/,1001114872,100.00,,
   544.614383067,42.43,Joules,power/energy-pkg/,1000395129,100.00,,
   545.615588169,33.14,Joules,power/energy-pkg/,1001210064,100.00,,
   546.616896490,44.16,Joules,power/energy-pkg/,1001285011,100.00,,
   547.618010322,69.08,Joules,power/energy-pkg/,1001132212,100.00,,
   548.618301559,74.85,Joules,power/energy-pkg/,1000290920,100.00,,
   549.619467398,66.69,Joules,power/energy-pkg/,1001169600,100.00,,
   550.620774952,46.68,Joules,power/energy-pkg/,1001251955,100.00,,
   551.621928056,22.50,Joules,power/energy-pkg/,1001149110,100.00,,
   552.622341539,40.09,Joules,power/energy-pkg/,1000404948,100.00,,
   553.623524772,35.18,Joules,power/energy-pkg/,1001175882,100.00,,
   554.624707104,42.42,Joules,power/energy-pkg/,1001173891,100.00,,
   555.625813767,37.47,Joules,power/energy-pkg/,1001099079,100.00,,
   556.626381231,28.45,Joules,power/energy-pkg/,1000585716,100.00,,
   557.627358637,36.87,Joules,power/energy-pkg/,1001001191,100.00,,
   558.628569626,30.87,Joules,power/energy-pkg/,1001162820,100.00,,
   559.629869082,43.81,Joules,power/energy-pkg/,1001297662,100.00,,
   560.630386851,35.45,Joules,power/energy-pkg/,1000486037,100.00,,
   561.631487267,34.89,Joules,power/energy-pkg/,1001096798,100.00,,
   562.632727800,39.74,Joules,power/energy-pkg/,1001238466,100.00,,
   563.633930482,46.70,Joules,power/energy-pkg/,1001195219,100.00,,
   564.634324547,68.43,Joules,power/energy-pkg/,1000401126,100.00,,
   565.635545221,60.80,Joules,power/energy-pkg/,1001208853,100.00,,
   566.636730438,32.95,Joules,power/energy-pkg/,1001173570,100.00,,
   567.637906908,31.96,Joules,power/energy-pkg/,1001151791,100.00,,
   568.638377951,32.76,Joules,power/energy-pkg/,1000461476,100.00,,
   569.639574865,20.23,Joules,power/energy-pkg/,1001210299,100.00,,
   570.640877134,33.81,Joules,power/energy-pkg/,1001289211,100.00,,
   571.642091094,20.74,Joules,power/energy-pkg/,1001222014,100.00,,
   572.642386539,43.50,Joules,power/energy-pkg/,1000257575,100.00,,
   573.645002519,46.79,Joules,power/energy-pkg/,1002609080,100.00,,
   574.646147798,31.25,Joules,power/energy-pkg/,1001145946,100.00,,
   575.646312094,43.41,Joules,power/energy-pkg/,1000178414,100.00,,
   576.647485524,56.41,Joules,power/energy-pkg/,1001194260,100.00,,
   577.648700045,50.18,Joules,power/energy-pkg/,1001211405,100.00,,
   578.650266934,45.34,Joules,power/energy-pkg/,1001541198,100.00,,
   579.651473106,48.60,Joules,power/energy-pkg/,1001179931,100.00,,
   580.652678083,21.65,Joules,power/energy-pkg/,1001188024,100.00,,
   581.653920093,23.01,Joules,power/energy-pkg/,1001213664,100.00,,
   582.654321895,31.70,Joules,power/energy-pkg/,1000413761,100.00,,
   583.655525153,33.41,Joules,power/energy-pkg/,1001205475,100.00,,
   584.656646147,39.84,Joules,power/energy-pkg/,1001084798,100.00,,
   585.657804701,42.36,Joules,power/energy-pkg/,1001153714,100.00,,
   586.658373320,31.41,Joules,power/energy-pkg/,1000579913,100.00,,
   587.659488559,34.72,Joules,power/energy-pkg/,1001091187,100.00,,
   588.660634648,42.44,Joules,power/energy-pkg/,1001133774,100.00,,
   589.662130579,55.30,Joules,power/energy-pkg/,1001503865,100.00,,
   590.663347686,52.91,Joules,power/energy-pkg/,1001242911,100.00,,
   591.664669869,48.28,Joules,power/energy-pkg/,1001267496,100.00,,
   592.665836025,13.81,Joules,power/energy-pkg/,1001160236,100.00,,
   593.666295524,31.09,Joules,power/energy-pkg/,1000460223,100.00,,
   594.667414970,42.59,Joules,power/energy-pkg/,1001103526,100.00,,
   595.668547833,42.35,Joules,power/energy-pkg/,1001120159,100.00,,
   596.669706611,28.67,Joules,power/energy-pkg/,1001187551,100.00,,
   597.670949753,31.58,Joules,power/energy-pkg/,1001215080,100.00,,
   598.672228262,6.26,Joules,power/energy-pkg/,1001260596,100.00,,
   599.673310343,28.60,Joules,power/energy-pkg/,1001071123,100.00,,
   600.674324593,54.93,Joules,power/energy-pkg/,1001035962,100.00,,
   601.675648650,47.46,Joules,power/energy-pkg/,1001296235,100.00,,
   602.676878074,30.67,Joules,power/energy-pkg/,1001241922,100.00,,
   603.678096230,41.91,Joules,power/energy-pkg/,1001179523,100.00,,
   604.678394379,43.25,Joules,power/energy-pkg/,1000399734,100.00,,
   605.679683242,34.56,Joules,power/energy-pkg/,1001173519,100.00,,
   606.680790603,25.27,Joules,power/energy-pkg/,1001111214,100.00,,
   607.681999703,43.82,Joules,power/energy-pkg/,1001187692,100.00,,
   608.682380804,56.31,Joules,power/energy-pkg/,1000372571,100.00,,
   609.683477082,28.97,Joules,power/energy-pkg/,1001101650,100.00,,
   610.684647677,31.09,Joules,power/energy-pkg/,1001154818,100.00,,
   611.685743557,35.45,Joules,power/energy-pkg/,1001099141,100.00,,
   612.686314255,39.73,Joules,power/energy-pkg/,1000569719,100.00,,
   613.687434435,61.08,Joules,power/energy-pkg/,1001112692,100.00,,
   614.688640784,63.79,Joules,power/energy-pkg/,1001183138,100.00,,
   615.689824808,47.24,Joules,power/energy-pkg/,1001173544,100.00,,
   616.690307129,49.03,Joules,power/energy-pkg/,1000505516,100.00,,
   617.691503434,47.80,Joules,power/energy-pkg/,1001184539,100.00,,
   618.692710160,48.25,Joules,power/energy-pkg/,1001194225,100.00,,
   619.693736418,54.66,Joules,power/energy-pkg/,1001033367,100.00,,
   620.694328997,30.96,Joules,power/energy-pkg/,1000587402,100.00,,
   621.695518292,44.09,Joules,power/energy-pkg/,1001164611,100.00,,
   622.696377181,49.76,Joules,power/energy-pkg/,1000838650,100.00,,
   623.697506076,41.95,Joules,power/energy-pkg/,1001121535,100.00,,
   624.698295240,41.90,Joules,power/energy-pkg/,1000770543,100.00,,
   625.699501401,46.62,Joules,power/energy-pkg/,1001304035,100.00,,
   626.700774978,44.73,Joules,power/energy-pkg/,1001167418,100.00,,
   627.701965444,47.85,Joules,power/energy-pkg/,1001183491,100.00,,
   628.702385179,47.97,Joules,power/energy-pkg/,1000409727,100.00,,
   629.703608037,38.68,Joules,power/energy-pkg/,1001207166,100.00,,
   630.704727501,20.70,Joules,power/energy-pkg/,1001110417,100.00,,
   631.705813981,28.40,Joules,power/energy-pkg/,1001069353,100.00,,
   632.706381210,37.95,Joules,power/energy-pkg/,1000535004,100.00,,
   633.707450862,40.31,Joules,power/energy-pkg/,1001071949,100.00,,
   634.708631391,36.94,Joules,power/energy-pkg/,1001141578,100.00,,
   635.709783386,39.00,Joules,power/energy-pkg/,1001186263,100.00,,
   636.710370855,45.98,Joules,power/energy-pkg/,1000536068,100.00,,
   637.711560836,40.94,Joules,power/energy-pkg/,1001151709,100.00,,
   638.712729772,49.55,Joules,power/energy-pkg/,1001155179,100.00,,
   639.713844157,48.23,Joules,power/energy-pkg/,1001098848,100.00,,
   640.714385928,49.70,Joules,power/energy-pkg/,1000509815,100.00,,
   641.715568232,43.25,Joules,power/energy-pkg/,1001184595,100.00,,
   642.716736081,35.92,Joules,power/energy-pkg/,1001146963,100.00,,
   643.717858756,50.68,Joules,power/energy-pkg/,1001124184,100.00,,
   644.718382051,46.49,Joules,power/energy-pkg/,1000465567,100.00,,
   645.719552587,36.45,Joules,power/energy-pkg/,1001182304,100.00,,
   646.720811931,51.77,Joules,power/energy-pkg/,1001223619,100.00,,
   647.721995453,46.76,Joules,power/energy-pkg/,1001157027,100.00,,
   648.722303736,43.98,Joules,power/energy-pkg/,1000311679,100.00,,
   649.723431728,45.38,Joules,power/energy-pkg/,1001081480,100.00,,
   650.724589352,50.02,Joules,power/energy-pkg/,1001164473,100.00,,
   651.725725322,63.54,Joules,power/energy-pkg/,1001133095,100.00,,
   652.726389987,50.85,Joules,power/energy-pkg/,1000611727,100.00,,
   653.727591784,46.68,Joules,power/energy-pkg/,1001200841,100.00,,
   654.728780851,46.33,Joules,power/energy-pkg/,1001150338,100.00,,
   655.729985075,28.94,Joules,power/energy-pkg/,1001202305,100.00,,
   656.730416621,5.74,Joules,power/energy-pkg/,1000415038,100.00,,
   657.731746049,10.58,Joules,power/energy-pkg/,1001289411,100.00,,
   658.732828063,39.13,Joules,power/energy-pkg/,1001074020,100.00,,
   659.733933991,34.34,Joules,power/energy-pkg/,1001798425,100.00,,
   660.735849310,37.64,Joules,power/energy-pkg/,1001178102,100.00,,
   661.736995585,49.79,Joules,power/energy-pkg/,1001153990,100.00,,
   662.738192599,61.67,Joules,power/energy-pkg/,1001175264,100.00,,
   663.739407832,37.95,Joules,power/energy-pkg/,1001208175,100.00,,
   664.740566765,37.49,Joules,power/energy-pkg/,1001106902,100.00,,
   665.741803861,52.13,Joules,power/energy-pkg/,1001244165,100.00,,
   666.743040105,18.39,Joules,power/energy-pkg/,1001193869,100.00,,
   667.744185866,38.06,Joules,power/energy-pkg/,1001147093,100.00,,
   668.745324916,49.56,Joules,power/energy-pkg/,1001122124,100.00,,
   669.746333860,56.92,Joules,power/energy-pkg/,1000984205,100.00,,
   670.747648564,65.67,Joules,power/energy-pkg/,1001309692,100.00,,
   671.749086912,67.97,Joules,power/energy-pkg/,1001501137,100.00,,
   672.750335317,66.44,Joules,power/energy-pkg/,1001199802,100.00,,
   673.751860174,63.20,Joules,power/energy-pkg/,1001447616,100.00,,
   674.753061891,32.15,Joules,power/energy-pkg/,1001200095,100.00,,
   675.754239126,49.24,Joules,power/energy-pkg/,1001119225,100.00,,
   676.755374288,67.09,Joules,power/energy-pkg/,1001189893,100.00,,
   677.756657155,61.29,Joules,power/energy-pkg/,1001220931,100.00,,
   678.757852143,21.95,Joules,power/energy-pkg/,1001150203,100.00,,
   679.758295019,34.36,Joules,power/energy-pkg/,1000422765,100.00,,
   680.759491323,51.52,Joules,power/energy-pkg/,1001201219,100.00,,
   681.760688609,32.30,Joules,power/energy-pkg/,1001157768,100.00,,
   682.761787938,59.34,Joules,power/energy-pkg/,1001120102,100.00,,
   683.762384418,55.41,Joules,power/energy-pkg/,1000542015,100.00,,
   684.763492393,59.89,Joules,power/energy-pkg/,1001082477,100.00,,
   685.764658351,67.92,Joules,power/energy-pkg/,1001153032,100.00,,
   686.765765232,48.39,Joules,power/energy-pkg/,1001100093,100.00,,
   687.766322560,45.92,Joules,power/energy-pkg/,1000572675,100.00,,
   688.767605375,61.52,Joules,power/energy-pkg/,1001219849,100.00,,
   689.768842345,43.80,Joules,power/energy-pkg/,1001234786,100.00,,
   690.770060985,51.12,Joules,power/energy-pkg/,1001279067,100.00,,
   691.771436966,61.45,Joules,power/energy-pkg/,1001286713,100.00,,
   692.772792137,46.13,Joules,power/energy-pkg/,1001339732,100.00,,
   693.773981870,29.42,Joules,power/energy-pkg/,1001140678,100.00,,
   694.774368338,33.89,Joules,power/energy-pkg/,1000368216,100.00,,
   695.775523257,47.25,Joules,power/energy-pkg/,1001143574,100.00,,
   696.776624174,50.38,Joules,power/energy-pkg/,1001114427,100.00,,
   697.777751168,51.43,Joules,power/energy-pkg/,1001073302,100.00,,
   698.778384703,27.31,Joules,power/energy-pkg/,1000619138,100.00,,
   699.779533648,43.11,Joules,power/energy-pkg/,1001130591,100.00,,
   700.780699135,42.87,Joules,power/energy-pkg/,1001144561,100.00,,
   701.781872595,29.35,Joules,power/energy-pkg/,1001158429,100.00,,
   702.783045296,23.75,Joules,power/energy-pkg/,1001159501,100.00,,
   703.784213824,29.83,Joules,power/energy-pkg/,1001144405,100.00,,
   704.785292533,43.38,Joules,power/energy-pkg/,1001070142,100.00,,
   705.786385991,43.75,Joules,power/energy-pkg/,1001120712,100.00,,
   706.787682125,36.05,Joules,power/energy-pkg/,1001224851,100.00,,
   707.788775461,38.08,Joules,power/energy-pkg/,1001075055,100.00,,
   708.789893588,49.20,Joules,power/energy-pkg/,1001130439,100.00,,
   709.790384315,48.93,Joules,power/energy-pkg/,1000442426,100.00,,
   710.791498185,50.31,Joules,power/energy-pkg/,1001109797,100.00,,
   711.792749644,60.18,Joules,power/energy-pkg/,1001256425,100.00,,
   712.793999155,53.37,Joules,power/energy-pkg/,1001207747,100.00,,
   713.794379916,38.31,Joules,power/energy-pkg/,1000350635,100.00,,
   714.795525521,25.39,Joules,power/energy-pkg/,1001169728,100.00,,
   715.796741890,51.06,Joules,power/energy-pkg/,1001159269,100.00,,
   716.797112680,46.74,Joules,power/energy-pkg/,1000360632,100.00,,
   717.797330166,30.74,Joules,power/energy-pkg/,1000248161,100.00,,
   718.798416191,40.60,Joules,power/energy-pkg/,1001089964,100.00,,
   719.799787367,53.28,Joules,power/energy-pkg/,1001281356,100.00,,
   720.800928909,37.43,Joules,power/energy-pkg/,1001119511,100.00,,
   721.802121213,41.19,Joules,power/energy-pkg/,1001177311,100.00,,
   722.802323740,34.31,Joules,power/energy-pkg/,1000197292,100.00,,
   723.803635893,18.06,Joules,power/energy-pkg/,1001304646,100.00,,
   724.804763388,45.96,Joules,power/energy-pkg/,1001096335,100.00,,
   725.806046900,57.29,Joules,power/energy-pkg/,1001259812,100.00,,
   726.806427445,33.40,Joules,power/energy-pkg/,1000377183,100.00,,
   727.807758641,32.31,Joules,power/energy-pkg/,1001294639,100.00,,
   728.808626463,45.30,Joules,power/energy-pkg/,1000880614,100.00,,
   729.809825650,30.60,Joules,power/energy-pkg/,1001155632,100.00,,
   730.810388954,24.44,Joules,power/energy-pkg/,1000541623,100.00,,
   731.811573757,34.17,Joules,power/energy-pkg/,1001170564,100.00,,
   732.812728757,49.52,Joules,power/energy-pkg/,1001136273,100.00,,
   733.813876711,46.64,Joules,power/energy-pkg/,1001158638,100.00,,
   734.814396227,29.96,Joules,power/energy-pkg/,1000490351,100.00,,
   735.815519280,56.25,Joules,power/energy-pkg/,1001112415,100.00,,
   736.816807983,46.11,Joules,power/energy-pkg/,1001249870,100.00,,
   737.818036398,43.97,Joules,power/energy-pkg/,1001227069,100.00,,
   738.818376231,48.95,Joules,power/energy-pkg/,1000300356,100.00,,
   739.819526227,33.68,Joules,power/energy-pkg/,1001142194,100.00,,
   740.820719608,49.35,Joules,power/energy-pkg/,1001174367,100.00,,
   741.821879490,36.23,Joules,power/energy-pkg/,1001142429,100.00,,
   742.822366030,41.72,Joules,power/energy-pkg/,1000491404,100.00,,
   743.823608096,28.51,Joules,power/energy-pkg/,1001218150,100.00,,
   744.824916740,25.96,Joules,power/energy-pkg/,1001274748,100.00,,
   745.826025126,39.29,Joules,power/energy-pkg/,1001113461,100.00,,
   746.826380926,42.02,Joules,power/energy-pkg/,1000314528,100.00,,
   747.827467131,27.20,Joules,power/energy-pkg/,1001066191,100.00,,
   748.828560205,48.31,Joules,power/energy-pkg/,1001081362,100.00,,
   749.829719461,53.73,Joules,power/energy-pkg/,1001186811,100.00,,
   750.830337482,58.12,Joules,power/energy-pkg/,1000619461,100.00,,
   751.831685687,59.88,Joules,power/energy-pkg/,1001278896,100.00,,
   752.832850829,57.67,Joules,power/energy-pkg/,1001133927,100.00,,
   753.833156842,63.89,Joules,power/energy-pkg/,1000322490,100.00,,
   754.834379561,60.67,Joules,power/energy-pkg/,1001171332,100.00,,
   755.835477352,62.27,Joules,power/energy-pkg/,1001147996,100.00,,
   756.836840366,55.06,Joules,power/energy-pkg/,1001320121,100.00,,
   757.838093046,36.33,Joules,power/energy-pkg/,1001203162,100.00,,
   758.838381927,45.59,Joules,power/energy-pkg/,1000265635,100.00,,
   759.839538056,44.89,Joules,power/energy-pkg/,1001175039,100.00,,
   760.840667989,48.54,Joules,power/energy-pkg/,1001079883,100.00,,
   761.841861542,52.55,Joules,power/energy-pkg/,1001200074,100.00,,
   762.842364516,42.98,Joules,power/energy-pkg/,1000477539,100.00,,
   763.843533296,51.27,Joules,power/energy-pkg/,1001138423,100.00,,
   764.844703988,40.97,Joules,power/energy-pkg/,1001153990,100.00,,
   765.845918636,18.45,Joules,power/energy-pkg/,1001213979,100.00,,
   766.846375358,22.79,Joules,power/energy-pkg/,1000431622,100.00,,
   767.847478353,65.21,Joules,power/energy-pkg/,1001099384,100.00,,
   768.848732431,45.80,Joules,power/energy-pkg/,1001230652,100.00,,
   769.849983825,11.72,Joules,power/energy-pkg/,1001229475,100.00,,
   770.850303616,34.74,Joules,power/energy-pkg/,1000301404,100.00,,
   771.850938438,25.52,Joules,power/energy-pkg/,1000621774,100.00,,
   772.852048842,35.32,Joules,power/energy-pkg/,1001076854,100.00,,
   773.853225426,42.57,Joules,power/energy-pkg/,1001165599,100.00,,
   774.854390437,36.62,Joules,power/energy-pkg/,1001143423,100.00,,
   775.855570104,39.60,Joules,power/energy-pkg/,1001184810,100.00,,
   776.856848648,37.24,Joules,power/energy-pkg/,1001263775,100.00,,
   777.858039213,41.64,Joules,power/energy-pkg/,1001158701,100.00,,
   778.858380974,51.16,Joules,power/energy-pkg/,1000316642,100.00,,
   779.859539667,38.54,Joules,power/energy-pkg/,1001143207,100.00,,
   780.860623974,33.68,Joules,power/energy-pkg/,1001064866,100.00,,
   781.861765914,41.65,Joules,power/energy-pkg/,1001149573,100.00,,
   782.862307730,58.45,Joules,power/energy-pkg/,1000512462,100.00,,
   783.863459183,51.71,Joules,power/energy-pkg/,1001138224,100.00,,
   784.864594973,46.46,Joules,power/energy-pkg/,1001117797,100.00,,
   785.865768632,34.94,Joules,power/energy-pkg/,1001146775,100.00,,
   786.866404587,37.68,Joules,power/energy-pkg/,1000646770,100.00,,
   787.867789106,56.77,Joules,power/energy-pkg/,1001389335,100.00,,
   788.868725016,59.61,Joules,power/energy-pkg/,1001107167,100.00,,
   789.870313078,52.88,Joules,power/energy-pkg/,1001375576,100.00,,
   790.871541564,47.04,Joules,power/energy-pkg/,1001172403,100.00,,
   791.872709297,16.54,Joules,power/energy-pkg/,1001153594,100.00,,
   792.872964865,33.23,Joules,power/energy-pkg/,1000253621,100.00,,
   793.874157365,40.46,Joules,power/energy-pkg/,1001159102,100.00,,
   794.874302315,39.18,Joules,power/energy-pkg/,1000137616,100.00,,
   795.875440357,53.70,Joules,power/energy-pkg/,1001146130,100.00,,
   796.876646501,56.17,Joules,power/energy-pkg/,1001196313,100.00,,
   797.877820171,53.47,Joules,power/energy-pkg/,1001141217,100.00,,
   798.878312050,56.46,Joules,power/energy-pkg/,1000456943,100.00,,
   799.879467548,37.96,Joules,power/energy-pkg/,1001207468,100.00,,
   800.879879661,45.23,Joules,power/energy-pkg/,1000340357,100.00,,
   801.881007857,51.31,Joules,power/energy-pkg/,1001093725,100.00,,
   802.882201530,44.43,Joules,power/energy-pkg/,1001195123,100.00,,
   803.883460813,18.42,Joules,power/energy-pkg/,1001225502,100.00,,
   804.884570845,36.25,Joules,power/energy-pkg/,1001151851,100.00,,
   805.885799765,53.37,Joules,power/energy-pkg/,1001154394,100.00,,
   806.886329784,65.00,Joules,power/energy-pkg/,1000524407,100.00,,
   807.887484256,76.07,Joules,power/energy-pkg/,1001151574,100.00,,
   808.888715256,69.33,Joules,power/energy-pkg/,1001229623,100.00,,
   809.889890955,64.68,Joules,power/energy-pkg/,1001194086,100.00,,
   810.890302111,68.90,Joules,power/energy-pkg/,1000323568,100.00,,
   811.891433276,67.05,Joules,power/energy-pkg/,1001114283,100.00,,
   812.892600644,49.67,Joules,power/energy-pkg/,1001195616,100.00,,
   813.893808799,47.86,Joules,power/energy-pkg/,1001178887,100.00,,
   814.894308961,46.81,Joules,power/energy-pkg/,1000505399,100.00,,
   815.895577603,54.30,Joules,power/energy-pkg/,1001216644,100.00,,
   816.896818296,56.64,Joules,power/energy-pkg/,1001248442,100.00,,
   817.898200840,56.21,Joules,power/energy-pkg/,1001422895,100.00,,
   818.900059874,60.59,Joules,power/energy-pkg/,1001869579,100.00,,
   819.901520169,53.81,Joules,power/energy-pkg/,1001358595,100.00,,
   820.902320419,63.59,Joules,power/energy-pkg/,1000809571,100.00,,
   821.903615860,60.29,Joules,power/energy-pkg/,1001239941,100.00,,
   822.904811553,39.30,Joules,power/energy-pkg/,1001157482,100.00,,
   823.905950582,52.65,Joules,power/energy-pkg/,1001136617,100.00,,
   824.906323439,61.93,Joules,power/energy-pkg/,1000347431,100.00,,
   825.907554182,53.24,Joules,power/energy-pkg/,1001207857,100.00,,
   826.908718964,43.64,Joules,power/energy-pkg/,1001150849,100.00,,
   827.909879465,36.33,Joules,power/energy-pkg/,1001147365,100.00,,
   828.910397591,59.56,Joules,power/energy-pkg/,1000545221,100.00,,
   829.911809096,69.32,Joules,power/energy-pkg/,1001365055,100.00,,
   830.913103100,66.50,Joules,power/energy-pkg/,1001473227,100.00,,
   831.914384380,30.01,Joules,power/energy-pkg/,1001049374,100.00,,
   832.915469384,19.28,Joules,power/energy-pkg/,1001076240,100.00,,
   833.916694351,30.26,Joules,power/energy-pkg/,1001219181,100.00,,
   834.918001398,6.18,Joules,power/energy-pkg/,1001298053,100.00,,
   835.918326705,25.16,Joules,power/energy-pkg/,1000298083,100.00,,
   836.919434370,54.86,Joules,power/energy-pkg/,1001128289,100.00,,
   837.920654248,47.47,Joules,power/energy-pkg/,1001166161,100.00,,
   838.921827501,22.50,Joules,power/energy-pkg/,1001152637,100.00,,
   839.922963996,28.56,Joules,power/energy-pkg/,1001121586,100.00,,
   840.924125047,29.63,Joules,power/energy-pkg/,1001172636,100.00,,
   841.925334200,32.54,Joules,power/energy-pkg/,1001193085,100.00,,
   842.926305180,35.93,Joules,power/energy-pkg/,1000942406,100.00,,
   843.927555402,35.52,Joules,power/energy-pkg/,1001220475,100.00,,
   844.928647704,57.09,Joules,power/energy-pkg/,1001078786,100.00,,
   845.929839994,49.70,Joules,power/energy-pkg/,1001209522,100.00,,
   846.930378261,40.03,Joules,power/energy-pkg/,1000481073,100.00,,
   847.931529609,45.60,Joules,power/energy-pkg/,1001165006,100.00,,
   848.932652626,39.42,Joules,power/energy-pkg/,1001078408,100.00,,
   849.933819341,40.58,Joules,power/energy-pkg/,1001157629,100.00,,
   850.934379354,26.11,Joules,power/energy-pkg/,1000541143,100.00,,
   851.935603964,23.59,Joules,power/energy-pkg/,1001231356,100.00,,
   852.936866768,12.96,Joules,power/energy-pkg/,1001234690,100.00,,
   853.938047963,31.73,Joules,power/energy-pkg/,1001155031,100.00,,
   854.938298989,38.52,Joules,power/energy-pkg/,1000236573,100.00,,
   855.939431088,64.43,Joules,power/energy-pkg/,1001115283,100.00,,
   856.940563556,65.29,Joules,power/energy-pkg/,1001161147,100.00,,
   857.941891939,60.16,Joules,power/energy-pkg/,1001264349,100.00,,
   858.942341044,40.86,Joules,power/energy-pkg/,1000441035,100.00,,
   859.943453324,54.90,Joules,power/energy-pkg/,1001120705,100.00,,
   860.944777673,60.61,Joules,power/energy-pkg/,1001446854,100.00,,
   861.946488700,52.20,Joules,power/energy-pkg/,1001553351,100.00,,
   862.947799461,52.01,Joules,power/energy-pkg/,1001283562,100.00,,
   863.948981461,49.46,Joules,power/energy-pkg/,1001173284,100.00,,
   864.950270567,50.28,Joules,power/energy-pkg/,1001318296,100.00,,
   865.951511199,37.28,Joules,power/energy-pkg/,1001179657,100.00,,
   866.952654815,20.18,Joules,power/energy-pkg/,1001108945,100.00,,
   867.953756696,47.02,Joules,power/energy-pkg/,1001108411,100.00,,
   868.954404577,50.84,Joules,power/energy-pkg/,1000675738,100.00,,
   869.955640098,50.57,Joules,power/energy-pkg/,1001157016,100.00,,
   870.956760502,39.59,Joules,power/energy-pkg/,1001105946,100.00,,
   871.957983129,46.71,Joules,power/energy-pkg/,1001203803,100.00,,
   872.958373256,12.93,Joules,power/energy-pkg/,1000373596,100.00,,
   873.959538000,14.13,Joules,power/energy-pkg/,1001155940,100.00,,
   874.960633105,28.52,Joules,power/energy-pkg/,1001090531,100.00,,
   875.961758025,33.97,Joules,power/energy-pkg/,1001090684,100.00,,
   876.962317025,48.97,Joules,power/energy-pkg/,1000596250,100.00,,
   877.963538705,44.03,Joules,power/energy-pkg/,1001226733,100.00,,
   878.964857915,62.44,Joules,power/energy-pkg/,1001337089,100.00,,
   879.966248794,58.86,Joules,power/energy-pkg/,1001272394,100.00,,
   880.967409625,42.09,Joules,power/energy-pkg/,1001168093,100.00,,
   881.968713942,52.47,Joules,power/energy-pkg/,1001270068,100.00,,
   882.969825514,36.11,Joules,power/energy-pkg/,1001105445,100.00,,
   883.970314897,43.24,Joules,power/energy-pkg/,1000505049,100.00,,
   884.971467408,45.69,Joules,power/energy-pkg/,1001159925,100.00,,
   885.972783730,56.39,Joules,power/energy-pkg/,1001265583,100.00,,
   886.973909669,46.14,Joules,power/energy-pkg/,1001080464,100.00,,
   887.974294810,43.08,Joules,power/energy-pkg/,1000367445,100.00,,
   888.975467880,36.87,Joules,power/energy-pkg/,1001174586,100.00,,
   889.976692945,44.41,Joules,power/energy-pkg/,1001198904,100.00,,
   890.977924359,40.02,Joules,power/energy-pkg/,1001233355,100.00,,
   891.978390094,30.35,Joules,power/energy-pkg/,1000437005,100.00,,
   892.979594763,34.11,Joules,power/energy-pkg/,1001184015,100.00,,
   893.980778061,33.94,Joules,power/energy-pkg/,1001167611,100.00,,
   894.981929667,47.86,Joules,power/energy-pkg/,1001139343,100.00,,
   895.982303641,51.22,Joules,power/energy-pkg/,1000357251,100.00,,
   896.983455245,44.67,Joules,power/energy-pkg/,1001172570,100.00,,
   897.984689545,40.84,Joules,power/energy-pkg/,1001183617,100.00,,
   898.985783954,46.41,Joules,power/energy-pkg/,1001091031,100.00,,
   899.986300978,56.34,Joules,power/energy-pkg/,1000492480,100.00,,
   900.987437173,42.97,Joules,power/energy-pkg/,1001149552,100.00,,
   901.988582725,48.10,Joules,power/energy-pkg/,1001106926,100.00,,
   902.989670679,26.64,Joules,power/energy-pkg/,1001100365,100.00,,
   903.990384399,62.21,Joules,power/energy-pkg/,1000712860,100.00,,
   904.991752046,64.44,Joules,power/energy-pkg/,1001302907,100.00,,
   905.992886409,60.38,Joules,power/energy-pkg/,1001201104,100.00,,
   906.994200831,72.32,Joules,power/energy-pkg/,1001218514,100.00,,
   907.995351541,48.73,Joules,power/energy-pkg/,1001152792,100.00,,
   908.996668187,38.81,Joules,power/energy-pkg/,1001286620,100.00,,
   909.997829129,18.28,Joules,power/energy-pkg/,1001161131,100.00,,
   910.998383584,15.80,Joules,power/energy-pkg/,1000518834,100.00,,
   911.999547710,14.44,Joules,power/energy-pkg/,1001152946,100.00,,
   913.000718595,32.52,Joules,power/energy-pkg/,1001156443,100.00,,
   914.001896885,42.12,Joules,power/energy-pkg/,1001161478,100.00,,
   915.002382696,48.12,Joules,power/energy-pkg/,1000504496,100.00,,
   916.003627562,59.34,Joules,power/energy-pkg/,1001198502,100.00,,
   917.004732251,50.74,Joules,power/energy-pkg/,1001122389,100.00,,
   918.006069939,63.88,Joules,power/energy-pkg/,1001307775,100.00,,
   919.006320179,50.02,Joules,power/energy-pkg/,1000284428,100.00,,
   920.006896974,61.48,Joules,power/energy-pkg/,1000504160,100.00,,
   921.008088965,59.96,Joules,power/energy-pkg/,1001169104,100.00,,
   922.009275137,39.45,Joules,power/energy-pkg/,1001169278,100.00,,
   923.010379540,27.38,Joules,power/energy-pkg/,1001105919,100.00,,
   924.011562976,23.60,Joules,power/energy-pkg/,1001148811,100.00,,
   925.012707300,22.39,Joules,power/energy-pkg/,1001133777,100.00,,
   926.013879025,36.52,Joules,power/energy-pkg/,1001156611,100.00,,
   927.014292730,49.36,Joules,power/energy-pkg/,1000393238,100.00,,
   928.015362856,59.14,Joules,power/energy-pkg/,1001060413,100.00,,
   929.016474432,66.17,Joules,power/energy-pkg/,1001092963,100.00,,
   930.017641745,47.67,Joules,power/energy-pkg/,1001189516,100.00,,
   931.018379710,36.20,Joules,power/energy-pkg/,1000686581,100.00,,
   932.019545441,31.37,Joules,power/energy-pkg/,1001157009,100.00,,
   933.020746436,47.74,Joules,power/energy-pkg/,1001201317,100.00,,
   934.021941163,39.77,Joules,power/energy-pkg/,1001163035,100.00,,
   935.022412696,37.19,Joules,power/energy-pkg/,1000472537,100.00,,
   936.023669602,5.75,Joules,power/energy-pkg/,1001244421,100.00,,
   937.024989799,17.39,Joules,power/energy-pkg/,1001309786,100.00,,
   938.026110947,32.81,Joules,power/energy-pkg/,1001101862,100.00,,
   939.026405637,37.00,Joules,power/energy-pkg/,1000277625,100.00,,
   940.027557383,44.39,Joules,power/energy-pkg/,1001131076,100.00,,
   941.028746255,60.62,Joules,power/energy-pkg/,1001226709,100.00,,
   942.029992826,56.39,Joules,power/energy-pkg/,1001181527,100.00,,
   943.030349172,56.16,Joules,power/energy-pkg/,1000360592,100.00,,
   944.031609455,70.17,Joules,power/energy-pkg/,1001237923,100.00,,
   945.032762612,48.20,Joules,power/energy-pkg/,1001112227,100.00,,
   946.033865167,36.96,Joules,power/energy-pkg/,1001100738,100.00,,
   947.034377780,16.85,Joules,power/energy-pkg/,1000484576,100.00,,
   948.035537687,33.45,Joules,power/energy-pkg/,1001151279,100.00,,
   949.036623475,33.23,Joules,power/energy-pkg/,1001065965,100.00,,
   950.037728032,35.37,Joules,power/energy-pkg/,1001103044,100.00,,
   951.038383555,42.83,Joules,power/energy-pkg/,1000627757,100.00,,
   952.039473155,46.70,Joules,power/energy-pkg/,1001088727,100.00,,
   953.040669364,44.87,Joules,power/energy-pkg/,1001172504,100.00,,
   954.041820696,44.06,Joules,power/energy-pkg/,1001138771,100.00,,
   955.042344934,58.19,Joules,power/energy-pkg/,1000633174,100.00,,
   956.043868635,55.86,Joules,power/energy-pkg/,1001425507,100.00,,
   957.045093113,46.47,Joules,power/energy-pkg/,1001172527,100.00,,
   958.045567449,46.51,Joules,power/energy-pkg/,1000469802,100.00,,
   959.046384412,25.51,Joules,power/energy-pkg/,1000783741,100.00,,
   960.047536181,30.52,Joules,power/energy-pkg/,1001145562,100.00,,
   961.048680368,24.64,Joules,power/energy-pkg/,1001125444,100.00,,
   962.049762394,56.16,Joules,power/energy-pkg/,1001078663,100.00,,
   963.050383231,40.17,Joules,power/energy-pkg/,1000592977,100.00,,
   964.051550100,30.78,Joules,power/energy-pkg/,1001155999,100.00,,
   965.052711857,11.13,Joules,power/energy-pkg/,1001210332,100.00,,
   966.054001794,28.99,Joules,power/energy-pkg/,1001207278,100.00,,
   967.054377468,60.06,Joules,power/energy-pkg/,1000361603,100.00,,
   968.055527295,43.64,Joules,power/energy-pkg/,1001138797,100.00,,
   969.056620533,37.59,Joules,power/energy-pkg/,1001110208,100.00,,
   970.057889702,26.90,Joules,power/energy-pkg/,1001243421,100.00,,
   971.058436401,5.77,Joules,power/energy-pkg/,1000638202,100.00,,
   972.059903639,6.07,Joules,power/energy-pkg/,1001345449,100.00,,
   973.061242151,5.38,Joules,power/energy-pkg/,1001324244,100.00,,
   974.062293078,26.77,Joules,power/energy-pkg/,1001014896,100.00,,
   975.063460441,22.36,Joules,power/energy-pkg/,1001174547,100.00,,
   976.064795219,5.73,Joules,power/energy-pkg/,1001322033,100.00,,
   977.066175547,4.76,Joules,power/energy-pkg/,1001365825,100.00,,
   978.067348592,5.11,Joules,power/energy-pkg/,1001250759,100.00,,
   979.068814345,4.89,Joules,power/energy-pkg/,1001360025,100.00,,
   980.070183993,5.11,Joules,power/energy-pkg/,1001353663,100.00,,
   981.071680902,5.41,Joules,power/energy-pkg/,1001487041,100.00,,
   982.073069589,5.29,Joules,power/energy-pkg/,1001371677,100.00,,
   983.073700496,4.74,Joules,power/energy-pkg/,1000709229,100.00,,
   984.074445692,5.34,Joules,power/energy-pkg/,1000634316,100.00,,
   985.075900892,5.30,Joules,power/energy-pkg/,1001558208,100.00,,
   986.077402868,4.61,Joules,power/energy-pkg/,1001373697,100.00,,
   987.078388757,4.85,Joules,power/energy-pkg/,1000951680,100.00,,
   988.079598294,5.04,Joules,power/energy-pkg/,1001214235,100.00,,
   989.081039830,5.04,Joules,power/energy-pkg/,1001433260,100.00,,
   990.082393819,4.66,Joules,power/energy-pkg/,1001335618,100.00,,
   991.083661208,5.29,Joules,power/energy-pkg/,1001249218,100.00,,
   992.084935130,5.05,Joules,power/energy-pkg/,1001268757,100.00,,
   993.086466285,9.92,Joules,power/energy-pkg/,1001516137,100.00,,
   994.088026165,5.49,Joules,power/energy-pkg/,1001544123,100.00,,
   995.089384950,5.49,Joules,power/energy-pkg/,1001341572,100.00,,
   996.090743525,4.97,Joules,power/energy-pkg/,1001348856,100.00,,
   997.092078953,4.82,Joules,power/energy-pkg/,1001316924,100.00,,
   998.093441310,5.34,Joules,power/energy-pkg/,1001348588,100.00,,
   999.094399588,4.96,Joules,power/energy-pkg/,1000943883,100.00,,
  1000.095771140,4.84,Joules,power/energy-pkg/,1001362187,100.00,,
  1001.097165903,5.14,Joules,power/energy-pkg/,1001380307,100.00,,
  1002.098501687,4.96,Joules,power/energy-pkg/,1001316308,100.00,,
  1003.099839195,5.09,Joules,power/energy-pkg/,1001326028,100.00,,
  1004.100396612,5.45,Joules,power/energy-pkg/,1000590387,100.00,,
  1005.101828060,5.37,Joules,power/energy-pkg/,1001368875,100.00,,
