# started on Fri Apr  7 19:38:16 2023

     1.000396983,20.98,Joules,power/energy-pkg/,1000401286,100.00,,
     2.001502001,19.02,Joules,power/energy-pkg/,1001103317,100.00,,
     3.002600393,18.32,Joules,power/energy-pkg/,1001094193,100.00,,
     4.003698487,19.41,Joules,power/energy-pkg/,1001069499,100.00,,
     5.004419548,21.75,Joules,power/energy-pkg/,1000702881,100.00,,
     6.005505186,17.80,Joules,power/energy-pkg/,1001082542,100.00,,
     7.006594169,19.03,Joules,power/energy-pkg/,1001076997,100.00,,
     8.007699902,15.51,Joules,power/energy-pkg/,1001086962,100.00,,
     9.008517352,14.67,Joules,power/energy-pkg/,1000810193,100.00,,
    10.009609484,14.24,Joules,power/energy-pkg/,1001080078,100.00,,
    11.010702916,15.63,Joules,power/energy-pkg/,1001080914,100.00,,
    12.011828299,15.33,Joules,power/energy-pkg/,1001101313,100.00,,
    13.012415446,18.00,Joules,power/energy-pkg/,1000577808,100.00,,
    14.013494832,15.89,Joules,power/energy-pkg/,1001059797,100.00,,
    15.014562042,19.03,Joules,power/energy-pkg/,1001059016,100.00,,
    16.015653278,20.44,Joules,power/energy-pkg/,1001087338,100.00,,
    17.016396322,22.02,Joules,power/energy-pkg/,1000717595,100.00,,
    18.017475895,18.84,Joules,power/energy-pkg/,1001080114,100.00,,
    19.018569571,19.55,Joules,power/energy-pkg/,1001077108,100.00,,
    20.019642286,18.69,Joules,power/energy-pkg/,1001050617,100.00,,
    21.020413697,20.02,Joules,power/energy-pkg/,1000762545,100.00,,
    22.021487225,21.83,Joules,power/energy-pkg/,1001070930,100.00,,
    23.022596110,17.68,Joules,power/energy-pkg/,1001093905,100.00,,
    24.023675306,22.02,Joules,power/energy-pkg/,1001068648,100.00,,
    25.024415920,20.63,Joules,power/energy-pkg/,1000719649,100.00,,
    26.025496969,17.79,Joules,power/energy-pkg/,1001062178,100.00,,
    27.026562041,21.78,Joules,power/energy-pkg/,1001051908,100.00,,
    28.027643453,19.39,Joules,power/energy-pkg/,1001078044,100.00,,
    29.028410456,21.27,Joules,power/energy-pkg/,1000760103,100.00,,
    30.029505829,18.40,Joules,power/energy-pkg/,1001078996,100.00,,
    31.030598584,18.67,Joules,power/energy-pkg/,1001081928,100.00,,
    32.031686179,18.57,Joules,power/energy-pkg/,1001061852,100.00,,
    33.032414208,18.44,Joules,power/energy-pkg/,1000725043,100.00,,
    34.033498072,19.14,Joules,power/energy-pkg/,1001075984,100.00,,
    35.034594339,21.42,Joules,power/energy-pkg/,1001084211,100.00,,
    36.035696262,17.53,Joules,power/energy-pkg/,1001088830,100.00,,
    37.036409914,20.76,Joules,power/energy-pkg/,1000698696,100.00,,
    38.037496595,19.99,Joules,power/energy-pkg/,1001063450,100.00,,
    39.038574871,22.39,Joules,power/energy-pkg/,1001081749,100.00,,
    40.039723862,20.77,Joules,power/energy-pkg/,1001127203,100.00,,
    41.040406690,19.66,Joules,power/energy-pkg/,1000674194,100.00,,
    42.041504194,20.45,Joules,power/energy-pkg/,1001087687,100.00,,
    43.042600206,19.28,Joules,power/energy-pkg/,1001083150,100.00,,
    44.043686582,19.14,Joules,power/energy-pkg/,1001061286,100.00,,
    45.044419827,19.23,Joules,power/energy-pkg/,1000727405,100.00,,
    46.045510559,16.14,Joules,power/energy-pkg/,1001078884,100.00,,
    47.046590615,19.05,Joules,power/energy-pkg/,1001058097,100.00,,
    48.047661244,18.16,Joules,power/energy-pkg/,1001072297,100.00,,
    49.048411778,19.25,Joules,power/energy-pkg/,1000739874,100.00,,
    50.049503869,19.79,Joules,power/energy-pkg/,1001077266,100.00,,
    51.050591967,20.44,Joules,power/energy-pkg/,1001074147,100.00,,
    52.051675070,19.41,Joules,power/energy-pkg/,1001072571,100.00,,
    53.052407866,17.45,Joules,power/energy-pkg/,1000718486,100.00,,
    54.053492780,16.91,Joules,power/energy-pkg/,1001078300,100.00,,
    55.054610859,17.20,Joules,power/energy-pkg/,1001087781,100.00,,
    56.055678960,18.19,Joules,power/energy-pkg/,1001056186,100.00,,
    57.056410812,19.06,Joules,power/energy-pkg/,1000730755,100.00,,
    58.057506598,17.98,Joules,power/energy-pkg/,1001078351,100.00,,
    59.058603219,16.62,Joules,power/energy-pkg/,1001107057,100.00,,
    60.059731784,16.25,Joules,power/energy-pkg/,1001100560,100.00,,
    61.060412180,17.15,Joules,power/energy-pkg/,1000672285,100.00,,
    62.061556954,14.94,Joules,power/energy-pkg/,1001125405,100.00,,
    63.062655428,15.90,Joules,power/energy-pkg/,1001080672,100.00,,
    64.063751447,16.83,Joules,power/energy-pkg/,1001091757,100.00,,
    65.064394270,16.42,Joules,power/energy-pkg/,1000617984,100.00,,
    66.065483288,18.20,Joules,power/energy-pkg/,1001088867,100.00,,
    67.066575060,16.86,Joules,power/energy-pkg/,1001078603,100.00,,
    68.067666346,18.96,Joules,power/energy-pkg/,1001079628,100.00,,
    69.068413434,36.01,Joules,power/energy-pkg/,1000731157,100.00,,
    70.069498363,22.78,Joules,power/energy-pkg/,1001074998,100.00,,
    71.070576349,34.53,Joules,power/energy-pkg/,1001070206,100.00,,
    72.071211716,63.18,Joules,power/energy-pkg/,1000751428,100.00,,
    73.072405174,63.37,Joules,power/energy-pkg/,1001075799,100.00,,
    74.073564460,65.45,Joules,power/energy-pkg/,1001140653,100.00,,
    75.074724154,60.34,Joules,power/energy-pkg/,1001128091,100.00,,
    76.075807052,42.30,Joules,power/energy-pkg/,1001056654,100.00,,
    77.076405920,37.03,Joules,power/energy-pkg/,1000588934,100.00,,
    78.077514314,60.06,Joules,power/energy-pkg/,1001117108,100.00,,
    79.078644880,64.57,Joules,power/energy-pkg/,1001196366,100.00,,
    80.080017402,65.09,Joules,power/energy-pkg/,1001275285,100.00,,
    81.080433382,65.48,Joules,power/energy-pkg/,1000427823,100.00,,
    82.081810967,64.07,Joules,power/energy-pkg/,1001348099,100.00,,
    83.083090407,63.08,Joules,power/energy-pkg/,1001331443,100.00,,
    84.084422378,61.81,Joules,power/energy-pkg/,1001260048,100.00,,
    85.085749468,62.59,Joules,power/energy-pkg/,1001343533,100.00,,
    86.087087256,58.89,Joules,power/energy-pkg/,1001329432,100.00,,
    87.088361433,53.69,Joules,power/energy-pkg/,1001260787,100.00,,
    88.089555685,60.84,Joules,power/energy-pkg/,1001147313,100.00,,
    89.090650823,55.62,Joules,power/energy-pkg/,1001063890,100.00,,
    90.091770167,57.12,Joules,power/energy-pkg/,1001118720,100.00,,
    91.092416120,61.71,Joules,power/energy-pkg/,1000645893,100.00,,
    92.093569347,61.41,Joules,power/energy-pkg/,1001138984,100.00,,
    93.094797443,53.37,Joules,power/energy-pkg/,1001190577,100.00,,
    94.095883913,50.22,Joules,power/energy-pkg/,1001074612,100.00,,
    95.096453230,60.34,Joules,power/energy-pkg/,1000602974,100.00,,
    96.097818918,67.51,Joules,power/energy-pkg/,1001311569,100.00,,
    97.099002001,66.06,Joules,power/energy-pkg/,1001219352,100.00,,
    98.100439008,60.35,Joules,power/energy-pkg/,1001401922,100.00,,
    99.101841695,64.52,Joules,power/energy-pkg/,1001398426,100.00,,
   100.103192798,61.98,Joules,power/energy-pkg/,1001322651,100.00,,
   101.104328627,55.22,Joules,power/energy-pkg/,1001137535,100.00,,
   102.105580424,53.07,Joules,power/energy-pkg/,1001208598,100.00,,
   103.106719760,53.25,Joules,power/energy-pkg/,1001182061,100.00,,
   104.107925252,61.42,Joules,power/energy-pkg/,1001181890,100.00,,
   105.108531513,60.74,Joules,power/energy-pkg/,1000595667,100.00,,
   106.109879604,66.54,Joules,power/energy-pkg/,1001324235,100.00,,
   107.111033545,61.83,Joules,power/energy-pkg/,1001105246,100.00,,
   108.111829232,56.35,Joules,power/energy-pkg/,1000795217,100.00,,
   109.112400644,38.31,Joules,power/energy-pkg/,1000546192,100.00,,
   110.113488317,39.84,Joules,power/energy-pkg/,1001075705,100.00,,
   111.114599286,55.10,Joules,power/energy-pkg/,1001129553,100.00,,
   112.115770584,67.37,Joules,power/energy-pkg/,1001149944,100.00,,
   113.116439376,64.52,Joules,power/energy-pkg/,1000681824,100.00,,
   114.117714008,63.18,Joules,power/energy-pkg/,1001235262,100.00,,
   115.118874248,68.80,Joules,power/energy-pkg/,1001169833,100.00,,
   116.119709271,57.77,Joules,power/energy-pkg/,1000830211,100.00,,
   117.120446336,58.53,Joules,power/energy-pkg/,1000746983,100.00,,
   118.121761664,59.21,Joules,power/energy-pkg/,1001296093,100.00,,
   119.123224850,61.91,Joules,power/energy-pkg/,1001389979,100.00,,
   120.124356066,59.15,Joules,power/energy-pkg/,1001151492,100.00,,
   121.125535931,65.27,Joules,power/energy-pkg/,1001178240,100.00,,
   122.126097628,63.18,Joules,power/energy-pkg/,1000519792,100.00,,
   123.127220053,53.18,Joules,power/energy-pkg/,1001134690,100.00,,
   124.127885006,56.65,Joules,power/energy-pkg/,1000636363,100.00,,
   125.128409877,66.34,Joules,power/energy-pkg/,1000492440,100.00,,
   126.129545103,60.42,Joules,power/energy-pkg/,1001172785,100.00,,
   127.130803348,55.79,Joules,power/energy-pkg/,1001211351,100.00,,
   128.131979974,40.12,Joules,power/energy-pkg/,1001152829,100.00,,
   129.132412927,42.06,Joules,power/energy-pkg/,1000431488,100.00,,
   130.133559000,44.79,Joules,power/energy-pkg/,1001137451,100.00,,
   131.134676447,35.05,Joules,power/energy-pkg/,1001097560,100.00,,
   132.135769831,47.72,Joules,power/energy-pkg/,1001146635,100.00,,
   133.136435777,54.93,Joules,power/energy-pkg/,1000581825,100.00,,
   134.137539353,46.09,Joules,power/energy-pkg/,1001097815,100.00,,
   135.138700834,34.62,Joules,power/energy-pkg/,1001148307,100.00,,
   136.139816048,37.30,Joules,power/energy-pkg/,1001102517,100.00,,
   137.140885310,57.73,Joules,power/energy-pkg/,1001118118,100.00,,
   138.141601194,58.50,Joules,power/energy-pkg/,1000673850,100.00,,
   139.142789373,48.70,Joules,power/energy-pkg/,1001150278,100.00,,
   140.143926865,42.14,Joules,power/energy-pkg/,1001124301,100.00,,
   141.144395406,43.58,Joules,power/energy-pkg/,1000445295,100.00,,
   142.145482397,49.45,Joules,power/energy-pkg/,1001073016,100.00,,
   143.146611191,62.64,Joules,power/energy-pkg/,1001147761,100.00,,
   144.147864384,66.38,Joules,power/energy-pkg/,1001271988,100.00,,
   145.148413281,56.69,Joules,power/energy-pkg/,1000604725,100.00,,
   146.149083531,53.00,Joules,power/energy-pkg/,1000546523,100.00,,
   147.150185539,49.77,Joules,power/energy-pkg/,1001087520,100.00,,
   148.151316934,39.79,Joules,power/energy-pkg/,1001116900,100.00,,
   149.152397648,32.51,Joules,power/energy-pkg/,1001057947,100.00,,
   150.153483856,42.18,Joules,power/energy-pkg/,1001076343,100.00,,
   151.154601929,46.68,Joules,power/energy-pkg/,1001116527,100.00,,
   152.155687814,36.98,Joules,power/energy-pkg/,1001061855,100.00,,
   153.156394805,39.73,Joules,power/energy-pkg/,1000694023,100.00,,
   154.157489172,33.12,Joules,power/energy-pkg/,1001117714,100.00,,
   155.158719091,57.64,Joules,power/energy-pkg/,1001195137,100.00,,
   156.159863912,41.96,Joules,power/energy-pkg/,1001130173,100.00,,
   157.160411621,23.08,Joules,power/energy-pkg/,1000533729,100.00,,
   158.161498518,40.07,Joules,power/energy-pkg/,1001081416,100.00,,
   159.162587210,37.09,Joules,power/energy-pkg/,1001070567,100.00,,
   160.163693203,50.96,Joules,power/energy-pkg/,1001090358,100.00,,
   161.164408994,47.14,Joules,power/energy-pkg/,1000712988,100.00,,
   162.165497130,40.33,Joules,power/energy-pkg/,1001076027,100.00,,
   163.166581755,50.44,Joules,power/energy-pkg/,1001061783,100.00,,
   164.167451921,60.91,Joules,power/energy-pkg/,1000890202,100.00,,
   165.168423652,57.56,Joules,power/energy-pkg/,1000954136,100.00,,
   166.169582833,50.73,Joules,power/energy-pkg/,1001234733,100.00,,
   167.170860803,45.67,Joules,power/energy-pkg/,1001176801,100.00,,
   168.171983727,55.83,Joules,power/energy-pkg/,1001099444,100.00,,
   169.172623975,49.71,Joules,power/energy-pkg/,1000630230,100.00,,
   170.173734637,56.18,Joules,power/energy-pkg/,1001110900,100.00,,
   171.174453100,49.64,Joules,power/energy-pkg/,1000706754,100.00,,
   172.175557214,37.60,Joules,power/energy-pkg/,1001070417,100.00,,
   173.176398442,46.51,Joules,power/energy-pkg/,1000826389,100.00,,
   174.177508142,33.91,Joules,power/energy-pkg/,1001125786,100.00,,
   175.178626695,46.98,Joules,power/energy-pkg/,1001102915,100.00,,
   176.179761145,56.66,Joules,power/energy-pkg/,1001114784,100.00,,
   177.180449115,57.94,Joules,power/energy-pkg/,1000683547,100.00,,
   178.181645221,65.61,Joules,power/energy-pkg/,1001201443,100.00,,
   179.182595956,63.03,Joules,power/energy-pkg/,1000928469,100.00,,
   180.182831533,59.68,Joules,power/energy-pkg/,1000216540,100.00,,
   181.183984832,56.20,Joules,power/energy-pkg/,1001138506,100.00,,
   182.184403860,54.30,Joules,power/energy-pkg/,1000414246,100.00,,
   183.185546970,55.78,Joules,power/energy-pkg/,1003204157,100.00,,
   184.188430598,49.87,Joules,power/energy-pkg/,1000816482,100.00,,
   185.189784013,59.31,Joules,power/energy-pkg/,1001308207,100.00,,
   186.190918392,62.68,Joules,power/energy-pkg/,1001131231,100.00,,
   187.192134874,60.08,Joules,power/energy-pkg/,1001206746,100.00,,
   188.192412274,62.69,Joules,power/energy-pkg/,1000247624,100.00,,
   189.193551055,69.78,Joules,power/energy-pkg/,1001147024,100.00,,
   190.194709629,68.01,Joules,power/energy-pkg/,1001125964,100.00,,
   191.195860275,64.08,Joules,power/energy-pkg/,1001172530,100.00,,
   192.196466316,67.67,Joules,power/energy-pkg/,1000592420,100.00,,
   193.197799256,62.49,Joules,power/energy-pkg/,1001393432,100.00,,
   194.199235331,56.69,Joules,power/energy-pkg/,1001434918,100.00,,
   195.200402131,62.46,Joules,power/energy-pkg/,1001047082,100.00,,
   196.201493551,49.11,Joules,power/energy-pkg/,1001108228,100.00,,
   197.202696748,63.57,Joules,power/energy-pkg/,1001199357,100.00,,
   198.203901921,64.79,Joules,power/energy-pkg/,1001183255,100.00,,
   199.204495408,63.94,Joules,power/energy-pkg/,1000572203,100.00,,
   200.205727379,58.75,Joules,power/energy-pkg/,1001209442,100.00,,
   201.206889593,60.45,Joules,power/energy-pkg/,1001160059,100.00,,
   202.208082614,57.48,Joules,power/energy-pkg/,1001201404,100.00,,
   203.208971572,55.23,Joules,power/energy-pkg/,1000880210,100.00,,
   204.210159557,45.90,Joules,power/energy-pkg/,1001131021,100.00,,
   205.211242536,46.37,Joules,power/energy-pkg/,1001070930,100.00,,
   206.212063684,45.32,Joules,power/energy-pkg/,1000826479,100.00,,
   207.212419814,63.88,Joules,power/energy-pkg/,1000385135,100.00,,
   208.213696065,59.54,Joules,power/energy-pkg/,1001257844,100.00,,
   209.214960603,57.52,Joules,power/energy-pkg/,1001248048,100.00,,
   210.216140601,53.01,Joules,power/energy-pkg/,1001134762,100.00,,
   211.216439856,59.09,Joules,power/energy-pkg/,1000321601,100.00,,
   212.217614700,63.45,Joules,power/energy-pkg/,1001131425,100.00,,
   213.218736471,59.14,Joules,power/energy-pkg/,1001196477,100.00,,
   214.220100792,58.36,Joules,power/energy-pkg/,1001294994,100.00,,
   215.221483441,55.01,Joules,power/energy-pkg/,1001368093,100.00,,
   216.222795029,57.17,Joules,power/energy-pkg/,1001260081,100.00,,
   217.223880287,55.87,Joules,power/energy-pkg/,1001092976,100.00,,
   218.224461947,65.82,Joules,power/energy-pkg/,1000586859,100.00,,
   219.225865472,67.92,Joules,power/energy-pkg/,1001442999,100.00,,
   220.227433420,61.87,Joules,power/energy-pkg/,1001469488,100.00,,
   221.228432592,59.03,Joules,power/energy-pkg/,1001027452,100.00,,
   222.229689163,59.78,Joules,power/energy-pkg/,1001230940,100.00,,
   223.230903636,59.16,Joules,power/energy-pkg/,1001195715,100.00,,
   224.232089568,61.60,Joules,power/energy-pkg/,1001169759,100.00,,
   225.232405588,45.47,Joules,power/energy-pkg/,1000299910,100.00,,
   226.233477177,35.43,Joules,power/energy-pkg/,1001050315,100.00,,
   227.234555511,34.69,Joules,power/energy-pkg/,1001069310,100.00,,
   228.235635310,24.21,Joules,power/energy-pkg/,1001064698,100.00,,
   229.236402342,19.59,Joules,power/energy-pkg/,1000765048,100.00,,
   230.237474705,28.46,Joules,power/energy-pkg/,1001064969,100.00,,
   231.238561817,30.88,Joules,power/energy-pkg/,1001067727,100.00,,
   232.239669197,43.92,Joules,power/energy-pkg/,1001828039,100.00,,
   233.241489458,62.31,Joules,power/energy-pkg/,1001102401,100.00,,
   234.242636719,66.33,Joules,power/energy-pkg/,1001142196,100.00,,
   235.243772581,62.64,Joules,power/energy-pkg/,1001114149,100.00,,
   236.244446632,59.52,Joules,power/energy-pkg/,1000676672,100.00,,
   237.245825897,59.27,Joules,power/energy-pkg/,1001395642,100.00,,
   238.247031684,58.25,Joules,power/energy-pkg/,1001172050,100.00,,
   239.248191216,47.65,Joules,power/energy-pkg/,1001115290,100.00,,
   240.248399213,31.17,Joules,power/energy-pkg/,1000184068,100.00,,
   241.249476826,50.04,Joules,power/energy-pkg/,1001105000,100.00,,
   242.250643420,55.86,Joules,power/energy-pkg/,1001118850,100.00,,
   243.251745771,37.89,Joules,power/energy-pkg/,1001100395,100.00,,
   244.252426449,38.69,Joules,power/energy-pkg/,1000692920,100.00,,
   245.253585285,56.13,Joules,power/energy-pkg/,1001145810,100.00,,
   246.254721126,47.88,Joules,power/energy-pkg/,1001101155,100.00,,
   247.255130483,39.47,Joules,power/energy-pkg/,1000473490,100.00,,
   248.256410858,59.81,Joules,power/energy-pkg/,1001203166,100.00,,
   249.257623118,54.56,Joules,power/energy-pkg/,1001200200,100.00,,
   250.258841048,53.24,Joules,power/energy-pkg/,1001220591,100.00,,
   251.260159629,52.30,Joules,power/energy-pkg/,1001332147,100.00,,
   252.260424877,63.00,Joules,power/energy-pkg/,1000274335,100.00,,
   253.261797212,60.52,Joules,power/energy-pkg/,1001370142,100.00,,
   254.262734042,62.75,Joules,power/energy-pkg/,1000941014,100.00,,
   255.264202594,60.41,Joules,power/energy-pkg/,1001373014,100.00,,
   256.264398660,62.97,Joules,power/energy-pkg/,1000166048,100.00,,
   257.265477591,48.10,Joules,power/energy-pkg/,1001065518,100.00,,
   258.266546039,43.71,Joules,power/energy-pkg/,1002948273,100.00,,
   259.269612794,54.26,Joules,power/energy-pkg/,1001204939,100.00,,
   260.270736633,60.37,Joules,power/energy-pkg/,1001108966,100.00,,
   261.271949599,64.67,Joules,power/energy-pkg/,1001207194,100.00,,
   262.272418841,65.66,Joules,power/energy-pkg/,1000474872,100.00,,
   263.273649531,61.15,Joules,power/energy-pkg/,1001201567,100.00,,
   264.274810908,56.05,Joules,power/energy-pkg/,1001146725,100.00,,
   265.275952169,57.79,Joules,power/energy-pkg/,1001160535,100.00,,
   266.276413618,53.57,Joules,power/energy-pkg/,1000390560,100.00,,
   267.277554243,51.97,Joules,power/energy-pkg/,1001199097,100.00,,
   268.278864939,59.19,Joules,power/energy-pkg/,1001244661,100.00,,
   269.279992606,64.90,Joules,power/energy-pkg/,1001133063,100.00,,
   270.280450514,59.65,Joules,power/energy-pkg/,1000447940,100.00,,
   271.281805500,64.83,Joules,power/energy-pkg/,1001327557,100.00,,
   272.283055243,55.05,Joules,power/energy-pkg/,1001235672,100.00,,
   273.284178486,53.24,Joules,power/energy-pkg/,1001117050,100.00,,
   274.284405148,43.08,Joules,power/energy-pkg/,1000190625,100.00,,
   275.284529752,48.14,Joules,power/energy-pkg/,1000123841,100.00,,
   276.285633996,47.13,Joules,power/energy-pkg/,1001080026,100.00,,
   277.286715042,41.43,Joules,power/energy-pkg/,1001103364,100.00,,
   278.287829960,46.78,Joules,power/energy-pkg/,1001074163,100.00,,
   279.288444389,47.38,Joules,power/energy-pkg/,1000604413,100.00,,
   280.289530531,47.32,Joules,power/energy-pkg/,1001071319,100.00,,
   281.290624358,63.07,Joules,power/energy-pkg/,1001109573,100.00,,
   282.291756335,66.21,Joules,power/energy-pkg/,1001120278,100.00,,
   283.292453365,61.21,Joules,power/energy-pkg/,1000760296,100.00,,
   284.293885563,63.38,Joules,power/energy-pkg/,1001409254,100.00,,
   285.295248857,64.94,Joules,power/energy-pkg/,1001296597,100.00,,
   286.296370441,67.45,Joules,power/energy-pkg/,1001135114,100.00,,
   287.297555780,66.47,Joules,power/energy-pkg/,1001173678,100.00,,
   288.298830522,57.15,Joules,power/energy-pkg/,1001244021,100.00,,
   289.299986612,51.49,Joules,power/energy-pkg/,1001143650,100.00,,
   290.300392574,37.97,Joules,power/energy-pkg/,1000358358,100.00,,
   291.301489078,31.40,Joules,power/energy-pkg/,1001085525,100.00,,
   292.302618609,48.96,Joules,power/energy-pkg/,1001154805,100.00,,
   293.303917717,54.13,Joules,power/energy-pkg/,1001282157,100.00,,
   294.304417591,46.81,Joules,power/energy-pkg/,1000466552,100.00,,
   295.305547933,55.97,Joules,power/energy-pkg/,1001131470,100.00,,
   296.306715897,60.47,Joules,power/energy-pkg/,1001145545,100.00,,
   297.307853533,43.27,Joules,power/energy-pkg/,1001121840,100.00,,
   298.308409151,42.42,Joules,power/energy-pkg/,1000551736,100.00,,
   299.309438661,53.66,Joules,power/energy-pkg/,1001081180,100.00,,
   300.310667358,66.50,Joules,power/energy-pkg/,1001204473,100.00,,
   301.311986160,53.22,Joules,power/energy-pkg/,1001285289,100.00,,
   302.312411474,52.28,Joules,power/energy-pkg/,1000391163,100.00,,
   303.313543787,43.18,Joules,power/energy-pkg/,1001115339,100.00,,
   304.314631887,26.07,Joules,power/energy-pkg/,1001077174,100.00,,
   305.315716940,22.67,Joules,power/energy-pkg/,1001063921,100.00,,
   306.316435059,40.01,Joules,power/energy-pkg/,1000721692,100.00,,
   307.317608007,42.67,Joules,power/energy-pkg/,1001205083,100.00,,
   308.318817117,57.17,Joules,power/energy-pkg/,1001263746,100.00,,
   309.320267518,57.74,Joules,power/energy-pkg/,1001356718,100.00,,
   310.321409592,46.32,Joules,power/energy-pkg/,1001097779,100.00,,
   311.322557303,53.02,Joules,power/energy-pkg/,1001289433,100.00,,
   312.324093849,56.00,Joules,power/energy-pkg/,1001481826,100.00,,
   313.325702130,55.77,Joules,power/energy-pkg/,1001514050,100.00,,
   314.326966467,60.52,Joules,power/energy-pkg/,1001260409,100.00,,
   315.328299347,62.94,Joules,power/energy-pkg/,1001301739,100.00,,
   316.329548231,62.08,Joules,power/energy-pkg/,1001382180,100.00,,
   317.331205249,62.82,Joules,power/energy-pkg/,1001542448,100.00,,
   318.332400862,61.14,Joules,power/energy-pkg/,1001134716,100.00,,
   319.333537721,53.78,Joules,power/energy-pkg/,1001196538,100.00,,
   320.334900476,45.43,Joules,power/energy-pkg/,1001351907,100.00,,
   321.336455525,59.55,Joules,power/energy-pkg/,1001526670,100.00,,
   322.337911625,65.83,Joules,power/energy-pkg/,1001412778,100.00,,
   323.339238469,62.96,Joules,power/energy-pkg/,1001292108,100.00,,
   324.340425834,60.21,Joules,power/energy-pkg/,1001240273,100.00,,
   325.341996255,56.99,Joules,power/energy-pkg/,1001531238,100.00,,
   326.343311471,56.10,Joules,power/energy-pkg/,1001306836,100.00,,
   327.344416137,60.46,Joules,power/energy-pkg/,1001125692,100.00,,
   328.345718765,60.72,Joules,power/energy-pkg/,1001272478,100.00,,
   329.346904051,69.50,Joules,power/energy-pkg/,1001115732,100.00,,
   330.348046168,60.17,Joules,power/energy-pkg/,1001139590,100.00,,
   331.348414257,52.92,Joules,power/energy-pkg/,1000345218,100.00,,
   332.349491462,47.78,Joules,power/energy-pkg/,1001064811,100.00,,
   333.350569155,49.78,Joules,power/energy-pkg/,1001067654,100.00,,
   334.351658787,55.28,Joules,power/energy-pkg/,1001110943,100.00,,
   335.352435053,63.78,Joules,power/energy-pkg/,1000810377,100.00,,
   336.353776231,68.56,Joules,power/energy-pkg/,1001278791,100.00,,
   337.355006682,67.16,Joules,power/energy-pkg/,1001257893,100.00,,
   338.356292524,69.03,Joules,power/energy-pkg/,1001274607,100.00,,
   339.357758810,64.40,Joules,power/energy-pkg/,1001421823,100.00,,
   340.358135175,58.62,Joules,power/energy-pkg/,1000357186,100.00,,
   341.359247030,52.59,Joules,power/energy-pkg/,1002231932,100.00,,
   342.361489751,41.21,Joules,power/energy-pkg/,1001078195,100.00,,
   343.362594673,54.86,Joules,power/energy-pkg/,1001140897,100.00,,
   344.363927889,61.70,Joules,power/energy-pkg/,1001320136,100.00,,
   345.364426640,65.75,Joules,power/energy-pkg/,1000445925,100.00,,
   346.368407083,65.76,Joules,power/energy-pkg/,1004001269,100.00,,
   347.369554274,65.44,Joules,power/energy-pkg/,1001110692,100.00,,
   348.370726285,47.24,Joules,power/energy-pkg/,1001163924,100.00,,
   349.371831210,40.55,Joules,power/energy-pkg/,1001081069,100.00,,
   350.372409553,39.57,Joules,power/energy-pkg/,1000586966,100.00,,
   351.373629054,58.46,Joules,power/energy-pkg/,1001269949,100.00,,
   352.374935045,63.92,Joules,power/energy-pkg/,1001265253,100.00,,
   353.376156683,64.13,Joules,power/energy-pkg/,1001175784,100.00,,
   354.376416889,60.65,Joules,power/energy-pkg/,1000261204,100.00,,
   355.377588137,59.21,Joules,power/energy-pkg/,1001160304,100.00,,
   356.378810677,52.52,Joules,power/energy-pkg/,1001184239,100.00,,
   357.379298787,61.32,Joules,power/energy-pkg/,1000520393,100.00,,
   358.380403684,59.70,Joules,power/energy-pkg/,1001056201,100.00,,
   359.381502219,59.42,Joules,power/energy-pkg/,1001087634,100.00,,
   360.382631108,54.25,Joules,power/energy-pkg/,1001111775,100.00,,
   361.383712800,33.53,Joules,power/energy-pkg/,1001072040,100.00,,
   362.384406972,56.54,Joules,power/energy-pkg/,1000684667,100.00,,
   363.385513692,63.46,Joules,power/energy-pkg/,1001120352,100.00,,
   364.386658650,61.41,Joules,power/energy-pkg/,1001151337,100.00,,
   365.387862391,57.29,Joules,power/energy-pkg/,1001211857,100.00,,
   366.388427512,62.52,Joules,power/energy-pkg/,1000527332,100.00,,
   367.389595259,53.37,Joules,power/energy-pkg/,1001151523,100.00,,
   368.390715021,51.80,Joules,power/energy-pkg/,1001090422,100.00,,
   369.391802186,54.53,Joules,power/energy-pkg/,1001064960,100.00,,
   370.392394845,34.63,Joules,power/energy-pkg/,1000579927,100.00,,
   371.393469808,47.74,Joules,power/energy-pkg/,1001086257,100.00,,
   372.394570896,59.29,Joules,power/energy-pkg/,1001086273,100.00,,
   373.395673019,61.10,Joules,power/energy-pkg/,1001087310,100.00,,
   374.396399797,56.04,Joules,power/energy-pkg/,1000705099,100.00,,
   375.397518754,50.58,Joules,power/energy-pkg/,1001118726,100.00,,
   376.398598930,49.16,Joules,power/energy-pkg/,1001075002,100.00,,
   377.399694192,50.29,Joules,power/energy-pkg/,1001065763,100.00,,
   378.400429172,45.98,Joules,power/energy-pkg/,1000730446,100.00,,
   379.401532867,41.97,Joules,power/energy-pkg/,1001112578,100.00,,
   380.402634922,43.66,Joules,power/energy-pkg/,1001080971,100.00,,
   381.403749618,39.40,Joules,power/energy-pkg/,1001101567,100.00,,
   382.404417344,35.97,Joules,power/energy-pkg/,1000654338,100.00,,
   383.405504771,40.11,Joules,power/energy-pkg/,1001079326,100.00,,
   384.406617265,46.81,Joules,power/energy-pkg/,1001102713,100.00,,
   385.407732360,52.21,Joules,power/energy-pkg/,1001089483,100.00,,
   386.408394828,45.36,Joules,power/energy-pkg/,1000652456,100.00,,
   387.409482532,42.05,Joules,power/energy-pkg/,1001087958,100.00,,
   388.410571110,39.39,Joules,power/energy-pkg/,1001079908,100.00,,
   389.411778956,55.72,Joules,power/energy-pkg/,1001239648,100.00,,
   390.412444231,66.91,Joules,power/energy-pkg/,1000615740,100.00,,
   391.413675959,69.78,Joules,power/energy-pkg/,1001239068,100.00,,
   392.414984044,72.13,Joules,power/energy-pkg/,1001306497,100.00,,
   393.416334451,68.64,Joules,power/energy-pkg/,1001301833,100.00,,
   394.417496702,47.61,Joules,power/energy-pkg/,1001148821,100.00,,
   395.418626056,37.24,Joules,power/energy-pkg/,1001127271,100.00,,
   396.419737906,29.91,Joules,power/energy-pkg/,1001105219,100.00,,
   397.420569980,37.79,Joules,power/energy-pkg/,1000838728,100.00,,
   398.421762288,52.44,Joules,power/energy-pkg/,1001171015,100.00,,
   399.422957701,60.32,Joules,power/energy-pkg/,1001170798,100.00,,
   400.424033987,59.46,Joules,power/energy-pkg/,1001058115,100.00,,
   401.424422508,59.57,Joules,power/energy-pkg/,1000378090,100.00,,
   402.425500822,54.90,Joules,power/energy-pkg/,1001066783,100.00,,
   403.426607146,54.03,Joules,power/energy-pkg/,1001102981,100.00,,
   404.427686250,44.48,Joules,power/energy-pkg/,1001060738,100.00,,
   405.428404358,45.09,Joules,power/energy-pkg/,1000708354,100.00,,
   406.429477531,45.39,Joules,power/energy-pkg/,1001058895,100.00,,
   407.430551184,38.52,Joules,power/energy-pkg/,1001075526,100.00,,
   408.431654058,41.56,Joules,power/energy-pkg/,1001828172,100.00,,
   409.433493639,41.41,Joules,power/energy-pkg/,1001095695,100.00,,
   410.434596759,34.01,Joules,power/energy-pkg/,1001110998,100.00,,
   411.435720128,45.00,Joules,power/energy-pkg/,1001087203,100.00,,
   412.436393604,46.48,Joules,power/energy-pkg/,1000656308,100.00,,
   413.437478686,34.55,Joules,power/energy-pkg/,1001074161,100.00,,
   414.438562348,41.80,Joules,power/energy-pkg/,1001071124,100.00,,
   415.439648141,46.83,Joules,power/energy-pkg/,1001125325,100.00,,
   416.440434504,55.15,Joules,power/energy-pkg/,1000828240,100.00,,
   417.441854552,57.53,Joules,power/energy-pkg/,1001307801,100.00,,
   418.442953402,54.37,Joules,power/energy-pkg/,1001109798,100.00,,
   419.444191484,57.95,Joules,power/energy-pkg/,1001332454,100.00,,
   420.445547226,64.38,Joules,power/energy-pkg/,1001250645,100.00,,
   421.446730930,57.57,Joules,power/energy-pkg/,1001168286,100.00,,
   422.447891201,61.31,Joules,power/energy-pkg/,1001159745,100.00,,
   423.448413223,65.40,Joules,power/energy-pkg/,1000515599,100.00,,
   424.448729543,70.13,Joules,power/energy-pkg/,1000295897,100.00,,
   425.450041351,65.96,Joules,power/energy-pkg/,1001320307,100.00,,
   426.451582915,64.28,Joules,power/energy-pkg/,1001540734,100.00,,
   427.452428162,63.71,Joules,power/energy-pkg/,1000787381,100.00,,
   428.453562796,56.98,Joules,power/energy-pkg/,1001112267,100.00,,
   429.454664863,52.32,Joules,power/energy-pkg/,1001089000,100.00,,
   430.455737148,48.50,Joules,power/energy-pkg/,1001061266,100.00,,
   431.456445918,44.55,Joules,power/energy-pkg/,1000744743,100.00,,
   432.457774745,54.76,Joules,power/energy-pkg/,1001323538,100.00,,
   433.458950489,62.11,Joules,power/energy-pkg/,1001115526,100.00,,
   434.460067474,67.67,Joules,power/energy-pkg/,1001134450,100.00,,
   435.460409649,66.39,Joules,power/energy-pkg/,1000308641,100.00,,
   436.461579014,70.36,Joules,power/energy-pkg/,1001300263,100.00,,
   437.462931598,68.92,Joules,power/energy-pkg/,1001198850,100.00,,
   438.464032756,66.72,Joules,power/energy-pkg/,1001116937,100.00,,
   439.464428119,53.57,Joules,power/energy-pkg/,1000352491,100.00,,
   440.465499637,47.73,Joules,power/energy-pkg/,1001063691,100.00,,
   441.466606602,46.77,Joules,power/energy-pkg/,1001095025,100.00,,
   442.467697502,45.64,Joules,power/energy-pkg/,1001091299,100.00,,
   443.468403135,46.48,Joules,power/energy-pkg/,1000701241,100.00,,
   444.469520051,55.30,Joules,power/energy-pkg/,1001097174,100.00,,
   445.470606988,59.63,Joules,power/energy-pkg/,1001074850,100.00,,
   446.471723287,64.75,Joules,power/energy-pkg/,1001102282,100.00,,
   447.472409188,64.48,Joules,power/energy-pkg/,1000702352,100.00,,
   448.473573167,72.01,Joules,power/energy-pkg/,1001132584,100.00,,
   449.473848576,60.72,Joules,power/energy-pkg/,1000253666,100.00,,
   450.474933684,55.81,Joules,power/energy-pkg/,1001077257,100.00,,
   451.476023887,47.44,Joules,power/energy-pkg/,1001077763,100.00,,
   452.476399401,35.17,Joules,power/energy-pkg/,1000365445,100.00,,
   453.477486198,34.09,Joules,power/energy-pkg/,1001079489,100.00,,
   454.478586068,34.46,Joules,power/energy-pkg/,1001099822,100.00,,
   455.479683085,42.02,Joules,power/energy-pkg/,1001096578,100.00,,
   456.480410976,46.20,Joules,power/energy-pkg/,1000704970,100.00,,
   457.481527369,37.30,Joules,power/energy-pkg/,1001129742,100.00,,
   458.482787519,40.43,Joules,power/energy-pkg/,1001215912,100.00,,
   459.483883080,40.59,Joules,power/energy-pkg/,1001096998,100.00,,
   460.484398254,43.79,Joules,power/energy-pkg/,1000508263,100.00,,
   461.485517575,33.14,Joules,power/energy-pkg/,1001130927,100.00,,
   462.486671919,42.15,Joules,power/energy-pkg/,1001117081,100.00,,
   463.487762263,39.25,Joules,power/energy-pkg/,1001068574,100.00,,
   464.488417303,39.53,Joules,power/energy-pkg/,1000645107,100.00,,
   465.489502814,26.48,Joules,power/energy-pkg/,1001089153,100.00,,
   466.490615081,32.14,Joules,power/energy-pkg/,1001097666,100.00,,
   467.491714186,36.16,Joules,power/energy-pkg/,1001088976,100.00,,
   468.492441794,18.76,Joules,power/energy-pkg/,1000708195,100.00,,
   469.493508768,29.98,Joules,power/energy-pkg/,1001059704,100.00,,
   470.494590036,21.65,Joules,power/energy-pkg/,1001074865,100.00,,
   471.495709348,17.60,Joules,power/energy-pkg/,1001108367,100.00,,
   472.496432607,33.14,Joules,power/energy-pkg/,1000704426,100.00,,
   473.497526896,42.90,Joules,power/energy-pkg/,1001092896,100.00,,
   474.498616292,42.57,Joules,power/energy-pkg/,1001080031,100.00,,
   475.499695812,37.12,Joules,power/energy-pkg/,1001053406,100.00,,
   476.500393159,18.23,Joules,power/energy-pkg/,1000690976,100.00,,
   477.501485483,19.77,Joules,power/energy-pkg/,1001092254,100.00,,
   478.502583906,30.03,Joules,power/energy-pkg/,1001082044,100.00,,
   479.503360221,34.41,Joules,power/energy-pkg/,1000788980,100.00,,
   480.504392546,38.58,Joules,power/energy-pkg/,1000992974,100.00,,
   481.504597446,18.06,Joules,power/energy-pkg/,1000200553,100.00,,
   482.505687696,20.40,Joules,power/energy-pkg/,1001085437,100.00,,
   483.506028353,33.42,Joules,power/energy-pkg/,1000343968,100.00,,
   484.507118953,25.99,Joules,power/energy-pkg/,1001054847,100.00,,
   485.508204480,29.82,Joules,power/energy-pkg/,1001085118,100.00,,
   486.508414997,22.60,Joules,power/energy-pkg/,1000195720,100.00,,
   487.509505430,20.14,Joules,power/energy-pkg/,1001083906,100.00,,
   488.510581626,28.11,Joules,power/energy-pkg/,1001055647,100.00,,
   489.511671595,28.20,Joules,power/energy-pkg/,1001089931,100.00,,
   490.512400453,22.36,Joules,power/energy-pkg/,1000707223,100.00,,
   491.513478999,20.97,Joules,power/energy-pkg/,1001080952,100.00,,
   492.514577212,16.74,Joules,power/energy-pkg/,1001073427,100.00,,
   493.515646418,18.96,Joules,power/energy-pkg/,1001074137,100.00,,
   494.516429799,16.96,Joules,power/energy-pkg/,1000762730,100.00,,
   495.517526035,19.80,Joules,power/energy-pkg/,1001082696,100.00,,
   496.518604130,15.54,Joules,power/energy-pkg/,1001081337,100.00,,
   497.519709321,13.76,Joules,power/energy-pkg/,1001081598,100.00,,
   498.520398125,17.67,Joules,power/energy-pkg/,1000677013,100.00,,
   499.521481756,19.95,Joules,power/energy-pkg/,1001084571,100.00,,
   500.522575745,18.84,Joules,power/energy-pkg/,1001080015,100.00,,
   501.523682690,17.52,Joules,power/energy-pkg/,1001097388,100.00,,
   502.524392985,17.38,Joules,power/energy-pkg/,1000691282,100.00,,
   503.525464425,18.94,Joules,power/energy-pkg/,1001061526,100.00,,
   504.526550632,19.22,Joules,power/energy-pkg/,1001080887,100.00,,
   505.527663279,15.37,Joules,power/energy-pkg/,1001099191,100.00,,
   506.528409616,19.62,Joules,power/energy-pkg/,1000760777,100.00,,
   507.529507384,16.59,Joules,power/energy-pkg/,1001069233,100.00,,
   508.530628468,17.40,Joules,power/energy-pkg/,1001116826,100.00,,
   509.531716263,21.30,Joules,power/energy-pkg/,1001076601,100.00,,
   510.532402562,20.58,Joules,power/energy-pkg/,1000673433,100.00,,
   511.533496145,18.92,Joules,power/energy-pkg/,1001075351,100.00,,
   512.534596859,18.78,Joules,power/energy-pkg/,1001084275,100.00,,
   513.535668624,18.98,Joules,power/energy-pkg/,1001069976,100.00,,
   514.536397837,19.18,Joules,power/energy-pkg/,1000714790,100.00,,
   515.537492466,16.55,Joules,power/energy-pkg/,1001090111,100.00,,
   516.538230689,18.64,Joules,power/energy-pkg/,1000737875,100.00,,
   517.539336769,18.04,Joules,power/energy-pkg/,1001090506,100.00,,
   518.540396904,17.39,Joules,power/energy-pkg/,1001038440,100.00,,
