# started on Wed Mar 29 11:36:09 2023

     1.001016126,18.40,Joules,power/energy-pkg/,1001034017,100.00,,
     2.002133132,19.04,Joules,power/energy-pkg/,1001106977,100.00,,
     3.002233097,17.98,Joules,power/energy-pkg/,1000076838,100.00,,
     4.003304758,18.52,Joules,power/energy-pkg/,1001063663,100.00,,
     5.004384933,21.49,Joules,power/energy-pkg/,1001071343,100.00,,
     6.005135334,20.81,Joules,power/energy-pkg/,1000760910,100.00,,
     7.006238373,19.96,Joules,power/energy-pkg/,1001087500,100.00,,
     8.007350732,16.13,Joules,power/energy-pkg/,1001094684,100.00,,
     9.008454973,17.35,Joules,power/energy-pkg/,1001101916,100.00,,
    10.009530645,18.72,Joules,power/energy-pkg/,1001054654,100.00,,
    11.010243029,15.53,Joules,power/energy-pkg/,1000706074,100.00,,
    12.011341282,18.45,Joules,power/energy-pkg/,1001086930,100.00,,
    13.012422513,19.66,Joules,power/energy-pkg/,1001083564,100.00,,
    14.013515718,20.68,Joules,power/energy-pkg/,1001079196,100.00,,
    15.014265238,20.80,Joules,power/energy-pkg/,1000732104,100.00,,
    16.015337435,16.94,Joules,power/energy-pkg/,1001075958,100.00,,
    17.016428218,18.68,Joules,power/energy-pkg/,1001078123,100.00,,
    18.017508249,18.48,Joules,power/energy-pkg/,1001074804,100.00,,
    19.018240236,18.52,Joules,power/energy-pkg/,1000722108,100.00,,
    20.019327131,21.17,Joules,power/energy-pkg/,1001072038,100.00,,
    21.020420752,19.42,Joules,power/energy-pkg/,1001078902,100.00,,
    22.021511293,18.36,Joules,power/energy-pkg/,1001093369,100.00,,
    23.022230587,21.21,Joules,power/energy-pkg/,1000697574,100.00,,
    24.023318001,23.94,Joules,power/energy-pkg/,1001091792,100.00,,
    25.024420028,18.37,Joules,power/energy-pkg/,1001091294,100.00,,
    26.025499463,22.05,Joules,power/energy-pkg/,1001058125,100.00,,
    27.026231756,21.32,Joules,power/energy-pkg/,1000723356,100.00,,
    28.027304801,19.85,Joules,power/energy-pkg/,1001067024,100.00,,
    29.028399093,19.02,Joules,power/energy-pkg/,1001083133,100.00,,
    30.029479068,16.07,Joules,power/energy-pkg/,1001078878,100.00,,
    31.030234775,15.55,Joules,power/energy-pkg/,1000738124,100.00,,
    32.031317318,17.61,Joules,power/energy-pkg/,1001084638,100.00,,
    33.032259806,20.25,Joules,power/energy-pkg/,1000944091,100.00,,
    34.033360752,20.39,Joules,power/energy-pkg/,1001086058,100.00,,
    35.034234109,21.57,Joules,power/energy-pkg/,1000847846,100.00,,
    36.035316385,17.97,Joules,power/energy-pkg/,1001085418,100.00,,
    37.036396989,18.61,Joules,power/energy-pkg/,1001058667,100.00,,
    38.037475766,17.32,Joules,power/energy-pkg/,1001078926,100.00,,
    39.038232625,17.55,Joules,power/energy-pkg/,1000742526,100.00,,
    40.039327225,16.48,Joules,power/energy-pkg/,1001083684,100.00,,
    41.040411742,15.17,Joules,power/energy-pkg/,1001085499,100.00,,
    42.041505971,16.71,Joules,power/energy-pkg/,1001086645,100.00,,
    43.042248024,15.56,Joules,power/energy-pkg/,1000732478,100.00,,
    44.042530419,19.34,Joules,power/energy-pkg/,1000293311,100.00,,
    45.043645279,18.69,Joules,power/energy-pkg/,1001088599,100.00,,
    46.044748911,18.94,Joules,power/energy-pkg/,1001080511,100.00,,
    47.045834398,19.56,Joules,power/energy-pkg/,1001087627,100.00,,
    48.046247015,16.80,Joules,power/energy-pkg/,1000404589,100.00,,
    49.047336163,17.75,Joules,power/energy-pkg/,1001067371,100.00,,
    50.048426270,19.92,Joules,power/energy-pkg/,1001079438,100.00,,
    51.049491716,21.30,Joules,power/energy-pkg/,1001057012,100.00,,
    52.050248768,23.16,Joules,power/energy-pkg/,1000762192,100.00,,
    53.051340971,19.50,Joules,power/energy-pkg/,1001079837,100.00,,
    54.052425784,19.34,Joules,power/energy-pkg/,1001068783,100.00,,
    55.053527338,16.12,Joules,power/energy-pkg/,1001100591,100.00,,
    56.054248955,16.73,Joules,power/energy-pkg/,1000715593,100.00,,
    57.055339075,19.18,Joules,power/energy-pkg/,1001081565,100.00,,
    58.055897403,18.22,Joules,power/energy-pkg/,1000562951,100.00,,
    59.057002968,18.21,Joules,power/energy-pkg/,1001070125,100.00,,
    60.058101507,15.97,Joules,power/energy-pkg/,1001086522,100.00,,
    61.058235850,15.49,Joules,power/energy-pkg/,1000128582,100.00,,
    62.059330789,17.04,Joules,power/energy-pkg/,1001094359,100.00,,
    63.060433434,16.13,Joules,power/energy-pkg/,1001110667,100.00,,
    64.061786007,17.02,Joules,power/energy-pkg/,1001316226,100.00,,
    65.062249813,17.78,Joules,power/energy-pkg/,1000468659,100.00,,
    66.063345687,17.96,Joules,power/energy-pkg/,1001087384,100.00,,
    67.064278588,19.84,Joules,power/energy-pkg/,1000940296,100.00,,
    68.065384246,23.81,Joules,power/energy-pkg/,1001063589,100.00,,
    69.066249045,20.58,Joules,power/energy-pkg/,1000871572,100.00,,
    70.067325125,34.02,Joules,power/energy-pkg/,1001051440,100.00,,
    71.068397133,24.82,Joules,power/energy-pkg/,1001062772,100.00,,
    72.069476509,25.02,Joules,power/energy-pkg/,1001085401,100.00,,
    73.070242811,24.34,Joules,power/energy-pkg/,1000745979,100.00,,
    74.071330994,31.67,Joules,power/energy-pkg/,1001076375,100.00,,
    75.072420883,28.16,Joules,power/energy-pkg/,1001087145,100.00,,
    76.073487435,30.16,Joules,power/energy-pkg/,1001050424,100.00,,
    77.074231999,32.32,Joules,power/energy-pkg/,1000735843,100.00,,
    78.075304108,26.97,Joules,power/energy-pkg/,1001063027,100.00,,
    79.076390400,29.05,Joules,power/energy-pkg/,1001090444,100.00,,
    80.076535414,27.99,Joules,power/energy-pkg/,1000143145,100.00,,
    81.077654234,26.88,Joules,power/energy-pkg/,1001090518,100.00,,
    82.078233428,33.60,Joules,power/energy-pkg/,1000569440,100.00,,
    83.079303665,27.60,Joules,power/energy-pkg/,1001069827,100.00,,
    84.080376124,40.29,Joules,power/energy-pkg/,1001083924,100.00,,
    85.081525207,43.61,Joules,power/energy-pkg/,1001139283,100.00,,
    86.082248323,50.57,Joules,power/energy-pkg/,1000697196,100.00,,
    87.083342604,25.77,Joules,power/energy-pkg/,1001087014,100.00,,
    88.084461169,21.92,Joules,power/energy-pkg/,1001107280,100.00,,
    89.085536875,20.30,Joules,power/energy-pkg/,1001056370,100.00,,
    90.086248981,20.06,Joules,power/energy-pkg/,1000714423,100.00,,
    91.087336775,19.12,Joules,power/energy-pkg/,1001067005,100.00,,
    92.088418851,21.64,Joules,power/energy-pkg/,1001084904,100.00,,
    93.089499111,35.73,Joules,power/energy-pkg/,1001081232,100.00,,
    94.090235602,34.81,Joules,power/energy-pkg/,1000724548,100.00,,
    95.091330485,34.29,Joules,power/energy-pkg/,1001068759,100.00,,
    96.092426075,31.49,Joules,power/energy-pkg/,1001116530,100.00,,
    97.093541578,27.06,Joules,power/energy-pkg/,1001088446,100.00,,
    98.094237390,31.87,Joules,power/energy-pkg/,1000673295,100.00,,
    99.095318961,28.35,Joules,power/energy-pkg/,1001086235,100.00,,
   100.096399289,23.32,Joules,power/energy-pkg/,1001056808,100.00,,
   101.097477382,29.52,Joules,power/energy-pkg/,1001069535,100.00,,
   102.098246754,16.83,Joules,power/energy-pkg/,1000773530,100.00,,
   103.099337689,25.88,Joules,power/energy-pkg/,1001067929,100.00,,
   104.100410165,26.50,Joules,power/energy-pkg/,1001064738,100.00,,
   105.101491614,26.67,Joules,power/energy-pkg/,1013818567,100.00,,
   106.115336479,34.31,Joules,power/energy-pkg/,1001122772,100.00,,
   107.116187027,26.52,Joules,power/energy-pkg/,1000839542,100.00,,
   108.117099496,16.53,Joules,power/energy-pkg/,1000901157,100.00,,
   109.118196281,18.10,Joules,power/energy-pkg/,1001059661,100.00,,
   110.118976607,19.92,Joules,power/energy-pkg/,1000824848,100.00,,
   111.120098622,28.34,Joules,power/energy-pkg/,1003191044,100.00,,
   112.123299613,31.80,Joules,power/energy-pkg/,1001058418,100.00,,
   113.124367485,26.72,Joules,power/energy-pkg/,1001071780,100.00,,
   114.125438343,26.50,Joules,power/energy-pkg/,1001057350,100.00,,
   115.126233461,26.33,Joules,power/energy-pkg/,1000786847,100.00,,
   116.127302724,20.99,Joules,power/energy-pkg/,1001051637,100.00,,
   117.128384856,20.01,Joules,power/energy-pkg/,1001086065,100.00,,
   118.129477100,20.59,Joules,power/energy-pkg/,1001081777,100.00,,
   119.130252319,24.41,Joules,power/energy-pkg/,1000760484,100.00,,
   120.131324200,25.08,Joules,power/energy-pkg/,1001074469,100.00,,
   121.132424931,35.34,Joules,power/energy-pkg/,1001097861,100.00,,
   122.133523251,40.74,Joules,power/energy-pkg/,1001066141,100.00,,
   123.134255638,25.01,Joules,power/energy-pkg/,1000730345,100.00,,
   124.135350612,20.44,Joules,power/energy-pkg/,1001091195,100.00,,
   125.136421336,32.71,Joules,power/energy-pkg/,1001049663,100.00,,
   126.137496324,20.31,Joules,power/energy-pkg/,1001066296,100.00,,
   127.138240272,20.60,Joules,power/energy-pkg/,1000738861,100.00,,
   128.139352218,21.80,Joules,power/energy-pkg/,1001112475,100.00,,
   129.140430751,20.85,Joules,power/energy-pkg/,1001060114,100.00,,
   130.141541791,16.18,Joules,power/energy-pkg/,1001109488,100.00,,
   131.142233485,21.74,Joules,power/energy-pkg/,1000670222,100.00,,
   132.143293454,27.73,Joules,power/energy-pkg/,1001053950,100.00,,
   133.144375021,31.18,Joules,power/energy-pkg/,1001084997,100.00,,
   134.145467909,26.89,Joules,power/energy-pkg/,1001084056,100.00,,
   135.146234648,32.07,Joules,power/energy-pkg/,1000758156,100.00,,
   136.147320412,32.60,Joules,power/energy-pkg/,1001081279,100.00,,
   137.148420857,33.69,Joules,power/energy-pkg/,1002885749,100.00,,
   138.151307608,30.11,Joules,power/energy-pkg/,1001064329,100.00,,
   139.152375605,32.64,Joules,power/energy-pkg/,1001061607,100.00,,
   140.153475619,25.52,Joules,power/energy-pkg/,1001090598,100.00,,
   141.154251678,18.90,Joules,power/energy-pkg/,1000773151,100.00,,
   142.155122012,28.50,Joules,power/energy-pkg/,1000867711,100.00,,
   143.156218407,36.04,Joules,power/energy-pkg/,1001074519,100.00,,
   144.157308161,40.10,Joules,power/energy-pkg/,1001093201,100.00,,
   145.158270585,32.12,Joules,power/energy-pkg/,1000941901,100.00,,
   146.159353446,30.73,Joules,power/energy-pkg/,1001081521,100.00,,
   147.160421888,34.34,Joules,power/energy-pkg/,1001048910,100.00,,
   148.161494434,31.54,Joules,power/energy-pkg/,1001080315,100.00,,
   149.162234256,33.63,Joules,power/energy-pkg/,1000715411,100.00,,
   150.163273826,29.29,Joules,power/energy-pkg/,1001065182,100.00,,
   151.164374363,25.43,Joules,power/energy-pkg/,1001055582,100.00,,
   152.165445437,28.37,Joules,power/energy-pkg/,1001095660,100.00,,
   153.166232200,33.36,Joules,power/energy-pkg/,1000745550,100.00,,
   154.167301406,25.44,Joules,power/energy-pkg/,1001060122,100.00,,
   155.168365107,27.17,Joules,power/energy-pkg/,1001056312,100.00,,
   156.169448983,35.55,Joules,power/energy-pkg/,1001864507,100.00,,
   157.171329253,41.60,Joules,power/energy-pkg/,1001083980,100.00,,
   158.172431268,35.75,Joules,power/energy-pkg/,1001092632,100.00,,
   159.173527559,36.07,Joules,power/energy-pkg/,1001110186,100.00,,
   160.174253513,35.13,Joules,power/energy-pkg/,1000704341,100.00,,
   161.175354295,37.69,Joules,power/energy-pkg/,1001093134,100.00,,
   162.176449128,29.41,Joules,power/energy-pkg/,1001084784,100.00,,
   163.177527915,18.37,Joules,power/energy-pkg/,1001056766,100.00,,
   164.178246453,16.82,Joules,power/energy-pkg/,1000722246,100.00,,
   165.179338211,20.08,Joules,power/energy-pkg/,1001082222,100.00,,
   166.180421878,20.98,Joules,power/energy-pkg/,1001076545,100.00,,
   167.181508070,22.14,Joules,power/energy-pkg/,1001076131,100.00,,
   168.182233517,20.02,Joules,power/energy-pkg/,1000706619,100.00,,
   169.183332536,21.08,Joules,power/energy-pkg/,1001103142,100.00,,
   170.184420350,21.03,Joules,power/energy-pkg/,1001063906,100.00,,
   171.185507528,19.91,Joules,power/energy-pkg/,1001090125,100.00,,
   172.186255062,19.27,Joules,power/energy-pkg/,1000725211,100.00,,
   173.187313845,28.74,Joules,power/energy-pkg/,1001050154,100.00,,
   174.188381547,24.98,Joules,power/energy-pkg/,1001061998,100.00,,
   175.189487748,20.01,Joules,power/energy-pkg/,1001123980,100.00,,
   176.190250484,19.76,Joules,power/energy-pkg/,1000737429,100.00,,
   177.191336227,24.20,Joules,power/energy-pkg/,1001065146,100.00,,
   178.192415482,33.52,Joules,power/energy-pkg/,1001076510,100.00,,
   179.193509049,26.70,Joules,power/energy-pkg/,1001090029,100.00,,
   180.194234110,26.68,Joules,power/energy-pkg/,1000703895,100.00,,
   181.195305447,26.93,Joules,power/energy-pkg/,1001061621,100.00,,
   182.196394729,24.18,Joules,power/energy-pkg/,1001097027,100.00,,
   183.197489953,20.34,Joules,power/energy-pkg/,1001081534,100.00,,
   184.198235439,24.64,Joules,power/energy-pkg/,1000725507,100.00,,
   185.199306025,26.64,Joules,power/energy-pkg/,1001070072,100.00,,
   186.200377508,26.64,Joules,power/energy-pkg/,1001053373,100.00,,
   187.201441498,27.23,Joules,power/energy-pkg/,1001054874,100.00,,
   188.202233107,28.86,Joules,power/energy-pkg/,1000781753,100.00,,
   189.203306128,27.54,Joules,power/energy-pkg/,1001077741,100.00,,
   190.204380759,26.60,Joules,power/energy-pkg/,1001053517,100.00,,
   191.205451451,26.27,Joules,power/energy-pkg/,1001074625,100.00,,
   192.206250255,26.22,Joules,power/energy-pkg/,1000784756,100.00,,
   193.207321714,27.24,Joules,power/energy-pkg/,1001066995,100.00,,
   194.208419148,25.74,Joules,power/energy-pkg/,1001090762,100.00,,
   195.209520933,26.75,Joules,power/energy-pkg/,1001091098,100.00,,
   196.210231787,26.85,Joules,power/energy-pkg/,1000688629,100.00,,
   197.210348147,26.33,Joules,power/energy-pkg/,1000116837,100.00,,
   198.211434199,23.35,Joules,power/energy-pkg/,1001079406,100.00,,
   199.212509238,26.72,Joules,power/energy-pkg/,1001055642,100.00,,
   200.213574532,26.37,Joules,power/energy-pkg/,1001055785,100.00,,
   201.214230493,25.66,Joules,power/energy-pkg/,1000647146,100.00,,
   202.215289928,25.55,Joules,power/energy-pkg/,1001051067,100.00,,
   203.216354251,22.56,Joules,power/energy-pkg/,1001055460,100.00,,
   204.217415881,24.77,Joules,power/energy-pkg/,1001051571,100.00,,
   205.218231515,25.52,Joules,power/energy-pkg/,1000808290,100.00,,
   206.219301565,25.95,Joules,power/energy-pkg/,1001060623,100.00,,
   207.220366653,26.89,Joules,power/energy-pkg/,1001055837,100.00,,
   208.221434133,26.93,Joules,power/energy-pkg/,1001058384,100.00,,
   209.222230140,25.96,Joules,power/energy-pkg/,1000789263,100.00,,
   210.223299823,25.42,Joules,power/energy-pkg/,1001062817,100.00,,
   211.224393326,25.79,Joules,power/energy-pkg/,1001080551,100.00,,
   212.225458258,25.25,Joules,power/energy-pkg/,1001056617,100.00,,
   213.226233673,20.64,Joules,power/energy-pkg/,1000769586,100.00,,
   214.227006428,33.99,Joules,power/energy-pkg/,1000791810,100.00,,
   215.228113745,40.28,Joules,power/energy-pkg/,1001071038,100.00,,
   216.229210331,36.88,Joules,power/energy-pkg/,1001084709,100.00,,
   217.230236480,22.02,Joules,power/energy-pkg/,1001028180,100.00,,
   218.231325490,31.87,Joules,power/energy-pkg/,1001081490,100.00,,
   219.232413095,35.21,Joules,power/energy-pkg/,1001075730,100.00,,
   220.233493227,32.43,Joules,power/energy-pkg/,1001064346,100.00,,
   221.234235225,34.10,Joules,power/energy-pkg/,1000734564,100.00,,
   222.235332949,31.71,Joules,power/energy-pkg/,1001098734,100.00,,
   223.236431537,32.26,Joules,power/energy-pkg/,1001089903,100.00,,
   224.237525510,21.33,Joules,power/energy-pkg/,1001079190,100.00,,
   225.238253809,21.19,Joules,power/energy-pkg/,1000717453,100.00,,
   226.239332741,20.38,Joules,power/energy-pkg/,1001063416,100.00,,
   227.240406310,21.13,Joules,power/energy-pkg/,1001076754,100.00,,
   228.241493602,26.44,Joules,power/energy-pkg/,1001078892,100.00,,
   229.242257972,31.89,Joules,power/energy-pkg/,1000748937,100.00,,
   230.243348515,31.69,Joules,power/energy-pkg/,1001096024,100.00,,
   231.244455454,31.05,Joules,power/energy-pkg/,1001120076,100.00,,
   232.245581539,27.09,Joules,power/energy-pkg/,1001089576,100.00,,
   233.246248376,19.75,Joules,power/energy-pkg/,1000662246,100.00,,
   234.247357841,21.39,Joules,power/energy-pkg/,1001099103,100.00,,
   235.248450432,20.75,Joules,power/energy-pkg/,1001083735,100.00,,
   236.249537910,17.73,Joules,power/energy-pkg/,1001063789,100.00,,
   237.250255045,31.12,Joules,power/energy-pkg/,1000735117,100.00,,
   238.251367806,33.05,Joules,power/energy-pkg/,1001117492,100.00,,
   239.252495167,33.92,Joules,power/energy-pkg/,1001076847,100.00,,
   240.253573372,20.55,Joules,power/energy-pkg/,1001071197,100.00,,
   241.254251238,21.59,Joules,power/energy-pkg/,1000676780,100.00,,
   242.255338485,20.30,Joules,power/energy-pkg/,1001069981,100.00,,
   243.256419497,21.34,Joules,power/energy-pkg/,1001071983,100.00,,
   244.257494310,21.63,Joules,power/energy-pkg/,1001080220,100.00,,
   245.258249983,39.81,Joules,power/energy-pkg/,1000761141,100.00,,
   246.259365998,35.00,Joules,power/energy-pkg/,1001091132,100.00,,
   247.260471251,20.48,Joules,power/energy-pkg/,1001090576,100.00,,
   248.261568972,21.10,Joules,power/energy-pkg/,1001082192,100.00,,
   249.262232754,20.51,Joules,power/energy-pkg/,1000653021,100.00,,
   250.263304335,20.64,Joules,power/energy-pkg/,1001090843,100.00,,
   251.264392501,24.80,Joules,power/energy-pkg/,1001052199,100.00,,
   252.265468120,26.84,Joules,power/energy-pkg/,1001078784,100.00,,
   253.266257103,26.50,Joules,power/energy-pkg/,1000774049,100.00,,
   254.267326587,25.76,Joules,power/energy-pkg/,1001054794,100.00,,
   255.268405209,22.57,Joules,power/energy-pkg/,1001069814,100.00,,
   256.269482334,33.97,Joules,power/energy-pkg/,1001080355,100.00,,
   257.270245686,35.03,Joules,power/energy-pkg/,1000749655,100.00,,
   258.271409629,48.08,Joules,power/energy-pkg/,1001176237,100.00,,
   259.272532092,36.01,Joules,power/energy-pkg/,1001125694,100.00,,
   260.273658963,28.17,Joules,power/energy-pkg/,1001079135,100.00,,
   261.274243914,31.69,Joules,power/energy-pkg/,1000579580,100.00,,
   262.275335756,39.60,Joules,power/energy-pkg/,1001081117,100.00,,
   263.276434562,43.32,Joules,power/energy-pkg/,1001112986,100.00,,
   264.277540635,34.63,Joules,power/energy-pkg/,1001083833,100.00,,
   265.278246934,27.67,Joules,power/energy-pkg/,1000685401,100.00,,
   266.278565656,29.26,Joules,power/energy-pkg/,1000322764,100.00,,
   267.279648312,34.90,Joules,power/energy-pkg/,1001062370,100.00,,
   268.280145133,28.32,Joules,power/energy-pkg/,1000517448,100.00,,
   269.281257994,19.97,Joules,power/energy-pkg/,1001073290,100.00,,
   270.282231413,20.72,Joules,power/energy-pkg/,1000964290,100.00,,
   271.283307377,21.15,Joules,power/energy-pkg/,1001096903,100.00,,
   272.284430714,20.54,Joules,power/energy-pkg/,1001091567,100.00,,
   273.285528349,25.72,Joules,power/energy-pkg/,1001094157,100.00,,
   274.286245605,35.68,Joules,power/energy-pkg/,1000707059,100.00,,
   275.287365189,31.94,Joules,power/energy-pkg/,1001113302,100.00,,
   276.288447993,24.80,Joules,power/energy-pkg/,1001062105,100.00,,
   277.289533394,26.62,Joules,power/energy-pkg/,1001091099,100.00,,
   278.290244451,26.44,Joules,power/energy-pkg/,1000701259,100.00,,
   279.291337523,26.72,Joules,power/energy-pkg/,1001070319,100.00,,
   280.292423441,28.83,Joules,power/energy-pkg/,1001115141,100.00,,
   281.293550112,34.35,Joules,power/energy-pkg/,1001103790,100.00,,
   282.294238410,49.95,Joules,power/energy-pkg/,1000656716,100.00,,
   283.294929385,43.45,Joules,power/energy-pkg/,1000699086,100.00,,
   284.296013591,29.01,Joules,power/energy-pkg/,1001056503,100.00,,
   285.297084540,26.52,Joules,power/energy-pkg/,1001062767,100.00,,
   286.298161785,23.47,Joules,power/energy-pkg/,1001081277,100.00,,
   287.299250727,30.15,Joules,power/energy-pkg/,1001067781,100.00,,
   288.300334103,25.97,Joules,power/energy-pkg/,1001086878,100.00,,
   289.301417828,19.60,Joules,power/energy-pkg/,1001075791,100.00,,
   290.302252996,26.15,Joules,power/energy-pkg/,1000820900,100.00,,
   291.303353808,24.31,Joules,power/energy-pkg/,1001092512,100.00,,
   292.304444578,24.55,Joules,power/energy-pkg/,1001072867,100.00,,
   293.305525654,25.62,Joules,power/energy-pkg/,1001084635,100.00,,
   294.306244251,25.99,Joules,power/energy-pkg/,1000719526,100.00,,
   295.307326655,26.54,Joules,power/energy-pkg/,1001052654,100.00,,
   296.308396495,26.60,Joules,power/energy-pkg/,1001059857,100.00,,
   297.309458990,26.11,Joules,power/energy-pkg/,1001053459,100.00,,
   298.310234176,26.41,Joules,power/energy-pkg/,1000768228,100.00,,
   299.311303403,25.45,Joules,power/energy-pkg/,1001060490,100.00,,
   300.312397976,29.46,Joules,power/energy-pkg/,1001102897,100.00,,
   301.313518691,16.93,Joules,power/energy-pkg/,1001096644,100.00,,
   302.314247799,20.54,Joules,power/energy-pkg/,1000730808,100.00,,
   303.315357310,15.80,Joules,power/energy-pkg/,1001087210,100.00,,
   304.316032672,21.11,Joules,power/energy-pkg/,1000699449,100.00,,
   305.317152728,33.01,Joules,power/energy-pkg/,1001079947,100.00,,
   306.318233781,30.65,Joules,power/energy-pkg/,1001070137,100.00,,
   307.319299753,19.02,Joules,power/energy-pkg/,1001091956,100.00,,
   308.320400543,21.26,Joules,power/energy-pkg/,1001069902,100.00,,
   309.321472834,19.04,Joules,power/energy-pkg/,1001050729,100.00,,
   310.322236257,20.45,Joules,power/energy-pkg/,1000754653,100.00,,
   311.323306119,31.56,Joules,power/energy-pkg/,1001077595,100.00,,
   312.324398750,21.40,Joules,power/energy-pkg/,1001079696,100.00,,
   313.325476326,19.84,Joules,power/energy-pkg/,1001070309,100.00,,
   314.326236239,18.25,Joules,power/energy-pkg/,1000739638,100.00,,
   315.327328092,20.09,Joules,power/energy-pkg/,1001091633,100.00,,
   316.328414514,21.49,Joules,power/energy-pkg/,1001082961,100.00,,
   317.329498256,21.45,Joules,power/energy-pkg/,1001059806,100.00,,
   318.330241572,31.19,Joules,power/energy-pkg/,1000737993,100.00,,
   319.331333340,32.05,Joules,power/energy-pkg/,1001082369,100.00,,
   320.332436234,23.05,Joules,power/energy-pkg/,1001104718,100.00,,
   321.333569070,21.14,Joules,power/energy-pkg/,1001112056,100.00,,
   322.334246162,21.78,Joules,power/energy-pkg/,1000681832,100.00,,
   323.335342017,21.35,Joules,power/energy-pkg/,1001082336,100.00,,
   324.336416979,31.84,Joules,power/energy-pkg/,1001056001,100.00,,
   325.337479927,25.77,Joules,power/energy-pkg/,1001055093,100.00,,
   326.338247912,26.20,Joules,power/energy-pkg/,1000772847,100.00,,
   327.339327057,25.70,Joules,power/energy-pkg/,1001056366,100.00,,
   328.340403168,36.14,Joules,power/energy-pkg/,1001076668,100.00,,
   329.341474331,41.82,Joules,power/energy-pkg/,1001053368,100.00,,
   330.342232913,35.74,Joules,power/energy-pkg/,1000748512,100.00,,
   331.343307465,26.39,Joules,power/energy-pkg/,1001079184,100.00,,
   332.344382402,26.59,Joules,power/energy-pkg/,1001053455,100.00,,
   333.345458616,26.00,Joules,power/energy-pkg/,1001081811,100.00,,
   334.346237406,19.40,Joules,power/energy-pkg/,1000769655,100.00,,
   335.346582011,21.23,Joules,power/energy-pkg/,1000337584,100.00,,
   336.347659993,22.89,Joules,power/energy-pkg/,1001053997,100.00,,
   337.348727015,20.82,Joules,power/energy-pkg/,1001058075,100.00,,
   338.349584030,23.14,Joules,power/energy-pkg/,1000869333,100.00,,
   339.350232462,31.12,Joules,power/energy-pkg/,1000620289,100.00,,
   340.351320978,32.01,Joules,power/energy-pkg/,1001087885,100.00,,
   341.352409103,32.07,Joules,power/energy-pkg/,1001080156,100.00,,
   342.353480586,23.09,Joules,power/energy-pkg/,1001052151,100.00,,
   343.354258811,31.91,Joules,power/energy-pkg/,1000791668,100.00,,
   344.355352489,20.46,Joules,power/energy-pkg/,1001066132,100.00,,
   345.356437212,19.77,Joules,power/energy-pkg/,1001085899,100.00,,
   346.357530189,24.12,Joules,power/energy-pkg/,1001072925,100.00,,
   347.358247829,40.88,Joules,power/energy-pkg/,1000720308,100.00,,
   348.359333548,31.12,Joules,power/energy-pkg/,1001064094,100.00,,
   349.360404791,19.90,Joules,power/energy-pkg/,1001062075,100.00,,
   350.361476062,27.85,Joules,power/energy-pkg/,1001820675,100.00,,
   351.363303463,38.68,Joules,power/energy-pkg/,1001062734,100.00,,
   352.364396549,34.57,Joules,power/energy-pkg/,1001095437,100.00,,
   353.365482515,26.33,Joules,power/energy-pkg/,1001078410,100.00,,
   354.366243725,25.65,Joules,power/energy-pkg/,1000745294,100.00,,
   355.367329003,31.49,Joules,power/energy-pkg/,1001072962,100.00,,
   356.368425969,31.44,Joules,power/energy-pkg/,1001103613,100.00,,
   357.369255521,26.40,Joules,power/energy-pkg/,1000832951,100.00,,
   358.370235156,23.94,Joules,power/energy-pkg/,1000941453,100.00,,
   359.371313349,22.59,Joules,power/energy-pkg/,1001071712,100.00,,
   360.372402321,20.92,Joules,power/energy-pkg/,1001077779,100.00,,
   361.373482878,21.23,Joules,power/energy-pkg/,1001089152,100.00,,
   362.374260438,22.45,Joules,power/energy-pkg/,1000766959,100.00,,
   363.375373663,22.57,Joules,power/energy-pkg/,1001089139,100.00,,
   364.376453219,25.63,Joules,power/energy-pkg/,1001082789,100.00,,
   365.377530447,25.67,Joules,power/energy-pkg/,1001056129,100.00,,
   366.378231819,25.22,Joules,power/energy-pkg/,1000692589,100.00,,
   367.379299631,30.08,Joules,power/energy-pkg/,1001076473,100.00,,
   368.380408234,32.70,Joules,power/energy-pkg/,1001117078,100.00,,
   369.381515898,27.07,Joules,power/energy-pkg/,1001064861,100.00,,
   370.382248598,25.02,Joules,power/energy-pkg/,1000736248,100.00,,
   371.383339341,29.77,Joules,power/energy-pkg/,1001081533,100.00,,
   372.384441119,22.14,Joules,power/energy-pkg/,1001089311,100.00,,
   373.385516256,33.81,Joules,power/energy-pkg/,1001058967,100.00,,
   374.386250326,26.61,Joules,power/energy-pkg/,1000737673,100.00,,
   375.387337169,17.67,Joules,power/energy-pkg/,1001064827,100.00,,
   376.388416635,18.39,Joules,power/energy-pkg/,1001084206,100.00,,
   377.389503642,31.61,Joules,power/energy-pkg/,1001066803,100.00,,
   378.390355730,34.69,Joules,power/energy-pkg/,1000873913,100.00,,
   379.391530388,33.86,Joules,power/energy-pkg/,1001135115,100.00,,
   380.392616834,29.30,Joules,power/energy-pkg/,1001089324,100.00,,
   381.393703949,19.15,Joules,power/energy-pkg/,1001076043,100.00,,
   382.394235144,16.72,Joules,power/energy-pkg/,1000512411,100.00,,
   383.395308063,20.51,Joules,power/energy-pkg/,1001082000,100.00,,
   384.396407787,33.35,Joules,power/energy-pkg/,1001113755,100.00,,
   385.397530709,31.02,Joules,power/energy-pkg/,1001074576,100.00,,
   386.398234477,19.85,Joules,power/energy-pkg/,1000695643,100.00,,
   387.399315677,31.55,Joules,power/energy-pkg/,1001070672,100.00,,
   388.400388563,30.78,Joules,power/energy-pkg/,1001079772,100.00,,
   389.401478416,19.29,Joules,power/energy-pkg/,1001066595,100.00,,
   390.402236508,17.13,Joules,power/energy-pkg/,1000746988,100.00,,
   391.403294713,23.44,Joules,power/energy-pkg/,1001051464,100.00,,
   392.404374765,19.67,Joules,power/energy-pkg/,1001080964,100.00,,
   393.405468169,26.17,Joules,power/energy-pkg/,1001075696,100.00,,
   394.406233644,32.50,Joules,power/energy-pkg/,1000757207,100.00,,
   395.407318968,28.75,Joules,power/energy-pkg/,1001088623,100.00,,
   396.408413112,31.64,Joules,power/energy-pkg/,1001089655,100.00,,
   397.409553143,20.76,Joules,power/energy-pkg/,1001131520,100.00,,
   398.410428144,20.55,Joules,power/energy-pkg/,1000855565,100.00,,
   399.411514647,22.11,Joules,power/energy-pkg/,1001083927,100.00,,
   400.412593882,28.71,Joules,power/energy-pkg/,1001058869,100.00,,
   401.413677387,25.77,Joules,power/energy-pkg/,1001073301,100.00,,
   402.414246532,18.04,Joules,power/energy-pkg/,1000571681,100.00,,
   403.415338020,19.09,Joules,power/energy-pkg/,1001073035,100.00,,
   404.416431165,17.92,Joules,power/energy-pkg/,1001097122,100.00,,
   405.417056241,18.76,Joules,power/energy-pkg/,1000633322,100.00,,
   406.418181879,15.81,Joules,power/energy-pkg/,1001090610,100.00,,
   407.419263702,14.57,Joules,power/energy-pkg/,1001070222,100.00,,
   408.420353288,19.59,Joules,power/energy-pkg/,1001093517,100.00,,
   409.421450253,19.33,Joules,power/energy-pkg/,1001087888,100.00,,
   410.422231967,19.17,Joules,power/energy-pkg/,1000758476,100.00,,
   411.423297454,25.31,Joules,power/energy-pkg/,1001057605,100.00,,
   412.423907805,26.24,Joules,power/energy-pkg/,1001573677,100.00,,
   413.426062495,26.47,Joules,power/energy-pkg/,1001187619,100.00,,
   414.426232463,26.94,Joules,power/energy-pkg/,1000155534,100.00,,
   415.427307701,27.75,Joules,power/energy-pkg/,1001059102,100.00,,
   416.428378001,35.09,Joules,power/energy-pkg/,1001060006,100.00,,
   417.429442970,26.68,Joules,power/energy-pkg/,1001070551,100.00,,
   418.430247818,26.40,Joules,power/energy-pkg/,1000796037,100.00,,
   419.431335060,25.65,Joules,power/energy-pkg/,1001077789,100.00,,
   420.432423295,22.23,Joules,power/energy-pkg/,1001079610,100.00,,
   421.433160122,25.49,Joules,power/energy-pkg/,1000743313,100.00,,
   422.434236809,28.56,Joules,power/energy-pkg/,1001042681,100.00,,
   423.435337277,46.52,Joules,power/energy-pkg/,1001091078,100.00,,
   424.436426794,33.86,Joules,power/energy-pkg/,1001096068,100.00,,
   425.437536399,28.88,Joules,power/energy-pkg/,1001093438,100.00,,
   426.438355677,26.50,Joules,power/energy-pkg/,1000810087,100.00,,
   427.439343707,26.41,Joules,power/energy-pkg/,1000992874,100.00,,
   428.440429040,26.47,Joules,power/energy-pkg/,1001053783,100.00,,
   429.441505035,24.51,Joules,power/energy-pkg/,1001093765,100.00,,
   430.442252299,20.12,Joules,power/energy-pkg/,1000732015,100.00,,
   431.443364061,21.63,Joules,power/energy-pkg/,1001096607,100.00,,
   432.444449362,20.29,Joules,power/energy-pkg/,1001076665,100.00,,
   433.445540910,22.31,Joules,power/energy-pkg/,1001083652,100.00,,
   434.446251074,19.30,Joules,power/energy-pkg/,1000699628,100.00,,
   435.475606784,27.23,Joules,power/energy-pkg/,1029335928,100.00,,
   436.476678355,32.10,Joules,power/energy-pkg/,1001065050,100.00,,
   437.477769474,25.95,Joules,power/energy-pkg/,1001092541,100.00,,
   438.478232104,21.99,Joules,power/energy-pkg/,1000440867,100.00,,
   439.479293758,21.68,Joules,power/energy-pkg/,1001052929,100.00,,
   440.479959984,21.62,Joules,power/energy-pkg/,1000688109,100.00,,
   441.481066526,21.93,Joules,power/energy-pkg/,1001080034,100.00,,
   442.482142063,22.13,Joules,power/energy-pkg/,1001053012,100.00,,
   443.482231957,24.80,Joules,power/energy-pkg/,1000082462,100.00,,
   444.482716572,21.51,Joules,power/energy-pkg/,1000497149,100.00,,
   445.483830515,24.18,Joules,power/energy-pkg/,1001084436,100.00,,
   446.484079482,21.70,Joules,power/energy-pkg/,1000265137,100.00,,
   447.485180142,23.13,Joules,power/energy-pkg/,1001080490,100.00,,
   448.486242913,18.91,Joules,power/energy-pkg/,1001054069,100.00,,
   449.487328713,20.16,Joules,power/energy-pkg/,1001079542,100.00,,
   450.488441435,18.20,Joules,power/energy-pkg/,1001093681,100.00,,
   451.489555420,17.20,Joules,power/energy-pkg/,1001113421,100.00,,
   452.490245053,20.98,Joules,power/energy-pkg/,1000679334,100.00,,
   453.491354547,19.54,Joules,power/energy-pkg/,1001107429,100.00,,
   454.492452807,17.95,Joules,power/energy-pkg/,1001072464,100.00,,
   455.493536589,18.19,Joules,power/energy-pkg/,1001086603,100.00,,
   456.494236955,17.40,Joules,power/energy-pkg/,1000681720,100.00,,
   457.495333437,18.63,Joules,power/energy-pkg/,1001099200,100.00,,
   458.496430839,19.57,Joules,power/energy-pkg/,1001091396,100.00,,
   459.496681492,19.72,Joules,power/energy-pkg/,1000234355,100.00,,
   460.497760155,22.43,Joules,power/energy-pkg/,1001073741,100.00,,
   461.498235349,24.44,Joules,power/energy-pkg/,1000470048,100.00,,
   462.498502388,25.66,Joules,power/energy-pkg/,1000256404,100.00,,
   463.499588079,24.71,Joules,power/energy-pkg/,1001063513,100.00,,
   464.500653629,25.69,Joules,power/energy-pkg/,1001055862,100.00,,
   465.501718865,23.03,Joules,power/energy-pkg/,1001056518,100.00,,
   466.502233015,25.79,Joules,power/energy-pkg/,1000514035,100.00,,
   467.503308556,26.54,Joules,power/energy-pkg/,1001059051,100.00,,
   468.504377172,25.76,Joules,power/energy-pkg/,1001061048,100.00,,
   469.505453775,21.40,Joules,power/energy-pkg/,1001068042,100.00,,
   470.506235735,22.58,Joules,power/energy-pkg/,1000774271,100.00,,
   471.507331831,34.51,Joules,power/energy-pkg/,1001097725,100.00,,
   472.508410419,32.50,Joules,power/energy-pkg/,1001059203,100.00,,
   473.509484611,25.07,Joules,power/energy-pkg/,1001076744,100.00,,
   474.510231074,30.43,Joules,power/energy-pkg/,1000724925,100.00,,
   475.511811296,27.37,Joules,power/energy-pkg/,1001585642,100.00,,
   476.512880407,17.62,Joules,power/energy-pkg/,1001054726,100.00,,
   477.513955464,19.02,Joules,power/energy-pkg/,1001058193,100.00,,
   478.514240922,18.80,Joules,power/energy-pkg/,1000282054,100.00,,
   479.515361431,18.96,Joules,power/energy-pkg/,1001119289,100.00,,
   480.516444721,28.39,Joules,power/energy-pkg/,1001080926,100.00,,
   481.517553758,21.81,Joules,power/energy-pkg/,1001086146,100.00,,
   482.518231761,21.06,Joules,power/energy-pkg/,1000665785,100.00,,
   483.519306868,26.52,Joules,power/energy-pkg/,1001066314,100.00,,
   484.520384595,26.47,Joules,power/energy-pkg/,1001069212,100.00,,
   485.521455360,27.02,Joules,power/energy-pkg/,1001061745,100.00,,
   486.522232740,25.84,Joules,power/energy-pkg/,1000768812,100.00,,
   487.523303319,25.67,Joules,power/energy-pkg/,1001060957,100.00,,
   488.524373987,22.54,Joules,power/energy-pkg/,1001077133,100.00,,
   489.524626389,22.43,Joules,power/energy-pkg/,1000254470,100.00,,
   490.525715919,26.71,Joules,power/energy-pkg/,1001056442,100.00,,
   491.526236496,23.55,Joules,power/energy-pkg/,1000513556,100.00,,
   492.527333417,16.92,Joules,power/energy-pkg/,1001093462,100.00,,
   493.528418850,18.94,Joules,power/energy-pkg/,1001083527,100.00,,
   494.529516590,17.46,Joules,power/energy-pkg/,1001075890,100.00,,
   495.530233324,18.02,Joules,power/energy-pkg/,1000708078,100.00,,
   496.531313654,17.29,Joules,power/energy-pkg/,1001072806,100.00,,
   497.532404770,16.50,Joules,power/energy-pkg/,1001098115,100.00,,
   498.533531273,18.34,Joules,power/energy-pkg/,1001099636,100.00,,
   499.534252090,20.77,Joules,power/energy-pkg/,1000731118,100.00,,
   500.535340637,18.91,Joules,power/energy-pkg/,1001076226,100.00,,
   501.536159877,14.83,Joules,power/energy-pkg/,1000825340,100.00,,
   502.537267719,18.23,Joules,power/energy-pkg/,1001083488,100.00,,
   503.538251272,17.15,Joules,power/energy-pkg/,1000972484,100.00,,
   504.538871531,17.24,Joules,power/energy-pkg/,1000658999,100.00,,
   505.540152680,16.46,Joules,power/energy-pkg/,1001226456,100.00,,
   506.541240944,15.57,Joules,power/energy-pkg/,1001069979,100.00,,
   507.542233030,16.43,Joules,power/energy-pkg/,1000983455,100.00,,
   508.543324008,18.79,Joules,power/energy-pkg/,1001092895,100.00,,
   509.544413306,22.02,Joules,power/energy-pkg/,1001081085,100.00,,
   510.545499483,19.21,Joules,power/energy-pkg/,1001067380,100.00,,
   511.546244774,19.27,Joules,power/energy-pkg/,1000747343,100.00,,
   512.547323873,19.20,Joules,power/energy-pkg/,1001057255,100.00,,
   513.548169423,15.54,Joules,power/energy-pkg/,1000910539,100.00,,
   514.549317149,19.46,Joules,power/energy-pkg/,1001082732,100.00,,
   515.550246876,19.45,Joules,power/energy-pkg/,1000912941,100.00,,
   516.551331574,17.97,Joules,power/energy-pkg/,1001080729,100.00,,
   517.552428739,19.61,Joules,power/energy-pkg/,1001081496,100.00,,
   518.553510536,20.97,Joules,power/energy-pkg/,1001081187,100.00,,
   519.554254034,20.74,Joules,power/energy-pkg/,1000729438,100.00,,
   520.555368450,20.38,Joules,power/energy-pkg/,1001121865,100.00,,
