# started on Tue Sep  5 18:40:19 2023

     1.001079989,4.75,Joules,power/energy-pkg/,1001089816,100.00,,
     2.001658053,11.30,Joules,power/energy-pkg/,1000564028,100.00,,
     3.002948285,4.84,Joules,power/energy-pkg/,1001269661,100.00,,
     4.004220051,4.42,Joules,power/energy-pkg/,1001248910,100.00,,
     5.005402652,7.48,Joules,power/energy-pkg/,1001159765,100.00,,
     6.006607081,5.57,Joules,power/energy-pkg/,1001189160,100.00,,
     7.007875796,4.46,Joules,power/energy-pkg/,1001249425,100.00,,
     8.009096026,3.95,Joules,power/energy-pkg/,1001198749,100.00,,
     9.009626273,4.36,Joules,power/energy-pkg/,1000511666,100.00,,
    10.010842565,4.21,Joules,power/energy-pkg/,1001191298,100.00,,
    11.012011570,3.83,Joules,power/energy-pkg/,1001156623,100.00,,
    12.013259573,3.98,Joules,power/energy-pkg/,1001224534,100.00,,
    13.013639185,4.01,Joules,power/energy-pkg/,1000363809,100.00,,
    14.014991398,4.11,Joules,power/energy-pkg/,1001332767,100.00,,
    15.016299243,4.24,Joules,power/energy-pkg/,1001288790,100.00,,
    16.017526859,4.04,Joules,power/energy-pkg/,1001204244,100.00,,
    17.018819212,3.90,Joules,power/energy-pkg/,1001275187,100.00,,
    18.020162714,4.12,Joules,power/energy-pkg/,1001324577,100.00,,
    19.021485499,4.09,Joules,power/energy-pkg/,1001330624,100.00,,
    20.022884755,4.23,Joules,power/energy-pkg/,1001351973,100.00,,
    21.024183119,4.04,Joules,power/energy-pkg/,1001278991,100.00,,
    22.025526795,4.10,Joules,power/energy-pkg/,1001324764,100.00,,
    23.026873347,3.89,Joules,power/energy-pkg/,1001326689,100.00,,
    24.028226513,4.71,Joules,power/energy-pkg/,1001333667,100.00,,
    25.029557635,4.32,Joules,power/energy-pkg/,1001311450,100.00,,
    26.030925539,3.92,Joules,power/energy-pkg/,1001354273,100.00,,
    27.032295253,4.13,Joules,power/energy-pkg/,1001344880,100.00,,
    28.033628449,4.10,Joules,power/energy-pkg/,1001313689,100.00,,
    29.034942470,4.03,Joules,power/energy-pkg/,1001294848,100.00,,
    30.036275470,4.23,Joules,power/energy-pkg/,1001312921,100.00,,
    31.037604626,4.21,Joules,power/energy-pkg/,1001312004,100.00,,
    32.038963524,3.71,Joules,power/energy-pkg/,1001337577,100.00,,
    33.040281918,3.94,Joules,power/energy-pkg/,1001300364,100.00,,
    34.041630944,4.25,Joules,power/energy-pkg/,1001333329,100.00,,
    35.042976949,3.68,Joules,power/energy-pkg/,1001322132,100.00,,
    36.044328171,3.94,Joules,power/energy-pkg/,1001333343,100.00,,
    37.045647647,3.90,Joules,power/energy-pkg/,1001297358,100.00,,
    38.046971278,3.56,Joules,power/energy-pkg/,1001310146,100.00,,
    39.048345493,5.77,Joules,power/energy-pkg/,1001352441,100.00,,
    40.049765439,4.30,Joules,power/energy-pkg/,1001409804,100.00,,
    41.050849101,3.90,Joules,power/energy-pkg/,1001103449,100.00,,
    42.052259339,3.95,Joules,power/energy-pkg/,1001341947,100.00,,
    43.053649896,5.14,Joules,power/energy-pkg/,1001371632,100.00,,
    44.055210245,4.00,Joules,power/energy-pkg/,1001545587,100.00,,
    45.056551248,4.17,Joules,power/energy-pkg/,1001316179,100.00,,
    46.057614189,4.16,Joules,power/energy-pkg/,1001044965,100.00,,
    47.058976269,3.88,Joules,power/energy-pkg/,1001343897,100.00,,
    48.060323869,4.08,Joules,power/energy-pkg/,1001329150,100.00,,
    49.061824742,4.13,Joules,power/energy-pkg/,1001585210,100.00,,
    50.063283169,4.52,Joules,power/energy-pkg/,1001335918,100.00,,
    51.064726021,4.44,Joules,power/energy-pkg/,1001426570,100.00,,
    52.066095214,4.31,Joules,power/energy-pkg/,1001349704,100.00,,
    53.067447946,4.07,Joules,power/energy-pkg/,1001327429,100.00,,
    54.068836962,4.18,Joules,power/energy-pkg/,1001376800,100.00,,
    55.069608961,4.14,Joules,power/energy-pkg/,1000740109,100.00,,
    56.070851170,3.85,Joules,power/energy-pkg/,1001231838,100.00,,
    57.072337819,4.00,Joules,power/energy-pkg/,1001470793,100.00,,
    58.073670062,3.83,Joules,power/energy-pkg/,1001308968,100.00,,
    59.075022950,5.58,Joules,power/energy-pkg/,1001337546,100.00,,
    60.076396552,6.59,Joules,power/energy-pkg/,1001356371,100.00,,
    61.077761292,6.19,Joules,power/energy-pkg/,1001345142,100.00,,
    62.079162175,6.61,Joules,power/energy-pkg/,1001382520,100.00,,
    63.080518983,6.00,Joules,power/energy-pkg/,1001331069,100.00,,
    64.081620352,4.15,Joules,power/energy-pkg/,1001082736,100.00,,
    65.082951882,5.05,Joules,power/energy-pkg/,1001316403,100.00,,
    66.084443232,4.12,Joules,power/energy-pkg/,1001473699,100.00,,
    67.085886928,4.13,Joules,power/energy-pkg/,1001420967,100.00,,
    68.087145277,8.92,Joules,power/energy-pkg/,1001233568,100.00,,
    69.088407222,25.18,Joules,power/energy-pkg/,1001230876,100.00,,
    70.089503843,54.66,Joules,power/energy-pkg/,1001077815,100.00,,
    71.089645542,44.13,Joules,power/energy-pkg/,1000140777,100.00,,
    72.090972968,25.94,Joules,power/energy-pkg/,1001292269,100.00,,
    73.092148305,47.63,Joules,power/energy-pkg/,1001184485,100.00,,
    74.093313679,50.95,Joules,power/energy-pkg/,1001131595,100.00,,
    75.093618800,48.18,Joules,power/energy-pkg/,1000279691,100.00,,
    76.094887121,38.04,Joules,power/energy-pkg/,1001237551,100.00,,
    77.096028454,33.42,Joules,power/energy-pkg/,1001148875,100.00,,
    78.097212339,34.69,Joules,power/energy-pkg/,1001162453,100.00,,
    79.097592178,21.12,Joules,power/energy-pkg/,1000354159,100.00,,
    80.098752237,52.13,Joules,power/energy-pkg/,1001140712,100.00,,
    81.099840104,56.30,Joules,power/energy-pkg/,1001074341,100.00,,
    82.101038557,55.74,Joules,power/energy-pkg/,1001178717,100.00,,
    83.101550774,47.79,Joules,power/energy-pkg/,1000493879,100.00,,
    84.102855136,21.33,Joules,power/energy-pkg/,1001270748,100.00,,
    85.104010771,31.16,Joules,power/energy-pkg/,1001162750,100.00,,
    86.105145498,33.71,Joules,power/energy-pkg/,1001083936,100.00,,
    87.105605425,51.48,Joules,power/energy-pkg/,1000444745,100.00,,
    88.106764048,36.71,Joules,power/energy-pkg/,1001142950,100.00,,
    89.107913425,60.07,Joules,power/energy-pkg/,1001127536,100.00,,
    90.109065000,45.34,Joules,power/energy-pkg/,1001135599,100.00,,
    91.109601428,37.31,Joules,power/energy-pkg/,1000510067,100.00,,
    92.110711061,36.11,Joules,power/energy-pkg/,1001106160,100.00,,
    93.111872862,42.13,Joules,power/energy-pkg/,1001132318,100.00,,
    94.113017940,35.33,Joules,power/energy-pkg/,1001127471,100.00,,
    95.113515708,36.34,Joules,power/energy-pkg/,1000476211,100.00,,
    96.114695987,43.25,Joules,power/energy-pkg/,1001182054,100.00,,
    97.115881301,36.82,Joules,power/energy-pkg/,1001146760,100.00,,
    98.117055235,15.56,Joules,power/energy-pkg/,1001176873,100.00,,
    99.118384002,4.23,Joules,power/energy-pkg/,1001309077,100.00,,
   100.119697074,46.47,Joules,power/energy-pkg/,1001279525,100.00,,
   101.120775049,55.24,Joules,power/energy-pkg/,1001053208,100.00,,
   102.121614226,36.98,Joules,power/energy-pkg/,1000843281,100.00,,
   103.122791044,41.92,Joules,power/energy-pkg/,1001158668,100.00,,
   104.123956185,64.64,Joules,power/energy-pkg/,1001155910,100.00,,
   105.125167436,55.32,Joules,power/energy-pkg/,1001189629,100.00,,
   106.125514435,51.13,Joules,power/energy-pkg/,1000299417,100.00,,
   107.126619278,38.90,Joules,power/energy-pkg/,1001086334,100.00,,
   108.127782410,41.07,Joules,power/energy-pkg/,1001190649,100.00,,
   109.129009753,56.04,Joules,power/energy-pkg/,1001183419,100.00,,
   110.129525855,50.39,Joules,power/energy-pkg/,1000500288,100.00,,
   111.130777555,43.83,Joules,power/energy-pkg/,1001212686,100.00,,
   112.131965685,22.81,Joules,power/energy-pkg/,1001187907,100.00,,
   113.133092109,32.07,Joules,power/energy-pkg/,1001090481,100.00,,
   114.133524719,52.70,Joules,power/energy-pkg/,1000421948,100.00,,
   115.134655496,57.92,Joules,power/energy-pkg/,1001109227,100.00,,
   116.135859482,50.67,Joules,power/energy-pkg/,1001183750,100.00,,
   117.137022633,30.49,Joules,power/energy-pkg/,1001142108,100.00,,
   118.137592517,53.64,Joules,power/energy-pkg/,1000547756,100.00,,
   119.138740608,44.08,Joules,power/energy-pkg/,1001134236,100.00,,
   120.140003709,13.40,Joules,power/energy-pkg/,1001269012,100.00,,
   121.141329758,19.56,Joules,power/energy-pkg/,1001305797,100.00,,
   122.141608799,46.33,Joules,power/energy-pkg/,1000267051,100.00,,
   123.142746429,32.75,Joules,power/energy-pkg/,1001103746,100.00,,
   124.143933494,33.63,Joules,power/energy-pkg/,1001151834,100.00,,
   125.145093842,16.85,Joules,power/energy-pkg/,1001170044,100.00,,
   126.145599644,28.19,Joules,power/energy-pkg/,1000481032,100.00,,
   127.146711376,44.87,Joules,power/energy-pkg/,1001074001,100.00,,
   128.147806636,63.17,Joules,power/energy-pkg/,1001089941,100.00,,
   129.148599414,54.39,Joules,power/energy-pkg/,1000775289,100.00,,
   130.149600269,51.61,Joules,power/energy-pkg/,1000989957,100.00,,
   131.150707516,65.79,Joules,power/energy-pkg/,1001117231,100.00,,
   132.151916544,70.79,Joules,power/energy-pkg/,1001161797,100.00,,
   133.153266836,63.35,Joules,power/energy-pkg/,1001319662,100.00,,
   134.153607102,33.48,Joules,power/energy-pkg/,1000320510,100.00,,
   135.154693923,43.62,Joules,power/energy-pkg/,1001066983,100.00,,
   136.155890395,39.59,Joules,power/energy-pkg/,1001176488,100.00,,
   137.157057135,26.44,Joules,power/energy-pkg/,1001148196,100.00,,
   138.158241508,12.75,Joules,power/energy-pkg/,1001191389,100.00,,
   139.159571494,17.43,Joules,power/energy-pkg/,1001308696,100.00,,
   140.160687161,37.57,Joules,power/energy-pkg/,1001078756,100.00,,
   141.161613483,44.10,Joules,power/energy-pkg/,1000930090,100.00,,
   142.162824092,36.80,Joules,power/energy-pkg/,1001167062,100.00,,
   143.163897708,18.73,Joules,power/energy-pkg/,1001055718,100.00,,
   144.165083339,46.66,Joules,power/energy-pkg/,1001171273,100.00,,
   145.165515028,40.67,Joules,power/energy-pkg/,1000408970,100.00,,
   146.166693205,42.29,Joules,power/energy-pkg/,1003981786,100.00,,
   147.170635547,57.72,Joules,power/energy-pkg/,1001107429,100.00,,
   148.171840122,51.00,Joules,power/energy-pkg/,1001186931,100.00,,
   149.172992268,36.68,Joules,power/energy-pkg/,1001150637,100.00,,
   150.173568492,26.68,Joules,power/energy-pkg/,1000536301,100.00,,
   151.174658513,54.67,Joules,power/energy-pkg/,1001104734,100.00,,
   152.176043744,35.42,Joules,power/energy-pkg/,1001363984,100.00,,
   153.177191204,41.33,Joules,power/energy-pkg/,1001112614,100.00,,
   154.177516075,46.00,Joules,power/energy-pkg/,1000295198,100.00,,
   155.178678196,40.70,Joules,power/energy-pkg/,1001161797,100.00,,
   156.179840747,64.23,Joules,power/energy-pkg/,1001130784,100.00,,
   157.180996253,49.46,Joules,power/energy-pkg/,1001142920,100.00,,
   158.181604870,40.13,Joules,power/energy-pkg/,1000580747,100.00,,
   159.182693930,41.62,Joules,power/energy-pkg/,1001075956,100.00,,
   160.183824628,40.26,Joules,power/energy-pkg/,1001107022,100.00,,
   161.184976522,26.83,Joules,power/energy-pkg/,1001140535,100.00,,
   162.185608464,18.47,Joules,power/energy-pkg/,1000639355,100.00,,
   163.186859386,24.62,Joules,power/energy-pkg/,1001223755,100.00,,
   164.188164052,30.46,Joules,power/energy-pkg/,1001267536,100.00,,
   165.189318915,41.10,Joules,power/energy-pkg/,1001139935,100.00,,
   166.189607527,48.54,Joules,power/energy-pkg/,1000268240,100.00,,
   167.190788240,51.82,Joules,power/energy-pkg/,1001163529,100.00,,
   168.191953667,32.45,Joules,power/energy-pkg/,1001167101,100.00,,
   169.193285260,4.92,Joules,power/energy-pkg/,1001312725,100.00,,
   170.193652143,31.39,Joules,power/energy-pkg/,1000341349,100.00,,
   171.194945939,14.69,Joules,power/energy-pkg/,1001289285,100.00,,
   172.196287886,42.11,Joules,power/energy-pkg/,1001305613,100.00,,
   173.197410305,65.05,Joules,power/energy-pkg/,1001103225,100.00,,
   174.198542849,57.11,Joules,power/energy-pkg/,1001124990,100.00,,
   175.199732609,40.86,Joules,power/energy-pkg/,1001175001,100.00,,
   176.200828486,10.87,Joules,power/energy-pkg/,1001058365,100.00,,
   177.201609518,58.91,Joules,power/energy-pkg/,1000792487,100.00,,
   178.202847377,62.95,Joules,power/energy-pkg/,1001214679,100.00,,
   179.203961530,50.89,Joules,power/energy-pkg/,1001073861,100.00,,
   180.205132361,47.20,Joules,power/energy-pkg/,1001203685,100.00,,
   181.205524147,46.45,Joules,power/energy-pkg/,1000341295,100.00,,
   182.206733543,48.12,Joules,power/energy-pkg/,1001179364,100.00,,
   183.207822529,31.26,Joules,power/energy-pkg/,1001067837,100.00,,
   184.208999583,42.02,Joules,power/energy-pkg/,1001162560,100.00,,
   185.210169709,42.02,Joules,power/energy-pkg/,1001145185,100.00,,
   186.211307315,34.69,Joules,power/energy-pkg/,1001151781,100.00,,
   187.212500943,30.27,Joules,power/energy-pkg/,1001168404,100.00,,
   188.213602658,30.23,Joules,power/energy-pkg/,1001062012,100.00,,
   189.214769741,48.34,Joules,power/energy-pkg/,1001183282,100.00,,
   190.216002424,28.78,Joules,power/energy-pkg/,1001182427,100.00,,
   191.217095861,52.13,Joules,power/energy-pkg/,1001076627,100.00,,
   192.217609151,56.10,Joules,power/energy-pkg/,1000497921,100.00,,
   193.218794982,45.60,Joules,power/energy-pkg/,1001167519,100.00,,
   194.219948583,38.25,Joules,power/energy-pkg/,1001136535,100.00,,
   195.221096969,46.51,Joules,power/energy-pkg/,1001136339,100.00,,
   196.221601880,43.37,Joules,power/energy-pkg/,1000476944,100.00,,
   197.222738124,40.18,Joules,power/energy-pkg/,1001164046,100.00,,
   198.224020347,36.17,Joules,power/energy-pkg/,1001221957,100.00,,
   199.225273578,24.03,Joules,power/energy-pkg/,1001263093,100.00,,
   200.226646650,30.22,Joules,power/energy-pkg/,1001355811,100.00,,
   201.227846155,31.02,Joules,power/energy-pkg/,1001153462,100.00,,
   202.228925594,41.78,Joules,power/energy-pkg/,1001075794,100.00,,
   203.229515212,45.39,Joules,power/energy-pkg/,1000559308,100.00,,
   204.230636333,62.40,Joules,power/energy-pkg/,1001106726,100.00,,
   205.231814199,43.92,Joules,power/energy-pkg/,1001157957,100.00,,
   206.232895425,17.34,Joules,power/energy-pkg/,1001075030,100.00,,
   207.234075728,43.15,Joules,power/energy-pkg/,1001158290,100.00,,
   208.235232362,21.66,Joules,power/energy-pkg/,1001132161,100.00,,
   209.236302347,45.16,Joules,power/energy-pkg/,1001057419,100.00,,
   210.237443794,56.27,Joules,power/energy-pkg/,1001149057,100.00,,
   211.277635555,63.11,Joules,power/energy-pkg/,1046554368,100.00,,
   212.288102061,61.09,Joules,power/energy-pkg/,1004066291,100.00,,
   213.289627504,26.14,Joules,power/energy-pkg/,1001552696,100.00,,
   214.290947982,38.88,Joules,power/energy-pkg/,1001233433,100.00,,
   215.292130102,41.32,Joules,power/energy-pkg/,1001168719,100.00,,
   216.293305874,24.17,Joules,power/energy-pkg/,1001223798,100.00,,
   217.294670247,33.90,Joules,power/energy-pkg/,1001278365,100.00,,
   218.295811319,44.56,Joules,power/energy-pkg/,1001138035,100.00,,
   219.296899777,50.72,Joules,power/energy-pkg/,1001056952,100.00,,
   220.297516197,50.26,Joules,power/energy-pkg/,1000593015,100.00,,
   221.298610801,38.95,Joules,power/energy-pkg/,1001079051,100.00,,
   222.299757208,31.49,Joules,power/energy-pkg/,1001150761,100.00,,
   223.300929014,4.90,Joules,power/energy-pkg/,1001155166,100.00,,
   224.302230671,33.90,Joules,power/energy-pkg/,1001264712,100.00,,
   225.303372661,23.92,Joules,power/energy-pkg/,1001126417,100.00,,
   226.304545240,27.88,Joules,power/energy-pkg/,1001156442,100.00,,
   227.305519945,52.60,Joules,power/energy-pkg/,1000957396,100.00,,
   228.306722742,54.97,Joules,power/energy-pkg/,1001211012,100.00,,
   229.307916038,55.10,Joules,power/energy-pkg/,1001166488,100.00,,
   230.309088192,41.68,Joules,power/energy-pkg/,1001141056,100.00,,
   231.309606262,51.64,Joules,power/energy-pkg/,1000498524,100.00,,
   232.310793271,35.74,Joules,power/energy-pkg/,1001171258,100.00,,
   233.311880734,41.17,Joules,power/energy-pkg/,1001086346,100.00,,
   234.313209729,47.00,Joules,power/energy-pkg/,1001293407,100.00,,
   235.313744602,35.32,Joules,power/energy-pkg/,1000586766,100.00,,
   236.315134823,29.67,Joules,power/energy-pkg/,1001306983,100.00,,
   237.316231720,70.25,Joules,power/energy-pkg/,1001075179,100.00,,
   238.317338341,44.86,Joules,power/energy-pkg/,1001093618,100.00,,
   239.317617607,55.68,Joules,power/energy-pkg/,1000257100,100.00,,
   240.318780377,44.79,Joules,power/energy-pkg/,1001152072,100.00,,
   241.319959596,48.34,Joules,power/energy-pkg/,1001157334,100.00,,
   242.321058351,50.58,Joules,power/energy-pkg/,1001091072,100.00,,
   243.321601131,57.38,Joules,power/energy-pkg/,1000518763,100.00,,
   244.322780432,57.40,Joules,power/energy-pkg/,1001166300,100.00,,
   245.323890399,47.28,Joules,power/energy-pkg/,1001090197,100.00,,
   246.325089358,40.64,Joules,power/energy-pkg/,1001182135,100.00,,
   247.325517360,53.60,Joules,power/energy-pkg/,1000407971,100.00,,
   248.326691145,58.03,Joules,power/energy-pkg/,1001236304,100.00,,
   249.327003201,61.85,Joules,power/energy-pkg/,1000221848,100.00,,
   250.328111168,53.23,Joules,power/energy-pkg/,1001096315,100.00,,
   251.329324207,57.90,Joules,power/energy-pkg/,1001186494,100.00,,
   252.329609010,39.66,Joules,power/energy-pkg/,1000264538,100.00,,
   253.330709365,33.91,Joules,power/energy-pkg/,1001087799,100.00,,
   254.331861533,40.32,Joules,power/energy-pkg/,1001135969,100.00,,
   255.332999336,27.19,Joules,power/energy-pkg/,1001119284,100.00,,
   256.333550870,39.47,Joules,power/energy-pkg/,1000560816,100.00,,
   257.334958656,21.93,Joules,power/energy-pkg/,1001383680,100.00,,
   258.336287864,41.98,Joules,power/energy-pkg/,1001296967,100.00,,
   259.337370709,59.87,Joules,power/energy-pkg/,1001071539,100.00,,
   260.337604612,45.80,Joules,power/energy-pkg/,1000229502,100.00,,
   261.338515696,53.74,Joules,power/energy-pkg/,1000919168,100.00,,
   262.339907133,57.30,Joules,power/energy-pkg/,1001328023,100.00,,
   263.341058324,47.70,Joules,power/energy-pkg/,1001151929,100.00,,
   264.341513854,44.61,Joules,power/energy-pkg/,1000415320,100.00,,
   265.342590887,45.54,Joules,power/energy-pkg/,1001063889,100.00,,
   266.343810915,21.30,Joules,power/energy-pkg/,1001210132,100.00,,
   267.345036118,28.78,Joules,power/energy-pkg/,1001219491,100.00,,
   268.346265383,13.72,Joules,power/energy-pkg/,1001193053,100.00,,
   269.346575792,26.99,Joules,power/energy-pkg/,1000343363,100.00,,
   270.347791010,30.20,Joules,power/energy-pkg/,1001149369,100.00,,
   271.348941956,44.35,Joules,power/energy-pkg/,1001135015,100.00,,
   272.349613461,51.12,Joules,power/energy-pkg/,1000714869,100.00,,
   273.350921613,54.11,Joules,power/energy-pkg/,1001232943,100.00,,
   274.352078697,61.87,Joules,power/energy-pkg/,1001143958,100.00,,
   275.353236651,39.82,Joules,power/energy-pkg/,1001143189,100.00,,
   276.354335302,38.05,Joules,power/energy-pkg/,1001138308,100.00,,
   277.355493180,50.58,Joules,power/energy-pkg/,1001078063,100.00,,
   278.356671287,53.45,Joules,power/energy-pkg/,1001209659,100.00,,
   279.357568997,53.71,Joules,power/energy-pkg/,1000932534,100.00,,
   280.358906571,51.20,Joules,power/energy-pkg/,1001254760,100.00,,
   281.360246236,60.58,Joules,power/energy-pkg/,1001307637,100.00,,
   282.361592527,46.80,Joules,power/energy-pkg/,1001308625,100.00,,
   283.362741413,47.08,Joules,power/energy-pkg/,1001232329,100.00,,
   284.364186431,66.63,Joules,power/energy-pkg/,1001331513,100.00,,
   285.365375035,53.01,Joules,power/energy-pkg/,1001193422,100.00,,
   286.366563185,39.10,Joules,power/energy-pkg/,1001149238,100.00,,
   287.367721601,40.19,Joules,power/energy-pkg/,1001143147,100.00,,
   288.368797881,31.05,Joules,power/energy-pkg/,1001053610,100.00,,
   289.369608169,30.26,Joules,power/energy-pkg/,1000793657,100.00,,
   290.370691747,32.87,Joules,power/energy-pkg/,1001081112,100.00,,
   291.371859202,53.21,Joules,power/energy-pkg/,1001171378,100.00,,
   292.373045133,40.05,Joules,power/energy-pkg/,1001137212,100.00,,
   293.373603533,37.80,Joules,power/energy-pkg/,1000556361,100.00,,
   294.374759758,45.44,Joules,power/energy-pkg/,1001153024,100.00,,
   295.375935979,54.46,Joules,power/energy-pkg/,1001133794,100.00,,
   296.377011128,23.95,Joules,power/energy-pkg/,1001056558,100.00,,
   297.377618348,42.99,Joules,power/energy-pkg/,1000590074,100.00,,
   298.378810977,32.02,Joules,power/energy-pkg/,1001196744,100.00,,
   299.380121916,50.48,Joules,power/energy-pkg/,1001302285,100.00,,
   300.381242775,66.13,Joules,power/energy-pkg/,1001076880,100.00,,
   301.381521131,66.41,Joules,power/energy-pkg/,1000272538,100.00,,
   302.382707297,50.45,Joules,power/energy-pkg/,1001155708,100.00,,
   303.383797291,42.33,Joules,power/energy-pkg/,1001088260,100.00,,
   304.385060976,62.93,Joules,power/energy-pkg/,1001240992,100.00,,
   305.385638574,45.78,Joules,power/energy-pkg/,1000572780,100.00,,
   306.386810282,44.44,Joules,power/energy-pkg/,1001139742,100.00,,
   307.387892979,35.47,Joules,power/energy-pkg/,1001062179,100.00,,
   308.388977482,62.51,Joules,power/energy-pkg/,1001067567,100.00,,
   309.389603162,60.26,Joules,power/energy-pkg/,1000610581,100.00,,
   310.390670526,38.16,Joules,power/energy-pkg/,1001048649,100.00,,
   311.391820888,23.20,Joules,power/energy-pkg/,1001143494,100.00,,
   312.392914677,47.51,Joules,power/energy-pkg/,1001069965,100.00,,
   313.393516353,72.04,Joules,power/energy-pkg/,1000586816,100.00,,
   314.394617331,54.62,Joules,power/energy-pkg/,1001083888,100.00,,
   315.395780197,39.77,Joules,power/energy-pkg/,1001151606,100.00,,
   316.396953500,48.04,Joules,power/energy-pkg/,1001174450,100.00,,
   317.397597365,23.90,Joules,power/energy-pkg/,1000618584,100.00,,
   318.398689784,38.61,Joules,power/energy-pkg/,1001060525,100.00,,
   319.399797047,40.33,Joules,power/energy-pkg/,1001093097,100.00,,
   320.400903036,46.17,Joules,power/energy-pkg/,1001086807,100.00,,
   321.401597477,40.50,Joules,power/energy-pkg/,1000695901,100.00,,
   322.402694757,58.90,Joules,power/energy-pkg/,1001065176,100.00,,
   323.403856098,46.49,Joules,power/energy-pkg/,1001175710,100.00,,
   324.405054507,59.05,Joules,power/energy-pkg/,1001153920,100.00,,
   325.405603442,26.76,Joules,power/energy-pkg/,1000530081,100.00,,
   326.406747145,36.84,Joules,power/energy-pkg/,1001143082,100.00,,
   327.407837002,49.35,Joules,power/energy-pkg/,1001055370,100.00,,
   328.408910664,48.18,Joules,power/energy-pkg/,1001076707,100.00,,
   329.409561276,63.85,Joules,power/energy-pkg/,1000627961,100.00,,
   330.410772932,63.76,Joules,power/energy-pkg/,1001212875,100.00,,
   331.411961752,65.72,Joules,power/energy-pkg/,1001170985,100.00,,
   332.413162861,53.36,Joules,power/energy-pkg/,1001171811,100.00,,
   333.413517165,60.39,Joules,power/energy-pkg/,1000322561,100.00,,
   334.414619608,60.35,Joules,power/energy-pkg/,1001107283,100.00,,
   335.415806627,55.66,Joules,power/energy-pkg/,1001149128,100.00,,
   336.417080617,60.98,Joules,power/energy-pkg/,1001260869,100.00,,
   337.418268832,43.19,Joules,power/energy-pkg/,1001170769,100.00,,
   338.419460100,5.63,Joules,power/energy-pkg/,1001201248,100.00,,
   339.420801620,34.14,Joules,power/energy-pkg/,1001305990,100.00,,
   340.421601087,40.52,Joules,power/energy-pkg/,1000772377,100.00,,
   341.422738801,34.40,Joules,power/energy-pkg/,1001127955,100.00,,
   342.423818354,49.64,Joules,power/energy-pkg/,1001096727,100.00,,
   343.425007674,64.05,Joules,power/energy-pkg/,1001170358,100.00,,
   344.425514754,64.89,Joules,power/energy-pkg/,1000456136,100.00,,
   345.426616929,58.41,Joules,power/energy-pkg/,1001106591,100.00,,
   346.427836526,60.16,Joules,power/energy-pkg/,1001191519,100.00,,
   347.429031898,52.64,Joules,power/energy-pkg/,1001192594,100.00,,
   348.429603846,40.70,Joules,power/energy-pkg/,1000532294,100.00,,
   349.430739718,34.20,Joules,power/energy-pkg/,1001129528,100.00,,
   350.431821502,53.44,Joules,power/energy-pkg/,1001063180,100.00,,
   351.433014447,37.36,Joules,power/energy-pkg/,1001179615,100.00,,
   352.433533180,35.90,Joules,power/energy-pkg/,1000499151,100.00,,
   353.434690603,31.55,Joules,power/energy-pkg/,1001143465,100.00,,
   354.435896832,49.89,Joules,power/energy-pkg/,1001205612,100.00,,
   355.437094340,41.04,Joules,power/energy-pkg/,1001182630,100.00,,
   356.437615367,23.01,Joules,power/energy-pkg/,1000482713,100.00,,
   357.438792142,13.86,Joules,power/energy-pkg/,1001162949,100.00,,
   358.439960832,39.10,Joules,power/energy-pkg/,1001153364,100.00,,
   359.441099091,15.97,Joules,power/energy-pkg/,1001135919,100.00,,
   360.441523772,40.34,Joules,power/energy-pkg/,1000393634,100.00,,
   361.442697886,52.42,Joules,power/energy-pkg/,1001153493,100.00,,
   362.443783203,61.58,Joules,power/energy-pkg/,1001071122,100.00,,
   363.444966270,51.54,Joules,power/energy-pkg/,1001169322,100.00,,
   364.445604198,46.68,Joules,power/energy-pkg/,1000647052,100.00,,
   365.446835398,14.24,Joules,power/energy-pkg/,1001212656,100.00,,
   366.448170801,22.75,Joules,power/energy-pkg/,1001298169,100.00,,
   367.449326388,53.22,Joules,power/energy-pkg/,1001139036,100.00,,
   368.449598242,37.95,Joules,power/energy-pkg/,1000249220,100.00,,
   369.450737961,58.41,Joules,power/energy-pkg/,1001130962,100.00,,
   370.451848437,45.55,Joules,power/energy-pkg/,1001118944,100.00,,
   371.453158634,58.12,Joules,power/energy-pkg/,1001268678,100.00,,
   372.453517003,39.85,Joules,power/energy-pkg/,1000352280,100.00,,
   373.454706899,37.18,Joules,power/energy-pkg/,1001162817,100.00,,
   374.455870834,46.35,Joules,power/energy-pkg/,1001165029,100.00,,
   375.457133952,43.56,Joules,power/energy-pkg/,1001230088,100.00,,
   376.457662070,29.65,Joules,power/energy-pkg/,1000530605,100.00,,
   377.459036332,4.06,Joules,power/energy-pkg/,1001360925,100.00,,
   378.460296094,33.82,Joules,power/energy-pkg/,1001218279,100.00,,
   379.461451791,37.40,Joules,power/energy-pkg/,1001176221,100.00,,
   380.462691901,61.95,Joules,power/energy-pkg/,1001191160,100.00,,
   381.463841094,40.24,Joules,power/energy-pkg/,1001132664,100.00,,
   382.465006279,38.51,Joules,power/energy-pkg/,1001154658,100.00,,
   383.465591527,68.18,Joules,power/energy-pkg/,1000588599,100.00,,
   384.466776974,52.69,Joules,power/energy-pkg/,1001149925,100.00,,
   385.467970271,45.37,Joules,power/energy-pkg/,1001204511,100.00,,
   386.469102847,52.10,Joules,power/energy-pkg/,1001080525,100.00,,
   387.469841962,44.93,Joules,power/energy-pkg/,1000744290,100.00,,
   388.470975452,27.67,Joules,power/energy-pkg/,1001099227,100.00,,
   389.472139054,45.32,Joules,power/energy-pkg/,1001169295,100.00,,
   390.473311371,34.34,Joules,power/energy-pkg/,1001162085,100.00,,
   391.474474261,47.61,Joules,power/energy-pkg/,1001158644,100.00,,
   392.475649674,19.18,Joules,power/energy-pkg/,1001120291,100.00,,
   393.476849030,31.34,Joules,power/energy-pkg/,1001184720,100.00,,
   394.477517977,32.07,Joules,power/energy-pkg/,1000652573,100.00,,
   395.478616927,39.58,Joules,power/energy-pkg/,1001082443,100.00,,
   396.479789847,53.78,Joules,power/energy-pkg/,1001188336,100.00,,
   397.480983957,40.52,Joules,power/energy-pkg/,1001184433,100.00,,
   398.481612911,53.27,Joules,power/energy-pkg/,1000620769,100.00,,
   399.482873439,37.95,Joules,power/energy-pkg/,1001219203,100.00,,
   400.484128309,21.46,Joules,power/energy-pkg/,1001267490,100.00,,
   401.485410355,31.60,Joules,power/energy-pkg/,1001243020,100.00,,
   402.485517464,47.59,Joules,power/energy-pkg/,1000068753,100.00,,
   403.486738590,37.94,Joules,power/energy-pkg/,1001223065,100.00,,
   404.488054127,15.50,Joules,power/energy-pkg/,1001291488,100.00,,
   405.489199426,46.07,Joules,power/energy-pkg/,1001116937,100.00,,
   406.489746308,31.31,Joules,power/energy-pkg/,1000599809,100.00,,
   407.490963584,22.63,Joules,power/energy-pkg/,1001185539,100.00,,
   408.492248205,49.36,Joules,power/energy-pkg/,1001215993,100.00,,
   409.493385736,29.90,Joules,power/energy-pkg/,1001144378,100.00,,
   410.494595005,33.84,Joules,power/energy-pkg/,1001193422,100.00,,
   411.495853430,28.51,Joules,power/energy-pkg/,1001219140,100.00,,
   412.497003408,39.79,Joules,power/energy-pkg/,1001168005,100.00,,
   413.497613763,47.42,Joules,power/energy-pkg/,1000582299,100.00,,
   414.498886547,27.27,Joules,power/energy-pkg/,1001256558,100.00,,
   415.500201800,41.24,Joules,power/energy-pkg/,1001283861,100.00,,
   416.501380759,23.01,Joules,power/energy-pkg/,1001167742,100.00,,
   417.502472152,30.17,Joules,power/energy-pkg/,1001064159,100.00,,
   418.503616013,46.38,Joules,power/energy-pkg/,1001137786,100.00,,
   419.504720924,39.08,Joules,power/energy-pkg/,1001091067,100.00,,
   420.505596736,28.91,Joules,power/energy-pkg/,1000903430,100.00,,
   421.506112620,33.17,Joules,power/energy-pkg/,1000508346,100.00,,
   422.507271312,17.08,Joules,power/energy-pkg/,1001086216,100.00,,
   423.508465488,36.15,Joules,power/energy-pkg/,1001175858,100.00,,
   424.509515460,46.24,Joules,power/energy-pkg/,1001033036,100.00,,
   425.510615821,36.34,Joules,power/energy-pkg/,1001100050,100.00,,
   426.511833199,33.95,Joules,power/energy-pkg/,1001186028,100.00,,
   427.512906456,59.56,Joules,power/energy-pkg/,1001059089,100.00,,
   428.513525910,48.92,Joules,power/energy-pkg/,1000608391,100.00,,
   429.514740397,39.70,Joules,power/energy-pkg/,1001214536,100.00,,
   430.515985109,23.18,Joules,power/energy-pkg/,1001204751,100.00,,
   431.517122965,37.08,Joules,power/energy-pkg/,1001128348,100.00,,
   432.518279431,36.24,Joules,power/energy-pkg/,1001140283,100.00,,
   433.519415345,11.43,Joules,power/energy-pkg/,1001125938,100.00,,
   434.520584925,35.52,Joules,power/energy-pkg/,1001148250,100.00,,
   435.521516757,38.74,Joules,power/energy-pkg/,1000913102,100.00,,
   436.522692581,39.11,Joules,power/energy-pkg/,1001163154,100.00,,
   437.523856406,49.91,Joules,power/energy-pkg/,1001152333,100.00,,
   438.525023743,34.99,Joules,power/energy-pkg/,1001167405,100.00,,
   439.525520559,55.79,Joules,power/energy-pkg/,1000473064,100.00,,
   440.526779303,30.71,Joules,power/energy-pkg/,1001254034,100.00,,
   441.528341628,4.58,Joules,power/energy-pkg/,1001547342,100.00,,
   442.529548323,32.10,Joules,power/energy-pkg/,1001168164,100.00,,
   443.530744476,43.13,Joules,power/energy-pkg/,1001197903,100.00,,
   444.531916800,44.73,Joules,power/energy-pkg/,1001143469,100.00,,
   445.533116031,44.92,Joules,power/energy-pkg/,1001199640,100.00,,
   446.533619493,43.83,Joules,power/energy-pkg/,1000535963,100.00,,
   447.534789648,50.12,Joules,power/energy-pkg/,1001084264,100.00,,
   448.535966994,54.67,Joules,power/energy-pkg/,1001189611,100.00,,
   449.537165164,55.24,Joules,power/energy-pkg/,1001156799,100.00,,
   450.538293865,34.92,Joules,power/energy-pkg/,1001229621,100.00,,
   451.539493867,36.04,Joules,power/energy-pkg/,1001065711,100.00,,
   452.540595876,49.26,Joules,power/energy-pkg/,1001099380,100.00,,
   453.541580182,58.56,Joules,power/energy-pkg/,1000981304,100.00,,
   454.542775177,51.86,Joules,power/energy-pkg/,1001156859,100.00,,
   455.543941888,26.76,Joules,power/energy-pkg/,1001155497,100.00,,
   456.545108755,44.53,Joules,power/energy-pkg/,1001148563,100.00,,
   457.545595658,56.53,Joules,power/energy-pkg/,1000493885,100.00,,
   458.546788425,47.11,Joules,power/energy-pkg/,1001151353,100.00,,
   459.547937832,27.49,Joules,power/energy-pkg/,1001139531,100.00,,
   460.549085177,14.77,Joules,power/energy-pkg/,1001149229,100.00,,
   461.549522320,27.83,Joules,power/energy-pkg/,1000412136,100.00,,
   462.550711989,35.78,Joules,power/energy-pkg/,1001182738,100.00,,
   463.551816594,62.27,Joules,power/energy-pkg/,1001069989,100.00,,
   464.552994216,64.40,Joules,power/energy-pkg/,1001162743,100.00,,
   465.554159424,43.89,Joules,power/energy-pkg/,1001147505,100.00,,
   466.555308402,26.95,Joules,power/energy-pkg/,1001133476,100.00,,
   467.556483384,32.58,Joules,power/energy-pkg/,1001162011,100.00,,
   468.557521766,50.94,Joules,power/energy-pkg/,1001019850,100.00,,
   469.558680112,57.19,Joules,power/energy-pkg/,1001163326,100.00,,
   470.559863254,53.21,Joules,power/energy-pkg/,1001147729,100.00,,
   471.560935618,41.48,Joules,power/energy-pkg/,1001061494,100.00,,
   472.562150336,37.65,Joules,power/energy-pkg/,1001194589,100.00,,
   473.563291677,34.64,Joules,power/energy-pkg/,1001151532,100.00,,
   474.564397634,47.29,Joules,power/energy-pkg/,1001061241,100.00,,
   475.565466131,51.41,Joules,power/energy-pkg/,1001056496,100.00,,
   476.566555994,57.88,Joules,power/energy-pkg/,1001073498,100.00,,
   477.567653199,54.25,Joules,power/energy-pkg/,1001115444,100.00,,
   478.568919688,59.14,Joules,power/energy-pkg/,1001240478,100.00,,
   479.569523302,20.60,Joules,power/energy-pkg/,1000591740,100.00,,
   480.570738523,47.78,Joules,power/energy-pkg/,1001203995,100.00,,
   481.572127392,38.92,Joules,power/energy-pkg/,1001364239,100.00,,
   482.573304904,46.63,Joules,power/energy-pkg/,1001201882,100.00,,
   483.574562945,52.09,Joules,power/energy-pkg/,1001202061,100.00,,
   484.575776989,50.88,Joules,power/energy-pkg/,1001185571,100.00,,
   485.576979985,38.92,Joules,power/energy-pkg/,1001206183,100.00,,
   486.577605256,60.53,Joules,power/energy-pkg/,1000584507,100.00,,
   487.578758665,53.17,Joules,power/energy-pkg/,1001145392,100.00,,
   488.579879572,60.31,Joules,power/energy-pkg/,1001099163,100.00,,
   489.580971427,57.38,Joules,power/energy-pkg/,1001076465,100.00,,
   490.581601603,41.53,Joules,power/energy-pkg/,1000612277,100.00,,
   491.582749495,39.84,Joules,power/energy-pkg/,1001137536,100.00,,
   492.583837295,48.67,Joules,power/energy-pkg/,1001068142,100.00,,
   493.584920781,51.96,Joules,power/energy-pkg/,1001080346,100.00,,
   494.585589539,68.87,Joules,power/energy-pkg/,1000666315,100.00,,
   495.586765759,62.31,Joules,power/energy-pkg/,1001159817,100.00,,
   496.587941483,28.33,Joules,power/energy-pkg/,1001141642,100.00,,
   497.589106985,15.94,Joules,power/energy-pkg/,1001167373,100.00,,
   498.589521456,45.41,Joules,power/energy-pkg/,1000379412,100.00,,
   499.590685022,58.03,Joules,power/energy-pkg/,1001167858,100.00,,
   500.591907598,19.52,Joules,power/energy-pkg/,1001197951,100.00,,
   501.593108829,28.03,Joules,power/energy-pkg/,1001196554,100.00,,
   502.593592245,49.01,Joules,power/energy-pkg/,1000486391,100.00,,
   503.594843065,43.99,Joules,power/energy-pkg/,1001219587,100.00,,
   504.595944872,44.29,Joules,power/energy-pkg/,1001063407,100.00,,
   505.597050517,59.82,Joules,power/energy-pkg/,1001091961,100.00,,
   506.597530582,67.61,Joules,power/energy-pkg/,1004462086,100.00,,
   507.602694039,60.56,Joules,power/energy-pkg/,1001154174,100.00,,
   508.603790441,63.41,Joules,power/energy-pkg/,1001099708,100.00,,
   509.604974977,49.72,Joules,power/energy-pkg/,1001147767,100.00,,
   510.605595139,35.16,Joules,power/energy-pkg/,1000692694,100.00,,
   511.606858824,38.86,Joules,power/energy-pkg/,1001161006,100.00,,
   512.608006253,31.76,Joules,power/energy-pkg/,1001137431,100.00,,
   513.609108945,51.94,Joules,power/energy-pkg/,1001079043,100.00,,
   514.609605592,49.15,Joules,power/energy-pkg/,1000483281,100.00,,
   515.610768479,32.71,Joules,power/energy-pkg/,1001162965,100.00,,
   516.611864895,54.54,Joules,power/energy-pkg/,1001075161,100.00,,
   517.613038055,61.20,Joules,power/energy-pkg/,1001151676,100.00,,
   518.613519639,75.25,Joules,power/energy-pkg/,1000482982,100.00,,
   519.614722306,61.46,Joules,power/energy-pkg/,1001174589,100.00,,
   520.615825140,24.90,Joules,power/energy-pkg/,1001080956,100.00,,
   521.616909144,40.02,Joules,power/energy-pkg/,1001069162,100.00,,
   522.617631871,49.82,Joules,power/energy-pkg/,1000705474,100.00,,
   523.618781082,53.75,Joules,power/energy-pkg/,1001158183,100.00,,
   524.619956843,49.19,Joules,power/energy-pkg/,1001143194,100.00,,
   525.621039921,59.46,Joules,power/energy-pkg/,1001072993,100.00,,
   526.621605413,55.83,Joules,power/energy-pkg/,1000543799,100.00,,
   527.622729594,49.29,Joules,power/energy-pkg/,1001118638,100.00,,
   528.623962801,38.37,Joules,power/energy-pkg/,1001253631,100.00,,
   529.625085819,37.33,Joules,power/energy-pkg/,1001061066,100.00,,
   530.625602051,44.80,Joules,power/energy-pkg/,1000500648,100.00,,
   531.626752322,49.98,Joules,power/energy-pkg/,1001163880,100.00,,
   532.627948231,55.51,Joules,power/energy-pkg/,1001155435,100.00,,
   533.629029271,54.32,Joules,power/energy-pkg/,1001076245,100.00,,
   534.629602256,43.74,Joules,power/energy-pkg/,1000544728,100.00,,
   535.630686460,43.21,Joules,power/energy-pkg/,1001068580,100.00,,
   536.631856827,27.94,Joules,power/energy-pkg/,1001159235,100.00,,
   537.632958049,41.34,Joules,power/energy-pkg/,1001082025,100.00,,
   538.633608051,34.05,Joules,power/energy-pkg/,1000635964,100.00,,
   539.634704763,35.89,Joules,power/energy-pkg/,1001088905,100.00,,
   540.635938250,43.63,Joules,power/energy-pkg/,1001237585,100.00,,
   541.637073982,56.64,Joules,power/energy-pkg/,1001120388,100.00,,
   542.637517647,65.71,Joules,power/energy-pkg/,1000399679,100.00,,
   543.637857060,29.98,Joules,power/energy-pkg/,1000381152,100.00,,
   544.639076353,47.41,Joules,power/energy-pkg/,1001151315,100.00,,
   545.640166916,61.19,Joules,power/energy-pkg/,1001123727,100.00,,
   546.641475805,46.00,Joules,power/energy-pkg/,1001246502,100.00,,
   547.642656295,34.05,Joules,power/energy-pkg/,1001166086,100.00,,
   548.643803734,21.83,Joules,power/energy-pkg/,1001131946,100.00,,
   549.644956819,34.21,Joules,power/energy-pkg/,1001138327,100.00,,
   550.645594753,24.65,Joules,power/energy-pkg/,1000638699,100.00,,
   551.646699961,32.18,Joules,power/energy-pkg/,1001084699,100.00,,
   552.647949035,26.02,Joules,power/energy-pkg/,1001241394,100.00,,
   553.649123272,47.99,Joules,power/energy-pkg/,1001203134,100.00,,
   554.650496199,26.50,Joules,power/energy-pkg/,1001318250,100.00,,
   555.651751449,34.54,Joules,power/energy-pkg/,1001214441,100.00,,
   556.652839350,50.56,Joules,power/energy-pkg/,1001070257,100.00,,
   557.653592618,53.43,Joules,power/energy-pkg/,1000739096,100.00,,
   558.654740359,38.29,Joules,power/energy-pkg/,1001137744,100.00,,
   559.655819580,46.02,Joules,power/energy-pkg/,1001074363,100.00,,
   560.657055816,60.90,Joules,power/energy-pkg/,1001232836,100.00,,
   561.657513741,66.35,Joules,power/energy-pkg/,1000416352,100.00,,
   562.658657658,60.16,Joules,power/energy-pkg/,1001137692,100.00,,
   563.659740032,41.48,Joules,power/energy-pkg/,1001062429,100.00,,
   564.660910570,54.44,Joules,power/energy-pkg/,1001157612,100.00,,
   565.661514867,41.49,Joules,power/energy-pkg/,1000584501,100.00,,
   566.662688097,31.86,Joules,power/energy-pkg/,1001164407,100.00,,
   567.663849586,34.59,Joules,power/energy-pkg/,1001147600,100.00,,
   568.664926076,45.59,Joules,power/energy-pkg/,1001058766,100.00,,
   569.665513363,39.40,Joules,power/energy-pkg/,1000568849,100.00,,
   570.666679416,47.70,Joules,power/energy-pkg/,1001155127,100.00,,
   571.667831319,35.35,Joules,power/energy-pkg/,1001160398,100.00,,
   572.669019193,38.31,Joules,power/energy-pkg/,1001162706,100.00,,
   573.669607611,50.86,Joules,power/energy-pkg/,1000557979,100.00,,
   574.670773829,42.74,Joules,power/energy-pkg/,1001151281,100.00,,
   575.671877706,46.05,Joules,power/energy-pkg/,1001109145,100.00,,
   576.673105546,55.55,Joules,power/energy-pkg/,1001212867,100.00,,
   577.673645020,47.35,Joules,power/energy-pkg/,1000523518,100.00,,
   578.674841249,21.86,Joules,power/energy-pkg/,1001171775,100.00,,
   579.676010560,19.80,Joules,power/energy-pkg/,1001147153,100.00,,
   580.677169789,60.87,Joules,power/energy-pkg/,1001179905,100.00,,
   581.677594310,50.71,Joules,power/energy-pkg/,1000399933,100.00,,
   582.678715053,60.03,Joules,power/energy-pkg/,1001081107,100.00,,
   583.679907200,54.42,Joules,power/energy-pkg/,1001206434,100.00,,
   584.681102405,59.51,Joules,power/energy-pkg/,1001169236,100.00,,
   585.681608398,69.34,Joules,power/energy-pkg/,1000493310,100.00,,
   586.682774295,49.01,Joules,power/energy-pkg/,1001127657,100.00,,
   587.683019081,49.39,Joules,power/energy-pkg/,1000288893,100.00,,
   588.684229107,11.44,Joules,power/energy-pkg/,1001161148,100.00,,
   589.685433502,10.14,Joules,power/energy-pkg/,1001171241,100.00,,
   590.685614515,43.20,Joules,power/energy-pkg/,1000168186,100.00,,
   591.686848272,15.37,Joules,power/energy-pkg/,1001280803,100.00,,
   592.688238572,33.61,Joules,power/energy-pkg/,1001306377,100.00,,
   593.689380541,37.09,Joules,power/energy-pkg/,1001150560,100.00,,
   594.689607132,53.65,Joules,power/energy-pkg/,1000186574,100.00,,
   595.690758215,47.37,Joules,power/energy-pkg/,1001163816,100.00,,
   596.691937310,47.52,Joules,power/energy-pkg/,1001139398,100.00,,
   597.693092286,26.34,Joules,power/energy-pkg/,1001138604,100.00,,
   598.693614367,48.78,Joules,power/energy-pkg/,1000531768,100.00,,
   599.694811535,50.44,Joules,power/energy-pkg/,1001162078,100.00,,
   600.695902094,46.46,Joules,power/energy-pkg/,1001071374,100.00,,
   601.696994340,60.28,Joules,power/energy-pkg/,1001078012,100.00,,
   602.697514379,51.40,Joules,power/energy-pkg/,1000503125,100.00,,
   603.698692045,40.01,Joules,power/energy-pkg/,1001164909,100.00,,
   604.699764257,27.98,Joules,power/energy-pkg/,1001057448,100.00,,
   605.700941361,53.84,Joules,power/energy-pkg/,1001165722,100.00,,
   606.701593694,38.52,Joules,power/energy-pkg/,1000664492,100.00,,
   607.702796173,59.24,Joules,power/energy-pkg/,1001160303,100.00,,
   608.703888105,53.03,Joules,power/energy-pkg/,1001117062,100.00,,
   609.705095814,59.20,Joules,power/energy-pkg/,1001155513,100.00,,
   610.705514544,59.77,Joules,power/energy-pkg/,1000398083,100.00,,
   611.706700381,40.68,Joules,power/energy-pkg/,1001179670,100.00,,
   612.707812234,43.35,Joules,power/energy-pkg/,1001116498,100.00,,
   613.709186446,49.80,Joules,power/energy-pkg/,1001336053,100.00,,
   614.709515826,66.14,Joules,power/energy-pkg/,1000311006,100.00,,
   615.710638991,48.37,Joules,power/energy-pkg/,1001115826,100.00,,
   616.711790547,52.54,Joules,power/energy-pkg/,1001132473,100.00,,
   617.712946554,40.11,Joules,power/energy-pkg/,1001149409,100.00,,
   618.713516002,48.68,Joules,power/energy-pkg/,1000543740,100.00,,
   619.714619808,46.38,Joules,power/energy-pkg/,1001086122,100.00,,
   620.715690734,44.43,Joules,power/energy-pkg/,1001060538,100.00,,
   621.716860419,20.97,Joules,power/energy-pkg/,1001184043,100.00,,
   622.717621007,24.02,Joules,power/energy-pkg/,1000761736,100.00,,
   623.718849977,40.74,Joules,power/energy-pkg/,1001171036,100.00,,
   624.720003003,43.73,Joules,power/energy-pkg/,1001137922,100.00,,
   625.721167896,39.25,Joules,power/energy-pkg/,1001151300,100.00,,
   626.721604245,58.65,Joules,power/energy-pkg/,1000417451,100.00,,
   627.722736698,62.44,Joules,power/energy-pkg/,1001158370,100.00,,
   628.723965624,35.06,Joules,power/energy-pkg/,1001181159,100.00,,
   629.725067447,49.12,Joules,power/energy-pkg/,1001081837,100.00,,
   630.725518363,42.29,Joules,power/energy-pkg/,1000433514,100.00,,
   631.726681685,35.50,Joules,power/energy-pkg/,1001152480,100.00,,
   632.727842807,42.92,Joules,power/energy-pkg/,1001178492,100.00,,
   633.729054905,53.91,Joules,power/energy-pkg/,1001190470,100.00,,
   634.729646457,43.42,Joules,power/energy-pkg/,1000579658,100.00,,
   635.730834075,64.36,Joules,power/energy-pkg/,1001146694,100.00,,
   636.731917322,51.58,Joules,power/energy-pkg/,1001066731,100.00,,
   637.733034459,51.09,Joules,power/energy-pkg/,1001099323,100.00,,
   638.733590456,49.61,Joules,power/energy-pkg/,1000542034,100.00,,
   639.734733304,56.87,Joules,power/energy-pkg/,1001156880,100.00,,
   640.735925397,44.94,Joules,power/energy-pkg/,1001174093,100.00,,
   641.737049194,62.56,Joules,power/energy-pkg/,1001088071,100.00,,
   642.737531684,67.22,Joules,power/energy-pkg/,1000481064,100.00,,
   643.738779106,62.14,Joules,power/energy-pkg/,1001219847,100.00,,
   644.739858674,50.59,Joules,power/energy-pkg/,1001067762,100.00,,
   645.741050831,36.00,Joules,power/energy-pkg/,1001176295,100.00,,
   646.743106889,9.85,Joules,power/energy-pkg/,1002089362,100.00,,
   647.744358380,40.58,Joules,power/energy-pkg/,1001184262,100.00,,
   648.745489003,38.31,Joules,power/energy-pkg/,1001164914,100.00,,
   649.746711286,33.03,Joules,power/energy-pkg/,1001157617,100.00,,
   650.747861065,25.17,Joules,power/energy-pkg/,1001140456,100.00,,
   651.749044954,37.09,Joules,power/energy-pkg/,1001167223,100.00,,
   652.749519353,31.83,Joules,power/energy-pkg/,1000474333,100.00,,
   653.750770414,40.87,Joules,power/energy-pkg/,1001240369,100.00,,
   654.751965757,16.93,Joules,power/energy-pkg/,1001181954,100.00,,
   655.753082584,37.43,Joules,power/energy-pkg/,1001105518,100.00,,
   656.753513970,39.14,Joules,power/energy-pkg/,1000394805,100.00,,
   657.754673326,52.84,Joules,power/energy-pkg/,1001179103,100.00,,
   658.755881348,26.18,Joules,power/energy-pkg/,1001161135,100.00,,
   659.757033529,44.35,Joules,power/energy-pkg/,1001135713,100.00,,
   660.758222975,16.03,Joules,power/energy-pkg/,1001194940,100.00,,
   661.759544242,19.67,Joules,power/energy-pkg/,1001289290,100.00,,
   662.760631975,40.14,Joules,power/energy-pkg/,1001066428,100.00,,
   663.761514855,54.24,Joules,power/energy-pkg/,1000870501,100.00,,
   664.762685963,55.70,Joules,power/energy-pkg/,1001163615,100.00,,
   665.763875582,34.49,Joules,power/energy-pkg/,1001168204,100.00,,
   666.764945588,49.65,Joules,power/energy-pkg/,1001055353,100.00,,
   667.765599815,55.28,Joules,power/energy-pkg/,1000667823,100.00,,
   668.766805077,45.40,Joules,power/energy-pkg/,1001167527,100.00,,
   669.767968510,36.23,Joules,power/energy-pkg/,1001169863,100.00,,
   670.769159161,47.99,Joules,power/energy-pkg/,1001154306,100.00,,
   671.769518172,47.85,Joules,power/energy-pkg/,1000343307,100.00,,
   672.770627406,41.70,Joules,power/energy-pkg/,1001094747,100.00,,
   673.771816027,35.62,Joules,power/energy-pkg/,1001172273,100.00,,
   674.772884494,42.45,Joules,power/energy-pkg/,1001051722,100.00,,
   675.773514883,37.28,Joules,power/energy-pkg/,1000616759,100.00,,
   676.774676294,40.26,Joules,power/energy-pkg/,1001156424,100.00,,
   677.775823666,49.97,Joules,power/energy-pkg/,1001142103,100.00,,
   678.777081793,37.33,Joules,power/energy-pkg/,1001259149,100.00,,
   679.777519311,56.54,Joules,power/energy-pkg/,1000410948,100.00,,
   680.778717240,51.66,Joules,power/energy-pkg/,1001172294,100.00,,
   681.779887066,27.47,Joules,power/energy-pkg/,1001150084,100.00,,
   682.780974160,39.56,Joules,power/energy-pkg/,1001070659,100.00,,
   683.781514665,36.13,Joules,power/energy-pkg/,1000522688,100.00,,
   684.782688195,43.83,Joules,power/energy-pkg/,1001164928,100.00,,
   685.783835596,38.37,Joules,power/energy-pkg/,1001130425,100.00,,
   686.784984763,51.65,Joules,power/energy-pkg/,1001135988,100.00,,
   687.785601532,26.58,Joules,power/energy-pkg/,1000621779,100.00,,
   688.786803056,40.23,Joules,power/energy-pkg/,1001169090,100.00,,
   689.787962788,51.13,Joules,power/energy-pkg/,1001162287,100.00,,
   690.789144810,43.49,Joules,power/energy-pkg/,1001156647,100.00,,
   691.789577721,71.10,Joules,power/energy-pkg/,1000433178,100.00,,
   692.790762491,61.81,Joules,power/energy-pkg/,1001155253,100.00,,
   693.791969013,35.10,Joules,power/energy-pkg/,1001184844,100.00,,
   694.793129863,23.51,Joules,power/energy-pkg/,1001145935,100.00,,
   695.793552109,45.04,Joules,power/energy-pkg/,1000444879,100.00,,
   696.794794258,57.91,Joules,power/energy-pkg/,1001229271,100.00,,
   697.795987252,59.60,Joules,power/energy-pkg/,1001141348,100.00,,
   698.797094991,38.16,Joules,power/energy-pkg/,1001088171,100.00,,
   699.797513307,57.82,Joules,power/energy-pkg/,1000404529,100.00,,
   700.798597626,37.37,Joules,power/energy-pkg/,1001069786,100.00,,
   701.799679753,24.47,Joules,power/energy-pkg/,1001067455,100.00,,
   702.800773714,38.23,Joules,power/energy-pkg/,1001121440,100.00,,
   703.802044762,52.19,Joules,power/energy-pkg/,1001236833,100.00,,
   704.803226013,35.69,Joules,power/energy-pkg/,1001164008,100.00,,
   705.804406239,45.05,Joules,power/energy-pkg/,1001179933,100.00,,
   706.805582237,50.37,Joules,power/energy-pkg/,1001147600,100.00,,
   707.806674722,46.02,Joules,power/energy-pkg/,1001059740,100.00,,
   708.807842334,60.35,Joules,power/energy-pkg/,1001159482,100.00,,
   709.809168380,33.33,Joules,power/energy-pkg/,1001334609,100.00,,
   710.809512845,26.30,Joules,power/energy-pkg/,1000300504,100.00,,
   711.810599449,45.19,Joules,power/energy-pkg/,1001073681,100.00,,
   712.811760071,48.94,Joules,power/energy-pkg/,1001167885,100.00,,
   713.812879489,51.48,Joules,power/energy-pkg/,1001119486,100.00,,
   714.813515388,46.07,Joules,power/energy-pkg/,1000585307,100.00,,
   715.814702689,28.37,Joules,power/energy-pkg/,1001174687,100.00,,
   716.815791509,25.57,Joules,power/energy-pkg/,1001073672,100.00,,
   717.816875715,40.37,Joules,power/energy-pkg/,1001083510,100.00,,
   718.817605212,45.72,Joules,power/energy-pkg/,1000711912,100.00,,
   719.818845921,52.06,Joules,power/energy-pkg/,1001257041,100.00,,
   720.820076626,46.74,Joules,power/energy-pkg/,1001178132,100.00,,
   721.821168447,34.72,Joules,power/energy-pkg/,1001074155,100.00,,
   722.821516703,32.09,Joules,power/energy-pkg/,1000334264,100.00,,
   723.822679891,38.85,Joules,power/energy-pkg/,1001156984,100.00,,
   724.823881811,41.22,Joules,power/energy-pkg/,1001212035,100.00,,
   725.825146432,58.55,Joules,power/energy-pkg/,1001220683,100.00,,
   726.825607917,42.54,Joules,power/energy-pkg/,1000443188,100.00,,
   727.826016457,32.27,Joules,power/energy-pkg/,1000452996,100.00,,
   728.827160946,56.11,Joules,power/energy-pkg/,1001083156,100.00,,
   729.828394289,60.63,Joules,power/energy-pkg/,1001234185,100.00,,
   730.829600473,33.98,Joules,power/energy-pkg/,1001168432,100.00,,
   731.830770304,34.10,Joules,power/energy-pkg/,1001160831,100.00,,
   732.831858588,48.95,Joules,power/energy-pkg/,1001080390,100.00,,
   733.833055204,54.25,Joules,power/energy-pkg/,1001189101,100.00,,
   734.833603221,45.13,Joules,power/energy-pkg/,1000512666,100.00,,
   735.834758781,42.12,Joules,power/energy-pkg/,1001142333,100.00,,
   736.835829072,37.85,Joules,power/energy-pkg/,1001057240,100.00,,
   737.837002945,55.91,Joules,power/energy-pkg/,1001185689,100.00,,
   738.837549528,49.20,Joules,power/energy-pkg/,1000581315,100.00,,
   739.838885549,57.62,Joules,power/energy-pkg/,1001245754,100.00,,
   740.840051077,39.89,Joules,power/energy-pkg/,1001156561,100.00,,
   741.841221545,35.85,Joules,power/energy-pkg/,1001155947,100.00,,
   742.841606855,52.60,Joules,power/energy-pkg/,1000371607,100.00,,
   743.842819340,49.51,Joules,power/energy-pkg/,1001193584,100.00,,
   744.843961460,41.04,Joules,power/energy-pkg/,1001133475,100.00,,
   745.845129580,47.32,Joules,power/energy-pkg/,1001174736,100.00,,
   746.845599569,41.87,Joules,power/energy-pkg/,1000428235,100.00,,
   747.846752948,32.25,Joules,power/energy-pkg/,1001142598,100.00,,
   748.847905333,30.93,Joules,power/energy-pkg/,1001138339,100.00,,
   749.848982568,39.89,Joules,power/energy-pkg/,1001064314,100.00,,
   750.849589313,42.07,Joules,power/energy-pkg/,1000616330,100.00,,
   751.850787214,29.99,Joules,power/energy-pkg/,1001185877,100.00,,
   752.851995974,37.53,Joules,power/energy-pkg/,1001168985,100.00,,
   753.853180962,40.92,Joules,power/energy-pkg/,1001190615,100.00,,
   754.853515012,45.26,Joules,power/energy-pkg/,1000295900,100.00,,
   755.854642507,45.29,Joules,power/energy-pkg/,1001143244,100.00,,
   756.855754075,56.09,Joules,power/energy-pkg/,1001065860,100.00,,
   757.856912661,30.51,Joules,power/energy-pkg/,1001176519,100.00,,
   758.858157098,22.77,Joules,power/energy-pkg/,1001226421,100.00,,
   759.859503265,14.93,Joules,power/energy-pkg/,1001327440,100.00,,
   760.860826140,5.63,Joules,power/energy-pkg/,1001307470,100.00,,
   761.861600056,8.59,Joules,power/energy-pkg/,1000736625,100.00,,
   762.862667260,59.94,Joules,power/energy-pkg/,1001056177,100.00,,
   763.863766917,63.61,Joules,power/energy-pkg/,1001086601,100.00,,
   764.864892106,48.79,Joules,power/energy-pkg/,1001143507,100.00,,
   765.865514220,43.02,Joules,power/energy-pkg/,1000574527,100.00,,
   766.866628191,53.80,Joules,power/energy-pkg/,1001102196,100.00,,
   767.867833504,31.85,Joules,power/energy-pkg/,1001191351,100.00,,
   768.868920257,24.40,Joules,power/energy-pkg/,1001068559,100.00,,
   769.870117844,18.70,Joules,power/energy-pkg/,1001209338,100.00,,
   770.871382018,23.10,Joules,power/energy-pkg/,1001238581,100.00,,
   771.872570008,49.48,Joules,power/energy-pkg/,1001180701,100.00,,
   772.873668724,43.42,Joules,power/energy-pkg/,1001061922,100.00,,
   773.874819223,41.01,Joules,power/energy-pkg/,1001143143,100.00,,
   774.875900899,20.29,Joules,power/energy-pkg/,1001073064,100.00,,
   775.877193198,36.92,Joules,power/energy-pkg/,1001295348,100.00,,
   776.878587163,4.17,Joules,power/energy-pkg/,1001379713,100.00,,
   777.879929391,15.42,Joules,power/energy-pkg/,1001324009,100.00,,
   778.881178527,34.95,Joules,power/energy-pkg/,1001212008,100.00,,
   779.881601123,48.33,Joules,power/energy-pkg/,1000410407,100.00,,
   780.882711454,47.01,Joules,power/energy-pkg/,1001106187,100.00,,
   781.883803350,55.54,Joules,power/energy-pkg/,1001066297,100.00,,
   782.884891405,55.66,Joules,power/energy-pkg/,1001072314,100.00,,
   783.885513723,54.84,Joules,power/energy-pkg/,1000608498,100.00,,
   784.886667284,50.80,Joules,power/energy-pkg/,1001175297,100.00,,
   785.887815678,42.51,Joules,power/energy-pkg/,1001098526,100.00,,
   786.888975249,39.87,Joules,power/energy-pkg/,1001150109,100.00,,
   787.889654957,36.98,Joules,power/energy-pkg/,1000671765,100.00,,
   788.890954868,4.72,Joules,power/energy-pkg/,1001300716,100.00,,
   789.892211215,30.61,Joules,power/energy-pkg/,1001220558,100.00,,
   790.893335814,55.23,Joules,power/energy-pkg/,1001137511,100.00,,
   791.894574073,45.26,Joules,power/energy-pkg/,1001194769,100.00,,
   792.895667570,50.28,Joules,power/energy-pkg/,1001079905,100.00,,
   793.896780889,35.49,Joules,power/energy-pkg/,1001098450,100.00,,
   794.897514813,60.01,Joules,power/energy-pkg/,1000718866,100.00,,
   795.898676011,41.57,Joules,power/energy-pkg/,1001149729,100.00,,
   796.899859520,46.86,Joules,power/energy-pkg/,1001193110,100.00,,
   797.901053543,52.41,Joules,power/energy-pkg/,1001155071,100.00,,
   798.901588184,27.46,Joules,power/energy-pkg/,1000541870,100.00,,
   799.902750621,21.18,Joules,power/energy-pkg/,1001151090,100.00,,
   800.903880292,20.16,Joules,power/energy-pkg/,1001133330,100.00,,
   801.905124428,45.02,Joules,power/energy-pkg/,1001192312,100.00,,
   802.906282989,39.74,Joules,power/energy-pkg/,1001146236,100.00,,
   803.907446342,43.13,Joules,power/energy-pkg/,1001148429,100.00,,
   804.908602137,42.95,Joules,power/energy-pkg/,1001140598,100.00,,
   805.909514404,39.09,Joules,power/energy-pkg/,1000894308,100.00,,
   806.910601831,45.41,Joules,power/energy-pkg/,1001109969,100.00,,
   807.911857146,52.85,Joules,power/energy-pkg/,1001208903,100.00,,
   808.912958102,43.08,Joules,power/energy-pkg/,1001095759,100.00,,
   809.914208073,42.86,Joules,power/energy-pkg/,1001223389,100.00,,
   810.915318805,7.49,Joules,power/energy-pkg/,1001122134,100.00,,
   811.916680957,30.85,Joules,power/energy-pkg/,1001328346,100.00,,
   812.917516253,50.56,Joules,power/energy-pkg/,1000816398,100.00,,
   813.918681166,63.34,Joules,power/energy-pkg/,1001192513,100.00,,
   814.919957980,54.43,Joules,power/energy-pkg/,1001231530,100.00,,
   815.921183279,29.19,Joules,power/energy-pkg/,1001223357,100.00,,
   816.921608322,24.45,Joules,power/energy-pkg/,1000386154,100.00,,
   817.922762635,42.37,Joules,power/energy-pkg/,1001163548,100.00,,
   818.923944467,41.42,Joules,power/energy-pkg/,1001153721,100.00,,
   819.925056175,46.36,Joules,power/energy-pkg/,1001100712,100.00,,
   820.926265954,35.77,Joules,power/energy-pkg/,1001188872,100.00,,
   821.927345287,42.31,Joules,power/energy-pkg/,1001073908,100.00,,
   822.928577221,55.97,Joules,power/energy-pkg/,1001216857,100.00,,
   823.929770826,34.07,Joules,power/energy-pkg/,1001168591,100.00,,
   824.930837404,30.67,Joules,power/energy-pkg/,1001052988,100.00,,
   825.931923062,43.20,Joules,power/energy-pkg/,1001082968,100.00,,
   826.933100271,59.10,Joules,power/energy-pkg/,1001150992,100.00,,
   827.933603712,44.30,Joules,power/energy-pkg/,1000490737,100.00,,
   828.934698288,58.82,Joules,power/energy-pkg/,1001082046,100.00,,
   829.935883969,53.00,Joules,power/energy-pkg/,1001176949,100.00,,
   830.937054981,24.15,Joules,power/energy-pkg/,1001173920,100.00,,
   831.937588207,27.62,Joules,power/energy-pkg/,1000516855,100.00,,
   832.938766623,37.63,Joules,power/energy-pkg/,1001142386,100.00,,
   833.939905660,34.79,Joules,power/energy-pkg/,1001130804,100.00,,
   834.941038908,41.52,Joules,power/energy-pkg/,1001131208,100.00,,
   835.942316213,41.82,Joules,power/energy-pkg/,1001246333,100.00,,
   836.943384628,25.63,Joules,power/energy-pkg/,1001073769,100.00,,
   837.944564421,57.53,Joules,power/energy-pkg/,1001150827,100.00,,
   838.945603063,50.77,Joules,power/energy-pkg/,1001030483,100.00,,
   839.946811691,32.42,Joules,power/energy-pkg/,1001191337,100.00,,
   840.948038181,36.18,Joules,power/energy-pkg/,1001227974,100.00,,
   841.949336764,38.30,Joules,power/energy-pkg/,1001285211,100.00,,
   842.949514275,39.46,Joules,power/energy-pkg/,1000142793,100.00,,
   843.950605497,37.15,Joules,power/energy-pkg/,1001077743,100.00,,
   844.951723562,62.54,Joules,power/energy-pkg/,1001143489,100.00,,
   845.952905700,63.77,Joules,power/energy-pkg/,1001141281,100.00,,
   846.953606424,48.08,Joules,power/energy-pkg/,1000671517,100.00,,
   847.954682860,33.87,Joules,power/energy-pkg/,1001063547,100.00,,
   848.955793892,65.02,Joules,power/energy-pkg/,1001111694,100.00,,
   849.957037135,37.86,Joules,power/energy-pkg/,1001219849,100.00,,
   850.957515810,42.81,Joules,power/energy-pkg/,1000460377,100.00,,
   851.957807268,35.12,Joules,power/energy-pkg/,1000430584,100.00,,
   852.959202763,12.74,Joules,power/energy-pkg/,1001231252,100.00,,
   853.960387622,56.28,Joules,power/energy-pkg/,1001172773,100.00,,
   854.961575516,27.35,Joules,power/energy-pkg/,1001173373,100.00,,
   855.962786500,40.54,Joules,power/energy-pkg/,1001202095,100.00,,
   856.963915872,44.34,Joules,power/energy-pkg/,1001106490,100.00,,
   857.965064386,52.11,Joules,power/energy-pkg/,1001139604,100.00,,
   858.965605644,29.32,Joules,power/energy-pkg/,1000527774,100.00,,
   859.966712709,48.58,Joules,power/energy-pkg/,1001101236,100.00,,
   860.967962238,17.34,Joules,power/energy-pkg/,1001231127,100.00,,
   861.969142487,41.13,Joules,power/energy-pkg/,1001198972,100.00,,
   862.969607280,38.77,Joules,power/energy-pkg/,1000417533,100.00,,
   863.970796665,55.60,Joules,power/energy-pkg/,1001185197,100.00,,
   864.971965117,41.33,Joules,power/energy-pkg/,1001138253,100.00,,
   865.973034760,50.59,Joules,power/energy-pkg/,1001055003,100.00,,
   866.973595337,44.05,Joules,power/energy-pkg/,1000545490,100.00,,
   867.974763620,17.11,Joules,power/energy-pkg/,1001186624,100.00,,
   868.975952442,44.89,Joules,power/energy-pkg/,1001162019,100.00,,
   869.977041588,57.26,Joules,power/energy-pkg/,1001057552,100.00,,
   870.978122321,38.20,Joules,power/energy-pkg/,1001064065,100.00,,
   871.979272646,21.62,Joules,power/energy-pkg/,1001145335,100.00,,
   872.980361937,32.38,Joules,power/energy-pkg/,1001068309,100.00,,
   873.981747022,30.79,Joules,power/energy-pkg/,1001398652,100.00,,
   874.983002857,30.63,Joules,power/energy-pkg/,1001216317,100.00,,
   875.984049879,46.64,Joules,power/energy-pkg/,1001095761,100.00,,
   876.985237729,37.31,Joules,power/energy-pkg/,1001110863,100.00,,
   877.985515387,56.89,Joules,power/energy-pkg/,1000265260,100.00,,
   878.986631919,63.19,Joules,power/energy-pkg/,1001101006,100.00,,
   879.987712522,37.94,Joules,power/energy-pkg/,1001066172,100.00,,
   880.988866047,39.68,Joules,power/energy-pkg/,1001160801,100.00,,
   881.990067934,28.29,Joules,power/energy-pkg/,1001189941,100.00,,
   882.991319028,26.91,Joules,power/energy-pkg/,1001219498,100.00,,
   883.992445714,38.24,Joules,power/energy-pkg/,1001110529,100.00,,
   884.993622160,42.07,Joules,power/energy-pkg/,1001175593,100.00,,
   885.994789180,28.75,Joules,power/energy-pkg/,1001145085,100.00,,
   886.995873900,64.71,Joules,power/energy-pkg/,1001066614,100.00,,
   887.997079258,60.37,Joules,power/energy-pkg/,1001206904,100.00,,
   888.997612898,53.11,Joules,power/energy-pkg/,1000511003,100.00,,
   889.998773184,23.40,Joules,power/energy-pkg/,1001141735,100.00,,
   890.999910424,45.46,Joules,power/energy-pkg/,1001145288,100.00,,
   892.001093131,23.43,Joules,power/energy-pkg/,1001173086,100.00,,
   893.001618382,41.44,Joules,power/energy-pkg/,1000507008,100.00,,
   894.002844988,14.09,Joules,power/energy-pkg/,1001210007,100.00,,
   895.004095294,28.20,Joules,power/energy-pkg/,1001212856,100.00,,
   896.005253703,35.26,Joules,power/energy-pkg/,1001174809,100.00,,
   897.006469431,25.10,Joules,power/energy-pkg/,1001194838,100.00,,
   898.007721230,30.52,Joules,power/energy-pkg/,1001215855,100.00,,
   899.008802052,44.36,Joules,power/energy-pkg/,1001068004,100.00,,
   900.009595944,23.91,Joules,power/energy-pkg/,1000778145,100.00,,
   901.010738559,44.97,Joules,power/energy-pkg/,1001147439,100.00,,
   902.011908573,46.00,Joules,power/energy-pkg/,1001147929,100.00,,
   903.012449844,62.39,Joules,power/energy-pkg/,1000540826,100.00,,
   904.013606445,59.61,Joules,power/energy-pkg/,1001119652,100.00,,
   905.014761818,41.23,Joules,power/energy-pkg/,1001143866,100.00,,
   906.015916766,31.54,Joules,power/energy-pkg/,1001146856,100.00,,
   907.017107070,44.34,Joules,power/energy-pkg/,1001174478,100.00,,
   908.017589612,48.19,Joules,power/energy-pkg/,1000492989,100.00,,
   909.030974807,55.35,Joules,power/energy-pkg/,1013350711,100.00,,
   910.032130669,52.87,Joules,power/energy-pkg/,1001133861,100.00,,
   911.033215049,50.02,Joules,power/energy-pkg/,1001070460,100.00,,
   912.033608091,45.92,Joules,power/energy-pkg/,1000381001,100.00,,
   913.034781276,26.29,Joules,power/energy-pkg/,1001162381,100.00,,
   914.035922579,42.52,Joules,power/energy-pkg/,1001148270,100.00,,
   915.037102905,37.26,Joules,power/energy-pkg/,1001145784,100.00,,
   916.038275284,38.51,Joules,power/energy-pkg/,1001157317,100.00,,
   917.039434042,25.55,Joules,power/energy-pkg/,1001145375,100.00,,
   918.040583642,32.27,Joules,power/energy-pkg/,1001151913,100.00,,
   919.041590946,45.36,Joules,power/energy-pkg/,1000973790,100.00,,
   920.042778545,25.41,Joules,power/energy-pkg/,1001197320,100.00,,
   921.044026577,31.62,Joules,power/energy-pkg/,1001212780,100.00,,
   922.045206491,63.61,Joules,power/energy-pkg/,1001170190,100.00,,
   923.045588660,62.34,Joules,power/energy-pkg/,1000361893,100.00,,
   924.046662023,56.15,Joules,power/energy-pkg/,1001061732,100.00,,
   925.047762406,62.71,Joules,power/energy-pkg/,1001087996,100.00,,
   926.048899441,54.73,Joules,power/energy-pkg/,1001166431,100.00,,
   927.049621137,47.50,Joules,power/energy-pkg/,1000688383,100.00,,
   928.050805221,53.37,Joules,power/energy-pkg/,1001163319,100.00,,
   929.051986821,51.12,Joules,power/energy-pkg/,1001156438,100.00,,
   930.053137637,36.50,Joules,power/energy-pkg/,1001161028,100.00,,
   931.054533668,4.88,Joules,power/energy-pkg/,1001378160,100.00,,
   932.055866330,41.14,Joules,power/energy-pkg/,1001322988,100.00,,
   933.056992439,61.27,Joules,power/energy-pkg/,1001082043,100.00,,
   934.057533067,56.95,Joules,power/energy-pkg/,1000558333,100.00,,
   935.058818560,63.63,Joules,power/energy-pkg/,1001246958,100.00,,
   936.059960148,61.71,Joules,power/energy-pkg/,1001124402,100.00,,
   937.061138886,56.48,Joules,power/energy-pkg/,1001183902,100.00,,
   938.061518439,66.42,Joules,power/energy-pkg/,1000365989,100.00,,
   939.062726860,52.49,Joules,power/energy-pkg/,1001196520,100.00,,
   940.063841952,60.41,Joules,power/energy-pkg/,1001082374,100.00,,
   941.065024952,58.15,Joules,power/energy-pkg/,1001188490,100.00,,
   942.066245323,15.98,Joules,power/energy-pkg/,1001204151,100.00,,
   943.067497748,39.50,Joules,power/energy-pkg/,1001237155,100.00,,
   944.068822149,48.66,Joules,power/energy-pkg/,1001295072,100.00,,
   945.069612472,50.62,Joules,power/energy-pkg/,1000780894,100.00,,
   946.070803369,52.33,Joules,power/energy-pkg/,1001175134,100.00,,
   947.071969944,45.99,Joules,power/energy-pkg/,1001154389,100.00,,
   948.073100141,52.72,Joules,power/energy-pkg/,1001122640,100.00,,
   949.073583293,55.46,Joules,power/energy-pkg/,1000476157,100.00,,
   950.074862661,39.67,Joules,power/energy-pkg/,1001267642,100.00,,
   951.076092025,26.90,Joules,power/energy-pkg/,1001212461,100.00,,
   952.077273363,48.66,Joules,power/energy-pkg/,1001169462,100.00,,
   953.077637858,17.61,Joules,power/energy-pkg/,1000351954,100.00,,
   954.079072957,15.46,Joules,power/energy-pkg/,1001426827,100.00,,
   955.080331493,39.77,Joules,power/energy-pkg/,1001220060,100.00,,
   956.081502862,38.42,Joules,power/energy-pkg/,1001182875,100.00,,
   957.082695791,45.12,Joules,power/energy-pkg/,1001159514,100.00,,
   958.083872194,14.62,Joules,power/energy-pkg/,1001164569,100.00,,
   959.085059961,41.10,Joules,power/energy-pkg/,1001211502,100.00,,
   960.086377733,19.75,Joules,power/energy-pkg/,1001285156,100.00,,
   961.087697006,11.05,Joules,power/energy-pkg/,1001289104,100.00,,
   962.088836568,57.33,Joules,power/energy-pkg/,1001137583,100.00,,
   963.089676490,50.71,Joules,power/energy-pkg/,1000828741,100.00,,
   964.090984651,17.48,Joules,power/energy-pkg/,1001305224,100.00,,
   965.092214528,56.00,Joules,power/energy-pkg/,1001233368,100.00,,
   966.093491554,24.29,Joules,power/energy-pkg/,1001240805,100.00,,
   967.094671979,23.95,Joules,power/energy-pkg/,1001145998,100.00,,
   968.095777351,19.74,Joules,power/energy-pkg/,1001080685,100.00,,
   969.096917279,43.23,Joules,power/energy-pkg/,1001128205,100.00,,
   970.098246650,7.20,Joules,power/energy-pkg/,1001341915,100.00,,
   971.099739069,4.19,Joules,power/energy-pkg/,1001480145,100.00,,
   972.101287697,4.69,Joules,power/energy-pkg/,1001533473,100.00,,
   973.102811467,4.22,Joules,power/energy-pkg/,1001510621,100.00,,
   974.104163167,4.25,Joules,power/energy-pkg/,1001335483,100.00,,
   975.105597307,5.21,Joules,power/energy-pkg/,1001424916,100.00,,
   976.106886377,4.43,Joules,power/energy-pkg/,1001267345,100.00,,
   977.108234016,4.39,Joules,power/energy-pkg/,1001336746,100.00,,
   978.109666957,4.41,Joules,power/energy-pkg/,1001423371,100.00,,
   979.111218669,4.57,Joules,power/energy-pkg/,1001537990,100.00,,
   980.112508618,4.20,Joules,power/energy-pkg/,1001272913,100.00,,
   981.113991910,4.26,Joules,power/energy-pkg/,1001473173,100.00,,
   982.115516715,4.62,Joules,power/energy-pkg/,1001511798,100.00,,
   983.117009642,3.85,Joules,power/energy-pkg/,1001479175,100.00,,
   984.117723617,4.29,Joules,power/energy-pkg/,1000699123,100.00,,
   985.119243263,4.69,Joules,power/energy-pkg/,1001506862,100.00,,
   986.120694754,3.93,Joules,power/energy-pkg/,1001439808,100.00,,
   987.122150021,4.40,Joules,power/energy-pkg/,1001439723,100.00,,
   988.123435600,4.36,Joules,power/energy-pkg/,1001269754,100.00,,
   989.124909697,4.31,Joules,power/energy-pkg/,1001464463,100.00,,
   990.126480225,4.47,Joules,power/energy-pkg/,1001556098,100.00,,
   991.127745433,4.30,Joules,power/energy-pkg/,1001243007,100.00,,
   992.128930251,4.29,Joules,power/energy-pkg/,1001177831,100.00,,
   993.130318330,4.33,Joules,power/energy-pkg/,1001373606,100.00,,
   994.131722633,4.17,Joules,power/energy-pkg/,1001393304,100.00,,
   995.133092300,4.87,Joules,power/energy-pkg/,1001357355,100.00,,
   996.134487150,4.12,Joules,power/energy-pkg/,1001380561,100.00,,
   997.135877812,4.23,Joules,power/energy-pkg/,1001377603,100.00,,
   998.137259630,4.21,Joules,power/energy-pkg/,1001363439,100.00,,
   999.138806963,4.16,Joules,power/energy-pkg/,1001536990,100.00,,
