# started on Tue Sep  5 17:12:10 2023

     1.001018696,4.59,Joules,power/energy-pkg/,1001039270,100.00,,
     2.002278104,3.91,Joules,power/energy-pkg/,1001260903,100.00,,
     3.003433112,4.63,Joules,power/energy-pkg/,1001138886,100.00,,
     4.004576957,4.52,Joules,power/energy-pkg/,1001122319,100.00,,
     5.004904289,7.19,Joules,power/energy-pkg/,1000345498,100.00,,
     6.006147770,5.50,Joules,power/energy-pkg/,1001227350,100.00,,
     7.007270798,4.57,Joules,power/energy-pkg/,1001110670,100.00,,
     8.008417334,4.00,Joules,power/energy-pkg/,1001139546,100.00,,
     9.008941919,4.08,Joules,power/energy-pkg/,1000512402,100.00,,
    10.010180157,3.89,Joules,power/energy-pkg/,1001233803,100.00,,
    11.011337922,4.18,Joules,power/energy-pkg/,1001137444,100.00,,
    12.012603021,4.02,Joules,power/energy-pkg/,1001271581,100.00,,
    13.013896190,4.11,Joules,power/energy-pkg/,1001285442,100.00,,
    14.015090030,4.16,Joules,power/energy-pkg/,1001178212,100.00,,
    15.016352616,4.13,Joules,power/energy-pkg/,1001265890,100.00,,
    16.017558148,4.18,Joules,power/energy-pkg/,1001192775,100.00,,
    17.018855456,3.87,Joules,power/energy-pkg/,1001287584,100.00,,
    18.019628024,4.40,Joules,power/energy-pkg/,1000854198,100.00,,
    19.020809558,3.99,Joules,power/energy-pkg/,1001084626,100.00,,
    20.022133320,3.66,Joules,power/energy-pkg/,1001315522,100.00,,
    21.023425231,4.44,Joules,power/energy-pkg/,1001288533,100.00,,
    22.024850943,4.11,Joules,power/energy-pkg/,1001423941,100.00,,
    23.026242435,3.75,Joules,power/energy-pkg/,1001377972,100.00,,
    24.027570482,4.23,Joules,power/energy-pkg/,1001319483,100.00,,
    25.028808354,3.92,Joules,power/energy-pkg/,1001226841,100.00,,
    26.029746006,4.04,Joules,power/energy-pkg/,1000984669,100.00,,
    27.031137564,4.03,Joules,power/energy-pkg/,1001338546,100.00,,
    28.032459021,3.82,Joules,power/energy-pkg/,1001289655,100.00,,
    29.033628667,4.12,Joules,power/energy-pkg/,1001179122,100.00,,
    30.035079802,3.86,Joules,power/energy-pkg/,1001449679,100.00,,
    31.036439028,4.08,Joules,power/energy-pkg/,1001346707,100.00,,
    32.037051809,3.99,Joules,power/energy-pkg/,1000657011,100.00,,
    33.038499226,4.33,Joules,power/energy-pkg/,1001385305,100.00,,
    34.039839857,3.98,Joules,power/energy-pkg/,1001333530,100.00,,
    35.040925324,4.10,Joules,power/energy-pkg/,1001075744,100.00,,
    36.041787651,4.51,Joules,power/energy-pkg/,1000898637,100.00,,
    37.043164701,3.90,Joules,power/energy-pkg/,1001327108,100.00,,
    38.044514884,4.43,Joules,power/energy-pkg/,1001341883,100.00,,
    39.044992681,3.97,Joules,power/energy-pkg/,1000522117,100.00,,
    40.046446811,3.68,Joules,power/energy-pkg/,1001399585,100.00,,
    41.047816766,4.41,Joules,power/energy-pkg/,1001355272,100.00,,
    42.048898984,4.23,Joules,power/energy-pkg/,1001073539,100.00,,
    43.050354286,4.00,Joules,power/energy-pkg/,1001454293,100.00,,
    44.051719172,4.12,Joules,power/energy-pkg/,1001350656,100.00,,
    45.052362589,4.12,Joules,power/energy-pkg/,1000729852,100.00,,
    46.052905905,4.01,Joules,power/energy-pkg/,1000516257,100.00,,
    47.054331347,4.69,Joules,power/energy-pkg/,1001344278,100.00,,
    48.055689729,4.37,Joules,power/energy-pkg/,1001347361,100.00,,
    49.056900135,3.77,Joules,power/energy-pkg/,1001201727,100.00,,
    50.058232067,4.18,Joules,power/energy-pkg/,1001324693,100.00,,
    51.059587290,4.13,Joules,power/energy-pkg/,1001353697,100.00,,
    52.060932348,4.89,Joules,power/energy-pkg/,1001330409,100.00,,
    53.062290801,4.11,Joules,power/energy-pkg/,1001357896,100.00,,
    54.063678174,4.05,Joules,power/energy-pkg/,1001374624,100.00,,
    55.064919271,4.12,Joules,power/energy-pkg/,1001231960,100.00,,
    56.066243685,6.04,Joules,power/energy-pkg/,1001317710,100.00,,
    57.067574798,6.52,Joules,power/energy-pkg/,1001321351,100.00,,
    58.068918729,6.22,Joules,power/energy-pkg/,1001344054,100.00,,
    59.070275151,6.43,Joules,power/energy-pkg/,1001340998,100.00,,
    60.071686561,6.24,Joules,power/energy-pkg/,1001409343,100.00,,
    61.072910428,4.14,Joules,power/energy-pkg/,1001211386,100.00,,
    62.074262302,4.21,Joules,power/energy-pkg/,1001343471,100.00,,
    63.075648521,4.03,Joules,power/energy-pkg/,1001381490,100.00,,
    64.077003253,3.55,Joules,power/energy-pkg/,1001342581,100.00,,
    65.078351495,4.71,Joules,power/energy-pkg/,1001339355,100.00,,
    66.079712407,4.23,Joules,power/energy-pkg/,1001358968,100.00,,
    67.081051547,3.81,Joules,power/energy-pkg/,1001324780,100.00,,
    68.081716560,7.17,Joules,power/energy-pkg/,1000681614,100.00,,
    69.082744460,44.02,Joules,power/energy-pkg/,1000984439,100.00,,
    70.083843476,60.86,Joules,power/energy-pkg/,1001105512,100.00,,
    71.084796674,68.85,Joules,power/energy-pkg/,1000918360,100.00,,
    72.085879907,56.75,Joules,power/energy-pkg/,1001081152,100.00,,
    73.087011700,61.68,Joules,power/energy-pkg/,1001132005,100.00,,
    74.088195469,65.41,Joules,power/energy-pkg/,1001200130,100.00,,
    75.088812559,72.61,Joules,power/energy-pkg/,1000588343,100.00,,
    76.090008575,60.12,Joules,power/energy-pkg/,1001189376,100.00,,
    77.091156423,47.62,Joules,power/energy-pkg/,1001125766,100.00,,
    78.092268106,46.30,Joules,power/energy-pkg/,1001100027,100.00,,
    79.092817675,38.22,Joules,power/energy-pkg/,1000554506,100.00,,
    80.093921490,51.27,Joules,power/energy-pkg/,1001088665,100.00,,
    81.095075371,64.62,Joules,power/energy-pkg/,1001186250,100.00,,
    82.096348870,60.27,Joules,power/energy-pkg/,1001241423,100.00,,
    83.096824986,48.10,Joules,power/energy-pkg/,1000482341,100.00,,
    84.098225110,43.71,Joules,power/energy-pkg/,1001359630,100.00,,
    85.099393872,36.22,Joules,power/energy-pkg/,1001164425,100.00,,
    86.100518063,32.96,Joules,power/energy-pkg/,1001112091,100.00,,
    87.100887546,51.76,Joules,power/energy-pkg/,1000380544,100.00,,
    88.101996100,49.69,Joules,power/energy-pkg/,1001094632,100.00,,
    89.103187833,59.09,Joules,power/energy-pkg/,1001188974,100.00,,
    90.104348879,51.61,Joules,power/energy-pkg/,1001154404,100.00,,
    91.104797205,40.22,Joules,power/energy-pkg/,1000419942,100.00,,
    92.105975775,45.61,Joules,power/energy-pkg/,1001172349,100.00,,
    93.107054208,46.23,Joules,power/energy-pkg/,1001085642,100.00,,
    94.108161535,45.82,Joules,power/energy-pkg/,1001082363,100.00,,
    95.108793894,43.52,Joules,power/energy-pkg/,1000621528,100.00,,
    96.109946103,46.19,Joules,power/energy-pkg/,1001184888,100.00,,
    97.111218925,52.47,Joules,power/energy-pkg/,1001230584,100.00,,
    98.112582507,27.48,Joules,power/energy-pkg/,1001376906,100.00,,
    99.112937436,4.40,Joules,power/energy-pkg/,1000345024,100.00,,
   100.114266067,39.78,Joules,power/energy-pkg/,1001303062,100.00,,
   101.115415117,54.73,Joules,power/energy-pkg/,1001161047,100.00,,
   102.116518236,41.90,Joules,power/energy-pkg/,1001068881,100.00,,
   103.116814387,42.41,Joules,power/energy-pkg/,1000349648,100.00,,
   104.118085120,63.90,Joules,power/energy-pkg/,1001222446,100.00,,
   105.119323586,69.92,Joules,power/energy-pkg/,1001228060,100.00,,
   106.120501001,63.84,Joules,power/energy-pkg/,1001153870,100.00,,
   107.120873503,49.29,Joules,power/energy-pkg/,1000363498,100.00,,
   108.121969557,43.89,Joules,power/energy-pkg/,1001103517,100.00,,
   109.123076395,59.25,Joules,power/energy-pkg/,1001106068,100.00,,
   110.124221348,62.19,Joules,power/energy-pkg/,1001136809,100.00,,
   111.124900859,58.57,Joules,power/energy-pkg/,1000669579,100.00,,
   112.126112627,28.36,Joules,power/energy-pkg/,1001187258,100.00,,
   113.127286626,39.87,Joules,power/energy-pkg/,1001162413,100.00,,
   114.128380812,57.27,Joules,power/energy-pkg/,1001120129,100.00,,
   115.128883848,55.78,Joules,power/energy-pkg/,1000482802,100.00,,
   116.130083253,54.08,Joules,power/energy-pkg/,1001190791,100.00,,
   117.131271873,41.33,Joules,power/energy-pkg/,1001161133,100.00,,
   118.132171956,57.71,Joules,power/energy-pkg/,1001010315,100.00,,
   119.132866788,67.98,Joules,power/energy-pkg/,1000587505,100.00,,
   120.134066567,32.83,Joules,power/energy-pkg/,1001184337,100.00,,
   121.135341134,32.49,Joules,power/energy-pkg/,1001253634,100.00,,
   122.136479951,44.89,Joules,power/energy-pkg/,1001161792,100.00,,
   123.136888528,41.00,Joules,power/energy-pkg/,1000365731,100.00,,
   124.138039686,38.67,Joules,power/energy-pkg/,1001165101,100.00,,
   125.139365346,20.46,Joules,power/energy-pkg/,1001322932,100.00,,
   126.140702248,23.64,Joules,power/energy-pkg/,1001353031,100.00,,
   127.141928371,50.41,Joules,power/energy-pkg/,1001167976,100.00,,
   128.143023730,61.58,Joules,power/energy-pkg/,1001087433,100.00,,
   129.144181644,62.85,Joules,power/energy-pkg/,1001152208,100.00,,
   130.144823532,50.30,Joules,power/energy-pkg/,1000683324,100.00,,
   131.146039739,73.23,Joules,power/energy-pkg/,1001170061,100.00,,
   132.147255748,71.48,Joules,power/energy-pkg/,1001206197,100.00,,
   133.185866912,70.49,Joules,power/energy-pkg/,1059612832,100.00,,
   134.240890716,48.91,Joules,power/energy-pkg/,1034060916,100.00,,
   135.242054091,55.19,Joules,power/energy-pkg/,1001092947,100.00,,
   136.243181891,51.17,Joules,power/energy-pkg/,1001113876,100.00,,
   137.244425812,35.77,Joules,power/energy-pkg/,1001235057,100.00,,
   138.245626508,24.47,Joules,power/energy-pkg/,1001220350,100.00,,
   139.246962004,17.51,Joules,power/energy-pkg/,1001305456,100.00,,
   140.248048856,36.99,Joules,power/energy-pkg/,1001078002,100.00,,
   141.248802029,50.88,Joules,power/energy-pkg/,1000743175,100.00,,
   142.249912505,41.02,Joules,power/energy-pkg/,1001114068,100.00,,
   143.250369018,19.87,Joules,power/energy-pkg/,1000492746,100.00,,
   144.251527335,44.60,Joules,power/energy-pkg/,1001142075,100.00,,
   145.252819684,56.50,Joules,power/energy-pkg/,1001258236,100.00,,
   146.254091401,46.91,Joules,power/energy-pkg/,1001243288,100.00,,
   147.255250670,58.24,Joules,power/energy-pkg/,1001209660,100.00,,
   148.256669615,65.42,Joules,power/energy-pkg/,1001404656,100.00,,
   149.257905374,54.64,Joules,power/energy-pkg/,1001187912,100.00,,
   150.259082080,40.55,Joules,power/energy-pkg/,1001160886,100.00,,
   151.260176044,54.95,Joules,power/energy-pkg/,1001109504,100.00,,
   152.260806712,46.65,Joules,power/energy-pkg/,1000606625,100.00,,
   153.262043105,52.84,Joules,power/energy-pkg/,1001314834,100.00,,
   154.263446109,52.01,Joules,power/energy-pkg/,1001300564,100.00,,
   155.265998208,56.79,Joules,power/energy-pkg/,1002537950,100.00,,
   156.267158275,64.60,Joules,power/energy-pkg/,1001174520,100.00,,
   157.268276915,52.28,Joules,power/energy-pkg/,1001096062,100.00,,
   158.268810070,42.04,Joules,power/energy-pkg/,1000535866,100.00,,
   159.270032876,53.69,Joules,power/energy-pkg/,1001200326,100.00,,
   160.271213039,48.50,Joules,power/energy-pkg/,1001172229,100.00,,
   161.272369408,29.35,Joules,power/energy-pkg/,1001145824,100.00,,
   162.272887396,21.32,Joules,power/energy-pkg/,1000511765,100.00,,
   163.274114531,49.29,Joules,power/energy-pkg/,1001220684,100.00,,
   164.275298769,41.65,Joules,power/energy-pkg/,1001184560,100.00,,
   165.276435814,54.97,Joules,power/energy-pkg/,1001128491,100.00,,
   166.276807455,53.93,Joules,power/energy-pkg/,1000361925,100.00,,
   167.278034563,62.31,Joules,power/energy-pkg/,1001229167,100.00,,
   168.279150510,37.62,Joules,power/energy-pkg/,1001099734,100.00,,
   169.280264867,8.39,Joules,power/energy-pkg/,1001089536,100.00,,
   170.280811135,37.91,Joules,power/energy-pkg/,1000584193,100.00,,
   171.282010510,39.89,Joules,power/energy-pkg/,1001163926,100.00,,
   172.283225328,47.73,Joules,power/energy-pkg/,1001197184,100.00,,
   173.284365909,65.45,Joules,power/energy-pkg/,1001149621,100.00,,
   174.284874348,66.51,Joules,power/energy-pkg/,1000511922,100.00,,
   175.287624797,63.50,Joules,power/energy-pkg/,1002805061,100.00,,
   176.288888217,48.89,Joules,power/energy-pkg/,1001158091,100.00,,
   177.290031622,60.71,Joules,power/energy-pkg/,1001164644,100.00,,
   178.291375577,72.37,Joules,power/energy-pkg/,1001326842,100.00,,
   179.292670835,73.03,Joules,power/energy-pkg/,1001298202,100.00,,
   180.294049354,68.79,Joules,power/energy-pkg/,1001396273,100.00,,
   181.295396728,53.78,Joules,power/energy-pkg/,1001354618,100.00,,
   182.296726950,48.28,Joules,power/energy-pkg/,1001286268,100.00,,
   183.298025112,39.85,Joules,power/energy-pkg/,1001282151,100.00,,
   184.299227367,44.25,Joules,power/energy-pkg/,1001170379,100.00,,
   185.300338992,52.34,Joules,power/energy-pkg/,1001112088,100.00,,
   186.300848308,45.62,Joules,power/energy-pkg/,1000525504,100.00,,
   187.302247035,50.49,Joules,power/energy-pkg/,1001396515,100.00,,
   188.303419476,50.20,Joules,power/energy-pkg/,1001133093,100.00,,
   189.304617757,55.83,Joules,power/energy-pkg/,1001183484,100.00,,
   190.304880144,43.90,Joules,power/energy-pkg/,1000250494,100.00,,
   191.305994582,53.82,Joules,power/energy-pkg/,1001106202,100.00,,
   192.307101883,58.48,Joules,power/energy-pkg/,1001100578,100.00,,
   193.308288240,56.11,Joules,power/energy-pkg/,1001185625,100.00,,
   194.308872704,56.02,Joules,power/energy-pkg/,1000591381,100.00,,
   195.310009375,47.87,Joules,power/energy-pkg/,1001110822,100.00,,
   196.311167261,43.91,Joules,power/energy-pkg/,1001144568,100.00,,
   197.312315661,37.51,Joules,power/energy-pkg/,1001143729,100.00,,
   198.312802772,38.42,Joules,power/energy-pkg/,1000478458,100.00,,
   199.314044963,26.79,Joules,power/energy-pkg/,1001248834,100.00,,
   200.315204313,24.31,Joules,power/energy-pkg/,1001132591,100.00,,
   201.316382149,40.32,Joules,power/energy-pkg/,1001174613,100.00,,
   202.316905791,48.36,Joules,power/energy-pkg/,1000534592,100.00,,
   203.318057543,50.06,Joules,power/energy-pkg/,1001164718,100.00,,
   204.319251304,62.59,Joules,power/energy-pkg/,1001168108,100.00,,
   205.320386468,52.60,Joules,power/energy-pkg/,1001098746,100.00,,
   206.320833293,41.48,Joules,power/energy-pkg/,1000451048,100.00,,
   207.322033040,57.15,Joules,power/energy-pkg/,1001209179,100.00,,
   208.323170757,38.29,Joules,power/energy-pkg/,1001099377,100.00,,
   209.324315616,45.80,Joules,power/energy-pkg/,1001184400,100.00,,
   210.324888092,61.90,Joules,power/energy-pkg/,1000583152,100.00,,
   211.326353105,57.15,Joules,power/energy-pkg/,1001418131,100.00,,
   212.336835543,61.82,Joules,power/energy-pkg/,1010469824,100.00,,
   213.338058978,67.20,Joules,power/energy-pkg/,1001202196,100.00,,
   214.339180153,63.41,Joules,power/energy-pkg/,1001160687,100.00,,
   215.340509716,59.87,Joules,power/energy-pkg/,1001270620,100.00,,
   216.340836077,47.55,Joules,power/energy-pkg/,1000340421,100.00,,
   217.341970053,44.65,Joules,power/energy-pkg/,1001159365,100.00,,
   218.343200768,64.11,Joules,power/energy-pkg/,1001171943,100.00,,
   219.344350089,66.86,Joules,power/energy-pkg/,1001180295,100.00,,
   220.344805857,61.01,Joules,power/energy-pkg/,1000413389,100.00,,
   221.345907410,54.44,Joules,power/energy-pkg/,1001081365,100.00,,
   222.347099925,52.57,Joules,power/energy-pkg/,1001214983,100.00,,
   223.348312519,49.65,Joules,power/energy-pkg/,1001182250,100.00,,
   224.348835083,47.53,Joules,power/energy-pkg/,1000538090,100.00,,
   225.350186158,50.88,Joules,power/energy-pkg/,1001366196,100.00,,
   226.351461261,44.21,Joules,power/energy-pkg/,1001231983,100.00,,
   227.352581415,53.00,Joules,power/energy-pkg/,1001108262,100.00,,
   228.353873197,65.66,Joules,power/energy-pkg/,1001295182,100.00,,
   229.355002171,63.23,Joules,power/energy-pkg/,1001125863,100.00,,
   230.356167663,57.04,Joules,power/energy-pkg/,1001142873,100.00,,
   231.356811963,58.66,Joules,power/energy-pkg/,1000635130,100.00,,
   232.362696729,46.08,Joules,power/energy-pkg/,1005884159,100.00,,
   233.363856031,46.72,Joules,power/energy-pkg/,1001208140,100.00,,
   234.364805160,61.36,Joules,power/energy-pkg/,1000866069,100.00,,
   235.366043759,53.22,Joules,power/energy-pkg/,1001290075,100.00,,
   236.367322749,47.02,Joules,power/energy-pkg/,1001205816,100.00,,
   237.368452544,70.65,Joules,power/energy-pkg/,1001177908,100.00,,
   238.370033536,51.29,Joules,power/energy-pkg/,1001520304,100.00,,
   239.371128303,55.15,Joules,power/energy-pkg/,1001079071,100.00,,
   240.372219938,46.45,Joules,power/energy-pkg/,1001088239,100.00,,
   241.372834120,65.28,Joules,power/energy-pkg/,1000644725,100.00,,
   242.374215868,60.87,Joules,power/energy-pkg/,1001358488,100.00,,
   243.376823135,71.41,Joules,power/energy-pkg/,1002591685,100.00,,
   244.378021292,73.49,Joules,power/energy-pkg/,1001229460,100.00,,
   245.379260967,72.12,Joules,power/energy-pkg/,1001192607,100.00,,
   246.380533901,77.82,Joules,power/energy-pkg/,1001255898,100.00,,
   247.384745253,79.52,Joules,power/energy-pkg/,1004274978,100.00,,
   248.386125117,69.37,Joules,power/energy-pkg/,1001314485,100.00,,
   249.387309317,61.54,Joules,power/energy-pkg/,1001206553,100.00,,
   250.388818437,63.81,Joules,power/energy-pkg/,1001451957,100.00,,
   251.390110551,68.42,Joules,power/energy-pkg/,1001314336,100.00,,
   252.391306240,72.06,Joules,power/energy-pkg/,1001169281,100.00,,
   253.392568740,75.83,Joules,power/energy-pkg/,1001243889,100.00,,
   254.392804945,54.28,Joules,power/energy-pkg/,1000225171,100.00,,
   255.394013178,38.21,Joules,power/energy-pkg/,1001198988,100.00,,
   256.395107463,38.59,Joules,power/energy-pkg/,1001090203,100.00,,
   257.396403106,26.81,Joules,power/energy-pkg/,1001299636,100.00,,
   258.396811263,40.36,Joules,power/energy-pkg/,1000401105,100.00,,
   259.398041189,63.52,Joules,power/energy-pkg/,1001231606,100.00,,
   260.399249346,53.08,Joules,power/energy-pkg/,1001179024,100.00,,
   261.400421735,59.73,Joules,power/energy-pkg/,1001191179,100.00,,
   262.400799889,60.37,Joules,power/energy-pkg/,1000334923,100.00,,
   263.401988388,51.00,Joules,power/energy-pkg/,1001183235,100.00,,
   264.403074066,52.14,Joules,power/energy-pkg/,1001073352,100.00,,
   265.404173234,48.75,Joules,power/energy-pkg/,1001089911,100.00,,
   266.404824581,44.49,Joules,power/energy-pkg/,1000666431,100.00,,
   267.406135214,53.16,Joules,power/energy-pkg/,1001287387,100.00,,
   268.407261121,43.16,Joules,power/energy-pkg/,1001111620,100.00,,
   269.408422610,48.78,Joules,power/energy-pkg/,1001188106,100.00,,
   270.408796030,41.00,Joules,power/energy-pkg/,1000326541,100.00,,
   271.409923269,45.18,Joules,power/energy-pkg/,1001139705,100.00,,
   272.411017004,50.25,Joules,power/energy-pkg/,1001085654,100.00,,
   273.412122162,59.44,Joules,power/energy-pkg/,1001088271,100.00,,
   274.414426027,72.07,Joules,power/energy-pkg/,1002323119,100.00,,
   275.415698182,46.91,Joules,power/energy-pkg/,1001234925,100.00,,
   276.416879758,41.98,Joules,power/energy-pkg/,1001166083,100.00,,
   277.417995369,50.44,Joules,power/energy-pkg/,1001116557,100.00,,
   278.419177754,66.83,Joules,power/energy-pkg/,1001173806,100.00,,
   279.420419928,64.08,Joules,power/energy-pkg/,1001273267,100.00,,
   280.421019912,60.56,Joules,power/energy-pkg/,1000587081,100.00,,
   281.422423137,51.33,Joules,power/energy-pkg/,1001373009,100.00,,
   282.423713890,63.26,Joules,power/energy-pkg/,1001320771,100.00,,
   283.424847081,63.49,Joules,power/energy-pkg/,1001086743,100.00,,
   284.426184763,65.85,Joules,power/energy-pkg/,1001348148,100.00,,
   285.427559069,59.86,Joules,power/energy-pkg/,1001343124,100.00,,
   286.431212129,47.38,Joules,power/energy-pkg/,1003642163,100.00,,
   287.432341404,59.42,Joules,power/energy-pkg/,1001165863,100.00,,
   288.432817851,68.96,Joules,power/energy-pkg/,1000458240,100.00,,
   289.434085262,72.90,Joules,power/energy-pkg/,1001230072,100.00,,
   290.435328151,71.39,Joules,power/energy-pkg/,1001245453,100.00,,
   291.436836624,70.53,Joules,power/energy-pkg/,1001505714,100.00,,
   292.438194004,70.15,Joules,power/energy-pkg/,1001341448,100.00,,
   293.439758417,70.72,Joules,power/energy-pkg/,1001599569,100.00,,
   294.440827217,72.22,Joules,power/energy-pkg/,1001007549,100.00,,
   295.442048925,72.00,Joules,power/energy-pkg/,1001218254,100.00,,
   296.443361605,56.11,Joules,power/energy-pkg/,1001296455,100.00,,
   297.444606275,55.29,Joules,power/energy-pkg/,1001246275,100.00,,
   298.445863961,49.57,Joules,power/energy-pkg/,1001241486,100.00,,
   299.447035301,54.75,Joules,power/energy-pkg/,1001185445,100.00,,
   300.448233037,65.58,Joules,power/energy-pkg/,1001170193,100.00,,
   301.448818223,67.13,Joules,power/energy-pkg/,1000587103,100.00,,
   302.450143578,56.90,Joules,power/energy-pkg/,1001294906,100.00,,
   303.451254779,48.64,Joules,power/energy-pkg/,1001133618,100.00,,
   304.452532460,65.45,Joules,power/energy-pkg/,1001323354,100.00,,
   305.453962153,62.15,Joules,power/energy-pkg/,1001365819,100.00,,
   306.455113170,64.33,Joules,power/energy-pkg/,1001122917,100.00,,
   307.456309372,53.32,Joules,power/energy-pkg/,1001184008,100.00,,
   308.456796880,66.17,Joules,power/energy-pkg/,1000473132,100.00,,
   309.458312144,74.05,Joules,power/energy-pkg/,1001509103,100.00,,
   310.459569886,52.22,Joules,power/energy-pkg/,1001287142,100.00,,
   311.460802208,40.99,Joules,power/energy-pkg/,1001204683,100.00,,
   312.461986240,51.90,Joules,power/energy-pkg/,1001165367,100.00,,
   313.463157160,77.08,Joules,power/energy-pkg/,1001163499,100.00,,
   314.464321135,75.16,Joules,power/energy-pkg/,1001147389,100.00,,
   315.464827470,45.87,Joules,power/energy-pkg/,1000506064,100.00,,
   316.465932450,48.70,Joules,power/energy-pkg/,1001120653,100.00,,
   317.467149529,34.09,Joules,power/energy-pkg/,1001195201,100.00,,
   318.468419341,44.19,Joules,power/energy-pkg/,1001257738,100.00,,
   319.468894974,48.84,Joules,power/energy-pkg/,1000473861,100.00,,
   320.470129727,50.19,Joules,power/energy-pkg/,1001203929,100.00,,
   321.471313733,37.35,Joules,power/energy-pkg/,1001176466,100.00,,
   322.472469847,56.21,Joules,power/energy-pkg/,1001149638,100.00,,
   323.472816378,49.88,Joules,power/energy-pkg/,1000345111,100.00,,
   324.473943683,69.38,Joules,power/energy-pkg/,1001122830,100.00,,
   325.475214124,47.79,Joules,power/energy-pkg/,1001270195,100.00,,
   326.476333868,41.44,Joules,power/energy-pkg/,1001090214,100.00,,
   327.476887174,60.09,Joules,power/energy-pkg/,1000558556,100.00,,
   328.477994937,51.35,Joules,power/energy-pkg/,1001107183,100.00,,
   329.479164487,65.24,Joules,power/energy-pkg/,1001172085,100.00,,
   330.480455301,70.90,Joules,power/energy-pkg/,1001254802,100.00,,
   331.480809318,73.42,Joules,power/energy-pkg/,1000347718,100.00,,
   332.481961242,76.81,Joules,power/energy-pkg/,1001162296,100.00,,
   333.483288327,66.31,Joules,power/energy-pkg/,1001331181,100.00,,
   334.484824915,70.75,Joules,power/energy-pkg/,1001785927,100.00,,
   335.485583459,73.77,Joules,power/energy-pkg/,1000488891,100.00,,
   336.486926752,70.00,Joules,power/energy-pkg/,1001341440,100.00,,
   337.488179427,70.56,Joules,power/energy-pkg/,1001249663,100.00,,
   338.488890836,66.06,Joules,power/energy-pkg/,1000668659,100.00,,
   339.490031813,47.35,Joules,power/energy-pkg/,1001137123,100.00,,
   340.491227337,66.71,Joules,power/energy-pkg/,1001224127,100.00,,
   341.492742504,57.69,Joules,power/energy-pkg/,1001461859,100.00,,
   342.493855816,49.71,Joules,power/energy-pkg/,1001127183,100.00,,
   343.495007059,65.33,Joules,power/energy-pkg/,1001139787,100.00,,
   344.496227121,67.70,Joules,power/energy-pkg/,1001212235,100.00,,
   345.496806289,68.22,Joules,power/energy-pkg/,1000578358,100.00,,
   346.497987006,68.78,Joules,power/energy-pkg/,1001152695,100.00,,
   347.499148559,68.03,Joules,power/energy-pkg/,1001155953,100.00,,
   348.500390206,61.37,Joules,power/energy-pkg/,1001248290,100.00,,
   349.500889652,48.46,Joules,power/energy-pkg/,1000484996,100.00,,
   350.502045140,60.83,Joules,power/energy-pkg/,1001153071,100.00,,
   351.503279272,58.30,Joules,power/energy-pkg/,1001212203,100.00,,
   352.504512580,49.92,Joules,power/energy-pkg/,1001256649,100.00,,
   353.504815121,48.92,Joules,power/energy-pkg/,1000259407,100.00,,
   354.506005901,61.56,Joules,power/energy-pkg/,1001182001,100.00,,
   355.507250099,68.14,Joules,power/energy-pkg/,1001325355,100.00,,
   356.508677191,51.30,Joules,power/energy-pkg/,1001360674,100.00,,
   357.510077437,35.87,Joules,power/energy-pkg/,1001351871,100.00,,
   358.511277562,41.03,Joules,power/energy-pkg/,1001194863,100.00,,
   359.512419529,32.79,Joules,power/energy-pkg/,1001159374,100.00,,
   360.512831385,53.28,Joules,power/energy-pkg/,1000409588,100.00,,
   361.514163241,59.33,Joules,power/energy-pkg/,1001312422,100.00,,
   362.515407686,69.57,Joules,power/energy-pkg/,1001258451,100.00,,
   363.516868137,69.26,Joules,power/energy-pkg/,1001421241,100.00,,
   364.518057868,62.21,Joules,power/energy-pkg/,1001197841,100.00,,
   365.519306489,20.60,Joules,power/energy-pkg/,1001236244,100.00,,
   366.520638912,21.53,Joules,power/energy-pkg/,1001300761,100.00,,
   367.520822107,60.56,Joules,power/energy-pkg/,1000196903,100.00,,
   368.522030371,65.31,Joules,power/energy-pkg/,1001236102,100.00,,
   369.523280918,69.97,Joules,power/energy-pkg/,1001196499,100.00,,
   370.524516248,73.77,Joules,power/energy-pkg/,1001227162,100.00,,
   371.524832089,67.36,Joules,power/energy-pkg/,1000316637,100.00,,
   372.526091368,65.14,Joules,power/energy-pkg/,1001259056,100.00,,
   373.527495829,67.67,Joules,power/energy-pkg/,1001424051,100.00,,
   374.528765368,63.99,Joules,power/energy-pkg/,1001276624,100.00,,
   375.530045406,66.40,Joules,power/energy-pkg/,1001215895,100.00,,
   376.531285418,59.73,Joules,power/energy-pkg/,1001348343,100.00,,
   377.532843116,48.92,Joules,power/energy-pkg/,1001449805,100.00,,
   378.534164698,53.79,Joules,power/energy-pkg/,1001286652,100.00,,
   379.535376160,55.36,Joules,power/energy-pkg/,1001237875,100.00,,
   380.536773757,71.17,Joules,power/energy-pkg/,1001419271,100.00,,
   381.538127880,65.96,Joules,power/energy-pkg/,1001332502,100.00,,
   382.539360240,61.88,Joules,power/energy-pkg/,1001202016,100.00,,
   383.540550158,75.50,Joules,power/energy-pkg/,1001152543,100.00,,
   384.540872565,67.28,Joules,power/energy-pkg/,1000338047,100.00,,
   385.542086034,61.02,Joules,power/energy-pkg/,1001217718,100.00,,
   386.543250131,58.45,Joules,power/energy-pkg/,1001114833,100.00,,
   387.544384851,59.52,Joules,power/energy-pkg/,1001148343,100.00,,
   388.544814473,50.35,Joules,power/energy-pkg/,1000411774,100.00,,
   389.546093594,62.22,Joules,power/energy-pkg/,1001263205,100.00,,
   390.547287965,48.46,Joules,power/energy-pkg/,1001202232,100.00,,
   391.548460689,49.82,Joules,power/energy-pkg/,1001180231,100.00,,
   392.548889963,45.71,Joules,power/energy-pkg/,1000415348,100.00,,
   393.550098388,43.29,Joules,power/energy-pkg/,1001168795,100.00,,
   394.551181482,33.56,Joules,power/energy-pkg/,1001075789,100.00,,
   395.552310173,45.17,Joules,power/energy-pkg/,1001163387,100.00,,
   396.552888972,61.61,Joules,power/energy-pkg/,1000535468,100.00,,
   397.554064525,46.60,Joules,power/energy-pkg/,1001207311,100.00,,
   398.555365927,52.85,Joules,power/energy-pkg/,1001331309,100.00,,
   399.556706201,44.56,Joules,power/energy-pkg/,1001270823,100.00,,
   400.557907664,22.23,Joules,power/energy-pkg/,1001252048,100.00,,
   401.559179043,35.85,Joules,power/energy-pkg/,1001205260,100.00,,
   402.560300594,55.30,Joules,power/energy-pkg/,1001140766,100.00,,
   403.560890240,64.55,Joules,power/energy-pkg/,1000559142,100.00,,
   404.562196982,45.40,Joules,power/energy-pkg/,1001320415,100.00,,
   405.563419785,61.60,Joules,power/energy-pkg/,1001175536,100.00,,
   406.564623806,44.36,Joules,power/energy-pkg/,1001188761,100.00,,
   407.564936606,44.38,Joules,power/energy-pkg/,1000328504,100.00,,
   408.566228332,60.61,Joules,power/energy-pkg/,1001293509,100.00,,
   409.567372737,44.99,Joules,power/energy-pkg/,1001097038,100.00,,
   410.568488928,45.85,Joules,power/energy-pkg/,1001112052,100.00,,
   411.568800741,32.64,Joules,power/energy-pkg/,1000302601,100.00,,
   412.569996926,52.87,Joules,power/energy-pkg/,1001226915,100.00,,
   413.571208376,56.28,Joules,power/energy-pkg/,1001263626,100.00,,
   414.572609460,54.77,Joules,power/energy-pkg/,1001302798,100.00,,
   415.573189807,56.03,Joules,power/energy-pkg/,1000611878,100.00,,
   416.574561244,50.21,Joules,power/energy-pkg/,1001312475,100.00,,
   417.575636963,33.10,Joules,power/energy-pkg/,1001062920,100.00,,
   418.576738010,44.67,Joules,power/energy-pkg/,1001211259,100.00,,
   419.578228822,53.06,Joules,power/energy-pkg/,1001380325,100.00,,
   420.579415357,49.45,Joules,power/energy-pkg/,1001226866,100.00,,
   421.580736159,59.40,Joules,power/energy-pkg/,1001263870,100.00,,
   422.583486360,52.94,Joules,power/energy-pkg/,1002791530,100.00,,
   423.584819791,59.42,Joules,power/energy-pkg/,1001342370,100.00,,
   424.586206423,63.82,Joules,power/energy-pkg/,1001370822,100.00,,
   425.587544867,67.61,Joules,power/energy-pkg/,1001305871,100.00,,
   426.588815611,59.89,Joules,power/energy-pkg/,1001231125,100.00,,
   427.590031595,69.61,Joules,power/energy-pkg/,1001195726,100.00,,
   428.591264797,69.40,Joules,power/energy-pkg/,1001251045,100.00,,
   429.592512729,69.79,Joules,power/energy-pkg/,1001246340,100.00,,
   430.592811704,71.62,Joules,power/energy-pkg/,1000260612,100.00,,
   431.593950745,73.76,Joules,power/energy-pkg/,1001154353,100.00,,
   432.595205755,66.16,Joules,power/energy-pkg/,1001231058,100.00,,
   433.596430825,60.45,Joules,power/energy-pkg/,1001234090,100.00,,
   434.596852922,54.16,Joules,power/energy-pkg/,1000407535,100.00,,
   435.598127587,58.16,Joules,power/energy-pkg/,1001265132,100.00,,
   436.599751967,59.85,Joules,power/energy-pkg/,1001595272,100.00,,
   437.600831515,62.40,Joules,power/energy-pkg/,1001120327,100.00,,
   438.602258910,62.69,Joules,power/energy-pkg/,1001444824,100.00,,
   439.603608409,65.23,Joules,power/energy-pkg/,1001303572,100.00,,
   440.604861000,62.30,Joules,power/energy-pkg/,1001245495,100.00,,
   441.606261112,64.27,Joules,power/energy-pkg/,1001387767,100.00,,
   442.607584082,64.89,Joules,power/energy-pkg/,1001306242,100.00,,
   443.612868112,62.60,Joules,power/energy-pkg/,1005276699,100.00,,
   444.614171400,66.32,Joules,power/energy-pkg/,1001298850,100.00,,
   445.618139425,67.55,Joules,power/energy-pkg/,1004012593,100.00,,
   446.619551168,68.29,Joules,power/energy-pkg/,1001348555,100.00,,
   447.620849448,66.80,Joules,power/energy-pkg/,1001280360,100.00,,
   448.622105958,68.28,Joules,power/energy-pkg/,1001249981,100.00,,
   449.623323964,65.30,Joules,power/energy-pkg/,1001217753,100.00,,
   450.627328456,71.57,Joules,power/energy-pkg/,1003978609,100.00,,
   451.628523114,70.79,Joules,power/energy-pkg/,1001195902,100.00,,
   452.628817855,69.76,Joules,power/energy-pkg/,1000311278,100.00,,
   453.630102735,73.29,Joules,power/energy-pkg/,1001235977,100.00,,
   454.631273318,74.07,Joules,power/energy-pkg/,1001174887,100.00,,
   455.632588600,58.35,Joules,power/energy-pkg/,1001299201,100.00,,
   456.632877364,47.26,Joules,power/energy-pkg/,1000289585,100.00,,
   457.634050394,60.37,Joules,power/energy-pkg/,1001177493,100.00,,
   458.635262103,52.95,Joules,power/energy-pkg/,1001177320,100.00,,
   459.636428986,35.60,Joules,power/energy-pkg/,1001174016,100.00,,
   460.637626415,16.22,Joules,power/energy-pkg/,1001189216,100.00,,
   461.638937928,33.17,Joules,power/energy-pkg/,1001315816,100.00,,
   462.640084910,34.34,Joules,power/energy-pkg/,1001109334,100.00,,
   463.640809046,57.39,Joules,power/energy-pkg/,1000741900,100.00,,
   464.642050909,74.26,Joules,power/energy-pkg/,1001210027,100.00,,
   465.643169039,65.45,Joules,power/energy-pkg/,1001124339,100.00,,
   466.644455833,39.43,Joules,power/energy-pkg/,1001262475,100.00,,
   467.644884700,33.99,Joules,power/energy-pkg/,1000421825,100.00,,
   468.646084072,54.67,Joules,power/energy-pkg/,1001214535,100.00,,
   469.647227563,65.82,Joules,power/energy-pkg/,1001119961,100.00,,
   470.648465758,73.56,Joules,power/energy-pkg/,1001239013,100.00,,
   471.648839997,64.94,Joules,power/energy-pkg/,1000387861,100.00,,
   472.650251042,63.95,Joules,power/energy-pkg/,1001387573,100.00,,
   473.651562943,65.70,Joules,power/energy-pkg/,1001298879,100.00,,
   474.652856915,64.51,Joules,power/energy-pkg/,1001301934,100.00,,
   475.654244157,64.25,Joules,power/energy-pkg/,1001361471,100.00,,
   476.655602919,73.94,Joules,power/energy-pkg/,1001349939,100.00,,
   477.656831627,75.75,Joules,power/energy-pkg/,1001217406,100.00,,
   478.658064483,72.81,Joules,power/energy-pkg/,1001236656,100.00,,
   479.659398135,69.27,Joules,power/energy-pkg/,1001337222,100.00,,
   480.660867319,66.15,Joules,power/energy-pkg/,1001450456,100.00,,
   481.662185548,60.38,Joules,power/energy-pkg/,1001303664,100.00,,
   482.663500063,59.71,Joules,power/energy-pkg/,1001324531,100.00,,
   483.664880804,56.57,Joules,power/energy-pkg/,1001368514,100.00,,
   484.666589078,61.75,Joules,power/energy-pkg/,1001761614,100.00,,
   485.667965214,64.54,Joules,power/energy-pkg/,1001298335,100.00,,
   486.671371820,61.30,Joules,power/energy-pkg/,1003388768,100.00,,
   487.672679432,53.67,Joules,power/energy-pkg/,1001358505,100.00,,
   488.674105396,69.81,Joules,power/energy-pkg/,1001363057,100.00,,
   489.675363180,77.04,Joules,power/energy-pkg/,1001236680,100.00,,
   490.676537763,73.88,Joules,power/energy-pkg/,1001176357,100.00,,
   491.679545894,77.01,Joules,power/energy-pkg/,1002991453,100.00,,
   492.680729261,77.36,Joules,power/energy-pkg/,1001175687,100.00,,
   493.681987711,76.39,Joules,power/energy-pkg/,1001245789,100.00,,
   494.683155346,72.64,Joules,power/energy-pkg/,1001236265,100.00,,
   495.684570697,74.82,Joules,power/energy-pkg/,1001337615,100.00,,
   496.684820690,79.14,Joules,power/energy-pkg/,1000234246,100.00,,
   497.686146080,75.16,Joules,power/energy-pkg/,1001410517,100.00,,
   498.687537725,72.47,Joules,power/energy-pkg/,1001306344,100.00,,
   499.688844843,65.12,Joules,power/energy-pkg/,1001320078,100.00,,
   500.690280372,65.00,Joules,power/energy-pkg/,1001407262,100.00,,
   501.691514613,64.68,Joules,power/energy-pkg/,1001221596,100.00,,
   502.692837883,62.21,Joules,power/energy-pkg/,1001302016,100.00,,
   503.694050174,58.06,Joules,power/energy-pkg/,1001235668,100.00,,
   504.695324686,61.03,Joules,power/energy-pkg/,1001243284,100.00,,
   505.696555316,72.53,Joules,power/energy-pkg/,1001217985,100.00,,
   506.696844833,71.31,Joules,power/energy-pkg/,1000288685,100.00,,
   507.698072820,65.10,Joules,power/energy-pkg/,1001234402,100.00,,
   508.699248964,64.74,Joules,power/energy-pkg/,1001136981,100.00,,
   509.704244963,64.27,Joules,power/energy-pkg/,1005016221,100.00,,
   510.704897046,51.01,Joules,power/energy-pkg/,1000624038,100.00,,
   511.706116950,50.88,Joules,power/energy-pkg/,1001204537,100.00,,
   512.707230556,44.40,Joules,power/energy-pkg/,1001113344,100.00,,
   513.708474203,64.53,Joules,power/energy-pkg/,1001247457,100.00,,
   514.708819437,65.56,Joules,power/energy-pkg/,1000365946,100.00,,
   515.710051827,60.67,Joules,power/energy-pkg/,1001188097,100.00,,
   516.711320463,63.52,Joules,power/energy-pkg/,1001271157,100.00,,
   517.712339680,68.18,Joules,power/energy-pkg/,1001005531,100.00,,
   518.712820685,76.13,Joules,power/energy-pkg/,1000465221,100.00,,
   519.714073167,77.08,Joules,power/energy-pkg/,1001243589,100.00,,
   520.715390766,70.15,Joules,power/energy-pkg/,1001321186,100.00,,
   521.716677188,65.95,Joules,power/energy-pkg/,1001332516,100.00,,
   522.718005787,64.41,Joules,power/energy-pkg/,1001271936,100.00,,
   523.719337558,64.10,Joules,power/energy-pkg/,1001329439,100.00,,
   524.720715248,65.06,Joules,power/energy-pkg/,1001390889,100.00,,
   525.722018914,70.46,Joules,power/energy-pkg/,1001260517,100.00,,
   526.723296661,68.64,Joules,power/energy-pkg/,1001268782,100.00,,
   527.724586106,65.00,Joules,power/energy-pkg/,1001291429,100.00,,
   528.726012949,66.81,Joules,power/energy-pkg/,1001406530,100.00,,
   529.727259139,66.04,Joules,power/energy-pkg/,1001247935,100.00,,
   530.728607793,64.97,Joules,power/energy-pkg/,1001335604,100.00,,
   531.730228997,64.90,Joules,power/energy-pkg/,1001658543,100.00,,
   532.731544180,65.09,Joules,power/energy-pkg/,1001248133,100.00,,
   533.732831475,64.86,Joules,power/energy-pkg/,1001324138,100.00,,
   534.734151753,64.91,Joules,power/energy-pkg/,1001288171,100.00,,
   535.736823292,65.15,Joules,power/energy-pkg/,1002657000,100.00,,
   536.738107493,64.98,Joules,power/energy-pkg/,1001269372,100.00,,
   537.739370274,64.61,Joules,power/energy-pkg/,1001267935,100.00,,
   538.740701346,64.29,Joules,power/energy-pkg/,1001379472,100.00,,
   539.742049599,54.62,Joules,power/energy-pkg/,1001291463,100.00,,
   540.743428603,59.39,Joules,power/energy-pkg/,1001387957,100.00,,
   541.744688511,63.23,Joules,power/energy-pkg/,1001192541,100.00,,
   542.744825039,74.69,Joules,power/energy-pkg/,1000146870,100.00,,
   543.747625524,62.13,Joules,power/energy-pkg/,1002775642,100.00,,
   544.748843496,57.03,Joules,power/energy-pkg/,1001215748,100.00,,
   545.749975286,63.24,Joules,power/energy-pkg/,1001176617,100.00,,
   546.751195722,55.86,Joules,power/energy-pkg/,1001154682,100.00,,
   547.752375750,58.06,Joules,power/energy-pkg/,1001227770,100.00,,
   548.752812542,55.92,Joules,power/energy-pkg/,1000383388,100.00,,
   549.754081064,52.74,Joules,power/energy-pkg/,1001275928,100.00,,
   550.755284753,36.29,Joules,power/energy-pkg/,1001170419,100.00,,
   551.756394939,46.01,Joules,power/energy-pkg/,1001177814,100.00,,
   552.756875012,48.32,Joules,power/energy-pkg/,1000401391,100.00,,
   553.758108067,62.28,Joules,power/energy-pkg/,1001255688,100.00,,
   554.759498151,59.24,Joules,power/energy-pkg/,1001433361,100.00,,
   555.760831792,56.88,Joules,power/energy-pkg/,1001278081,100.00,,
   556.762039187,66.96,Joules,power/energy-pkg/,1001183126,100.00,,
   557.763331270,72.49,Joules,power/energy-pkg/,1001273506,100.00,,
   558.764542967,72.74,Joules,power/energy-pkg/,1001207920,100.00,,
   559.765867979,67.39,Joules,power/energy-pkg/,1001338039,100.00,,
   560.767232531,63.13,Joules,power/energy-pkg/,1001331155,100.00,,
   561.768483199,67.08,Joules,power/energy-pkg/,1001246019,100.00,,
   562.768820954,79.31,Joules,power/energy-pkg/,1000325632,100.00,,
   563.770032332,77.92,Joules,power/energy-pkg/,1001207229,100.00,,
   564.770474827,71.95,Joules,power/energy-pkg/,1000451778,100.00,,
   565.771749969,67.44,Joules,power/energy-pkg/,1001245460,100.00,,
   566.772820903,73.93,Joules,power/energy-pkg/,1001067819,100.00,,
   567.774054529,65.40,Joules,power/energy-pkg/,1001232964,100.00,,
   568.775418348,66.60,Joules,power/energy-pkg/,1001355176,100.00,,
   569.776701911,65.64,Joules,power/energy-pkg/,1001272577,100.00,,
   570.778020442,66.55,Joules,power/energy-pkg/,1001304251,100.00,,
   571.779334204,62.91,Joules,power/energy-pkg/,1001389239,100.00,,
   572.780740149,56.32,Joules,power/energy-pkg/,1001294113,100.00,,
   573.780886870,64.42,Joules,power/energy-pkg/,1000154400,100.00,,
   574.782084696,45.82,Joules,power/energy-pkg/,1001182750,100.00,,
   575.783239520,46.40,Joules,power/energy-pkg/,1001144710,100.00,,
   576.784378173,55.69,Joules,power/energy-pkg/,1001173009,100.00,,
   577.784803048,53.26,Joules,power/energy-pkg/,1000384031,100.00,,
   578.786013088,38.89,Joules,power/energy-pkg/,1001190854,100.00,,
   579.788798177,43.93,Joules,power/energy-pkg/,1002771161,100.00,,
   580.789919171,64.89,Joules,power/energy-pkg/,1001158365,100.00,,
   581.791213721,62.82,Joules,power/energy-pkg/,1001250606,100.00,,
   582.792336044,67.75,Joules,power/energy-pkg/,1001107882,100.00,,
   583.792882688,58.30,Joules,power/energy-pkg/,1000549042,100.00,,
   584.793976819,61.55,Joules,power/energy-pkg/,1001068737,100.00,,
   585.795065844,70.49,Joules,power/energy-pkg/,1001086481,100.00,,
   586.796284879,55.50,Joules,power/energy-pkg/,1001218795,100.00,,
   587.798972729,51.06,Joules,power/energy-pkg/,1002667031,100.00,,
   588.800079589,33.49,Joules,power/energy-pkg/,1001101699,100.00,,
   589.800804761,37.07,Joules,power/energy-pkg/,1000733860,100.00,,
   590.802048290,54.38,Joules,power/energy-pkg/,1001273855,100.00,,
   591.803352595,31.16,Joules,power/energy-pkg/,1001259791,100.00,,
   592.804455825,44.52,Joules,power/energy-pkg/,1001073721,100.00,,
   593.804812504,53.11,Joules,power/energy-pkg/,1000360921,100.00,,
   594.806021003,64.04,Joules,power/energy-pkg/,1001212304,100.00,,
   595.807342344,66.62,Joules,power/energy-pkg/,1001329180,100.00,,
   596.808750535,64.11,Joules,power/energy-pkg/,1001425324,100.00,,
   597.810185575,63.34,Joules,power/energy-pkg/,1001393608,100.00,,
   598.811552951,65.46,Joules,power/energy-pkg/,1001351461,100.00,,
   599.812835787,63.58,Joules,power/energy-pkg/,1001282862,100.00,,
   600.814137704,68.11,Joules,power/energy-pkg/,1001281051,100.00,,
   601.815422502,67.88,Joules,power/energy-pkg/,1001284951,100.00,,
   602.816725137,65.32,Joules,power/energy-pkg/,1001291698,100.00,,
   603.818054334,74.34,Joules,power/energy-pkg/,1001323510,100.00,,
   604.819363732,75.98,Joules,power/energy-pkg/,1001290143,100.00,,
   605.820596388,76.68,Joules,power/energy-pkg/,1001222865,100.00,,
   606.820835604,70.08,Joules,power/energy-pkg/,1000235569,100.00,,
   607.822469569,66.82,Joules,power/energy-pkg/,1001642598,100.00,,
   608.823884209,64.56,Joules,power/energy-pkg/,1001389479,100.00,,
   609.824871672,62.99,Joules,power/energy-pkg/,1000997140,100.00,,
   610.826288368,67.59,Joules,power/energy-pkg/,1001401932,100.00,,
   611.827609461,63.87,Joules,power/energy-pkg/,1001322132,100.00,,
   612.828810043,65.10,Joules,power/energy-pkg/,1001195608,100.00,,
   613.830035452,67.66,Joules,power/energy-pkg/,1001200207,100.00,,
   614.831342236,66.65,Joules,power/energy-pkg/,1001295508,100.00,,
   615.832629243,65.17,Joules,power/energy-pkg/,1001276440,100.00,,
   616.833897752,67.19,Joules,power/energy-pkg/,1001276548,100.00,,
   617.836809037,69.52,Joules,power/energy-pkg/,1002923546,100.00,,
   618.838114554,65.49,Joules,power/energy-pkg/,1001277255,100.00,,
   619.839497422,65.84,Joules,power/energy-pkg/,1001371064,100.00,,
   620.840819751,74.76,Joules,power/energy-pkg/,1001302715,100.00,,
   621.842358158,76.19,Joules,power/energy-pkg/,1001559981,100.00,,
   622.843591895,78.82,Joules,power/energy-pkg/,1001188580,100.00,,
   623.844814329,71.12,Joules,power/energy-pkg/,1001228479,100.00,,
   624.846142379,70.80,Joules,power/energy-pkg/,1001313064,100.00,,
   625.847412477,67.24,Joules,power/energy-pkg/,1001274897,100.00,,
   626.848830214,64.84,Joules,power/energy-pkg/,1001412185,100.00,,
   627.850429957,64.62,Joules,power/energy-pkg/,1001614193,100.00,,
   628.851725660,65.46,Joules,power/energy-pkg/,1001248119,100.00,,
   629.852849663,64.71,Joules,power/energy-pkg/,1001123406,100.00,,
   630.854186803,64.87,Joules,power/energy-pkg/,1001332332,100.00,,
   631.855522190,65.00,Joules,power/energy-pkg/,1001323066,100.00,,
   632.856809548,65.14,Joules,power/energy-pkg/,1001271827,100.00,,
   633.858129973,62.79,Joules,power/energy-pkg/,1001351338,100.00,,
   634.859635064,67.31,Joules,power/energy-pkg/,1001463988,100.00,,
   635.860839852,64.69,Joules,power/energy-pkg/,1001200549,100.00,,
   636.862277572,64.72,Joules,power/energy-pkg/,1001446803,100.00,,
   637.863691193,65.51,Joules,power/energy-pkg/,1001373821,100.00,,
   638.864840654,65.31,Joules,power/energy-pkg/,1001163508,100.00,,
   639.866177411,64.99,Joules,power/energy-pkg/,1001318419,100.00,,
   640.867442510,64.98,Joules,power/energy-pkg/,1001239293,100.00,,
   641.868679764,64.87,Joules,power/energy-pkg/,1001254289,100.00,,
   642.870015641,65.40,Joules,power/energy-pkg/,1001307781,100.00,,
   643.871352350,64.70,Joules,power/energy-pkg/,1001371464,100.00,,
   644.871912483,65.02,Joules,power/energy-pkg/,1000513949,100.00,,
   645.872819920,65.18,Joules,power/energy-pkg/,1000883529,100.00,,
   646.873972453,64.93,Joules,power/energy-pkg/,1001146750,100.00,,
   647.875200179,65.13,Joules,power/energy-pkg/,1001233157,100.00,,
   648.876474675,65.12,Joules,power/energy-pkg/,1001271418,100.00,,
   649.876832004,64.90,Joules,power/energy-pkg/,1000354594,100.00,,
   650.878172795,64.99,Joules,power/energy-pkg/,1001321089,100.00,,
   651.879451581,64.82,Joules,power/energy-pkg/,1001285515,100.00,,
   652.880802420,62.79,Joules,power/energy-pkg/,1001354068,100.00,,
   653.882190535,59.40,Joules,power/energy-pkg/,1001352451,100.00,,
   654.883472463,55.14,Joules,power/energy-pkg/,1001331308,100.00,,
   655.884815556,57.23,Joules,power/energy-pkg/,1001279815,100.00,,
   656.886079948,62.22,Joules,power/energy-pkg/,1001268038,100.00,,
   657.887452745,66.31,Joules,power/energy-pkg/,1001361570,100.00,,
   658.888763794,66.18,Joules,power/energy-pkg/,1001314057,100.00,,
   659.890068045,62.25,Joules,power/energy-pkg/,1001281761,100.00,,
   660.891388088,57.91,Joules,power/energy-pkg/,1001318425,100.00,,
   661.892575310,56.66,Joules,power/energy-pkg/,1001224679,100.00,,
   662.893901696,60.97,Joules,power/energy-pkg/,1001258185,100.00,,
   663.895143456,66.34,Joules,power/energy-pkg/,1001235865,100.00,,
   664.896391265,73.31,Joules,power/energy-pkg/,1001235266,100.00,,
   665.897884019,68.46,Joules,power/energy-pkg/,1001491575,100.00,,
   666.899066128,62.49,Joules,power/energy-pkg/,1001187260,100.00,,
   667.900383295,67.92,Joules,power/energy-pkg/,1001329032,100.00,,
   668.900801173,61.37,Joules,power/energy-pkg/,1000375194,100.00,,
   669.901994083,44.41,Joules,power/energy-pkg/,1001170376,100.00,,
   670.903139697,59.39,Joules,power/energy-pkg/,1001165899,100.00,,
   671.904334474,57.20,Joules,power/energy-pkg/,1001194879,100.00,,
   672.904820579,53.98,Joules,power/energy-pkg/,1000480698,100.00,,
   673.906085438,59.66,Joules,power/energy-pkg/,1001267559,100.00,,
   674.907416777,66.06,Joules,power/energy-pkg/,1004426043,100.00,,
   675.911769967,68.05,Joules,power/energy-pkg/,1001197014,100.00,,
   676.912970073,61.54,Joules,power/energy-pkg/,1001188237,100.00,,
   677.913976912,59.81,Joules,power/energy-pkg/,1001049415,100.00,,
   678.915256566,48.26,Joules,power/energy-pkg/,1001243096,100.00,,
   679.916571608,68.67,Joules,power/energy-pkg/,1001322037,100.00,,
   680.947230711,67.64,Joules,power/energy-pkg/,1030622125,100.00,,
   681.948376003,51.97,Joules,power/energy-pkg/,1001133647,100.00,,
   682.948811212,50.65,Joules,power/energy-pkg/,1000449713,100.00,,
   683.967371571,61.29,Joules,power/energy-pkg/,1018563309,100.00,,
   684.968822635,58.19,Joules,power/energy-pkg/,1001400861,100.00,,
   685.969956367,61.19,Joules,power/energy-pkg/,1001122756,100.00,,
   686.987029639,66.16,Joules,power/energy-pkg/,1017140032,100.00,,
   687.988357814,57.63,Joules,power/energy-pkg/,1001334475,100.00,,
   688.988855079,57.70,Joules,power/energy-pkg/,1000439579,100.00,,
   689.990263253,60.93,Joules,power/energy-pkg/,1001430098,100.00,,
   690.996697536,67.53,Joules,power/energy-pkg/,1006415455,100.00,,
   691.998029106,73.26,Joules,power/energy-pkg/,1001268562,100.00,,
   692.999222328,75.80,Joules,power/energy-pkg/,1001212977,100.00,,
   694.000598786,70.09,Joules,power/energy-pkg/,1001366076,100.00,,
   695.002000899,57.17,Joules,power/energy-pkg/,1001376030,100.00,,
   696.024832368,66.81,Joules,power/energy-pkg/,1022825112,100.00,,
   697.028834237,70.20,Joules,power/energy-pkg/,1004005146,100.00,,
   698.030216555,69.92,Joules,power/energy-pkg/,1001360434,100.00,,
   699.031468560,68.40,Joules,power/energy-pkg/,1001250525,100.00,,
   700.032633173,68.13,Joules,power/energy-pkg/,1001152247,100.00,,
   701.033970332,73.98,Joules,power/energy-pkg/,1001364117,100.00,,
   702.035199576,64.33,Joules,power/energy-pkg/,1001209455,100.00,,
   703.036456302,63.66,Joules,power/energy-pkg/,1001227906,100.00,,
   704.036901107,67.58,Joules,power/energy-pkg/,1000466726,100.00,,
   705.038203820,63.89,Joules,power/energy-pkg/,1001255021,100.00,,
   706.039429690,65.16,Joules,power/energy-pkg/,1001229607,100.00,,
   707.040719375,66.28,Joules,power/energy-pkg/,1001279993,100.00,,
   708.042001174,64.10,Joules,power/energy-pkg/,1001262255,100.00,,
   709.043202236,69.32,Joules,power/energy-pkg/,1001196775,100.00,,
   710.044432525,72.00,Joules,power/energy-pkg/,1001232060,100.00,,
   711.044868697,67.52,Joules,power/energy-pkg/,1000489100,100.00,,
   712.046319019,63.37,Joules,power/energy-pkg/,1001401422,100.00,,
   713.047588211,73.64,Joules,power/energy-pkg/,1001238175,100.00,,
   714.048845827,68.84,Joules,power/energy-pkg/,1001245856,100.00,,
   715.050104357,64.85,Joules,power/energy-pkg/,1001251602,100.00,,
   716.051378044,62.38,Joules,power/energy-pkg/,1001315867,100.00,,
   717.052675022,55.06,Joules,power/energy-pkg/,1001287533,100.00,,
   718.054078502,58.50,Joules,power/energy-pkg/,1001373569,100.00,,
   719.056839244,66.66,Joules,power/energy-pkg/,1002770496,100.00,,
   720.058220698,64.81,Joules,power/energy-pkg/,1001339075,100.00,,
   721.059619348,62.68,Joules,power/energy-pkg/,1001394076,100.00,,
   722.060839375,62.72,Joules,power/energy-pkg/,1001217007,100.00,,
   723.062248836,63.31,Joules,power/energy-pkg/,1001380618,100.00,,
   724.063563052,62.34,Joules,power/energy-pkg/,1001308415,100.00,,
   725.064858087,62.31,Joules,power/energy-pkg/,1001319533,100.00,,
   726.066318477,65.21,Joules,power/energy-pkg/,1001419170,100.00,,
   727.067593381,66.46,Joules,power/energy-pkg/,1001269716,100.00,,
   728.068834255,66.94,Joules,power/energy-pkg/,1001214126,100.00,,
   729.070068979,69.41,Joules,power/energy-pkg/,1001244582,100.00,,
   730.071357535,67.93,Joules,power/energy-pkg/,1001283718,100.00,,
   731.072710303,65.10,Joules,power/energy-pkg/,1001358296,100.00,,
   732.074132911,64.07,Joules,power/energy-pkg/,1001403822,100.00,,
   733.078006649,62.46,Joules,power/energy-pkg/,1003879290,100.00,,
   734.079387097,64.37,Joules,power/energy-pkg/,1001385345,100.00,,
   735.080807148,62.12,Joules,power/energy-pkg/,1001411582,100.00,,
   736.082131270,69.15,Joules,power/energy-pkg/,1001309470,100.00,,
   737.083535471,70.18,Joules,power/energy-pkg/,1001371474,100.00,,
   738.084872083,61.73,Joules,power/energy-pkg/,1001338688,100.00,,
   739.086328436,59.88,Joules,power/energy-pkg/,1001445654,100.00,,
   740.092826696,60.11,Joules,power/energy-pkg/,1006525453,100.00,,
   741.107071523,72.41,Joules,power/energy-pkg/,1014206453,100.00,,
   742.108339131,70.45,Joules,power/energy-pkg/,1001260211,100.00,,
   743.108897471,69.64,Joules,power/energy-pkg/,1000521973,100.00,,
   744.110063754,64.02,Joules,power/energy-pkg/,1001157159,100.00,,
   745.111296308,61.64,Joules,power/energy-pkg/,1001237914,100.00,,
   746.112720175,66.06,Joules,power/energy-pkg/,1001455839,100.00,,
   747.114067234,70.59,Joules,power/energy-pkg/,1001318233,100.00,,
   748.115474213,62.33,Joules,power/energy-pkg/,1001389592,100.00,,
   749.117022002,61.97,Joules,power/energy-pkg/,1001530003,100.00,,
   750.118323928,66.64,Joules,power/energy-pkg/,1001285810,100.00,,
   751.119572717,69.74,Joules,power/energy-pkg/,1001247297,100.00,,
   752.120829002,63.42,Joules,power/energy-pkg/,1001289303,100.00,,
   753.122263877,65.86,Joules,power/energy-pkg/,1001430387,100.00,,
   754.123604356,64.08,Joules,power/energy-pkg/,1001293737,100.00,,
   755.124834552,57.70,Joules,power/energy-pkg/,1001209732,100.00,,
   756.126133217,61.47,Joules,power/energy-pkg/,1001303052,100.00,,
   757.127414183,61.93,Joules,power/energy-pkg/,1001306129,100.00,,
   758.128741898,56.37,Joules,power/energy-pkg/,1001277645,100.00,,
   759.130063237,59.01,Joules,power/energy-pkg/,1001326541,100.00,,
   760.131397929,62.54,Joules,power/energy-pkg/,1001312194,100.00,,
   761.132679509,63.38,Joules,power/energy-pkg/,1001281134,100.00,,
   762.134029257,62.47,Joules,power/energy-pkg/,1001346929,100.00,,
   763.135362552,63.96,Joules,power/energy-pkg/,1001323147,100.00,,
   764.136706522,71.57,Joules,power/energy-pkg/,1001333074,100.00,,
   765.138053958,67.91,Joules,power/energy-pkg/,1001331203,100.00,,
   766.139320931,60.21,Joules,power/energy-pkg/,1001270620,100.00,,
   767.140716205,61.14,Joules,power/energy-pkg/,1001379812,100.00,,
   768.142388765,63.32,Joules,power/energy-pkg/,1001698096,100.00,,
   769.143678596,71.37,Joules,power/energy-pkg/,1001237925,100.00,,
   770.144826988,69.87,Joules,power/energy-pkg/,1001140406,100.00,,
   771.146083845,71.37,Joules,power/energy-pkg/,1001247949,100.00,,
   772.147348383,68.48,Joules,power/energy-pkg/,1001272760,100.00,,
   773.148725154,71.16,Joules,power/energy-pkg/,1001356598,100.00,,
   774.150019149,64.10,Joules,power/energy-pkg/,1001281529,100.00,,
   775.151236400,58.97,Joules,power/energy-pkg/,1001367807,100.00,,
   776.160840844,72.71,Joules,power/energy-pkg/,1009470097,100.00,,
   777.162128478,65.35,Joules,power/energy-pkg/,1001272523,100.00,,
   778.164851984,64.42,Joules,power/energy-pkg/,1002699913,100.00,,
   779.166184103,65.87,Joules,power/energy-pkg/,1001308033,100.00,,
   780.167360877,64.89,Joules,power/energy-pkg/,1001166006,100.00,,
   781.168644820,64.72,Joules,power/energy-pkg/,1001279400,100.00,,
   782.169863078,64.81,Joules,power/energy-pkg/,1001243472,100.00,,
   783.171155062,65.03,Joules,power/energy-pkg/,1001257963,100.00,,
   784.171676570,65.07,Joules,power/energy-pkg/,1000509651,100.00,,
   785.172802255,65.13,Joules,power/energy-pkg/,1001114775,100.00,,
   786.174029124,64.82,Joules,power/energy-pkg/,1001228362,100.00,,
   787.175309916,63.99,Joules,power/energy-pkg/,1001278311,100.00,,
   788.176636825,65.87,Joules,power/energy-pkg/,1001298274,100.00,,
   789.177858768,65.15,Joules,power/energy-pkg/,1001252177,100.00,,
   790.179284904,64.19,Joules,power/energy-pkg/,1001402447,100.00,,
   791.180601384,64.09,Joules,power/energy-pkg/,1001314895,100.00,,
   792.182009694,60.94,Joules,power/energy-pkg/,1001393679,100.00,,
   793.183358400,57.25,Joules,power/energy-pkg/,1001410437,100.00,,
   794.184816865,55.14,Joules,power/energy-pkg/,1001376951,100.00,,
   795.186319130,57.76,Joules,power/energy-pkg/,1001491001,100.00,,
   796.187629775,67.70,Joules,power/energy-pkg/,1001304717,100.00,,
   797.188849883,65.11,Joules,power/energy-pkg/,1001208800,100.00,,
   798.190164710,57.22,Joules,power/energy-pkg/,1001314669,100.00,,
   799.191502498,60.64,Joules,power/energy-pkg/,1001332814,100.00,,
   800.194846987,67.01,Joules,power/energy-pkg/,1003332366,100.00,,
   801.196183955,73.30,Joules,power/energy-pkg/,1001317392,100.00,,
   802.196833277,76.21,Joules,power/energy-pkg/,1000637761,100.00,,
   803.198089080,66.01,Joules,power/energy-pkg/,1001261177,100.00,,
   804.199401237,67.17,Joules,power/energy-pkg/,1001299239,100.00,,
   805.200707666,60.02,Joules,power/energy-pkg/,1001359240,100.00,,
   806.216841078,61.07,Joules,power/energy-pkg/,1016063674,100.00,,
   807.220565301,68.69,Joules,power/energy-pkg/,1003720006,100.00,,
   808.221912918,70.00,Joules,power/energy-pkg/,1001332485,100.00,,
   809.223272531,68.89,Joules,power/energy-pkg/,1001411302,100.00,,
   810.224727581,67.12,Joules,power/energy-pkg/,1001393183,100.00,,
   811.226060390,66.91,Joules,power/energy-pkg/,1001317620,100.00,,
   812.227335831,66.34,Joules,power/energy-pkg/,1001286332,100.00,,
   813.228757920,64.95,Joules,power/energy-pkg/,1001418126,100.00,,
   814.230164582,64.99,Joules,power/energy-pkg/,1001355785,100.00,,
   815.236806726,65.23,Joules,power/energy-pkg/,1006656911,100.00,,
   816.237960848,64.84,Joules,power/energy-pkg/,1001139836,100.00,,
   817.239261232,64.92,Joules,power/energy-pkg/,1001284048,100.00,,
   818.240502121,62.09,Joules,power/energy-pkg/,1001259899,100.00,,
   819.241938328,63.19,Joules,power/energy-pkg/,1001417295,100.00,,
   820.243244279,63.42,Joules,power/energy-pkg/,1001284979,100.00,,
   821.244474510,60.32,Joules,power/energy-pkg/,1001227534,100.00,,
   822.244836910,61.70,Joules,power/energy-pkg/,1000367094,100.00,,
   823.246182228,62.70,Joules,power/energy-pkg/,1001339449,100.00,,
   824.247582281,62.01,Joules,power/energy-pkg/,1001381382,100.00,,
   825.248819710,59.13,Joules,power/energy-pkg/,1001248153,100.00,,
   826.257285384,63.54,Joules,power/energy-pkg/,1008435013,100.00,,
   827.258588760,67.01,Joules,power/energy-pkg/,1001292573,100.00,,
   828.259945051,64.79,Joules,power/energy-pkg/,1001351929,100.00,,
   829.260832564,64.16,Joules,power/energy-pkg/,1000926348,100.00,,
   830.263692634,68.27,Joules,power/energy-pkg/,1002828534,100.00,,
   831.265630365,68.79,Joules,power/energy-pkg/,1003303548,100.00,,
   832.268857698,62.79,Joules,power/energy-pkg/,1001830622,100.00,,
   833.270184179,64.04,Joules,power/energy-pkg/,1001300214,100.00,,
   834.271424646,67.45,Joules,power/energy-pkg/,1001249894,100.00,,
   835.272844129,71.15,Joules,power/energy-pkg/,1001402209,100.00,,
   836.274121572,73.14,Joules,power/energy-pkg/,1001268693,100.00,,
   837.275404093,65.39,Joules,power/energy-pkg/,1001277748,100.00,,
   838.276697222,64.62,Joules,power/energy-pkg/,1001389042,100.00,,
   839.278231032,61.11,Joules,power/energy-pkg/,1001421994,100.00,,
   840.279486736,57.33,Joules,power/energy-pkg/,1001227245,100.00,,
   841.280699990,59.16,Joules,power/energy-pkg/,1001251554,100.00,,
   842.282204198,55.27,Joules,power/energy-pkg/,1001480487,100.00,,
   843.283788690,66.18,Joules,power/energy-pkg/,1001623188,100.00,,
   844.284835644,64.69,Joules,power/energy-pkg/,1000978707,100.00,,
   845.286111912,68.21,Joules,power/energy-pkg/,1001267754,100.00,,
   846.288158175,69.37,Joules,power/energy-pkg/,1002080295,100.00,,
   847.288828624,61.71,Joules,power/energy-pkg/,1000619787,100.00,,
   848.290142728,65.07,Joules,power/energy-pkg/,1001305446,100.00,,
   849.291492921,63.42,Joules,power/energy-pkg/,1001360052,100.00,,
   850.292841858,61.68,Joules,power/energy-pkg/,1001329569,100.00,,
   851.294139623,71.01,Joules,power/energy-pkg/,1001280649,100.00,,
   852.295393309,70.76,Joules,power/energy-pkg/,1001250712,100.00,,
   853.296717842,62.98,Joules,power/energy-pkg/,1001322032,100.00,,
   854.298114710,61.83,Joules,power/energy-pkg/,1001374446,100.00,,
   855.299378056,68.14,Joules,power/energy-pkg/,1001273585,100.00,,
   856.300832676,74.90,Joules,power/energy-pkg/,1001457971,100.00,,
   857.302140135,65.54,Joules,power/energy-pkg/,1001269307,100.00,,
   858.303415171,65.22,Joules,power/energy-pkg/,1001258197,100.00,,
   859.304706341,64.82,Joules,power/energy-pkg/,1001298785,100.00,,
   860.306037465,64.43,Joules,power/energy-pkg/,1001322473,100.00,,
   861.307350562,65.18,Joules,power/energy-pkg/,1001310114,100.00,,
   862.308700657,65.20,Joules,power/energy-pkg/,1001338540,100.00,,
   863.309996991,65.01,Joules,power/energy-pkg/,1001277676,100.00,,
   864.311233336,64.66,Joules,power/energy-pkg/,1001244003,100.00,,
   865.312548385,65.15,Joules,power/energy-pkg/,1001287315,100.00,,
   866.313947944,65.12,Joules,power/energy-pkg/,1001412228,100.00,,
   867.315224076,65.11,Joules,power/energy-pkg/,1001255919,100.00,,
   868.316468927,64.99,Joules,power/energy-pkg/,1001237525,100.00,,
   869.316815441,64.69,Joules,power/energy-pkg/,1000335154,100.00,,
   870.318092754,65.05,Joules,power/energy-pkg/,1001279775,100.00,,
   871.319378106,65.31,Joules,power/energy-pkg/,1001257378,100.00,,
   872.320559913,64.62,Joules,power/energy-pkg/,1001183358,100.00,,
   873.320937966,60.43,Joules,power/energy-pkg/,1000411720,100.00,,
   874.322234798,57.29,Joules,power/energy-pkg/,1001275502,100.00,,
   875.323478870,60.69,Joules,power/energy-pkg/,1001219683,100.00,,
   876.324846993,60.24,Joules,power/energy-pkg/,1001359077,100.00,,
   877.326193816,58.43,Joules,power/energy-pkg/,1001345184,100.00,,
   878.327542404,61.89,Joules,power/energy-pkg/,1001360087,100.00,,
   879.328853362,62.09,Joules,power/energy-pkg/,1001284225,100.00,,
   880.330231241,58.71,Joules,power/energy-pkg/,1001367937,100.00,,
   881.331549623,65.89,Joules,power/energy-pkg/,1001297273,100.00,,
   882.332801607,68.22,Joules,power/energy-pkg/,1001234672,100.00,,
   883.333965554,69.27,Joules,power/energy-pkg/,1001141654,100.00,,
   884.335131299,71.39,Joules,power/energy-pkg/,1001212288,100.00,,
   885.336410679,69.12,Joules,power/energy-pkg/,1001240948,100.00,,
   886.336874642,62.43,Joules,power/energy-pkg/,1000449466,100.00,,
   887.338161224,60.06,Joules,power/energy-pkg/,1001288053,100.00,,
   888.339573623,63.52,Joules,power/energy-pkg/,1001430063,100.00,,
   889.340817623,59.84,Joules,power/energy-pkg/,1001196683,100.00,,
   890.342071109,68.88,Joules,power/energy-pkg/,1001242694,100.00,,
   891.344853821,67.23,Joules,power/energy-pkg/,1002784554,100.00,,
   892.346184684,60.62,Joules,power/energy-pkg/,1001323719,100.00,,
   893.347494425,56.86,Joules,power/energy-pkg/,1001300033,100.00,,
   894.348817832,54.55,Joules,power/energy-pkg/,1001334846,100.00,,
   895.358925752,56.14,Joules,power/energy-pkg/,1010102885,100.00,,
   896.360183538,57.74,Joules,power/energy-pkg/,1001258418,100.00,,
   897.362973294,65.15,Joules,power/energy-pkg/,1002783647,100.00,,
   898.364539123,66.44,Joules,power/energy-pkg/,1001552733,100.00,,
   899.366001797,63.97,Joules,power/energy-pkg/,1001455156,100.00,,
   900.367324762,62.23,Joules,power/energy-pkg/,1001287461,100.00,,
   901.368679210,66.53,Joules,power/energy-pkg/,1001327653,100.00,,
   902.369878662,63.78,Joules,power/energy-pkg/,1001244087,100.00,,
   903.371194452,58.68,Joules,power/energy-pkg/,1001259903,100.00,,
   904.372365372,55.02,Joules,power/energy-pkg/,1001173824,100.00,,
   905.372835340,58.50,Joules,power/energy-pkg/,1000459487,100.00,,
   906.374198828,63.72,Joules,power/energy-pkg/,1001390139,100.00,,
   907.375525540,64.59,Joules,power/energy-pkg/,1001283744,100.00,,
   908.376836977,67.88,Joules,power/energy-pkg/,1001305300,100.00,,
   909.378174760,64.68,Joules,power/energy-pkg/,1001336749,100.00,,
   910.379540099,62.76,Joules,power/energy-pkg/,1001340061,100.00,,
   911.380743203,64.28,Joules,power/energy-pkg/,1001206136,100.00,,
   912.382010409,54.01,Joules,power/energy-pkg/,1001267002,100.00,,
   913.383873880,61.50,Joules,power/energy-pkg/,1001862378,100.00,,
   914.384825336,59.45,Joules,power/energy-pkg/,1000941976,100.00,,
   915.386127135,61.97,Joules,power/energy-pkg/,1001293529,100.00,,
   916.423275688,70.63,Joules,power/energy-pkg/,1037162887,100.00,,
   917.424630301,77.91,Joules,power/energy-pkg/,1001331044,100.00,,
   918.425880821,75.99,Joules,power/energy-pkg/,1001211381,100.00,,
   919.427121533,71.56,Joules,power/energy-pkg/,1001228403,100.00,,
   920.428307857,65.48,Joules,power/energy-pkg/,1001178993,100.00,,
   921.428830628,58.06,Joules,power/energy-pkg/,1000574577,100.00,,
   922.450537245,69.60,Joules,power/energy-pkg/,1021693198,100.00,,
   923.451934289,65.04,Joules,power/energy-pkg/,1001388723,100.00,,
   924.452811198,62.05,Joules,power/energy-pkg/,1000848522,100.00,,
   925.454091468,65.19,Joules,power/energy-pkg/,1001257545,100.00,,
   926.455459390,72.47,Joules,power/energy-pkg/,1001339535,100.00,,
   927.456798236,74.30,Joules,power/energy-pkg/,1001337139,100.00,,
   928.458067011,76.10,Joules,power/energy-pkg/,1001257562,100.00,,
   929.459318738,64.70,Joules,power/energy-pkg/,1001253589,100.00,,
   930.460621497,64.79,Joules,power/energy-pkg/,1001292997,100.00,,
   931.461949972,64.23,Joules,power/energy-pkg/,1001312270,100.00,,
   932.463240442,63.65,Joules,power/energy-pkg/,1001311452,100.00,,
   933.464713727,61.70,Joules,power/energy-pkg/,1001454537,100.00,,
   934.466139801,64.27,Joules,power/energy-pkg/,1001418798,100.00,,
   935.467497745,71.58,Joules,power/energy-pkg/,1001341799,100.00,,
   936.468541438,65.31,Joules,power/energy-pkg/,1001032033,100.00,,
   937.469926826,64.26,Joules,power/energy-pkg/,1001397058,100.00,,
   938.471177002,65.46,Joules,power/energy-pkg/,1001214193,100.00,,
   939.472774930,64.85,Joules,power/energy-pkg/,1001610451,100.00,,
   940.474152092,61.79,Joules,power/energy-pkg/,1001373577,100.00,,
   941.475555157,66.62,Joules,power/energy-pkg/,1001410637,100.00,,
   942.476856722,63.76,Joules,power/energy-pkg/,1001266943,100.00,,
   943.478258772,62.79,Joules,power/energy-pkg/,1001403896,100.00,,
   944.483277110,59.10,Joules,power/energy-pkg/,1005046311,100.00,,
   945.484698439,67.08,Joules,power/energy-pkg/,1001352565,100.00,,
   946.485944064,68.32,Joules,power/energy-pkg/,1001243070,100.00,,
   947.487389196,63.85,Joules,power/energy-pkg/,1001498582,100.00,,
   948.488830867,69.01,Joules,power/energy-pkg/,1001372618,100.00,,
   949.490127515,68.70,Joules,power/energy-pkg/,1001298105,100.00,,
   950.491438980,64.99,Joules,power/energy-pkg/,1001283790,100.00,,
   951.492645900,64.81,Joules,power/energy-pkg/,1001196988,100.00,,
   952.493931661,64.71,Joules,power/energy-pkg/,1001291108,100.00,,
   953.495218429,64.73,Joules,power/energy-pkg/,1001288997,100.00,,
   954.496597086,64.87,Joules,power/energy-pkg/,1001345661,100.00,,
   955.496814809,51.01,Joules,power/energy-pkg/,1000209292,100.00,,
   956.508550574,43.87,Joules,power/energy-pkg/,1011750418,100.00,,
   957.508963007,63.13,Joules,power/energy-pkg/,1000412849,100.00,,
   958.510267596,67.28,Joules,power/energy-pkg/,1001279958,100.00,,
   959.511558488,64.37,Joules,power/energy-pkg/,1001271903,100.00,,
   960.512767474,70.47,Joules,power/energy-pkg/,1001259230,100.00,,
   961.514073474,64.57,Joules,power/energy-pkg/,1001256592,100.00,,
   962.515421052,65.50,Joules,power/energy-pkg/,1001320310,100.00,,
   963.516748344,62.66,Joules,power/energy-pkg/,1001381068,100.00,,
   964.518107170,58.99,Joules,power/energy-pkg/,1003991378,100.00,,
   965.522012657,57.78,Joules,power/energy-pkg/,1001203071,100.00,,
   966.523288558,55.56,Joules,power/energy-pkg/,1001279767,100.00,,
   967.524701856,50.40,Joules,power/energy-pkg/,1001480862,100.00,,
   968.526192039,57.61,Joules,power/energy-pkg/,1001395297,100.00,,
   969.527424429,63.39,Joules,power/energy-pkg/,1001259279,100.00,,
   970.529136473,59.11,Joules,power/energy-pkg/,1001725245,100.00,,
   971.530654205,55.06,Joules,power/energy-pkg/,1001471009,100.00,,
   972.531935922,56.66,Joules,power/energy-pkg/,1001269277,100.00,,
   973.555768004,62.42,Joules,power/energy-pkg/,1023857555,100.00,,
   974.556839040,57.77,Joules,power/energy-pkg/,1001031543,100.00,,
   975.560356879,54.70,Joules,power/energy-pkg/,1003546925,100.00,,
   976.560844279,58.41,Joules,power/energy-pkg/,1000430594,100.00,,
   977.567021614,59.67,Joules,power/energy-pkg/,1006190872,100.00,,
   978.568269732,54.18,Joules,power/energy-pkg/,1001223755,100.00,,
   979.568819751,52.71,Joules,power/energy-pkg/,1000528815,100.00,,
   980.570158315,60.36,Joules,power/energy-pkg/,1001344036,100.00,,
   981.571546721,59.30,Joules,power/energy-pkg/,1001362953,100.00,,
   982.572859778,56.04,Joules,power/energy-pkg/,1001336038,100.00,,
   983.574383780,55.13,Joules,power/energy-pkg/,1001505538,100.00,,
   984.575761013,60.01,Joules,power/energy-pkg/,1001354046,100.00,,
   985.576858368,57.09,Joules,power/energy-pkg/,1001106665,100.00,,
   986.578258773,59.12,Joules,power/energy-pkg/,1001366437,100.00,,
   987.580747693,63.75,Joules,power/energy-pkg/,1002487793,100.00,,
   988.582094984,72.82,Joules,power/energy-pkg/,1001339749,100.00,,
   989.583397875,59.72,Joules,power/energy-pkg/,1001304982,100.00,,
   990.584733873,65.11,Joules,power/energy-pkg/,1001375278,100.00,,
   991.586098089,60.77,Joules,power/energy-pkg/,1001295447,100.00,,
   992.587388108,39.95,Joules,power/energy-pkg/,1001268212,100.00,,
   993.588601009,36.82,Joules,power/energy-pkg/,1001204248,100.00,,
   994.589823716,34.94,Joules,power/energy-pkg/,1001205648,100.00,,
   995.591014838,10.54,Joules,power/energy-pkg/,1001189030,100.00,,
   996.592335675,7.43,Joules,power/energy-pkg/,1001328084,100.00,,
   997.592838087,6.54,Joules,power/energy-pkg/,1000484844,100.00,,
   998.594043539,7.40,Joules,power/energy-pkg/,1001211628,100.00,,
   999.595439192,7.04,Joules,power/energy-pkg/,1001386684,100.00,,
  1000.596823970,6.54,Joules,power/energy-pkg/,1001376452,100.00,,
  1001.598231292,7.82,Joules,power/energy-pkg/,1001399832,100.00,,
  1002.599580967,6.87,Joules,power/energy-pkg/,1001316065,100.00,,
  1003.600842872,8.25,Joules,power/energy-pkg/,1001278914,100.00,,
  1004.602212797,6.62,Joules,power/energy-pkg/,1001361555,100.00,,
  1005.603547421,6.14,Joules,power/energy-pkg/,1001320285,100.00,,
  1006.604873306,6.39,Joules,power/energy-pkg/,1001320650,100.00,,
  1007.606224542,6.38,Joules,power/energy-pkg/,1001340613,100.00,,
  1008.607572525,6.13,Joules,power/energy-pkg/,1001346200,100.00,,
  1009.608891903,6.54,Joules,power/energy-pkg/,1001307358,100.00,,
  1010.610132941,9.77,Joules,power/energy-pkg/,1001210816,100.00,,
  1011.611336421,10.10,Joules,power/energy-pkg/,1001219138,100.00,,
  1012.612713774,6.77,Joules,power/energy-pkg/,1001369875,100.00,,
  1013.614002650,6.60,Joules,power/energy-pkg/,1001273882,100.00,,
  1014.615377750,5.74,Joules,power/energy-pkg/,1001373037,100.00,,
  1015.616938196,5.78,Joules,power/energy-pkg/,1001553402,100.00,,
  1016.618319575,6.52,Joules,power/energy-pkg/,1001371893,100.00,,
  1017.619670966,6.07,Joules,power/energy-pkg/,1001337506,100.00,,
  1018.620904924,6.37,Joules,power/energy-pkg/,1001227622,100.00,,
  1019.622290895,6.55,Joules,power/energy-pkg/,1001381493,100.00,,
  1020.623670051,6.48,Joules,power/energy-pkg/,1001371512,100.00,,
  1021.625059112,6.71,Joules,power/energy-pkg/,1001381132,100.00,,
  1022.626445093,6.56,Joules,power/energy-pkg/,1001377364,100.00,,
  1023.627827755,5.98,Joules,power/energy-pkg/,1001374813,100.00,,
  1024.629037451,6.29,Joules,power/energy-pkg/,1001251140,100.00,,
