Efaas Version: 
6db4284b14133f824aab5ff18cf76352a3598a1c
iluvatar-energy-experiments Version: 
5fa74221c4aa63b961d44bc05c710b4e12e6bd65

PLAY [workers] *****************************************************************

TASK [Gathering Facts] *********************************************************
ok: [worker1]

TASK [Get running worker process] **********************************************
changed: [worker1]

TASK [debug print] *************************************************************
ok: [worker1] => {
    "msg": "129.79.242.15"
}

TASK [Kill running worker process on localhost] ********************************

TASK [Kill running worker process distrib] *************************************

TASK [Create bin directory] ****************************************************
ok: [worker1]

TASK [copy worker executable] **************************************************
ok: [worker1]

TASK [copy worker config] ******************************************************
ok: [worker1]

TASK [clean localhost] *********************************************************
skipping: [worker1]

TASK [clean distrib host] ******************************************************
changed: [worker1]

TASK [run worker executable] ***************************************************
skipping: [worker1]

TASK [debug print] *************************************************************
ok: [worker1] => {
    "msg": {
        "changed": false,
        "skip_reason": "Conditional result was False",
        "skipped": true
    }
}

TASK [wait until the worker on this host is up and running] ********************
skipping: [worker1]

PLAY RECAP *********************************************************************
worker1                    : ok=8    changed=2    unreachable=0    failed=0    skipped=5    rescued=0    ignored=0   


PLAY [workers] *****************************************************************

TASK [Gathering Facts] *********************************************************
ok: [worker1]

TASK [Get running worker process] **********************************************
skipping: [worker1]

TASK [debug print] *************************************************************
ok: [worker1] => {
    "msg": "129.79.242.15"
}

TASK [Kill running worker process on localhost] ********************************
skipping: [worker1]

TASK [Kill running worker process distrib] *************************************
skipping: [worker1]

TASK [Create bin directory] ****************************************************
ok: [worker1]

TASK [copy worker executable] **************************************************
ok: [worker1]

TASK [copy worker config] ******************************************************
ok: [worker1]

TASK [clean localhost] *********************************************************
skipping: [worker1]

TASK [clean distrib host] ******************************************************
skipping: [worker1]

TASK [run worker executable] ***************************************************
changed: [worker1]

TASK [debug print] *************************************************************
ok: [worker1] => {
    "msg": {
        "ansible_job_id": "171284023606.3776371",
        "changed": true,
        "failed": 0,
        "finished": 0,
        "results_file": "/root/.ansible_async/171284023606.3776371",
        "started": 1
    }
}

TASK [wait until the worker on this host is up and running] ********************
FAILED - RETRYING: [worker1]: wait until the worker on this host is up and running (10 retries left).
ok: [worker1]

PLAY RECAP *********************************************************************
worker1                    : ok=8    changed=1    unreachable=0    failed=0    skipped=5    rescued=0    ignored=0   

IGPM logging started
gzip_compression-0 mapped to function 'gzip_compression'
image_processing-0 mapped to function 'image_processing'
model_training-0 mapped to function 'model_training'
A total of 0 prewarmed containers
2023-02-06 15:27:49.289708973 prewarming 0 containers for function 'image_processing-0'
2023-02-06 15:27:49.289803123 prewarming 0 containers for function 'model_training-0'
2023-02-06 15:27:49.289866338 prewarming 0 containers for function 'gzip_compression-0'
2023-02-06 15:27:49.289976814 starting live trace run

PLAY [workers] *****************************************************************

TASK [Gathering Facts] *********************************************************
ok: [worker1]

TASK [Get running worker process] **********************************************
changed: [worker1]

TASK [debug print] *************************************************************
ok: [worker1] => {
    "msg": "129.79.242.15"
}

TASK [Kill running worker process on localhost] ********************************
skipping: [worker1] => (item=3776380) 

TASK [Kill running worker process distrib] *************************************
changed: [worker1] => (item=3776380)

TASK [Create bin directory] ****************************************************
ok: [worker1]

TASK [copy worker executable] **************************************************
ok: [worker1]

TASK [copy worker config] ******************************************************
ok: [worker1]

TASK [clean localhost] *********************************************************
skipping: [worker1]

TASK [clean distrib host] ******************************************************
changed: [worker1]

TASK [run worker executable] ***************************************************
skipping: [worker1]

TASK [debug print] *************************************************************
ok: [worker1] => {
    "msg": {
        "changed": false,
        "skip_reason": "Conditional result was False",
        "skipped": true
    }
}

TASK [wait until the worker on this host is up and running] ********************
skipping: [worker1]

PLAY RECAP *********************************************************************
worker1                    : ok=9    changed=3    unreachable=0    failed=0    skipped=4    rescued=0    ignored=0   

