# started on Tue Aug 29 18:56:16 2023

     1.001082582,21.74,Joules,power/energy-pkg/,1001089049,100.00,,
     2.002274399,20.88,Joules,power/energy-pkg/,1001199503,100.00,,
     3.003486044,26.39,Joules,power/energy-pkg/,1001183300,100.00,,
     4.003738747,25.68,Joules,power/energy-pkg/,1000246153,100.00,,
     5.004909576,34.90,Joules,power/energy-pkg/,1001158186,100.00,,
     6.006140644,10.79,Joules,power/energy-pkg/,1001237790,100.00,,
     7.007368566,36.43,Joules,power/energy-pkg/,1001199465,100.00,,
     8.007735893,7.94,Joules,power/energy-pkg/,1000356972,100.00,,
     9.008829464,35.33,Joules,power/energy-pkg/,1001096419,100.00,,
    10.009987604,10.96,Joules,power/energy-pkg/,1001145184,100.00,,
    11.011194431,30.00,Joules,power/energy-pkg/,1001204168,100.00,,
    12.011735066,17.21,Joules,power/energy-pkg/,1000512381,100.00,,
    13.012874342,24.37,Joules,power/energy-pkg/,1001133714,100.00,,
    14.014034877,22.53,Joules,power/energy-pkg/,1001147983,100.00,,
    15.015189324,19.26,Joules,power/energy-pkg/,1001161284,100.00,,
    16.015735386,27.92,Joules,power/energy-pkg/,1000512900,100.00,,
    17.016917664,12.84,Joules,power/energy-pkg/,1001191154,100.00,,
    18.018160280,33.01,Joules,power/energy-pkg/,1001220453,100.00,,
    19.019333828,8.12,Joules,power/energy-pkg/,1001176406,100.00,,
    20.019761331,36.60,Joules,power/energy-pkg/,1000419215,100.00,,
    21.020968448,6.37,Joules,power/energy-pkg/,1001186429,100.00,,
    22.022164928,34.15,Joules,power/energy-pkg/,1001191298,100.00,,
    23.023428113,11.79,Joules,power/energy-pkg/,1001240122,100.00,,
    24.023777394,29.31,Joules,power/energy-pkg/,1000356775,100.00,,
    25.025078896,16.80,Joules,power/energy-pkg/,1001281771,100.00,,
    26.026266341,23.13,Joules,power/energy-pkg/,1001186346,100.00,,
    27.027567430,22.55,Joules,power/energy-pkg/,1001278966,100.00,,
    28.027774976,17.69,Joules,power/energy-pkg/,1000209059,100.00,,
    29.029067060,27.19,Joules,power/energy-pkg/,1001288743,100.00,,
    30.030232825,14.64,Joules,power/energy-pkg/,1001148208,100.00,,
    31.031460776,30.55,Joules,power/energy-pkg/,1001195935,100.00,,
    32.032553549,9.70,Joules,power/energy-pkg/,1001100927,100.00,,
    33.033848672,35.64,Joules,power/energy-pkg/,1001288484,100.00,,
    34.035054903,5.16,Joules,power/energy-pkg/,1001193879,100.00,,
    35.036240111,35.04,Joules,power/energy-pkg/,1001177095,100.00,,
    36.037467604,9.78,Joules,power/energy-pkg/,1001194936,100.00,,
    37.038649922,29.98,Joules,power/energy-pkg/,1001194114,100.00,,
    38.039748674,15.69,Joules,power/energy-pkg/,1001105267,100.00,,
    39.040931133,29.25,Joules,power/energy-pkg/,1001139483,100.00,,
    40.042004613,32.06,Joules,power/energy-pkg/,1001057069,100.00,,
    41.043185302,18.63,Joules,power/energy-pkg/,1001292378,100.00,,
    42.043640769,26.88,Joules,power/energy-pkg/,1000322728,100.00,,
    43.044196081,12.37,Joules,power/energy-pkg/,1000665642,100.00,,
    44.045551649,32.77,Joules,power/energy-pkg/,1001225158,100.00,,
    45.046698871,8.40,Joules,power/energy-pkg/,1001140233,100.00,,
    46.047784624,35.82,Joules,power/energy-pkg/,1001084652,100.00,,
    47.048889262,6.32,Joules,power/energy-pkg/,1001094612,100.00,,
    48.050113017,34.02,Joules,power/energy-pkg/,1001223666,100.00,,
    49.051337182,11.20,Joules,power/energy-pkg/,1001191330,100.00,,
    50.052516239,29.24,Joules,power/energy-pkg/,1001191028,100.00,,
    51.053741696,16.08,Joules,power/energy-pkg/,1001192866,100.00,,
    52.054951824,23.56,Joules,power/energy-pkg/,1001220073,100.00,,
    53.055717051,21.95,Joules,power/energy-pkg/,1000762530,100.00,,
    54.055890828,17.98,Joules,power/energy-pkg/,1000163204,100.00,,
    55.057136399,27.79,Joules,power/energy-pkg/,1001207354,100.00,,
    56.058308520,12.56,Joules,power/energy-pkg/,1001185968,100.00,,
    57.059551822,33.40,Joules,power/energy-pkg/,1001209486,100.00,,
    58.059745787,6.58,Joules,power/energy-pkg/,1000204892,100.00,,
    59.061086328,35.03,Joules,power/energy-pkg/,1001330446,100.00,,
    60.062310003,7.33,Joules,power/energy-pkg/,1001191561,100.00,,
    61.063488822,32.37,Joules,power/energy-pkg/,1001190440,100.00,,
    62.064810142,12.85,Joules,power/energy-pkg/,1001308221,100.00,,
    63.066030402,29.08,Joules,power/energy-pkg/,1001213567,100.00,,
    64.067327193,16.19,Joules,power/energy-pkg/,1001283709,100.00,,
    65.068537790,25.90,Joules,power/energy-pkg/,1001208682,100.00,,
    66.069859198,20.93,Joules,power/energy-pkg/,1001305995,100.00,,
    67.071078639,20.00,Joules,power/energy-pkg/,1001208485,100.00,,
    68.071641556,25.87,Joules,power/energy-pkg/,1000530445,100.00,,
    69.072743058,39.64,Joules,power/energy-pkg/,1001130048,100.00,,
    70.073949967,45.10,Joules,power/energy-pkg/,1002853601,100.00,,
    71.076682421,54.39,Joules,power/energy-pkg/,1001031082,100.00,,
    72.078321936,71.64,Joules,power/energy-pkg/,1001638048,100.00,,
    73.079675114,72.45,Joules,power/energy-pkg/,1001352631,100.00,,
    74.080985171,66.52,Joules,power/energy-pkg/,1001280518,100.00,,
    75.082091136,65.59,Joules,power/energy-pkg/,1001096138,100.00,,
    76.083191604,54.24,Joules,power/energy-pkg/,1001117238,100.00,,
    77.083641932,55.52,Joules,power/energy-pkg/,1000429057,100.00,,
    78.084756635,68.78,Joules,power/energy-pkg/,1001085682,100.00,,
    79.085929018,63.10,Joules,power/energy-pkg/,1002874681,100.00,,
    80.088744004,48.12,Joules,power/energy-pkg/,1001103526,100.00,,
    81.089904509,68.50,Joules,power/energy-pkg/,1001141094,100.00,,
    82.090985445,31.33,Joules,power/energy-pkg/,1001067062,100.00,,
    83.091644423,56.14,Joules,power/energy-pkg/,1008642362,100.00,,
    84.100713449,26.13,Joules,power/energy-pkg/,1001067869,100.00,,
    85.101810153,69.85,Joules,power/energy-pkg/,1001097805,100.00,,
    86.102959838,60.12,Joules,power/energy-pkg/,1001126152,100.00,,
    87.103682293,59.21,Joules,power/energy-pkg/,1004722020,100.00,,
    88.109135605,42.82,Joules,power/energy-pkg/,1001460653,100.00,,
    89.110466595,28.31,Joules,power/energy-pkg/,1001315774,100.00,,
    90.111696201,48.11,Joules,power/energy-pkg/,1001197255,100.00,,
    91.112866158,42.88,Joules,power/energy-pkg/,1001175872,100.00,,
    92.113953843,63.62,Joules,power/energy-pkg/,1001060616,100.00,,
    93.115032880,44.44,Joules,power/energy-pkg/,1001066837,100.00,,
    94.115675359,47.59,Joules,power/energy-pkg/,1000647472,100.00,,
    95.116850030,61.71,Joules,power/energy-pkg/,1001154107,100.00,,
    96.118005130,47.41,Joules,power/energy-pkg/,1001142768,100.00,,
    97.119159093,30.03,Joules,power/energy-pkg/,1001150449,100.00,,
    98.119787650,29.53,Joules,power/energy-pkg/,1000632083,100.00,,
    99.121117342,23.12,Joules,power/energy-pkg/,1001302086,100.00,,
   100.122262645,50.39,Joules,power/energy-pkg/,1001135804,100.00,,
   101.123419372,53.06,Joules,power/energy-pkg/,1001144468,100.00,,
   102.123743748,26.47,Joules,power/energy-pkg/,1000332202,100.00,,
   103.125060886,33.89,Joules,power/energy-pkg/,1001292075,100.00,,
   104.126243205,41.95,Joules,power/energy-pkg/,1001168149,100.00,,
   105.127385211,37.93,Joules,power/energy-pkg/,1001131636,100.00,,
   106.127680492,29.43,Joules,power/energy-pkg/,1000294619,100.00,,
   107.128845895,41.95,Joules,power/energy-pkg/,1001146016,100.00,,
   108.129968181,52.91,Joules,power/energy-pkg/,1001122549,100.00,,
   109.131671913,74.52,Joules,power/energy-pkg/,1001693091,100.00,,
   110.133304601,77.48,Joules,power/energy-pkg/,1003970208,100.00,,
   111.136857702,62.70,Joules,power/energy-pkg/,1001189459,100.00,,
   112.138023069,66.41,Joules,power/energy-pkg/,1001153369,100.00,,
   113.139233962,53.11,Joules,power/energy-pkg/,1001202306,100.00,,
   114.139735423,54.28,Joules,power/energy-pkg/,1000499613,100.00,,
   115.140910123,35.26,Joules,power/energy-pkg/,1001151424,100.00,,
   116.142069610,49.63,Joules,power/energy-pkg/,1001152020,100.00,,
   117.143159750,19.90,Joules,power/energy-pkg/,1001071304,100.00,,
   118.143742120,37.26,Joules,power/energy-pkg/,1000593248,100.00,,
   119.144929401,28.73,Joules,power/energy-pkg/,1001160189,100.00,,
   120.146076102,39.80,Joules,power/energy-pkg/,1001136535,100.00,,
   121.147228217,44.20,Joules,power/energy-pkg/,1001145558,100.00,,
   122.148326412,61.48,Joules,power/energy-pkg/,1001083077,100.00,,
   123.149436242,38.71,Joules,power/energy-pkg/,1001102385,100.00,,
   124.150613231,34.52,Joules,power/energy-pkg/,1001163853,100.00,,
   125.151729004,27.60,Joules,power/energy-pkg/,1001106941,100.00,,
   126.152811777,41.30,Joules,power/energy-pkg/,1001069297,100.00,,
   127.153919360,45.84,Joules,power/energy-pkg/,1001167779,100.00,,
   128.155340610,58.85,Joules,power/energy-pkg/,1001381970,100.00,,
   129.155743637,32.92,Joules,power/energy-pkg/,1000368027,100.00,,
   130.156848082,52.43,Joules,power/energy-pkg/,1001078150,100.00,,
   131.158006777,28.67,Joules,power/energy-pkg/,1001148891,100.00,,
   132.158188215,32.76,Joules,power/energy-pkg/,1000222452,100.00,,
   133.159397428,45.21,Joules,power/energy-pkg/,1001153989,100.00,,
   134.159641308,48.96,Joules,power/energy-pkg/,1000225164,100.00,,
   135.160794063,50.18,Joules,power/energy-pkg/,1001168349,100.00,,
   136.161971131,63.50,Joules,power/energy-pkg/,1001166112,100.00,,
   137.163151909,53.01,Joules,power/energy-pkg/,1001175997,100.00,,
   138.163728962,56.37,Joules,power/energy-pkg/,1000537049,100.00,,
   139.164884639,39.29,Joules,power/energy-pkg/,1001164919,100.00,,
   140.166059603,47.49,Joules,power/energy-pkg/,1001186006,100.00,,
   141.167312686,49.17,Joules,power/energy-pkg/,1001204468,100.00,,
   142.167728096,48.96,Joules,power/energy-pkg/,1000411748,100.00,,
   143.168908416,39.42,Joules,power/energy-pkg/,1001158709,100.00,,
   144.169977845,38.29,Joules,power/energy-pkg/,1001067937,100.00,,
   145.171198808,48.45,Joules,power/energy-pkg/,1001207629,100.00,,
   146.171660249,60.08,Joules,power/energy-pkg/,1000448644,100.00,,
   147.172771532,53.34,Joules,power/energy-pkg/,1001110789,100.00,,
   148.174005251,67.95,Joules,power/energy-pkg/,1001223904,100.00,,
   149.175183954,44.96,Joules,power/energy-pkg/,1001161747,100.00,,
   150.175642904,35.81,Joules,power/energy-pkg/,1000443116,100.00,,
   151.176729207,44.70,Joules,power/energy-pkg/,1001089481,100.00,,
   152.177832008,33.75,Joules,power/energy-pkg/,1001081478,100.00,,
   153.179021227,43.81,Joules,power/energy-pkg/,1001182245,100.00,,
   154.179654842,41.02,Joules,power/energy-pkg/,1000630322,100.00,,
   155.180833003,32.18,Joules,power/energy-pkg/,1001159754,100.00,,
   156.181907858,46.32,Joules,power/energy-pkg/,1001059470,100.00,,
   157.182989750,50.95,Joules,power/energy-pkg/,1005732059,100.00,,
   158.188805907,56.91,Joules,power/energy-pkg/,1001183069,100.00,,
   159.189940953,60.85,Joules,power/energy-pkg/,1001105436,100.00,,
   160.191156828,58.11,Joules,power/energy-pkg/,1001259638,100.00,,
   161.191650141,34.30,Joules,power/energy-pkg/,1000423203,100.00,,
   162.192786659,42.01,Joules,power/energy-pkg/,1001117620,100.00,,
   163.193979153,46.67,Joules,power/energy-pkg/,1001186876,100.00,,
   164.195196384,41.08,Joules,power/energy-pkg/,1001220387,100.00,,
   165.195669101,46.39,Joules,power/energy-pkg/,1000461101,100.00,,
   166.196904104,45.82,Joules,power/energy-pkg/,1001203097,100.00,,
   167.197988943,53.05,Joules,power/energy-pkg/,1001078014,100.00,,
   168.199148783,41.74,Joules,power/energy-pkg/,1001168933,100.00,,
   169.199668310,48.85,Joules,power/energy-pkg/,1000502236,100.00,,
   170.200811057,66.85,Joules,power/energy-pkg/,1001121306,100.00,,
   171.202009263,63.44,Joules,power/energy-pkg/,1001218999,100.00,,
   172.203232040,41.54,Joules,power/energy-pkg/,1001180642,100.00,,
   173.203645040,33.91,Joules,power/energy-pkg/,1000404513,100.00,,
   174.204839612,51.71,Joules,power/energy-pkg/,1001199374,100.00,,
   175.206015291,54.53,Joules,power/energy-pkg/,1001146130,100.00,,
   176.207149963,29.83,Joules,power/energy-pkg/,1001125106,100.00,,
   177.207642968,28.05,Joules,power/energy-pkg/,1000481734,100.00,,
   178.208807142,54.26,Joules,power/energy-pkg/,1001186987,100.00,,
   179.210018990,42.85,Joules,power/energy-pkg/,1001215464,100.00,,
   180.211253061,38.71,Joules,power/energy-pkg/,1001177381,100.00,,
   181.211649040,36.53,Joules,power/energy-pkg/,1000389045,100.00,,
   182.212780007,50.78,Joules,power/energy-pkg/,1001118293,100.00,,
   183.213969478,55.13,Joules,power/energy-pkg/,1001204530,100.00,,
   184.215170122,52.62,Joules,power/energy-pkg/,1001206957,100.00,,
   185.231732369,51.16,Joules,power/energy-pkg/,1016521785,100.00,,
   186.232925065,50.81,Joules,power/energy-pkg/,1001176277,100.00,,
   187.234103856,48.90,Joules,power/energy-pkg/,1001167063,100.00,,
   188.235220834,56.79,Joules,power/energy-pkg/,1001176107,100.00,,
   189.235653873,55.25,Joules,power/energy-pkg/,1000373541,100.00,,
   190.236880752,58.77,Joules,power/energy-pkg/,1001238613,100.00,,
   191.238289233,40.23,Joules,power/energy-pkg/,1001354349,100.00,,
   192.239364905,36.30,Joules,power/energy-pkg/,1001079381,100.00,,
   193.239641126,39.46,Joules,power/energy-pkg/,1000247944,100.00,,
   194.240802586,45.62,Joules,power/energy-pkg/,1001185817,100.00,,
   195.241929729,55.91,Joules,power/energy-pkg/,1001088063,100.00,,
   196.243066249,65.21,Joules,power/energy-pkg/,1001119542,100.00,,
   197.243731255,60.15,Joules,power/energy-pkg/,1000695851,100.00,,
   198.244887498,70.65,Joules,power/energy-pkg/,1001111297,100.00,,
   199.246005424,47.43,Joules,power/energy-pkg/,1001105077,100.00,,
   200.247194397,50.12,Joules,power/energy-pkg/,1001173864,100.00,,
   201.247660361,57.53,Joules,power/energy-pkg/,1000496143,100.00,,
   202.248931750,59.88,Joules,power/energy-pkg/,1001251409,100.00,,
   203.250143370,57.60,Joules,power/energy-pkg/,1001198690,100.00,,
   204.251259277,48.75,Joules,power/energy-pkg/,1001078470,100.00,,
   205.251731787,39.36,Joules,power/energy-pkg/,1000462272,100.00,,
   206.252902509,47.01,Joules,power/energy-pkg/,1001165532,100.00,,
   207.254029379,39.28,Joules,power/energy-pkg/,1001124670,100.00,,
   208.255161095,56.41,Joules,power/energy-pkg/,1001214711,100.00,,
   209.255727578,57.72,Joules,power/energy-pkg/,1000471118,100.00,,
   210.256916851,57.92,Joules,power/energy-pkg/,1001162022,100.00,,
   211.258065751,32.18,Joules,power/energy-pkg/,1001161541,100.00,,
   212.259173975,41.29,Joules,power/energy-pkg/,1001071010,100.00,,
   213.259678092,53.35,Joules,power/energy-pkg/,1000566385,100.00,,
   214.260925118,60.97,Joules,power/energy-pkg/,1001195162,100.00,,
   215.262210943,44.59,Joules,power/energy-pkg/,1001240968,100.00,,
   216.263283426,29.44,Joules,power/energy-pkg/,1001066098,100.00,,
   217.263667150,53.73,Joules,power/energy-pkg/,1000435980,100.00,,
   218.264982115,47.95,Joules,power/energy-pkg/,1001246650,100.00,,
   219.266067885,33.31,Joules,power/energy-pkg/,1001066622,100.00,,
   220.267134634,61.50,Joules,power/energy-pkg/,1001060633,100.00,,
   221.267731720,38.84,Joules,power/energy-pkg/,1000583993,100.00,,
   222.268805705,52.19,Joules,power/energy-pkg/,1001064636,100.00,,
   223.269889995,58.42,Joules,power/energy-pkg/,1001077124,100.00,,
   224.271011068,56.96,Joules,power/energy-pkg/,1001108022,100.00,,
   225.271725666,46.07,Joules,power/energy-pkg/,1000730563,100.00,,
   226.272927639,41.24,Joules,power/energy-pkg/,1001169951,100.00,,
   227.274006887,43.09,Joules,power/energy-pkg/,1001065829,100.00,,
   228.275175579,42.36,Joules,power/energy-pkg/,1001160096,100.00,,
   229.275731378,37.92,Joules,power/energy-pkg/,1000541340,100.00,,
   230.276881300,43.44,Joules,power/energy-pkg/,1001146505,100.00,,
   231.277955657,32.86,Joules,power/energy-pkg/,1001058920,100.00,,
   232.279060942,48.63,Joules,power/energy-pkg/,1001093133,100.00,,
   233.279728776,49.21,Joules,power/energy-pkg/,1000674365,100.00,,
   234.280894471,59.04,Joules,power/energy-pkg/,1001173309,100.00,,
   235.282099836,57.54,Joules,power/energy-pkg/,1001163992,100.00,,
   236.283257884,47.69,Joules,power/energy-pkg/,1001191128,100.00,,
   237.283735640,45.98,Joules,power/energy-pkg/,1000449625,100.00,,
   238.284929988,47.33,Joules,power/energy-pkg/,1001157296,100.00,,
   239.286077104,46.21,Joules,power/energy-pkg/,1001145349,100.00,,
   240.287235321,56.59,Joules,power/energy-pkg/,1001140278,100.00,,
   241.287664808,44.68,Joules,power/energy-pkg/,1000423740,100.00,,
   242.288933055,65.06,Joules,power/energy-pkg/,1001260947,100.00,,
   243.290151196,38.86,Joules,power/energy-pkg/,1001200534,100.00,,
   244.291301030,26.87,Joules,power/energy-pkg/,1001139650,100.00,,
   245.291719981,37.29,Joules,power/energy-pkg/,1000417160,100.00,,
   246.292867673,44.66,Joules,power/energy-pkg/,1001157193,100.00,,
   247.294050913,56.89,Joules,power/energy-pkg/,1001174779,100.00,,
   248.295168725,54.23,Joules,power/energy-pkg/,1001074938,100.00,,
   249.295723940,51.11,Joules,power/energy-pkg/,1000556403,100.00,,
   250.296879254,63.95,Joules,power/energy-pkg/,1001161229,100.00,,
   251.298000836,58.89,Joules,power/energy-pkg/,1001095900,100.00,,
   252.299102589,55.67,Joules,power/energy-pkg/,1001081377,100.00,,
   253.299642044,39.03,Joules,power/energy-pkg/,1000524778,100.00,,
   254.300816849,39.16,Joules,power/energy-pkg/,1001167193,100.00,,
   255.301896418,39.89,Joules,power/energy-pkg/,1001074189,100.00,,
   256.303114682,52.80,Joules,power/energy-pkg/,1001212554,100.00,,
   257.303722733,39.86,Joules,power/energy-pkg/,1000584946,100.00,,
   258.304866176,39.87,Joules,power/energy-pkg/,1001135471,100.00,,
   259.306016244,24.69,Joules,power/energy-pkg/,1001170474,100.00,,
   260.307202595,43.51,Joules,power/energy-pkg/,1001144232,100.00,,
   261.307737274,27.03,Joules,power/energy-pkg/,1000526580,100.00,,
   262.308815938,45.53,Joules,power/energy-pkg/,1001067361,100.00,,
   263.309910636,36.36,Joules,power/energy-pkg/,1001081313,100.00,,
   264.310983051,48.86,Joules,power/energy-pkg/,1001069158,100.00,,
   265.311678396,54.24,Joules,power/energy-pkg/,1000742741,100.00,,
   266.312968839,51.27,Joules,power/energy-pkg/,1001215656,100.00,,
   267.314050380,20.33,Joules,power/energy-pkg/,1001073310,100.00,,
   268.315148563,62.01,Joules,power/energy-pkg/,1001087301,100.00,,
   269.315729355,42.01,Joules,power/energy-pkg/,1000568989,100.00,,
   270.316804753,56.15,Joules,power/energy-pkg/,1001066701,100.00,,
   271.317912312,54.68,Joules,power/energy-pkg/,1001203063,100.00,,
   272.319257756,60.35,Joules,power/energy-pkg/,1001231651,100.00,,
   273.319728460,53.94,Joules,power/energy-pkg/,1000456251,100.00,,
   274.320901913,56.67,Joules,power/energy-pkg/,1001247791,100.00,,
   275.322315733,59.81,Joules,power/energy-pkg/,1001331453,100.00,,
   276.323542528,52.35,Joules,power/energy-pkg/,1001210257,100.00,,
   277.323642684,38.15,Joules,power/energy-pkg/,1000087975,100.00,,
   278.324804463,45.25,Joules,power/energy-pkg/,1001246369,100.00,,
   279.326262367,50.89,Joules,power/energy-pkg/,1001356906,100.00,,
   280.327440619,50.62,Joules,power/energy-pkg/,1001207235,100.00,,
   281.327718033,65.84,Joules,power/energy-pkg/,1000245361,100.00,,
   282.328934069,59.27,Joules,power/energy-pkg/,1001183457,100.00,,
   283.330010872,46.75,Joules,power/energy-pkg/,1001067413,100.00,,
   284.331141233,52.15,Joules,power/energy-pkg/,1001642159,100.00,,
   285.332829136,68.28,Joules,power/energy-pkg/,1001165425,100.00,,
   286.334093998,62.51,Joules,power/energy-pkg/,1001265649,100.00,,
   287.335256836,57.02,Joules,power/energy-pkg/,1001154622,100.00,,
   288.335640957,40.47,Joules,power/energy-pkg/,1000345341,100.00,,
   289.336786250,37.47,Joules,power/energy-pkg/,1001167659,100.00,,
   290.337976282,41.56,Joules,power/energy-pkg/,1001150222,100.00,,
   291.339123769,40.09,Joules,power/energy-pkg/,1001139749,100.00,,
   292.339742055,51.25,Joules,power/energy-pkg/,1000606027,100.00,,
   293.340837555,37.53,Joules,power/energy-pkg/,1001082442,100.00,,
   294.342006781,59.49,Joules,power/energy-pkg/,1001164715,100.00,,
   295.343120755,62.44,Joules,power/energy-pkg/,1001130102,100.00,,
   296.343655578,73.72,Joules,power/energy-pkg/,1000512841,100.00,,
   297.344826386,64.38,Joules,power/energy-pkg/,1001175568,100.00,,
   298.346031298,63.61,Joules,power/energy-pkg/,1001161505,100.00,,
   299.347110537,44.44,Joules,power/energy-pkg/,1001066232,100.00,,
   300.347714645,61.02,Joules,power/energy-pkg/,1000623817,100.00,,
   301.348907587,43.05,Joules,power/energy-pkg/,1001177521,100.00,,
   302.350025022,68.70,Joules,power/energy-pkg/,1001087823,100.00,,
   303.351247391,53.20,Joules,power/energy-pkg/,1001221646,100.00,,
   304.351647989,32.48,Joules,power/energy-pkg/,1000378688,100.00,,
   305.352779735,60.15,Joules,power/energy-pkg/,1001184097,100.00,,
   306.353997445,63.72,Joules,power/energy-pkg/,1001144845,100.00,,
   307.355201847,49.91,Joules,power/energy-pkg/,1001194526,100.00,,
   308.355720928,56.00,Joules,power/energy-pkg/,1000522652,100.00,,
   309.356888869,62.82,Joules,power/energy-pkg/,1001166024,100.00,,
   310.357998289,50.77,Joules,power/energy-pkg/,1001071481,100.00,,
   311.359144522,44.85,Joules,power/energy-pkg/,1001142204,100.00,,
   312.359691366,46.19,Joules,power/energy-pkg/,1000644086,100.00,,
   313.361075711,57.39,Joules,power/energy-pkg/,1001280035,100.00,,
   314.362187539,55.93,Joules,power/energy-pkg/,1001094675,100.00,,
   315.363194867,57.99,Joules,power/energy-pkg/,1001010446,100.00,,
   316.363728242,34.49,Joules,power/energy-pkg/,1000497562,100.00,,
   317.364892979,44.73,Joules,power/energy-pkg/,1001154726,100.00,,
   318.365967856,31.66,Joules,power/energy-pkg/,1001063564,100.00,,
   319.367048493,39.89,Joules,power/energy-pkg/,1001073180,100.00,,
   320.367643438,40.43,Joules,power/energy-pkg/,1000582615,100.00,,
   321.368734542,34.39,Joules,power/energy-pkg/,1001080235,100.00,,
   322.369830306,56.96,Joules,power/energy-pkg/,1001087402,100.00,,
   323.371005110,63.92,Joules,power/energy-pkg/,1001206558,100.00,,
   324.371737199,54.23,Joules,power/energy-pkg/,1000680621,100.00,,
   325.372940875,26.49,Joules,power/energy-pkg/,1001191953,100.00,,
   326.374095628,26.64,Joules,power/energy-pkg/,1001147654,100.00,,
   327.375184649,39.46,Joules,power/energy-pkg/,1001089665,100.00,,
   328.375938950,52.54,Joules,power/energy-pkg/,1000736285,100.00,,
   329.376895756,44.07,Joules,power/energy-pkg/,1000952560,100.00,,
   330.377997923,37.15,Joules,power/energy-pkg/,1001077447,100.00,,
   331.379159953,49.23,Joules,power/energy-pkg/,1001156278,100.00,,
   332.379642888,46.14,Joules,power/energy-pkg/,1000472095,100.00,,
   333.380785150,64.17,Joules,power/energy-pkg/,1001227647,100.00,,
   334.384275951,69.00,Joules,power/energy-pkg/,1004050563,100.00,,
   335.387660285,55.04,Joules,power/energy-pkg/,1002722185,100.00,,
   336.388780610,56.51,Joules,power/energy-pkg/,1001095066,100.00,,
   337.389984503,56.78,Joules,power/energy-pkg/,1001225851,100.00,,
   338.391242410,53.04,Joules,power/energy-pkg/,1001214594,100.00,,
   339.391643757,31.51,Joules,power/energy-pkg/,1000388947,100.00,,
   340.392836995,37.97,Joules,power/energy-pkg/,1001186025,100.00,,
   341.393993016,27.91,Joules,power/energy-pkg/,1001162389,100.00,,
   342.395099249,56.36,Joules,power/energy-pkg/,1001099838,100.00,,
   343.397991846,52.93,Joules,power/energy-pkg/,1002871209,100.00,,
   344.399159798,51.38,Joules,power/energy-pkg/,1001205443,100.00,,
   345.399715893,48.60,Joules,power/energy-pkg/,1000504654,100.00,,
   346.400917202,38.41,Joules,power/energy-pkg/,1001192481,100.00,,
   347.402235592,52.76,Joules,power/energy-pkg/,1001294492,100.00,,
   348.403419819,61.97,Joules,power/energy-pkg/,1001181837,100.00,,
   349.403643379,52.42,Joules,power/energy-pkg/,1000206437,100.00,,
   350.404728554,38.20,Joules,power/energy-pkg/,1001075235,100.00,,
   351.405905563,58.62,Joules,power/energy-pkg/,1001166725,100.00,,
   352.407082377,35.22,Joules,power/energy-pkg/,1001160359,100.00,,
   353.407739911,38.33,Joules,power/energy-pkg/,1000677353,100.00,,
   354.408935691,33.81,Joules,power/energy-pkg/,1001155120,100.00,,
   355.410122582,34.90,Joules,power/energy-pkg/,1001195082,100.00,,
   356.411445830,28.86,Joules,power/energy-pkg/,1001310105,100.00,,
   357.411731701,28.19,Joules,power/energy-pkg/,1000283998,100.00,,
   358.412853206,51.83,Joules,power/energy-pkg/,1001085893,100.00,,
   359.414033201,58.19,Joules,power/energy-pkg/,1001170815,100.00,,
   360.415109266,44.72,Joules,power/energy-pkg/,1001060405,100.00,,
   361.415727415,39.14,Joules,power/energy-pkg/,1000608817,100.00,,
   362.416814179,58.46,Joules,power/energy-pkg/,1001075436,100.00,,
   363.417966270,18.23,Joules,power/energy-pkg/,1001174577,100.00,,
   364.419085802,48.50,Joules,power/energy-pkg/,1001081682,100.00,,
   365.419684435,41.65,Joules,power/energy-pkg/,1000603692,100.00,,
   366.420867343,47.43,Joules,power/energy-pkg/,1001155062,100.00,,
   367.422018848,24.87,Joules,power/energy-pkg/,1001145397,100.00,,
   368.423178790,33.65,Joules,power/energy-pkg/,1001202806,100.00,,
   369.423736566,43.75,Joules,power/energy-pkg/,1000498285,100.00,,
   370.424871866,46.35,Joules,power/energy-pkg/,1001115013,100.00,,
   371.426044384,49.00,Joules,power/energy-pkg/,1001169742,100.00,,
   372.427212766,32.48,Joules,power/energy-pkg/,1001153861,100.00,,
   373.427720922,57.13,Joules,power/energy-pkg/,1000510370,100.00,,
   374.428901977,41.91,Joules,power/energy-pkg/,1001159297,100.00,,
   375.430020563,53.69,Joules,power/energy-pkg/,1001131865,100.00,,
   376.431250355,48.98,Joules,power/energy-pkg/,1001230733,100.00,,
   377.431744252,53.05,Joules,power/energy-pkg/,1000461173,100.00,,
   378.433007996,45.60,Joules,power/energy-pkg/,1001241867,100.00,,
   379.434200916,53.22,Joules,power/energy-pkg/,1001215891,100.00,,
   380.435341135,49.86,Joules,power/energy-pkg/,1001095825,100.00,,
   381.436559965,21.96,Joules,power/energy-pkg/,1001222344,100.00,,
   382.437846199,31.88,Joules,power/energy-pkg/,1001261020,100.00,,
   383.438997232,42.81,Joules,power/energy-pkg/,1001142572,100.00,,
   384.439732002,40.75,Joules,power/energy-pkg/,1000736868,100.00,,
   385.440906905,48.00,Joules,power/energy-pkg/,1001174185,100.00,,
   386.442108902,60.40,Joules,power/energy-pkg/,1001173753,100.00,,
   387.443260670,62.98,Joules,power/energy-pkg/,1001131276,100.00,,
   388.443702792,72.87,Joules,power/energy-pkg/,1000448901,100.00,,
   389.444949451,64.87,Joules,power/energy-pkg/,1003934015,100.00,,
   390.448793577,65.49,Joules,power/energy-pkg/,1001138408,100.00,,
   391.450008745,57.72,Joules,power/energy-pkg/,1001186036,100.00,,
   392.451169936,49.69,Joules,power/energy-pkg/,1001159018,100.00,,
   393.451674776,44.25,Joules,power/energy-pkg/,1000542415,100.00,,
   394.452937242,45.38,Joules,power/energy-pkg/,1001199466,100.00,,
   395.454086374,18.82,Joules,power/energy-pkg/,1001161859,100.00,,
   396.455192022,54.45,Joules,power/energy-pkg/,1001077847,100.00,,
   397.455644243,46.84,Joules,power/energy-pkg/,1000465493,100.00,,
   398.456846535,49.02,Joules,power/energy-pkg/,1001166073,100.00,,
   399.457942544,41.83,Joules,power/energy-pkg/,1001087010,100.00,,
   400.459157386,64.66,Joules,power/energy-pkg/,1001701559,100.00,,
   401.460887843,37.42,Joules,power/energy-pkg/,1001216177,100.00,,
   402.461977055,51.96,Joules,power/energy-pkg/,1001086512,100.00,,
   403.463071482,44.48,Joules,power/energy-pkg/,1001078865,100.00,,
   404.463648442,65.59,Joules,power/energy-pkg/,1000566868,100.00,,
   405.464797617,59.93,Joules,power/energy-pkg/,1001142002,100.00,,
   406.465962382,52.14,Joules,power/energy-pkg/,1001191897,100.00,,
   407.467138815,47.84,Joules,power/energy-pkg/,1001121121,100.00,,
   408.467724764,57.54,Joules,power/energy-pkg/,1000601121,100.00,,
   409.468912796,53.62,Joules,power/energy-pkg/,1001159029,100.00,,
   410.470071131,42.14,Joules,power/energy-pkg/,1001146144,100.00,,
   411.471242638,47.93,Joules,power/energy-pkg/,1001169248,100.00,,
   412.471734431,51.27,Joules,power/energy-pkg/,1000466316,100.00,,
   413.472857086,39.47,Joules,power/energy-pkg/,1001123475,100.00,,
   414.473949113,46.32,Joules,power/energy-pkg/,1001083791,100.00,,
   415.475191051,62.36,Joules,power/energy-pkg/,1001226680,100.00,,
   416.475704147,20.50,Joules,power/energy-pkg/,1000525441,100.00,,
   417.476883173,51.67,Joules,power/energy-pkg/,1001142297,100.00,,
   418.477969479,20.85,Joules,power/energy-pkg/,1001072438,100.00,,
   419.479056734,50.31,Joules,power/energy-pkg/,1001075358,100.00,,
   420.479645470,30.41,Joules,power/energy-pkg/,1000584095,100.00,,
   421.480833498,65.83,Joules,power/energy-pkg/,1001180230,100.00,,
   422.481979210,46.89,Joules,power/energy-pkg/,1001146527,100.00,,
   423.483671748,51.17,Joules,power/energy-pkg/,1001712664,100.00,,
   424.484883167,59.32,Joules,power/energy-pkg/,1003945633,100.00,,
   425.488908902,71.22,Joules,power/energy-pkg/,1001276510,100.00,,
   426.490093282,53.97,Joules,power/energy-pkg/,1001130616,100.00,,
   427.491332432,53.28,Joules,power/energy-pkg/,1001224812,100.00,,
   428.491679162,60.05,Joules,power/energy-pkg/,1004297880,100.00,,
   429.496815578,38.18,Joules,power/energy-pkg/,1001159437,100.00,,
   430.497984133,35.57,Joules,power/energy-pkg/,1001158970,100.00,,
   431.499062896,37.61,Joules,power/energy-pkg/,1001085688,100.00,,
   432.499729948,69.73,Joules,power/energy-pkg/,1000656108,100.00,,
   433.500940622,61.37,Joules,power/energy-pkg/,1001183369,100.00,,
   434.502022317,60.49,Joules,power/energy-pkg/,1001076012,100.00,,
   435.503211906,60.02,Joules,power/energy-pkg/,1001196965,100.00,,
   436.503646025,61.59,Joules,power/energy-pkg/,1000413495,100.00,,
   437.504772289,52.99,Joules,power/energy-pkg/,1001113857,100.00,,
   438.505939709,70.59,Joules,power/energy-pkg/,1001181793,100.00,,
   439.507233499,72.11,Joules,power/energy-pkg/,1001274637,100.00,,
   440.507654228,70.39,Joules,power/energy-pkg/,1000419058,100.00,,
   441.508892055,48.53,Joules,power/energy-pkg/,1001198160,100.00,,
   442.509972483,33.68,Joules,power/energy-pkg/,1001061288,100.00,,
   443.511070695,59.60,Joules,power/energy-pkg/,1001138006,100.00,,
   444.512070990,60.32,Joules,power/energy-pkg/,1000971136,100.00,,
   445.512732407,52.05,Joules,power/energy-pkg/,1000671754,100.00,,
   446.514149259,59.07,Joules,power/energy-pkg/,1001363837,100.00,,
   447.515237783,35.63,Joules,power/energy-pkg/,1001067292,100.00,,
   448.515653424,50.67,Joules,power/energy-pkg/,1000412981,100.00,,
   449.516794688,56.85,Joules,power/energy-pkg/,1001132101,100.00,,
   450.518012990,55.04,Joules,power/energy-pkg/,1001207755,100.00,,
   451.519162782,37.29,Joules,power/energy-pkg/,1001135287,100.00,,
   452.519660999,59.48,Joules,power/energy-pkg/,1000494365,100.00,,
   453.520850628,55.45,Joules,power/energy-pkg/,1001200202,100.00,,
   454.522010465,50.16,Joules,power/energy-pkg/,1001179351,100.00,,
   455.523257245,55.77,Joules,power/energy-pkg/,1001208585,100.00,,
   456.523669619,60.18,Joules,power/energy-pkg/,1000379056,100.00,,
   457.524889308,59.28,Joules,power/energy-pkg/,1001233651,100.00,,
   458.526024432,59.74,Joules,power/energy-pkg/,1001101330,100.00,,
   459.527267413,53.71,Joules,power/energy-pkg/,1001229351,100.00,,
   460.527646132,48.35,Joules,power/energy-pkg/,1000361976,100.00,,
   461.528752487,54.17,Joules,power/energy-pkg/,1001146444,100.00,,
   462.529998545,52.21,Joules,power/energy-pkg/,1001250555,100.00,,
   463.531302862,57.09,Joules,power/energy-pkg/,1001246476,100.00,,
   464.532558668,36.00,Joules,power/energy-pkg/,1001228582,100.00,,
   465.533634846,53.41,Joules,power/energy-pkg/,1001068671,100.00,,
   466.534833754,51.09,Joules,power/energy-pkg/,1001191852,100.00,,
   467.535649811,50.86,Joules,power/energy-pkg/,1000808289,100.00,,
   468.536778752,25.01,Joules,power/energy-pkg/,1001107641,100.00,,
   469.537936619,45.07,Joules,power/energy-pkg/,1001158763,100.00,,
   470.539029322,53.14,Joules,power/energy-pkg/,1001072141,100.00,,
   471.539712408,61.71,Joules,power/energy-pkg/,1000700598,100.00,,
   472.540863654,55.76,Joules,power/energy-pkg/,1001114794,100.00,,
   473.542058723,54.82,Joules,power/energy-pkg/,1001207674,100.00,,
   474.543187325,68.28,Joules,power/energy-pkg/,1001094942,100.00,,
   475.543653040,62.15,Joules,power/energy-pkg/,1000468844,100.00,,
   476.544751085,48.98,Joules,power/energy-pkg/,1001074661,100.00,,
   477.545856929,68.15,Joules,power/energy-pkg/,1001099235,100.00,,
   478.547099872,61.64,Joules,power/energy-pkg/,1001244438,100.00,,
   479.547653936,66.13,Joules,power/energy-pkg/,1000563500,100.00,,
   480.548920454,56.56,Joules,power/energy-pkg/,1001236238,100.00,,
   481.550166911,42.84,Joules,power/energy-pkg/,1001220073,100.00,,
   482.551314494,29.83,Joules,power/energy-pkg/,1001144766,100.00,,
   483.551729569,37.46,Joules,power/energy-pkg/,1000395681,100.00,,
   484.552875787,45.54,Joules,power/energy-pkg/,1001137174,100.00,,
   485.554014359,43.41,Joules,power/energy-pkg/,1001131538,100.00,,
   486.555183980,44.28,Joules,power/energy-pkg/,1001157568,100.00,,
   487.555729332,45.15,Joules,power/energy-pkg/,1000543572,100.00,,
   488.556819968,48.37,Joules,power/energy-pkg/,1001071391,100.00,,
   489.558022760,56.44,Joules,power/energy-pkg/,1001199412,100.00,,
   490.559243124,44.29,Joules,power/energy-pkg/,1001200572,100.00,,
   491.559730895,28.64,Joules,power/energy-pkg/,1000475341,100.00,,
   492.560804499,44.69,Joules,power/energy-pkg/,1001063372,100.00,,
   493.561948804,41.19,Joules,power/energy-pkg/,1001162202,100.00,,
   494.563143115,35.30,Joules,power/energy-pkg/,1001157527,100.00,,
   495.563724561,25.70,Joules,power/energy-pkg/,1000591886,100.00,,
   496.565065430,54.70,Joules,power/energy-pkg/,1001311543,100.00,,
   497.566140403,48.12,Joules,power/energy-pkg/,1001060927,100.00,,
   498.567286427,39.05,Joules,power/energy-pkg/,1001141762,100.00,,
   499.567648967,27.30,Joules,power/energy-pkg/,1000364423,100.00,,
   500.568842152,51.17,Joules,power/energy-pkg/,1001172439,100.00,,
   501.570028152,45.73,Joules,power/energy-pkg/,1001184149,100.00,,
   502.571201528,57.55,Joules,power/energy-pkg/,1001156490,100.00,,
   503.571652933,57.85,Joules,power/energy-pkg/,1000436954,100.00,,
   504.572784761,54.70,Joules,power/energy-pkg/,1001117682,100.00,,
   505.573966004,34.82,Joules,power/energy-pkg/,1001170852,100.00,,
   506.575028676,35.52,Joules,power/energy-pkg/,1001050452,100.00,,
   507.575729620,57.22,Joules,power/energy-pkg/,1000691100,100.00,,
   508.576818789,60.47,Joules,power/energy-pkg/,1001088197,100.00,,
   509.577997601,57.03,Joules,power/energy-pkg/,1001217398,100.00,,
   510.579223120,60.13,Joules,power/energy-pkg/,1001177316,100.00,,
   511.579653416,59.83,Joules,power/energy-pkg/,1000410067,100.00,,
   512.580826840,45.93,Joules,power/energy-pkg/,1001158220,100.00,,
   513.582009009,47.81,Joules,power/energy-pkg/,1001196999,100.00,,
   514.583203921,59.37,Joules,power/energy-pkg/,1001156337,100.00,,
   515.583715267,41.07,Joules,power/energy-pkg/,1000519891,100.00,,
   516.584888491,50.00,Joules,power/energy-pkg/,1001156039,100.00,,
   517.585982299,59.42,Joules,power/energy-pkg/,1001100667,100.00,,
   518.587159739,65.53,Joules,power/energy-pkg/,1001136052,100.00,,
   519.587649901,63.42,Joules,power/energy-pkg/,1000486435,100.00,,
   520.588835860,64.98,Joules,power/energy-pkg/,1001238889,100.00,,
   521.590167483,54.08,Joules,power/energy-pkg/,1001255344,100.00,,
   522.591354540,48.29,Joules,power/energy-pkg/,1001197113,100.00,,
   523.591645135,59.73,Joules,power/energy-pkg/,1000278940,100.00,,
   524.592779855,58.18,Joules,power/energy-pkg/,1001101416,100.00,,
   525.593901007,40.40,Joules,power/energy-pkg/,1001109078,100.00,,
   526.594988672,49.51,Joules,power/energy-pkg/,1001085267,100.00,,
   527.595748168,52.05,Joules,power/energy-pkg/,1000769657,100.00,,
   528.596935021,43.77,Joules,power/energy-pkg/,1001163065,100.00,,
   529.598094601,46.94,Joules,power/energy-pkg/,1001137374,100.00,,
   530.599189660,49.14,Joules,power/energy-pkg/,1001088446,100.00,,
   531.599640037,46.60,Joules,power/energy-pkg/,1000431064,100.00,,
   532.600784570,52.84,Joules,power/energy-pkg/,1001166271,100.00,,
   533.601904160,52.62,Joules,power/energy-pkg/,1001084852,100.00,,
   534.603116511,52.72,Joules,power/energy-pkg/,1001201612,100.00,,
   535.603722279,54.84,Joules,power/energy-pkg/,1000599040,100.00,,
   536.604922412,48.69,Joules,power/energy-pkg/,1001191242,100.00,,
   537.606101301,58.19,Joules,power/energy-pkg/,1001200142,100.00,,
   538.607516535,68.66,Joules,power/energy-pkg/,1001401984,100.00,,
   539.608939084,56.58,Joules,power/energy-pkg/,1001400853,100.00,,
   540.610061672,54.59,Joules,power/energy-pkg/,1001089031,100.00,,
   541.611206551,44.40,Joules,power/energy-pkg/,1001133301,100.00,,
   542.611725439,49.87,Joules,power/energy-pkg/,1000504427,100.00,,
   543.612865979,42.44,Joules,power/energy-pkg/,1001161600,100.00,,
   544.614099330,53.78,Joules,power/energy-pkg/,1001196708,100.00,,
   545.615216374,38.32,Joules,power/energy-pkg/,1001100928,100.00,,
   546.615733402,58.07,Joules,power/energy-pkg/,1000514746,100.00,,
   547.616868174,39.47,Joules,power/energy-pkg/,1001127841,100.00,,
   548.618052999,61.03,Joules,power/energy-pkg/,1001201959,100.00,,
   549.618420567,53.95,Joules,power/energy-pkg/,1000339057,100.00,,
   550.619642403,58.84,Joules,power/energy-pkg/,1001190560,100.00,,
   551.620735473,50.37,Joules,power/energy-pkg/,1001092013,100.00,,
   552.622023811,49.72,Joules,power/energy-pkg/,1001297582,100.00,,
   553.623159700,51.35,Joules,power/energy-pkg/,1001600385,100.00,,
   554.624787780,45.38,Joules,power/energy-pkg/,1001113992,100.00,,
   555.625946606,57.80,Joules,power/energy-pkg/,1001176182,100.00,,
   556.627137078,46.29,Joules,power/energy-pkg/,1001154043,100.00,,
   557.627648466,44.17,Joules,power/energy-pkg/,1000515242,100.00,,
   558.628848477,41.39,Joules,power/energy-pkg/,1001177235,100.00,,
   559.629998174,51.21,Joules,power/energy-pkg/,1001165747,100.00,,
   560.631197984,48.18,Joules,power/energy-pkg/,1001165082,100.00,,
   561.632365151,38.22,Joules,power/energy-pkg/,1001151371,100.00,,
   562.633434961,33.68,Joules,power/energy-pkg/,1001063167,100.00,,
   563.634628715,39.18,Joules,power/energy-pkg/,1001220298,100.00,,
   564.635720828,36.99,Joules,power/energy-pkg/,1001060149,100.00,,
   565.636933659,48.19,Joules,power/energy-pkg/,1001203972,100.00,,
   566.638128670,19.83,Joules,power/energy-pkg/,1001181782,100.00,,
   567.639292992,27.47,Joules,power/energy-pkg/,1001169207,100.00,,
   568.639732447,34.15,Joules,power/energy-pkg/,1000395658,100.00,,
   569.640826091,38.10,Joules,power/energy-pkg/,1001091042,100.00,,
   570.641984570,38.50,Joules,power/energy-pkg/,1001144901,100.00,,
   571.643127158,43.94,Joules,power/energy-pkg/,1001155022,100.00,,
   572.643727844,45.72,Joules,power/energy-pkg/,1000603182,100.00,,
   573.644999911,26.09,Joules,power/energy-pkg/,1001231517,100.00,,
   574.646085052,39.36,Joules,power/energy-pkg/,1001065007,100.00,,
   575.647257590,39.14,Joules,power/energy-pkg/,1001185929,100.00,,
   576.647727182,60.18,Joules,power/energy-pkg/,1000466370,100.00,,
   577.648982559,62.39,Joules,power/energy-pkg/,1001220085,100.00,,
   578.650076832,71.99,Joules,power/energy-pkg/,1001099091,100.00,,
   579.651266396,58.72,Joules,power/energy-pkg/,1001162359,100.00,,
   580.651671061,42.96,Joules,power/energy-pkg/,1000396658,100.00,,
   581.652750250,51.84,Joules,power/energy-pkg/,1001060523,100.00,,
   582.653905440,23.39,Joules,power/energy-pkg/,1001150819,100.00,,
   583.654987183,49.78,Joules,power/energy-pkg/,1001066733,100.00,,
   584.655728558,55.98,Joules,power/energy-pkg/,1000729905,100.00,,
   585.656874833,32.30,Joules,power/energy-pkg/,1001140546,100.00,,
   586.658029030,51.54,Joules,power/energy-pkg/,1001142815,100.00,,
   587.659184659,57.36,Joules,power/energy-pkg/,1001179635,100.00,,
   588.659747241,47.66,Joules,power/energy-pkg/,1000552595,100.00,,
   589.660877344,44.98,Joules,power/energy-pkg/,1001084856,100.00,,
   590.661989802,49.63,Joules,power/energy-pkg/,1001098772,100.00,,
   591.663074530,40.38,Joules,power/energy-pkg/,1001075910,100.00,,
   592.663679156,49.62,Joules,power/energy-pkg/,1000602557,100.00,,
   593.664513041,48.95,Joules,power/energy-pkg/,1000831529,100.00,,
   594.665052132,52.31,Joules,power/energy-pkg/,1003109811,100.00,,
   595.668772501,47.26,Joules,power/energy-pkg/,1001110856,100.00,,
   596.669854829,38.90,Joules,power/energy-pkg/,1001073398,100.00,,
   597.671017915,54.98,Joules,power/energy-pkg/,1001185118,100.00,,
   598.671738382,41.91,Joules,power/energy-pkg/,1000688356,100.00,,
   599.672833731,50.00,Joules,power/energy-pkg/,1001114085,100.00,,
   600.673992979,66.94,Joules,power/energy-pkg/,1005253004,100.00,,
   601.679250935,43.38,Joules,power/energy-pkg/,1001116453,100.00,,
   602.679740236,52.92,Joules,power/energy-pkg/,1000490863,100.00,,
   603.680870085,32.18,Joules,power/energy-pkg/,1001125057,100.00,,
   604.682072001,46.92,Joules,power/energy-pkg/,1001163107,100.00,,
   605.683111514,35.83,Joules,power/energy-pkg/,1001041941,100.00,,
   606.683640860,44.53,Joules,power/energy-pkg/,1000502910,100.00,,
   607.684739905,46.07,Joules,power/energy-pkg/,1001103631,100.00,,
   608.685831541,27.79,Joules,power/energy-pkg/,1001065408,100.00,,
   609.686898301,34.12,Joules,power/energy-pkg/,1001061218,100.00,,
   610.687640665,43.79,Joules,power/energy-pkg/,1000728384,100.00,,
   611.688742251,47.27,Joules,power/energy-pkg/,1001093112,100.00,,
   612.689226343,66.66,Joules,power/energy-pkg/,1000541342,100.00,,
   613.690377513,64.91,Joules,power/energy-pkg/,1001073498,100.00,,
   614.691399008,55.14,Joules,power/energy-pkg/,1001024385,100.00,,
   615.691729717,45.09,Joules,power/energy-pkg/,1000304108,100.00,,
   616.692807059,37.69,Joules,power/energy-pkg/,1001074503,100.00,,
   617.694015910,31.66,Joules,power/energy-pkg/,1001192404,100.00,,
   618.695086460,25.76,Joules,power/energy-pkg/,1001058283,100.00,,
   619.695734412,33.06,Joules,power/energy-pkg/,1000636910,100.00,,
   620.696878927,32.58,Joules,power/energy-pkg/,1001147433,100.00,,
   621.698034002,27.64,Joules,power/energy-pkg/,1001133847,100.00,,
   622.699108364,45.85,Joules,power/energy-pkg/,1001066988,100.00,,
   623.700310739,46.50,Joules,power/energy-pkg/,1001210416,100.00,,
   624.701437275,34.50,Joules,power/energy-pkg/,1001092585,100.00,,
   625.702585436,42.79,Joules,power/energy-pkg/,1001147245,100.00,,
   626.703737224,49.67,Joules,power/energy-pkg/,1001133312,100.00,,
   627.704892691,36.32,Joules,power/energy-pkg/,1007892320,100.00,,
   628.712775723,54.75,Joules,power/energy-pkg/,1001140863,100.00,,
   629.713937008,37.54,Joules,power/energy-pkg/,1001137966,100.00,,
   630.715095627,38.22,Joules,power/energy-pkg/,1001172103,100.00,,
   631.715662327,55.72,Joules,power/energy-pkg/,1000546673,100.00,,
   632.716925082,53.91,Joules,power/energy-pkg/,1001242048,100.00,,
   633.718008691,24.94,Joules,power/energy-pkg/,1001071727,100.00,,
   634.719170803,48.61,Joules,power/energy-pkg/,1001159672,100.00,,
   635.719999857,44.33,Joules,power/energy-pkg/,1000812492,100.00,,
   636.721132426,58.86,Joules,power/energy-pkg/,1001121834,100.00,,
   637.722326543,41.65,Joules,power/energy-pkg/,1001180598,100.00,,
   638.723413366,58.16,Joules,power/energy-pkg/,1001074745,100.00,,
   639.723645667,45.36,Joules,power/energy-pkg/,1000222946,100.00,,
   640.724778189,60.28,Joules,power/energy-pkg/,1001132316,100.00,,
   641.725968970,47.93,Joules,power/energy-pkg/,1001200485,100.00,,
   642.727093912,55.87,Joules,power/energy-pkg/,1001096173,100.00,,
   643.727730094,56.87,Joules,power/energy-pkg/,1000610824,100.00,,
   644.728880307,34.84,Joules,power/energy-pkg/,1001207466,100.00,,
   645.730107803,48.49,Joules,power/energy-pkg/,1001155439,100.00,,
   646.731286263,47.46,Joules,power/energy-pkg/,1001171821,100.00,,
   647.731646242,52.27,Joules,power/energy-pkg/,1000352439,100.00,,
   648.732340442,41.07,Joules,power/energy-pkg/,1000719767,100.00,,
   649.732701240,43.85,Joules,power/energy-pkg/,1000316176,100.00,,
   650.733805804,54.40,Joules,power/energy-pkg/,1001083032,100.00,,
   651.734999197,54.98,Joules,power/energy-pkg/,1001226346,100.00,,
   652.735755462,30.87,Joules,power/energy-pkg/,1000697983,100.00,,
   653.736897742,40.88,Joules,power/energy-pkg/,1001159587,100.00,,
   654.738083325,32.93,Joules,power/energy-pkg/,1001153234,100.00,,
   655.739236248,52.47,Joules,power/energy-pkg/,1001138511,100.00,,
   656.739641404,44.21,Joules,power/energy-pkg/,1000394562,100.00,,
   657.740747840,67.58,Joules,power/energy-pkg/,1001135168,100.00,,
   658.742149816,63.01,Joules,power/energy-pkg/,1001365326,100.00,,
   659.743320495,55.20,Joules,power/energy-pkg/,1001151802,100.00,,
   660.743646627,54.57,Joules,power/energy-pkg/,1000311540,100.00,,
   661.744743415,53.06,Joules,power/energy-pkg/,1001086584,100.00,,
   662.745881240,49.59,Joules,power/energy-pkg/,1001159517,100.00,,
   663.747243978,52.74,Joules,power/energy-pkg/,1001324348,100.00,,
   664.747753004,30.60,Joules,power/energy-pkg/,1000493774,100.00,,
   665.748906964,50.47,Joules,power/energy-pkg/,1001150922,100.00,,
   666.750078068,58.81,Joules,power/energy-pkg/,1001157530,100.00,,
   667.751219989,44.14,Joules,power/energy-pkg/,1001130702,100.00,,
   668.751672929,33.40,Joules,power/energy-pkg/,1000460069,100.00,,
   669.752795391,53.34,Joules,power/energy-pkg/,1001134880,100.00,,
   670.754043178,47.05,Joules,power/energy-pkg/,1001198502,100.00,,
   671.755197915,52.02,Joules,power/energy-pkg/,1001143863,100.00,,
   672.755729442,46.97,Joules,power/energy-pkg/,1000520474,100.00,,
   673.756902234,58.57,Joules,power/energy-pkg/,1001172676,100.00,,
   674.758006025,46.26,Joules,power/energy-pkg/,1001080772,100.00,,
   675.759104519,53.93,Joules,power/energy-pkg/,1001091041,100.00,,
   676.759683382,67.20,Joules,power/energy-pkg/,1000583640,100.00,,
   677.760898299,66.48,Joules,power/energy-pkg/,1001196085,100.00,,
   678.762068423,57.20,Joules,power/energy-pkg/,1001172987,100.00,,
   679.763312544,58.90,Joules,power/energy-pkg/,1001250948,100.00,,
   680.763735522,60.57,Joules,power/energy-pkg/,1000374704,100.00,,
   681.764916465,45.08,Joules,power/energy-pkg/,1001199501,100.00,,
   682.766131058,43.67,Joules,power/energy-pkg/,1001178290,100.00,,
   683.767224783,40.26,Joules,power/energy-pkg/,1001076846,100.00,,
   684.767733350,44.05,Joules,power/energy-pkg/,1000504585,100.00,,
   685.768673773,40.45,Joules,power/energy-pkg/,1000937284,100.00,,
   686.769874354,56.29,Joules,power/energy-pkg/,1001183843,100.00,,
   687.771055313,32.21,Joules,power/energy-pkg/,1001168625,100.00,,
   688.771736630,40.85,Joules,power/energy-pkg/,1000673008,100.00,,
   689.772937284,57.02,Joules,power/energy-pkg/,1001184051,100.00,,
   690.774093029,56.24,Joules,power/energy-pkg/,1001150407,100.00,,
   691.775224270,55.23,Joules,power/energy-pkg/,1001133378,100.00,,
   692.775739043,60.40,Joules,power/energy-pkg/,1000496487,100.00,,
   693.776936750,37.60,Joules,power/energy-pkg/,1001181263,100.00,,
   694.778042043,41.26,Joules,power/energy-pkg/,1001106091,100.00,,
   695.779243909,34.30,Joules,power/energy-pkg/,1001176433,100.00,,
   696.779646768,42.87,Joules,power/energy-pkg/,1000404201,100.00,,
   697.780758481,34.98,Joules,power/energy-pkg/,1001104524,100.00,,
   698.782088330,48.79,Joules,power/energy-pkg/,1001333170,100.00,,
   699.783322406,57.53,Joules,power/energy-pkg/,1001509052,100.00,,
   700.784790620,31.34,Joules,power/energy-pkg/,1001144962,100.00,,
   701.785713106,56.43,Joules,power/energy-pkg/,1000921299,100.00,,
   702.786870045,64.71,Joules,power/energy-pkg/,1001158627,100.00,,
   703.787680103,50.60,Joules,power/energy-pkg/,1000804447,100.00,,
   704.788811161,55.26,Joules,power/energy-pkg/,1001097943,100.00,,
   705.789979717,49.81,Joules,power/energy-pkg/,1001170639,100.00,,
   706.791228215,51.47,Joules,power/energy-pkg/,1001221625,100.00,,
   707.791719326,42.83,Joules,power/energy-pkg/,1000501254,100.00,,
   708.792911546,49.79,Joules,power/energy-pkg/,1001164449,100.00,,
   709.794079178,50.32,Joules,power/energy-pkg/,1001156661,100.00,,
   710.795204098,33.92,Joules,power/energy-pkg/,1001121073,100.00,,
   711.795726153,50.15,Joules,power/energy-pkg/,1000528181,100.00,,
   712.796939699,56.02,Joules,power/energy-pkg/,1001184505,100.00,,
   713.798141418,27.25,Joules,power/energy-pkg/,1001203803,100.00,,
   714.799240567,46.81,Joules,power/energy-pkg/,1001068352,100.00,,
   715.799718746,34.01,Joules,power/energy-pkg/,1000491536,100.00,,
   716.800900104,51.95,Joules,power/energy-pkg/,1001152188,100.00,,
   717.802067814,35.15,Joules,power/energy-pkg/,1001153866,100.00,,
   718.803145595,49.59,Joules,power/energy-pkg/,1001068943,100.00,,
   719.803738453,55.41,Joules,power/energy-pkg/,1000577379,100.00,,
   720.804889033,50.64,Joules,power/energy-pkg/,1001150545,100.00,,
   721.806047289,48.46,Joules,power/energy-pkg/,1001143618,100.00,,
   722.807199998,53.05,Joules,power/energy-pkg/,1001139014,100.00,,
   723.807716472,42.05,Joules,power/energy-pkg/,1000502929,100.00,,
   724.808872976,32.45,Joules,power/energy-pkg/,1001169443,100.00,,
   725.810116162,34.20,Joules,power/energy-pkg/,1001211834,100.00,,
   726.811224379,54.60,Joules,power/energy-pkg/,1001096917,100.00,,
   727.811661446,56.87,Joules,power/energy-pkg/,1004416202,100.00,,
   728.816762330,60.66,Joules,power/energy-pkg/,1001103478,100.00,,
   729.817951000,54.25,Joules,power/energy-pkg/,1001179659,100.00,,
   730.819032725,54.37,Joules,power/energy-pkg/,1001114679,100.00,,
   731.819654075,59.36,Joules,power/energy-pkg/,1000581263,100.00,,
   732.820825803,56.37,Joules,power/energy-pkg/,1001150598,100.00,,
   733.821936690,52.28,Joules,power/energy-pkg/,1001101884,100.00,,
   734.823090335,56.13,Joules,power/energy-pkg/,1001138649,100.00,,
   735.823641189,60.26,Joules,power/energy-pkg/,1000535746,100.00,,
   736.824801782,46.03,Joules,power/energy-pkg/,1001154900,100.00,,
   737.825966897,31.71,Joules,power/energy-pkg/,1001153802,100.00,,
   738.827046312,25.77,Joules,power/energy-pkg/,1001080069,100.00,,
   739.828209932,34.60,Joules,power/energy-pkg/,1001147467,100.00,,
   740.829311354,28.29,Joules,power/energy-pkg/,1001121458,100.00,,
   741.830522484,44.45,Joules,power/energy-pkg/,1001182755,100.00,,
   742.831641240,33.45,Joules,power/energy-pkg/,1001086837,100.00,,
   743.832744669,52.39,Joules,power/energy-pkg/,1001094848,100.00,,
   744.833850194,34.54,Joules,power/energy-pkg/,1001096620,100.00,,
   745.834965832,45.01,Joules,power/energy-pkg/,1001102351,100.00,,
   746.835644930,51.61,Joules,power/energy-pkg/,1000673586,100.00,,
   747.836786120,62.39,Joules,power/energy-pkg/,1001157314,100.00,,
   748.837898969,58.15,Joules,power/energy-pkg/,1002832149,100.00,,
   749.840857695,35.38,Joules,power/energy-pkg/,1001194679,100.00,,
   750.842018435,45.17,Joules,power/energy-pkg/,1001149405,100.00,,
   751.843100509,28.15,Joules,power/energy-pkg/,1001063559,100.00,,
   752.843639190,43.30,Joules,power/energy-pkg/,1000527490,100.00,,
   753.844794254,45.35,Joules,power/energy-pkg/,1001169115,100.00,,
   754.846006790,47.17,Joules,power/energy-pkg/,1001180024,100.00,,
   755.847089648,51.79,Joules,power/energy-pkg/,1001096051,100.00,,
   756.848205337,44.32,Joules,power/energy-pkg/,1001095603,100.00,,
   757.849370799,37.75,Joules,power/energy-pkg/,1001146218,100.00,,
   758.851658180,69.75,Joules,power/energy-pkg/,1002276726,100.00,,
   759.852766089,78.55,Joules,power/energy-pkg/,1001095063,100.00,,
   760.853942690,56.49,Joules,power/energy-pkg/,1001191647,100.00,,
   761.855069793,48.17,Joules,power/energy-pkg/,1001103608,100.00,,
   762.855661908,61.80,Joules,power/energy-pkg/,1000602240,100.00,,
   763.856627328,57.12,Joules,power/energy-pkg/,1000933224,100.00,,
   764.857825992,31.53,Joules,power/energy-pkg/,1001178647,100.00,,
   765.858975941,49.21,Joules,power/energy-pkg/,1001151924,100.00,,
   766.859733180,40.64,Joules,power/energy-pkg/,1000731040,100.00,,
   767.860875909,37.31,Joules,power/energy-pkg/,1001149956,100.00,,
   768.861965135,28.40,Joules,power/energy-pkg/,1001060655,100.00,,
   769.863142591,49.84,Joules,power/energy-pkg/,1001170413,100.00,,
   770.863643054,42.73,Joules,power/energy-pkg/,1000485266,100.00,,
   771.864814513,42.48,Joules,power/energy-pkg/,1001194719,100.00,,
   772.866021977,47.63,Joules,power/energy-pkg/,1001185096,100.00,,
   773.867198597,48.44,Joules,power/energy-pkg/,1001155774,100.00,,
   774.867672620,46.36,Joules,power/energy-pkg/,1000527446,100.00,,
   775.869059167,60.29,Joules,power/energy-pkg/,1001310867,100.00,,
   776.870189412,47.17,Joules,power/energy-pkg/,1001112227,100.00,,
   777.870864682,53.97,Joules,power/energy-pkg/,1000715718,100.00,,
   778.871648536,38.45,Joules,power/energy-pkg/,1000728210,100.00,,
   779.872868295,48.91,Joules,power/energy-pkg/,1001211315,100.00,,
   780.873950719,49.63,Joules,power/energy-pkg/,1001076428,100.00,,
   781.875040805,51.72,Joules,power/energy-pkg/,1001068293,100.00,,
   782.875736197,44.47,Joules,power/energy-pkg/,1000692382,100.00,,
   783.876941107,48.38,Joules,power/energy-pkg/,1001212100,100.00,,
   784.878156127,50.12,Joules,power/energy-pkg/,1001191405,100.00,,
   785.879340532,52.19,Joules,power/energy-pkg/,1001160469,100.00,,
   786.880490869,31.83,Joules,power/energy-pkg/,1001144334,100.00,,
   787.881655874,34.98,Joules,power/energy-pkg/,1001166376,100.00,,
   788.882847669,55.05,Joules,power/energy-pkg/,1001179783,100.00,,
   789.883729401,61.04,Joules,power/energy-pkg/,1000857508,100.00,,
   790.884816632,53.66,Joules,power/energy-pkg/,1001079046,100.00,,
   791.885995143,43.86,Joules,power/energy-pkg/,1001167082,100.00,,
   792.887127510,48.56,Joules,power/energy-pkg/,1001141772,100.00,,
   793.887731675,61.76,Joules,power/energy-pkg/,1000598038,100.00,,
   794.888916676,51.25,Joules,power/energy-pkg/,1001189054,100.00,,
   795.890099695,54.86,Joules,power/energy-pkg/,1001145904,100.00,,
   796.891346794,55.17,Joules,power/energy-pkg/,1001243566,100.00,,
   797.891648678,47.03,Joules,power/energy-pkg/,1000284176,100.00,,
   798.892761222,70.38,Joules,power/energy-pkg/,1001104399,100.00,,
   799.893921738,61.55,Joules,power/energy-pkg/,1001160358,100.00,,
   800.895115886,50.23,Joules,power/energy-pkg/,1001160963,100.00,,
   801.895661669,50.22,Joules,power/energy-pkg/,1000599861,100.00,,
   802.896993946,68.05,Joules,power/energy-pkg/,1001270513,100.00,,
   803.898273373,63.79,Joules,power/energy-pkg/,1001287181,100.00,,
   804.899406956,56.02,Joules,power/energy-pkg/,1001094987,100.00,,
   805.899664402,51.38,Joules,power/energy-pkg/,1000259411,100.00,,
   806.900934902,47.37,Joules,power/energy-pkg/,1001247790,100.00,,
   807.902151359,38.31,Joules,power/energy-pkg/,1001306143,100.00,,
   808.903483388,46.96,Joules,power/energy-pkg/,1001251033,100.00,,
   809.903661866,55.71,Joules,power/energy-pkg/,1000167755,100.00,,
   810.904941431,66.70,Joules,power/energy-pkg/,1001241632,100.00,,
   811.906132992,64.06,Joules,power/energy-pkg/,1001219800,100.00,,
   812.907296976,57.70,Joules,power/energy-pkg/,1001116813,100.00,,
   813.907661016,44.05,Joules,power/energy-pkg/,1000348928,100.00,,
   814.908791987,34.84,Joules,power/energy-pkg/,1001122044,100.00,,
   815.909932372,52.90,Joules,power/energy-pkg/,1001127408,100.00,,
   816.911057459,54.23,Joules,power/energy-pkg/,1001143466,100.00,,
   817.911729874,47.63,Joules,power/energy-pkg/,1000685356,100.00,,
   818.912944656,44.88,Joules,power/energy-pkg/,1001153999,100.00,,
   819.914103104,41.59,Joules,power/energy-pkg/,1001162571,100.00,,
   820.915280768,40.53,Joules,power/energy-pkg/,1001175876,100.00,,
   821.915696047,53.73,Joules,power/energy-pkg/,1004355039,100.00,,
   822.920837142,65.87,Joules,power/energy-pkg/,1001165843,100.00,,
   823.922049051,59.47,Joules,power/energy-pkg/,1001199516,100.00,,
   824.923278143,55.45,Joules,power/energy-pkg/,1001210967,100.00,,
   825.923641186,47.58,Joules,power/energy-pkg/,1000346421,100.00,,
   826.924847674,28.79,Joules,power/energy-pkg/,1001219697,100.00,,
   827.926168769,43.08,Joules,power/energy-pkg/,1001294949,100.00,,
   828.927256378,53.43,Joules,power/energy-pkg/,1001071044,100.00,,
   829.927732428,40.98,Joules,power/energy-pkg/,1000463516,100.00,,
   830.928871969,45.45,Joules,power/energy-pkg/,1001146403,100.00,,
   831.930042837,39.71,Joules,power/energy-pkg/,1001145239,100.00,,
   832.931115764,32.58,Joules,power/energy-pkg/,1001062147,100.00,,
   833.931670628,55.58,Joules,power/energy-pkg/,1000577075,100.00,,
   834.932972093,53.79,Joules,power/energy-pkg/,1001327127,100.00,,
   835.934236705,62.47,Joules,power/energy-pkg/,1001193074,100.00,,
   836.935472848,65.52,Joules,power/energy-pkg/,1001250028,100.00,,
   837.936674213,74.61,Joules,power/energy-pkg/,1001160938,100.00,,
   838.937783122,67.17,Joules,power/energy-pkg/,1001108756,100.00,,
   839.938120563,62.72,Joules,power/energy-pkg/,1000366346,100.00,,
   840.939331676,41.38,Joules,power/energy-pkg/,1001153229,100.00,,
   841.939736867,39.94,Joules,power/energy-pkg/,1000392802,100.00,,
   842.940837644,48.01,Joules,power/energy-pkg/,1001088227,100.00,,
   843.941925814,41.60,Joules,power/energy-pkg/,1001077130,100.00,,
   844.943077023,49.70,Joules,power/energy-pkg/,1001165002,100.00,,
   845.943650747,51.51,Joules,power/energy-pkg/,1000552249,100.00,,
   846.944823464,41.72,Joules,power/energy-pkg/,1001149215,100.00,,
   847.945917626,37.10,Joules,power/energy-pkg/,1001085791,100.00,,
   848.947041209,45.75,Joules,power/energy-pkg/,1001163443,100.00,,
   849.947718687,44.47,Joules,power/energy-pkg/,1000645468,100.00,,
   850.948871161,51.96,Joules,power/energy-pkg/,1001125395,100.00,,
   851.949965779,44.68,Joules,power/energy-pkg/,1001072469,100.00,,
   852.951056002,56.53,Joules,power/energy-pkg/,1001091266,100.00,,
   853.951723822,69.63,Joules,power/energy-pkg/,1000646121,100.00,,
   854.952823028,63.71,Joules,power/energy-pkg/,1001089782,100.00,,
   855.953932003,41.95,Joules,power/energy-pkg/,1001104131,100.00,,
   856.955097007,46.60,Joules,power/energy-pkg/,1001148241,100.00,,
   857.955739360,53.69,Joules,power/energy-pkg/,1000643161,100.00,,
   858.956837438,58.46,Joules,power/energy-pkg/,1001072770,100.00,,
   859.957996540,51.76,Joules,power/energy-pkg/,1001152945,100.00,,
   860.959084285,52.58,Joules,power/energy-pkg/,1001074122,100.00,,
   861.959650679,67.71,Joules,power/energy-pkg/,1000583887,100.00,,
   862.960108591,62.87,Joules,power/energy-pkg/,1000461078,100.00,,
   863.961394802,69.73,Joules,power/energy-pkg/,1001274644,100.00,,
   864.962645976,55.02,Joules,power/energy-pkg/,1001240856,100.00,,
   865.963716037,57.84,Joules,power/energy-pkg/,1001042499,100.00,,
   866.964911990,41.56,Joules,power/energy-pkg/,1001162473,100.00,,
   867.966069737,25.13,Joules,power/energy-pkg/,1001150849,100.00,,
   868.967142636,52.78,Joules,power/energy-pkg/,1001058614,100.00,,
   869.967642384,65.29,Joules,power/energy-pkg/,1000490564,100.00,,
   870.968822708,63.32,Joules,power/energy-pkg/,1001177109,100.00,,
   871.969986878,37.38,Joules,power/energy-pkg/,1001150248,100.00,,
   872.971083813,56.48,Joules,power/energy-pkg/,1001092079,100.00,,
   873.971732112,57.81,Joules,power/energy-pkg/,1000627202,100.00,,
   874.972884421,57.75,Joules,power/energy-pkg/,1001166142,100.00,,
   875.974089227,49.57,Joules,power/energy-pkg/,1001175159,100.00,,
   876.975255794,28.36,Joules,power/energy-pkg/,1001157899,100.00,,
   877.975734233,36.51,Joules,power/energy-pkg/,1000492570,100.00,,
   878.976866615,49.93,Joules,power/energy-pkg/,1001094108,100.00,,
   879.977404457,63.25,Joules,power/energy-pkg/,1000538619,100.00,,
   880.978649285,28.09,Joules,power/energy-pkg/,1001237509,100.00,,
   881.979727879,42.19,Joules,power/energy-pkg/,1001058066,100.00,,
   882.980891121,53.08,Joules,power/energy-pkg/,1001150838,100.00,,
   883.982102056,60.60,Joules,power/energy-pkg/,1001246155,100.00,,
   884.983367994,60.41,Joules,power/energy-pkg/,1001245037,100.00,,
   885.983736455,69.69,Joules,power/energy-pkg/,1000364281,100.00,,
   886.984269043,33.37,Joules,power/energy-pkg/,1000527517,100.00,,
   887.985408732,42.73,Joules,power/energy-pkg/,1001089599,100.00,,
   888.986497722,62.32,Joules,power/energy-pkg/,1001073736,100.00,,
   889.987670399,72.06,Joules,power/energy-pkg/,1001224668,100.00,,
   890.988926719,60.41,Joules,power/energy-pkg/,1001273683,100.00,,
   891.990358222,51.30,Joules,power/energy-pkg/,1001358221,100.00,,
   892.991498247,49.43,Joules,power/energy-pkg/,1001105227,100.00,,
   893.992746930,55.11,Joules,power/energy-pkg/,1001256089,100.00,,
   894.993951177,61.39,Joules,power/energy-pkg/,1001206224,100.00,,
   895.995130740,58.36,Joules,power/energy-pkg/,1001170023,100.00,,
   896.995649233,67.90,Joules,power/energy-pkg/,1000498275,100.00,,
   897.996795428,72.15,Joules,power/energy-pkg/,1001106068,100.00,,
   898.997896126,53.93,Joules,power/energy-pkg/,1001094209,100.00,,
   899.999025389,49.72,Joules,power/energy-pkg/,1001129455,100.00,,
   900.999745587,45.12,Joules,power/energy-pkg/,1000725774,100.00,,
   902.000877429,55.47,Joules,power/energy-pkg/,1001092845,100.00,,
   903.002066306,41.07,Joules,power/energy-pkg/,1001210754,100.00,,
   904.003197220,64.83,Joules,power/energy-pkg/,1001086798,100.00,,
   905.003646847,62.25,Joules,power/energy-pkg/,1000442491,100.00,,
   906.004768387,47.68,Joules,power/energy-pkg/,1001104014,100.00,,
   907.005855930,47.99,Joules,power/energy-pkg/,1001089354,100.00,,
   908.007060888,65.88,Joules,power/energy-pkg/,1001204749,100.00,,
   909.007729553,51.76,Joules,power/energy-pkg/,1000654887,100.00,,
   910.008909781,65.55,Joules,power/energy-pkg/,1001183033,100.00,,
   911.010105223,63.89,Joules,power/energy-pkg/,1001161780,100.00,,
   912.011293050,52.05,Joules,power/energy-pkg/,1001174653,100.00,,
   913.011729715,43.74,Joules,power/energy-pkg/,1000439863,100.00,,
   914.012837819,52.23,Joules,power/energy-pkg/,1001088461,100.00,,
   915.013996335,55.08,Joules,power/energy-pkg/,1001142147,100.00,,
   916.015090047,49.61,Joules,power/energy-pkg/,1001081763,100.00,,
   917.015650030,45.77,Joules,power/energy-pkg/,1000553343,100.00,,
   918.016838410,42.34,Joules,power/energy-pkg/,1001199909,100.00,,
   919.018052926,59.66,Joules,power/energy-pkg/,1001218532,100.00,,
   920.019234110,60.27,Joules,power/energy-pkg/,1001129676,100.00,,
   921.019723937,58.20,Joules,power/energy-pkg/,1000506712,100.00,,
   922.020851771,59.26,Joules,power/energy-pkg/,1001092612,100.00,,
   923.021977132,62.79,Joules,power/energy-pkg/,1001127603,100.00,,
   924.023152627,47.06,Joules,power/energy-pkg/,1001153172,100.00,,
   925.023654179,51.45,Joules,power/energy-pkg/,1000500660,100.00,,
   926.024909589,52.77,Joules,power/energy-pkg/,1001291396,100.00,,
   927.026141409,58.63,Joules,power/energy-pkg/,1001168090,100.00,,
   928.027297693,57.12,Joules,power/energy-pkg/,1001141464,100.00,,
   929.027735243,35.55,Joules,power/energy-pkg/,1000429251,100.00,,
   930.028875408,26.84,Joules,power/energy-pkg/,1001159197,100.00,,
   931.030073123,52.57,Joules,power/energy-pkg/,1001158436,100.00,,
   932.031244491,40.94,Joules,power/energy-pkg/,1001159586,100.00,,
   933.031724945,47.84,Joules,power/energy-pkg/,1000464658,100.00,,
   934.032875494,53.43,Joules,power/energy-pkg/,1001146223,100.00,,
   935.034017555,56.15,Joules,power/energy-pkg/,1001139972,100.00,,
   936.035173298,44.99,Joules,power/energy-pkg/,1001147248,100.00,,
   937.035744952,36.56,Joules,power/energy-pkg/,1000557471,100.00,,
   938.036859348,43.01,Joules,power/energy-pkg/,1001092657,100.00,,
   939.038027511,33.29,Joules,power/energy-pkg/,1001183764,100.00,,
   940.039151841,41.43,Joules,power/energy-pkg/,1001088041,100.00,,
   941.039659404,36.72,Joules,power/energy-pkg/,1000512421,100.00,,
   942.040866828,58.59,Joules,power/energy-pkg/,1001189430,100.00,,
   943.042078344,43.22,Joules,power/energy-pkg/,1001224277,100.00,,
   944.043198033,48.77,Joules,power/energy-pkg/,1001081720,100.00,,
   945.043722310,42.97,Joules,power/energy-pkg/,1000535824,100.00,,
   946.044850037,47.57,Joules,power/energy-pkg/,1001096753,100.00,,
   947.045969374,40.53,Joules,power/energy-pkg/,1001102857,100.00,,
   948.047056120,40.18,Joules,power/energy-pkg/,1001078918,100.00,,
   949.047722383,41.04,Joules,power/energy-pkg/,1000686285,100.00,,
   950.048912618,43.49,Joules,power/energy-pkg/,1001176275,100.00,,
   951.050092506,48.28,Joules,power/energy-pkg/,1002685745,100.00,,
   952.052801758,34.23,Joules,power/energy-pkg/,1001182567,100.00,,
   953.053975521,45.13,Joules,power/energy-pkg/,1001162296,100.00,,
   954.055174299,33.89,Joules,power/energy-pkg/,1001165352,100.00,,
   955.056325908,31.94,Joules,power/energy-pkg/,1001138268,100.00,,
   956.057475602,33.87,Joules,power/energy-pkg/,1001141674,100.00,,
   957.058650533,39.15,Joules,power/energy-pkg/,1001166643,100.00,,
   958.059745499,41.18,Joules,power/energy-pkg/,1001080452,100.00,,
   959.060933819,49.16,Joules,power/energy-pkg/,1001219287,100.00,,
   960.062189137,42.75,Joules,power/energy-pkg/,1001204350,100.00,,
   961.063307004,43.98,Joules,power/energy-pkg/,1001116625,100.00,,
   962.063666157,51.22,Joules,power/energy-pkg/,1000357471,100.00,,
   963.064876795,50.53,Joules,power/energy-pkg/,1001197229,100.00,,
   964.066196944,44.89,Joules,power/energy-pkg/,1001294042,100.00,,
   965.067393558,49.61,Joules,power/energy-pkg/,1001233604,100.00,,
   966.070355125,51.00,Joules,power/energy-pkg/,1002938524,100.00,,
   967.071653467,47.52,Joules,power/energy-pkg/,1001259808,100.00,,
   968.072892209,32.86,Joules,power/energy-pkg/,1001221563,100.00,,
   969.074072334,22.04,Joules,power/energy-pkg/,1005761215,100.00,,
   970.079724634,32.06,Joules,power/energy-pkg/,1001047615,100.00,,
   971.079999563,15.73,Joules,power/energy-pkg/,1000317768,100.00,,
   972.081253085,32.94,Joules,power/energy-pkg/,1001203194,100.00,,
   973.082502493,13.85,Joules,power/energy-pkg/,1001226114,100.00,,
   974.083594525,31.01,Joules,power/energy-pkg/,1001073196,100.00,,
   975.084784203,18.00,Joules,power/energy-pkg/,1001181402,100.00,,
   976.085972363,25.68,Joules,power/energy-pkg/,1001201193,100.00,,
   977.087310033,22.99,Joules,power/energy-pkg/,1001303176,100.00,,
   978.088465398,20.51,Joules,power/energy-pkg/,1001212360,100.00,,
   979.089788266,27.76,Joules,power/energy-pkg/,1001253306,100.00,,
   980.090901851,15.58,Joules,power/energy-pkg/,1001109573,100.00,,
   981.091731763,32.48,Joules,power/energy-pkg/,1000799375,100.00,,
   982.092892566,12.49,Joules,power/energy-pkg/,1001156115,100.00,,
   983.094046483,33.89,Joules,power/energy-pkg/,1001144808,100.00,,
   984.095209283,13.01,Joules,power/energy-pkg/,1001150549,100.00,,
   985.096394238,33.35,Joules,power/energy-pkg/,1001189601,100.00,,
   986.097725953,12.77,Joules,power/energy-pkg/,1001308232,100.00,,
   987.098888291,31.30,Joules,power/energy-pkg/,1001163926,100.00,,
   988.099725076,14.24,Joules,power/energy-pkg/,1000802760,100.00,,
   989.100934127,28.44,Joules,power/energy-pkg/,1001221518,100.00,,
   990.102260779,15.61,Joules,power/energy-pkg/,1001296866,100.00,,
   991.103439744,26.88,Joules,power/energy-pkg/,1001188104,100.00,,
   992.104800073,20.10,Joules,power/energy-pkg/,1001329169,100.00,,
   993.106123426,22.43,Joules,power/energy-pkg/,1001335815,100.00,,
   994.107456427,24.75,Joules,power/energy-pkg/,1001297520,100.00,,
   995.107778355,20.17,Joules,power/energy-pkg/,1000332577,100.00,,
   996.109100208,29.50,Joules,power/energy-pkg/,1001290381,100.00,,
   997.110247099,15.45,Joules,power/energy-pkg/,1001154317,100.00,,
   998.111569502,31.91,Joules,power/energy-pkg/,1001291740,100.00,,
