# started on Thu Apr 13 15:34:25 2023

     1.000209698,9.11,Joules,power/energy-ram/,1000197851,100.00,,
     1.000209698,21.21,Joules,power/energy-pkg/,1000194738,100.00,,
     2.000406013,18.26,Joules,power/energy-ram/,1000193684,100.00,,
     2.000406013,28.91,Joules,power/energy-pkg/,1000196481,100.00,,
     3.000655986,16.00,Joules,power/energy-ram/,1000242124,100.00,,
     3.000655986,24.97,Joules,power/energy-pkg/,1000243590,100.00,,
     4.000896180,13.58,Joules,power/energy-ram/,1000232120,100.00,,
     4.000896180,22.75,Joules,power/energy-pkg/,1000231511,100.00,,
     5.001121325,9.04,Joules,power/energy-ram/,1000216054,100.00,,
     5.001121325,20.41,Joules,power/energy-pkg/,1000215119,100.00,,
     6.001344395,8.42,Joules,power/energy-ram/,1000214176,100.00,,
     6.001344395,20.10,Joules,power/energy-pkg/,1000213012,100.00,,
     7.001564493,8.62,Joules,power/energy-ram/,1000213241,100.00,,
     7.001564493,20.17,Joules,power/energy-pkg/,1000214055,100.00,,
     8.001797887,9.45,Joules,power/energy-ram/,1000224889,100.00,,
     8.001797887,20.53,Joules,power/energy-pkg/,1000224380,100.00,,
     9.002022777,8.44,Joules,power/energy-ram/,1000217396,100.00,,
     9.002022777,19.96,Joules,power/energy-pkg/,1000217073,100.00,,
    10.002220315,9.30,Joules,power/energy-ram/,1000189749,100.00,,
    10.002220315,20.36,Joules,power/energy-pkg/,1000189447,100.00,,
    11.002437550,7.54,Joules,power/energy-ram/,1000208918,100.00,,
    11.002437550,19.64,Joules,power/energy-pkg/,1000208636,100.00,,
    12.002577898,9.33,Joules,power/energy-ram/,1000133504,100.00,,
    12.002577898,20.58,Joules,power/energy-pkg/,1000134402,100.00,,
    13.002814556,8.60,Joules,power/energy-ram/,1000228393,100.00,,
    13.002814556,20.21,Joules,power/energy-pkg/,1000227888,100.00,,
    14.003021020,8.68,Joules,power/energy-ram/,1000198435,100.00,,
    14.003021020,19.98,Joules,power/energy-pkg/,1000198227,100.00,,
    15.003246315,8.88,Joules,power/energy-ram/,1000217730,100.00,,
    15.003246315,20.35,Joules,power/energy-pkg/,1000217975,100.00,,
    16.003479745,9.23,Joules,power/energy-ram/,1000225700,100.00,,
    16.003479745,20.38,Joules,power/energy-pkg/,1000225878,100.00,,
    17.003700269,8.91,Joules,power/energy-ram/,1000213656,100.00,,
    17.003700269,20.30,Joules,power/energy-pkg/,1000214544,100.00,,
    18.003925162,8.98,Joules,power/energy-ram/,1000216840,100.00,,
    18.003925162,20.42,Joules,power/energy-pkg/,1000215758,100.00,,
    19.004120465,8.60,Joules,power/energy-ram/,1000187434,100.00,,
    19.004120465,19.98,Joules,power/energy-pkg/,1000187696,100.00,,
    20.004349868,8.73,Joules,power/energy-ram/,1000221452,100.00,,
    20.004349868,20.06,Joules,power/energy-pkg/,1000221000,100.00,,
    21.004557121,8.56,Joules,power/energy-ram/,1000199550,100.00,,
    21.004557121,20.16,Joules,power/energy-pkg/,1000199973,100.00,,
    22.004770539,9.19,Joules,power/energy-ram/,1000206130,100.00,,
    22.004770539,20.42,Joules,power/energy-pkg/,1000206327,100.00,,
    23.005001756,7.72,Joules,power/energy-ram/,1000223274,100.00,,
    23.005001756,19.76,Joules,power/energy-pkg/,1000223186,100.00,,
    24.005211945,9.16,Joules,power/energy-ram/,1000203094,100.00,,
    24.005211945,20.41,Joules,power/energy-pkg/,1000203251,100.00,,
    25.005405216,7.88,Joules,power/energy-ram/,1000185686,100.00,,
    25.005405216,19.87,Joules,power/energy-pkg/,1000185909,100.00,,
    26.005634833,8.97,Joules,power/energy-ram/,1000221325,100.00,,
    26.005634833,20.35,Joules,power/energy-pkg/,1000220380,100.00,,
    27.005869153,8.08,Joules,power/energy-ram/,1000226795,100.00,,
    27.005869153,20.05,Joules,power/energy-pkg/,1000227016,100.00,,
    28.006073868,8.67,Joules,power/energy-ram/,1000196436,100.00,,
    28.006073868,20.03,Joules,power/energy-pkg/,1000196373,100.00,,
    29.006306681,8.27,Joules,power/energy-ram/,1000225249,100.00,,
    29.006306681,19.84,Joules,power/energy-pkg/,1000225220,100.00,,
    30.006503023,9.67,Joules,power/energy-ram/,1000189186,100.00,,
    30.006503023,20.59,Joules,power/energy-pkg/,1000190002,100.00,,
    31.006727850,8.01,Joules,power/energy-ram/,1000216694,100.00,,
    31.006727850,19.89,Joules,power/energy-pkg/,1000216453,100.00,,
    32.007002298,9.53,Joules,power/energy-ram/,1000266749,100.00,,
    32.007002298,20.44,Joules,power/energy-pkg/,1000266945,100.00,,
    33.007200801,8.57,Joules,power/energy-ram/,1000191097,100.00,,
    33.007200801,20.11,Joules,power/energy-pkg/,1000191010,100.00,,
    34.007412704,8.35,Joules,power/energy-ram/,1000204185,100.00,,
    34.007412704,19.95,Joules,power/energy-pkg/,1000204161,100.00,,
    35.007547057,9.01,Joules,power/energy-ram/,1000125915,100.00,,
    35.007547057,20.29,Joules,power/energy-pkg/,1000125749,100.00,,
    36.007685418,9.06,Joules,power/energy-ram/,1000130572,100.00,,
    36.007685418,20.35,Joules,power/energy-pkg/,1000130888,100.00,,
    37.007925341,7.82,Joules,power/energy-ram/,1000233140,100.00,,
    37.007925341,19.78,Joules,power/energy-pkg/,1000233272,100.00,,
    38.008151804,9.36,Joules,power/energy-ram/,1000218820,100.00,,
    38.008151804,20.41,Joules,power/energy-pkg/,1000218568,100.00,,
    39.008383049,8.66,Joules,power/energy-ram/,1000223372,100.00,,
    39.008383049,20.02,Joules,power/energy-pkg/,1000223074,100.00,,
    40.008616948,8.22,Joules,power/energy-ram/,1000225816,100.00,,
    40.008616948,19.97,Joules,power/energy-pkg/,1000225584,100.00,,
    41.008845609,8.46,Joules,power/energy-ram/,1000221344,100.00,,
    41.008845609,20.01,Joules,power/energy-pkg/,1000221352,100.00,,
    42.009062456,8.47,Joules,power/energy-ram/,1000209007,100.00,,
    42.009062456,19.88,Joules,power/energy-pkg/,1000208842,100.00,,
    43.009276872,8.14,Joules,power/energy-ram/,1000207185,100.00,,
    43.009276872,20.09,Joules,power/energy-pkg/,1000207077,100.00,,
    44.009489023,9.40,Joules,power/energy-ram/,1000204088,100.00,,
    44.009489023,20.29,Joules,power/energy-pkg/,1000204153,100.00,,
    45.009713576,7.65,Joules,power/energy-ram/,1000217436,100.00,,
    45.009713576,19.66,Joules,power/energy-pkg/,1000217711,100.00,,
    46.009941827,9.27,Joules,power/energy-ram/,1000219837,100.00,,
    46.009941827,20.39,Joules,power/energy-pkg/,1000219567,100.00,,
    47.010187129,8.35,Joules,power/energy-ram/,1000238033,100.00,,
    47.010187129,19.89,Joules,power/energy-pkg/,1000238051,100.00,,
    48.010320048,8.51,Joules,power/energy-ram/,1000124394,100.00,,
    48.010320048,19.95,Joules,power/energy-pkg/,1000123951,100.00,,
    49.010526297,8.44,Joules,power/energy-ram/,1000199211,100.00,,
    49.010526297,19.92,Joules,power/energy-pkg/,1000199886,100.00,,
    50.010662819,9.18,Joules,power/energy-ram/,1000128780,100.00,,
    50.010662819,20.23,Joules,power/energy-pkg/,1000128596,100.00,,
    51.010874904,7.72,Joules,power/energy-ram/,1000204351,100.00,,
    51.010874904,19.52,Joules,power/energy-pkg/,1000203989,100.00,,
    52.011098121,8.32,Joules,power/energy-ram/,1000215765,100.00,,
    52.011098121,20.01,Joules,power/energy-pkg/,1000216228,100.00,,
    53.011325151,8.47,Joules,power/energy-ram/,1000219375,100.00,,
    53.011325151,19.95,Joules,power/energy-pkg/,1000219540,100.00,,
    54.011543526,8.41,Joules,power/energy-ram/,1000210009,100.00,,
    54.011543526,19.90,Joules,power/energy-pkg/,1000209374,100.00,,
    55.011763012,8.32,Joules,power/energy-ram/,1000212271,100.00,,
    55.011763012,20.05,Joules,power/energy-pkg/,1000213066,100.00,,
    56.011962446,9.13,Joules,power/energy-ram/,1000192261,100.00,,
    56.011962446,20.31,Joules,power/energy-pkg/,1000192040,100.00,,
    57.012189217,7.73,Joules,power/energy-ram/,1000218363,100.00,,
    57.012189217,19.63,Joules,power/energy-pkg/,1000218490,100.00,,
    58.012425048,9.25,Joules,power/energy-ram/,1000229163,100.00,,
    58.012425048,20.34,Joules,power/energy-pkg/,1000229500,100.00,,
    59.012667145,7.63,Joules,power/energy-ram/,1000233282,100.00,,
    59.012667145,19.39,Joules,power/energy-pkg/,1000232568,100.00,,
    60.012880205,9.27,Joules,power/energy-ram/,1000205340,100.00,,
    60.012880205,20.34,Joules,power/energy-pkg/,1000205844,100.00,,
    61.013079334,8.61,Joules,power/energy-ram/,1000191918,100.00,,
    61.013079334,20.05,Joules,power/energy-pkg/,1000191907,100.00,,
    62.013314466,9.04,Joules,power/energy-ram/,1000227864,100.00,,
    62.013314466,20.34,Joules,power/energy-pkg/,1000228475,100.00,,
    63.013541900,8.10,Joules,power/energy-ram/,1000219148,100.00,,
    63.013541900,19.99,Joules,power/energy-pkg/,1000218284,100.00,,
    64.013755504,9.12,Joules,power/energy-ram/,1000206256,100.00,,
    64.013755504,20.15,Joules,power/energy-pkg/,1000206161,100.00,,
    65.013956709,17.68,Joules,power/energy-ram/,1000197416,100.00,,
    65.013956709,25.44,Joules,power/energy-pkg/,1000199679,100.00,,
    66.014190450,19.31,Joules,power/energy-ram/,1000224606,100.00,,
    66.014190450,25.26,Joules,power/energy-pkg/,1000224641,100.00,,
    67.014346490,19.20,Joules,power/energy-ram/,1000149138,100.00,,
    67.014346490,25.25,Joules,power/energy-pkg/,1000148435,100.00,,
    68.014498878,19.66,Joules,power/energy-ram/,1000143342,100.00,,
    68.014498878,25.17,Joules,power/energy-pkg/,1000143609,100.00,,
    69.014653912,21.46,Joules,power/energy-ram/,1000148380,100.00,,
    69.014653912,27.18,Joules,power/energy-pkg/,1000148805,100.00,,
    70.014816428,25.17,Joules,power/energy-ram/,1000153810,100.00,,
    70.014816428,38.29,Joules,power/energy-pkg/,1000152368,100.00,,
    71.014964450,30.61,Joules,power/energy-ram/,1000139669,100.00,,
    71.014964450,55.96,Joules,power/energy-pkg/,1000139536,100.00,,
    72.015110379,33.76,Joules,power/energy-ram/,1000138111,100.00,,
    72.015110379,73.35,Joules,power/energy-pkg/,1000136898,100.00,,
    73.015247132,32.71,Joules,power/energy-ram/,1000130949,100.00,,
    73.015247132,72.39,Joules,power/energy-pkg/,1000132559,100.00,,
    74.015467235,33.17,Joules,power/energy-ram/,1000210925,100.00,,
    74.015467235,77.53,Joules,power/energy-pkg/,1000210305,100.00,,
    75.015676016,33.03,Joules,power/energy-ram/,1000201297,100.00,,
    75.015676016,76.20,Joules,power/energy-pkg/,1000201849,100.00,,
    76.015871334,32.76,Joules,power/energy-ram/,1000187278,100.00,,
    76.015871334,66.35,Joules,power/energy-pkg/,1000186991,100.00,,
    77.016074648,32.89,Joules,power/energy-ram/,1000194993,100.00,,
    77.016074648,74.82,Joules,power/energy-pkg/,1000194849,100.00,,
    78.016278902,32.64,Joules,power/energy-ram/,1000198167,100.00,,
    78.016278902,70.78,Joules,power/energy-pkg/,1000198653,100.00,,
    79.016490236,32.62,Joules,power/energy-ram/,1000203090,100.00,,
    79.016490236,73.70,Joules,power/energy-pkg/,1000203033,100.00,,
    80.016699760,32.46,Joules,power/energy-ram/,1000200530,100.00,,
    80.016699760,70.67,Joules,power/energy-pkg/,1000200580,100.00,,
    81.016907260,33.21,Joules,power/energy-ram/,1000201640,100.00,,
    81.016907260,73.04,Joules,power/energy-pkg/,1000201789,100.00,,
    82.017125346,33.24,Joules,power/energy-ram/,1000210240,100.00,,
    82.017125346,76.56,Joules,power/energy-pkg/,1000210425,100.00,,
    83.017283154,33.27,Joules,power/energy-ram/,1000149109,100.00,,
    83.017283154,70.06,Joules,power/energy-pkg/,1000147477,100.00,,
    84.017429450,33.84,Joules,power/energy-ram/,1000138871,100.00,,
    84.017429450,64.54,Joules,power/energy-pkg/,1000140821,100.00,,
    85.017641833,33.32,Joules,power/energy-ram/,1000205530,100.00,,
    85.017641833,65.49,Joules,power/energy-pkg/,1000205162,100.00,,
    86.017848533,29.59,Joules,power/energy-ram/,1000199572,100.00,,
    86.017848533,53.09,Joules,power/energy-pkg/,1000199602,100.00,,
    87.018112667,32.50,Joules,power/energy-ram/,1000256531,100.00,,
    87.018112667,53.83,Joules,power/energy-pkg/,1000256719,100.00,,
    88.018323118,33.94,Joules,power/energy-ram/,1000201485,100.00,,
    88.018323118,77.62,Joules,power/energy-pkg/,1000199692,100.00,,
    89.018468051,34.81,Joules,power/energy-ram/,1000136032,100.00,,
    89.018468051,75.69,Joules,power/energy-pkg/,1000134138,100.00,,
    90.018597779,33.95,Joules,power/energy-ram/,1000121962,100.00,,
    90.018597779,70.06,Joules,power/energy-pkg/,1000121640,100.00,,
    91.018776450,34.73,Joules,power/energy-ram/,1000172652,100.00,,
    91.018776450,65.66,Joules,power/energy-pkg/,1000175479,100.00,,
    92.019002948,35.45,Joules,power/energy-ram/,1000217749,100.00,,
    92.019002948,77.90,Joules,power/energy-pkg/,1000227416,100.00,,
    93.019160805,35.66,Joules,power/energy-ram/,1000149464,100.00,,
    93.019160805,74.57,Joules,power/energy-pkg/,1000137586,100.00,,
    94.019354137,36.04,Joules,power/energy-ram/,1000187444,100.00,,
    94.019354137,91.41,Joules,power/energy-pkg/,1000190575,100.00,,
    95.019573520,35.19,Joules,power/energy-ram/,1000211189,100.00,,
    95.019573520,97.16,Joules,power/energy-pkg/,1000211343,100.00,,
    96.019781633,33.26,Joules,power/energy-ram/,1000201031,100.00,,
    96.019781633,81.29,Joules,power/energy-pkg/,1000200767,100.00,,
    97.019979118,33.37,Joules,power/energy-ram/,1000187211,100.00,,
    97.019979118,73.37,Joules,power/energy-pkg/,1000184153,100.00,,
    98.020170858,34.23,Joules,power/energy-ram/,1000186725,100.00,,
    98.020170858,71.15,Joules,power/energy-pkg/,1000191126,100.00,,
    99.020391520,33.37,Joules,power/energy-ram/,1000212624,100.00,,
    99.020391520,70.88,Joules,power/energy-pkg/,1000210921,100.00,,
   100.020610820,34.01,Joules,power/energy-ram/,1000211620,100.00,,
   100.020610820,72.15,Joules,power/energy-pkg/,1000212070,100.00,,
   101.020826092,33.17,Joules,power/energy-ram/,1000206662,100.00,,
   101.020826092,70.44,Joules,power/energy-pkg/,1000206464,100.00,,
   102.021043725,32.77,Joules,power/energy-ram/,1000210604,100.00,,
   102.021043725,76.96,Joules,power/energy-pkg/,1000211285,100.00,,
   103.021195253,33.00,Joules,power/energy-ram/,1000142616,100.00,,
   103.021195253,81.93,Joules,power/energy-pkg/,1000140740,100.00,,
   104.021407042,32.74,Joules,power/energy-ram/,1000206240,100.00,,
   104.021407042,75.27,Joules,power/energy-pkg/,1000207755,100.00,,
   105.021625013,33.04,Joules,power/energy-ram/,1000208798,100.00,,
   105.021625013,73.89,Joules,power/energy-pkg/,1000207860,100.00,,
   106.021818958,33.36,Joules,power/energy-ram/,1000186006,100.00,,
   106.021818958,76.16,Joules,power/energy-pkg/,1000185325,100.00,,
   107.022021467,33.06,Joules,power/energy-ram/,1000196436,100.00,,
   107.022021467,66.98,Joules,power/energy-pkg/,1000197644,100.00,,
   108.022182557,33.02,Joules,power/energy-ram/,1000152749,100.00,,
   108.022182557,67.45,Joules,power/energy-pkg/,1000153307,100.00,,
   109.022400617,32.82,Joules,power/energy-ram/,1000210509,100.00,,
   109.022400617,62.39,Joules,power/energy-pkg/,1000210126,100.00,,
   110.022609399,32.81,Joules,power/energy-ram/,1000201593,100.00,,
   110.022609399,60.37,Joules,power/energy-pkg/,1000201325,100.00,,
   111.022823600,33.86,Joules,power/energy-ram/,1000206598,100.00,,
   111.022823600,72.74,Joules,power/energy-pkg/,1000206755,100.00,,
   112.023043103,33.42,Joules,power/energy-ram/,1000211695,100.00,,
   112.023043103,73.71,Joules,power/energy-pkg/,1000211894,100.00,,
   113.023266960,33.04,Joules,power/energy-ram/,1000215736,100.00,,
   113.023266960,65.32,Joules,power/energy-pkg/,1000215440,100.00,,
   114.023487030,35.13,Joules,power/energy-ram/,1000212619,100.00,,
   114.023487030,74.44,Joules,power/energy-pkg/,1000213030,100.00,,
   115.023703351,33.91,Joules,power/energy-ram/,1000207670,100.00,,
   115.023703351,74.66,Joules,power/energy-pkg/,1000206572,100.00,,
   116.023917824,34.04,Joules,power/energy-ram/,1000206810,100.00,,
   116.023917824,78.03,Joules,power/energy-pkg/,1000207328,100.00,,
   117.024133167,33.12,Joules,power/energy-ram/,1000207989,100.00,,
   117.024133167,74.69,Joules,power/energy-pkg/,1000207820,100.00,,
   118.024351431,32.96,Joules,power/energy-ram/,1000211527,100.00,,
   118.024351431,66.17,Joules,power/energy-pkg/,1000211865,100.00,,
   119.024584041,32.83,Joules,power/energy-ram/,1000222489,100.00,,
   119.024584041,63.71,Joules,power/energy-pkg/,1000220965,100.00,,
   120.024787876,32.82,Joules,power/energy-ram/,1000196735,100.00,,
   120.024787876,72.13,Joules,power/energy-pkg/,1000197799,100.00,,
   121.024988708,32.61,Joules,power/energy-ram/,1000194020,100.00,,
   121.024988708,73.19,Joules,power/energy-pkg/,1000195038,100.00,,
   122.025218454,32.82,Joules,power/energy-ram/,1000221303,100.00,,
   122.025218454,72.46,Joules,power/energy-pkg/,1000219891,100.00,,
   123.025421311,32.84,Joules,power/energy-ram/,1000195497,100.00,,
   123.025421311,65.22,Joules,power/energy-pkg/,1000195967,100.00,,
   124.025634605,33.01,Joules,power/energy-ram/,1000206284,100.00,,
   124.025634605,64.37,Joules,power/energy-pkg/,1000207906,100.00,,
   125.025846026,32.67,Joules,power/energy-ram/,1000202722,100.00,,
   125.025846026,61.58,Joules,power/energy-pkg/,1000201760,100.00,,
   126.026050412,32.66,Joules,power/energy-ram/,1000197436,100.00,,
   126.026050412,50.11,Joules,power/energy-pkg/,1000197116,100.00,,
   127.026256344,32.45,Joules,power/energy-ram/,1000196910,100.00,,
   127.026256344,49.59,Joules,power/energy-pkg/,1000197328,100.00,,
   128.026452013,32.52,Joules,power/energy-ram/,1000188430,100.00,,
   128.026452013,49.74,Joules,power/energy-pkg/,1000187650,100.00,,
   129.026655856,32.94,Joules,power/energy-ram/,1000197404,100.00,,
   129.026655856,51.95,Joules,power/energy-pkg/,1000198128,100.00,,
   130.026813870,32.63,Joules,power/energy-ram/,1000151074,100.00,,
   130.026813870,59.21,Joules,power/energy-pkg/,1000151353,100.00,,
   131.027032069,33.17,Joules,power/energy-ram/,1000210295,100.00,,
   131.027032069,65.96,Joules,power/energy-pkg/,1000210065,100.00,,
   132.027255939,33.46,Joules,power/energy-ram/,1000216451,100.00,,
   132.027255939,68.26,Joules,power/energy-pkg/,1000216382,100.00,,
   133.027470052,33.72,Joules,power/energy-ram/,1000206904,100.00,,
   133.027470052,66.54,Joules,power/energy-pkg/,1000207100,100.00,,
   134.027691773,33.06,Joules,power/energy-ram/,1000213250,100.00,,
   134.027691773,60.93,Joules,power/energy-pkg/,1000212673,100.00,,
   135.027906371,32.79,Joules,power/energy-ram/,1000206270,100.00,,
   135.027906371,55.50,Joules,power/energy-pkg/,1000206447,100.00,,
   136.028125098,33.02,Joules,power/energy-ram/,1000211991,100.00,,
   136.028125098,61.34,Joules,power/energy-pkg/,1000212229,100.00,,
   137.028329865,33.05,Joules,power/energy-ram/,1000194677,100.00,,
   137.028329865,64.24,Joules,power/energy-pkg/,1000191450,100.00,,
   138.028520702,33.30,Joules,power/energy-ram/,1000184952,100.00,,
   138.028520702,66.74,Joules,power/energy-pkg/,1000188709,100.00,,
   139.028675909,33.69,Joules,power/energy-ram/,1000146205,100.00,,
   139.028675909,64.89,Joules,power/energy-pkg/,1000145341,100.00,,
   140.028891492,32.73,Joules,power/energy-ram/,1000208706,100.00,,
   140.028891492,69.66,Joules,power/energy-pkg/,1000208840,100.00,,
   141.029104338,32.83,Joules,power/energy-ram/,1000205129,100.00,,
   141.029104338,80.79,Joules,power/energy-pkg/,1000205010,100.00,,
   142.029317798,32.60,Joules,power/energy-ram/,1000204931,100.00,,
   142.029317798,75.72,Joules,power/energy-pkg/,1000203645,100.00,,
   143.029515787,33.71,Joules,power/energy-ram/,1000190097,100.00,,
   143.029515787,69.07,Joules,power/energy-pkg/,1000190230,100.00,,
   144.029719923,34.27,Joules,power/energy-ram/,1000197041,100.00,,
   144.029719923,77.51,Joules,power/energy-pkg/,1000198393,100.00,,
   145.029931124,34.28,Joules,power/energy-ram/,1000204591,100.00,,
   145.029931124,91.32,Joules,power/energy-pkg/,1000205882,100.00,,
   146.030161653,34.36,Joules,power/energy-ram/,1000222771,100.00,,
   146.030161653,85.79,Joules,power/energy-pkg/,1000221510,100.00,,
   147.030381358,34.84,Joules,power/energy-ram/,1000211934,100.00,,
   147.030381358,76.01,Joules,power/energy-pkg/,1000212871,100.00,,
   148.030534776,33.73,Joules,power/energy-ram/,1000145810,100.00,,
   148.030534776,68.39,Joules,power/energy-pkg/,1000145511,100.00,,
   149.030692889,32.64,Joules,power/energy-ram/,1000150610,100.00,,
   149.030692889,62.15,Joules,power/energy-pkg/,1000149980,100.00,,
   150.030898835,32.66,Joules,power/energy-ram/,1000197366,100.00,,
   150.030898835,59.19,Joules,power/energy-pkg/,1000197080,100.00,,
   151.031107616,9.81,Joules,power/energy-ram/,1000201271,100.00,,
   151.031107616,22.19,Joules,power/energy-pkg/,1000202344,100.00,,
   152.031366634,24.78,Joules,power/energy-ram/,1000251509,100.00,,
   152.031366634,40.65,Joules,power/energy-pkg/,1000250364,100.00,,
   153.031582180,32.84,Joules,power/energy-ram/,1000208402,100.00,,
   153.031582180,56.18,Joules,power/energy-pkg/,1000209363,100.00,,
   154.031791587,33.28,Joules,power/energy-ram/,1000201320,100.00,,
   154.031791587,59.76,Joules,power/energy-pkg/,1000200947,100.00,,
   155.032005833,32.79,Joules,power/energy-ram/,1000206871,100.00,,
   155.032005833,65.69,Joules,power/energy-pkg/,1000206580,100.00,,
   156.032211304,33.02,Joules,power/energy-ram/,1000196551,100.00,,
   156.032211304,76.08,Joules,power/energy-pkg/,1000196993,100.00,,
   157.032419940,32.60,Joules,power/energy-ram/,1000200782,100.00,,
   157.032419940,78.88,Joules,power/energy-pkg/,1000200181,100.00,,
   158.032620040,32.79,Joules,power/energy-ram/,1000193887,100.00,,
   158.032620040,70.44,Joules,power/energy-pkg/,1000195199,100.00,,
   159.032818608,33.60,Joules,power/energy-ram/,1000189941,100.00,,
   159.032818608,65.44,Joules,power/energy-pkg/,1000187733,100.00,,
   160.033023073,33.55,Joules,power/energy-ram/,1000197139,100.00,,
   160.033023073,74.75,Joules,power/energy-pkg/,1000198269,100.00,,
   161.033286309,32.99,Joules,power/energy-ram/,1000255448,100.00,,
   161.033286309,79.63,Joules,power/energy-pkg/,1000255370,100.00,,
   162.033495718,32.74,Joules,power/energy-ram/,1000201789,100.00,,
   162.033495718,68.86,Joules,power/energy-pkg/,1000202205,100.00,,
   163.033705190,33.21,Joules,power/energy-ram/,1000202331,100.00,,
   163.033705190,70.33,Joules,power/energy-pkg/,1000201765,100.00,,
   164.033911596,32.76,Joules,power/energy-ram/,1000198190,100.00,,
   164.033911596,58.12,Joules,power/energy-pkg/,1000198202,100.00,,
   165.034134382,32.49,Joules,power/energy-ram/,1000214052,100.00,,
   165.034134382,49.75,Joules,power/energy-pkg/,1000213968,100.00,,
   166.034339091,30.33,Joules,power/energy-ram/,1000196858,100.00,,
   166.034339091,47.79,Joules,power/energy-pkg/,1000197396,100.00,,
   167.034580448,9.08,Joules,power/energy-ram/,1000234409,100.00,,
   167.034580448,20.56,Joules,power/energy-pkg/,1000235076,100.00,,
   168.034788399,25.84,Joules,power/energy-ram/,1000201131,100.00,,
   168.034788399,41.69,Joules,power/energy-pkg/,1000200304,100.00,,
   169.035002166,33.14,Joules,power/energy-ram/,1000205794,100.00,,
   169.035002166,59.16,Joules,power/energy-pkg/,1000206610,100.00,,
   170.035236511,32.78,Joules,power/energy-ram/,1000225926,100.00,,
   170.035236511,59.24,Joules,power/energy-pkg/,1000225210,100.00,,
   171.035453833,33.09,Joules,power/energy-ram/,1000210073,100.00,,
   171.035453833,62.42,Joules,power/energy-pkg/,1000210026,100.00,,
   172.035662431,32.63,Joules,power/energy-ram/,1000200889,100.00,,
   172.035662431,64.40,Joules,power/energy-pkg/,1000200598,100.00,,
   173.035875199,32.95,Joules,power/energy-ram/,1000205491,100.00,,
   173.035875199,71.93,Joules,power/energy-pkg/,1000205567,100.00,,
   174.036090177,33.06,Joules,power/energy-ram/,1000207307,100.00,,
   174.036090177,65.21,Joules,power/energy-pkg/,1000207802,100.00,,
   175.036303990,33.22,Joules,power/energy-ram/,1000207111,100.00,,
   175.036303990,56.44,Joules,power/energy-pkg/,1000206800,100.00,,
   176.036508806,34.17,Joules,power/energy-ram/,1000194196,100.00,,
   176.036508806,70.36,Joules,power/energy-pkg/,1000190198,100.00,,
   177.036697536,33.31,Joules,power/energy-ram/,1000182786,100.00,,
   177.036697536,78.14,Joules,power/energy-pkg/,1000186802,100.00,,
   178.036846337,34.26,Joules,power/energy-ram/,1000139541,100.00,,
   178.036846337,84.27,Joules,power/energy-pkg/,1000137222,100.00,,
   179.037046049,34.08,Joules,power/energy-ram/,1000194881,100.00,,
   179.037046049,81.60,Joules,power/energy-pkg/,1000196835,100.00,,
   180.037252460,34.19,Joules,power/energy-ram/,1000197146,100.00,,
   180.037252460,80.52,Joules,power/energy-pkg/,1000196197,100.00,,
   181.037457123,33.48,Joules,power/energy-ram/,1000197736,100.00,,
   181.037457123,79.08,Joules,power/energy-pkg/,1000199046,100.00,,
   182.037692397,33.06,Joules,power/energy-ram/,1000227809,100.00,,
   182.037692397,71.33,Joules,power/energy-pkg/,1000227080,100.00,,
   183.037907664,32.85,Joules,power/energy-ram/,1000207579,100.00,,
   183.037907664,66.72,Joules,power/energy-pkg/,1000207758,100.00,,
   184.038066010,33.02,Joules,power/energy-ram/,1000149321,100.00,,
   184.038066010,56.39,Joules,power/energy-pkg/,1000149644,100.00,,
   185.038276604,33.06,Joules,power/energy-ram/,1000203015,100.00,,
   185.038276604,58.65,Joules,power/energy-pkg/,1000203360,100.00,,
   186.038427861,33.15,Joules,power/energy-ram/,1000143769,100.00,,
   186.038427861,71.07,Joules,power/energy-pkg/,1000143170,100.00,,
   187.038662752,33.02,Joules,power/energy-ram/,1000228091,100.00,,
   187.038662752,67.58,Joules,power/energy-pkg/,1000228222,100.00,,
   188.038884588,33.22,Joules,power/energy-ram/,1000213986,100.00,,
   188.038884588,65.41,Joules,power/energy-pkg/,1000214356,100.00,,
   189.039039043,32.95,Joules,power/energy-ram/,1000145774,100.00,,
   189.039039043,64.43,Joules,power/energy-pkg/,1000145894,100.00,,
   190.039193615,32.64,Joules,power/energy-ram/,1000147260,100.00,,
   190.039193615,65.55,Joules,power/energy-pkg/,1000147836,100.00,,
   191.039403123,32.90,Joules,power/energy-ram/,1000201674,100.00,,
   191.039403123,68.40,Joules,power/energy-pkg/,1000201159,100.00,,
   192.039611218,32.87,Joules,power/energy-ram/,1000200752,100.00,,
   192.039611218,68.44,Joules,power/energy-pkg/,1000200795,100.00,,
   193.039822057,32.99,Joules,power/energy-ram/,1000202164,100.00,,
   193.039822057,61.46,Joules,power/energy-pkg/,1000202248,100.00,,
   194.040025062,32.99,Joules,power/energy-ram/,1000195960,100.00,,
   194.040025062,60.68,Joules,power/energy-pkg/,1000195252,100.00,,
   195.040233996,31.82,Joules,power/energy-ram/,1000202730,100.00,,
   195.040233996,56.01,Joules,power/energy-pkg/,1000203154,100.00,,
   196.040465853,25.66,Joules,power/energy-ram/,1000223200,100.00,,
   196.040465853,41.92,Joules,power/energy-pkg/,1000222620,100.00,,
   197.040675329,32.50,Joules,power/energy-ram/,1000201975,100.00,,
   197.040675329,55.64,Joules,power/energy-pkg/,1000202184,100.00,,
   198.040890556,33.15,Joules,power/energy-ram/,1000207245,100.00,,
   198.040890556,62.82,Joules,power/energy-pkg/,1000207280,100.00,,
   199.041101174,32.71,Joules,power/energy-ram/,1000202170,100.00,,
   199.041101174,61.65,Joules,power/energy-pkg/,1000202476,100.00,,
   200.041306700,32.50,Joules,power/energy-ram/,1000197845,100.00,,
   200.041306700,49.88,Joules,power/energy-pkg/,1000198126,100.00,,
   201.041534831,16.94,Joules,power/energy-ram/,1000221091,100.00,,
   201.041534831,32.27,Joules,power/energy-pkg/,1000221816,100.00,,
   202.041760915,10.18,Joules,power/energy-ram/,1000218580,100.00,,
   202.041760915,21.14,Joules,power/energy-pkg/,1000218308,100.00,,
   203.041973182,9.13,Joules,power/energy-ram/,1000205740,100.00,,
   203.041973182,20.64,Joules,power/energy-pkg/,1000221620,100.00,,
   204.042203349,9.87,Joules,power/energy-ram/,1000221649,100.00,,
   204.042203349,21.02,Joules,power/energy-pkg/,1000205905,100.00,,
   205.042416594,12.66,Joules,power/energy-ram/,1000205835,100.00,,
   205.042416594,22.30,Joules,power/energy-pkg/,1000206746,100.00,,
   206.042631842,31.62,Joules,power/energy-ram/,1000207113,100.00,,
   206.042631842,51.41,Joules,power/energy-pkg/,1000205272,100.00,,
   207.042850027,34.12,Joules,power/energy-ram/,1000210787,100.00,,
   207.042850027,72.68,Joules,power/energy-pkg/,1000210430,100.00,,
   208.043077274,34.27,Joules,power/energy-ram/,1000218811,100.00,,
   208.043077274,82.64,Joules,power/energy-pkg/,1000219144,100.00,,
   209.043307115,34.82,Joules,power/energy-ram/,1000223800,100.00,,
   209.043307115,94.32,Joules,power/energy-pkg/,1000223454,100.00,,
   210.043520732,34.64,Joules,power/energy-ram/,1000203830,100.00,,
   210.043520732,94.84,Joules,power/energy-pkg/,1000202620,100.00,,
   211.043729137,33.51,Joules,power/energy-ram/,1000201292,100.00,,
   211.043729137,69.88,Joules,power/energy-pkg/,1000202312,100.00,,
   212.043947549,33.89,Joules,power/energy-ram/,1000211600,100.00,,
   212.043947549,68.39,Joules,power/energy-pkg/,1000212368,100.00,,
   213.044190811,32.95,Joules,power/energy-ram/,1000235328,100.00,,
   213.044190811,76.79,Joules,power/energy-pkg/,1000236794,100.00,,
   214.044412072,32.67,Joules,power/energy-ram/,1000212024,100.00,,
   214.044412072,74.19,Joules,power/energy-pkg/,1000210348,100.00,,
   215.044619712,32.78,Joules,power/energy-ram/,1000201316,100.00,,
   215.044619712,68.68,Joules,power/energy-pkg/,1000201022,100.00,,
   216.044820696,35.19,Joules,power/energy-ram/,1000191686,100.00,,
   216.044820696,86.41,Joules,power/energy-pkg/,1000189314,100.00,,
   217.045011011,34.37,Joules,power/energy-ram/,1000184380,100.00,,
   217.045011011,97.70,Joules,power/energy-pkg/,1000186713,100.00,,
   218.045225801,33.92,Joules,power/energy-ram/,1000207408,100.00,,
   218.045225801,78.06,Joules,power/energy-pkg/,1000207644,100.00,,
   219.045439894,33.38,Joules,power/energy-ram/,1000206176,100.00,,
   219.045439894,65.80,Joules,power/energy-pkg/,1000206491,100.00,,
   220.045647539,32.91,Joules,power/energy-ram/,1000198744,100.00,,
   220.045647539,60.17,Joules,power/energy-pkg/,1000198171,100.00,,
   221.045860819,32.73,Joules,power/energy-ram/,1000206011,100.00,,
   221.045860819,57.26,Joules,power/energy-pkg/,1000206794,100.00,,
   222.046104248,33.32,Joules,power/energy-ram/,1000237135,100.00,,
   222.046104248,72.52,Joules,power/energy-pkg/,1000237784,100.00,,
   223.046263404,33.92,Joules,power/energy-ram/,1000151185,100.00,,
   223.046263404,81.26,Joules,power/energy-pkg/,1000149687,100.00,,
   224.046481150,33.96,Joules,power/energy-ram/,1000208900,100.00,,
   224.046481150,78.57,Joules,power/energy-pkg/,1000210259,100.00,,
   225.046638577,33.95,Joules,power/energy-ram/,1000149748,100.00,,
   225.046638577,68.41,Joules,power/energy-pkg/,1000148902,100.00,,
   226.046793294,33.40,Joules,power/energy-ram/,1000147360,100.00,,
   226.046793294,57.90,Joules,power/energy-pkg/,1000147558,100.00,,
   227.047001018,30.78,Joules,power/energy-ram/,1000198446,100.00,,
   227.047001018,57.09,Joules,power/energy-pkg/,1000195065,100.00,,
   228.047133645,33.90,Joules,power/energy-ram/,1000127714,100.00,,
   228.047133645,63.68,Joules,power/energy-pkg/,1000130402,100.00,,
   229.047356816,34.82,Joules,power/energy-ram/,1000214152,100.00,,
   229.047356816,72.83,Joules,power/energy-pkg/,1000214662,100.00,,
   230.047569481,33.90,Joules,power/energy-ram/,1000205495,100.00,,
   230.047569481,78.37,Joules,power/energy-pkg/,1000204811,100.00,,
   231.047787901,33.36,Joules,power/energy-ram/,1000209471,100.00,,
   231.047787901,70.18,Joules,power/energy-pkg/,1000209589,100.00,,
   232.047995346,32.65,Joules,power/energy-ram/,1000201070,100.00,,
   232.047995346,62.82,Joules,power/energy-pkg/,1000201307,100.00,,
   233.048205581,30.78,Joules,power/energy-ram/,1000201401,100.00,,
   233.048205581,53.30,Joules,power/energy-pkg/,1000202268,100.00,,
   234.048411878,32.38,Joules,power/energy-ram/,1000198719,100.00,,
   234.048411878,57.03,Joules,power/energy-pkg/,1000198460,100.00,,
   235.048615547,32.89,Joules,power/energy-ram/,1000195950,100.00,,
   235.048615547,63.81,Joules,power/energy-pkg/,1000195216,100.00,,
   236.048816583,32.67,Joules,power/energy-ram/,1000194000,100.00,,
   236.048816583,59.30,Joules,power/energy-pkg/,1000194002,100.00,,
   237.049025648,32.51,Joules,power/energy-ram/,1000200473,100.00,,
   237.049025648,49.99,Joules,power/energy-pkg/,1000200611,100.00,,
   238.049230062,33.09,Joules,power/energy-ram/,1000197933,100.00,,
   238.049230062,62.86,Joules,power/energy-pkg/,1000197671,100.00,,
   239.049381686,33.64,Joules,power/energy-ram/,1000143498,100.00,,
   239.049381686,76.70,Joules,power/energy-pkg/,1000144789,100.00,,
   240.049596348,33.60,Joules,power/energy-ram/,1000207036,100.00,,
   240.049596348,72.77,Joules,power/energy-pkg/,1000206340,100.00,,
   241.049793009,34.10,Joules,power/energy-ram/,1000186852,100.00,,
   241.049793009,70.99,Joules,power/energy-pkg/,1000182987,100.00,,
   242.049976306,33.96,Joules,power/energy-ram/,1000177372,100.00,,
   242.049976306,69.44,Joules,power/energy-pkg/,1000192624,100.00,,
   243.050213875,33.27,Joules,power/energy-ram/,1000229363,100.00,,
   243.050213875,79.69,Joules,power/energy-pkg/,1000216061,100.00,,
   244.050361150,33.75,Joules,power/energy-ram/,1000141503,100.00,,
   244.050361150,86.20,Joules,power/energy-pkg/,1000142552,100.00,,
   245.050579454,33.79,Joules,power/energy-ram/,1000209561,100.00,,
   245.050579454,80.09,Joules,power/energy-pkg/,1000209689,100.00,,
   246.050786675,34.12,Joules,power/energy-ram/,1000201004,100.00,,
   246.050786675,63.73,Joules,power/energy-pkg/,1000200887,100.00,,
   247.051004543,33.83,Joules,power/energy-ram/,1000208730,100.00,,
   247.051004543,79.82,Joules,power/energy-pkg/,1000208608,100.00,,
   248.051216518,33.05,Joules,power/energy-ram/,1000203838,100.00,,
   248.051216518,68.12,Joules,power/energy-pkg/,1000204225,100.00,,
   249.051426916,31.47,Joules,power/energy-ram/,1000203898,100.00,,
   249.051426916,55.62,Joules,power/energy-pkg/,1000204217,100.00,,
   250.051642377,33.34,Joules,power/energy-ram/,1000208412,100.00,,
   250.051642377,61.98,Joules,power/energy-pkg/,1000208718,100.00,,
   251.051859681,32.96,Joules,power/energy-ram/,1000208530,100.00,,
   251.051859681,69.14,Joules,power/energy-pkg/,1000208380,100.00,,
   252.052072455,33.98,Joules,power/energy-ram/,1000204620,100.00,,
   252.052072455,83.46,Joules,power/energy-pkg/,1000204590,100.00,,
   253.052291200,33.44,Joules,power/energy-ram/,1000211408,100.00,,
   253.052291200,86.61,Joules,power/energy-pkg/,1000211546,100.00,,
   254.052498658,32.77,Joules,power/energy-ram/,1000198739,100.00,,
   254.052498658,60.96,Joules,power/energy-pkg/,1000196977,100.00,,
   255.052689653,33.73,Joules,power/energy-ram/,1000183237,100.00,,
   255.052689653,58.25,Joules,power/energy-pkg/,1000182969,100.00,,
   256.052883257,33.45,Joules,power/energy-ram/,1000187196,100.00,,
   256.052883257,61.01,Joules,power/energy-pkg/,1000188320,100.00,,
   257.053092291,33.21,Joules,power/energy-ram/,1000202518,100.00,,
   257.053092291,65.80,Joules,power/energy-pkg/,1000203400,100.00,,
   258.053305446,32.96,Joules,power/energy-ram/,1000203204,100.00,,
   258.053305446,69.08,Joules,power/energy-pkg/,1000202484,100.00,,
   259.053505597,32.58,Joules,power/energy-ram/,1000192500,100.00,,
   259.053505597,62.43,Joules,power/energy-pkg/,1000192887,100.00,,
   260.053707577,25.07,Joules,power/energy-ram/,1000194196,100.00,,
   260.053707577,43.67,Joules,power/energy-pkg/,1000193749,100.00,,
   261.053905061,32.56,Joules,power/energy-ram/,1000188226,100.00,,
   261.053905061,56.65,Joules,power/energy-pkg/,1000188235,100.00,,
   262.054101321,32.51,Joules,power/energy-ram/,1000189287,100.00,,
   262.054101321,59.87,Joules,power/energy-pkg/,1000189527,100.00,,
   263.054300979,32.49,Joules,power/energy-ram/,1000191787,100.00,,
   263.054300979,68.38,Joules,power/energy-pkg/,1000191529,100.00,,
   264.054482879,32.56,Joules,power/energy-ram/,1000173420,100.00,,
   264.054482879,70.93,Joules,power/energy-pkg/,1000170479,100.00,,
   265.054646557,33.27,Joules,power/energy-ram/,1000156806,100.00,,
   265.054646557,80.76,Joules,power/energy-pkg/,1000157449,100.00,,
   266.054829858,33.38,Joules,power/energy-ram/,1000177127,100.00,,
   266.054829858,88.71,Joules,power/energy-pkg/,1000180505,100.00,,
   267.054995463,33.18,Joules,power/energy-ram/,1000158620,100.00,,
   267.054995463,81.06,Joules,power/energy-pkg/,1000158235,100.00,,
   268.055151045,33.34,Joules,power/energy-ram/,1000147100,100.00,,
   268.055151045,69.05,Joules,power/energy-pkg/,1000146952,100.00,,
   269.055309342,33.69,Joules,power/energy-ram/,1000150193,100.00,,
   269.055309342,82.44,Joules,power/energy-pkg/,1000150150,100.00,,
   270.055518841,33.32,Joules,power/energy-ram/,1000201620,100.00,,
   270.055518841,81.67,Joules,power/energy-pkg/,1000201694,100.00,,
   271.055722238,33.11,Joules,power/energy-ram/,1000196225,100.00,,
   271.055722238,79.03,Joules,power/energy-pkg/,1000196456,100.00,,
   272.055927678,33.95,Joules,power/energy-ram/,1000197412,100.00,,
   272.055927678,87.29,Joules,power/energy-pkg/,1000196797,100.00,,
   273.056155801,34.55,Joules,power/energy-ram/,1000221798,100.00,,
   273.056155801,88.43,Joules,power/energy-pkg/,1000221955,100.00,,
   274.056352656,34.46,Joules,power/energy-ram/,1000187200,100.00,,
   274.056352656,92.08,Joules,power/energy-pkg/,1000185961,100.00,,
   275.056552333,34.12,Joules,power/energy-ram/,1000193454,100.00,,
   275.056552333,79.47,Joules,power/energy-pkg/,1000196151,100.00,,
   276.056768651,32.97,Joules,power/energy-ram/,1000209146,100.00,,
   276.056768651,71.26,Joules,power/energy-pkg/,1000207646,100.00,,
   277.056979128,32.57,Joules,power/energy-ram/,1000202254,100.00,,
   277.056979128,65.55,Joules,power/energy-pkg/,1000203754,100.00,,
   278.057184931,33.35,Joules,power/energy-ram/,1000198426,100.00,,
   278.057184931,69.12,Joules,power/energy-pkg/,1000196606,100.00,,
   279.057394394,33.23,Joules,power/energy-ram/,1000202502,100.00,,
   279.057394394,68.48,Joules,power/energy-pkg/,1000202962,100.00,,
   280.057606633,33.50,Joules,power/energy-ram/,1000204453,100.00,,
   280.057606633,74.80,Joules,power/energy-pkg/,1000204110,100.00,,
   281.057818976,33.78,Joules,power/energy-ram/,1000205140,100.00,,
   281.057818976,78.87,Joules,power/energy-pkg/,1000205501,100.00,,
   282.058040421,33.28,Joules,power/energy-ram/,1000212236,100.00,,
   282.058040421,66.45,Joules,power/energy-pkg/,1000213480,100.00,,
   283.058246575,33.85,Joules,power/energy-ram/,1000197785,100.00,,
   283.058246575,63.15,Joules,power/energy-pkg/,1000194485,100.00,,
   284.058390145,33.19,Joules,power/energy-ram/,1000137470,100.00,,
   284.058390145,63.13,Joules,power/energy-pkg/,1000141373,100.00,,
   285.058610173,31.79,Joules,power/energy-ram/,1000211465,100.00,,
   285.058610173,56.69,Joules,power/energy-pkg/,1000209753,100.00,,
   286.058823536,31.05,Joules,power/energy-ram/,1000207553,100.00,,
   286.058823536,54.55,Joules,power/energy-pkg/,1000208085,100.00,,
   287.059037895,32.60,Joules,power/energy-ram/,1000205218,100.00,,
   287.059037895,53.62,Joules,power/energy-pkg/,1000204330,100.00,,
   288.059255525,32.48,Joules,power/energy-ram/,1000209784,100.00,,
   288.059255525,52.70,Joules,power/energy-pkg/,1000209596,100.00,,
   289.059402560,32.54,Joules,power/energy-ram/,1000139358,100.00,,
   289.059402560,61.17,Joules,power/energy-pkg/,1000139694,100.00,,
   290.059605894,32.88,Joules,power/energy-ram/,1000195957,100.00,,
   290.059605894,70.19,Joules,power/energy-pkg/,1000195640,100.00,,
   291.059825238,33.82,Joules,power/energy-ram/,1000210700,100.00,,
   291.059825238,92.43,Joules,power/energy-pkg/,1000211015,100.00,,
   292.060032667,34.05,Joules,power/energy-ram/,1000200314,100.00,,
   292.060032667,100.37,Joules,power/energy-pkg/,1000199951,100.00,,
   293.060247987,33.62,Joules,power/energy-ram/,1000207975,100.00,,
   293.060247987,85.46,Joules,power/energy-pkg/,1000208144,100.00,,
   294.060463476,33.54,Joules,power/energy-ram/,1000207623,100.00,,
   294.060463476,78.54,Joules,power/energy-pkg/,1000208412,100.00,,
   295.060676706,32.82,Joules,power/energy-ram/,1000204740,100.00,,
   295.060676706,70.35,Joules,power/energy-pkg/,1000204082,100.00,,
   296.060888437,31.84,Joules,power/energy-ram/,1000204310,100.00,,
   296.060888437,60.17,Joules,power/energy-pkg/,1000204878,100.00,,
   297.061095627,32.61,Joules,power/energy-ram/,1000199992,100.00,,
   297.061095627,57.65,Joules,power/energy-pkg/,1000199270,100.00,,
   298.061314771,32.85,Joules,power/energy-ram/,1000210837,100.00,,
   298.061314771,61.24,Joules,power/energy-pkg/,1000210532,100.00,,
   299.061535695,33.63,Joules,power/energy-ram/,1000214849,100.00,,
   299.061535695,90.23,Joules,power/energy-pkg/,1000215566,100.00,,
   300.061685885,34.34,Joules,power/energy-ram/,1000139672,100.00,,
   300.061685885,102.52,Joules,power/energy-pkg/,1000136892,100.00,,
   301.061879200,35.31,Joules,power/energy-ram/,1000188079,100.00,,
   301.061879200,97.17,Joules,power/energy-pkg/,1000190568,100.00,,
   302.062058887,34.14,Joules,power/energy-ram/,1000168693,100.00,,
   302.062058887,77.78,Joules,power/energy-pkg/,1000166295,100.00,,
   303.062262160,33.99,Joules,power/energy-ram/,1000198432,100.00,,
   303.062262160,64.37,Joules,power/energy-pkg/,1000200254,100.00,,
   304.062416514,33.04,Joules,power/energy-ram/,1000146784,100.00,,
   304.062416514,58.52,Joules,power/energy-pkg/,1000148022,100.00,,
   305.062571032,31.73,Joules,power/energy-ram/,1000146700,100.00,,
   305.062571032,56.55,Joules,power/energy-pkg/,1000146489,100.00,,
   306.062731925,32.77,Joules,power/energy-ram/,1000153160,100.00,,
   306.062731925,59.12,Joules,power/energy-pkg/,1000153415,100.00,,
   307.062950059,33.12,Joules,power/energy-ram/,1000209653,100.00,,
   307.062950059,63.63,Joules,power/energy-pkg/,1000209520,100.00,,
   308.063179092,32.66,Joules,power/energy-ram/,1000221600,100.00,,
   308.063179092,58.66,Joules,power/energy-pkg/,1000222087,100.00,,
   309.063413979,14.11,Joules,power/energy-ram/,1000229342,100.00,,
   309.063413979,26.72,Joules,power/energy-pkg/,1000230124,100.00,,
   310.063648273,9.88,Joules,power/energy-ram/,1000223702,100.00,,
   310.063648273,20.87,Joules,power/energy-pkg/,1000222144,100.00,,
   311.063852354,20.25,Joules,power/energy-ram/,1000196404,100.00,,
   311.063852354,33.91,Joules,power/energy-pkg/,1000196020,100.00,,
   312.064048416,32.48,Joules,power/energy-ram/,1000188214,100.00,,
   312.064048416,59.83,Joules,power/energy-pkg/,1000189101,100.00,,
   313.064266761,32.96,Joules,power/energy-ram/,1000211020,100.00,,
   313.064266761,70.16,Joules,power/energy-pkg/,1000208918,100.00,,
   314.064469149,32.68,Joules,power/energy-ram/,1000196262,100.00,,
   314.064469149,78.34,Joules,power/energy-pkg/,1000197841,100.00,,
   315.064669139,32.79,Joules,power/energy-ram/,1000190132,100.00,,
   315.064669139,77.88,Joules,power/energy-pkg/,1000188383,100.00,,
   316.064859774,32.85,Joules,power/energy-ram/,1000184658,100.00,,
   316.064859774,65.42,Joules,power/energy-pkg/,1000186674,100.00,,
   317.065069655,33.03,Joules,power/energy-ram/,1000201936,100.00,,
   317.065069655,56.40,Joules,power/energy-pkg/,1000201494,100.00,,
   318.065275846,32.43,Joules,power/energy-ram/,1000198182,100.00,,
   318.065275846,49.77,Joules,power/energy-pkg/,1000198932,100.00,,
   319.065482864,32.13,Joules,power/energy-ram/,1000200636,100.00,,
   319.065482864,51.65,Joules,power/energy-pkg/,1000200486,100.00,,
   320.065692920,33.53,Joules,power/energy-ram/,1000199845,100.00,,
   320.065692920,67.96,Joules,power/energy-pkg/,1000197354,100.00,,
   321.065888697,33.44,Joules,power/energy-ram/,1000190797,100.00,,
   321.065888697,89.72,Joules,power/energy-pkg/,1000192414,100.00,,
   322.066113791,33.43,Joules,power/energy-ram/,1000216820,100.00,,
   322.066113791,88.11,Joules,power/energy-pkg/,1000216847,100.00,,
   323.066326178,32.77,Joules,power/energy-ram/,1000203938,100.00,,
   323.066326178,63.41,Joules,power/energy-pkg/,1000205262,100.00,,
   324.066536773,32.58,Joules,power/energy-ram/,1000202316,100.00,,
   324.066536773,52.98,Joules,power/energy-pkg/,1000201281,100.00,,
   325.066744203,32.52,Joules,power/energy-ram/,1000200684,100.00,,
   325.066744203,50.40,Joules,power/energy-pkg/,1000200824,100.00,,
   326.066939524,23.11,Joules,power/energy-ram/,1000187563,100.00,,
   326.066939524,35.36,Joules,power/energy-pkg/,1000186753,100.00,,
   327.067141129,33.06,Joules,power/energy-ram/,1000193992,100.00,,
   327.067141129,61.39,Joules,power/energy-pkg/,1000195320,100.00,,
   328.067346931,35.21,Joules,power/energy-ram/,1000197227,100.00,,
   328.067346931,85.51,Joules,power/energy-pkg/,1000195501,100.00,,
   329.067541610,35.55,Joules,power/energy-ram/,1000185574,100.00,,
   329.067541610,89.71,Joules,power/energy-pkg/,1000183567,100.00,,
   330.067735219,35.64,Joules,power/energy-ram/,1000188886,100.00,,
   330.067735219,92.36,Joules,power/energy-pkg/,1000192503,100.00,,
   331.067952736,34.36,Joules,power/energy-ram/,1000209519,100.00,,
   331.067952736,78.26,Joules,power/energy-pkg/,1000209871,100.00,,
   332.068109533,34.75,Joules,power/energy-ram/,1000149443,100.00,,
   332.068109533,73.99,Joules,power/energy-pkg/,1000148835,100.00,,
   333.068346545,34.77,Joules,power/energy-ram/,1000227490,100.00,,
   333.068346545,85.97,Joules,power/energy-pkg/,1000225110,100.00,,
   334.068531655,35.13,Joules,power/energy-ram/,1000177039,100.00,,
   334.068531655,90.00,Joules,power/energy-pkg/,1000176827,100.00,,
   335.068727980,33.88,Joules,power/energy-ram/,1000190457,100.00,,
   335.068727980,86.56,Joules,power/energy-pkg/,1000193206,100.00,,
   336.068952790,33.20,Joules,power/energy-ram/,1000217740,100.00,,
   336.068952790,79.50,Joules,power/energy-pkg/,1000217974,100.00,,
   337.069169045,33.24,Joules,power/energy-ram/,1000207640,100.00,,
   337.069169045,73.69,Joules,power/energy-pkg/,1000207180,100.00,,
   338.069383053,34.23,Joules,power/energy-ram/,1000206860,100.00,,
   338.069383053,72.94,Joules,power/energy-pkg/,1000207364,100.00,,
   339.069604907,33.25,Joules,power/energy-ram/,1000213143,100.00,,
   339.069604907,58.73,Joules,power/energy-pkg/,1000212050,100.00,,
   340.069822187,32.86,Joules,power/energy-ram/,1000210559,100.00,,
   340.069822187,55.34,Joules,power/energy-pkg/,1000211870,100.00,,
   341.070036286,30.27,Joules,power/energy-ram/,1000205949,100.00,,
   341.070036286,48.06,Joules,power/energy-pkg/,1000205216,100.00,,
   342.070237595,31.18,Joules,power/energy-ram/,1000194362,100.00,,
   342.070237595,53.53,Joules,power/energy-pkg/,1000194267,100.00,,
   343.070436330,33.05,Joules,power/energy-ram/,1000188536,100.00,,
   343.070436330,61.36,Joules,power/energy-pkg/,1000185741,100.00,,
   344.070568112,33.25,Joules,power/energy-ram/,1000126312,100.00,,
   344.070568112,74.28,Joules,power/energy-pkg/,1000128981,100.00,,
   345.070782117,33.14,Joules,power/energy-ram/,1000207000,100.00,,
   345.070782117,76.77,Joules,power/energy-pkg/,1000207465,100.00,,
   346.071001437,33.24,Joules,power/energy-ram/,1000211550,100.00,,
   346.071001437,68.00,Joules,power/energy-pkg/,1000211077,100.00,,
   347.071228718,32.71,Joules,power/energy-ram/,1000218775,100.00,,
   347.071228718,57.98,Joules,power/energy-pkg/,1000219174,100.00,,
   348.071432297,32.61,Joules,power/energy-ram/,1000195965,100.00,,
   348.071432297,52.49,Joules,power/energy-pkg/,1000195829,100.00,,
   349.071649338,32.51,Joules,power/energy-ram/,1000209442,100.00,,
   349.071649338,52.14,Joules,power/energy-pkg/,1000209360,100.00,,
   350.071856094,32.54,Joules,power/energy-ram/,1000197140,100.00,,
   350.071856094,57.11,Joules,power/energy-pkg/,1000196964,100.00,,
   351.072056554,32.49,Joules,power/energy-ram/,1000193100,100.00,,
   351.072056554,56.61,Joules,power/energy-pkg/,1000192926,100.00,,
   352.072268167,15.35,Joules,power/energy-ram/,1000203831,100.00,,
   352.072268167,27.23,Joules,power/energy-pkg/,1000203543,100.00,,
   353.072453747,32.78,Joules,power/energy-ram/,1000177661,100.00,,
   353.072453747,65.90,Joules,power/energy-pkg/,1000175216,100.00,,
   354.072643937,32.77,Joules,power/energy-ram/,1000184976,100.00,,
   354.072643937,77.37,Joules,power/energy-pkg/,1000188392,100.00,,
   355.072856997,33.28,Joules,power/energy-ram/,1000204893,100.00,,
   355.072856997,75.83,Joules,power/energy-pkg/,1000204750,100.00,,
   356.073074267,32.84,Joules,power/energy-ram/,1000209612,100.00,,
   356.073074267,75.05,Joules,power/energy-pkg/,1000209592,100.00,,
   357.073293975,32.77,Joules,power/energy-ram/,1000213090,100.00,,
   357.073293975,67.57,Joules,power/energy-pkg/,1000213390,100.00,,
   358.073505246,32.71,Joules,power/energy-ram/,1000202625,100.00,,
   358.073505246,56.26,Joules,power/energy-pkg/,1000201990,100.00,,
   359.073716437,32.67,Joules,power/energy-ram/,1000204140,100.00,,
   359.073716437,53.11,Joules,power/energy-pkg/,1000204318,100.00,,
   360.073929578,32.61,Joules,power/energy-ram/,1000204883,100.00,,
   360.073929578,52.95,Joules,power/energy-pkg/,1000205740,100.00,,
   361.074145544,32.89,Joules,power/energy-ram/,1000207928,100.00,,
   361.074145544,55.15,Joules,power/energy-pkg/,1000206970,100.00,,
   362.074360412,33.10,Joules,power/energy-ram/,1000207140,100.00,,
   362.074360412,65.88,Joules,power/energy-pkg/,1000206790,100.00,,
   363.074595274,32.61,Joules,power/energy-ram/,1000228302,100.00,,
   363.074595274,64.73,Joules,power/energy-pkg/,1000228370,100.00,,
   364.074810592,32.81,Joules,power/energy-ram/,1000207534,100.00,,
   364.074810592,55.28,Joules,power/energy-pkg/,1000207930,100.00,,
   365.075020066,32.59,Joules,power/energy-ram/,1000200184,100.00,,
   365.075020066,49.93,Joules,power/energy-pkg/,1000200270,100.00,,
   366.075223740,31.77,Joules,power/energy-ram/,1000194610,100.00,,
   366.075223740,53.64,Joules,power/energy-pkg/,1000193734,100.00,,
   367.075423821,32.66,Joules,power/energy-ram/,1000193406,100.00,,
   367.075423821,66.05,Joules,power/energy-pkg/,1000193958,100.00,,
   368.075622408,32.61,Joules,power/energy-ram/,1000190064,100.00,,
   368.075622408,70.45,Joules,power/energy-pkg/,1000189320,100.00,,
   369.075812928,32.87,Joules,power/energy-ram/,1000185322,100.00,,
   369.075812928,68.19,Joules,power/energy-pkg/,1000186211,100.00,,
   370.076027413,33.58,Joules,power/energy-ram/,1000206268,100.00,,
   370.076027413,74.67,Joules,power/energy-pkg/,1000206869,100.00,,
   371.076241648,33.50,Joules,power/energy-ram/,1000206876,100.00,,
   371.076241648,71.82,Joules,power/energy-pkg/,1000206364,100.00,,
   372.076454056,33.62,Joules,power/energy-ram/,1000204687,100.00,,
   372.076454056,72.33,Joules,power/energy-pkg/,1000205016,100.00,,
   373.076661217,33.14,Joules,power/energy-ram/,1000198677,100.00,,
   373.076661217,68.40,Joules,power/energy-pkg/,1000198729,100.00,,
   374.076864505,32.62,Joules,power/energy-ram/,1000194651,100.00,,
   374.076864505,63.87,Joules,power/energy-pkg/,1000194659,100.00,,
   375.077063530,33.19,Joules,power/energy-ram/,1000191637,100.00,,
   375.077063530,72.48,Joules,power/energy-pkg/,1000189404,100.00,,
   376.077272129,33.84,Joules,power/energy-ram/,1000202825,100.00,,
   376.077272129,84.09,Joules,power/energy-pkg/,1000204507,100.00,,
   377.077492548,34.05,Joules,power/energy-ram/,1000212427,100.00,,
   377.077492548,85.63,Joules,power/energy-pkg/,1000212660,100.00,,
   378.077707987,34.64,Joules,power/energy-ram/,1000207841,100.00,,
   378.077707987,69.21,Joules,power/energy-pkg/,1000207750,100.00,,
   379.077922213,34.38,Joules,power/energy-ram/,1000206490,100.00,,
   379.077922213,68.64,Joules,power/energy-pkg/,1000206679,100.00,,
   380.078140195,33.90,Joules,power/energy-ram/,1000209028,100.00,,
   380.078140195,80.88,Joules,power/energy-pkg/,1000207303,100.00,,
   381.078280087,33.74,Joules,power/energy-ram/,1000134321,100.00,,
   381.078280087,83.04,Joules,power/energy-pkg/,1000135522,100.00,,
   382.078487666,33.98,Joules,power/energy-ram/,1000198951,100.00,,
   382.078487666,80.43,Joules,power/energy-pkg/,1000199856,100.00,,
   383.078703061,33.41,Joules,power/energy-ram/,1000208194,100.00,,
   383.078703061,80.56,Joules,power/energy-pkg/,1000208121,100.00,,
   384.078864847,33.26,Joules,power/energy-ram/,1000154400,100.00,,
   384.078864847,77.80,Joules,power/energy-pkg/,1000153885,100.00,,
   385.079073536,32.76,Joules,power/energy-ram/,1000199426,100.00,,
   385.079073536,60.56,Joules,power/energy-pkg/,1000199838,100.00,,
   386.079225042,32.82,Joules,power/energy-ram/,1000144302,100.00,,
   386.079225042,56.77,Joules,power/energy-pkg/,1000143286,100.00,,
   387.079369962,32.15,Joules,power/energy-ram/,1000138298,100.00,,
   387.079369962,56.04,Joules,power/energy-pkg/,1000139280,100.00,,
   388.079581314,31.35,Joules,power/energy-ram/,1000201729,100.00,,
   388.079581314,53.48,Joules,power/energy-pkg/,1000200322,100.00,,
   389.079791568,32.72,Joules,power/energy-ram/,1000203193,100.00,,
   389.079791568,64.21,Joules,power/energy-pkg/,1000204624,100.00,,
   390.080000627,33.41,Joules,power/energy-ram/,1000202191,100.00,,
   390.080000627,67.32,Joules,power/energy-pkg/,1000202520,100.00,,
   391.080210503,34.09,Joules,power/energy-ram/,1000201447,100.00,,
   391.080210503,79.93,Joules,power/energy-pkg/,1000200720,100.00,,
   392.080434895,34.28,Joules,power/energy-ram/,1000217315,100.00,,
   392.080434895,78.91,Joules,power/energy-pkg/,1000217525,100.00,,
   393.080722523,34.08,Joules,power/energy-ram/,1000280238,100.00,,
   393.080722523,77.47,Joules,power/energy-pkg/,1000281100,100.00,,
   394.080945509,33.18,Joules,power/energy-ram/,1000214453,100.00,,
   394.080945509,64.32,Joules,power/energy-pkg/,1000213671,100.00,,
   395.081157842,32.65,Joules,power/energy-ram/,1000205276,100.00,,
   395.081157842,57.89,Joules,power/energy-pkg/,1000205433,100.00,,
   396.081383800,32.55,Joules,power/energy-ram/,1000216881,100.00,,
   396.081383800,68.58,Joules,power/energy-pkg/,1000216726,100.00,,
   397.081585515,32.64,Joules,power/energy-ram/,1000194887,100.00,,
   397.081585515,68.65,Joules,power/energy-pkg/,1000194560,100.00,,
   398.081803468,32.88,Joules,power/energy-ram/,1000210681,100.00,,
   398.081803468,58.58,Joules,power/energy-pkg/,1000210736,100.00,,
   399.082016421,33.14,Joules,power/energy-ram/,1000204735,100.00,,
   399.082016421,67.47,Joules,power/energy-pkg/,1000205100,100.00,,
   400.082232640,34.09,Joules,power/energy-ram/,1000208835,100.00,,
   400.082232640,71.67,Joules,power/energy-pkg/,1000208286,100.00,,
   401.082390097,34.87,Joules,power/energy-ram/,1000149728,100.00,,
   401.082390097,77.44,Joules,power/energy-pkg/,1000149403,100.00,,
   402.082588210,34.73,Joules,power/energy-ram/,1000188197,100.00,,
   402.082588210,77.89,Joules,power/energy-pkg/,1000185764,100.00,,
   403.082746035,34.34,Joules,power/energy-ram/,1000152431,100.00,,
   403.082746035,79.53,Joules,power/energy-pkg/,1000156263,100.00,,
   404.082907831,33.77,Joules,power/energy-ram/,1000153930,100.00,,
   404.082907831,81.46,Joules,power/energy-pkg/,1000152600,100.00,,
   405.083125003,32.88,Joules,power/energy-ram/,1000209390,100.00,,
   405.083125003,78.33,Joules,power/energy-pkg/,1000210110,100.00,,
   406.083336381,32.99,Joules,power/energy-ram/,1000204178,100.00,,
   406.083336381,64.12,Joules,power/energy-pkg/,1000204352,100.00,,
   407.083546641,33.04,Joules,power/energy-ram/,1000202402,100.00,,
   407.083546641,53.98,Joules,power/energy-pkg/,1000202716,100.00,,
   408.083763832,32.90,Joules,power/energy-ram/,1000209168,100.00,,
   408.083763832,66.21,Joules,power/energy-pkg/,1000208660,100.00,,
   409.083974445,33.05,Joules,power/energy-ram/,1000202820,100.00,,
   409.083974445,70.22,Joules,power/energy-pkg/,1000202803,100.00,,
   410.084184943,32.70,Joules,power/energy-ram/,1000202692,100.00,,
   410.084184943,63.14,Joules,power/energy-pkg/,1000202940,100.00,,
   411.084393366,33.07,Joules,power/energy-ram/,1000201321,100.00,,
   411.084393366,69.29,Joules,power/energy-pkg/,1000200607,100.00,,
   412.084609569,32.99,Joules,power/energy-ram/,1000208160,100.00,,
   412.084609569,82.56,Joules,power/energy-pkg/,1000208690,100.00,,
   413.084833892,32.69,Joules,power/energy-ram/,1000216133,100.00,,
   413.084833892,68.07,Joules,power/energy-pkg/,1000216803,100.00,,
   414.085031170,29.20,Joules,power/energy-ram/,1000191280,100.00,,
   414.085031170,51.43,Joules,power/energy-pkg/,1000191360,100.00,,
   415.085233525,33.25,Joules,power/energy-ram/,1000191048,100.00,,
   415.085233525,65.16,Joules,power/energy-pkg/,1000186674,100.00,,
   416.085402075,33.91,Joules,power/energy-ram/,1000162007,100.00,,
   416.085402075,69.69,Joules,power/energy-pkg/,1000161509,100.00,,
   417.085606787,33.89,Joules,power/energy-ram/,1000199679,100.00,,
   417.085606787,73.65,Joules,power/energy-pkg/,1000203908,100.00,,
   418.085817193,33.41,Joules,power/energy-ram/,1000202737,100.00,,
   418.085817193,67.11,Joules,power/energy-pkg/,1000202226,100.00,,
   419.086042891,33.25,Joules,power/energy-ram/,1000217365,100.00,,
   419.086042891,67.63,Joules,power/energy-pkg/,1000217420,100.00,,
   420.086199018,32.81,Joules,power/energy-ram/,1000148351,100.00,,
   420.086199018,59.57,Joules,power/energy-pkg/,1000147373,100.00,,
   421.086406068,32.57,Joules,power/energy-ram/,1000197796,100.00,,
   421.086406068,59.49,Joules,power/energy-pkg/,1000198854,100.00,,
   422.086550965,33.03,Joules,power/energy-ram/,1000138338,100.00,,
   422.086550965,64.20,Joules,power/energy-pkg/,1000137846,100.00,,
   423.086805260,33.65,Joules,power/energy-ram/,1000247444,100.00,,
   423.086805260,68.27,Joules,power/energy-pkg/,1000247892,100.00,,
   424.086952985,34.09,Joules,power/energy-ram/,1000137546,100.00,,
   424.086952985,67.91,Joules,power/energy-pkg/,1000133497,100.00,,
   425.087086922,34.59,Joules,power/energy-ram/,1000127936,100.00,,
   425.087086922,77.37,Joules,power/energy-pkg/,1000132549,100.00,,
   426.087245253,34.71,Joules,power/energy-ram/,1000151275,100.00,,
   426.087245253,80.34,Joules,power/energy-pkg/,1000149624,100.00,,
   427.087456056,33.69,Joules,power/energy-ram/,1000202695,100.00,,
   427.087456056,76.15,Joules,power/energy-pkg/,1000203872,100.00,,
   428.087675267,34.32,Joules,power/energy-ram/,1000212370,100.00,,
   428.087675267,73.47,Joules,power/energy-pkg/,1000213426,100.00,,
   429.087897092,34.87,Joules,power/energy-ram/,1000214160,100.00,,
   429.087897092,75.08,Joules,power/energy-pkg/,1000212880,100.00,,
   430.088109871,33.52,Joules,power/energy-ram/,1000204437,100.00,,
   430.088109871,75.63,Joules,power/energy-pkg/,1000204344,100.00,,
   431.088331621,33.38,Joules,power/energy-ram/,1000214343,100.00,,
   431.088331621,74.72,Joules,power/energy-pkg/,1000214369,100.00,,
   432.088484694,33.04,Joules,power/energy-ram/,1000145568,100.00,,
   432.088484694,75.80,Joules,power/energy-pkg/,1000145707,100.00,,
   433.088702091,33.54,Joules,power/energy-ram/,1000209206,100.00,,
   433.088702091,84.54,Joules,power/energy-pkg/,1000209602,100.00,,
   434.088914529,33.19,Joules,power/energy-ram/,1000204801,100.00,,
   434.088914529,75.73,Joules,power/energy-pkg/,1000204466,100.00,,
   435.089130129,33.24,Joules,power/energy-ram/,1000207884,100.00,,
   435.089130129,68.27,Joules,power/energy-pkg/,1000208127,100.00,,
   436.089346001,33.43,Joules,power/energy-ram/,1000208446,100.00,,
   436.089346001,66.33,Joules,power/energy-pkg/,1000208324,100.00,,
   437.089567249,34.42,Joules,power/energy-ram/,1000213450,100.00,,
   437.089567249,64.30,Joules,power/energy-pkg/,1000214256,100.00,,
   438.089764818,35.12,Joules,power/energy-ram/,1000187276,100.00,,
   438.089764818,71.90,Joules,power/energy-pkg/,1000182898,100.00,,
   439.089950031,35.58,Joules,power/energy-ram/,1000180405,100.00,,
   439.089950031,77.38,Joules,power/energy-pkg/,1000182869,100.00,,
   440.090110057,36.24,Joules,power/energy-ram/,1000152441,100.00,,
   440.090110057,81.74,Joules,power/energy-pkg/,1000153347,100.00,,
   441.090272758,35.13,Joules,power/energy-ram/,1000155590,100.00,,
   441.090272758,75.20,Joules,power/energy-pkg/,1000155552,100.00,,
   442.090434392,34.03,Joules,power/energy-ram/,1000152752,100.00,,
   442.090434392,82.67,Joules,power/energy-pkg/,1000152928,100.00,,
   443.090636847,34.12,Joules,power/energy-ram/,1000193806,100.00,,
   443.090636847,76.95,Joules,power/energy-pkg/,1000192560,100.00,,
   444.090848284,33.56,Joules,power/energy-ram/,1000204844,100.00,,
   444.090848284,72.95,Joules,power/energy-pkg/,1000206692,100.00,,
   445.091066893,34.24,Joules,power/energy-ram/,1000210926,100.00,,
   445.091066893,78.85,Joules,power/energy-pkg/,1000210742,100.00,,
   446.091272260,34.87,Joules,power/energy-ram/,1000196684,100.00,,
   446.091272260,84.20,Joules,power/energy-pkg/,1000194558,100.00,,
   447.091472648,34.65,Joules,power/energy-ram/,1000193288,100.00,,
   447.091472648,81.86,Joules,power/energy-pkg/,1000194044,100.00,,
   448.091695913,33.33,Joules,power/energy-ram/,1000216168,100.00,,
   448.091695913,85.74,Joules,power/energy-pkg/,1000217356,100.00,,
   449.091910422,33.47,Joules,power/energy-ram/,1000207160,100.00,,
   449.091910422,79.25,Joules,power/energy-pkg/,1000206494,100.00,,
   450.092122800,32.60,Joules,power/energy-ram/,1000204120,100.00,,
   450.092122800,65.85,Joules,power/energy-pkg/,1000204914,100.00,,
   451.092333964,32.79,Joules,power/energy-ram/,1000202910,100.00,,
   451.092333964,61.14,Joules,power/energy-pkg/,1000202540,100.00,,
   452.092544747,33.06,Joules,power/energy-ram/,1000203866,100.00,,
   452.092544747,70.40,Joules,power/energy-pkg/,1000204086,100.00,,
   453.092774429,33.00,Joules,power/energy-ram/,1000220425,100.00,,
   453.092774429,77.65,Joules,power/energy-pkg/,1000217620,100.00,,
   454.092970224,33.08,Joules,power/energy-ram/,1000189899,100.00,,
   454.092970224,72.37,Joules,power/energy-pkg/,1000192064,100.00,,
   455.093188761,33.22,Joules,power/energy-ram/,1000210447,100.00,,
   455.093188761,71.37,Joules,power/energy-pkg/,1000211033,100.00,,
   456.093400167,32.80,Joules,power/energy-ram/,1000204267,100.00,,
   456.093400167,68.85,Joules,power/energy-pkg/,1000203740,100.00,,
   457.093600579,33.36,Joules,power/energy-ram/,1000191554,100.00,,
   457.093600579,65.16,Joules,power/energy-pkg/,1000190302,100.00,,
   458.093806561,33.59,Joules,power/energy-ram/,1000199508,100.00,,
   458.093806561,66.46,Joules,power/energy-pkg/,1000200866,100.00,,
   459.094024837,33.42,Joules,power/energy-ram/,1000210340,100.00,,
   459.094024837,64.66,Joules,power/energy-pkg/,1000210243,100.00,,
   460.094238908,34.64,Joules,power/energy-ram/,1000206275,100.00,,
   460.094238908,74.55,Joules,power/energy-pkg/,1000207093,100.00,,
   461.094459988,33.87,Joules,power/energy-ram/,1000214160,100.00,,
   461.094459988,70.04,Joules,power/energy-pkg/,1000214169,100.00,,
   462.094623584,29.01,Joules,power/energy-ram/,1000156192,100.00,,
   462.094623584,49.50,Joules,power/energy-pkg/,1000155191,100.00,,
   463.094842299,29.88,Joules,power/energy-ram/,1000211264,100.00,,
   463.094842299,48.76,Joules,power/energy-pkg/,1000211809,100.00,,
   464.095061465,33.13,Joules,power/energy-ram/,1000211196,100.00,,
   464.095061465,68.52,Joules,power/energy-pkg/,1000211141,100.00,,
   465.095277019,32.76,Joules,power/energy-ram/,1000206662,100.00,,
   465.095277019,68.26,Joules,power/energy-pkg/,1000206286,100.00,,
   466.095485559,32.05,Joules,power/energy-ram/,1000199750,100.00,,
   466.095485559,63.52,Joules,power/energy-pkg/,1000200530,100.00,,
   467.095685915,33.11,Joules,power/energy-ram/,1000193145,100.00,,
   467.095685915,71.90,Joules,power/energy-pkg/,1000192054,100.00,,
   468.095900297,32.88,Joules,power/energy-ram/,1000207245,100.00,,
   468.095900297,73.47,Joules,power/energy-pkg/,1000207740,100.00,,
   469.096109686,32.28,Joules,power/energy-ram/,1000201532,100.00,,
   469.096109686,57.74,Joules,power/energy-pkg/,1000199653,100.00,,
   470.096313113,30.76,Joules,power/energy-ram/,1000195244,100.00,,
   470.096313113,54.04,Joules,power/energy-pkg/,1000197813,100.00,,
   471.096511651,33.31,Joules,power/energy-ram/,1000190701,100.00,,
   471.096511651,71.87,Joules,power/energy-pkg/,1000187683,100.00,,
   472.096697101,33.84,Joules,power/energy-ram/,1000179113,100.00,,
   472.096697101,79.97,Joules,power/energy-pkg/,1000181605,100.00,,
   473.096912307,34.11,Joules,power/energy-ram/,1000207351,100.00,,
   473.096912307,92.31,Joules,power/energy-pkg/,1000206945,100.00,,
   474.097110785,34.38,Joules,power/energy-ram/,1000188216,100.00,,
   474.097110785,86.49,Joules,power/energy-pkg/,1000185401,100.00,,
   475.097301698,35.03,Joules,power/energy-ram/,1000186646,100.00,,
   475.097301698,83.78,Joules,power/energy-pkg/,1000189994,100.00,,
   476.097524304,34.35,Joules,power/energy-ram/,1000214229,100.00,,
   476.097524304,67.53,Joules,power/energy-pkg/,1000214370,100.00,,
   477.097684534,34.28,Joules,power/energy-ram/,1000152154,100.00,,
   477.097684534,73.08,Joules,power/energy-pkg/,1000151830,100.00,,
   478.097905259,34.39,Joules,power/energy-ram/,1000213075,100.00,,
   478.097905259,72.20,Joules,power/energy-pkg/,1000212785,100.00,,
   479.098134173,33.43,Joules,power/energy-ram/,1000222309,100.00,,
   479.098134173,71.42,Joules,power/energy-pkg/,1000223207,100.00,,
   480.098349108,32.85,Joules,power/energy-ram/,1000206700,100.00,,
   480.098349108,70.72,Joules,power/energy-pkg/,1000205724,100.00,,
   481.098548761,32.80,Joules,power/energy-ram/,1000190587,100.00,,
   481.098548761,70.70,Joules,power/energy-pkg/,1000188786,100.00,,
   482.098745090,33.10,Joules,power/energy-ram/,1000189779,100.00,,
   482.098745090,64.67,Joules,power/energy-pkg/,1000191354,100.00,,
   483.098965653,30.63,Joules,power/energy-ram/,1000212931,100.00,,
   483.098965653,55.69,Joules,power/energy-pkg/,1000213384,100.00,,
   484.099222819,32.72,Joules,power/energy-ram/,1000249080,100.00,,
   484.099222819,70.63,Joules,power/energy-pkg/,1000249105,100.00,,
   485.099420635,32.97,Joules,power/energy-ram/,1000189140,100.00,,
   485.099420635,73.18,Joules,power/energy-pkg/,1000187283,100.00,,
   486.099571899,27.39,Joules,power/energy-ram/,1000145620,100.00,,
   486.099571899,54.10,Joules,power/energy-pkg/,1000147417,100.00,,
   487.099771474,27.26,Joules,power/energy-ram/,1000189460,100.00,,
   487.099771474,46.81,Joules,power/energy-pkg/,1000186914,100.00,,
   488.099928685,28.76,Joules,power/energy-ram/,1000149715,100.00,,
   488.099928685,48.78,Joules,power/energy-pkg/,1000151027,100.00,,
   489.100166889,12.44,Joules,power/energy-ram/,1000233151,100.00,,
   489.100166889,22.28,Joules,power/energy-pkg/,1000235961,100.00,,
   490.100415634,10.36,Joules,power/energy-ram/,1000239506,100.00,,
   490.100415634,20.70,Joules,power/energy-pkg/,1000238634,100.00,,
   491.100651844,9.77,Joules,power/energy-ram/,1000228278,100.00,,
   491.100651844,20.79,Joules,power/energy-pkg/,1000228061,100.00,,
   492.100890415,10.82,Joules,power/energy-ram/,1000232672,100.00,,
   492.100890415,21.33,Joules,power/energy-pkg/,1000233165,100.00,,
   493.101130930,9.40,Joules,power/energy-ram/,1000231912,100.00,,
   493.101130930,20.50,Joules,power/energy-pkg/,1000231215,100.00,,
   494.101355969,10.32,Joules,power/energy-ram/,1000216302,100.00,,
   494.101355969,20.85,Joules,power/energy-pkg/,1000216595,100.00,,
   495.101587823,9.73,Joules,power/energy-ram/,1000223868,100.00,,
   495.101587823,20.61,Joules,power/energy-pkg/,1000224287,100.00,,
   496.101794971,8.89,Joules,power/energy-ram/,1000199789,100.00,,
   496.101794971,20.21,Joules,power/energy-pkg/,1000198691,100.00,,
   497.102037202,10.05,Joules,power/energy-ram/,1000234471,100.00,,
   497.102037202,20.75,Joules,power/energy-pkg/,1000235120,100.00,,
   498.102248948,10.42,Joules,power/energy-ram/,1000203969,100.00,,
   498.102248948,20.99,Joules,power/energy-pkg/,1000203440,100.00,,
   499.102500172,8.47,Joules,power/energy-ram/,1000244211,100.00,,
   499.102500172,20.05,Joules,power/energy-pkg/,1000245251,100.00,,
   500.102707728,9.80,Joules,power/energy-ram/,1000199358,100.00,,
   500.102707728,20.68,Joules,power/energy-pkg/,1000200707,100.00,,
   501.102938466,8.87,Joules,power/energy-ram/,1000223213,100.00,,
   501.102938466,20.09,Joules,power/energy-pkg/,1000220995,100.00,,
   502.103183601,9.80,Joules,power/energy-ram/,1000237167,100.00,,
   502.103183601,20.80,Joules,power/energy-pkg/,1000237856,100.00,,
   503.103419517,9.55,Joules,power/energy-ram/,1000229179,100.00,,
   503.103419517,20.57,Joules,power/energy-pkg/,1000229618,100.00,,
   504.103650419,8.65,Joules,power/energy-ram/,1000222569,100.00,,
   504.103650419,20.23,Joules,power/energy-pkg/,1000221220,100.00,,
   505.103875070,9.38,Joules,power/energy-ram/,1000217091,100.00,,
   505.103875070,20.47,Joules,power/energy-pkg/,1000217370,100.00,,
   506.104118959,10.14,Joules,power/energy-ram/,1000235720,100.00,,
   506.104118959,20.73,Joules,power/energy-pkg/,1000237840,100.00,,
   507.104344485,9.29,Joules,power/energy-ram/,1000217744,100.00,,
   507.104344485,20.29,Joules,power/energy-pkg/,1000216400,100.00,,
   508.104563627,9.34,Joules,power/energy-ram/,1000212325,100.00,,
   508.104563627,20.71,Joules,power/energy-pkg/,1000211572,100.00,,
   509.104766340,9.67,Joules,power/energy-ram/,1000195117,100.00,,
   509.104766340,20.54,Joules,power/energy-pkg/,1000195388,100.00,,
   510.104987026,8.40,Joules,power/energy-ram/,1000212034,100.00,,
   510.104987026,20.10,Joules,power/energy-pkg/,1000211326,100.00,,
   511.105227596,9.52,Joules,power/energy-ram/,1000233004,100.00,,
   511.105227596,20.46,Joules,power/energy-pkg/,1000233940,100.00,,
   512.105430230,9.46,Joules,power/energy-ram/,1000195007,100.00,,
   512.105430230,20.49,Joules,power/energy-pkg/,1000194588,100.00,,
   513.105643150,8.63,Joules,power/energy-ram/,1000205169,100.00,,
   513.105643150,20.15,Joules,power/energy-pkg/,1000204996,100.00,,
   514.105903143,8.95,Joules,power/energy-ram/,1000252524,100.00,,
   514.105903143,20.54,Joules,power/energy-pkg/,1000252270,100.00,,
   515.106104094,8.27,Joules,power/energy-ram/,1000192606,100.00,,
   515.106104094,19.99,Joules,power/energy-pkg/,1000192353,100.00,,
   516.106303542,9.63,Joules,power/energy-ram/,1000192700,100.00,,
   516.106303542,20.57,Joules,power/energy-pkg/,1000192940,100.00,,
   517.106510614,9.73,Joules,power/energy-ram/,1000199920,100.00,,
   517.106510614,20.60,Joules,power/energy-pkg/,1000200287,100.00,,
   518.106740100,8.64,Joules,power/energy-ram/,1000221290,100.00,,
   518.106740100,20.13,Joules,power/energy-pkg/,1000221610,100.00,,
