# started on Thu Apr 13 16:53:07 2023

     1.000156530,9.03,Joules,power/energy-ram/,1000147114,100.00,,
     1.000156530,20.20,Joules,power/energy-pkg/,1000146307,100.00,,
     2.000348519,18.21,Joules,power/energy-ram/,1000185362,100.00,,
     2.000348519,27.08,Joules,power/energy-pkg/,1000185643,100.00,,
     3.000504571,17.81,Joules,power/energy-ram/,1000149458,100.00,,
     3.000504571,25.75,Joules,power/energy-pkg/,1000150602,100.00,,
     4.000730909,10.76,Joules,power/energy-ram/,1000217210,100.00,,
     4.000730909,21.20,Joules,power/energy-pkg/,1000216328,100.00,,
     5.000955647,8.75,Joules,power/energy-ram/,1000216774,100.00,,
     5.000955647,20.13,Joules,power/energy-pkg/,1000216649,100.00,,
     6.001200421,9.74,Joules,power/energy-ram/,1000236382,100.00,,
     6.001200421,20.47,Joules,power/energy-pkg/,1000236111,100.00,,
     7.001432470,7.44,Joules,power/energy-ram/,1000223009,100.00,,
     7.001432470,19.77,Joules,power/energy-pkg/,1000221538,100.00,,
     8.001640529,9.76,Joules,power/energy-ram/,1000201295,100.00,,
     8.001640529,20.48,Joules,power/energy-pkg/,1000201360,100.00,,
     9.001861881,8.40,Joules,power/energy-ram/,1000213011,100.00,,
     9.001861881,20.05,Joules,power/energy-pkg/,1000213200,100.00,,
    10.002069632,10.14,Joules,power/energy-ram/,1000199952,100.00,,
    10.002069632,20.57,Joules,power/energy-pkg/,1000199659,100.00,,
    11.002296485,9.17,Joules,power/energy-ram/,1000219418,100.00,,
    11.002296485,20.35,Joules,power/energy-pkg/,1000219923,100.00,,
    12.002514407,9.75,Joules,power/energy-ram/,1000211386,100.00,,
    12.002514407,20.46,Joules,power/energy-pkg/,1000211553,100.00,,
    13.002732135,7.50,Joules,power/energy-ram/,1000208644,100.00,,
    13.002732135,19.68,Joules,power/energy-pkg/,1000208178,100.00,,
    14.002950617,9.50,Joules,power/energy-ram/,1000210629,100.00,,
    14.002950617,20.29,Joules,power/energy-pkg/,1000210938,100.00,,
    15.003085135,8.09,Joules,power/energy-ram/,1000126660,100.00,,
    15.003085135,19.92,Joules,power/energy-pkg/,1000126238,100.00,,
    16.003304023,8.83,Joules,power/energy-ram/,1000212551,100.00,,
    16.003304023,20.03,Joules,power/energy-pkg/,1000212426,100.00,,
    17.003519114,8.32,Joules,power/energy-ram/,1000206914,100.00,,
    17.003519114,19.91,Joules,power/energy-pkg/,1000207314,100.00,,
    18.003679865,8.64,Joules,power/energy-ram/,1000152575,100.00,,
    18.003679865,19.98,Joules,power/energy-pkg/,1000152372,100.00,,
    19.003895556,7.99,Joules,power/energy-ram/,1000207691,100.00,,
    19.003895556,19.79,Joules,power/energy-pkg/,1000207678,100.00,,
    20.004038036,9.57,Joules,power/energy-ram/,1000134340,100.00,,
    20.004038036,20.42,Joules,power/energy-pkg/,1000135040,100.00,,
    21.004241307,7.65,Joules,power/energy-ram/,1000196596,100.00,,
    21.004241307,19.53,Joules,power/energy-pkg/,1000195996,100.00,,
    22.004386652,9.32,Joules,power/energy-ram/,1000137035,100.00,,
    22.004386652,20.27,Joules,power/energy-pkg/,1000137564,100.00,,
    23.004587620,8.94,Joules,power/energy-ram/,1000193809,100.00,,
    23.004587620,20.17,Joules,power/energy-pkg/,1000194050,100.00,,
    24.004783615,8.65,Joules,power/energy-ram/,1000188406,100.00,,
    24.004783615,19.79,Joules,power/energy-pkg/,1000187772,100.00,,
    25.005012306,8.14,Joules,power/energy-ram/,1000220189,100.00,,
    25.005012306,19.74,Joules,power/energy-pkg/,1000220091,100.00,,
    26.005206115,9.43,Joules,power/energy-ram/,1000186931,100.00,,
    26.005206115,20.29,Joules,power/energy-pkg/,1000187258,100.00,,
    27.005448513,7.54,Joules,power/energy-ram/,1000233484,100.00,,
    27.005448513,19.48,Joules,power/energy-pkg/,1000232715,100.00,,
    28.005684550,9.44,Joules,power/energy-ram/,1000228214,100.00,,
    28.005684550,20.29,Joules,power/energy-pkg/,1000228958,100.00,,
    29.005910305,8.48,Joules,power/energy-ram/,1000219149,100.00,,
    29.005910305,19.96,Joules,power/energy-pkg/,1000218967,100.00,,
    30.006138332,9.11,Joules,power/energy-ram/,1000220248,100.00,,
    30.006138332,19.98,Joules,power/energy-pkg/,1000219779,100.00,,
    31.006357008,8.75,Joules,power/energy-ram/,1000210314,100.00,,
    31.006357008,19.98,Joules,power/energy-pkg/,1000210867,100.00,,
    32.006578237,8.72,Joules,power/energy-ram/,1000213748,100.00,,
    32.006578237,19.98,Joules,power/energy-pkg/,1000213327,100.00,,
    33.006796118,8.17,Joules,power/energy-ram/,1000209418,100.00,,
    33.006796118,19.89,Joules,power/energy-pkg/,1000210129,100.00,,
    34.007028769,10.14,Joules,power/energy-ram/,1000225276,100.00,,
    34.007028769,20.57,Joules,power/energy-pkg/,1000225490,100.00,,
    35.007263603,8.28,Joules,power/energy-ram/,1000229444,100.00,,
    35.007263603,19.69,Joules,power/energy-pkg/,1000229468,100.00,,
    36.007509288,9.82,Joules,power/energy-ram/,1000235420,100.00,,
    36.007509288,20.32,Joules,power/energy-pkg/,1000235070,100.00,,
    37.007733101,8.79,Joules,power/energy-ram/,1000215909,100.00,,
    37.007733101,20.00,Joules,power/energy-pkg/,1000215796,100.00,,
    38.007950154,8.73,Joules,power/energy-ram/,1000208601,100.00,,
    38.007950154,19.96,Joules,power/energy-pkg/,1000208176,100.00,,
    39.008176404,8.19,Joules,power/energy-ram/,1000220102,100.00,,
    39.008176404,19.93,Joules,power/energy-pkg/,1000220737,100.00,,
    40.008408367,9.46,Joules,power/energy-ram/,1000223378,100.00,,
    40.008408367,20.31,Joules,power/energy-pkg/,1000222751,100.00,,
    41.008645638,8.30,Joules,power/energy-ram/,1000229386,100.00,,
    41.008645638,19.63,Joules,power/energy-pkg/,1000229180,100.00,,
    42.008885211,8.87,Joules,power/energy-ram/,1000232054,100.00,,
    42.008885211,20.06,Joules,power/energy-pkg/,1000232342,100.00,,
    43.009109563,7.96,Joules,power/energy-ram/,1000217040,100.00,,
    43.009109563,19.98,Joules,power/energy-pkg/,1000217178,100.00,,
    44.009334520,8.75,Joules,power/energy-ram/,1000216221,100.00,,
    44.009334520,19.93,Joules,power/energy-pkg/,1000216002,100.00,,
    45.009572921,8.15,Joules,power/energy-ram/,1000230885,100.00,,
    45.009572921,19.92,Joules,power/energy-pkg/,1000230844,100.00,,
    46.009792665,9.43,Joules,power/energy-ram/,1000212204,100.00,,
    46.009792665,20.14,Joules,power/energy-pkg/,1000212244,100.00,,
    47.010024878,7.53,Joules,power/energy-ram/,1000225695,100.00,,
    47.010024878,19.37,Joules,power/energy-pkg/,1000225410,100.00,,
    48.010247086,9.28,Joules,power/energy-ram/,1000212976,100.00,,
    48.010247086,20.20,Joules,power/energy-pkg/,1000213275,100.00,,
    49.010462263,7.18,Joules,power/energy-ram/,1000207295,100.00,,
    49.010462263,19.51,Joules,power/energy-pkg/,1000206729,100.00,,
    50.010681447,9.53,Joules,power/energy-ram/,1000212454,100.00,,
    50.010681447,20.31,Joules,power/energy-pkg/,1000213100,100.00,,
    51.010899325,8.24,Joules,power/energy-ram/,1000209440,100.00,,
    51.010899325,19.92,Joules,power/energy-pkg/,1000209536,100.00,,
    52.011121771,8.87,Joules,power/energy-ram/,1000214391,100.00,,
    52.011121771,19.88,Joules,power/energy-pkg/,1000214721,100.00,,
    53.011336756,8.34,Joules,power/energy-ram/,1000207700,100.00,,
    53.011336756,19.87,Joules,power/energy-pkg/,1000207414,100.00,,
    54.011578307,8.91,Joules,power/energy-ram/,1000233566,100.00,,
    54.011578307,20.21,Joules,power/energy-pkg/,1000232828,100.00,,
    55.011820087,7.34,Joules,power/energy-ram/,1000234573,100.00,,
    55.011820087,19.52,Joules,power/energy-pkg/,1000234918,100.00,,
    56.012027440,9.13,Joules,power/energy-ram/,1000199121,100.00,,
    56.012027440,20.26,Joules,power/energy-pkg/,1000199420,100.00,,
    57.012271446,8.90,Joules,power/energy-ram/,1000237039,100.00,,
    57.012271446,20.08,Joules,power/energy-pkg/,1000237412,100.00,,
    58.012512160,8.91,Joules,power/energy-ram/,1000232901,100.00,,
    58.012512160,19.92,Joules,power/energy-pkg/,1000232080,100.00,,
    59.012761158,8.47,Joules,power/energy-ram/,1000241410,100.00,,
    59.012761158,20.04,Joules,power/energy-pkg/,1000242408,100.00,,
    60.013012653,8.98,Joules,power/energy-ram/,1000243482,100.00,,
    60.013012653,20.25,Joules,power/energy-pkg/,1000243049,100.00,,
    61.013242627,7.52,Joules,power/energy-ram/,1000221778,100.00,,
    61.013242627,19.66,Joules,power/energy-pkg/,1000221243,100.00,,
    62.013498841,9.20,Joules,power/energy-ram/,1000248216,100.00,,
    62.013498841,20.25,Joules,power/energy-pkg/,1000248402,100.00,,
    63.013702192,8.55,Joules,power/energy-ram/,1000197060,100.00,,
    63.013702192,20.16,Joules,power/energy-pkg/,1000198240,100.00,,
    64.013952945,9.06,Joules,power/energy-ram/,1000241695,100.00,,
    64.013952945,20.11,Joules,power/energy-pkg/,1000240937,100.00,,
    65.014212190,14.94,Joules,power/energy-ram/,1000254413,100.00,,
    65.014212190,23.50,Joules,power/energy-pkg/,1000257202,100.00,,
    66.014427864,19.37,Joules,power/energy-ram/,1000207067,100.00,,
    66.014427864,25.19,Joules,power/energy-pkg/,1000206809,100.00,,
    67.014643239,17.97,Joules,power/energy-ram/,1000207000,100.00,,
    67.014643239,24.31,Joules,power/energy-pkg/,1000206211,100.00,,
    68.014859909,19.06,Joules,power/energy-ram/,1000210764,100.00,,
    68.014859909,25.56,Joules,power/energy-pkg/,1000211958,100.00,,
    69.015012809,28.85,Joules,power/energy-ram/,1000141972,100.00,,
    69.015012809,46.10,Joules,power/energy-pkg/,1000138793,100.00,,
    70.015232482,31.14,Joules,power/energy-ram/,1000213053,100.00,,
    70.015232482,60.31,Joules,power/energy-pkg/,1000213971,100.00,,
    71.015438237,33.36,Joules,power/energy-ram/,1000198290,100.00,,
    71.015438237,60.73,Joules,power/energy-pkg/,1000198902,100.00,,
    72.015557525,32.57,Joules,power/energy-ram/,1000110515,100.00,,
    72.015557525,61.52,Joules,power/energy-pkg/,1000108471,100.00,,
    73.015686299,32.86,Joules,power/energy-ram/,1000120645,100.00,,
    73.015686299,63.99,Joules,power/energy-pkg/,1000120080,100.00,,
    74.015833983,33.64,Joules,power/energy-ram/,1000141971,100.00,,
    74.015833983,73.53,Joules,power/energy-pkg/,1000144383,100.00,,
    75.016043514,34.13,Joules,power/energy-ram/,1000200108,100.00,,
    75.016043514,83.97,Joules,power/energy-pkg/,1000198376,100.00,,
    76.016176997,33.23,Joules,power/energy-ram/,1000123406,100.00,,
    76.016176997,81.64,Joules,power/energy-pkg/,1000120415,100.00,,
    77.016289325,33.16,Joules,power/energy-ram/,1000108516,100.00,,
    77.016289325,76.92,Joules,power/energy-pkg/,1000113571,100.00,,
    78.016497471,32.79,Joules,power/energy-ram/,1000198970,100.00,,
    78.016497471,74.73,Joules,power/energy-pkg/,1000197844,100.00,,
    79.016650213,32.70,Joules,power/energy-ram/,1000147136,100.00,,
    79.016650213,63.45,Joules,power/energy-pkg/,1000147638,100.00,,
    80.016865907,32.50,Joules,power/energy-ram/,1000207720,100.00,,
    80.016865907,58.27,Joules,power/energy-pkg/,1000208246,100.00,,
    81.017084342,32.74,Joules,power/energy-ram/,1000209466,100.00,,
    81.017084342,59.24,Joules,power/energy-pkg/,1000209480,100.00,,
    82.017296669,32.62,Joules,power/energy-ram/,1000204028,100.00,,
    82.017296669,58.42,Joules,power/energy-pkg/,1000203276,100.00,,
    83.017503316,15.18,Joules,power/energy-ram/,1000200936,100.00,,
    83.017503316,28.90,Joules,power/energy-pkg/,1000202224,100.00,,
    84.017719663,31.57,Joules,power/energy-ram/,1000207240,100.00,,
    84.017719663,45.99,Joules,power/energy-pkg/,1000206780,100.00,,
    85.017928279,32.91,Joules,power/energy-ram/,1000199676,100.00,,
    85.017928279,57.34,Joules,power/energy-pkg/,1000197587,100.00,,
    86.018119132,32.91,Joules,power/energy-ram/,1000184100,100.00,,
    86.018119132,67.52,Joules,power/energy-pkg/,1000185019,100.00,,
    87.018263019,32.55,Joules,power/energy-ram/,1000135778,100.00,,
    87.018263019,61.32,Joules,power/energy-pkg/,1000135868,100.00,,
    88.018472688,32.61,Joules,power/energy-ram/,1000204073,100.00,,
    88.018472688,60.39,Joules,power/energy-pkg/,1000204877,100.00,,
    89.018627376,32.88,Joules,power/energy-ram/,1000144820,100.00,,
    89.018627376,62.33,Joules,power/energy-pkg/,1000145245,100.00,,
    90.018838259,32.56,Joules,power/energy-ram/,1000203589,100.00,,
    90.018838259,62.07,Joules,power/energy-pkg/,1000203754,100.00,,
    91.019049898,32.62,Joules,power/energy-ram/,1000204235,100.00,,
    91.019049898,58.85,Joules,power/energy-pkg/,1000203692,100.00,,
    92.019272906,32.55,Joules,power/energy-ram/,1000213689,100.00,,
    92.019272906,50.15,Joules,power/energy-pkg/,1000212988,100.00,,
    93.019470955,32.56,Joules,power/energy-ram/,1000191469,100.00,,
    93.019470955,49.56,Joules,power/energy-pkg/,1000191747,100.00,,
    94.019631759,32.73,Joules,power/energy-ram/,1000153545,100.00,,
    94.019631759,51.23,Joules,power/energy-pkg/,1000153700,100.00,,
    95.019816446,32.08,Joules,power/energy-ram/,1000174322,100.00,,
    95.019816446,60.10,Joules,power/energy-pkg/,1000170379,100.00,,
    96.020001738,33.53,Joules,power/energy-ram/,1000180940,100.00,,
    96.020001738,66.60,Joules,power/energy-pkg/,1000185145,100.00,,
    97.020241828,29.42,Joules,power/energy-ram/,1000232622,100.00,,
    97.020241828,53.85,Joules,power/energy-pkg/,1000232872,100.00,,
    98.020477954,27.94,Joules,power/energy-ram/,1000227873,100.00,,
    98.020477954,46.74,Joules,power/energy-pkg/,1000227884,100.00,,
    99.020692232,30.86,Joules,power/energy-ram/,1000206548,100.00,,
    99.020692232,55.07,Joules,power/energy-pkg/,1000206809,100.00,,
   100.020899588,33.01,Joules,power/energy-ram/,1000198714,100.00,,
   100.020899588,64.76,Joules,power/energy-pkg/,1000196937,100.00,,
   101.021094468,32.93,Joules,power/energy-ram/,1000186720,100.00,,
   101.021094468,58.16,Joules,power/energy-pkg/,1000186478,100.00,,
   102.021294303,34.79,Joules,power/energy-ram/,1000192942,100.00,,
   102.021294303,72.54,Joules,power/energy-pkg/,1000194076,100.00,,
   103.021509368,34.69,Joules,power/energy-ram/,1000207849,100.00,,
   103.021509368,83.51,Joules,power/energy-pkg/,1000208074,100.00,,
   104.021724410,34.27,Joules,power/energy-ram/,1000206760,100.00,,
   104.021724410,79.06,Joules,power/energy-pkg/,1000206530,100.00,,
   105.021938542,33.40,Joules,power/energy-ram/,1000206223,100.00,,
   105.021938542,65.36,Joules,power/energy-pkg/,1000206182,100.00,,
   106.022183875,32.53,Joules,power/energy-ram/,1000237828,100.00,,
   106.022183875,51.11,Joules,power/energy-pkg/,1000238330,100.00,,
   107.022424691,29.38,Joules,power/energy-ram/,1000232726,100.00,,
   107.022424691,45.20,Joules,power/energy-pkg/,1000232502,100.00,,
   108.022629518,23.67,Joules,power/energy-ram/,1000196564,100.00,,
   108.022629518,39.48,Joules,power/energy-pkg/,1000196279,100.00,,
   109.022774105,32.64,Joules,power/energy-ram/,1000135246,100.00,,
   109.022774105,58.40,Joules,power/energy-pkg/,1000134107,100.00,,
   110.022973877,32.91,Joules,power/energy-ram/,1000195090,100.00,,
   110.022973877,60.10,Joules,power/energy-pkg/,1000196866,100.00,,
   111.023185611,32.86,Joules,power/energy-ram/,1000202404,100.00,,
   111.023185611,54.61,Joules,power/energy-pkg/,1000201058,100.00,,
   112.023409864,32.73,Joules,power/energy-ram/,1000216670,100.00,,
   112.023409864,53.18,Joules,power/energy-pkg/,1000217416,100.00,,
   113.023622298,33.60,Joules,power/energy-ram/,1000204650,100.00,,
   113.023622298,57.77,Joules,power/energy-pkg/,1000204746,100.00,,
   114.023833090,32.86,Joules,power/energy-ram/,1000203480,100.00,,
   114.023833090,55.87,Joules,power/energy-pkg/,1000204300,100.00,,
   115.024042646,33.01,Joules,power/energy-ram/,1000201861,100.00,,
   115.024042646,56.10,Joules,power/energy-pkg/,1000201438,100.00,,
   116.024252915,32.88,Joules,power/energy-ram/,1000202763,100.00,,
   116.024252915,54.57,Joules,power/energy-pkg/,1000201490,100.00,,
   117.024463981,32.64,Joules,power/energy-ram/,1000201789,100.00,,
   117.024463981,52.24,Joules,power/energy-pkg/,1000200638,100.00,,
   118.024657698,32.62,Joules,power/energy-ram/,1000187152,100.00,,
   118.024657698,52.27,Joules,power/energy-pkg/,1000188789,100.00,,
   119.024871146,32.65,Joules,power/energy-ram/,1000206675,100.00,,
   119.024871146,52.10,Joules,power/energy-pkg/,1000207910,100.00,,
   120.025084593,32.66,Joules,power/energy-ram/,1000205447,100.00,,
   120.025084593,52.33,Joules,power/energy-pkg/,1000204470,100.00,,
   121.025290678,31.89,Joules,power/energy-ram/,1000196524,100.00,,
   121.025290678,50.19,Joules,power/energy-pkg/,1000195970,100.00,,
   122.025545120,28.99,Joules,power/energy-ram/,1000248996,100.00,,
   122.025545120,45.64,Joules,power/energy-pkg/,1000251024,100.00,,
   123.025781438,28.12,Joules,power/energy-ram/,1000228858,100.00,,
   123.025781438,43.40,Joules,power/energy-pkg/,1000228346,100.00,,
   124.026023646,29.18,Joules,power/energy-ram/,1000234186,100.00,,
   124.026023646,44.68,Joules,power/energy-pkg/,1000233940,100.00,,
   125.026237234,29.57,Joules,power/energy-ram/,1000204190,100.00,,
   125.026237234,46.87,Joules,power/energy-pkg/,1000203854,100.00,,
   126.026450074,32.90,Joules,power/energy-ram/,1000205552,100.00,,
   126.026450074,52.66,Joules,power/energy-pkg/,1000205556,100.00,,
   127.026660875,33.20,Joules,power/energy-ram/,1000203772,100.00,,
   127.026660875,54.75,Joules,power/energy-pkg/,1000203472,100.00,,
   128.026870481,33.62,Joules,power/energy-ram/,1000201812,100.00,,
   128.026870481,71.28,Joules,power/energy-pkg/,1000202648,100.00,,
   129.027085368,33.77,Joules,power/energy-ram/,1000207408,100.00,,
   129.027085368,80.44,Joules,power/energy-pkg/,1000206903,100.00,,
   130.027310054,32.96,Joules,power/energy-ram/,1000215366,100.00,,
   130.027310054,75.66,Joules,power/energy-pkg/,1000215318,100.00,,
   131.027518032,32.74,Joules,power/energy-ram/,1000200773,100.00,,
   131.027518032,64.76,Joules,power/energy-pkg/,1000211525,100.00,,
   132.027721317,32.70,Joules,power/energy-ram/,1000193578,100.00,,
   132.027721317,66.81,Joules,power/energy-pkg/,1000180315,100.00,,
   133.027908371,32.81,Joules,power/energy-ram/,1000182091,100.00,,
   133.027908371,66.07,Joules,power/energy-pkg/,1000184739,100.00,,
   134.028117516,33.14,Joules,power/energy-ram/,1000201815,100.00,,
   134.028117516,69.07,Joules,power/energy-pkg/,1000201730,100.00,,
   135.028329460,32.97,Joules,power/energy-ram/,1000203736,100.00,,
   135.028329460,61.25,Joules,power/energy-pkg/,1000203422,100.00,,
   136.028539097,33.22,Joules,power/energy-ram/,1000201837,100.00,,
   136.028539097,55.75,Joules,power/energy-pkg/,1000201795,100.00,,
   137.028694004,33.09,Joules,power/energy-ram/,1000147163,100.00,,
   137.028694004,54.97,Joules,power/energy-pkg/,1000147269,100.00,,
   138.028903933,32.23,Joules,power/energy-ram/,1000201817,100.00,,
   138.028903933,52.05,Joules,power/energy-pkg/,1000201731,100.00,,
   139.029100453,30.02,Joules,power/energy-ram/,1000188102,100.00,,
   139.029100453,47.90,Joules,power/energy-pkg/,1000187601,100.00,,
   140.029246757,33.61,Joules,power/energy-ram/,1000138334,100.00,,
   140.029246757,59.40,Joules,power/energy-pkg/,1000139143,100.00,,
   141.029452167,33.14,Joules,power/energy-ram/,1000198664,100.00,,
   141.029452167,64.87,Joules,power/energy-pkg/,1000198229,100.00,,
   142.029669260,32.98,Joules,power/energy-ram/,1000207920,100.00,,
   142.029669260,59.86,Joules,power/energy-pkg/,1000206614,100.00,,
   143.029867627,29.94,Joules,power/energy-ram/,1000193416,100.00,,
   143.029867627,51.58,Joules,power/energy-pkg/,1000195653,100.00,,
   144.030091678,32.18,Joules,power/energy-ram/,1000213831,100.00,,
   144.030091678,55.51,Joules,power/energy-pkg/,1000213150,100.00,,
   145.030303034,32.83,Joules,power/energy-ram/,1000204370,100.00,,
   145.030303034,64.62,Joules,power/energy-pkg/,1000204226,100.00,,
   146.030512629,33.71,Joules,power/energy-ram/,1000201920,100.00,,
   146.030512629,68.59,Joules,power/energy-pkg/,1000201757,100.00,,
   147.030728161,33.90,Joules,power/energy-ram/,1000208583,100.00,,
   147.030728161,68.06,Joules,power/energy-pkg/,1000209181,100.00,,
   148.030938154,33.20,Joules,power/energy-ram/,1000200084,100.00,,
   148.030938154,61.99,Joules,power/energy-pkg/,1000197586,100.00,,
   149.031136310,33.04,Joules,power/energy-ram/,1000191969,100.00,,
   149.031136310,54.16,Joules,power/energy-pkg/,1000194306,100.00,,
   150.031348260,32.73,Joules,power/energy-ram/,1000203730,100.00,,
   150.031348260,54.17,Joules,power/energy-pkg/,1000203782,100.00,,
   151.031563209,32.89,Joules,power/energy-ram/,1000207298,100.00,,
   151.031563209,64.16,Joules,power/energy-pkg/,1000207567,100.00,,
   152.031803591,33.05,Joules,power/energy-ram/,1000232932,100.00,,
   152.031803591,66.50,Joules,power/energy-pkg/,1000233033,100.00,,
   153.032018509,34.51,Joules,power/energy-ram/,1000207480,100.00,,
   153.032018509,79.87,Joules,power/energy-pkg/,1000206298,100.00,,
   154.032168508,34.73,Joules,power/energy-ram/,1000139394,100.00,,
   154.032168508,76.98,Joules,power/energy-pkg/,1000136156,100.00,,
   155.032336013,33.65,Joules,power/energy-ram/,1000160971,100.00,,
   155.032336013,66.69,Joules,power/energy-pkg/,1000162313,100.00,,
   156.032533347,33.09,Joules,power/energy-ram/,1000190446,100.00,,
   156.032533347,59.66,Joules,power/energy-pkg/,1000193044,100.00,,
   157.032743317,16.87,Joules,power/energy-ram/,1000203649,100.00,,
   157.032743317,29.64,Joules,power/energy-pkg/,1000204969,100.00,,
   158.032952173,20.92,Joules,power/energy-ram/,1000200004,100.00,,
   158.032952173,30.04,Joules,power/energy-pkg/,1000199247,100.00,,
   159.033158894,33.93,Joules,power/energy-ram/,1000197696,100.00,,
   159.033158894,64.62,Joules,power/energy-pkg/,1000196632,100.00,,
   160.033351344,33.59,Joules,power/energy-ram/,1000185189,100.00,,
   160.033351344,62.90,Joules,power/energy-pkg/,1000186247,100.00,,
   161.033547575,34.25,Joules,power/energy-ram/,1000187172,100.00,,
   161.033547575,65.33,Joules,power/energy-pkg/,1000183112,100.00,,
   162.033718080,35.72,Joules,power/energy-ram/,1000162630,100.00,,
   162.033718080,74.26,Joules,power/energy-pkg/,1000162764,100.00,,
   163.033901820,33.41,Joules,power/energy-ram/,1000178133,100.00,,
   163.033901820,69.63,Joules,power/energy-pkg/,1000181411,100.00,,
   164.034165542,31.07,Joules,power/energy-ram/,1000256224,100.00,,
   164.034165542,59.02,Joules,power/energy-pkg/,1000256080,100.00,,
   165.034381621,31.46,Joules,power/energy-ram/,1000208091,100.00,,
   165.034381621,53.99,Joules,power/energy-pkg/,1000208313,100.00,,
   166.034588170,32.93,Joules,power/energy-ram/,1000198746,100.00,,
   166.034588170,56.90,Joules,power/energy-pkg/,1000198435,100.00,,
   167.034804681,33.14,Joules,power/energy-ram/,1000210324,100.00,,
   167.034804681,66.68,Joules,power/energy-pkg/,1000211596,100.00,,
   168.035027408,33.37,Joules,power/energy-ram/,1000213050,100.00,,
   168.035027408,70.15,Joules,power/energy-pkg/,1000211829,100.00,,
   169.035243208,33.60,Joules,power/energy-ram/,1000208584,100.00,,
   169.035243208,68.23,Joules,power/energy-pkg/,1000209165,100.00,,
   170.035461775,34.60,Joules,power/energy-ram/,1000210636,100.00,,
   170.035461775,72.32,Joules,power/energy-pkg/,1000209806,100.00,,
   171.035689208,34.14,Joules,power/energy-ram/,1000220050,100.00,,
   171.035689208,69.12,Joules,power/energy-pkg/,1000220736,100.00,,
   172.035842797,33.61,Joules,power/energy-ram/,1000144713,100.00,,
   172.035842797,64.13,Joules,power/energy-pkg/,1000143344,100.00,,
   173.035987815,34.32,Joules,power/energy-ram/,1000137891,100.00,,
   173.035987815,65.20,Joules,power/energy-pkg/,1000138953,100.00,,
   174.036154028,34.15,Joules,power/energy-ram/,1000158992,100.00,,
   174.036154028,63.00,Joules,power/energy-pkg/,1000159307,100.00,,
   175.036371287,33.54,Joules,power/energy-ram/,1000210489,100.00,,
   175.036371287,57.42,Joules,power/energy-pkg/,1000211030,100.00,,
   176.036528607,33.34,Joules,power/energy-ram/,1000149025,100.00,,
   176.036528607,55.27,Joules,power/energy-pkg/,1000148645,100.00,,
   177.036750250,33.31,Joules,power/energy-ram/,1000214853,100.00,,
   177.036750250,53.58,Joules,power/energy-pkg/,1000215171,100.00,,
   178.036972724,19.96,Joules,power/energy-ram/,1000214829,100.00,,
   178.036972724,34.70,Joules,power/energy-pkg/,1000214980,100.00,,
   179.037227517,10.27,Joules,power/energy-ram/,1000245689,100.00,,
   179.037227517,20.88,Joules,power/energy-pkg/,1000245651,100.00,,
   180.037469998,22.00,Joules,power/energy-ram/,1000234549,100.00,,
   180.037469998,35.43,Joules,power/energy-pkg/,1000233698,100.00,,
   181.037709545,25.93,Joules,power/energy-ram/,1000232471,100.00,,
   181.037709545,45.26,Joules,power/energy-pkg/,1000232500,100.00,,
   182.037980037,27.57,Joules,power/energy-ram/,1000261250,100.00,,
   182.037980037,46.59,Joules,power/energy-pkg/,1000261315,100.00,,
   183.038221431,29.88,Joules,power/energy-ram/,1000234483,100.00,,
   183.038221431,52.16,Joules,power/energy-pkg/,1000234205,100.00,,
   184.038473147,26.31,Joules,power/energy-ram/,1000244389,100.00,,
   184.038473147,46.16,Joules,power/energy-pkg/,1000244626,100.00,,
   185.038681142,28.14,Joules,power/energy-ram/,1000196505,100.00,,
   185.038681142,47.22,Joules,power/energy-pkg/,1000193058,100.00,,
   186.038837005,31.53,Joules,power/energy-ram/,1000148507,100.00,,
   186.038837005,53.65,Joules,power/energy-pkg/,1000148948,100.00,,
   187.039020924,32.78,Joules,power/energy-ram/,1000179456,100.00,,
   187.039020924,61.03,Joules,power/energy-pkg/,1000182818,100.00,,
   188.039233175,32.59,Joules,power/energy-ram/,1000203140,100.00,,
   188.039233175,63.58,Joules,power/energy-pkg/,1000202708,100.00,,
   189.039441623,32.80,Joules,power/energy-ram/,1000201890,100.00,,
   189.039441623,63.19,Joules,power/energy-pkg/,1000201882,100.00,,
   190.039660387,33.41,Joules,power/energy-ram/,1000211222,100.00,,
   190.039660387,62.67,Joules,power/energy-pkg/,1000212220,100.00,,
   191.039871889,32.82,Joules,power/energy-ram/,1000202160,100.00,,
   191.039871889,57.81,Joules,power/energy-pkg/,1000201160,100.00,,
   192.040106010,27.58,Joules,power/energy-ram/,1000227158,100.00,,
   192.040106010,46.30,Joules,power/energy-pkg/,1000227772,100.00,,
   193.040321323,10.06,Joules,power/energy-ram/,1000208470,100.00,,
   193.040321323,20.92,Joules,power/energy-pkg/,1000208745,100.00,,
   194.040527428,12.84,Joules,power/energy-ram/,1000197073,100.00,,
   194.040527428,22.67,Joules,power/energy-pkg/,1000195553,100.00,,
   195.040668669,32.54,Joules,power/energy-ram/,1000132357,100.00,,
   195.040668669,50.88,Joules,power/energy-pkg/,1000132176,100.00,,
   196.040865910,32.55,Joules,power/energy-ram/,1000190630,100.00,,
   196.040865910,62.96,Joules,power/energy-pkg/,1000190356,100.00,,
   197.041068770,32.77,Joules,power/energy-ram/,1000195555,100.00,,
   197.041068770,71.86,Joules,power/energy-pkg/,1000195988,100.00,,
   198.041285462,33.95,Joules,power/energy-ram/,1000209569,100.00,,
   198.041285462,83.84,Joules,power/energy-pkg/,1000210180,100.00,,
   199.041501172,33.37,Joules,power/energy-ram/,1000207413,100.00,,
   199.041501172,77.84,Joules,power/energy-pkg/,1000207038,100.00,,
   200.041705133,33.92,Joules,power/energy-ram/,1000195319,100.00,,
   200.041705133,69.42,Joules,power/energy-pkg/,1000194296,100.00,,
   201.041900509,34.09,Joules,power/energy-ram/,1000187728,100.00,,
   201.041900509,64.85,Joules,power/energy-pkg/,1000187013,100.00,,
   202.042091473,30.92,Joules,power/energy-ram/,1000184353,100.00,,
   202.042091473,55.79,Joules,power/energy-pkg/,1000186091,100.00,,
   203.042296439,32.87,Joules,power/energy-ram/,1000196386,100.00,,
   203.042296439,60.11,Joules,power/energy-pkg/,1000195288,100.00,,
   204.042491506,33.15,Joules,power/energy-ram/,1000188723,100.00,,
   204.042491506,61.96,Joules,power/energy-pkg/,1000189616,100.00,,
   205.042694188,32.58,Joules,power/energy-ram/,1000193689,100.00,,
   205.042694188,54.71,Joules,power/energy-pkg/,1000193437,100.00,,
   206.042896190,33.68,Joules,power/energy-ram/,1000192990,100.00,,
   206.042896190,57.52,Joules,power/energy-pkg/,1000191129,100.00,,
   207.043082206,33.69,Joules,power/energy-ram/,1000180208,100.00,,
   207.043082206,68.45,Joules,power/energy-pkg/,1000183349,100.00,,
   208.043283727,33.91,Joules,power/energy-ram/,1000190994,100.00,,
   208.043283727,69.56,Joules,power/energy-pkg/,1000187867,100.00,,
   209.043465324,32.85,Joules,power/energy-ram/,1000175291,100.00,,
   209.043465324,60.72,Joules,power/energy-pkg/,1000176548,100.00,,
   210.043691825,33.04,Joules,power/energy-ram/,1000219417,100.00,,
   210.043691825,57.25,Joules,power/energy-pkg/,1000220797,100.00,,
   211.043940160,32.23,Joules,power/energy-ram/,1000240410,100.00,,
   211.043940160,53.77,Joules,power/energy-pkg/,1000240310,100.00,,
   212.044189398,29.35,Joules,power/energy-ram/,1000242742,100.00,,
   212.044189398,48.38,Joules,power/energy-pkg/,1000243022,100.00,,
   213.044396865,30.78,Joules,power/energy-ram/,1000198048,100.00,,
   213.044396865,49.39,Joules,power/energy-pkg/,1000197702,100.00,,
   214.044603221,33.91,Joules,power/energy-ram/,1000198962,100.00,,
   214.044603221,59.91,Joules,power/energy-pkg/,1000199794,100.00,,
   215.044796210,33.44,Joules,power/energy-ram/,1000183573,100.00,,
   215.044796210,63.59,Joules,power/energy-pkg/,1000180116,100.00,,
   216.044985086,33.40,Joules,power/energy-ram/,1000184237,100.00,,
   216.044985086,58.38,Joules,power/energy-pkg/,1000187504,100.00,,
   217.045229431,31.70,Joules,power/energy-ram/,1000235407,100.00,,
   217.045229431,57.63,Joules,power/energy-pkg/,1000234720,100.00,,
   218.045458082,28.65,Joules,power/energy-ram/,1000221682,100.00,,
   218.045458082,49.12,Joules,power/energy-pkg/,1000221984,100.00,,
   219.045691602,29.10,Joules,power/energy-ram/,1000225802,100.00,,
   219.045691602,49.00,Joules,power/energy-pkg/,1000226258,100.00,,
   220.045939881,11.27,Joules,power/energy-ram/,1000240749,100.00,,
   220.045939881,21.81,Joules,power/energy-pkg/,1000241704,100.00,,
   221.046189105,8.96,Joules,power/energy-ram/,1000240278,100.00,,
   221.046189105,20.43,Joules,power/energy-pkg/,1000238767,100.00,,
   222.046419058,11.52,Joules,power/energy-ram/,1000223069,100.00,,
   222.046419058,21.37,Joules,power/energy-pkg/,1000222860,100.00,,
   223.046630348,19.01,Joules,power/energy-ram/,1000203631,100.00,,
   223.046630348,28.80,Joules,power/energy-pkg/,1000203640,100.00,,
   224.046841843,32.85,Joules,power/energy-ram/,1000202820,100.00,,
   224.046841843,58.45,Joules,power/energy-pkg/,1000203048,100.00,,
   225.047050274,32.99,Joules,power/energy-ram/,1000202071,100.00,,
   225.047050274,56.52,Joules,power/energy-pkg/,1000202463,100.00,,
   226.047199740,33.86,Joules,power/energy-ram/,1000138748,100.00,,
   226.047199740,63.78,Joules,power/energy-pkg/,1000135052,100.00,,
   227.047393296,33.95,Joules,power/energy-ram/,1000188178,100.00,,
   227.047393296,64.85,Joules,power/energy-pkg/,1000192161,100.00,,
   228.047612863,34.96,Joules,power/energy-ram/,1000213405,100.00,,
   228.047612863,68.18,Joules,power/energy-pkg/,1000213174,100.00,,
   229.047779073,34.70,Joules,power/energy-ram/,1000157009,100.00,,
   229.047779073,73.07,Joules,power/energy-pkg/,1000156655,100.00,,
   230.047931039,35.82,Joules,power/energy-ram/,1000143416,100.00,,
   230.047931039,75.45,Joules,power/energy-pkg/,1000141939,100.00,,
   231.048077027,34.73,Joules,power/energy-ram/,1000139424,100.00,,
   231.048077027,70.64,Joules,power/energy-pkg/,1000141582,100.00,,
   232.048236079,33.65,Joules,power/energy-ram/,1000150990,100.00,,
   232.048236079,63.60,Joules,power/energy-pkg/,1000150283,100.00,,
   233.048393254,32.32,Joules,power/energy-ram/,1000149532,100.00,,
   233.048393254,55.43,Joules,power/energy-pkg/,1000149320,100.00,,
   234.048549466,31.95,Joules,power/energy-ram/,1000148120,100.00,,
   234.048549466,52.98,Joules,power/energy-pkg/,1000148361,100.00,,
   235.048705027,32.80,Joules,power/energy-ram/,1000147958,100.00,,
   235.048705027,56.18,Joules,power/energy-pkg/,1000147781,100.00,,
   236.048913949,33.05,Joules,power/energy-ram/,1000199842,100.00,,
   236.048913949,58.41,Joules,power/energy-pkg/,1000199185,100.00,,
   237.049122156,32.89,Joules,power/energy-ram/,1000202055,100.00,,
   237.049122156,58.66,Joules,power/energy-pkg/,1000203434,100.00,,
   238.049342169,30.21,Joules,power/energy-ram/,1000211300,100.00,,
   238.049342169,53.48,Joules,power/energy-pkg/,1000211446,100.00,,
   239.049492615,30.92,Joules,power/energy-ram/,1000142371,100.00,,
   239.049492615,53.67,Joules,power/energy-pkg/,1000140539,100.00,,
   240.049683006,33.01,Joules,power/energy-ram/,1000183011,100.00,,
   240.049683006,54.69,Joules,power/energy-pkg/,1000184015,100.00,,
   241.049831118,33.59,Joules,power/energy-ram/,1000140147,100.00,,
   241.049831118,63.55,Joules,power/energy-pkg/,1000139225,100.00,,
   242.050052113,33.39,Joules,power/energy-ram/,1000215344,100.00,,
   242.050052113,69.01,Joules,power/energy-pkg/,1000216667,100.00,,
   243.050298888,32.91,Joules,power/energy-ram/,1000238236,100.00,,
   243.050298888,58.70,Joules,power/energy-pkg/,1000238371,100.00,,
   244.050508507,32.72,Joules,power/energy-ram/,1000202426,100.00,,
   244.050508507,53.32,Joules,power/energy-pkg/,1000202764,100.00,,
   245.050721748,32.60,Joules,power/energy-ram/,1000203738,100.00,,
   245.050721748,56.46,Joules,power/energy-pkg/,1000202314,100.00,,
   246.050925764,32.57,Joules,power/energy-ram/,1000196057,100.00,,
   246.050925764,59.37,Joules,power/energy-pkg/,1000195520,100.00,,
   247.051133157,32.67,Joules,power/energy-ram/,1000201120,100.00,,
   247.051133157,59.51,Joules,power/energy-pkg/,1000203022,100.00,,
   248.051346628,33.45,Joules,power/energy-ram/,1000205732,100.00,,
   248.051346628,63.86,Joules,power/energy-pkg/,1000205400,100.00,,
   249.051594638,28.73,Joules,power/energy-ram/,1000239852,100.00,,
   249.051594638,55.18,Joules,power/energy-pkg/,1000239902,100.00,,
   250.051804765,24.70,Joules,power/energy-ram/,1000201838,100.00,,
   250.051804765,36.51,Joules,power/energy-pkg/,1000201171,100.00,,
   251.052004575,32.63,Joules,power/energy-ram/,1000191687,100.00,,
   251.052004575,49.75,Joules,power/energy-pkg/,1000192249,100.00,,
   252.052149740,33.16,Joules,power/energy-ram/,1000137923,100.00,,
   252.052149740,57.62,Joules,power/energy-pkg/,1000137246,100.00,,
   253.052362486,33.48,Joules,power/energy-ram/,1000205150,100.00,,
   253.052362486,63.65,Joules,power/energy-pkg/,1000206540,100.00,,
   254.052573289,33.50,Joules,power/energy-ram/,1000203138,100.00,,
   254.052573289,70.03,Joules,power/energy-pkg/,1000202722,100.00,,
   255.052782845,33.22,Joules,power/energy-ram/,1000201826,100.00,,
   255.052782845,66.51,Joules,power/energy-pkg/,1000202334,100.00,,
   256.053025497,24.49,Joules,power/energy-ram/,1000235908,100.00,,
   256.053025497,47.11,Joules,power/energy-pkg/,1000236264,100.00,,
   257.053233782,31.21,Joules,power/energy-ram/,1000199150,100.00,,
   257.053233782,51.95,Joules,power/energy-pkg/,1000196904,100.00,,
   258.053447642,33.08,Joules,power/energy-ram/,1000207178,100.00,,
   258.053447642,59.59,Joules,power/energy-pkg/,1000208350,100.00,,
   259.053666525,32.82,Joules,power/energy-ram/,1000211140,100.00,,
   259.053666525,62.49,Joules,power/energy-pkg/,1000211206,100.00,,
   260.053883869,33.57,Joules,power/energy-ram/,1000209098,100.00,,
   260.053883869,55.53,Joules,power/energy-pkg/,1000207930,100.00,,
   261.054090302,32.83,Joules,power/energy-ram/,1000198862,100.00,,
   261.054090302,52.34,Joules,power/energy-pkg/,1000200212,100.00,,
   262.054348160,31.91,Joules,power/energy-ram/,1000249689,100.00,,
   262.054348160,55.17,Joules,power/energy-pkg/,1000250435,100.00,,
   263.054594661,30.04,Joules,power/energy-ram/,1000239533,100.00,,
   263.054594661,51.31,Joules,power/energy-pkg/,1000238518,100.00,,
   264.054814345,31.00,Joules,power/energy-ram/,1000211922,100.00,,
   264.054814345,53.55,Joules,power/energy-pkg/,1000211465,100.00,,
   265.055032788,31.81,Joules,power/energy-ram/,1000210647,100.00,,
   265.055032788,62.00,Joules,power/energy-pkg/,1000211250,100.00,,
   266.055252772,32.79,Joules,power/energy-ram/,1000211364,100.00,,
   266.055252772,65.29,Joules,power/energy-pkg/,1000211547,100.00,,
   267.055461209,32.85,Joules,power/energy-ram/,1000201284,100.00,,
   267.055461209,64.85,Joules,power/energy-pkg/,1000201264,100.00,,
   268.055640504,32.73,Joules,power/energy-ram/,1000172960,100.00,,
   268.055640504,56.82,Joules,power/energy-pkg/,1000176983,100.00,,
   269.055863908,32.58,Joules,power/energy-ram/,1000213989,100.00,,
   269.055863908,61.57,Joules,power/energy-pkg/,1000209607,100.00,,
   270.056073134,32.61,Joules,power/energy-ram/,1000200311,100.00,,
   270.056073134,66.86,Joules,power/energy-pkg/,1000199674,100.00,,
   271.056274638,32.56,Joules,power/energy-ram/,1000193289,100.00,,
   271.056274638,66.52,Joules,power/energy-pkg/,1000192306,100.00,,
   272.056487478,32.73,Joules,power/energy-ram/,1000206905,100.00,,
   272.056487478,56.08,Joules,power/energy-pkg/,1000208620,100.00,,
   273.056665826,34.05,Joules,power/energy-ram/,1000181108,100.00,,
   273.056665826,79.50,Joules,power/energy-pkg/,1000180350,100.00,,
   274.056889046,34.87,Joules,power/energy-ram/,1000205432,100.00,,
   274.056889046,87.43,Joules,power/energy-pkg/,1000206606,100.00,,
   275.057106350,35.21,Joules,power/energy-ram/,1000208995,100.00,,
   275.057106350,89.47,Joules,power/energy-pkg/,1000207648,100.00,,
   276.057336914,34.69,Joules,power/energy-ram/,1000222464,100.00,,
   276.057336914,71.63,Joules,power/energy-pkg/,1000222326,100.00,,
   277.057588871,30.52,Joules,power/energy-ram/,1000244679,100.00,,
   277.057588871,57.29,Joules,power/energy-pkg/,1000244944,100.00,,
   278.057836646,30.69,Joules,power/energy-ram/,1000239512,100.00,,
   278.057836646,56.83,Joules,power/energy-pkg/,1000239436,100.00,,
   279.058082217,28.95,Joules,power/energy-ram/,1000238427,100.00,,
   279.058082217,49.49,Joules,power/energy-pkg/,1000238994,100.00,,
   280.058317812,22.57,Joules,power/energy-ram/,1000228940,100.00,,
   280.058317812,38.99,Joules,power/energy-pkg/,1000230870,100.00,,
   281.058536261,23.24,Joules,power/energy-ram/,1000207464,100.00,,
   281.058536261,34.64,Joules,power/energy-pkg/,1000203513,100.00,,
   282.058720496,32.69,Joules,power/energy-ram/,1000176905,100.00,,
   282.058720496,59.47,Joules,power/energy-pkg/,1000177170,100.00,,
   283.058911286,32.74,Joules,power/energy-ram/,1000184562,100.00,,
   283.058911286,59.38,Joules,power/energy-pkg/,1000187039,100.00,,
   284.059116208,28.51,Joules,power/energy-ram/,1000196778,100.00,,
   284.059116208,49.19,Joules,power/energy-pkg/,1000196244,100.00,,
   285.059318133,32.53,Joules,power/energy-ram/,1000193080,100.00,,
   285.059318133,56.21,Joules,power/energy-pkg/,1000191581,100.00,,
   286.059514826,32.85,Joules,power/energy-ram/,1000190315,100.00,,
   286.059514826,65.08,Joules,power/energy-pkg/,1000191769,100.00,,
   287.059740614,32.69,Joules,power/energy-ram/,1000218576,100.00,,
   287.059740614,60.67,Joules,power/energy-pkg/,1000218484,100.00,,
   288.059887648,32.65,Joules,power/energy-ram/,1000139890,100.00,,
   288.059887648,58.71,Joules,power/energy-pkg/,1000139737,100.00,,
   289.060129734,15.40,Joules,power/energy-ram/,1000236256,100.00,,
   289.060129734,28.45,Joules,power/energy-pkg/,1000237694,100.00,,
   290.060287586,26.98,Joules,power/energy-ram/,1000148749,100.00,,
   290.060287586,39.22,Joules,power/energy-pkg/,1000147682,100.00,,
   291.060507990,33.04,Joules,power/energy-ram/,1000212247,100.00,,
   291.060507990,58.62,Joules,power/energy-pkg/,1000212098,100.00,,
   292.060736976,33.16,Joules,power/energy-ram/,1000220564,100.00,,
   292.060736976,62.66,Joules,power/energy-pkg/,1000220382,100.00,,
   293.060948423,33.99,Joules,power/energy-ram/,1000202093,100.00,,
   293.060948423,65.91,Joules,power/energy-pkg/,1000201444,100.00,,
   294.061151303,32.85,Joules,power/energy-ram/,1000196783,100.00,,
   294.061151303,66.11,Joules,power/energy-pkg/,1000197464,100.00,,
   295.061375479,33.23,Joules,power/energy-ram/,1000216700,100.00,,
   295.061375479,60.80,Joules,power/energy-pkg/,1000216910,100.00,,
   296.061594379,33.45,Joules,power/energy-ram/,1000210088,100.00,,
   296.061594379,63.44,Joules,power/energy-pkg/,1000209762,100.00,,
   297.061806256,30.62,Joules,power/energy-ram/,1000205480,100.00,,
   297.061806256,54.53,Joules,power/energy-pkg/,1000205613,100.00,,
   298.062064972,25.99,Joules,power/energy-ram/,1000251366,100.00,,
   298.062064972,45.59,Joules,power/energy-pkg/,1000252111,100.00,,
   299.062299469,9.43,Joules,power/energy-ram/,1000225114,100.00,,
   299.062299469,20.53,Joules,power/energy-pkg/,1000224372,100.00,,
   300.062541813,11.25,Joules,power/energy-ram/,1000234320,100.00,,
   300.062541813,21.28,Joules,power/energy-pkg/,1000234122,100.00,,
   301.062750242,20.42,Joules,power/energy-ram/,1000202194,100.00,,
   301.062750242,28.74,Joules,power/energy-pkg/,1000202630,100.00,,
   302.062965213,32.68,Joules,power/energy-ram/,1000205940,100.00,,
   302.062965213,49.43,Joules,power/energy-pkg/,1000206102,100.00,,
   303.063198805,33.07,Joules,power/energy-ram/,1000226939,100.00,,
   303.063198805,53.17,Joules,power/energy-pkg/,1000226767,100.00,,
   304.063419428,32.78,Joules,power/energy-ram/,1000211522,100.00,,
   304.063419428,63.77,Joules,power/energy-pkg/,1000211953,100.00,,
   305.063629750,33.30,Joules,power/energy-ram/,1000204049,100.00,,
   305.063629750,62.30,Joules,power/energy-pkg/,1000203094,100.00,,
   306.063848667,32.84,Joules,power/energy-ram/,1000210867,100.00,,
   306.063848667,65.48,Joules,power/energy-pkg/,1000211666,100.00,,
   307.064004798,33.05,Joules,power/energy-ram/,1000147880,100.00,,
   307.064004798,57.49,Joules,power/energy-pkg/,1000147185,100.00,,
   308.064162705,33.86,Joules,power/energy-ram/,1000149769,100.00,,
   308.064162705,59.97,Joules,power/energy-pkg/,1000149739,100.00,,
   309.064370254,33.05,Joules,power/energy-ram/,1000200897,100.00,,
   309.064370254,53.90,Joules,power/energy-pkg/,1000201431,100.00,,
   310.064586959,33.16,Joules,power/energy-ram/,1000207894,100.00,,
   310.064586959,54.28,Joules,power/energy-pkg/,1000207480,100.00,,
   311.064799089,32.81,Joules,power/energy-ram/,1000204039,100.00,,
   311.064799089,52.43,Joules,power/energy-pkg/,1000203840,100.00,,
   312.065030108,32.54,Joules,power/energy-ram/,1000225051,100.00,,
   312.065030108,50.52,Joules,power/energy-pkg/,1000225980,100.00,,
   313.065262795,22.58,Joules,power/energy-ram/,1000224965,100.00,,
   313.065262795,37.79,Joules,power/energy-pkg/,1000225104,100.00,,
   314.065475543,26.01,Joules,power/energy-ram/,1000203039,100.00,,
   314.065475543,42.66,Joules,power/energy-pkg/,1000202708,100.00,,
   315.065678488,32.73,Joules,power/energy-ram/,1000195467,100.00,,
   315.065678488,57.21,Joules,power/energy-pkg/,1000194492,100.00,,
   316.065884275,33.52,Joules,power/energy-ram/,1000197909,100.00,,
   316.065884275,67.96,Joules,power/energy-pkg/,1000197896,100.00,,
   317.066096183,32.41,Joules,power/energy-ram/,1000204108,100.00,,
   317.066096183,67.04,Joules,power/energy-pkg/,1000203510,100.00,,
   318.066303553,33.05,Joules,power/energy-ram/,1000200094,100.00,,
   318.066303553,69.83,Joules,power/energy-pkg/,1000201856,100.00,,
   319.066507306,34.63,Joules,power/energy-ram/,1000195860,100.00,,
   319.066507306,78.95,Joules,power/energy-pkg/,1000194630,100.00,,
   320.066721263,33.95,Joules,power/energy-ram/,1000207202,100.00,,
   320.066721263,74.25,Joules,power/energy-pkg/,1000208974,100.00,,
   321.066938963,33.40,Joules,power/energy-ram/,1000209920,100.00,,
   321.066938963,72.38,Joules,power/energy-pkg/,1000209620,100.00,,
   322.067160106,34.13,Joules,power/energy-ram/,1000213116,100.00,,
   322.067160106,60.21,Joules,power/energy-pkg/,1000211922,100.00,,
   323.067372760,33.23,Joules,power/energy-ram/,1000204696,100.00,,
   323.067372760,55.50,Joules,power/energy-pkg/,1000205310,100.00,,
   324.067593680,33.34,Joules,power/energy-ram/,1000213237,100.00,,
   324.067593680,55.07,Joules,power/energy-pkg/,1000212598,100.00,,
   325.067810395,31.89,Joules,power/energy-ram/,1000209809,100.00,,
   325.067810395,50.75,Joules,power/energy-pkg/,1000210906,100.00,,
   326.068035468,30.76,Joules,power/energy-ram/,1000216873,100.00,,
   326.068035468,47.06,Joules,power/energy-pkg/,1000216680,100.00,,
   327.068282115,18.88,Joules,power/energy-ram/,1000239520,100.00,,
   327.068282115,32.60,Joules,power/energy-pkg/,1000239984,100.00,,
   328.068497504,17.17,Joules,power/energy-ram/,1000205367,100.00,,
   328.068497504,26.82,Joules,power/energy-pkg/,1000204494,100.00,,
   329.068702836,32.62,Joules,power/energy-ram/,1000197438,100.00,,
   329.068702836,56.35,Joules,power/energy-pkg/,1000197111,100.00,,
   330.068897992,33.04,Joules,power/energy-ram/,1000187655,100.00,,
   330.068897992,59.34,Joules,power/energy-pkg/,1000185996,100.00,,
   331.069097413,33.72,Joules,power/energy-ram/,1000192427,100.00,,
   331.069097413,59.71,Joules,power/energy-pkg/,1000193611,100.00,,
   332.069315870,34.80,Joules,power/energy-ram/,1000210419,100.00,,
   332.069315870,73.18,Joules,power/energy-pkg/,1000211290,100.00,,
   333.069482871,36.01,Joules,power/energy-ram/,1000159974,100.00,,
   333.069482871,83.93,Joules,power/energy-pkg/,1000160129,100.00,,
   334.069652971,37.10,Joules,power/energy-ram/,1000162449,100.00,,
   334.069652971,91.04,Joules,power/energy-pkg/,1000162723,100.00,,
   335.069872768,37.38,Joules,power/energy-ram/,1000212327,100.00,,
   335.069872768,93.02,Joules,power/energy-pkg/,1000211453,100.00,,
   336.070092915,35.25,Joules,power/energy-ram/,1000211582,100.00,,
   336.070092915,90.79,Joules,power/energy-pkg/,1000211493,100.00,,
   337.070299391,32.09,Joules,power/energy-ram/,1000198179,100.00,,
   337.070299391,59.10,Joules,power/energy-pkg/,1000196771,100.00,,
   338.070487166,33.09,Joules,power/energy-ram/,1000179285,100.00,,
   338.070487166,62.45,Joules,power/energy-pkg/,1000177805,100.00,,
   339.070679163,34.02,Joules,power/energy-ram/,1000185466,100.00,,
   339.070679163,62.67,Joules,power/energy-pkg/,1000188679,100.00,,
   340.070892435,33.36,Joules,power/energy-ram/,1000205814,100.00,,
   340.070892435,66.25,Joules,power/energy-pkg/,1000206032,100.00,,
   341.071095341,33.67,Joules,power/energy-ram/,1000193615,100.00,,
   341.071095341,61.77,Joules,power/energy-pkg/,1000190582,100.00,,
   342.071296203,32.29,Joules,power/energy-ram/,1000195049,100.00,,
   342.071296203,57.41,Joules,power/energy-pkg/,1000197866,100.00,,
   343.071553899,29.67,Joules,power/energy-ram/,1000248936,100.00,,
   343.071553899,45.77,Joules,power/energy-pkg/,1000248842,100.00,,
   344.071747332,28.99,Joules,power/energy-ram/,1000183937,100.00,,
   344.071747332,45.61,Joules,power/energy-pkg/,1000181160,100.00,,
   345.071951523,28.61,Joules,power/energy-ram/,1000199721,100.00,,
   345.071951523,44.24,Joules,power/energy-pkg/,1000203376,100.00,,
   346.072149055,15.14,Joules,power/energy-ram/,1000187432,100.00,,
   346.072149055,24.35,Joules,power/energy-pkg/,1000184161,100.00,,
   347.072345290,33.10,Joules,power/energy-ram/,1000190174,100.00,,
   347.072345290,55.55,Joules,power/energy-pkg/,1000193119,100.00,,
   348.072559917,32.93,Joules,power/energy-ram/,1000207500,100.00,,
   348.072559917,61.87,Joules,power/energy-pkg/,1000207191,100.00,,
   349.072774255,32.91,Joules,power/energy-ram/,1000207560,100.00,,
   349.072774255,63.85,Joules,power/energy-pkg/,1000207233,100.00,,
   350.072988407,33.41,Joules,power/energy-ram/,1000204264,100.00,,
   350.072988407,66.12,Joules,power/energy-pkg/,1000204240,100.00,,
   351.073202075,33.08,Joules,power/energy-ram/,1000207513,100.00,,
   351.073202075,70.46,Joules,power/energy-pkg/,1000207611,100.00,,
   352.073418388,33.30,Joules,power/energy-ram/,1000207584,100.00,,
   352.073418388,70.59,Joules,power/energy-pkg/,1000207296,100.00,,
   353.073627269,32.82,Joules,power/energy-ram/,1000201485,100.00,,
   353.073627269,65.68,Joules,power/energy-pkg/,1000201573,100.00,,
   354.073835832,33.15,Joules,power/energy-ram/,1000200077,100.00,,
   354.073835832,52.98,Joules,power/energy-pkg/,1000200438,100.00,,
   355.074054061,32.82,Joules,power/energy-ram/,1000210741,100.00,,
   355.074054061,61.65,Joules,power/energy-pkg/,1000210460,100.00,,
   356.074267381,32.84,Joules,power/energy-ram/,1000204909,100.00,,
   356.074267381,62.99,Joules,power/energy-pkg/,1000204386,100.00,,
   357.074488804,32.69,Joules,power/energy-ram/,1000214190,100.00,,
   357.074488804,66.59,Joules,power/energy-pkg/,1000214796,100.00,,
   358.074699134,32.71,Joules,power/energy-ram/,1000204422,100.00,,
   358.074699134,61.44,Joules,power/energy-pkg/,1000204855,100.00,,
   359.074915729,32.88,Joules,power/energy-ram/,1000207662,100.00,,
   359.074915729,59.20,Joules,power/energy-pkg/,1000207064,100.00,,
   360.075133066,33.18,Joules,power/energy-ram/,1000209608,100.00,,
   360.075133066,59.61,Joules,power/energy-pkg/,1000209978,100.00,,
   361.075376164,29.55,Joules,power/energy-ram/,1000235176,100.00,,
   361.075376164,58.42,Joules,power/energy-pkg/,1000235954,100.00,,
   362.075592073,32.36,Joules,power/energy-ram/,1000207910,100.00,,
   362.075592073,59.24,Joules,power/energy-pkg/,1000207048,100.00,,
   363.075826801,33.14,Joules,power/energy-ram/,1000227180,100.00,,
   363.075826801,59.69,Joules,power/energy-pkg/,1000227612,100.00,,
   364.076041177,32.78,Joules,power/energy-ram/,1000206482,100.00,,
   364.076041177,50.48,Joules,power/energy-pkg/,1000206660,100.00,,
   365.076290160,12.47,Joules,power/energy-ram/,1000240994,100.00,,
   365.076290160,23.64,Joules,power/energy-pkg/,1000241294,100.00,,
   366.076498265,21.35,Joules,power/energy-ram/,1000198566,100.00,,
   366.076498265,35.05,Joules,power/energy-pkg/,1000196530,100.00,,
   367.076646176,32.74,Joules,power/energy-ram/,1000142762,100.00,,
   367.076646176,58.56,Joules,power/energy-pkg/,1000152306,100.00,,
   368.076850666,32.86,Joules,power/energy-ram/,1000196331,100.00,,
   368.076850666,59.97,Joules,power/energy-pkg/,1000187398,100.00,,
   369.077059540,33.27,Joules,power/energy-ram/,1000200616,100.00,,
   369.077059540,53.48,Joules,power/energy-pkg/,1000199503,100.00,,
   370.077261416,32.82,Joules,power/energy-ram/,1000195186,100.00,,
   370.077261416,52.36,Joules,power/energy-pkg/,1000197017,100.00,,
   371.077486533,32.96,Joules,power/energy-ram/,1000216503,100.00,,
   371.077486533,58.81,Joules,power/energy-pkg/,1000215982,100.00,,
   372.077689575,32.69,Joules,power/energy-ram/,1000195793,100.00,,
   372.077689575,57.69,Joules,power/energy-pkg/,1000196449,100.00,,
   373.077911892,26.97,Joules,power/energy-ram/,1000213798,100.00,,
   373.077911892,49.16,Joules,power/energy-pkg/,1000214325,100.00,,
   374.078117470,23.94,Joules,power/energy-ram/,1000198673,100.00,,
   374.078117470,36.09,Joules,power/energy-pkg/,1000198497,100.00,,
   375.078328944,32.63,Joules,power/energy-ram/,1000203753,100.00,,
   375.078328944,59.56,Joules,power/energy-pkg/,1000203320,100.00,,
   376.078535516,32.76,Joules,power/energy-ram/,1000198136,100.00,,
   376.078535516,63.88,Joules,power/energy-pkg/,1000197794,100.00,,
   377.078740088,32.71,Joules,power/energy-ram/,1000196908,100.00,,
   377.078740088,68.58,Joules,power/energy-pkg/,1000196653,100.00,,
   378.078943592,32.61,Joules,power/energy-ram/,1000195362,100.00,,
   378.078943592,65.67,Joules,power/energy-pkg/,1000196189,100.00,,
   379.079132406,31.42,Joules,power/energy-ram/,1000179444,100.00,,
   379.079132406,56.64,Joules,power/energy-pkg/,1000175711,100.00,,
   380.079320153,34.55,Joules,power/energy-ram/,1000182598,100.00,,
   380.079320153,65.79,Joules,power/energy-pkg/,1000185443,100.00,,
   381.079522557,34.18,Joules,power/energy-ram/,1000193642,100.00,,
   381.079522557,65.02,Joules,power/energy-pkg/,1000203344,100.00,,
   382.079682130,34.96,Joules,power/energy-ram/,1000152584,100.00,,
   382.079682130,69.29,Joules,power/energy-pkg/,1000142666,100.00,,
   383.079894188,33.08,Joules,power/energy-ram/,1000203994,100.00,,
   383.079894188,60.27,Joules,power/energy-pkg/,1000204530,100.00,,
   384.080132354,32.70,Joules,power/energy-ram/,1000230546,100.00,,
   384.080132354,51.42,Joules,power/energy-pkg/,1000230730,100.00,,
   385.080371855,18.61,Joules,power/energy-ram/,1000232024,100.00,,
   385.080371855,32.53,Joules,power/energy-pkg/,1000232574,100.00,,
   386.080586644,10.21,Joules,power/energy-ram/,1000206108,100.00,,
   386.080586644,20.79,Joules,power/energy-pkg/,1000205341,100.00,,
   387.080814115,10.62,Joules,power/energy-ram/,1000219509,100.00,,
   387.080814115,20.97,Joules,power/energy-pkg/,1000219642,100.00,,
   388.080961283,23.97,Joules,power/energy-ram/,1000140919,100.00,,
   388.080961283,40.60,Joules,power/energy-pkg/,1000140667,100.00,,
   389.081183828,32.73,Joules,power/energy-ram/,1000214334,100.00,,
   389.081183828,62.46,Joules,power/energy-pkg/,1000214384,100.00,,
   390.081391320,32.74,Joules,power/energy-ram/,1000199218,100.00,,
   390.081391320,62.90,Joules,power/energy-pkg/,1000200286,100.00,,
   391.081600872,33.38,Joules,power/energy-ram/,1000202142,100.00,,
   391.081600872,61.21,Joules,power/energy-pkg/,1000202227,100.00,,
   392.081809828,33.23,Joules,power/energy-ram/,1000201800,100.00,,
   392.081809828,61.82,Joules,power/energy-pkg/,1000201473,100.00,,
   393.082040195,32.85,Joules,power/energy-ram/,1000222528,100.00,,
   393.082040195,57.84,Joules,power/energy-pkg/,1000221512,100.00,,
   394.082253480,32.71,Joules,power/energy-ram/,1000205712,100.00,,
   394.082253480,51.91,Joules,power/energy-pkg/,1000205768,100.00,,
   395.082473522,32.89,Joules,power/energy-ram/,1000211887,100.00,,
   395.082473522,58.26,Joules,power/energy-pkg/,1000212561,100.00,,
   396.082688187,33.40,Joules,power/energy-ram/,1000206875,100.00,,
   396.082688187,60.45,Joules,power/energy-pkg/,1000206566,100.00,,
   397.082902077,32.93,Joules,power/energy-ram/,1000205889,100.00,,
   397.082902077,63.67,Joules,power/energy-pkg/,1000206820,100.00,,
   398.083115044,32.60,Joules,power/energy-ram/,1000205286,100.00,,
   398.083115044,66.05,Joules,power/energy-pkg/,1000204613,100.00,,
   399.083321002,32.57,Joules,power/energy-ram/,1000196714,100.00,,
   399.083321002,65.55,Joules,power/energy-pkg/,1000195185,100.00,,
   400.083522257,32.78,Joules,power/energy-ram/,1000194962,100.00,,
   400.083522257,60.05,Joules,power/energy-pkg/,1000206702,100.00,,
   401.083768861,33.83,Joules,power/energy-ram/,1000239604,100.00,,
   401.083768861,73.15,Joules,power/energy-pkg/,1000229936,100.00,,
   402.083918591,33.73,Joules,power/energy-ram/,1000141294,100.00,,
   402.083918591,85.74,Joules,power/energy-pkg/,1000141408,100.00,,
   403.084141104,33.25,Joules,power/energy-ram/,1000215640,100.00,,
   403.084141104,66.27,Joules,power/energy-pkg/,1000215412,100.00,,
   404.084358464,33.24,Joules,power/energy-ram/,1000209466,100.00,,
   404.084358464,60.47,Joules,power/energy-pkg/,1000209104,100.00,,
   405.084597256,28.76,Joules,power/energy-ram/,1000231042,100.00,,
   405.084597256,50.53,Joules,power/energy-pkg/,1000231014,100.00,,
   406.084846838,22.87,Joules,power/energy-ram/,1000241982,100.00,,
   406.084846838,34.75,Joules,power/energy-pkg/,1000241492,100.00,,
   407.085078530,26.58,Joules,power/energy-ram/,1000224520,100.00,,
   407.085078530,46.96,Joules,power/energy-pkg/,1000225414,100.00,,
   408.085311662,27.82,Joules,power/energy-ram/,1000224367,100.00,,
   408.085311662,46.76,Joules,power/energy-pkg/,1000223577,100.00,,
   409.085532223,31.48,Joules,power/energy-ram/,1000213229,100.00,,
   409.085532223,54.05,Joules,power/energy-pkg/,1000213220,100.00,,
   410.085750707,33.75,Joules,power/energy-ram/,1000211082,100.00,,
   410.085750707,78.34,Joules,power/energy-pkg/,1000211131,100.00,,
   411.085946151,33.26,Joules,power/energy-ram/,1000183706,100.00,,
   411.085946151,71.05,Joules,power/energy-pkg/,1000180248,100.00,,
   412.086129804,31.56,Joules,power/energy-ram/,1000178685,100.00,,
   412.086129804,54.95,Joules,power/energy-pkg/,1000180708,100.00,,
   413.086337703,32.76,Joules,power/energy-ram/,1000200045,100.00,,
   413.086337703,53.83,Joules,power/energy-pkg/,1000200504,100.00,,
   414.086544165,33.06,Joules,power/energy-ram/,1000198957,100.00,,
   414.086544165,59.54,Joules,power/energy-pkg/,1000200287,100.00,,
   415.086736853,32.85,Joules,power/energy-ram/,1000182365,100.00,,
   415.086736853,65.16,Joules,power/energy-pkg/,1000177936,100.00,,
   416.086919028,33.89,Joules,power/energy-ram/,1000177255,100.00,,
   416.086919028,87.19,Joules,power/energy-pkg/,1000181486,100.00,,
   417.087134765,33.36,Joules,power/energy-ram/,1000208729,100.00,,
   417.087134765,88.67,Joules,power/energy-pkg/,1000208442,100.00,,
   418.087343485,33.86,Joules,power/energy-ram/,1000198616,100.00,,
   418.087343485,86.28,Joules,power/energy-pkg/,1000196274,100.00,,
   419.087549802,34.11,Joules,power/energy-ram/,1000199870,100.00,,
   419.087549802,83.95,Joules,power/energy-pkg/,1000201472,100.00,,
   420.087773388,33.65,Joules,power/energy-ram/,1000216193,100.00,,
   420.087773388,80.65,Joules,power/energy-pkg/,1000216705,100.00,,
   421.087968872,34.00,Joules,power/energy-ram/,1000184845,100.00,,
   421.087968872,67.54,Joules,power/energy-pkg/,1000181927,100.00,,
   422.088159151,33.48,Joules,power/energy-ram/,1000184764,100.00,,
   422.088159151,65.99,Joules,power/energy-pkg/,1000186990,100.00,,
   423.088395741,33.38,Joules,power/energy-ram/,1000229043,100.00,,
   423.088395741,67.78,Joules,power/energy-pkg/,1000229780,100.00,,
   424.088607261,32.75,Joules,power/energy-ram/,1000203668,100.00,,
   424.088607261,58.95,Joules,power/energy-pkg/,1000204242,100.00,,
   425.088856996,10.19,Joules,power/energy-ram/,1000241870,100.00,,
   425.088856996,22.46,Joules,power/energy-pkg/,1000242026,100.00,,
   426.089069173,10.69,Joules,power/energy-ram/,1000205794,100.00,,
   426.089069173,21.05,Joules,power/energy-pkg/,1000205614,100.00,,
   427.089312820,9.71,Joules,power/energy-ram/,1000235746,100.00,,
   427.089312820,20.44,Joules,power/energy-pkg/,1000234476,100.00,,
   428.089556661,10.67,Joules,power/energy-ram/,1000236040,100.00,,
   428.089556661,21.11,Joules,power/energy-pkg/,1000237042,100.00,,
   429.089765113,18.53,Joules,power/energy-ram/,1000201642,100.00,,
   429.089765113,27.67,Joules,power/energy-pkg/,1000201834,100.00,,
   430.090034992,28.37,Joules,power/energy-ram/,1000262871,100.00,,
   430.090034992,49.38,Joules,power/energy-pkg/,1000262727,100.00,,
   431.090229036,29.38,Joules,power/energy-ram/,1000185753,100.00,,
   431.090229036,48.49,Joules,power/energy-pkg/,1000183668,100.00,,
   432.090429585,31.25,Joules,power/energy-ram/,1000194226,100.00,,
   432.090429585,52.66,Joules,power/energy-pkg/,1000196609,100.00,,
   433.090676619,28.41,Joules,power/energy-ram/,1000238767,100.00,,
   433.090676619,44.05,Joules,power/energy-pkg/,1000238504,100.00,,
   434.090890332,31.13,Joules,power/energy-ram/,1000205729,100.00,,
   434.090890332,49.62,Joules,power/energy-pkg/,1000206040,100.00,,
   435.091110617,32.71,Joules,power/energy-ram/,1000213755,100.00,,
   435.091110617,63.84,Joules,power/energy-pkg/,1000213387,100.00,,
   436.091327551,32.87,Joules,power/energy-ram/,1000209185,100.00,,
   436.091327551,68.18,Joules,power/energy-pkg/,1000209139,100.00,,
   437.091562242,32.84,Joules,power/energy-ram/,1000226935,100.00,,
   437.091562242,64.50,Joules,power/energy-pkg/,1000227147,100.00,,
   438.091778793,32.54,Joules,power/energy-ram/,1000209720,100.00,,
   438.091778793,49.86,Joules,power/energy-pkg/,1000209598,100.00,,
   439.091992178,21.61,Joules,power/energy-ram/,1000206680,100.00,,
   439.091992178,35.67,Joules,power/energy-pkg/,1000207938,100.00,,
   440.092213799,31.28,Joules,power/energy-ram/,1000212935,100.00,,
   440.092213799,51.85,Joules,power/energy-pkg/,1000211315,100.00,,
   441.092418504,33.29,Joules,power/energy-ram/,1000196353,100.00,,
   441.092418504,75.03,Joules,power/energy-pkg/,1000196289,100.00,,
   442.092625624,32.92,Joules,power/energy-ram/,1000201327,100.00,,
   442.092625624,87.12,Joules,power/energy-pkg/,1000201473,100.00,,
   443.092849535,33.04,Joules,power/energy-ram/,1000215503,100.00,,
   443.092849535,82.11,Joules,power/energy-pkg/,1000215700,100.00,,
   444.093052728,32.62,Joules,power/energy-ram/,1000194520,100.00,,
   444.093052728,60.59,Joules,power/energy-pkg/,1000195011,100.00,,
   445.093290489,28.19,Joules,power/energy-ram/,1000231474,100.00,,
   445.093290489,45.28,Joules,power/energy-pkg/,1000230890,100.00,,
   446.093492502,31.57,Joules,power/energy-ram/,1000193548,100.00,,
   446.093492502,52.34,Joules,power/energy-pkg/,1000193720,100.00,,
   447.093707778,33.57,Joules,power/energy-ram/,1000210228,100.00,,
   447.093707778,72.46,Joules,power/energy-pkg/,1000210492,100.00,,
   448.093923895,32.97,Joules,power/energy-ram/,1000208084,100.00,,
   448.093923895,72.64,Joules,power/energy-pkg/,1000207650,100.00,,
   449.094123391,33.24,Joules,power/energy-ram/,1000188603,100.00,,
   449.094123391,60.98,Joules,power/energy-pkg/,1000184661,100.00,,
   450.094288548,32.78,Joules,power/energy-ram/,1000158441,100.00,,
   450.094288548,51.28,Joules,power/energy-pkg/,1000160479,100.00,,
   451.094493614,33.42,Joules,power/energy-ram/,1000197443,100.00,,
   451.094493614,55.71,Joules,power/energy-pkg/,1000197796,100.00,,
   452.094718737,32.29,Joules,power/energy-ram/,1000219219,100.00,,
   452.094718737,61.75,Joules,power/energy-pkg/,1000220826,100.00,,
   453.094973466,31.14,Joules,power/energy-ram/,1000247304,100.00,,
   453.094973466,58.91,Joules,power/energy-pkg/,1000247259,100.00,,
   454.095187501,31.30,Joules,power/energy-ram/,1000206054,100.00,,
   454.095187501,60.54,Joules,power/energy-pkg/,1000206638,100.00,,
   455.095400114,33.20,Joules,power/energy-ram/,1000204876,100.00,,
   455.095400114,61.03,Joules,power/energy-pkg/,1000204605,100.00,,
   456.095638872,32.76,Joules,power/energy-ram/,1000231136,100.00,,
   456.095638872,62.73,Joules,power/energy-pkg/,1000231590,100.00,,
   457.095845516,32.79,Joules,power/energy-ram/,1000199144,100.00,,
   457.095845516,63.10,Joules,power/energy-pkg/,1000198514,100.00,,
   458.096094770,33.21,Joules,power/energy-ram/,1000242874,100.00,,
   458.096094770,55.76,Joules,power/energy-pkg/,1000243537,100.00,,
   459.096306620,33.10,Joules,power/energy-ram/,1000203580,100.00,,
   459.096306620,52.30,Joules,power/energy-pkg/,1000202813,100.00,,
   460.096515542,32.81,Joules,power/energy-ram/,1000201402,100.00,,
   460.096515542,52.73,Joules,power/energy-pkg/,1000201447,100.00,,
   461.096740647,33.13,Joules,power/energy-ram/,1000218435,100.00,,
   461.096740647,59.22,Joules,power/energy-pkg/,1000218353,100.00,,
   462.096957146,32.70,Joules,power/energy-ram/,1000207144,100.00,,
   462.096957146,59.73,Joules,power/energy-pkg/,1000207201,100.00,,
   463.097164485,32.70,Joules,power/energy-ram/,1000199929,100.00,,
   463.097164485,56.60,Joules,power/energy-pkg/,1000200324,100.00,,
   464.097370234,23.63,Joules,power/energy-ram/,1000199815,100.00,,
   464.097370234,34.26,Joules,power/energy-pkg/,1000200166,100.00,,
   465.097576346,33.07,Joules,power/energy-ram/,1000197181,100.00,,
   465.097576346,51.42,Joules,power/energy-pkg/,1000195140,100.00,,
   466.097773333,32.83,Joules,power/energy-ram/,1000190269,100.00,,
   466.097773333,52.42,Joules,power/energy-pkg/,1000191649,100.00,,
   467.097982493,29.62,Joules,power/energy-ram/,1000202472,100.00,,
   467.097982493,47.93,Joules,power/energy-pkg/,1000202441,100.00,,
   468.098238170,29.64,Joules,power/energy-ram/,1000247870,100.00,,
   468.098238170,45.56,Joules,power/energy-pkg/,1000248110,100.00,,
   469.098454360,32.14,Joules,power/energy-ram/,1000207864,100.00,,
   469.098454360,60.53,Joules,power/energy-pkg/,1000207860,100.00,,
   470.098671302,33.10,Joules,power/energy-ram/,1000210490,100.00,,
   470.098671302,72.48,Joules,power/energy-pkg/,1000210000,100.00,,
   471.098882415,32.78,Joules,power/energy-ram/,1000202830,100.00,,
   471.098882415,76.65,Joules,power/energy-pkg/,1000203356,100.00,,
   472.099089099,32.68,Joules,power/energy-ram/,1000199760,100.00,,
   472.099089099,63.86,Joules,power/energy-pkg/,1000199464,100.00,,
   473.099298047,32.66,Joules,power/energy-ram/,1000199314,100.00,,
   473.099298047,56.46,Joules,power/energy-pkg/,1000199316,100.00,,
   474.099497575,15.10,Joules,power/energy-ram/,1000195619,100.00,,
   474.099497575,25.92,Joules,power/energy-pkg/,1000196888,100.00,,
   475.099766017,28.78,Joules,power/energy-ram/,1000259042,100.00,,
   475.099766017,43.88,Joules,power/energy-pkg/,1000258556,100.00,,
   476.099982455,31.26,Joules,power/energy-ram/,1000209027,100.00,,
   476.099982455,53.69,Joules,power/energy-pkg/,1000208726,100.00,,
   477.100192178,32.71,Joules,power/energy-ram/,1000201731,100.00,,
   477.100192178,59.09,Joules,power/energy-pkg/,1000201351,100.00,,
   478.100403548,32.71,Joules,power/energy-ram/,1000203867,100.00,,
   478.100403548,59.03,Joules,power/energy-pkg/,1000203718,100.00,,
   479.100612453,32.05,Joules,power/energy-ram/,1000201370,100.00,,
   479.100612453,49.41,Joules,power/energy-pkg/,1000201831,100.00,,
   480.100820467,12.94,Joules,power/energy-ram/,1000201350,100.00,,
   480.100820467,23.79,Joules,power/energy-pkg/,1000201687,100.00,,
   481.101072481,23.24,Joules,power/energy-ram/,1000243442,100.00,,
   481.101072481,33.00,Joules,power/energy-pkg/,1000243417,100.00,,
   482.101323249,28.36,Joules,power/energy-ram/,1000243748,100.00,,
   482.101323249,43.91,Joules,power/energy-pkg/,1000244483,100.00,,
   483.101577136,27.94,Joules,power/energy-ram/,1000246845,100.00,,
   483.101577136,42.94,Joules,power/energy-pkg/,1000245800,100.00,,
   484.101839005,29.49,Joules,power/energy-ram/,1000254122,100.00,,
   484.101839005,45.14,Joules,power/energy-pkg/,1000254568,100.00,,
   485.102070739,31.01,Joules,power/energy-ram/,1000224964,100.00,,
   485.102070739,47.05,Joules,power/energy-pkg/,1000224392,100.00,,
   486.102298750,17.39,Joules,power/energy-ram/,1000220485,100.00,,
   486.102298750,30.53,Joules,power/energy-pkg/,1000221493,100.00,,
   487.102512034,10.12,Joules,power/energy-ram/,1000203809,100.00,,
   487.102512034,20.80,Joules,power/energy-pkg/,1000202525,100.00,,
   488.102742611,22.64,Joules,power/energy-ram/,1000224026,100.00,,
   488.102742611,33.45,Joules,power/energy-pkg/,1000224556,100.00,,
   489.102967683,28.62,Joules,power/energy-ram/,1000217244,100.00,,
   489.102967683,44.78,Joules,power/energy-pkg/,1000217110,100.00,,
   490.103220667,28.60,Joules,power/energy-ram/,1000246306,100.00,,
   490.103220667,44.97,Joules,power/energy-pkg/,1000246294,100.00,,
   491.103462284,30.45,Joules,power/energy-ram/,1000233736,100.00,,
   491.103462284,46.21,Joules,power/energy-pkg/,1000234176,100.00,,
   492.103686455,30.39,Joules,power/energy-ram/,1000216780,100.00,,
   492.103686455,46.23,Joules,power/energy-pkg/,1000216700,100.00,,
   493.103909673,25.00,Joules,power/energy-ram/,1000216214,100.00,,
   493.103909673,39.71,Joules,power/energy-pkg/,1000216446,100.00,,
   494.104123705,10.13,Joules,power/energy-ram/,1000205900,100.00,,
   494.104123705,20.57,Joules,power/energy-pkg/,1000205408,100.00,,
   495.104278611,9.78,Joules,power/energy-ram/,1000146510,100.00,,
   495.104278611,20.66,Joules,power/energy-pkg/,1000145031,100.00,,
   496.104427936,10.21,Joules,power/energy-ram/,1000140386,100.00,,
   496.104427936,20.75,Joules,power/energy-pkg/,1000140975,100.00,,
   497.104663176,9.42,Joules,power/energy-ram/,1000230177,100.00,,
   497.104663176,20.36,Joules,power/energy-pkg/,1000231187,100.00,,
   498.104902848,10.07,Joules,power/energy-ram/,1000230604,100.00,,
   498.104902848,20.78,Joules,power/energy-pkg/,1000229104,100.00,,
   499.105044229,9.56,Joules,power/energy-ram/,1000133389,100.00,,
   499.105044229,20.55,Joules,power/energy-pkg/,1000133687,100.00,,
   500.105290905,8.97,Joules,power/energy-ram/,1000239400,100.00,,
   500.105290905,20.21,Joules,power/energy-pkg/,1000238416,100.00,,
   501.105522397,9.45,Joules,power/energy-ram/,1000223867,100.00,,
   501.105522397,20.50,Joules,power/energy-pkg/,1000224402,100.00,,
   502.105767207,9.70,Joules,power/energy-ram/,1000237887,100.00,,
   502.105767207,20.62,Joules,power/energy-pkg/,1000238460,100.00,,
   503.105992185,8.63,Joules,power/energy-ram/,1000216133,100.00,,
   503.105992185,20.13,Joules,power/energy-pkg/,1000215339,100.00,,
   504.106220673,9.29,Joules,power/energy-ram/,1000221673,100.00,,
   504.106220673,20.41,Joules,power/energy-pkg/,1000221900,100.00,,
   505.106456592,9.46,Joules,power/energy-ram/,1000228525,100.00,,
   505.106456592,20.49,Joules,power/energy-pkg/,1000228582,100.00,,
   506.106674812,9.00,Joules,power/energy-ram/,1000209990,100.00,,
   506.106674812,20.29,Joules,power/energy-pkg/,1000209750,100.00,,
   507.106897897,8.91,Joules,power/energy-ram/,1000216374,100.00,,
   507.106897897,20.41,Joules,power/energy-pkg/,1000216792,100.00,,
   508.107125417,8.91,Joules,power/energy-ram/,1000219215,100.00,,
   508.107125417,20.20,Joules,power/energy-pkg/,1000218985,100.00,,
   509.107348632,9.31,Joules,power/energy-ram/,1000216197,100.00,,
   509.107348632,20.45,Joules,power/energy-pkg/,1000216077,100.00,,
   510.107571038,9.79,Joules,power/energy-ram/,1000215280,100.00,,
   510.107571038,20.65,Joules,power/energy-pkg/,1000215314,100.00,,
   511.107792009,8.60,Joules,power/energy-ram/,1000213064,100.00,,
   511.107792009,20.07,Joules,power/energy-pkg/,1000212656,100.00,,
   512.108018925,9.87,Joules,power/energy-ram/,1000218930,100.00,,
   512.108018925,20.70,Joules,power/energy-pkg/,1000219664,100.00,,
   513.108260809,9.34,Joules,power/energy-ram/,1000235340,100.00,,
   513.108260809,20.49,Joules,power/energy-pkg/,1000235572,100.00,,
   514.108511447,9.12,Joules,power/energy-ram/,1000242126,100.00,,
   514.108511447,20.20,Joules,power/energy-pkg/,1000241722,100.00,,
   515.108708000,9.99,Joules,power/energy-ram/,1000189686,100.00,,
   515.108708000,20.68,Joules,power/energy-pkg/,1000190817,100.00,,
   516.108932577,10.00,Joules,power/energy-ram/,1000217178,100.00,,
   516.108932577,20.84,Joules,power/energy-pkg/,1000216973,100.00,,
   517.109173760,8.96,Joules,power/energy-ram/,1000233190,100.00,,
   517.109173760,20.05,Joules,power/energy-pkg/,1000232046,100.00,,
   518.109403329,9.50,Joules,power/energy-ram/,1000222696,100.00,,
   518.109403329,20.68,Joules,power/energy-pkg/,1000223323,100.00,,
   519.109619312,9.45,Joules,power/energy-ram/,1000207854,100.00,,
   519.109619312,20.49,Joules,power/energy-pkg/,1000207531,100.00,,
   520.109861732,9.47,Joules,power/energy-ram/,1000234916,100.00,,
   520.109861732,20.47,Joules,power/energy-pkg/,1000235047,100.00,,
   521.110074165,8.89,Joules,power/energy-ram/,1000206174,100.00,,
   521.110074165,20.14,Joules,power/energy-pkg/,1000206579,100.00,,
   522.110306344,8.97,Joules,power/energy-ram/,1000223657,100.00,,
   522.110306344,20.31,Joules,power/energy-pkg/,1000222776,100.00,,
