# started on Thu Apr 13 13:55:38 2023

     1.000188986,10.70,Joules,power/energy-ram/,1000178833,100.00,,
     1.000188986,21.45,Joules,power/energy-pkg/,1000178308,100.00,,
     2.000462760,18.59,Joules,power/energy-ram/,1000268895,100.00,,
     2.000462760,28.18,Joules,power/energy-pkg/,1000270714,100.00,,
     3.000741226,14.00,Joules,power/energy-ram/,1000268819,100.00,,
     3.000741226,23.21,Joules,power/energy-pkg/,1000267084,100.00,,
     4.000961167,12.44,Joules,power/energy-ram/,1000212966,100.00,,
     4.000961167,22.13,Joules,power/energy-pkg/,1000214024,100.00,,
     5.001182809,7.93,Joules,power/energy-ram/,1000212206,100.00,,
     5.001182809,19.78,Joules,power/energy-pkg/,1000210796,100.00,,
     6.001382635,8.87,Joules,power/energy-ram/,1000191400,100.00,,
     6.001382635,20.12,Joules,power/energy-pkg/,1000191030,100.00,,
     7.001610604,8.91,Joules,power/energy-ram/,1000220156,100.00,,
     7.001610604,20.22,Joules,power/energy-pkg/,1000220145,100.00,,
     8.001833357,8.81,Joules,power/energy-ram/,1000214535,100.00,,
     8.001833357,19.95,Joules,power/energy-pkg/,1000213727,100.00,,
     9.002065833,9.04,Joules,power/energy-ram/,1000224567,100.00,,
     9.002065833,20.28,Joules,power/energy-pkg/,1000225182,100.00,,
    10.002298340,8.45,Joules,power/energy-ram/,1000225051,100.00,,
    10.002298340,19.84,Joules,power/energy-pkg/,1000224342,100.00,,
    11.002515505,8.77,Joules,power/energy-ram/,1000209680,100.00,,
    11.002515505,20.37,Joules,power/energy-pkg/,1000210171,100.00,,
    12.002733729,9.45,Joules,power/energy-ram/,1000209968,100.00,,
    12.002733729,20.49,Joules,power/energy-pkg/,1000210166,100.00,,
    13.002955895,7.93,Joules,power/energy-ram/,1000214430,100.00,,
    13.002955895,19.71,Joules,power/energy-pkg/,1000213850,100.00,,
    14.003180352,9.50,Joules,power/energy-ram/,1000216580,100.00,,
    14.003180352,20.27,Joules,power/energy-pkg/,1000217300,100.00,,
    15.003417266,8.59,Joules,power/energy-ram/,1000229450,100.00,,
    15.003417266,20.12,Joules,power/energy-pkg/,1000228940,100.00,,
    16.003611743,8.45,Joules,power/energy-ram/,1000186407,100.00,,
    16.003611743,19.76,Joules,power/energy-pkg/,1000186484,100.00,,
    17.003805257,8.56,Joules,power/energy-ram/,1000186353,100.00,,
    17.003805257,20.16,Joules,power/energy-pkg/,1000186330,100.00,,
    18.004026715,9.28,Joules,power/energy-ram/,1000213174,100.00,,
    18.004026715,20.34,Joules,power/energy-pkg/,1000214130,100.00,,
    19.004242689,7.97,Joules,power/energy-ram/,1000208088,100.00,,
    19.004242689,19.73,Joules,power/energy-pkg/,1000207084,100.00,,
    20.004454565,8.69,Joules,power/energy-ram/,1000203932,100.00,,
    20.004454565,20.14,Joules,power/energy-pkg/,1000204314,100.00,,
    21.004649634,8.22,Joules,power/energy-ram/,1000189264,100.00,,
    21.004649634,20.07,Joules,power/energy-pkg/,1000189212,100.00,,
    22.004861813,9.38,Joules,power/energy-ram/,1000202876,100.00,,
    22.004861813,20.25,Joules,power/energy-pkg/,1000202876,100.00,,
    23.005099607,8.97,Joules,power/energy-ram/,1000230119,100.00,,
    23.005099607,20.29,Joules,power/energy-pkg/,1000230214,100.00,,
    24.005326036,8.57,Joules,power/energy-ram/,1000218755,100.00,,
    24.005326036,19.99,Joules,power/energy-pkg/,1000218430,100.00,,
    25.005544943,8.65,Joules,power/energy-ram/,1000210736,100.00,,
    25.005544943,20.07,Joules,power/energy-pkg/,1000210898,100.00,,
    26.005753858,8.81,Joules,power/energy-ram/,1000201427,100.00,,
    26.005753858,20.29,Joules,power/energy-pkg/,1000201802,100.00,,
    27.005972076,9.26,Joules,power/energy-ram/,1000211304,100.00,,
    27.005972076,20.38,Joules,power/energy-pkg/,1000210927,100.00,,
    28.006186292,9.23,Joules,power/energy-ram/,1000205829,100.00,,
    28.006186292,20.30,Joules,power/energy-pkg/,1000207102,100.00,,
    29.006402790,8.64,Joules,power/energy-ram/,1000208635,100.00,,
    29.006402790,20.19,Joules,power/energy-pkg/,1000207346,100.00,,
    30.006645274,8.20,Joules,power/energy-ram/,1000234094,100.00,,
    30.006645274,19.82,Joules,power/energy-pkg/,1000234070,100.00,,
    31.006875431,8.43,Joules,power/energy-ram/,1000222795,100.00,,
    31.006875431,20.17,Joules,power/energy-pkg/,1000222950,100.00,,
    32.007105275,8.77,Joules,power/energy-ram/,1000221816,100.00,,
    32.007105275,20.32,Joules,power/energy-pkg/,1000221885,100.00,,
    33.007321724,7.38,Joules,power/energy-ram/,1000208629,100.00,,
    33.007321724,19.67,Joules,power/energy-pkg/,1000208295,100.00,,
    34.007561935,8.96,Joules,power/energy-ram/,1000232742,100.00,,
    34.007561935,20.24,Joules,power/energy-pkg/,1000232820,100.00,,
    35.007762106,7.73,Joules,power/energy-ram/,1000192544,100.00,,
    35.007762106,19.79,Joules,power/energy-pkg/,1000192360,100.00,,
    36.007988596,9.31,Joules,power/energy-ram/,1000218770,100.00,,
    36.007988596,20.11,Joules,power/energy-pkg/,1000219529,100.00,,
    37.008214525,8.74,Joules,power/energy-ram/,1000218574,100.00,,
    37.008214525,20.15,Joules,power/energy-pkg/,1000217983,100.00,,
    38.008444953,8.41,Joules,power/energy-ram/,1000221722,100.00,,
    38.008444953,20.04,Joules,power/energy-pkg/,1000221772,100.00,,
    39.008668406,8.21,Joules,power/energy-ram/,1000216118,100.00,,
    39.008668406,20.21,Joules,power/energy-pkg/,1000216246,100.00,,
    40.008869679,9.06,Joules,power/energy-ram/,1000193127,100.00,,
    40.008869679,20.30,Joules,power/energy-pkg/,1000193550,100.00,,
    41.009100001,7.59,Joules,power/energy-ram/,1000223049,100.00,,
    41.009100001,19.75,Joules,power/energy-pkg/,1000222360,100.00,,
    42.009318562,9.31,Joules,power/energy-ram/,1000210426,100.00,,
    42.009318562,20.37,Joules,power/energy-pkg/,1000211331,100.00,,
    43.009555140,8.57,Joules,power/energy-ram/,1000228914,100.00,,
    43.009555140,20.13,Joules,power/energy-pkg/,1000228199,100.00,,
    44.009778387,8.06,Joules,power/energy-ram/,1000215366,100.00,,
    44.009778387,19.94,Joules,power/energy-pkg/,1000216306,100.00,,
    45.010002671,7.81,Joules,power/energy-ram/,1000216756,100.00,,
    45.010002671,19.99,Joules,power/energy-pkg/,1000216497,100.00,,
    46.010229315,9.30,Joules,power/energy-ram/,1000218788,100.00,,
    46.010229315,20.28,Joules,power/energy-pkg/,1000218447,100.00,,
    47.010426640,7.72,Joules,power/energy-ram/,1000189525,100.00,,
    47.010426640,19.65,Joules,power/energy-pkg/,1000189570,100.00,,
    48.010665096,8.91,Joules,power/energy-ram/,1000230576,100.00,,
    48.010665096,20.20,Joules,power/energy-pkg/,1000230507,100.00,,
    49.010899522,7.66,Joules,power/energy-ram/,1000226646,100.00,,
    49.010899522,19.67,Joules,power/energy-pkg/,1000226569,100.00,,
    50.011139612,8.94,Joules,power/energy-ram/,1000232094,100.00,,
    50.011139612,20.38,Joules,power/energy-pkg/,1000232391,100.00,,
    51.011370905,8.97,Joules,power/energy-ram/,1000223710,100.00,,
    51.011370905,20.27,Joules,power/energy-pkg/,1000223305,100.00,,
    52.011598362,8.35,Joules,power/energy-ram/,1000219785,100.00,,
    52.011598362,19.72,Joules,power/energy-pkg/,1000219633,100.00,,
    53.011816589,8.46,Joules,power/energy-ram/,1000210425,100.00,,
    53.011816589,20.11,Joules,power/energy-pkg/,1000210668,100.00,,
    54.012031632,8.88,Joules,power/energy-ram/,1000208010,100.00,,
    54.012031632,20.34,Joules,power/energy-pkg/,1000208618,100.00,,
    55.012259791,7.42,Joules,power/energy-ram/,1000219300,100.00,,
    55.012259791,19.64,Joules,power/energy-pkg/,1000218494,100.00,,
    56.012475107,9.27,Joules,power/energy-ram/,1000208132,100.00,,
    56.012475107,20.35,Joules,power/energy-pkg/,1000208500,100.00,,
    57.012623398,8.87,Joules,power/energy-ram/,1000140808,100.00,,
    57.012623398,20.14,Joules,power/energy-pkg/,1000140602,100.00,,
    58.012850023,8.61,Joules,power/energy-ram/,1000218480,100.00,,
    58.012850023,19.78,Joules,power/energy-pkg/,1000218828,100.00,,
    59.013092704,7.77,Joules,power/energy-ram/,1000234692,100.00,,
    59.013092704,19.89,Joules,power/energy-pkg/,1000234468,100.00,,
    60.013317503,9.00,Joules,power/energy-ram/,1000217368,100.00,,
    60.013317503,20.27,Joules,power/energy-pkg/,1000217488,100.00,,
    61.013533352,7.58,Joules,power/energy-ram/,1000208472,100.00,,
    61.013533352,19.74,Joules,power/energy-pkg/,1000208146,100.00,,
    62.013797580,10.07,Joules,power/energy-ram/,1000257974,100.00,,
    62.013797580,20.76,Joules,power/energy-pkg/,1000258874,100.00,,
    63.014000133,8.21,Joules,power/energy-ram/,1000192120,100.00,,
    63.014000133,19.80,Joules,power/energy-pkg/,1000190974,100.00,,
    64.014216011,9.65,Joules,power/energy-ram/,1000208834,100.00,,
    64.014216011,20.29,Joules,power/energy-pkg/,1000209570,100.00,,
    65.014417103,18.29,Joules,power/energy-ram/,1000196491,100.00,,
    65.014417103,25.73,Joules,power/energy-pkg/,1000198758,100.00,,
    66.014630085,19.75,Joules,power/energy-ram/,1000204160,100.00,,
    66.014630085,25.47,Joules,power/energy-pkg/,1000203793,100.00,,
    67.014878161,20.11,Joules,power/energy-ram/,1000240566,100.00,,
    67.014878161,25.69,Joules,power/energy-pkg/,1000240375,100.00,,
    68.015088949,18.64,Joules,power/energy-ram/,1000202703,100.00,,
    68.015088949,24.71,Joules,power/energy-pkg/,1000201560,100.00,,
    69.015312324,18.80,Joules,power/energy-ram/,1000216060,100.00,,
    69.015312324,25.75,Joules,power/energy-pkg/,1000217430,100.00,,
    70.015523277,30.19,Joules,power/energy-ram/,1000202540,100.00,,
    70.015523277,50.98,Joules,power/energy-pkg/,1000201277,100.00,,
    71.015671026,30.76,Joules,power/energy-ram/,1000139970,100.00,,
    71.015671026,60.58,Joules,power/energy-pkg/,1000139376,100.00,,
    72.015878058,32.77,Joules,power/energy-ram/,1000198512,100.00,,
    72.015878058,72.14,Joules,power/energy-pkg/,1000198171,100.00,,
    73.016023505,32.75,Joules,power/energy-ram/,1000138519,100.00,,
    73.016023505,84.66,Joules,power/energy-pkg/,1000138747,100.00,,
    74.016220182,33.04,Joules,power/energy-ram/,1000188549,100.00,,
    74.016220182,86.99,Joules,power/energy-pkg/,1000189430,100.00,,
    75.016357911,33.34,Joules,power/energy-ram/,1000129608,100.00,,
    75.016357911,86.38,Joules,power/energy-pkg/,1000128407,100.00,,
    76.016504167,33.02,Joules,power/energy-ram/,1000139533,100.00,,
    76.016504167,97.94,Joules,power/energy-pkg/,1000140303,100.00,,
    77.016657297,33.58,Joules,power/energy-ram/,1000145512,100.00,,
    77.016657297,101.18,Joules,power/energy-pkg/,1000145322,100.00,,
    78.016807848,34.03,Joules,power/energy-ram/,1000141518,100.00,,
    78.016807848,112.93,Joules,power/energy-pkg/,1000140359,100.00,,
    79.016941395,34.66,Joules,power/energy-ram/,1000127022,100.00,,
    79.016941395,116.07,Joules,power/energy-pkg/,1000126831,100.00,,
    80.017078927,35.38,Joules,power/energy-ram/,1000128590,100.00,,
    80.017078927,121.76,Joules,power/energy-pkg/,1000130180,100.00,,
    81.017226574,35.66,Joules,power/energy-ram/,1000138892,100.00,,
    81.017226574,125.45,Joules,power/energy-pkg/,1000134966,100.00,,
    82.017341947,35.66,Joules,power/energy-ram/,1000109778,100.00,,
    82.017341947,133.34,Joules,power/energy-pkg/,1000115272,100.00,,
    83.017550038,34.69,Joules,power/energy-ram/,1000200249,100.00,,
    83.017550038,127.87,Joules,power/energy-pkg/,1000199026,100.00,,
    84.017773728,34.03,Joules,power/energy-ram/,1000215231,100.00,,
    84.017773728,117.82,Joules,power/energy-pkg/,1000215530,100.00,,
    85.017930925,34.26,Joules,power/energy-ram/,1000149802,100.00,,
    85.017930925,106.34,Joules,power/energy-pkg/,1000148315,100.00,,
    86.018086677,35.76,Joules,power/energy-ram/,1000148482,100.00,,
    86.018086677,112.12,Joules,power/energy-pkg/,1000149953,100.00,,
    87.018296432,35.81,Joules,power/energy-ram/,1000201984,100.00,,
    87.018296432,117.45,Joules,power/energy-pkg/,1000201666,100.00,,
    88.018492480,36.78,Joules,power/energy-ram/,1000185440,100.00,,
    88.018492480,119.63,Joules,power/energy-pkg/,1000182181,100.00,,
    89.018647080,38.37,Joules,power/energy-ram/,1000147198,100.00,,
    89.018647080,127.01,Joules,power/energy-pkg/,1000147846,100.00,,
    90.018788908,39.22,Joules,power/energy-ram/,1000136572,100.00,,
    90.018788908,124.94,Joules,power/energy-pkg/,1000138949,100.00,,
    91.019015898,38.41,Joules,power/energy-ram/,1000218986,100.00,,
    91.019015898,118.90,Joules,power/energy-pkg/,1000218900,100.00,,
    92.019260968,38.31,Joules,power/energy-ram/,1000236874,100.00,,
    92.019260968,121.44,Joules,power/energy-pkg/,1000237067,100.00,,
    93.019470349,36.97,Joules,power/energy-ram/,1000201762,100.00,,
    93.019470349,125.43,Joules,power/energy-pkg/,1000201648,100.00,,
    94.019672085,35.96,Joules,power/energy-ram/,1000194179,100.00,,
    94.019672085,130.11,Joules,power/energy-pkg/,1000194300,100.00,,
    95.019822998,36.63,Joules,power/energy-ram/,1000141960,100.00,,
    95.019822998,125.89,Joules,power/energy-pkg/,1000140647,100.00,,
    96.020029204,36.21,Joules,power/energy-ram/,1000199057,100.00,,
    96.020029204,127.85,Joules,power/energy-pkg/,1000198387,100.00,,
    97.020238565,36.81,Joules,power/energy-ram/,1000202525,100.00,,
    97.020238565,124.10,Joules,power/energy-pkg/,1000204942,100.00,,
    98.020473042,35.91,Joules,power/energy-ram/,1000224583,100.00,,
    98.020473042,121.58,Joules,power/energy-pkg/,1000221688,100.00,,
    99.020612705,35.89,Joules,power/energy-ram/,1000133891,100.00,,
    99.020612705,123.98,Joules,power/energy-pkg/,1000136150,100.00,,
   100.020818012,34.85,Joules,power/energy-ram/,1000197253,100.00,,
   100.020818012,111.13,Joules,power/energy-pkg/,1000197702,100.00,,
   101.021039575,34.06,Joules,power/energy-ram/,1000212176,100.00,,
   101.021039575,108.80,Joules,power/energy-pkg/,1000210053,100.00,,
   102.021187514,35.66,Joules,power/energy-ram/,1000142815,100.00,,
   102.021187514,115.52,Joules,power/energy-pkg/,1000145211,100.00,,
   103.021425260,37.56,Joules,power/energy-ram/,1000234780,100.00,,
   103.021425260,123.67,Joules,power/energy-pkg/,1000234704,100.00,,
   104.021642003,37.62,Joules,power/energy-ram/,1000203626,100.00,,
   104.021642003,129.78,Joules,power/energy-pkg/,1000203018,100.00,,
   105.021799722,38.59,Joules,power/energy-ram/,1000148238,100.00,,
   105.021799722,131.13,Joules,power/energy-pkg/,1000146070,100.00,,
   106.022000107,38.95,Joules,power/energy-ram/,1000195452,100.00,,
   106.022000107,131.45,Joules,power/energy-pkg/,1000198050,100.00,,
   107.022218070,37.41,Joules,power/energy-ram/,1000208878,100.00,,
   107.022218070,124.94,Joules,power/energy-pkg/,1000207570,100.00,,
   108.022408618,36.11,Joules,power/energy-ram/,1000180875,100.00,,
   108.022408618,121.21,Joules,power/energy-pkg/,1000178808,100.00,,
   109.022599298,35.30,Joules,power/energy-ram/,1000183782,100.00,,
   109.022599298,115.66,Joules,power/energy-pkg/,1000186650,100.00,,
   110.022797255,35.29,Joules,power/energy-ram/,1000190639,100.00,,
   110.022797255,115.85,Joules,power/energy-pkg/,1000190887,100.00,,
   111.023003962,34.01,Joules,power/energy-ram/,1000199834,100.00,,
   111.023003962,116.26,Joules,power/energy-pkg/,1000200118,100.00,,
   112.023218511,34.02,Joules,power/energy-ram/,1000206129,100.00,,
   112.023218511,113.24,Joules,power/energy-pkg/,1000205375,100.00,,
   113.023414042,36.45,Joules,power/energy-ram/,1000185470,100.00,,
   113.023414042,125.13,Joules,power/energy-pkg/,1000183161,100.00,,
   114.023603616,37.91,Joules,power/energy-ram/,1000184232,100.00,,
   114.023603616,122.41,Joules,power/energy-pkg/,1000187130,100.00,,
   115.023823156,37.98,Joules,power/energy-ram/,1000211766,100.00,,
   115.023823156,124.46,Joules,power/energy-pkg/,1000211423,100.00,,
   116.024044902,38.99,Joules,power/energy-ram/,1000215296,100.00,,
   116.024044902,121.18,Joules,power/energy-pkg/,1000215480,100.00,,
   117.024252337,39.06,Joules,power/energy-ram/,1000196908,100.00,,
   117.024252337,116.59,Joules,power/energy-pkg/,1000194931,100.00,,
   118.024387510,37.16,Joules,power/energy-ram/,1000125303,100.00,,
   118.024387510,115.43,Joules,power/energy-pkg/,1000123090,100.00,,
   119.024508981,36.91,Joules,power/energy-ram/,1000117677,100.00,,
   119.024508981,119.86,Joules,power/energy-pkg/,1000122196,100.00,,
   120.024663622,37.22,Joules,power/energy-ram/,1000144778,100.00,,
   120.024663622,125.52,Joules,power/energy-pkg/,1000141120,100.00,,
   121.024796190,36.66,Joules,power/energy-ram/,1000125177,100.00,,
   121.024796190,122.82,Joules,power/energy-pkg/,1000127151,100.00,,
   122.025035044,37.26,Joules,power/energy-ram/,1000230322,100.00,,
   122.025035044,117.83,Joules,power/energy-pkg/,1000228593,100.00,,
   123.025230230,37.96,Joules,power/energy-ram/,1000189048,100.00,,
   123.025230230,115.85,Joules,power/energy-pkg/,1000191830,100.00,,
   124.025441251,36.62,Joules,power/energy-ram/,1000212146,100.00,,
   124.025441251,112.55,Joules,power/energy-pkg/,1000208259,100.00,,
   125.025570084,36.34,Joules,power/energy-ram/,1000110155,100.00,,
   125.025570084,110.41,Joules,power/energy-pkg/,1000111768,100.00,,
   126.025760365,36.63,Joules,power/energy-ram/,1000184420,100.00,,
   126.025760365,111.01,Joules,power/energy-pkg/,1000187110,100.00,,
   127.025911256,36.81,Joules,power/energy-ram/,1000140837,100.00,,
   127.025911256,111.01,Joules,power/energy-pkg/,1000137117,100.00,,
   128.026085802,36.48,Joules,power/energy-ram/,1000169013,100.00,,
   128.026085802,110.46,Joules,power/energy-pkg/,1000172326,100.00,,
   129.026305505,36.56,Joules,power/energy-ram/,1000212590,100.00,,
   129.026305505,114.59,Joules,power/energy-pkg/,1000213288,100.00,,
   130.026460390,37.02,Joules,power/energy-ram/,1000147374,100.00,,
   130.026460390,113.17,Joules,power/energy-pkg/,1000147178,100.00,,
   131.026676719,37.94,Joules,power/energy-ram/,1000206511,100.00,,
   131.026676719,111.00,Joules,power/energy-pkg/,1000203304,100.00,,
   132.026842060,38.30,Joules,power/energy-ram/,1000156985,100.00,,
   132.026842060,111.27,Joules,power/energy-pkg/,1000157073,100.00,,
   133.027029080,38.55,Joules,power/energy-ram/,1000181464,100.00,,
   133.027029080,110.93,Joules,power/energy-pkg/,1000184565,100.00,,
   134.027247715,38.62,Joules,power/energy-ram/,1000212222,100.00,,
   134.027247715,114.05,Joules,power/energy-pkg/,1000211988,100.00,,
   135.027463048,37.81,Joules,power/energy-ram/,1000206920,100.00,,
   135.027463048,117.62,Joules,power/energy-pkg/,1000207207,100.00,,
   136.027615977,36.16,Joules,power/energy-ram/,1000142554,100.00,,
   136.027615977,120.49,Joules,power/energy-pkg/,1000138348,100.00,,
   137.027743014,35.47,Joules,power/energy-ram/,1000119877,100.00,,
   137.027743014,121.63,Joules,power/energy-pkg/,1000121671,100.00,,
   138.027929871,36.93,Joules,power/energy-ram/,1000178867,100.00,,
   138.027929871,128.13,Joules,power/energy-pkg/,1000178790,100.00,,
   139.028145636,36.83,Joules,power/energy-ram/,1000209893,100.00,,
   139.028145636,127.61,Joules,power/energy-pkg/,1000212418,100.00,,
   140.028312278,36.57,Joules,power/energy-ram/,1000159084,100.00,,
   140.028312278,128.08,Joules,power/energy-pkg/,1000159142,100.00,,
   141.028474998,36.67,Joules,power/energy-ram/,1000154174,100.00,,
   141.028474998,120.67,Joules,power/energy-pkg/,1000153308,100.00,,
   142.028694417,35.60,Joules,power/energy-ram/,1000212082,100.00,,
   142.028694417,123.76,Joules,power/energy-pkg/,1000212651,100.00,,
   143.028903477,35.11,Joules,power/energy-ram/,1000199978,100.00,,
   143.028903477,130.77,Joules,power/energy-pkg/,1000199010,100.00,,
   144.029124238,36.25,Joules,power/energy-ram/,1000214516,100.00,,
   144.029124238,122.42,Joules,power/energy-pkg/,1000215858,100.00,,
   145.029336933,37.17,Joules,power/energy-ram/,1000203961,100.00,,
   145.029336933,121.97,Joules,power/energy-pkg/,1000202216,100.00,,
   146.029491197,38.15,Joules,power/energy-ram/,1000145661,100.00,,
   146.029491197,124.91,Joules,power/energy-pkg/,1000145172,100.00,,
   147.029682724,38.69,Joules,power/energy-ram/,1000182506,100.00,,
   147.029682724,121.79,Joules,power/energy-pkg/,1000181032,100.00,,
   148.029866890,38.18,Joules,power/energy-ram/,1000178893,100.00,,
   148.029866890,125.33,Joules,power/energy-pkg/,1000182048,100.00,,
   149.030083214,37.60,Joules,power/energy-ram/,1000209039,100.00,,
   149.030083214,127.44,Joules,power/energy-pkg/,1000209254,100.00,,
   150.030300729,36.01,Joules,power/energy-ram/,1000209983,100.00,,
   150.030300729,118.14,Joules,power/energy-pkg/,1000209882,100.00,,
   151.030507866,35.47,Joules,power/energy-ram/,1000198085,100.00,,
   151.030507866,104.96,Joules,power/energy-pkg/,1000197579,100.00,,
   152.030740923,36.73,Joules,power/energy-ram/,1000225662,100.00,,
   152.030740923,109.68,Joules,power/energy-pkg/,1000226169,100.00,,
   153.030892956,36.96,Joules,power/energy-ram/,1000145362,100.00,,
   153.030892956,113.62,Joules,power/energy-pkg/,1000146089,100.00,,
   154.031113182,36.35,Joules,power/energy-ram/,1000210376,100.00,,
   154.031113182,115.81,Joules,power/energy-pkg/,1000208300,100.00,,
   155.031314894,38.26,Joules,power/energy-ram/,1000195293,100.00,,
   155.031314894,107.97,Joules,power/energy-pkg/,1000196467,100.00,,
   156.031499922,38.78,Joules,power/energy-ram/,1000175497,100.00,,
   156.031499922,113.13,Joules,power/energy-pkg/,1000172841,100.00,,
   157.031699956,39.36,Joules,power/energy-ram/,1000194194,100.00,,
   157.031699956,120.85,Joules,power/energy-pkg/,1000196723,100.00,,
   158.031896861,38.69,Joules,power/energy-ram/,1000187587,100.00,,
   158.031896861,117.28,Joules,power/energy-pkg/,1000186582,100.00,,
   159.032098720,37.67,Joules,power/energy-ram/,1000195212,100.00,,
   159.032098720,114.76,Joules,power/energy-pkg/,1000196765,100.00,,
   160.032318127,37.15,Joules,power/energy-ram/,1000211415,100.00,,
   160.032318127,118.07,Joules,power/energy-pkg/,1000210228,100.00,,
   161.032525623,35.30,Joules,power/energy-ram/,1000198655,100.00,,
   161.032525623,124.44,Joules,power/energy-pkg/,1000198302,100.00,,
   162.032722364,34.75,Joules,power/energy-ram/,1000189539,100.00,,
   162.032722364,118.48,Joules,power/energy-pkg/,1000189980,100.00,,
   163.032867394,36.00,Joules,power/energy-ram/,1000135397,100.00,,
   163.032867394,118.96,Joules,power/energy-pkg/,1000132177,100.00,,
   164.032983181,38.19,Joules,power/energy-ram/,1000108508,100.00,,
   164.032983181,110.98,Joules,power/energy-pkg/,1000110102,100.00,,
   165.033165671,37.60,Joules,power/energy-ram/,1000174074,100.00,,
   165.033165671,116.62,Joules,power/energy-pkg/,1000173082,100.00,,
   166.033292667,38.42,Joules,power/energy-ram/,1000120068,100.00,,
   166.033292667,120.15,Joules,power/energy-pkg/,1000121801,100.00,,
   167.033502260,39.22,Joules,power/energy-ram/,1000203581,100.00,,
   167.033502260,120.46,Joules,power/energy-pkg/,1000204851,100.00,,
   168.033698976,38.98,Joules,power/energy-ram/,1000188092,100.00,,
   168.033698976,120.51,Joules,power/energy-pkg/,1000186193,100.00,,
   169.033879248,39.17,Joules,power/energy-ram/,1000170997,100.00,,
   169.033879248,126.92,Joules,power/energy-pkg/,1000170046,100.00,,
   170.034060872,38.28,Joules,power/energy-ram/,1000176336,100.00,,
   170.034060872,126.67,Joules,power/energy-pkg/,1000179812,100.00,,
   171.034254892,36.79,Joules,power/energy-ram/,1000184203,100.00,,
   171.034254892,125.40,Joules,power/energy-pkg/,1000181978,100.00,,
   172.034438929,36.12,Joules,power/energy-ram/,1000177697,100.00,,
   172.034438929,127.41,Joules,power/energy-pkg/,1000179498,100.00,,
   173.034636822,36.41,Joules,power/energy-ram/,1000188722,100.00,,
   173.034636822,130.81,Joules,power/energy-pkg/,1000186384,100.00,,
   174.034784462,35.52,Joules,power/energy-ram/,1000141258,100.00,,
   174.034784462,119.01,Joules,power/energy-pkg/,1000143887,100.00,,
   175.034946864,35.77,Joules,power/energy-ram/,1000155186,100.00,,
   175.034946864,117.51,Joules,power/energy-pkg/,1000154346,100.00,,
   176.035148617,36.64,Joules,power/energy-ram/,1000193832,100.00,,
   176.035148617,122.12,Joules,power/energy-pkg/,1000194493,100.00,,
   177.035362506,34.69,Joules,power/energy-ram/,1000205953,100.00,,
   177.035362506,114.46,Joules,power/energy-pkg/,1000206501,100.00,,
   178.035525413,34.63,Joules,power/energy-ram/,1000153612,100.00,,
   178.035525413,109.30,Joules,power/energy-pkg/,1000150833,100.00,,
   179.035671143,35.64,Joules,power/energy-ram/,1000140239,100.00,,
   179.035671143,117.01,Joules,power/energy-pkg/,1000142251,100.00,,
   180.035887691,34.96,Joules,power/energy-ram/,1000208247,100.00,,
   180.035887691,108.85,Joules,power/energy-pkg/,1000208378,100.00,,
   181.036095742,35.86,Joules,power/energy-ram/,1000198880,100.00,,
   181.036095742,101.94,Joules,power/energy-pkg/,1000197270,100.00,,
   182.036316595,37.64,Joules,power/energy-ram/,1000214410,100.00,,
   182.036316595,104.95,Joules,power/energy-pkg/,1000216618,100.00,,
   183.036478664,37.05,Joules,power/energy-ram/,1000155510,100.00,,
   183.036478664,98.91,Joules,power/energy-pkg/,1000155320,100.00,,
   184.036687609,37.36,Joules,power/energy-ram/,1000199357,100.00,,
   184.036687609,109.27,Joules,power/energy-pkg/,1000198869,100.00,,
   185.036834216,37.00,Joules,power/energy-ram/,1000137603,100.00,,
   185.036834216,111.83,Joules,power/energy-pkg/,1000135126,100.00,,
   186.036978839,35.36,Joules,power/energy-ram/,1000137209,100.00,,
   186.036978839,100.59,Joules,power/energy-pkg/,1000138507,100.00,,
   187.037181413,34.05,Joules,power/energy-ram/,1000196617,100.00,,
   187.037181413,94.60,Joules,power/energy-pkg/,1000198484,100.00,,
   188.037340018,34.21,Joules,power/energy-ram/,1000150564,100.00,,
   188.037340018,98.70,Joules,power/energy-pkg/,1000150060,100.00,,
   189.037494916,34.65,Joules,power/energy-ram/,1000145528,100.00,,
   189.037494916,109.79,Joules,power/energy-pkg/,1000144430,100.00,,
   190.037693553,35.60,Joules,power/energy-ram/,1000193692,100.00,,
   190.037693553,115.47,Joules,power/energy-pkg/,1000195238,100.00,,
   191.037902618,35.54,Joules,power/energy-ram/,1000199564,100.00,,
   191.037902618,104.36,Joules,power/energy-pkg/,1000199096,100.00,,
   192.038062782,35.78,Joules,power/energy-ram/,1000152891,100.00,,
   192.038062782,117.18,Joules,power/energy-pkg/,1000151340,100.00,,
   193.038275231,37.94,Joules,power/energy-ram/,1000205475,100.00,,
   193.038275231,115.11,Joules,power/energy-pkg/,1000207103,100.00,,
   194.038489939,37.48,Joules,power/energy-ram/,1000206166,100.00,,
   194.038489939,116.17,Joules,power/energy-pkg/,1000206687,100.00,,
   195.038702108,36.45,Joules,power/energy-ram/,1000203388,100.00,,
   195.038702108,105.65,Joules,power/energy-pkg/,1000202536,100.00,,
   196.038909571,36.31,Joules,power/energy-ram/,1000200896,100.00,,
   196.038909571,101.10,Joules,power/energy-pkg/,1000201035,100.00,,
   197.039134458,35.58,Joules,power/energy-ram/,1000216755,100.00,,
   197.039134458,99.80,Joules,power/energy-pkg/,1000217406,100.00,,
   198.039346590,33.88,Joules,power/energy-ram/,1000204531,100.00,,
   198.039346590,92.17,Joules,power/energy-pkg/,1000204323,100.00,,
   199.039558257,34.54,Joules,power/energy-ram/,1000202954,100.00,,
   199.039558257,98.48,Joules,power/energy-pkg/,1000203230,100.00,,
   200.039767378,32.69,Joules,power/energy-ram/,1000200791,100.00,,
   200.039767378,87.85,Joules,power/energy-pkg/,1000200374,100.00,,
   201.039980422,33.05,Joules,power/energy-ram/,1000205630,100.00,,
   201.039980422,100.86,Joules,power/energy-pkg/,1000205700,100.00,,
   202.040208167,32.72,Joules,power/energy-ram/,1000220960,100.00,,
   202.040208167,96.35,Joules,power/energy-pkg/,1000221297,100.00,,
   203.040443328,33.80,Joules,power/energy-ram/,1000226622,100.00,,
   203.040443328,105.10,Joules,power/energy-pkg/,1000226645,100.00,,
   204.040638516,33.86,Joules,power/energy-ram/,1000185521,100.00,,
   204.040638516,119.59,Joules,power/energy-pkg/,1000182085,100.00,,
   205.040773716,35.69,Joules,power/energy-ram/,1000130349,100.00,,
   205.040773716,121.02,Joules,power/energy-pkg/,1000133059,100.00,,
   206.040969125,36.92,Joules,power/energy-ram/,1000184517,100.00,,
   206.040969125,122.70,Joules,power/energy-pkg/,1000192486,100.00,,
   207.041102596,38.31,Joules,power/energy-ram/,1000126514,100.00,,
   207.041102596,120.60,Joules,power/energy-pkg/,1000116045,100.00,,
   208.041287853,38.48,Joules,power/energy-ram/,1000188372,100.00,,
   208.041287853,120.12,Joules,power/energy-pkg/,1000187685,100.00,,
   209.041427798,37.26,Joules,power/energy-ram/,1000123355,100.00,,
   209.041427798,108.12,Joules,power/energy-pkg/,1000126955,100.00,,
   210.041588194,35.28,Joules,power/energy-ram/,1000153402,100.00,,
   210.041588194,108.43,Joules,power/energy-pkg/,1000154060,100.00,,
   211.041785167,36.35,Joules,power/energy-ram/,1000189140,100.00,,
   211.041785167,113.57,Joules,power/energy-pkg/,1000188711,100.00,,
   212.042028361,35.11,Joules,power/energy-ram/,1000233868,100.00,,
   212.042028361,119.20,Joules,power/energy-pkg/,1000233373,100.00,,
   213.042222346,35.58,Joules,power/energy-ram/,1000185680,100.00,,
   213.042222346,117.71,Joules,power/energy-pkg/,1000185290,100.00,,
   214.042371733,37.29,Joules,power/energy-ram/,1000139478,100.00,,
   214.042371733,129.50,Joules,power/energy-pkg/,1000136402,100.00,,
   215.042537445,37.38,Joules,power/energy-ram/,1000159817,100.00,,
   215.042537445,128.78,Joules,power/energy-pkg/,1000160387,100.00,,
   216.042716709,38.11,Joules,power/energy-ram/,1000170965,100.00,,
   216.042716709,131.13,Joules,power/energy-pkg/,1000171151,100.00,,
   217.042886381,37.03,Joules,power/energy-ram/,1000162777,100.00,,
   217.042886381,132.72,Joules,power/energy-pkg/,1000162044,100.00,,
   218.043011771,36.73,Joules,power/energy-ram/,1000118645,100.00,,
   218.043011771,127.03,Joules,power/energy-pkg/,1000122157,100.00,,
   219.043227786,34.63,Joules,power/energy-ram/,1000209289,100.00,,
   219.043227786,119.42,Joules,power/energy-pkg/,1000209511,100.00,,
   220.043438818,33.57,Joules,power/energy-ram/,1000202031,100.00,,
   220.043438818,122.06,Joules,power/energy-pkg/,1000201358,100.00,,
   221.043645648,34.15,Joules,power/energy-ram/,1000197200,100.00,,
   221.043645648,120.05,Joules,power/energy-pkg/,1000194794,100.00,,
   222.043838067,34.47,Joules,power/energy-ram/,1000188453,100.00,,
   222.043838067,120.77,Joules,power/energy-pkg/,1000192266,100.00,,
   223.044051783,34.93,Joules,power/energy-ram/,1000205080,100.00,,
   223.044051783,119.38,Joules,power/energy-pkg/,1000204771,100.00,,
   224.044288715,36.05,Joules,power/energy-ram/,1000227655,100.00,,
   224.044288715,117.74,Joules,power/energy-pkg/,1000226786,100.00,,
   225.044523661,36.14,Joules,power/energy-ram/,1000228345,100.00,,
   225.044523661,105.10,Joules,power/energy-pkg/,1000228562,100.00,,
   226.044742550,35.80,Joules,power/energy-ram/,1000210886,100.00,,
   226.044742550,111.11,Joules,power/energy-pkg/,1000210882,100.00,,
   227.044961410,34.89,Joules,power/energy-ram/,1000210540,100.00,,
   227.044961410,121.97,Joules,power/energy-pkg/,1000210725,100.00,,
   228.045118260,35.15,Joules,power/energy-ram/,1000149507,100.00,,
   228.045118260,115.39,Joules,power/energy-pkg/,1000147511,100.00,,
   229.045267773,36.45,Joules,power/energy-ram/,1000140829,100.00,,
   229.045267773,99.81,Joules,power/energy-pkg/,1000141026,100.00,,
   230.045466820,36.69,Joules,power/energy-ram/,1000191731,100.00,,
   230.045466820,87.98,Joules,power/energy-pkg/,1000192399,100.00,,
   231.045681085,38.56,Joules,power/energy-ram/,1000207183,100.00,,
   231.045681085,101.36,Joules,power/energy-pkg/,1000208581,100.00,,
   232.075662934,39.17,Joules,power/energy-ram/,1029972417,100.00,,
   232.075662934,120.32,Joules,power/energy-pkg/,1029970609,100.00,,
   233.075870320,36.14,Joules,power/energy-ram/,1000201185,100.00,,
   233.075870320,118.94,Joules,power/energy-pkg/,1000202765,100.00,,
   234.076082374,34.55,Joules,power/energy-ram/,1000201475,100.00,,
   234.076082374,106.42,Joules,power/energy-pkg/,1000198110,100.00,,
   235.076268649,34.83,Joules,power/energy-ram/,1000193215,100.00,,
   235.076268649,107.37,Joules,power/energy-pkg/,1000196454,100.00,,
   236.076439237,35.46,Joules,power/energy-ram/,1000147954,100.00,,
   236.076439237,113.04,Joules,power/energy-pkg/,1000144671,100.00,,
   237.076562270,34.96,Joules,power/energy-ram/,1000116105,100.00,,
   237.076562270,113.86,Joules,power/energy-pkg/,1000116067,100.00,,
   238.076693913,35.22,Joules,power/energy-ram/,1000126199,100.00,,
   238.076693913,124.06,Joules,power/energy-pkg/,1000129868,100.00,,
   239.076856660,35.57,Joules,power/energy-ram/,1000155010,100.00,,
   239.076856660,115.93,Joules,power/energy-pkg/,1000154354,100.00,,
   240.077068672,36.63,Joules,power/energy-ram/,1000202842,100.00,,
   240.077068672,108.19,Joules,power/energy-pkg/,1000202272,100.00,,
   241.077243160,37.69,Joules,power/energy-ram/,1000168821,100.00,,
   241.077243160,106.03,Joules,power/energy-pkg/,1000169681,100.00,,
   242.077412654,36.48,Joules,power/energy-ram/,1000160429,100.00,,
   242.077412654,96.93,Joules,power/energy-pkg/,1000160513,100.00,,
   243.077624828,36.68,Joules,power/energy-ram/,1000205679,100.00,,
   243.077624828,99.95,Joules,power/energy-pkg/,1000205625,100.00,,
   244.077837158,36.01,Joules,power/energy-ram/,1000202075,100.00,,
   244.077837158,108.82,Joules,power/energy-pkg/,1000200721,100.00,,
   245.078036607,37.04,Joules,power/energy-ram/,1000193005,100.00,,
   245.078036607,107.24,Joules,power/energy-pkg/,1000195114,100.00,,
   246.078250808,37.37,Joules,power/energy-ram/,1000206183,100.00,,
   246.078250808,107.70,Joules,power/energy-pkg/,1000206054,100.00,,
   247.078465146,37.67,Joules,power/energy-ram/,1000205081,100.00,,
   247.078465146,115.38,Joules,power/energy-pkg/,1000202902,100.00,,
   248.078644343,39.34,Joules,power/energy-ram/,1000171646,100.00,,
   248.078644343,122.75,Joules,power/energy-pkg/,1000171477,100.00,,
   249.078823615,37.46,Joules,power/energy-ram/,1000179975,100.00,,
   249.078823615,125.43,Joules,power/energy-pkg/,1000178606,100.00,,
   250.079036321,37.52,Joules,power/energy-ram/,1000198247,100.00,,
   250.079036321,123.72,Joules,power/energy-pkg/,1000201741,100.00,,
   251.079253976,36.61,Joules,power/energy-ram/,1000208840,100.00,,
   251.079253976,125.60,Joules,power/energy-pkg/,1000208547,100.00,,
   252.079471291,35.46,Joules,power/energy-ram/,1000209344,100.00,,
   252.079471291,107.36,Joules,power/energy-pkg/,1000208458,100.00,,
   253.079684372,33.93,Joules,power/energy-ram/,1000205800,100.00,,
   253.079684372,90.47,Joules,power/energy-pkg/,1000206420,100.00,,
   254.079896170,34.01,Joules,power/energy-ram/,1000205100,100.00,,
   254.079896170,90.63,Joules,power/energy-pkg/,1000205022,100.00,,
   255.080100611,35.01,Joules,power/energy-ram/,1000195456,100.00,,
   255.080100611,94.00,Joules,power/energy-pkg/,1000194986,100.00,,
   256.080304875,35.12,Joules,power/energy-ram/,1000195046,100.00,,
   256.080304875,101.33,Joules,power/energy-pkg/,1000194123,100.00,,
   257.080446197,36.32,Joules,power/energy-ram/,1000136918,100.00,,
   257.080446197,112.14,Joules,power/energy-pkg/,1000138267,100.00,,
   258.080598338,36.58,Joules,power/energy-ram/,1000141295,100.00,,
   258.080598338,122.36,Joules,power/energy-pkg/,1000138023,100.00,,
   259.080783670,36.78,Joules,power/energy-ram/,1000179078,100.00,,
   259.080783670,112.39,Joules,power/energy-pkg/,1000181662,100.00,,
   260.080932571,37.80,Joules,power/energy-ram/,1000141047,100.00,,
   260.080932571,109.03,Joules,power/energy-pkg/,1000141974,100.00,,
   261.081086313,36.31,Joules,power/energy-ram/,1000145470,100.00,,
   261.081086313,113.66,Joules,power/energy-pkg/,1000144332,100.00,,
   262.081279764,37.07,Joules,power/energy-ram/,1000184569,100.00,,
   262.081279764,113.54,Joules,power/energy-pkg/,1000183896,100.00,,
   263.081427603,35.35,Joules,power/energy-ram/,1000142511,100.00,,
   263.081427603,105.40,Joules,power/energy-pkg/,1000144283,100.00,,
   264.081641648,35.30,Joules,power/energy-ram/,1000205065,100.00,,
   264.081641648,102.95,Joules,power/energy-pkg/,1000205464,100.00,,
   265.081856202,36.19,Joules,power/energy-ram/,1000207330,100.00,,
   265.081856202,109.59,Joules,power/energy-pkg/,1000206584,100.00,,
   266.082061981,35.34,Joules,power/energy-ram/,1000196393,100.00,,
   266.082061981,109.48,Joules,power/energy-pkg/,1000195759,100.00,,
   267.082261040,35.72,Joules,power/energy-ram/,1000191607,100.00,,
   267.082261040,114.93,Joules,power/energy-pkg/,1000190924,100.00,,
   268.082441778,36.88,Joules,power/energy-ram/,1000172263,100.00,,
   268.082441778,127.49,Joules,power/energy-pkg/,1000171711,100.00,,
   269.082621864,37.01,Joules,power/energy-ram/,1000171681,100.00,,
   269.082621864,123.39,Joules,power/energy-pkg/,1000170801,100.00,,
   270.082790568,35.83,Joules,power/energy-ram/,1000161264,100.00,,
   270.082790568,115.45,Joules,power/energy-pkg/,1000161800,100.00,,
   271.082993019,36.39,Joules,power/energy-ram/,1000196058,100.00,,
   271.082993019,111.14,Joules,power/energy-pkg/,1000199138,100.00,,
   272.083212001,34.26,Joules,power/energy-ram/,1000211944,100.00,,
   272.083212001,96.64,Joules,power/energy-pkg/,1000212032,100.00,,
   273.083424992,33.80,Joules,power/energy-ram/,1000205196,100.00,,
   273.083424992,83.69,Joules,power/energy-pkg/,1000204566,100.00,,
   274.083634610,33.92,Joules,power/energy-ram/,1000202094,100.00,,
   274.083634610,71.91,Joules,power/energy-pkg/,1000201689,100.00,,
   275.083849144,34.50,Joules,power/energy-ram/,1000206982,100.00,,
   275.083849144,80.90,Joules,power/energy-pkg/,1000207645,100.00,,
   276.084060822,33.24,Joules,power/energy-ram/,1000203518,100.00,,
   276.084060822,77.23,Joules,power/energy-pkg/,1000203418,100.00,,
   277.084292543,34.82,Joules,power/energy-ram/,1000223354,100.00,,
   277.084292543,93.48,Joules,power/energy-pkg/,1000223622,100.00,,
   278.084507518,34.43,Joules,power/energy-ram/,1000207260,100.00,,
   278.084507518,106.79,Joules,power/energy-pkg/,1000206936,100.00,,
   279.084657095,34.41,Joules,power/energy-ram/,1000142519,100.00,,
   279.084657095,109.35,Joules,power/energy-pkg/,1000142434,100.00,,
   280.084814655,35.12,Joules,power/energy-ram/,1000150378,100.00,,
   280.084814655,110.70,Joules,power/energy-pkg/,1000150300,100.00,,
   281.085018031,33.87,Joules,power/energy-ram/,1000193361,100.00,,
   281.085018031,109.32,Joules,power/energy-pkg/,1000192193,100.00,,
   282.085250334,33.64,Joules,power/energy-ram/,1000226598,100.00,,
   282.085250334,102.72,Joules,power/energy-pkg/,1000228683,100.00,,
   283.085474778,34.03,Joules,power/energy-ram/,1000216516,100.00,,
   283.085474778,104.08,Joules,power/energy-pkg/,1000215542,100.00,,
   284.085678310,35.25,Joules,power/energy-ram/,1000193285,100.00,,
   284.085678310,104.22,Joules,power/energy-pkg/,1000190851,100.00,,
   285.085866477,36.30,Joules,power/energy-ram/,1000180550,100.00,,
   285.085866477,110.57,Joules,power/energy-pkg/,1000180423,100.00,,
   286.086055841,36.53,Joules,power/energy-ram/,1000183500,100.00,,
   286.086055841,115.38,Joules,power/energy-pkg/,1000185934,100.00,,
   287.086222335,35.38,Joules,power/energy-ram/,1000159040,100.00,,
   287.086222335,115.76,Joules,power/energy-pkg/,1000159716,100.00,,
   288.086441855,35.58,Joules,power/energy-ram/,1000210496,100.00,,
   288.086441855,110.25,Joules,power/energy-pkg/,1000209700,100.00,,
   289.086637683,35.85,Joules,power/energy-ram/,1000187500,100.00,,
   289.086637683,119.38,Joules,power/energy-pkg/,1000186464,100.00,,
   290.086771533,37.06,Joules,power/energy-ram/,1000126761,100.00,,
   290.086771533,121.00,Joules,power/energy-pkg/,1000126265,100.00,,
   291.086978875,38.02,Joules,power/energy-ram/,1000200420,100.00,,
   291.086978875,112.60,Joules,power/energy-pkg/,1000201677,100.00,,
   292.087196600,38.42,Joules,power/energy-ram/,1000207506,100.00,,
   292.087196600,111.11,Joules,power/energy-pkg/,1000205815,100.00,,
   293.087387401,39.37,Joules,power/energy-ram/,1000184741,100.00,,
   293.087387401,123.69,Joules,power/energy-pkg/,1000185914,100.00,,
   294.087594785,38.34,Joules,power/energy-ram/,1000199647,100.00,,
   294.087594785,123.12,Joules,power/energy-pkg/,1000199895,100.00,,
   295.087808084,37.90,Joules,power/energy-ram/,1000205755,100.00,,
   295.087808084,121.80,Joules,power/energy-pkg/,1000206625,100.00,,
   296.087980268,37.37,Joules,power/energy-ram/,1000165602,100.00,,
   296.087980268,122.46,Joules,power/energy-pkg/,1000164995,100.00,,
   297.088189000,37.26,Joules,power/energy-ram/,1000200032,100.00,,
   297.088189000,119.34,Joules,power/energy-pkg/,1000200865,100.00,,
   298.088371499,35.80,Joules,power/energy-ram/,1000175331,100.00,,
   298.088371499,99.02,Joules,power/energy-pkg/,1000175560,100.00,,
   299.088590556,34.65,Joules,power/energy-ram/,1000210585,100.00,,
   299.088590556,100.06,Joules,power/energy-pkg/,1000210076,100.00,,
   300.088808538,33.32,Joules,power/energy-ram/,1000209257,100.00,,
   300.088808538,109.65,Joules,power/energy-pkg/,1000209126,100.00,,
   301.089041967,32.57,Joules,power/energy-ram/,1000225133,100.00,,
   301.089041967,97.32,Joules,power/energy-pkg/,1000225209,100.00,,
   302.089224991,33.07,Joules,power/energy-ram/,1000174095,100.00,,
   302.089224991,78.46,Joules,power/energy-pkg/,1000170533,100.00,,
   303.089351389,35.74,Joules,power/energy-ram/,1000120082,100.00,,
   303.089351389,87.15,Joules,power/energy-pkg/,1000121872,100.00,,
   304.089485354,35.87,Joules,power/energy-ram/,1000127081,100.00,,
   304.089485354,105.93,Joules,power/energy-pkg/,1000126275,100.00,,
   305.089615257,36.78,Joules,power/energy-ram/,1000123373,100.00,,
   305.089615257,110.84,Joules,power/energy-pkg/,1000125511,100.00,,
   306.089764922,36.43,Joules,power/energy-ram/,1000138412,100.00,,
   306.089764922,106.93,Joules,power/energy-pkg/,1000134667,100.00,,
   307.089942819,36.48,Joules,power/energy-ram/,1000171558,100.00,,
   307.089942819,109.70,Joules,power/energy-pkg/,1000173968,100.00,,
   308.090132389,36.02,Joules,power/energy-ram/,1000183390,100.00,,
   308.090132389,108.28,Joules,power/energy-pkg/,1000186016,100.00,,
   309.090345041,35.94,Joules,power/energy-ram/,1000203714,100.00,,
   309.090345041,103.60,Joules,power/energy-pkg/,1000202325,100.00,,
   310.090550003,36.61,Joules,power/energy-ram/,1000197583,100.00,,
   310.090550003,102.13,Joules,power/energy-pkg/,1000197934,100.00,,
   311.090765554,36.22,Joules,power/energy-ram/,1000209087,100.00,,
   311.090765554,105.80,Joules,power/energy-pkg/,1000209269,100.00,,
   312.090978758,36.86,Joules,power/energy-ram/,1000203234,100.00,,
   312.090978758,116.33,Joules,power/energy-pkg/,1000202344,100.00,,
   313.091178417,35.53,Joules,power/energy-ram/,1000191740,100.00,,
   313.091178417,101.91,Joules,power/energy-pkg/,1000191608,100.00,,
   314.091370614,35.62,Joules,power/energy-ram/,1000185063,100.00,,
   314.091370614,104.86,Joules,power/energy-pkg/,1000185679,100.00,,
   315.091582588,35.05,Joules,power/energy-ram/,1000205113,100.00,,
   315.091582588,102.11,Joules,power/energy-pkg/,1000205803,100.00,,
   316.091739795,35.06,Joules,power/energy-ram/,1000149878,100.00,,
   316.091739795,110.90,Joules,power/energy-pkg/,1000147370,100.00,,
   317.091936777,35.25,Joules,power/energy-ram/,1000188272,100.00,,
   317.091936777,115.28,Joules,power/energy-pkg/,1000190016,100.00,,
   318.092141042,34.27,Joules,power/energy-ram/,1000196552,100.00,,
   318.092141042,112.45,Joules,power/energy-pkg/,1000197292,100.00,,
   319.092359015,33.40,Joules,power/energy-ram/,1000211380,100.00,,
   319.092359015,118.01,Joules,power/energy-pkg/,1000211542,100.00,,
   320.092552756,33.89,Joules,power/energy-ram/,1000183332,100.00,,
   320.092552756,123.14,Joules,power/energy-pkg/,1000180055,100.00,,
   321.092683894,34.62,Joules,power/energy-ram/,1000124765,100.00,,
   321.092683894,121.21,Joules,power/energy-pkg/,1000126623,100.00,,
   322.092836545,36.39,Joules,power/energy-ram/,1000147347,100.00,,
   322.092836545,117.11,Joules,power/energy-pkg/,1000148502,100.00,,
   323.092994333,37.10,Joules,power/energy-ram/,1000146792,100.00,,
   323.092994333,117.01,Joules,power/energy-pkg/,1000145008,100.00,,
   324.093132561,36.66,Joules,power/energy-ram/,1000131172,100.00,,
   324.093132561,112.20,Joules,power/energy-pkg/,1000130924,100.00,,
   325.093277656,36.38,Joules,power/energy-ram/,1000137751,100.00,,
   325.093277656,107.73,Joules,power/energy-pkg/,1000139634,100.00,,
   326.093482723,33.85,Joules,power/energy-ram/,1000196235,100.00,,
   326.093482723,101.57,Joules,power/energy-pkg/,1000194738,100.00,,
   327.093679245,34.82,Joules,power/energy-ram/,1000188949,100.00,,
   327.093679245,105.92,Joules,power/energy-pkg/,1000189195,100.00,,
   328.093888814,35.08,Joules,power/energy-ram/,1000201742,100.00,,
   328.093888814,111.31,Joules,power/energy-pkg/,1000203357,100.00,,
   329.094100982,35.51,Joules,power/energy-ram/,1000205764,100.00,,
   329.094100982,100.49,Joules,power/energy-pkg/,1000205631,100.00,,
   330.094302574,34.94,Joules,power/energy-ram/,1000193711,100.00,,
   330.094302574,94.50,Joules,power/energy-pkg/,1000192623,100.00,,
   331.094537954,33.87,Joules,power/energy-ram/,1000226731,100.00,,
   331.094537954,99.98,Joules,power/energy-pkg/,1000227887,100.00,,
   332.094750945,33.80,Joules,power/energy-ram/,1000205710,100.00,,
   332.094750945,104.68,Joules,power/energy-pkg/,1000205615,100.00,,
   333.094970229,35.13,Joules,power/energy-ram/,1000212224,100.00,,
   333.094970229,110.36,Joules,power/energy-pkg/,1000212507,100.00,,
   334.095181560,34.81,Joules,power/energy-ram/,1000202138,100.00,,
   334.095181560,112.58,Joules,power/energy-pkg/,1000200053,100.00,,
   335.095374257,34.41,Joules,power/energy-ram/,1000185375,100.00,,
   335.095374257,109.38,Joules,power/energy-pkg/,1000186881,100.00,,
   336.095583521,36.02,Joules,power/energy-ram/,1000201320,100.00,,
   336.095583521,124.15,Joules,power/energy-pkg/,1000200274,100.00,,
   337.095780388,35.98,Joules,power/energy-ram/,1000189130,100.00,,
   337.095780388,128.15,Joules,power/energy-pkg/,1000188543,100.00,,
   338.095987233,35.60,Joules,power/energy-ram/,1000200127,100.00,,
   338.095987233,116.91,Joules,power/energy-pkg/,1000201903,100.00,,
   339.096217509,34.70,Joules,power/energy-ram/,1000221138,100.00,,
   339.096217509,114.47,Joules,power/energy-pkg/,1000220878,100.00,,
   340.096438762,34.63,Joules,power/energy-ram/,1000214478,100.00,,
   340.096438762,113.40,Joules,power/energy-pkg/,1000215652,100.00,,
   341.096641758,34.85,Joules,power/energy-ram/,1000193166,100.00,,
   341.096641758,115.68,Joules,power/energy-pkg/,1000188796,100.00,,
   342.096772499,33.97,Joules,power/energy-ram/,1000124846,100.00,,
   342.096772499,113.26,Joules,power/energy-pkg/,1000128508,100.00,,
   343.096974662,34.58,Joules,power/energy-ram/,1000192997,100.00,,
   343.096974662,112.63,Joules,power/energy-pkg/,1000190704,100.00,,
   344.097181623,33.97,Joules,power/energy-ram/,1000200335,100.00,,
   344.097181623,105.77,Joules,power/energy-pkg/,1000202400,100.00,,
   345.097332333,34.43,Joules,power/energy-ram/,1000140822,100.00,,
   345.097332333,117.96,Joules,power/energy-pkg/,1000139348,100.00,,
   346.097513434,34.03,Joules,power/energy-ram/,1000175123,100.00,,
   346.097513434,124.50,Joules,power/energy-pkg/,1000177058,100.00,,
   347.097721674,34.13,Joules,power/energy-ram/,1000200129,100.00,,
   347.097721674,124.85,Joules,power/energy-pkg/,1000200067,100.00,,
   348.097924648,35.80,Joules,power/energy-ram/,1000194771,100.00,,
   348.097924648,119.41,Joules,power/energy-pkg/,1000193423,100.00,,
   349.098122407,36.24,Joules,power/energy-ram/,1000188502,100.00,,
   349.098122407,121.82,Joules,power/energy-pkg/,1000186639,100.00,,
   350.098301104,35.03,Joules,power/energy-ram/,1000172630,100.00,,
   350.098301104,117.07,Joules,power/energy-pkg/,1000175076,100.00,,
   351.098508825,35.81,Joules,power/energy-ram/,1000201232,100.00,,
   351.098508825,105.92,Joules,power/energy-pkg/,1000202147,100.00,,
   352.098721103,34.43,Joules,power/energy-ram/,1000204166,100.00,,
   352.098721103,102.86,Joules,power/energy-pkg/,1000203782,100.00,,
   353.098940979,34.86,Joules,power/energy-ram/,1000212074,100.00,,
   353.098940979,104.73,Joules,power/energy-pkg/,1000212259,100.00,,
   354.099151033,35.20,Joules,power/energy-ram/,1000201986,100.00,,
   354.099151033,107.65,Joules,power/energy-pkg/,1000201838,100.00,,
   355.099359956,36.10,Joules,power/energy-ram/,1000201749,100.00,,
   355.099359956,114.84,Joules,power/energy-pkg/,1000202256,100.00,,
   356.099567892,36.05,Joules,power/energy-ram/,1000197964,100.00,,
   356.099567892,125.27,Joules,power/energy-pkg/,1000195871,100.00,,
   357.099763590,35.50,Joules,power/energy-ram/,1000188852,100.00,,
   357.099763590,125.64,Joules,power/energy-pkg/,1000189233,100.00,,
   358.099959913,36.24,Joules,power/energy-ram/,1000189482,100.00,,
   358.099959913,120.22,Joules,power/energy-pkg/,1000188710,100.00,,
   359.100140371,37.75,Joules,power/energy-ram/,1000170294,100.00,,
   359.100140371,119.13,Joules,power/energy-pkg/,1000168956,100.00,,
   360.100324644,37.27,Joules,power/energy-ram/,1000176855,100.00,,
   360.100324644,130.53,Joules,power/energy-pkg/,1000176890,100.00,,
   361.100541939,37.08,Joules,power/energy-ram/,1000212800,100.00,,
   361.100541939,128.95,Joules,power/energy-pkg/,1000216024,100.00,,
   362.100692772,34.80,Joules,power/energy-ram/,1000140725,100.00,,
   362.100692772,117.11,Joules,power/energy-pkg/,1000138389,100.00,,
   363.100887530,34.35,Joules,power/energy-ram/,1000187733,100.00,,
   363.100887530,97.33,Joules,power/energy-pkg/,1000190111,100.00,,
   364.101045460,34.05,Joules,power/energy-ram/,1000150802,100.00,,
   364.101045460,96.52,Joules,power/energy-pkg/,1000150693,100.00,,
   365.101258409,34.31,Joules,power/energy-ram/,1000205648,100.00,,
   365.101258409,103.28,Joules,power/energy-pkg/,1000206109,100.00,,
   366.101415812,34.40,Joules,power/energy-ram/,1000148511,100.00,,
   366.101415812,86.33,Joules,power/energy-pkg/,1000147747,100.00,,
   367.101606171,34.93,Joules,power/energy-ram/,1000180728,100.00,,
   367.101606171,101.95,Joules,power/energy-pkg/,1000178211,100.00,,
   368.101781583,35.60,Joules,power/energy-ram/,1000168663,100.00,,
   368.101781583,103.40,Joules,power/energy-pkg/,1000170143,100.00,,
   369.101915432,35.75,Joules,power/energy-ram/,1000125777,100.00,,
   369.101915432,117.46,Joules,power/energy-pkg/,1000124706,100.00,,
   370.102122207,36.87,Joules,power/energy-ram/,1000200221,100.00,,
   370.102122207,126.34,Joules,power/energy-pkg/,1000202603,100.00,,
   371.102336027,36.56,Joules,power/energy-ram/,1000206609,100.00,,
   371.102336027,126.15,Joules,power/energy-pkg/,1000206818,100.00,,
   372.102541985,36.61,Joules,power/energy-ram/,1000196592,100.00,,
   372.102541985,124.50,Joules,power/energy-pkg/,1000194473,100.00,,
   373.102742962,35.65,Joules,power/energy-ram/,1000194126,100.00,,
   373.102742962,118.77,Joules,power/energy-pkg/,1000196583,100.00,,
   374.102944217,35.24,Joules,power/energy-ram/,1000192927,100.00,,
   374.102944217,105.53,Joules,power/energy-pkg/,1000191188,100.00,,
   375.103131545,36.26,Joules,power/energy-ram/,1000178198,100.00,,
   375.103131545,112.93,Joules,power/energy-pkg/,1000175964,100.00,,
   376.103256707,36.95,Joules,power/energy-ram/,1000119318,100.00,,
   376.103256707,118.78,Joules,power/energy-pkg/,1000120419,100.00,,
   377.103399513,36.12,Joules,power/energy-ram/,1000135567,100.00,,
   377.103399513,107.89,Joules,power/energy-pkg/,1000137806,100.00,,
   378.103601583,37.24,Joules,power/energy-ram/,1000194289,100.00,,
   378.103601583,102.97,Joules,power/energy-pkg/,1000194134,100.00,,
   379.103814635,34.98,Joules,power/energy-ram/,1000205240,100.00,,
   379.103814635,108.69,Joules,power/energy-pkg/,1000205484,100.00,,
   380.104014361,35.77,Joules,power/energy-ram/,1000200239,100.00,,
   380.104014361,95.15,Joules,power/energy-pkg/,1000195936,100.00,,
   381.104207099,35.44,Joules,power/energy-ram/,1000176434,100.00,,
   381.104207099,93.30,Joules,power/energy-pkg/,1000180699,100.00,,
   382.104440702,34.75,Joules,power/energy-ram/,1000226108,100.00,,
   382.104440702,100.66,Joules,power/energy-pkg/,1000226635,100.00,,
   383.104651364,33.50,Joules,power/energy-ram/,1000202362,100.00,,
   383.104651364,85.21,Joules,power/energy-pkg/,1000200584,100.00,,
   384.104845096,34.05,Joules,power/energy-ram/,1000186242,100.00,,
   384.104845096,92.73,Joules,power/energy-pkg/,1000188092,100.00,,
   385.105060654,36.26,Joules,power/energy-ram/,1000207866,100.00,,
   385.105060654,104.89,Joules,power/energy-pkg/,1000207022,100.00,,
   386.105204995,35.60,Joules,power/energy-ram/,1000134096,100.00,,
   386.105204995,116.26,Joules,power/energy-pkg/,1000131657,100.00,,
   387.105334551,36.88,Joules,power/energy-ram/,1000123389,100.00,,
   387.105334551,124.92,Joules,power/energy-pkg/,1000123720,100.00,,
   388.105523588,36.57,Joules,power/energy-ram/,1000180617,100.00,,
   388.105523588,108.37,Joules,power/energy-pkg/,1000180701,100.00,,
   389.105710974,35.52,Joules,power/energy-ram/,1000181913,100.00,,
   389.105710974,112.63,Joules,power/energy-pkg/,1000184689,100.00,,
   390.105929310,35.83,Joules,power/energy-ram/,1000209576,100.00,,
   390.105929310,108.98,Joules,power/energy-pkg/,1000209111,100.00,,
   391.106160348,34.43,Joules,power/energy-ram/,1000221037,100.00,,
   391.106160348,110.99,Joules,power/energy-pkg/,1000218384,100.00,,
   392.106344177,35.10,Joules,power/energy-ram/,1000177648,100.00,,
   392.106344177,114.05,Joules,power/energy-pkg/,1000178580,100.00,,
   393.106524781,35.86,Joules,power/energy-ram/,1000171346,100.00,,
   393.106524781,122.05,Joules,power/energy-pkg/,1000170263,100.00,,
   394.106708561,36.06,Joules,power/energy-ram/,1000177414,100.00,,
   394.106708561,121.90,Joules,power/energy-pkg/,1000179069,100.00,,
   395.106902680,35.51,Joules,power/energy-ram/,1000187385,100.00,,
   395.106902680,115.80,Joules,power/energy-pkg/,1000188779,100.00,,
   396.107120670,35.28,Joules,power/energy-ram/,1000210149,100.00,,
   396.107120670,120.54,Joules,power/energy-pkg/,1000210420,100.00,,
   397.107332293,35.99,Joules,power/energy-ram/,1000203402,100.00,,
   397.107332293,125.20,Joules,power/energy-pkg/,1000202206,100.00,,
   398.107525850,35.95,Joules,power/energy-ram/,1000185097,100.00,,
   398.107525850,126.95,Joules,power/energy-pkg/,1000184281,100.00,,
   399.107750359,35.85,Joules,power/energy-ram/,1000218264,100.00,,
   399.107750359,124.10,Joules,power/energy-pkg/,1000220337,100.00,,
   400.107908563,36.42,Joules,power/energy-ram/,1000147481,100.00,,
   400.107908563,116.35,Joules,power/energy-pkg/,1000143482,100.00,,
   401.108095910,35.50,Joules,power/energy-ram/,1000182089,100.00,,
   401.108095910,105.60,Joules,power/energy-pkg/,1000185294,100.00,,
   402.108302252,35.67,Joules,power/energy-ram/,1000198507,100.00,,
   402.108302252,107.43,Joules,power/energy-pkg/,1000199100,100.00,,
   403.108457193,35.64,Joules,power/energy-ram/,1000149055,100.00,,
   403.108457193,113.44,Joules,power/energy-pkg/,1000148056,100.00,,
   404.108670258,37.35,Joules,power/energy-ram/,1000203178,100.00,,
   404.108670258,113.60,Joules,power/energy-pkg/,1000204136,100.00,,
   405.108830706,37.79,Joules,power/energy-ram/,1000150845,100.00,,
   405.108830706,124.37,Joules,power/energy-pkg/,1000147159,100.00,,
   406.108956308,39.32,Joules,power/energy-ram/,1000118203,100.00,,
   406.108956308,128.24,Joules,power/energy-pkg/,1000118936,100.00,,
   407.109144607,39.97,Joules,power/energy-ram/,1000182356,100.00,,
   407.109144607,130.97,Joules,power/energy-pkg/,1000185117,100.00,,
   408.109331386,38.16,Joules,power/energy-ram/,1000178296,100.00,,
   408.109331386,123.46,Joules,power/energy-pkg/,1000176630,100.00,,
   409.109512197,38.71,Joules,power/energy-ram/,1000171786,100.00,,
   409.109512197,125.55,Joules,power/energy-pkg/,1000170037,100.00,,
   410.109641383,35.71,Joules,power/energy-ram/,1000122539,100.00,,
   410.109641383,124.14,Joules,power/energy-pkg/,1000125053,100.00,,
   411.109845192,35.05,Joules,power/energy-ram/,1000196653,100.00,,
   411.109845192,111.11,Joules,power/energy-pkg/,1000197436,100.00,,
   412.110046591,34.76,Joules,power/energy-ram/,1000193615,100.00,,
   412.110046591,119.90,Joules,power/energy-pkg/,1000194510,100.00,,
   413.110248079,35.04,Joules,power/energy-ram/,1000191215,100.00,,
   413.110248079,119.09,Joules,power/energy-pkg/,1000186949,100.00,,
   414.110430162,36.08,Joules,power/energy-ram/,1000176722,100.00,,
   414.110430162,114.29,Joules,power/energy-pkg/,1000179229,100.00,,
   415.110658692,37.20,Joules,power/energy-ram/,1000224069,100.00,,
   415.110658692,107.86,Joules,power/energy-pkg/,1000226414,100.00,,
   416.110869249,38.15,Joules,power/energy-ram/,1000197288,100.00,,
   416.110869249,116.24,Joules,power/energy-pkg/,1000192969,100.00,,
   417.111036003,38.66,Joules,power/energy-ram/,1000159941,100.00,,
   417.111036003,123.25,Joules,power/energy-pkg/,1000159667,100.00,,
   418.111232012,37.73,Joules,power/energy-ram/,1000189240,100.00,,
   418.111232012,118.79,Joules,power/energy-pkg/,1000191143,100.00,,
   419.111422558,36.91,Joules,power/energy-ram/,1000181137,100.00,,
   419.111422558,110.61,Joules,power/energy-pkg/,1000179712,100.00,,
   420.111609568,35.49,Joules,power/energy-ram/,1000180858,100.00,,
   420.111609568,109.58,Joules,power/energy-pkg/,1000182753,100.00,,
   421.111786210,36.03,Joules,power/energy-ram/,1000167384,100.00,,
   421.111786210,113.06,Joules,power/energy-pkg/,1000165961,100.00,,
   422.111978325,35.70,Joules,power/energy-ram/,1000184055,100.00,,
   422.111978325,119.21,Joules,power/energy-pkg/,1000183824,100.00,,
   423.112113860,36.73,Joules,power/energy-ram/,1000128181,100.00,,
   423.112113860,123.37,Joules,power/energy-pkg/,1000127818,100.00,,
   424.112298602,39.80,Joules,power/energy-ram/,1000178183,100.00,,
   424.112298602,130.05,Joules,power/energy-pkg/,1000179872,100.00,,
   425.112448386,39.22,Joules,power/energy-ram/,1000141063,100.00,,
   425.112448386,126.47,Joules,power/energy-pkg/,1000138875,100.00,,
   426.112572559,38.91,Joules,power/energy-ram/,1000116745,100.00,,
   426.112572559,128.94,Joules,power/energy-pkg/,1000117952,100.00,,
   427.112762454,38.78,Joules,power/energy-ram/,1000182241,100.00,,
   427.112762454,127.76,Joules,power/energy-pkg/,1000183136,100.00,,
   428.112983926,35.75,Joules,power/energy-ram/,1000214800,100.00,,
   428.112983926,122.10,Joules,power/energy-pkg/,1000215927,100.00,,
   429.113144791,35.77,Joules,power/energy-ram/,1000153106,100.00,,
   429.113144791,117.73,Joules,power/energy-pkg/,1000153601,100.00,,
   430.113304112,36.07,Joules,power/energy-ram/,1000152360,100.00,,
   430.113304112,122.46,Joules,power/energy-pkg/,1000151780,100.00,,
   431.113462493,36.12,Joules,power/energy-ram/,1000149998,100.00,,
   431.113462493,124.90,Joules,power/energy-pkg/,1000149729,100.00,,
   432.113615212,37.35,Joules,power/energy-ram/,1000145804,100.00,,
   432.113615212,124.99,Joules,power/energy-pkg/,1000145007,100.00,,
   433.113762962,38.71,Joules,power/energy-ram/,1000136940,100.00,,
   433.113762962,122.47,Joules,power/energy-pkg/,1000135713,100.00,,
   434.113945054,38.74,Joules,power/energy-ram/,1000175186,100.00,,
   434.113945054,121.30,Joules,power/energy-pkg/,1000174827,100.00,,
   435.114074571,37.43,Joules,power/energy-ram/,1000122472,100.00,,
   435.114074571,118.41,Joules,power/energy-pkg/,1000124803,100.00,,
   436.114278665,36.56,Joules,power/energy-ram/,1000196279,100.00,,
   436.114278665,124.15,Joules,power/energy-pkg/,1000196387,100.00,,
   437.114490666,35.71,Joules,power/energy-ram/,1000204040,100.00,,
   437.114490666,122.44,Joules,power/energy-pkg/,1000204807,100.00,,
   438.114697876,35.47,Joules,power/energy-ram/,1000199616,100.00,,
   438.114697876,125.19,Joules,power/energy-pkg/,1000198599,100.00,,
   439.114922999,36.46,Joules,power/energy-ram/,1000215794,100.00,,
   439.114922999,129.03,Joules,power/energy-pkg/,1000214298,100.00,,
   440.115124803,36.49,Joules,power/energy-ram/,1000195595,100.00,,
   440.115124803,127.53,Joules,power/energy-pkg/,1000197640,100.00,,
   441.115277588,36.53,Joules,power/energy-ram/,1000143491,100.00,,
   441.115277588,121.46,Joules,power/energy-pkg/,1000140572,100.00,,
   442.115456149,35.20,Joules,power/energy-ram/,1000171007,100.00,,
   442.115456149,112.69,Joules,power/energy-pkg/,1000172036,100.00,,
   443.115660103,34.77,Joules,power/energy-ram/,1000198815,100.00,,
   443.115660103,99.58,Joules,power/energy-pkg/,1000200510,100.00,,
   444.115868980,35.72,Joules,power/energy-ram/,1000199446,100.00,,
   444.115868980,107.49,Joules,power/energy-pkg/,1000197962,100.00,,
   445.116055196,37.48,Joules,power/energy-ram/,1000177246,100.00,,
   445.116055196,114.96,Joules,power/energy-pkg/,1000176208,100.00,,
   446.116234089,35.93,Joules,power/energy-ram/,1000172350,100.00,,
   446.116234089,106.04,Joules,power/energy-pkg/,1000173667,100.00,,
   447.116466571,36.57,Joules,power/energy-ram/,1000223755,100.00,,
   447.116466571,114.87,Joules,power/energy-pkg/,1000222414,100.00,,
   448.116645251,36.15,Joules,power/energy-ram/,1000170353,100.00,,
   448.116645251,114.82,Joules,power/energy-pkg/,1000169852,100.00,,
   449.116836967,35.41,Joules,power/energy-ram/,1000185883,100.00,,
   449.116836967,107.70,Joules,power/energy-pkg/,1000189449,100.00,,
   450.116992480,36.88,Joules,power/energy-ram/,1000148035,100.00,,
   450.116992480,117.68,Joules,power/energy-pkg/,1000148323,100.00,,
   451.117230238,36.76,Joules,power/energy-ram/,1000228820,100.00,,
   451.117230238,112.72,Joules,power/energy-pkg/,1000226663,100.00,,
   452.117372688,37.16,Joules,power/energy-ram/,1000136408,100.00,,
   452.117372688,106.65,Joules,power/energy-pkg/,1000138618,100.00,,
   453.117574422,36.30,Joules,power/energy-ram/,1000193542,100.00,,
   453.117574422,116.83,Joules,power/energy-pkg/,1000192017,100.00,,
   454.117715928,37.33,Joules,power/energy-ram/,1000132986,100.00,,
   454.117715928,112.58,Joules,power/energy-pkg/,1000133337,100.00,,
   455.117903680,37.50,Joules,power/energy-ram/,1000179196,100.00,,
   455.117903680,117.85,Joules,power/energy-pkg/,1000177091,100.00,,
   456.118102612,37.94,Joules,power/energy-ram/,1000192686,100.00,,
   456.118102612,125.93,Joules,power/energy-pkg/,1000195113,100.00,,
   457.118306481,38.27,Joules,power/energy-ram/,1000194941,100.00,,
   457.118306481,125.31,Joules,power/energy-pkg/,1000193622,100.00,,
   458.118485515,38.71,Joules,power/energy-ram/,1000169875,100.00,,
   458.118485515,122.34,Joules,power/energy-pkg/,1000168716,100.00,,
   459.118660951,37.86,Joules,power/energy-ram/,1000168026,100.00,,
   459.118660951,131.09,Joules,power/energy-pkg/,1000168331,100.00,,
   460.118834455,36.92,Joules,power/energy-ram/,1000165568,100.00,,
   460.118834455,124.66,Joules,power/energy-pkg/,1000164578,100.00,,
   461.119023592,36.97,Joules,power/energy-ram/,1000182690,100.00,,
   461.119023592,116.89,Joules,power/energy-pkg/,1000185459,100.00,,
   462.119224331,36.35,Joules,power/energy-ram/,1000192007,100.00,,
   462.119224331,99.20,Joules,power/energy-pkg/,1000190908,100.00,,
   463.119418562,35.69,Joules,power/energy-ram/,1000188174,100.00,,
   463.119418562,90.15,Joules,power/energy-pkg/,1000190177,100.00,,
   464.119626152,35.66,Joules,power/energy-ram/,1000199022,100.00,,
   464.119626152,83.78,Joules,power/energy-pkg/,1000198787,100.00,,
   465.119823530,34.13,Joules,power/energy-ram/,1000188796,100.00,,
   465.119823530,87.45,Joules,power/energy-pkg/,1000188258,100.00,,
   466.119968957,34.38,Joules,power/energy-ram/,1000137858,100.00,,
   466.119968957,78.13,Joules,power/energy-pkg/,1000137243,100.00,,
   467.120187280,33.17,Joules,power/energy-ram/,1000211023,100.00,,
   467.120187280,72.38,Joules,power/energy-pkg/,1000211153,100.00,,
   468.120356263,32.77,Joules,power/energy-ram/,1000161951,100.00,,
   468.120356263,76.66,Joules,power/energy-pkg/,1000162881,100.00,,
   469.120503445,33.04,Joules,power/energy-ram/,1000140408,100.00,,
   469.120503445,93.11,Joules,power/energy-pkg/,1000140908,100.00,,
   470.120654342,33.33,Joules,power/energy-ram/,1000141874,100.00,,
   470.120654342,90.75,Joules,power/energy-pkg/,1000142134,100.00,,
   471.120812824,33.72,Joules,power/energy-ram/,1000151777,100.00,,
   471.120812824,96.03,Joules,power/energy-pkg/,1000150968,100.00,,
   472.121027369,33.12,Joules,power/energy-ram/,1000205827,100.00,,
   472.121027369,98.16,Joules,power/energy-pkg/,1000205850,100.00,,
   473.121237622,32.98,Joules,power/energy-ram/,1000203320,100.00,,
   473.121237622,83.83,Joules,power/energy-pkg/,1000203769,100.00,,
   474.121449320,33.48,Joules,power/energy-ram/,1000202831,100.00,,
   474.121449320,82.46,Joules,power/energy-pkg/,1000202869,100.00,,
   475.121659547,32.98,Joules,power/energy-ram/,1000202875,100.00,,
   475.121659547,80.49,Joules,power/energy-pkg/,1000202293,100.00,,
   476.121871927,33.36,Joules,power/energy-ram/,1000204394,100.00,,
   476.121871927,82.41,Joules,power/energy-pkg/,1000205067,100.00,,
   477.122083742,32.81,Joules,power/energy-ram/,1000204424,100.00,,
   477.122083742,83.59,Joules,power/energy-pkg/,1000203602,100.00,,
   478.122290658,33.20,Joules,power/energy-ram/,1000198167,100.00,,
   478.122290658,76.72,Joules,power/energy-pkg/,1000198216,100.00,,
   479.122502577,33.05,Joules,power/energy-ram/,1000204970,100.00,,
   479.122502577,59.20,Joules,power/energy-pkg/,1000205401,100.00,,
   480.122714541,32.58,Joules,power/energy-ram/,1000203016,100.00,,
   480.122714541,50.61,Joules,power/energy-pkg/,1000202961,100.00,,
   481.122942785,33.08,Joules,power/energy-ram/,1000221266,100.00,,
   481.122942785,53.95,Joules,power/energy-pkg/,1000221631,100.00,,
   482.123176988,32.86,Joules,power/energy-ram/,1000227174,100.00,,
   482.123176988,58.05,Joules,power/energy-pkg/,1000226808,100.00,,
   483.123387822,32.78,Joules,power/energy-ram/,1000203040,100.00,,
   483.123387822,51.99,Joules,power/energy-pkg/,1000202702,100.00,,
   484.123596852,33.49,Joules,power/energy-ram/,1000201086,100.00,,
   484.123596852,57.86,Joules,power/energy-pkg/,1000201214,100.00,,
   485.123810705,32.73,Joules,power/energy-ram/,1000205938,100.00,,
   485.123810705,59.24,Joules,power/energy-pkg/,1000206488,100.00,,
   486.124020223,32.65,Joules,power/energy-ram/,1000200670,100.00,,
   486.124020223,50.42,Joules,power/energy-pkg/,1000200316,100.00,,
   487.124264011,19.56,Joules,power/energy-ram/,1000237922,100.00,,
   487.124264011,31.98,Joules,power/energy-pkg/,1000252162,100.00,,
   488.124400041,9.09,Joules,power/energy-ram/,1000127682,100.00,,
   488.124400041,20.69,Joules,power/energy-pkg/,1000113938,100.00,,
   489.124552397,9.75,Joules,power/energy-ram/,1000143158,100.00,,
   489.124552397,21.04,Joules,power/energy-pkg/,1000143260,100.00,,
   490.124702571,10.21,Joules,power/energy-ram/,1000144088,100.00,,
   490.124702571,21.27,Joules,power/energy-pkg/,1000144530,100.00,,
   491.124853703,8.79,Joules,power/energy-ram/,1000143160,100.00,,
   491.124853703,20.56,Joules,power/energy-pkg/,1000142396,100.00,,
   492.124999466,9.20,Joules,power/energy-ram/,1000136730,100.00,,
   492.124999466,20.81,Joules,power/energy-pkg/,1000136874,100.00,,
   493.125256965,8.58,Joules,power/energy-ram/,1000249816,100.00,,
   493.125256965,20.27,Joules,power/energy-pkg/,1000250033,100.00,,
   494.125499428,10.31,Joules,power/energy-ram/,1000235070,100.00,,
   494.125499428,21.27,Joules,power/energy-pkg/,1000234367,100.00,,
   495.125728941,10.10,Joules,power/energy-ram/,1000221584,100.00,,
   495.125728941,20.95,Joules,power/energy-pkg/,1000221736,100.00,,
   496.125966894,8.93,Joules,power/energy-ram/,1000230624,100.00,,
   496.125966894,20.35,Joules,power/energy-pkg/,1000230926,100.00,,
   497.126204273,9.75,Joules,power/energy-ram/,1000230007,100.00,,
   497.126204273,20.96,Joules,power/energy-pkg/,1000230568,100.00,,
   498.126452733,10.62,Joules,power/energy-ram/,1000240166,100.00,,
   498.126452733,21.32,Joules,power/energy-pkg/,1000239396,100.00,,
   499.126657366,8.51,Joules,power/energy-ram/,1000196876,100.00,,
   499.126657366,20.40,Joules,power/energy-pkg/,1000197454,100.00,,
   500.126898920,9.99,Joules,power/energy-ram/,1000233758,100.00,,
   500.126898920,21.08,Joules,power/energy-pkg/,1000233142,100.00,,
   501.127106845,9.32,Joules,power/energy-ram/,1000200815,100.00,,
   501.127106845,20.74,Joules,power/energy-pkg/,1000201222,100.00,,
   502.127332206,9.57,Joules,power/energy-ram/,1000216855,100.00,,
   502.127332206,20.84,Joules,power/energy-pkg/,1000216482,100.00,,
   503.127578040,9.19,Joules,power/energy-ram/,1000238040,100.00,,
   503.127578040,20.69,Joules,power/energy-pkg/,1000238267,100.00,,
   504.127823243,9.35,Joules,power/energy-ram/,1000237223,100.00,,
   504.127823243,20.60,Joules,power/energy-pkg/,1000236453,100.00,,
   505.128065447,9.63,Joules,power/energy-ram/,1000234457,100.00,,
   505.128065447,20.91,Joules,power/energy-pkg/,1000235367,100.00,,
   506.128317065,10.05,Joules,power/energy-ram/,1000244510,100.00,,
   506.128317065,20.88,Joules,power/energy-pkg/,1000244408,100.00,,
   507.128557198,8.75,Joules,power/energy-ram/,1000231672,100.00,,
   507.128557198,20.43,Joules,power/energy-pkg/,1000231394,100.00,,
   508.128763836,10.10,Joules,power/energy-ram/,1000198718,100.00,,
   508.128763836,21.06,Joules,power/energy-pkg/,1000199312,100.00,,
   509.128991623,9.91,Joules,power/energy-ram/,1000220210,100.00,,
   509.128991623,20.83,Joules,power/energy-pkg/,1000219923,100.00,,
   510.129213364,8.75,Joules,power/energy-ram/,1000214326,100.00,,
   510.129213364,20.25,Joules,power/energy-pkg/,1000214280,100.00,,
   511.129458145,9.83,Joules,power/energy-ram/,1000236414,100.00,,
   511.129458145,20.67,Joules,power/energy-pkg/,1000236005,100.00,,
   512.129674567,8.56,Joules,power/energy-ram/,1000208802,100.00,,
   512.129674567,20.26,Joules,power/energy-pkg/,1000208512,100.00,,
   513.129893589,9.48,Joules,power/energy-ram/,1000211228,100.00,,
   513.129893589,20.75,Joules,power/energy-pkg/,1000212096,100.00,,
   514.130114735,9.67,Joules,power/energy-ram/,1000213650,100.00,,
   514.130114735,20.80,Joules,power/energy-pkg/,1000213251,100.00,,
   515.130324948,8.76,Joules,power/energy-ram/,1000201721,100.00,,
   515.130324948,20.28,Joules,power/energy-pkg/,1000201749,100.00,,
   516.130571743,10.09,Joules,power/energy-ram/,1000239329,100.00,,
   516.130571743,20.84,Joules,power/energy-pkg/,1000239731,100.00,,
