# started on Tue May  2 20:18:46 2023

     1.001012629,18.15,Joules,power/energy-pkg/,1001021362,100.00,,
     2.001718864,19.93,Joules,power/energy-pkg/,1000729259,100.00,,
     3.001852833,18.67,Joules,power/energy-pkg/,1000123070,100.00,,
     4.002973863,19.70,Joules,power/energy-pkg/,1001111202,100.00,,
     5.004064032,20.30,Joules,power/energy-pkg/,1001053962,100.00,,
     6.005134858,21.52,Joules,power/energy-pkg/,1001081916,100.00,,
     7.006263627,17.46,Joules,power/energy-pkg/,1001104742,100.00,,
     8.007350857,19.29,Joules,power/energy-pkg/,1001086287,100.00,,
     9.008456276,20.75,Joules,power/energy-pkg/,1001102374,100.00,,
    10.009228114,18.82,Joules,power/energy-pkg/,1000756251,100.00,,
    11.010331673,20.94,Joules,power/energy-pkg/,1001105764,100.00,,
    12.011410764,19.67,Joules,power/energy-pkg/,1001088132,100.00,,
    13.012523472,18.50,Joules,power/energy-pkg/,1001086399,100.00,,
    14.013225204,18.63,Joules,power/energy-pkg/,1000684793,100.00,,
    15.014299715,18.07,Joules,power/energy-pkg/,1001084679,100.00,,
    16.015445584,21.31,Joules,power/energy-pkg/,1001141971,100.00,,
    17.016533073,20.40,Joules,power/energy-pkg/,1001071957,100.00,,
    18.017223204,20.84,Joules,power/energy-pkg/,1000670238,100.00,,
    19.017566824,22.41,Joules,power/energy-pkg/,1000375193,100.00,,
    20.018702768,22.01,Joules,power/energy-pkg/,1001106511,100.00,,
    21.019837735,18.39,Joules,power/energy-pkg/,1001123707,100.00,,
    22.020919214,17.03,Joules,power/energy-pkg/,1001063121,100.00,,
    23.021239266,20.63,Joules,power/energy-pkg/,1000325248,100.00,,
    24.022335581,19.11,Joules,power/energy-pkg/,1001086276,100.00,,
    25.023434013,18.26,Joules,power/energy-pkg/,1001091379,100.00,,
    26.024520582,18.10,Joules,power/energy-pkg/,1001081208,100.00,,
    27.025239155,19.28,Joules,power/energy-pkg/,1000707903,100.00,,
    28.026318200,14.82,Joules,power/energy-pkg/,1001071992,100.00,,
    29.027473043,18.24,Joules,power/energy-pkg/,1001150370,100.00,,
    30.028557182,16.60,Joules,power/energy-pkg/,1001078292,100.00,,
    31.029580422,19.54,Joules,power/energy-pkg/,1001040346,100.00,,
    32.030730444,20.85,Joules,power/energy-pkg/,1001106392,100.00,,
    33.031813614,18.56,Joules,power/energy-pkg/,1001072971,100.00,,
    34.032882153,18.63,Joules,power/energy-pkg/,1001076778,100.00,,
    35.033222312,18.25,Joules,power/energy-pkg/,1000317955,100.00,,
    36.034290976,18.95,Joules,power/energy-pkg/,1001061369,100.00,,
    37.035360728,17.30,Joules,power/energy-pkg/,1001065510,100.00,,
    38.036474813,16.31,Joules,power/energy-pkg/,1001122453,100.00,,
    39.037223338,17.57,Joules,power/energy-pkg/,1000723710,100.00,,
    40.038295421,17.76,Joules,power/energy-pkg/,1001063484,100.00,,
    41.039364034,20.93,Joules,power/energy-pkg/,1001075300,100.00,,
    42.040456941,21.17,Joules,power/energy-pkg/,1001072405,100.00,,
    43.041228119,22.89,Joules,power/energy-pkg/,1000767937,100.00,,
    44.042330284,19.53,Joules,power/energy-pkg/,1001092187,100.00,,
    45.043415001,18.59,Joules,power/energy-pkg/,1001105822,100.00,,
    46.044523094,18.87,Joules,power/energy-pkg/,1001082202,100.00,,
    47.045224321,16.74,Joules,power/energy-pkg/,1000684461,100.00,,
    48.046313527,17.32,Joules,power/energy-pkg/,1001095250,100.00,,
    49.047403696,16.93,Joules,power/energy-pkg/,1001069828,100.00,,
    50.048492989,16.39,Joules,power/energy-pkg/,1001106636,100.00,,
    51.049236793,20.18,Joules,power/energy-pkg/,1000723977,100.00,,
    52.050329311,22.51,Joules,power/energy-pkg/,1001095676,100.00,,
    53.051426641,19.88,Joules,power/energy-pkg/,1001079752,100.00,,
    54.052528113,19.97,Joules,power/energy-pkg/,1001088663,100.00,,
    55.053247234,16.57,Joules,power/energy-pkg/,1000713221,100.00,,
    56.054367724,18.59,Joules,power/energy-pkg/,1001104617,100.00,,
    57.055437625,21.25,Joules,power/energy-pkg/,1001062068,100.00,,
    58.056510439,15.76,Joules,power/energy-pkg/,1001070480,100.00,,
    59.057223761,15.67,Joules,power/energy-pkg/,1000701174,100.00,,
    60.058299810,15.61,Joules,power/energy-pkg/,1001087337,100.00,,
    61.059417626,12.41,Joules,power/energy-pkg/,1001092530,100.00,,
    62.060501929,16.59,Joules,power/energy-pkg/,1001091188,100.00,,
    63.061223064,16.07,Joules,power/energy-pkg/,1000705138,100.00,,
    64.062326568,13.89,Joules,power/energy-pkg/,1002842404,100.00,,
    65.065239305,19.29,Joules,power/energy-pkg/,1001169840,100.00,,
    66.066449034,14.60,Joules,power/energy-pkg/,1001199520,100.00,,
    67.067543441,17.35,Joules,power/energy-pkg/,1001086184,100.00,,
    68.068620956,23.47,Joules,power/energy-pkg/,1001065572,100.00,,
    69.069224358,55.82,Joules,power/energy-pkg/,1000608079,100.00,,
    70.070311929,37.65,Joules,power/energy-pkg/,1001081104,100.00,,
    71.071412668,43.13,Joules,power/energy-pkg/,1001086100,100.00,,
    72.072509514,47.81,Joules,power/energy-pkg/,1001105122,100.00,,
    73.073228210,57.14,Joules,power/energy-pkg/,1000702448,100.00,,
    74.074332333,52.37,Joules,power/energy-pkg/,1001093512,100.00,,
    75.075435401,41.75,Joules,power/energy-pkg/,1001092222,100.00,,
    76.076512654,43.21,Joules,power/energy-pkg/,1001057530,100.00,,
    77.077229126,51.31,Joules,power/energy-pkg/,1000742335,100.00,,
    78.078384240,63.83,Joules,power/energy-pkg/,1001140107,100.00,,
    79.079585510,68.14,Joules,power/energy-pkg/,1002811178,100.00,,
    80.082304738,57.92,Joules,power/energy-pkg/,1001072329,100.00,,
    81.083404899,39.43,Joules,power/energy-pkg/,1001093012,100.00,,
    82.084499618,39.40,Joules,power/energy-pkg/,1001088354,100.00,,
    83.085483190,46.59,Joules,power/energy-pkg/,1000982628,100.00,,
    84.086565505,51.25,Joules,power/energy-pkg/,1001065669,100.00,,
    85.087631711,51.74,Joules,power/energy-pkg/,1001058652,100.00,,
    86.088693745,42.19,Joules,power/energy-pkg/,1001053852,100.00,,
    87.089234658,48.58,Joules,power/energy-pkg/,1000537263,100.00,,
    88.090314848,59.94,Joules,power/energy-pkg/,1001080272,100.00,,
    89.091391890,59.04,Joules,power/energy-pkg/,1001061104,100.00,,
    90.092478127,61.49,Joules,power/energy-pkg/,1001092337,100.00,,
    91.093252626,71.63,Joules,power/energy-pkg/,1000764337,100.00,,
    92.094373727,49.20,Joules,power/energy-pkg/,1001141428,100.00,,
    93.095496158,42.05,Joules,power/energy-pkg/,1001077881,100.00,,
    94.096285897,41.84,Joules,power/energy-pkg/,1000809031,100.00,,
    95.097238582,38.41,Joules,power/energy-pkg/,1000927525,100.00,,
    96.098319669,33.30,Joules,power/energy-pkg/,1001062668,100.00,,
    97.099381317,27.51,Joules,power/energy-pkg/,1001055287,100.00,,
    98.100451975,31.07,Joules,power/energy-pkg/,1001076828,100.00,,
    99.101234004,34.36,Joules,power/energy-pkg/,1000772454,100.00,,
   100.101506823,40.52,Joules,power/energy-pkg/,1000266037,100.00,,
   101.102623028,61.70,Joules,power/energy-pkg/,1001105967,100.00,,
   102.103724021,52.12,Joules,power/energy-pkg/,1001086783,100.00,,
   103.104798789,33.42,Joules,power/energy-pkg/,1001079133,100.00,,
   104.105309585,45.59,Joules,power/energy-pkg/,1000499064,100.00,,
   105.106379939,54.69,Joules,power/energy-pkg/,1001058082,100.00,,
   106.107477206,60.62,Joules,power/energy-pkg/,1001089097,100.00,,
   107.108577205,60.02,Joules,power/energy-pkg/,1001121127,100.00,,
   108.109247020,60.07,Joules,power/energy-pkg/,1000646512,100.00,,
   109.110352757,62.82,Joules,power/energy-pkg/,1001084297,100.00,,
   110.111443069,48.28,Joules,power/energy-pkg/,1001119328,100.00,,
   111.112602192,54.83,Joules,power/energy-pkg/,1001124006,100.00,,
   112.113239659,57.57,Joules,power/energy-pkg/,1000645676,100.00,,
   113.114338270,61.17,Joules,power/energy-pkg/,1001099284,100.00,,
   114.115471285,56.29,Joules,power/energy-pkg/,1001125043,100.00,,
   115.116573112,49.05,Joules,power/energy-pkg/,1001078727,100.00,,
   116.117233547,54.79,Joules,power/energy-pkg/,1000644824,100.00,,
   117.118333772,51.48,Joules,power/energy-pkg/,1001110148,100.00,,
   118.119542544,53.32,Joules,power/energy-pkg/,1001192311,100.00,,
   119.120642285,46.82,Joules,power/energy-pkg/,1001090192,100.00,,
   120.121224906,45.03,Joules,power/energy-pkg/,1000563410,100.00,,
   121.122297792,43.97,Joules,power/energy-pkg/,1001065149,100.00,,
   122.123373826,31.63,Joules,power/energy-pkg/,1001101870,100.00,,
   123.124486853,53.87,Joules,power/energy-pkg/,1001086520,100.00,,
   124.125226124,63.40,Joules,power/energy-pkg/,1000734919,100.00,,
   125.126324015,60.91,Joules,power/energy-pkg/,1001081513,100.00,,
   126.127440611,64.07,Joules,power/energy-pkg/,1001104042,100.00,,
   127.128532581,62.50,Joules,power/energy-pkg/,1001101968,100.00,,
   128.129237328,63.91,Joules,power/energy-pkg/,1000713214,100.00,,
   129.130372175,54.12,Joules,power/energy-pkg/,1001093640,100.00,,
   130.131451895,57.73,Joules,power/energy-pkg/,1001072051,100.00,,
   131.132546795,53.43,Joules,power/energy-pkg/,1001101117,100.00,,
   132.133237408,65.93,Joules,power/energy-pkg/,1000706272,100.00,,
   133.134189228,68.98,Joules,power/energy-pkg/,1000926049,100.00,,
   134.135327598,58.81,Joules,power/energy-pkg/,1001151091,100.00,,
   135.136482690,60.11,Joules,power/energy-pkg/,1001112308,100.00,,
   136.137322286,67.65,Joules,power/energy-pkg/,1000852882,100.00,,
   137.138449230,68.10,Joules,power/energy-pkg/,1001116305,100.00,,
   138.139549507,74.37,Joules,power/energy-pkg/,1001102995,100.00,,
   139.140668919,73.07,Joules,power/energy-pkg/,1001106147,100.00,,
   140.141234865,70.78,Joules,power/energy-pkg/,1000546045,100.00,,
   141.142380218,64.74,Joules,power/energy-pkg/,1001141774,100.00,,
   142.143487360,45.75,Joules,power/energy-pkg/,1001111350,100.00,,
   143.144597445,56.34,Joules,power/energy-pkg/,1001085123,100.00,,
   144.145226160,66.21,Joules,power/energy-pkg/,1000612902,100.00,,
   145.146322300,61.52,Joules,power/energy-pkg/,1001122109,100.00,,
   146.147552495,51.23,Joules,power/energy-pkg/,1001189318,100.00,,
   147.148627778,48.60,Joules,power/energy-pkg/,1001066356,100.00,,
   148.149227264,46.85,Joules,power/energy-pkg/,1000598590,100.00,,
   149.150312788,31.01,Joules,power/energy-pkg/,1001073752,100.00,,
   150.151396312,27.76,Joules,power/energy-pkg/,1001091247,100.00,,
   151.152565666,42.30,Joules,power/energy-pkg/,1001171097,100.00,,
   152.153239959,38.18,Joules,power/energy-pkg/,1000678249,100.00,,
   153.154372421,49.45,Joules,power/energy-pkg/,1001112830,100.00,,
   154.155470702,48.10,Joules,power/energy-pkg/,1001107672,100.00,,
   155.156592746,56.40,Joules,power/energy-pkg/,1001080191,100.00,,
   156.157230232,56.44,Joules,power/energy-pkg/,1000626095,100.00,,
   157.158297136,53.08,Joules,power/energy-pkg/,1001068850,100.00,,
   158.159369850,57.33,Joules,power/energy-pkg/,1001064885,100.00,,
   159.160444525,54.59,Joules,power/energy-pkg/,1001071637,100.00,,
   160.161474578,34.55,Joules,power/energy-pkg/,1001028162,100.00,,
   161.162597995,27.87,Joules,power/energy-pkg/,1001115773,100.00,,
   162.163694482,35.58,Joules,power/energy-pkg/,1001085833,100.00,,
   163.164641617,44.63,Joules,power/energy-pkg/,1000949217,100.00,,
   164.165225722,53.47,Joules,power/energy-pkg/,1000571204,100.00,,
   165.166319452,55.58,Joules,power/energy-pkg/,1001072799,100.00,,
   166.167428046,62.69,Joules,power/energy-pkg/,1001135849,100.00,,
   167.168582174,65.46,Joules,power/energy-pkg/,1001126124,100.00,,
   168.169221764,54.33,Joules,power/energy-pkg/,1000614565,100.00,,
   169.170299726,50.77,Joules,power/energy-pkg/,1001083603,100.00,,
   170.171390866,46.82,Joules,power/energy-pkg/,1001071959,100.00,,
   171.172467315,49.08,Joules,power/energy-pkg/,1001070109,100.00,,
   172.173241621,36.83,Joules,power/energy-pkg/,1000790212,100.00,,
   173.174347067,34.13,Joules,power/energy-pkg/,1001088537,100.00,,
   174.175451105,41.93,Joules,power/energy-pkg/,1002853194,100.00,,
   175.178298969,39.98,Joules,power/energy-pkg/,1001068984,100.00,,
   176.179389821,31.01,Joules,power/energy-pkg/,1001087064,100.00,,
   177.180466889,33.82,Joules,power/energy-pkg/,1001099033,100.00,,
   178.181255889,44.74,Joules,power/energy-pkg/,1000775061,100.00,,
   179.182409431,40.75,Joules,power/energy-pkg/,1001133553,100.00,,
   180.183020373,44.64,Joules,power/energy-pkg/,1000614173,100.00,,
   181.184114536,47.64,Joules,power/energy-pkg/,1001079995,100.00,,
   182.185246780,46.12,Joules,power/energy-pkg/,1001116419,100.00,,
   183.186345641,58.30,Joules,power/energy-pkg/,1001103745,100.00,,
   184.187444072,61.67,Joules,power/energy-pkg/,1001072196,100.00,,
   185.188521626,64.07,Joules,power/energy-pkg/,1001083284,100.00,,
   186.189234128,57.35,Joules,power/energy-pkg/,1000706480,100.00,,
   187.190336740,44.18,Joules,power/energy-pkg/,1001087192,100.00,,
   188.191462014,49.78,Joules,power/energy-pkg/,1001119661,100.00,,
   189.192549350,46.61,Joules,power/energy-pkg/,1001073086,100.00,,
   190.193239386,43.27,Joules,power/energy-pkg/,1000689480,100.00,,
   191.194317336,33.15,Joules,power/energy-pkg/,1001075677,100.00,,
   192.195148192,26.77,Joules,power/energy-pkg/,1000820535,100.00,,
   193.196240117,41.18,Joules,power/energy-pkg/,1001107849,100.00,,
   194.197249915,41.36,Joules,power/energy-pkg/,1000991162,100.00,,
   195.198351980,38.31,Joules,power/energy-pkg/,1001073496,100.00,,
   196.199437498,43.23,Joules,power/energy-pkg/,1001104726,100.00,,
   197.200624725,36.66,Joules,power/energy-pkg/,1001173296,100.00,,
   198.201256683,43.13,Joules,power/energy-pkg/,1000624541,100.00,,
   199.202352496,39.93,Joules,power/energy-pkg/,1001070520,100.00,,
   200.203445152,37.46,Joules,power/energy-pkg/,1001084698,100.00,,
   201.204520410,37.89,Joules,power/energy-pkg/,1001066476,100.00,,
   202.205247884,32.37,Joules,power/energy-pkg/,1000748506,100.00,,
   203.206353702,34.93,Joules,power/energy-pkg/,1001073410,100.00,,
   204.207443929,34.92,Joules,power/energy-pkg/,1001080612,100.00,,
   205.208516793,39.22,Joules,power/energy-pkg/,1001065782,100.00,,
   206.209235264,37.02,Joules,power/energy-pkg/,1000715056,100.00,,
   207.210326630,40.75,Joules,power/energy-pkg/,1001080816,100.00,,
   208.211401374,34.92,Joules,power/energy-pkg/,1001067883,100.00,,
   209.212474104,35.74,Joules,power/energy-pkg/,1001063879,100.00,,
   210.213228799,37.70,Joules,power/energy-pkg/,1000752194,100.00,,
   211.214330378,36.50,Joules,power/energy-pkg/,1001106285,100.00,,
   212.215429053,32.92,Joules,power/energy-pkg/,1001089339,100.00,,
   213.216516727,25.53,Joules,power/energy-pkg/,1001066370,100.00,,
   214.217240261,29.20,Joules,power/energy-pkg/,1000723466,100.00,,
   215.218313938,37.75,Joules,power/energy-pkg/,1001072903,100.00,,
   216.219395884,42.62,Joules,power/energy-pkg/,1001062667,100.00,,
   217.220471090,40.42,Joules,power/energy-pkg/,1001068042,100.00,,
   218.221241780,38.55,Joules,power/energy-pkg/,1000784509,100.00,,
   219.222360047,38.58,Joules,power/energy-pkg/,1001108306,100.00,,
   220.223517948,39.58,Joules,power/energy-pkg/,1001145072,100.00,,
   221.224602428,30.92,Joules,power/energy-pkg/,1001063920,100.00,,
   222.225224161,26.78,Joules,power/energy-pkg/,1000613015,100.00,,
   223.226286292,32.89,Joules,power/energy-pkg/,1001055743,100.00,,
   224.227356274,52.64,Joules,power/energy-pkg/,1001079715,100.00,,
   225.228454596,61.85,Joules,power/energy-pkg/,1001073888,100.00,,
   226.229226692,50.06,Joules,power/energy-pkg/,1000765808,100.00,,
   227.230300350,51.61,Joules,power/energy-pkg/,1001068209,100.00,,
   228.230596584,45.77,Joules,power/energy-pkg/,1000298943,100.00,,
   229.231697058,46.73,Joules,power/energy-pkg/,1001095108,100.00,,
   230.232782182,40.70,Joules,power/energy-pkg/,1001065105,100.00,,
   231.233264429,38.17,Joules,power/energy-pkg/,1000485232,100.00,,
   232.234362489,38.35,Joules,power/energy-pkg/,1001093143,100.00,,
   233.235461363,39.42,Joules,power/energy-pkg/,1001077294,100.00,,
   234.236521875,29.99,Joules,power/energy-pkg/,1001054443,100.00,,
   235.237243018,35.69,Joules,power/energy-pkg/,1000729901,100.00,,
   236.238336439,35.46,Joules,power/energy-pkg/,1001082143,100.00,,
   237.239426369,38.24,Joules,power/energy-pkg/,1001070596,100.00,,
   238.240497402,39.29,Joules,power/energy-pkg/,1001788837,100.00,,
   239.242296477,46.08,Joules,power/energy-pkg/,1001084197,100.00,,
   240.243394601,48.09,Joules,power/energy-pkg/,1001094568,100.00,,
   241.244490864,48.61,Joules,power/energy-pkg/,1001070294,100.00,,
   242.245246692,45.31,Joules,power/energy-pkg/,1000755742,100.00,,
   243.246353624,46.01,Joules,power/energy-pkg/,1001102917,100.00,,
   244.247455275,42.52,Joules,power/energy-pkg/,1001101581,100.00,,
   245.248620054,39.92,Joules,power/energy-pkg/,1001155425,100.00,,
   246.249221737,28.17,Joules,power/energy-pkg/,1000576757,100.00,,
   247.250286972,29.34,Joules,power/energy-pkg/,1001058172,100.00,,
   248.251354774,33.62,Joules,power/energy-pkg/,1001060905,100.00,,
   249.252431054,27.24,Joules,power/energy-pkg/,1001080832,100.00,,
   250.253225821,27.62,Joules,power/energy-pkg/,1000776749,100.00,,
   251.254302392,26.47,Joules,power/energy-pkg/,1001067994,100.00,,
   252.255378606,26.77,Joules,power/energy-pkg/,1001072309,100.00,,
   253.256466176,23.57,Joules,power/energy-pkg/,1001076909,100.00,,
   254.257223430,36.90,Joules,power/energy-pkg/,1000765946,100.00,,
   255.258313313,39.20,Joules,power/energy-pkg/,1001068068,100.00,,
   256.259412892,40.76,Joules,power/energy-pkg/,1001149141,100.00,,
   257.260612992,44.50,Joules,power/energy-pkg/,1001750913,100.00,,
   258.261328388,40.13,Joules,power/energy-pkg/,1000101930,100.00,,
   259.262417474,29.28,Joules,power/energy-pkg/,1001072433,100.00,,
   260.263487149,37.34,Joules,power/energy-pkg/,1001063339,100.00,,
   261.264575402,50.98,Joules,power/energy-pkg/,1001108222,100.00,,
   262.265243392,47.32,Joules,power/energy-pkg/,1000640311,100.00,,
   263.266318914,37.68,Joules,power/energy-pkg/,1001060471,100.00,,
   264.266564186,37.21,Joules,power/energy-pkg/,1000264090,100.00,,
   265.267662739,35.90,Joules,power/energy-pkg/,1001067755,100.00,,
   266.268760737,38.98,Joules,power/energy-pkg/,1001088974,100.00,,
   267.269223625,34.64,Joules,power/energy-pkg/,1000456472,100.00,,
   268.270297552,36.88,Joules,power/energy-pkg/,1001065262,100.00,,
   269.271367837,33.81,Joules,power/energy-pkg/,1001064196,100.00,,
   270.271556021,37.43,Joules,power/energy-pkg/,1000208541,100.00,,
   271.272668181,46.69,Joules,power/energy-pkg/,1001186136,100.00,,
   272.273223701,45.02,Joules,power/energy-pkg/,1000439276,100.00,,
   273.274299639,27.30,Joules,power/energy-pkg/,1001067619,100.00,,
   274.275368014,27.08,Joules,power/energy-pkg/,1001060707,100.00,,
   275.276440295,28.86,Joules,power/energy-pkg/,1001067187,100.00,,
   276.277225038,28.71,Joules,power/energy-pkg/,1000777427,100.00,,
   277.278305152,24.96,Joules,power/energy-pkg/,1001085248,100.00,,
   278.279394901,27.68,Joules,power/energy-pkg/,1001082453,100.00,,
   279.280313156,27.56,Joules,power/energy-pkg/,1000927350,100.00,,
   280.281222128,27.50,Joules,power/energy-pkg/,1000873873,100.00,,
   281.282305027,37.13,Joules,power/energy-pkg/,1001111170,100.00,,
   282.283427008,34.74,Joules,power/energy-pkg/,1001078034,100.00,,
   283.284490406,25.93,Joules,power/energy-pkg/,1001055224,100.00,,
   284.285225812,25.06,Joules,power/energy-pkg/,1000730468,100.00,,
   285.286308045,40.08,Joules,power/energy-pkg/,1001086095,100.00,,
   286.287450493,53.79,Joules,power/energy-pkg/,1001159853,100.00,,
   287.288585534,54.90,Joules,power/energy-pkg/,1001095516,100.00,,
   288.289466457,56.34,Joules,power/energy-pkg/,1000887896,100.00,,
   289.290582225,51.89,Joules,power/energy-pkg/,1001089258,100.00,,
   290.291662877,50.45,Joules,power/energy-pkg/,1001105408,100.00,,
   291.292775108,51.39,Joules,power/energy-pkg/,1001075770,100.00,,
   292.293295353,42.31,Joules,power/energy-pkg/,1000531726,100.00,,
   293.294403099,37.89,Joules,power/energy-pkg/,1001081129,100.00,,
   294.295489809,30.97,Joules,power/energy-pkg/,1001076875,100.00,,
   295.296555365,27.25,Joules,power/energy-pkg/,1001059232,100.00,,
   296.297221669,27.26,Joules,power/energy-pkg/,1000665420,100.00,,
   297.298297328,27.52,Joules,power/energy-pkg/,1001062467,100.00,,
   298.299366886,28.51,Joules,power/energy-pkg/,1001062671,100.00,,
   299.300446987,46.63,Joules,power/energy-pkg/,1001083350,100.00,,
   300.301260927,63.61,Joules,power/energy-pkg/,1000819462,100.00,,
   301.302457588,59.18,Joules,power/energy-pkg/,1001166424,100.00,,
   302.302653245,52.41,Joules,power/energy-pkg/,1000222266,100.00,,
   303.303549908,41.90,Joules,power/energy-pkg/,1000884044,100.00,,
   304.304652225,48.80,Joules,power/energy-pkg/,1001095817,100.00,,
   305.305236468,55.10,Joules,power/energy-pkg/,1000575692,100.00,,
   306.306353736,53.24,Joules,power/energy-pkg/,1001132383,100.00,,
   307.307565928,49.70,Joules,power/energy-pkg/,1001156356,100.00,,
   308.308659192,47.04,Joules,power/energy-pkg/,1001134845,100.00,,
   309.309229926,47.64,Joules,power/energy-pkg/,1000514024,100.00,,
   310.310303573,38.31,Joules,power/energy-pkg/,1001065722,100.00,,
   311.311375171,36.61,Joules,power/energy-pkg/,1001063635,100.00,,
   312.312447586,40.93,Joules,power/energy-pkg/,1001067079,100.00,,
   313.313241557,42.82,Joules,power/energy-pkg/,1000791752,100.00,,
   314.314327809,36.87,Joules,power/energy-pkg/,1001078622,100.00,,
   315.315415818,35.05,Joules,power/energy-pkg/,1001074767,100.00,,
   316.316486470,28.49,Joules,power/energy-pkg/,1001803426,100.00,,
   317.318315436,37.28,Joules,power/energy-pkg/,1001082876,100.00,,
   318.319393191,36.30,Joules,power/energy-pkg/,1001091469,100.00,,
   319.320515333,39.89,Joules,power/energy-pkg/,1001098581,100.00,,
   320.321239788,44.37,Joules,power/energy-pkg/,1000712932,100.00,,
   321.322320625,50.31,Joules,power/energy-pkg/,1001082348,100.00,,
   322.323396403,50.60,Joules,power/energy-pkg/,1001058258,100.00,,
   323.324462582,48.64,Joules,power/energy-pkg/,1001059774,100.00,,
   324.325253956,43.83,Joules,power/energy-pkg/,1000798550,100.00,,
   325.326341110,37.72,Joules,power/energy-pkg/,1001085319,100.00,,
   326.327433292,30.18,Joules,power/energy-pkg/,1001067041,100.00,,
   327.328504327,35.19,Joules,power/energy-pkg/,1001062478,100.00,,
   328.329229052,43.15,Joules,power/energy-pkg/,1000718956,100.00,,
   329.330313758,36.88,Joules,power/energy-pkg/,1001077560,100.00,,
   330.331406635,40.72,Joules,power/energy-pkg/,1001085425,100.00,,
   331.332484123,50.52,Joules,power/energy-pkg/,1001069215,100.00,,
   332.333225336,57.20,Joules,power/energy-pkg/,1000734697,100.00,,
   333.334309646,60.91,Joules,power/energy-pkg/,1001094643,100.00,,
   334.335414081,57.16,Joules,power/energy-pkg/,1001080856,100.00,,
   335.336315669,48.39,Joules,power/energy-pkg/,1000913541,100.00,,
   336.337223457,35.67,Joules,power/energy-pkg/,1000878112,100.00,,
   337.338292324,27.96,Joules,power/energy-pkg/,1001061774,100.00,,
   338.338430484,31.43,Joules,power/energy-pkg/,1000152073,100.00,,
   339.339539880,35.54,Joules,power/energy-pkg/,1001085450,100.00,,
   340.340631151,34.27,Joules,power/energy-pkg/,1001081268,100.00,,
   341.341233814,38.66,Joules,power/energy-pkg/,1000596413,100.00,,
   342.342323009,37.04,Joules,power/energy-pkg/,1001094519,100.00,,
   343.343404726,30.24,Joules,power/energy-pkg/,1001059424,100.00,,
   344.344471694,29.48,Joules,power/energy-pkg/,1001063871,100.00,,
   345.345229895,35.99,Joules,power/energy-pkg/,1000754039,100.00,,
   346.346341648,33.16,Joules,power/energy-pkg/,1001112376,100.00,,
   347.347196049,28.07,Joules,power/energy-pkg/,1000853471,100.00,,
   348.348299999,30.37,Joules,power/energy-pkg/,1001089079,100.00,,
   349.349244682,31.40,Joules,power/energy-pkg/,1000932616,100.00,,
   350.350327624,35.20,Joules,power/energy-pkg/,1001069319,100.00,,
   351.351426517,33.79,Joules,power/energy-pkg/,1001103510,100.00,,
   352.352510417,28.01,Joules,power/energy-pkg/,1001063633,100.00,,
   353.353224093,27.78,Joules,power/energy-pkg/,1000706815,100.00,,
   354.354307155,34.30,Joules,power/energy-pkg/,1001089093,100.00,,
   355.355415154,40.10,Joules,power/energy-pkg/,1001099989,100.00,,
   356.356503750,37.73,Joules,power/energy-pkg/,1001068395,100.00,,
   357.357373088,50.79,Joules,power/energy-pkg/,1000862218,100.00,,
   358.358439798,44.12,Joules,power/energy-pkg/,1001058828,100.00,,
   359.359507197,40.78,Joules,power/energy-pkg/,1001060643,100.00,,
   360.360576347,47.84,Joules,power/energy-pkg/,1001063880,100.00,,
   361.361246404,35.47,Joules,power/energy-pkg/,1000667957,100.00,,
   362.362328150,28.81,Joules,power/energy-pkg/,1001066825,100.00,,
   363.363392210,28.78,Joules,power/energy-pkg/,1001057985,100.00,,
   364.364458235,40.32,Joules,power/energy-pkg/,1001059479,100.00,,
   365.365227634,45.42,Joules,power/energy-pkg/,1000761671,100.00,,
   366.366308863,44.88,Joules,power/energy-pkg/,1001102336,100.00,,
   367.367410270,35.78,Joules,power/energy-pkg/,1001065968,100.00,,
   368.368488216,28.68,Joules,power/energy-pkg/,1001086132,100.00,,
   369.369224180,35.84,Joules,power/energy-pkg/,1000712668,100.00,,
   370.370295460,27.78,Joules,power/energy-pkg/,1001066793,100.00,,
   371.371165127,43.15,Joules,power/energy-pkg/,1000880078,100.00,,
   372.372252749,47.85,Joules,power/energy-pkg/,1001061210,100.00,,
   373.373231334,38.17,Joules,power/energy-pkg/,1000972469,100.00,,
   374.374310178,36.74,Joules,power/energy-pkg/,1001070152,100.00,,
   375.375372854,32.68,Joules,power/energy-pkg/,1001055846,100.00,,
   376.376441969,36.58,Joules,power/energy-pkg/,1001071508,100.00,,
   377.377240241,28.81,Joules,power/energy-pkg/,1000801741,100.00,,
   378.377475190,36.29,Joules,power/energy-pkg/,1000214686,100.00,,
   379.378548186,37.04,Joules,power/energy-pkg/,1001056804,100.00,,
   380.379632411,35.83,Joules,power/energy-pkg/,1001079215,100.00,,
   381.380705882,41.24,Joules,power/energy-pkg/,1001082381,100.00,,
   382.381227287,40.36,Joules,power/energy-pkg/,1000501421,100.00,,
   383.382345561,36.24,Joules,power/energy-pkg/,1001119240,100.00,,
   384.383421010,43.63,Joules,power/energy-pkg/,1001054961,100.00,,
   385.384510980,45.70,Joules,power/energy-pkg/,1001109233,100.00,,
   386.385241564,50.93,Joules,power/energy-pkg/,1000720129,100.00,,
   387.386348388,37.24,Joules,power/energy-pkg/,1001110347,100.00,,
   388.387465955,41.72,Joules,power/energy-pkg/,1001108582,100.00,,
   389.388583029,49.15,Joules,power/energy-pkg/,1001079879,100.00,,
   390.389224203,51.11,Joules,power/energy-pkg/,1000632639,100.00,,
   391.390288665,51.40,Joules,power/energy-pkg/,1001056601,100.00,,
   392.391358382,39.13,Joules,power/energy-pkg/,1001067171,100.00,,
   393.392466482,44.62,Joules,power/energy-pkg/,1001097787,100.00,,
   394.393222779,27.81,Joules,power/energy-pkg/,1000748790,100.00,,
   395.394290217,33.17,Joules,power/energy-pkg/,1001077127,100.00,,
   396.394942046,44.74,Joules,power/energy-pkg/,1000650705,100.00,,
   397.396048196,51.81,Joules,power/energy-pkg/,1001076878,100.00,,
   398.397122172,61.35,Joules,power/energy-pkg/,1001080106,100.00,,
   399.397229778,65.66,Joules,power/energy-pkg/,1000091338,100.00,,
   400.398345018,54.53,Joules,power/energy-pkg/,1001125278,100.00,,
   401.399514811,54.68,Joules,power/energy-pkg/,1001152845,100.00,,
   402.399988083,51.65,Joules,power/energy-pkg/,1000478488,100.00,,
   403.401087163,45.65,Joules,power/energy-pkg/,1001098285,100.00,,
   404.401249034,54.18,Joules,power/energy-pkg/,1000143785,100.00,,
   405.402345639,49.48,Joules,power/energy-pkg/,1001088917,100.00,,
   406.403443099,58.92,Joules,power/energy-pkg/,1001085516,100.00,,
   407.404559755,56.89,Joules,power/energy-pkg/,1001121918,100.00,,
   408.405262285,48.36,Joules,power/energy-pkg/,1000687262,100.00,,
   409.406384154,54.63,Joules,power/energy-pkg/,1001094853,100.00,,
   410.407453001,51.28,Joules,power/energy-pkg/,1001062180,100.00,,
   411.408530994,49.12,Joules,power/energy-pkg/,1001771430,100.00,,
   412.410370092,55.35,Joules,power/energy-pkg/,1001160575,100.00,,
   413.411566263,53.79,Joules,power/energy-pkg/,1001199982,100.00,,
   414.412728068,56.83,Joules,power/energy-pkg/,1001126608,100.00,,
   415.413230515,66.92,Joules,power/energy-pkg/,1000494758,100.00,,
   416.414318642,53.49,Joules,power/energy-pkg/,1001077834,100.00,,
   417.415423366,53.94,Joules,power/energy-pkg/,1001122636,100.00,,
   418.416685961,54.74,Joules,power/energy-pkg/,1001231335,100.00,,
   419.417221430,43.00,Joules,power/energy-pkg/,1000517607,100.00,,
   420.418294175,29.08,Joules,power/energy-pkg/,1001080597,100.00,,
   421.418729317,36.26,Joules,power/energy-pkg/,1000449329,100.00,,
   422.419775309,37.19,Joules,power/energy-pkg/,1001017512,100.00,,
   423.420883811,47.68,Joules,power/energy-pkg/,1001089994,100.00,,
   424.421240036,50.75,Joules,power/energy-pkg/,1000352947,100.00,,
   425.422353975,64.60,Joules,power/energy-pkg/,1001117190,100.00,,
   426.423449831,62.12,Joules,power/energy-pkg/,1001070881,100.00,,
   427.424523596,58.42,Joules,power/energy-pkg/,1001079663,100.00,,
   428.425232141,58.60,Joules,power/energy-pkg/,1000690048,100.00,,
   429.426250905,51.05,Joules,power/energy-pkg/,1001038294,100.00,,
   430.427355126,36.94,Joules,power/energy-pkg/,1001081738,100.00,,
   431.428441866,34.58,Joules,power/energy-pkg/,1001095578,100.00,,
   432.429223893,29.37,Joules,power/energy-pkg/,1000745465,100.00,,
   433.430285526,42.02,Joules,power/energy-pkg/,1001056746,100.00,,
   434.431032882,44.66,Joules,power/energy-pkg/,1000746351,100.00,,
   435.432115053,34.07,Joules,power/energy-pkg/,1001067012,100.00,,
   436.433185949,28.24,Joules,power/energy-pkg/,1001062870,100.00,,
   437.434258050,38.87,Joules,power/energy-pkg/,1001067819,100.00,,
   438.435352233,50.33,Joules,power/energy-pkg/,1001083857,100.00,,
   439.436411810,41.61,Joules,power/energy-pkg/,1001053036,100.00,,
   440.437236308,37.64,Joules,power/energy-pkg/,1000819896,100.00,,
   441.437812637,35.84,Joules,power/energy-pkg/,1000577336,100.00,,
   442.438900573,29.74,Joules,power/energy-pkg/,1001084157,100.00,,
   443.439993655,36.99,Joules,power/energy-pkg/,1001085351,100.00,,
   444.440343810,36.91,Joules,power/energy-pkg/,1000337073,100.00,,
   445.441247441,36.58,Joules,power/energy-pkg/,1000894926,100.00,,
   446.442340348,35.06,Joules,power/energy-pkg/,1001112126,100.00,,
   447.443447555,36.04,Joules,power/energy-pkg/,1001088169,100.00,,
   448.444554552,51.43,Joules,power/energy-pkg/,1001082707,100.00,,
   449.445224856,47.55,Joules,power/energy-pkg/,1000661813,100.00,,
   450.446317303,42.13,Joules,power/energy-pkg/,1001098934,100.00,,
   451.447425000,36.16,Joules,power/energy-pkg/,1001097873,100.00,,
   452.448503291,30.31,Joules,power/energy-pkg/,1001057267,100.00,,
   453.449222295,35.70,Joules,power/energy-pkg/,1000713233,100.00,,
   454.450300766,34.14,Joules,power/energy-pkg/,1001083984,100.00,,
   455.451394414,37.89,Joules,power/energy-pkg/,1001085085,100.00,,
   456.452478011,44.49,Joules,power/energy-pkg/,1001078685,100.00,,
   457.453234716,47.04,Joules,power/energy-pkg/,1000746161,100.00,,
   458.454323392,54.80,Joules,power/energy-pkg/,1001089948,100.00,,
   459.455432053,45.96,Joules,power/energy-pkg/,1001098357,100.00,,
   460.456547979,58.98,Joules,power/energy-pkg/,1001095136,100.00,,
   461.457349756,62.13,Joules,power/energy-pkg/,1000816154,100.00,,
   462.458457901,66.55,Joules,power/energy-pkg/,1001078160,100.00,,
   463.459525685,55.72,Joules,power/energy-pkg/,1001058851,100.00,,
   464.460602020,44.28,Joules,power/energy-pkg/,1001103730,100.00,,
   465.461232151,36.40,Joules,power/energy-pkg/,1000589497,100.00,,
   466.462307114,35.68,Joules,power/energy-pkg/,1001101541,100.00,,
   467.463419042,45.64,Joules,power/energy-pkg/,1001094838,100.00,,
   468.464505096,46.48,Joules,power/energy-pkg/,1001054457,100.00,,
   469.465224820,39.86,Joules,power/energy-pkg/,1000711941,100.00,,
   470.466291924,26.23,Joules,power/energy-pkg/,1001060150,100.00,,
   471.467361332,34.57,Joules,power/energy-pkg/,1001062867,100.00,,
   472.468000253,36.57,Joules,power/energy-pkg/,1000641414,100.00,,
   473.469099958,37.81,Joules,power/energy-pkg/,1001096783,100.00,,
   474.469242997,38.51,Joules,power/energy-pkg/,1000145617,100.00,,
   475.470334435,36.48,Joules,power/energy-pkg/,1001060376,100.00,,
   476.470690736,31.27,Joules,power/energy-pkg/,1000362115,100.00,,
   477.471775085,26.89,Joules,power/energy-pkg/,1001068004,100.00,,
   478.472875411,33.86,Joules,power/energy-pkg/,1001104080,100.00,,
   479.473229493,34.91,Joules,power/energy-pkg/,1000333582,100.00,,
   480.474303161,37.98,Joules,power/energy-pkg/,1001065195,100.00,,
   481.475401396,36.61,Joules,power/energy-pkg/,1001105279,100.00,,
   482.476487645,28.39,Joules,power/energy-pkg/,1001066659,100.00,,
   483.477244306,32.81,Joules,power/energy-pkg/,1000753994,100.00,,
   484.478327410,44.15,Joules,power/energy-pkg/,1001082754,100.00,,
   485.479415642,52.48,Joules,power/energy-pkg/,1001070320,100.00,,
   486.480502860,61.61,Joules,power/energy-pkg/,1001077935,100.00,,
   487.481231084,53.28,Joules,power/energy-pkg/,1000724958,100.00,,
   488.482342759,48.62,Joules,power/energy-pkg/,1001118764,100.00,,
   489.483433180,49.99,Joules,power/energy-pkg/,1001064977,100.00,,
   490.484501486,52.35,Joules,power/energy-pkg/,1001060453,100.00,,
   491.485224739,49.52,Joules,power/energy-pkg/,1000716296,100.00,,
   492.486288446,52.44,Joules,power/energy-pkg/,1001057265,100.00,,
   493.487356664,40.71,Joules,power/energy-pkg/,1001059627,100.00,,
   494.488436784,34.37,Joules,power/energy-pkg/,1001089060,100.00,,
   495.489221974,28.88,Joules,power/energy-pkg/,1000763406,100.00,,
   496.490294356,26.30,Joules,power/energy-pkg/,1001064430,100.00,,
   497.491366993,30.23,Joules,power/energy-pkg/,1001064777,100.00,,
   498.492428588,27.36,Joules,power/energy-pkg/,1001054669,100.00,,
   499.493223804,28.44,Joules,power/energy-pkg/,1000789409,100.00,,
   500.494291682,32.87,Joules,power/energy-pkg/,1001060031,100.00,,
   501.495357716,31.91,Joules,power/energy-pkg/,1001058607,100.00,,
   502.496424453,27.92,Joules,power/energy-pkg/,1001059989,100.00,,
   503.497223394,33.69,Joules,power/energy-pkg/,1000791906,100.00,,
   504.498299370,37.13,Joules,power/energy-pkg/,1001082491,100.00,,
   505.499383597,37.19,Joules,power/energy-pkg/,1001062952,100.00,,
   506.500454052,37.86,Joules,power/energy-pkg/,1001064078,100.00,,
   507.501224560,29.92,Joules,power/energy-pkg/,1000762623,100.00,,
   508.502169836,28.18,Joules,power/energy-pkg/,1000968512,100.00,,
   509.503264760,27.79,Joules,power/energy-pkg/,1001056531,100.00,,
   510.504332010,36.18,Joules,power/energy-pkg/,1001070551,100.00,,
   511.505242910,29.20,Joules,power/energy-pkg/,1000899470,100.00,,
   512.506311962,30.45,Joules,power/energy-pkg/,1001069753,100.00,,
   513.507395324,36.57,Joules,power/energy-pkg/,1001063207,100.00,,
   514.508474163,37.85,Joules,power/energy-pkg/,1001083689,100.00,,
   515.509237166,38.49,Joules,power/energy-pkg/,1000753103,100.00,,
   516.510318341,37.04,Joules,power/energy-pkg/,1001076756,100.00,,
   517.511406397,43.04,Joules,power/energy-pkg/,1001100837,100.00,,
   518.512524835,48.39,Joules,power/energy-pkg/,1001107796,100.00,,
   519.513248606,52.78,Joules,power/energy-pkg/,1000699682,100.00,,
   520.514379256,54.23,Joules,power/energy-pkg/,1001112523,100.00,,
   521.515465403,35.96,Joules,power/energy-pkg/,1001090180,100.00,,
   522.516557530,42.94,Joules,power/energy-pkg/,1001086838,100.00,,
   523.517342525,52.68,Joules,power/energy-pkg/,1000787983,100.00,,
   524.518449223,47.57,Joules,power/energy-pkg/,1001080214,100.00,,
   525.519554923,48.43,Joules,power/energy-pkg/,1001109779,100.00,,
   526.520662458,38.16,Joules,power/energy-pkg/,1001098496,100.00,,
   527.521266175,36.97,Joules,power/energy-pkg/,1000587257,100.00,,
   528.522343991,46.52,Joules,power/energy-pkg/,1001078044,100.00,,
   529.523418277,46.78,Joules,power/energy-pkg/,1001054930,100.00,,
   530.524489452,37.88,Joules,power/energy-pkg/,1001064607,100.00,,
   531.525221603,37.86,Joules,power/energy-pkg/,1000727858,100.00,,
   532.526298567,44.27,Joules,power/energy-pkg/,1001075183,100.00,,
   533.527370843,56.57,Joules,power/energy-pkg/,1001057001,100.00,,
   534.528443900,57.11,Joules,power/energy-pkg/,1001065378,100.00,,
   535.529225458,52.91,Joules,power/energy-pkg/,1000772916,100.00,,
   536.530293858,34.49,Joules,power/energy-pkg/,1001062123,100.00,,
   537.531365992,26.97,Joules,power/energy-pkg/,1001065047,100.00,,
   538.532451684,27.99,Joules,power/energy-pkg/,1001090178,100.00,,
   539.533226830,43.11,Joules,power/energy-pkg/,1000758408,100.00,,
   540.534319549,47.51,Joules,power/energy-pkg/,1001118426,100.00,,
   541.535435925,43.44,Joules,power/energy-pkg/,1001075331,100.00,,
   542.536516164,38.14,Joules,power/energy-pkg/,1001081534,100.00,,
   543.537232038,53.24,Joules,power/energy-pkg/,1000700032,100.00,,
   544.538317193,55.82,Joules,power/energy-pkg/,1001077273,100.00,,
   545.539401820,45.50,Joules,power/energy-pkg/,1001090298,100.00,,
   546.539863902,38.99,Joules,power/energy-pkg/,1000467226,100.00,,
   547.540968456,31.48,Joules,power/energy-pkg/,1009328777,100.00,,
   548.550296319,38.37,Joules,power/energy-pkg/,1001080063,100.00,,
   549.551394380,43.81,Joules,power/energy-pkg/,1001107103,100.00,,
   550.552501665,53.80,Joules,power/energy-pkg/,1001070038,100.00,,
   551.553237850,58.61,Joules,power/energy-pkg/,1000737013,100.00,,
   552.554335814,47.54,Joules,power/energy-pkg/,1001090195,100.00,,
   553.555406817,50.57,Joules,power/energy-pkg/,1001071458,100.00,,
   554.556518543,51.22,Joules,power/energy-pkg/,1001105570,100.00,,
   555.557258773,45.67,Joules,power/energy-pkg/,1000742862,100.00,,
   556.558385681,49.97,Joules,power/energy-pkg/,1001127907,100.00,,
   557.559500831,54.54,Joules,power/energy-pkg/,1001072696,100.00,,
   558.560589733,48.04,Joules,power/energy-pkg/,1001083084,100.00,,
   559.561242567,41.21,Joules,power/energy-pkg/,1000650543,100.00,,
   560.562328468,34.69,Joules,power/energy-pkg/,1001101118,100.00,,
   561.563427265,37.80,Joules,power/energy-pkg/,1001106100,100.00,,
   562.564579314,43.08,Joules,power/energy-pkg/,1001144449,100.00,,
   563.565224769,38.83,Joules,power/energy-pkg/,1000595069,100.00,,
   564.566295616,33.19,Joules,power/energy-pkg/,1001064078,100.00,,
   565.567371909,35.25,Joules,power/energy-pkg/,1001078671,100.00,,
   566.568476953,37.48,Joules,power/energy-pkg/,1001097403,100.00,,
   567.569230694,36.38,Joules,power/energy-pkg/,1000743230,100.00,,
   568.570352685,34.00,Joules,power/energy-pkg/,1001123878,100.00,,
   569.571442905,34.95,Joules,power/energy-pkg/,1001068802,100.00,,
   570.572527463,33.57,Joules,power/energy-pkg/,1001089165,100.00,,
   571.573244172,36.24,Joules,power/energy-pkg/,1000713098,100.00,,
   572.574333704,35.36,Joules,power/energy-pkg/,1001079983,100.00,,
   573.575418099,43.49,Joules,power/energy-pkg/,1001063830,100.00,,
   574.576297262,46.05,Joules,power/energy-pkg/,1000888315,100.00,,
   575.577236756,46.68,Joules,power/energy-pkg/,1000925939,100.00,,
   576.578325781,43.56,Joules,power/energy-pkg/,1001082611,100.00,,
   577.579414115,41.59,Joules,power/energy-pkg/,1001085477,100.00,,
   578.580503657,34.49,Joules,power/energy-pkg/,1001066557,100.00,,
   579.581225085,28.12,Joules,power/energy-pkg/,1000714804,100.00,,
   580.582302171,28.30,Joules,power/energy-pkg/,1001069348,100.00,,
   581.583373733,28.42,Joules,power/energy-pkg/,1001064506,100.00,,
   582.584446073,28.38,Joules,power/energy-pkg/,1001065333,100.00,,
   583.585235053,28.80,Joules,power/energy-pkg/,1000793768,100.00,,
   584.586323758,28.32,Joules,power/energy-pkg/,1001090221,100.00,,
   585.587341185,28.23,Joules,power/energy-pkg/,1001041558,100.00,,
   586.588414859,27.47,Joules,power/energy-pkg/,1001036492,100.00,,
   587.589251158,27.73,Joules,power/energy-pkg/,1000811540,100.00,,
   588.590325507,30.21,Joules,power/energy-pkg/,1001064602,100.00,,
   589.590796566,38.49,Joules,power/energy-pkg/,1000471869,100.00,,
   590.591892778,37.95,Joules,power/energy-pkg/,1001098870,100.00,,
   591.593000983,39.51,Joules,power/energy-pkg/,1001083333,100.00,,
   592.593238324,32.35,Joules,power/energy-pkg/,1000239262,100.00,,
   593.594319168,27.55,Joules,power/energy-pkg/,1001064359,100.00,,
   594.595409148,26.96,Joules,power/energy-pkg/,1001091781,100.00,,
   595.596492886,26.33,Joules,power/energy-pkg/,1001077266,100.00,,
   596.597238163,39.35,Joules,power/energy-pkg/,1000737613,100.00,,
   597.598386753,42.70,Joules,power/energy-pkg/,1001181373,100.00,,
   598.599562004,42.92,Joules,power/energy-pkg/,1001119373,100.00,,
   599.600652012,49.18,Joules,power/energy-pkg/,1001113068,100.00,,
   600.601232974,54.13,Joules,power/energy-pkg/,1000559082,100.00,,
   601.602331008,60.35,Joules,power/energy-pkg/,1001079675,100.00,,
   602.603470246,66.34,Joules,power/energy-pkg/,1001206741,100.00,,
   603.604727535,65.35,Joules,power/energy-pkg/,1001170994,100.00,,
   604.605246346,63.14,Joules,power/energy-pkg/,1000529335,100.00,,
   605.605668972,56.16,Joules,power/energy-pkg/,1000405985,100.00,,
   606.606744788,50.82,Joules,power/energy-pkg/,1001059246,100.00,,
   607.607821394,46.72,Joules,power/energy-pkg/,1001067531,100.00,,
   608.608890148,31.63,Joules,power/energy-pkg/,1001061326,100.00,,
   609.609226315,33.42,Joules,power/energy-pkg/,1000345105,100.00,,
   610.610316516,39.09,Joules,power/energy-pkg/,1001072036,100.00,,
   611.611419081,52.01,Joules,power/energy-pkg/,1001094848,100.00,,
   612.612511813,53.85,Joules,power/energy-pkg/,1009794811,100.00,,
   613.622300203,41.67,Joules,power/energy-pkg/,1001085233,100.00,,
   614.623407714,52.95,Joules,power/energy-pkg/,1001129491,100.00,,
   615.624599213,65.73,Joules,power/energy-pkg/,1001179301,100.00,,
   616.625252012,68.47,Joules,power/energy-pkg/,1000640117,100.00,,
   617.626468363,60.13,Joules,power/energy-pkg/,1001174836,100.00,,
   618.627545048,53.50,Joules,power/energy-pkg/,1001072872,100.00,,
   619.628653356,69.02,Joules,power/energy-pkg/,1001111235,100.00,,
   620.629255049,64.66,Joules,power/energy-pkg/,1000597251,100.00,,
   621.630347120,60.98,Joules,power/energy-pkg/,1001068393,100.00,,
   622.631419425,68.53,Joules,power/energy-pkg/,1001064886,100.00,,
   623.632486986,69.59,Joules,power/energy-pkg/,1001061045,100.00,,
   624.633251120,68.09,Joules,power/energy-pkg/,1000778942,100.00,,
   625.634450041,74.82,Joules,power/energy-pkg/,1001181334,100.00,,
   626.635583613,72.01,Joules,power/energy-pkg/,1001158254,100.00,,
   627.636755451,65.43,Joules,power/energy-pkg/,1001145332,100.00,,
   628.637223007,70.61,Joules,power/energy-pkg/,1000434858,100.00,,
   629.638289944,67.06,Joules,power/energy-pkg/,1003996009,100.00,,
   630.642315269,50.01,Joules,power/energy-pkg/,1001098475,100.00,,
   631.643418907,40.96,Joules,power/energy-pkg/,1001085780,100.00,,
   632.644523163,45.71,Joules,power/energy-pkg/,1001091285,100.00,,
   633.645241993,45.16,Joules,power/energy-pkg/,1000722790,100.00,,
   634.646324066,47.43,Joules,power/energy-pkg/,1001066791,100.00,,
   635.647421454,53.75,Joules,power/energy-pkg/,1001087302,100.00,,
   636.648486026,56.85,Joules,power/energy-pkg/,1001056549,100.00,,
   637.649226525,47.00,Joules,power/energy-pkg/,1000749940,100.00,,
   638.650314063,46.22,Joules,power/energy-pkg/,1001066017,100.00,,
   639.651399807,51.71,Joules,power/energy-pkg/,1001093271,100.00,,
   640.652505537,44.68,Joules,power/energy-pkg/,1001097194,100.00,,
   641.653222857,49.63,Joules,power/energy-pkg/,1000696698,100.00,,
   642.654312081,46.90,Joules,power/energy-pkg/,1001099253,100.00,,
   643.655453063,31.26,Joules,power/energy-pkg/,1001127637,100.00,,
   644.656525101,38.89,Joules,power/energy-pkg/,1001052431,100.00,,
   645.657225432,43.14,Joules,power/energy-pkg/,1000693334,100.00,,
   646.657425528,46.00,Joules,power/energy-pkg/,1000206980,100.00,,
   647.658517262,37.53,Joules,power/energy-pkg/,1001085248,100.00,,
   648.659607696,34.39,Joules,power/energy-pkg/,1001078934,100.00,,
   649.660690389,39.63,Joules,power/energy-pkg/,1001078303,100.00,,
   650.661225000,33.94,Joules,power/energy-pkg/,1000514436,100.00,,
   651.662291642,36.01,Joules,power/energy-pkg/,1001058761,100.00,,
   652.663362242,34.80,Joules,power/energy-pkg/,1001076528,100.00,,
   653.664446593,37.77,Joules,power/energy-pkg/,1001077440,100.00,,
   654.665224009,37.93,Joules,power/energy-pkg/,1000757425,100.00,,
   655.666294097,31.62,Joules,power/energy-pkg/,1001078286,100.00,,
   656.666553930,41.01,Joules,power/energy-pkg/,1000261937,100.00,,
   657.667657762,39.99,Joules,power/energy-pkg/,1001085142,100.00,,
   658.668745002,36.73,Joules,power/energy-pkg/,1001091357,100.00,,
   659.669552107,46.02,Joules,power/energy-pkg/,1000791904,100.00,,
   660.670649343,37.84,Joules,power/energy-pkg/,1001093429,100.00,,
   661.671753288,45.25,Joules,power/energy-pkg/,1001094199,100.00,,
   662.672844617,62.74,Joules,power/energy-pkg/,1001069417,100.00,,
   663.673222270,58.10,Joules,power/energy-pkg/,1000367479,100.00,,
   664.674289050,54.17,Joules,power/energy-pkg/,1001069390,100.00,,
   665.675405866,53.61,Joules,power/energy-pkg/,1001133711,100.00,,
   666.676514265,47.32,Joules,power/energy-pkg/,1001070527,100.00,,
   667.677221718,40.56,Joules,power/energy-pkg/,1000700025,100.00,,
   668.678299391,40.77,Joules,power/energy-pkg/,1001080547,100.00,,
   669.678791166,47.06,Joules,power/energy-pkg/,1000538342,100.00,,
   670.679363051,47.49,Joules,power/energy-pkg/,1000522760,100.00,,
   671.680467898,46.89,Joules,power/energy-pkg/,1001074020,100.00,,
   672.681241101,50.36,Joules,power/energy-pkg/,1000789115,100.00,,
   673.682330618,45.86,Joules,power/energy-pkg/,1001091403,100.00,,
   674.683516750,55.77,Joules,power/energy-pkg/,1001263115,100.00,,
   675.684756462,56.60,Joules,power/energy-pkg/,1001118993,100.00,,
   676.685259925,55.90,Joules,power/energy-pkg/,1000567718,100.00,,
   677.686355877,57.48,Joules,power/energy-pkg/,1001155673,100.00,,
   678.687502336,58.47,Joules,power/energy-pkg/,1001051171,100.00,,
   679.688562407,62.89,Joules,power/energy-pkg/,1001019081,100.00,,
   680.689225191,74.63,Joules,power/energy-pkg/,1000637608,100.00,,
   681.690305963,59.36,Joules,power/energy-pkg/,1001074205,100.00,,
   682.691382046,28.46,Joules,power/energy-pkg/,1001067672,100.00,,
   683.692445943,28.23,Joules,power/energy-pkg/,1001057145,100.00,,
   684.693235832,28.07,Joules,power/energy-pkg/,1000795473,100.00,,
   685.694329163,26.30,Joules,power/energy-pkg/,1001103388,100.00,,
   686.695375097,24.80,Joules,power/energy-pkg/,1001044660,100.00,,
   687.696432338,28.24,Joules,power/energy-pkg/,1001045574,100.00,,
   688.697241598,25.15,Joules,power/energy-pkg/,1000789344,100.00,,
   689.698345930,24.49,Joules,power/energy-pkg/,1001090612,100.00,,
   690.699436000,25.99,Joules,power/energy-pkg/,1001070178,100.00,,
   691.700505931,27.41,Joules,power/energy-pkg/,1001061943,100.00,,
   692.701224533,25.74,Joules,power/energy-pkg/,1000711415,100.00,,
   693.702307742,28.03,Joules,power/energy-pkg/,1001090108,100.00,,
   694.703390081,28.37,Joules,power/energy-pkg/,1001061500,100.00,,
   695.704460433,27.12,Joules,power/energy-pkg/,1001063894,100.00,,
   696.705225586,26.69,Joules,power/energy-pkg/,1000759791,100.00,,
   697.706308397,28.15,Joules,power/energy-pkg/,1001086970,100.00,,
   698.706418344,19.40,Joules,power/energy-pkg/,1000099959,100.00,,
   699.707499462,17.66,Joules,power/energy-pkg/,1001075962,100.00,,
   700.708575848,17.29,Joules,power/energy-pkg/,1001056191,100.00,,
   701.709239142,17.52,Joules,power/energy-pkg/,1000671480,100.00,,
   702.710323479,18.26,Joules,power/energy-pkg/,1001063460,100.00,,
   703.711401586,19.75,Joules,power/energy-pkg/,1001074490,100.00,,
   704.712517370,19.05,Joules,power/energy-pkg/,1001120284,100.00,,
   705.713230397,18.49,Joules,power/energy-pkg/,1000702343,100.00,,
   706.714004749,19.26,Joules,power/energy-pkg/,1000779819,100.00,,
   707.715108642,21.22,Joules,power/energy-pkg/,1001071739,100.00,,
   708.716193453,19.19,Joules,power/energy-pkg/,1001090876,100.00,,
   709.717245387,21.48,Joules,power/energy-pkg/,1001038895,100.00,,
   710.718336902,21.18,Joules,power/energy-pkg/,1001076669,100.00,,
   711.719404624,21.71,Joules,power/energy-pkg/,1001060715,100.00,,
   712.720485026,20.59,Joules,power/energy-pkg/,1001087910,100.00,,
   713.721253229,19.43,Joules,power/energy-pkg/,1000750522,100.00,,
   714.722333711,20.98,Joules,power/energy-pkg/,1001080810,100.00,,
   715.723413610,20.90,Joules,power/energy-pkg/,1001074225,100.00,,
   716.724509418,19.77,Joules,power/energy-pkg/,1001087879,100.00,,
   717.725237023,21.00,Joules,power/energy-pkg/,1000720426,100.00,,
   718.726327093,22.54,Joules,power/energy-pkg/,1001082996,100.00,,
   719.727417257,20.93,Joules,power/energy-pkg/,1001069320,100.00,,
   720.728473444,19.73,Joules,power/energy-pkg/,1001049849,100.00,,
   721.729230933,22.28,Joules,power/energy-pkg/,1000750008,100.00,,
   722.730303517,21.08,Joules,power/energy-pkg/,1001078908,100.00,,
   723.731405642,18.28,Joules,power/energy-pkg/,1001149441,100.00,,
   724.732483672,20.19,Joules,power/energy-pkg/,1001049404,100.00,,
   725.733244008,22.22,Joules,power/energy-pkg/,1000752488,100.00,,
   726.734307380,25.68,Joules,power/energy-pkg/,1001063610,100.00,,
   727.735372280,21.88,Joules,power/energy-pkg/,1001067198,100.00,,
