Efaas Version: 
74d81bf3c572bbe3cefb38d42a350bb85543de30
iluvatar-energy-experiments Version: 
1c679b1191001ea6171baaa8c7378bdb9548eefb

PLAY [workers] *****************************************************************

TASK [Gathering Facts] *********************************************************
ok: [worker1]

TASK [Get running worker process] **********************************************
changed: [worker1]

TASK [debug print] *************************************************************
ok: [worker1] => {
    "msg": "129.79.242.15"
}

TASK [Kill running worker process on localhost] ********************************

TASK [Kill running worker process distrib] *************************************

TASK [Create bin directory] ****************************************************
ok: [worker1]

TASK [copy worker executable] **************************************************
ok: [worker1]

TASK [copy worker config] ******************************************************
ok: [worker1]

TASK [clean localhost] *********************************************************
skipping: [worker1]

TASK [clean distrib host] ******************************************************
changed: [worker1]

TASK [run worker executable] ***************************************************
skipping: [worker1]

TASK [debug print] *************************************************************
ok: [worker1] => {
    "msg": {
        "changed": false,
        "skip_reason": "Conditional result was False",
        "skipped": true
    }
}

TASK [wait until the worker on this host is up and running] ********************
skipping: [worker1]

PLAY RECAP *********************************************************************
worker1                    : ok=8    changed=2    unreachable=0    failed=0    skipped=5    rescued=0    ignored=0   


PLAY [workers] *****************************************************************

TASK [Gathering Facts] *********************************************************
ok: [worker1]

TASK [Get running worker process] **********************************************
skipping: [worker1]

TASK [debug print] *************************************************************
ok: [worker1] => {
    "msg": "129.79.242.15"
}

TASK [Kill running worker process on localhost] ********************************
skipping: [worker1]

TASK [Kill running worker process distrib] *************************************
skipping: [worker1]

TASK [Create bin directory] ****************************************************
ok: [worker1]

TASK [copy worker executable] **************************************************
ok: [worker1]

TASK [copy worker config] ******************************************************
ok: [worker1]

TASK [clean localhost] *********************************************************
skipping: [worker1]

TASK [clean distrib host] ******************************************************
skipping: [worker1]

TASK [run worker executable] ***************************************************
changed: [worker1]

TASK [debug print] *************************************************************
ok: [worker1] => {
    "msg": {
        "ansible_job_id": "7771814091.428067",
        "changed": true,
        "failed": 0,
        "finished": 0,
        "results_file": "/root/.ansible_async/7771814091.428067",
        "started": 1
    }
}

TASK [wait until the worker on this host is up and running] ********************
FAILED - RETRYING: [worker1]: wait until the worker on this host is up and running (10 retries left).
ok: [worker1]

PLAY RECAP *********************************************************************
worker1                    : ok=8    changed=1    unreachable=0    failed=0    skipped=5    rescued=0    ignored=0   

IGPM logging started

Usage:
 kill [options] <pid> [...]

Options:
 <pid> [...]            send signal to every <pid> listed
 -<signal>, -s, --signal <signal>
                        specify the <signal> to be sent
 -l, --list=[<signal>]  list all signal names, or convert one to a name
 -L, --table            list all signal names in a nice table

 -h, --help     display this help and exit
 -V, --version  output version information and exit

For more details see kill(1).
PowerAPI sensor started
         local pid 768192
         remote pid 429499
video_processing-0 mapped to function 'video_processing'
dd-0 mapped to function 'dd'
pyaes-0 mapped to function 'pyaes'
gzip_compression-0 mapped to function 'gzip_compression'
fetch_1gfile-0 mapped to function 'fetch_1gfile'
image_processing-0 mapped to function 'image_processing'
model_training-0 mapped to function 'model_training'
float_operation-0 mapped to function 'float_operation'
A total of 0 prewarmed containers
2023-05-02 20:19:53.834406156 prewarming 0 containers for function 'dd-0'
2023-05-02 20:19:53.834497028 prewarming 0 containers for function 'image_processing-0'
2023-05-02 20:19:53.834536354 prewarming 0 containers for function 'pyaes-0'
2023-05-02 20:19:53.834585121 prewarming 0 containers for function 'float_operation-0'
2023-05-02 20:19:53.834628509 prewarming 0 containers for function 'model_training-0'
2023-05-02 20:19:53.834671016 prewarming 0 containers for function 'video_processing-0'
2023-05-02 20:19:53.834714322 prewarming 0 containers for function 'gzip_compression-0'
2023-05-02 20:19:53.83475595 prewarming 0 containers for function 'fetch_1gfile-0'
2023-05-02 20:19:53.834878917 starting live trace run
PowerAPI sensor stopped

Usage:
 kill [options] <pid> [...]

Options:
 <pid> [...]            send signal to every <pid> listed
 -<signal>, -s, --signal <signal>
                        specify the <signal> to be sent
 -l, --list=[<signal>]  list all signal names, or convert one to a name
 -L, --table            list all signal names in a nice table

 -h, --help     display this help and exit
 -V, --version  output version information and exit

For more details see kill(1).

PLAY [workers] *****************************************************************

TASK [Gathering Facts] *********************************************************
ok: [worker1]

TASK [Get running worker process] **********************************************
changed: [worker1]

TASK [debug print] *************************************************************
ok: [worker1] => {
    "msg": "129.79.242.15"
}

TASK [Kill running worker process on localhost] ********************************
skipping: [worker1] => (item=428076) 

TASK [Kill running worker process distrib] *************************************
changed: [worker1] => (item=428076)

TASK [Create bin directory] ****************************************************
ok: [worker1]

TASK [copy worker executable] **************************************************
ok: [worker1]

TASK [copy worker config] ******************************************************
ok: [worker1]

TASK [clean localhost] *********************************************************
skipping: [worker1]

TASK [clean distrib host] ******************************************************
changed: [worker1]

TASK [run worker executable] ***************************************************
skipping: [worker1]

TASK [debug print] *************************************************************
ok: [worker1] => {
    "msg": {
        "changed": false,
        "skip_reason": "Conditional result was False",
        "skipped": true
    }
}

TASK [wait until the worker on this host is up and running] ********************
skipping: [worker1]

PLAY RECAP *********************************************************************
worker1                    : ok=9    changed=3    unreachable=0    failed=0    skipped=4    rescued=0    ignored=0   

Starting analysis
+ for i in "$@"
+ case $i in
+ TARGET_PLATFORM=desktop
+ rm '/tmp/formula_output/*' -rf
+ cd /data2/ar/smartwatts-formula
+ sudo chmod a+wr /tmp/sensor_output/core.csv /tmp/sensor_output/global.csv
+ python3 -m smartwatts --name formula_smarwatts powerapi/smartwatts-formula --config-file /data2/ar/powerapi_personal/config_formula_smartwatts_desktop.json
Traceback (most recent call last):
  File "/data2/ar/iluvatar-energy-experiments/scripts/experiments/victor/plotting/plot_e2etime.py", line 1, in <module>
    from queueing import calc_queue_times
  File "/data2/ar/iluvatar-energy-experiments/scripts/experiments/victor/plotting/queueing.py", line 6, in <module>
    from Logs_to_df import Logs_to_df
ModuleNotFoundError: No module named 'Logs_to_df'
Traceback (most recent call last):
  File "/data2/ar/iluvatar-energy-experiments/scripts/experiments/victor/plotting/plot_queueing.py", line 1, in <module>
    from queueing import calc_queue_times
  File "/data2/ar/iluvatar-energy-experiments/scripts/experiments/victor/plotting/queueing.py", line 6, in <module>
    from Logs_to_df import Logs_to_df
ModuleNotFoundError: No module named 'Logs_to_df'
rm: cannot remove '/data2/ar/iluvatar-energy-experiments/results/trace/desktop//./mc_8f_traces/mc_a//functions/fcfs/12/12//smartwatt_output/': No such file or directory
/data2/ar/iluvatar-energy-experiments/scripts/smartwatts/concat_powerreports.sh: line 25: /data2/ar/iluvatar-energy-experiments/results/trace/desktop//./mc_8f_traces/mc_a//functions/fcfs/12/12//smartwatt_output//formula_output/sensor-//smartwatts_powerreport.csv: No such file or directory
cat: '/data2/ar/iluvatar-energy-experiments/results/trace/desktop//./mc_8f_traces/mc_a//functions/fcfs/12/12//smartwatt_output//formula_output/sensor-//*//PowerReport.csv': No such file or directory
/data2/ar/iluvatar-energy-experiments/scripts/smartwatts/concat_powerreports.sh: line 28: /data2/ar/iluvatar-energy-experiments/results/trace/desktop//./mc_8f_traces/mc_a//functions/fcfs/12/12//smartwatt_output//formula_output/sensor-//smartwatts_powerreport.csv: No such file or directory
cat: '/data2/ar/iluvatar-energy-experiments/results/trace/desktop//./mc_8f_traces/mc_a//functions/fcfs/12/12//smartwatt_output//formula_output/sensor-//*//PowerReport.csv': No such file or directory
mv: cannot stat '/data2/ar/iluvatar-energy-experiments/results/trace/desktop//./mc_8f_traces/mc_a//functions/fcfs/12/12//smartwatt_output//formula_output/sensor-/smartwatts_powerreport.csv': No such file or directory
Traceback (most recent call last):
  File "/data2/ar/iluvatar-energy-experiments/faasmeter/stacked_kf_plot.py", line 172, in <module>
    stack_plot(
  File "/data2/ar/iluvatar-energy-experiments/faasmeter/stacked_kf_plot.py", line 25, in stack_plot
    edata = Logs_to_df(logs_folder, mc_type, output_type='indiv')
  File "/data2/ar/iluvatar-energy-experiments/faasmeter/Logs_to_df.py", line 170, in __init__
    self.populate_system_settings()
  File "/data2/ar/iluvatar-energy-experiments/faasmeter/Logs_to_df.py", line 226, in populate_system_settings
    self.cpu_shr_config( use_default=self.mc_type )
  File "/data2/ar/iluvatar-energy-experiments/faasmeter/Logs_to_df.py", line 1585, in cpu_shr_config
    sw_config['cfeatures'] = cfeatures
UnboundLocalError: local variable 'cfeatures' referenced before assignment
/data2/ar/iluvatar-energy-experiments/faasmeter/Logs_to_df.py:1850: SettingWithCopyWarning: 
A value is trying to be set on a copy of a slice from a DataFrame.
Try using .loc[row_indexer,col_indexer] = value instead

See the caveats in the documentation: https://pandas.pydata.org/pandas-docs/stable/user_guide/indexing.html#returning-a-view-versus-a-copy
  sw_swgs_f[tg] = 'os_cp'
/data2/ar/iluvatar-energy-experiments/faasmeter/Logs_to_df.py:1906: SettingWithCopyWarning: 
A value is trying to be set on a copy of a slice from a DataFrame.
Try using .loc[row_indexer,col_indexer] = value instead

See the caveats in the documentation: https://pandas.pydata.org/pandas-docs/stable/user_guide/indexing.html#returning-a-view-versus-a-copy
  sw_cc_t[contr] = 0.0

real	0m32.711s
user	0m50.157s
sys	0m20.335s
