timestamp,power,voltage,current,power_factor,discard
2023-04-07 19:58:33.277624,31.252,122.89,0.27325,0.9307,0
2023-04-07 19:58:33.528216,34.765,122.86,0.3056,0.926,0
2023-04-07 19:58:33.778798,33.613,122.91,0.29797,0.9178,0
2023-04-07 19:58:34.029361,35.546,122.82,0.3071,0.9425,0
2023-04-07 19:58:34.279937,30.039,122.89,0.26987,0.9058,0
2023-04-07 19:58:34.530537,33.66,122.87,0.29221,0.9375,0
2023-04-07 19:58:34.781078,33.272,122.86,0.28876,0.9379,0
2023-04-07 19:58:35.031711,31.615,122.84,0.28676,0.8974,0
2023-04-07 19:58:35.282285,41.078,122.8,0.35105,0.9529,0
2023-04-07 19:58:35.532866,37.315,122.81,0.35247,0.862,0
2023-04-07 19:58:35.783445,39.347,122.83,0.33654,0.9519,0
2023-04-07 19:58:36.034018,31.7,122.87,0.28246,0.9134,0
2023-04-07 19:58:36.284582,38.181,122.81,0.34031,0.9135,0
2023-04-07 19:58:36.535139,31.306,122.88,0.27351,0.9315,0
2023-04-07 19:58:36.785711,38.968,122.88,0.33555,0.9451,0
2023-04-07 19:58:37.036284,35.165,122.9,0.30197,0.9476,0
2023-04-07 19:58:37.286837,39.378,122.85,0.33644,0.9527,0
2023-04-07 19:58:37.537418,32.867,122.89,0.29057,0.9204,0
2023-04-07 19:58:37.787985,34.41,122.87,0.30354,0.9226,0
2023-04-07 19:58:38.038560,34.245,122.91,0.29713,0.9377,0
2023-04-07 19:58:38.289124,31.367,122.92,0.28281,0.9023,0
2023-04-07 19:58:38.539699,35.236,122.88,0.30882,0.9286,0
2023-04-07 19:58:38.790264,30.888,122.85,0.27389,0.918,0
2023-04-07 19:58:39.040804,28.768,122.86,0.26207,0.8935,0
2023-04-07 19:58:39.291343,35.801,122.82,0.30748,0.948,0
2023-04-07 19:58:39.541916,38.696,122.77,0.33275,0.9472,0
2023-04-07 19:58:39.792475,38.453,122.75,0.3302,0.9487,0
2023-04-07 19:58:40.043044,32.649,122.79,0.28483,0.9335,0
2023-04-07 19:58:40.293524,27.488,122.81,0.24269,0.9223,0
2023-04-07 19:58:40.544001,33.02,122.81,0.29148,0.9224,0
2023-04-07 19:58:40.794591,35.723,122.8,0.31241,0.9311,0
2023-04-07 19:58:41.045146,36.291,122.86,0.31531,0.9368,0
2023-04-07 19:58:41.295701,32.302,122.87,0.28354,0.9272,0
2023-04-07 19:58:41.546263,34.322,122.86,0.29826,0.9366,0
2023-04-07 19:58:41.796739,37.148,122.9,0.32007,0.9443,0
2023-04-07 19:58:42.047317,32.076,122.87,0.27889,0.9361,0
2023-04-07 19:58:42.297855,28.239,122.85,0.24911,0.9228,0
2023-04-07 19:58:42.548405,29.491,122.84,0.26226,0.9154,0
2023-04-07 19:58:42.798949,31.257,122.85,0.27961,0.9099,0
2023-04-07 19:58:43.049543,30.575,122.85,0.26851,0.9269,0
2023-04-07 19:58:43.300103,37.498,122.85,0.32588,0.9367,0
2023-04-07 19:58:43.550640,30.595,122.87,0.26671,0.9336,0
2023-04-07 19:58:43.801178,25.996,122.92,0.23334,0.9064,0
2023-04-07 19:58:44.051720,28.179,122.89,0.25086,0.9141,0
2023-04-07 19:58:44.302282,30.127,122.92,0.26249,0.9337,0
2023-04-07 19:58:44.552841,26.844,122.92,0.23831,0.9164,0
2023-04-07 19:58:44.803409,27.092,122.94,0.24448,0.9014,0
2023-04-07 19:58:45.053981,34.634,122.83,0.29842,0.9449,0
2023-04-07 19:58:45.304460,32.861,122.88,0.2854,0.937,0
2023-04-07 19:58:45.554992,34.982,122.89,0.30523,0.9327,0
2023-04-07 19:58:45.805570,35.253,122.89,0.3111,0.9221,0
2023-04-07 19:58:46.056144,37.182,122.87,0.32979,0.9176,0
2023-04-07 19:58:46.306613,24.176,122.97,0.21824,0.9009,0
2023-04-07 19:58:46.557149,30.716,122.87,0.27253,0.9173,0
2023-04-07 19:58:46.807723,28.301,122.91,0.25509,0.9027,0
2023-04-07 19:58:47.058261,23.371,122.96,0.21539,0.8824,0
2023-04-07 19:58:47.308821,28.145,122.87,0.24849,0.9219,0
2023-04-07 19:58:47.559374,34.769,122.88,0.3234,0.8749,0
2023-04-07 19:58:47.809845,34.002,122.87,0.30592,0.9046,0
2023-04-07 19:58:48.060386,33.065,122.88,0.29102,0.9247,0
2023-04-07 19:58:48.310926,34.294,122.9,0.30677,0.9097,0
2023-04-07 19:58:48.561461,40.092,122.87,0.35076,0.9303,0
2023-04-07 19:58:48.812034,28.859,122.92,0.27038,0.8683,0
2023-04-07 19:58:49.062612,33.134,122.91,0.28598,0.9426,0
2023-04-07 19:58:49.313096,34.704,122.86,0.29898,0.9448,0
2023-04-07 19:58:49.563629,35.969,122.86,0.30954,0.9458,0
2023-04-07 19:58:49.814169,34.598,122.87,0.30482,0.9238,0
2023-04-07 19:58:50.064709,36.585,122.85,0.32225,0.9242,0
2023-04-07 19:58:50.315279,37.819,122.83,0.33391,0.9221,0
2023-04-07 19:58:50.565922,35.158,122.89,0.30436,0.94,0
2023-04-07 19:58:50.816389,30.551,122.94,0.27751,0.8955,0
2023-04-07 19:58:51.066943,34.305,122.88,0.29986,0.931,0
2023-04-07 19:58:51.317520,31.864,122.9,0.27803,0.9326,0
2023-04-07 19:58:51.568073,39.091,122.82,0.33307,0.9555,0
2023-04-07 19:58:51.818634,29.128,122.94,0.2554,0.9277,0
2023-04-07 19:58:52.069110,34.802,122.86,0.3028,0.9355,0
2023-04-07 19:58:52.319579,27.006,122.89,0.25092,0.8758,0
2023-04-07 19:58:52.570128,32.625,122.86,0.29382,0.9037,0
2023-04-07 19:58:52.820665,36.553,122.86,0.31798,0.9357,0
2023-04-07 19:58:53.071222,37.033,122.91,0.31918,0.944,0
2023-04-07 19:58:53.321778,34.368,122.93,0.3185,0.8778,0
2023-04-07 19:58:53.572122,36.355,122.89,0.3144,0.941,0
2023-04-07 19:58:53.822588,38.877,122.86,0.33368,0.9483,0
2023-04-07 19:58:54.073138,35.318,122.87,0.30398,0.9456,0
2023-04-07 19:58:54.323694,35.601,122.87,0.3157,0.9178,0
2023-04-07 19:58:54.574231,32.034,122.89,0.27816,0.9371,0
2023-04-07 19:58:54.824788,28.801,122.88,0.26424,0.887,0
2023-04-07 19:58:55.075326,39.065,122.82,0.35456,0.8971,0
2023-04-07 19:58:55.325894,32.207,122.86,0.28841,0.9089,0
2023-04-07 19:58:55.576468,34.8,122.89,0.30363,0.9327,0
2023-04-07 19:58:55.827003,37.77,122.81,0.32574,0.9441,0
2023-04-07 19:58:56.077580,33.851,122.85,0.29189,0.944,0
2023-04-07 19:58:56.328135,33.943,122.84,0.29465,0.9378,0
2023-04-07 19:58:56.578681,34.532,122.84,0.30191,0.9311,0
2023-04-07 19:58:56.829151,24.522,122.9,0.23876,0.8357,0
2023-04-07 19:58:57.079687,26.316,122.95,0.25228,0.8484,0
2023-04-07 19:58:57.330249,32.939,122.84,0.28789,0.9314,0
2023-04-07 19:58:57.580802,35.04,122.85,0.30335,0.9402,0
2023-04-07 19:58:57.831360,29.803,122.89,0.2609,0.9295,0
2023-04-07 19:58:58.081933,29.734,122.9,0.27464,0.881,0
2023-04-07 19:58:58.332397,41.119,122.82,0.36569,0.9155,0
2023-04-07 19:58:58.582929,33.977,122.89,0.29829,0.9269,0
2023-04-07 19:58:58.833465,32.19,122.89,0.28214,0.9284,0
2023-04-07 19:58:59.084051,36.222,122.85,0.31984,0.9218,0
2023-04-07 19:58:59.334592,34.492,122.87,0.30111,0.9323,0
2023-04-07 19:58:59.585163,29.301,122.88,0.27217,0.8761,0
2023-04-07 19:58:59.835648,32.858,122.88,0.28959,0.9234,0
2023-04-07 19:59:00.086176,35.837,122.82,0.30879,0.945,0
2023-04-07 19:59:00.336654,32.637,122.83,0.28855,0.9209,0
2023-04-07 19:59:00.587189,36.257,122.77,0.31563,0.9357,0
2023-04-07 19:59:00.837764,36.886,122.78,0.32145,0.9346,0
2023-04-07 19:59:01.088314,31.811,122.82,0.29659,0.8733,0
2023-04-07 19:59:01.338780,38.743,122.8,0.33082,0.9537,0
2023-04-07 19:59:01.589323,40.52,122.76,0.34404,0.9594,0
2023-04-07 19:59:01.839856,40.058,122.77,0.36519,0.8935,0
2023-04-07 19:59:02.090412,38.682,122.79,0.33025,0.9539,0
2023-04-07 19:59:02.340968,37.237,122.84,0.33559,0.9033,0
2023-04-07 19:59:02.591541,38.825,122.85,0.33286,0.9494,0
2023-04-07 19:59:02.841944,37.995,122.88,0.32442,0.9531,0
2023-04-07 19:59:03.092484,41.409,122.8,0.37236,0.9056,0
2023-04-07 19:59:03.343016,39.718,122.81,0.33853,0.9554,0
2023-04-07 19:59:03.593588,40.812,122.86,0.34649,0.9587,0
2023-04-07 19:59:03.844147,39.983,122.82,0.36506,0.8918,0
2023-04-07 19:59:04.094711,39.919,122.84,0.34128,0.9522,0
2023-04-07 19:59:04.345254,40.066,122.82,0.34026,0.9587,0
2023-04-07 19:59:04.595793,39.317,122.85,0.33428,0.9575,0
2023-04-07 19:59:04.846360,39.084,122.87,0.3324,0.957,0
2023-04-07 19:59:05.096902,38.955,122.83,0.3316,0.9564,0
2023-04-07 19:59:05.347444,33.859,122.88,0.3078,0.8952,0
2023-04-07 19:59:05.598002,41.471,122.81,0.35814,0.9429,0
2023-04-07 19:59:05.848569,39.269,122.82,0.33504,0.9543,0
2023-04-07 19:59:06.099125,39.992,122.88,0.36932,0.8813,0
2023-04-07 19:59:06.349667,40.918,122.86,0.35104,0.9487,0
2023-04-07 19:59:06.600211,36.518,122.9,0.31389,0.9466,0
2023-04-07 19:59:06.850778,40.609,122.83,0.37027,0.8929,0
2023-04-07 19:59:07.101351,35.791,122.89,0.30701,0.9486,0
2023-04-07 19:59:07.351911,29.283,122.95,0.25764,0.9244,0
2023-04-07 19:59:07.602494,40.866,122.82,0.34915,0.953,0
2023-04-07 19:59:07.853056,37.786,122.85,0.32651,0.942,0
2023-04-07 19:59:08.103614,38.409,122.81,0.32896,0.9507,0
2023-04-07 19:59:08.354240,38.555,122.81,0.32883,0.9547,0
2023-04-07 19:59:08.604809,37.308,122.81,0.3204,0.9481,0
2023-04-07 19:59:08.855382,35.453,122.83,0.30742,0.9389,0
2023-04-07 19:59:09.105947,39.479,122.8,0.33896,0.9484,0
2023-04-07 19:59:09.356493,33.892,122.85,0.29316,0.9411,0
2023-04-07 19:59:09.607070,36.227,122.81,0.32059,0.9201,0
2023-04-07 19:59:09.857632,38.44,122.8,0.32947,0.9501,0
2023-04-07 19:59:10.108179,40.362,122.76,0.3431,0.9583,0
2023-04-07 19:59:10.358738,34.23,122.85,0.29902,0.9318,0
2023-04-07 19:59:10.609305,40.208,122.79,0.34488,0.9495,0
2023-04-07 19:59:10.859867,35.327,122.82,0.30739,0.9357,0
2023-04-07 19:59:11.110402,39.346,122.79,0.33612,0.9533,0
2023-04-07 19:59:11.360964,31.811,122.87,0.27542,0.94,0
2023-04-07 19:59:11.611504,35.272,122.88,0.3103,0.9251,0
2023-04-07 19:59:11.862082,36.355,122.82,0.31268,0.9467,0
2023-04-07 19:59:12.112561,29.834,122.87,0.26055,0.9319,0
2023-04-07 19:59:12.363131,40.827,122.81,0.34849,0.954,0
2023-04-07 19:59:12.613696,39.925,122.8,0.33938,0.958,0
2023-04-07 19:59:12.864244,34.788,122.8,0.30237,0.937,0
2023-04-07 19:59:13.114781,40.479,122.78,0.3475,0.9487,0
2023-04-07 19:59:13.365337,37.636,122.78,0.34107,0.8987,0
2023-04-07 19:59:13.615898,33.955,122.8,0.29569,0.9351,0
2023-04-07 19:59:13.866485,40.734,122.76,0.34569,0.9598,0
2023-04-07 19:59:14.117035,37.972,122.8,0.32524,0.9508,0
2023-04-07 19:59:14.367584,40.592,122.78,0.34506,0.9581,0
2023-04-07 19:59:14.618138,38.387,122.82,0.3282,0.9523,0
2023-04-07 19:59:14.868684,41.077,122.81,0.34957,0.9568,0
2023-04-07 19:59:15.119255,38.628,122.81,0.32954,0.9545,0
2023-04-07 19:59:15.369808,43.772,122.77,0.42487,0.8391,0
2023-04-07 19:59:15.620347,29.69,122.88,0.26681,0.9056,0
2023-04-07 19:59:15.870902,37.563,122.86,0.32601,0.9378,0
2023-04-07 19:59:16.121440,32.927,122.84,0.28401,0.9438,0
2023-04-07 19:59:16.372000,34.479,122.84,0.2968,0.9457,0
2023-04-07 19:59:16.622600,29.568,122.86,0.26397,0.9117,0
2023-04-07 19:59:16.873142,36.738,122.83,0.31936,0.9366,0
2023-04-07 19:59:17.123679,37.167,122.79,0.31874,0.9497,0
2023-04-07 19:59:17.374242,31.15,122.85,0.27573,0.9196,0
2023-04-07 19:59:17.624816,31.866,122.82,0.28411,0.9132,0
2023-04-07 19:59:17.875370,35.743,122.8,0.3082,0.9444,0
2023-04-07 19:59:18.125948,37.389,122.77,0.32164,0.9469,0
2023-04-07 19:59:18.376483,39.244,122.78,0.33417,0.9564,0
2023-04-07 19:59:18.627021,34.212,122.79,0.29617,0.9408,0
2023-04-07 19:59:18.877563,36.177,122.78,0.31293,0.9416,0
2023-04-07 19:59:19.128141,38.546,122.74,0.32953,0.953,0
2023-04-07 19:59:19.378677,40.004,122.75,0.34021,0.958,0
2023-04-07 19:59:19.629246,36.863,122.78,0.31527,0.9523,0
2023-04-07 19:59:19.879804,40.776,122.72,0.34657,0.9587,0
2023-04-07 19:59:20.130369,34.01,122.74,0.29674,0.9338,0
2023-04-07 19:59:20.380933,38.814,122.7,0.33252,0.9513,0
2023-04-07 19:59:20.631519,37.37,122.72,0.32105,0.9485,0
2023-04-07 19:59:20.882076,38.186,122.72,0.32896,0.9459,0
2023-04-07 19:59:21.132617,40.858,122.7,0.37558,0.8866,0
2023-04-07 19:59:21.383193,35.635,122.72,0.31161,0.9319,0
2023-04-07 19:59:21.633747,36.95,122.74,0.31617,0.9522,0
2023-04-07 19:59:21.884291,30.831,122.79,0.26921,0.9327,0
2023-04-07 19:59:22.134848,32.161,122.79,0.28882,0.9068,0
2023-04-07 19:59:22.385422,26.9,122.82,0.24133,0.9076,0
2023-04-07 19:59:22.635993,39.754,122.7,0.33995,0.9531,0
2023-04-07 19:59:22.886560,38.092,122.63,0.3256,0.9541,0
2023-04-07 19:59:23.137100,35.806,122.69,0.30762,0.9487,0
2023-04-07 19:59:23.387675,36.875,122.72,0.31585,0.9514,0
2023-04-07 19:59:23.638238,37.158,122.72,0.32133,0.9423,0
2023-04-07 19:59:23.888814,36.113,122.75,0.31946,0.9209,0
2023-04-07 19:59:24.139357,33.739,122.72,0.29069,0.9457,0
2023-04-07 19:59:24.389934,36.833,122.72,0.31735,0.9458,0
2023-04-07 19:59:24.640472,34.325,122.71,0.30005,0.9323,0
2023-04-07 19:59:24.891050,34.131,122.73,0.29721,0.9357,0
2023-04-07 19:59:25.141617,35.559,122.72,0.30899,0.9377,0
2023-04-07 19:59:25.392210,32.653,122.77,0.28602,0.9299,0
2023-04-07 19:59:25.642752,36.23,122.71,0.31662,0.9325,0
2023-04-07 19:59:25.893397,34.549,122.74,0.29706,0.9475,0
2023-04-07 19:59:26.143937,38.698,122.76,0.33218,0.949,0
2023-04-07 19:59:26.394497,37.345,122.79,0.32061,0.9486,0
2023-04-07 19:59:26.645054,31.217,122.82,0.27447,0.926,0
2023-04-07 19:59:26.895612,34.655,122.81,0.30585,0.9226,0
2023-04-07 19:59:27.146176,31.787,122.81,0.28573,0.9058,0
2023-04-07 19:59:27.396719,38.787,122.77,0.33858,0.9331,0
2023-04-07 19:59:27.647291,36.957,122.83,0.3183,0.9453,0
2023-04-07 19:59:27.897854,32.467,122.84,0.2845,0.929,0
2023-04-07 19:59:28.148391,32.688,122.83,0.28315,0.9399,0
2023-04-07 19:59:28.398975,26.354,122.88,0.24197,0.8864,0
2023-04-07 19:59:28.649553,30.228,122.85,0.27161,0.9059,0
2023-04-07 19:59:28.900118,31.57,122.81,0.27812,0.9243,0
2023-04-07 19:59:29.150688,34.673,122.77,0.30538,0.9248,0
2023-04-07 19:59:29.401262,33.833,122.8,0.32263,0.854,0
2023-04-07 19:59:29.651802,31.619,122.8,0.28169,0.9141,0
2023-04-07 19:59:29.902343,31.736,122.79,0.27859,0.9277,0
2023-04-07 19:59:30.152886,33.177,122.8,0.29033,0.9306,0
2023-04-07 19:59:30.403456,33.44,122.77,0.3002,0.9073,0
2023-04-07 19:59:30.654011,35.005,122.79,0.30845,0.9243,0
2023-04-07 19:59:30.904556,39.36,122.75,0.33622,0.9537,0
2023-04-07 19:59:31.155131,36.559,122.78,0.31367,0.9493,0
2023-04-07 19:59:31.405685,38.511,122.75,0.33194,0.9452,0
2023-04-07 19:59:31.656239,35.325,122.77,0.30382,0.947,0
2023-04-07 19:59:31.906780,34.451,122.79,0.30013,0.9348,0
2023-04-07 19:59:32.157324,34.213,122.79,0.29951,0.9303,0
2023-04-07 19:59:32.407898,31.958,122.8,0.27666,0.9407,0
2023-04-07 19:59:32.658452,40.37,122.7,0.34608,0.9507,0
2023-04-07 19:59:32.908990,31.357,122.78,0.27512,0.9283,0
2023-04-07 19:59:33.159533,34.016,122.78,0.29672,0.9337,0
2023-04-07 19:59:33.410093,32.572,122.79,0.31961,0.8299,0
2023-04-07 19:59:33.660634,30.809,122.8,0.27212,0.922,0
2023-04-07 19:59:33.911212,39.292,122.75,0.34537,0.9269,0
