# started on Tue Feb  7 12:37:06 2023

     1.001005149,20.87,Joules,power/energy-pkg/,1001017126,100.00,,
     2.001301564,17.55,Joules,power/energy-pkg/,1000300414,100.00,,
     3.002390617,19.45,Joules,power/energy-pkg/,1001100456,100.00,,
     4.003486754,22.69,Joules,power/energy-pkg/,1001096676,100.00,,
     5.004574547,20.65,Joules,power/energy-pkg/,1001089443,100.00,,
     6.005306722,14.92,Joules,power/energy-pkg/,1000732273,100.00,,
     7.006407272,15.29,Joules,power/energy-pkg/,1001101729,100.00,,
     8.007503644,19.38,Joules,power/energy-pkg/,1001090130,100.00,,
     9.008581916,18.44,Joules,power/energy-pkg/,1001083044,100.00,,
    10.009295174,17.90,Joules,power/energy-pkg/,1000704168,100.00,,
    11.010390848,17.36,Joules,power/energy-pkg/,1001108554,100.00,,
    12.011504023,19.93,Joules,power/energy-pkg/,1001105908,100.00,,
    13.012593934,15.76,Joules,power/energy-pkg/,1001086938,100.00,,
    14.013306090,19.69,Joules,power/energy-pkg/,1000720625,100.00,,
    15.014393771,20.30,Joules,power/energy-pkg/,1001088241,100.00,,
    16.015479572,17.46,Joules,power/energy-pkg/,1001079996,100.00,,
    17.016594576,18.92,Joules,power/energy-pkg/,1001125534,100.00,,
    18.017295531,19.37,Joules,power/energy-pkg/,1000695982,100.00,,
    19.018415672,17.01,Joules,power/energy-pkg/,1001125821,100.00,,
    20.019510746,18.41,Joules,power/energy-pkg/,1001095168,100.00,,
    21.020603299,21.09,Joules,power/energy-pkg/,1001094955,100.00,,
    22.021303729,20.78,Joules,power/energy-pkg/,1000698384,100.00,,
    23.022399421,15.07,Joules,power/energy-pkg/,1001096823,100.00,,
    24.023492641,17.92,Joules,power/energy-pkg/,1001111437,100.00,,
    25.024608343,19.18,Joules,power/energy-pkg/,1001084892,100.00,,
    26.025323708,20.19,Joules,power/energy-pkg/,1000732852,100.00,,
    27.026432621,20.22,Joules,power/energy-pkg/,1001104322,100.00,,
    28.027531228,20.17,Joules,power/energy-pkg/,1001094387,100.00,,
    29.028620925,18.07,Joules,power/energy-pkg/,1001085247,100.00,,
    30.029310847,23.34,Joules,power/energy-pkg/,1000690132,100.00,,
    31.030390657,18.02,Joules,power/energy-pkg/,1001090263,100.00,,
    32.031490522,20.87,Joules,power/energy-pkg/,1001100182,100.00,,
    33.031950497,21.50,Joules,power/energy-pkg/,1000470312,100.00,,
    34.032415169,18.89,Joules,power/energy-pkg/,1000477425,100.00,,
    35.033309616,21.18,Joules,power/energy-pkg/,1000874325,100.00,,
    36.034396921,24.08,Joules,power/energy-pkg/,1001085164,100.00,,
    37.035503286,20.64,Joules,power/energy-pkg/,1001104056,100.00,,
    38.036577756,21.56,Joules,power/energy-pkg/,1001065168,100.00,,
    39.037308941,20.73,Joules,power/energy-pkg/,1000741482,100.00,,
    40.038386924,21.71,Joules,power/energy-pkg/,1001067055,100.00,,
    41.039463318,20.65,Joules,power/energy-pkg/,1001077300,100.00,,
    42.040541039,20.73,Joules,power/energy-pkg/,1001082632,100.00,,
    43.041296498,21.83,Joules,power/energy-pkg/,1000752685,100.00,,
    44.042381570,17.30,Joules,power/energy-pkg/,1001083088,100.00,,
    45.043462907,21.34,Joules,power/energy-pkg/,1001093591,100.00,,
    46.044538637,18.38,Joules,power/energy-pkg/,1001062337,100.00,,
    47.045315088,20.32,Joules,power/energy-pkg/,1000784637,100.00,,
    48.046435457,19.39,Joules,power/energy-pkg/,1001131583,100.00,,
    49.047554563,20.21,Joules,power/energy-pkg/,1001114062,100.00,,
    50.048640803,17.86,Joules,power/energy-pkg/,1001075902,100.00,,
    51.049306930,15.66,Joules,power/energy-pkg/,1000674871,100.00,,
    52.050063804,15.77,Joules,power/energy-pkg/,1000765485,100.00,,
    53.051157784,19.84,Joules,power/energy-pkg/,1001086757,100.00,,
    54.052255946,18.13,Joules,power/energy-pkg/,1001097506,100.00,,
    55.053308545,15.82,Joules,power/energy-pkg/,1001052535,100.00,,
    56.054394768,18.52,Joules,power/energy-pkg/,1001099039,100.00,,
    57.055491304,17.58,Joules,power/energy-pkg/,1001084310,100.00,,
    58.056571908,20.56,Joules,power/energy-pkg/,1001080963,100.00,,
    59.057306438,18.65,Joules,power/energy-pkg/,1000734087,100.00,,
    60.058425252,16.25,Joules,power/energy-pkg/,1001109021,100.00,,
    61.059527509,18.00,Joules,power/energy-pkg/,1001247520,100.00,,
    62.060750775,17.67,Joules,power/energy-pkg/,1001100152,100.00,,
    63.061310622,19.82,Joules,power/energy-pkg/,1000545144,100.00,,
    64.062403420,19.84,Joules,power/energy-pkg/,1001083993,100.00,,
    65.063495209,17.83,Joules,power/energy-pkg/,1001104290,100.00,,
    66.064577294,22.70,Joules,power/energy-pkg/,1001076336,100.00,,
    67.065305232,63.44,Joules,power/energy-pkg/,1000722371,100.00,,
    68.066385073,71.55,Joules,power/energy-pkg/,1003993042,100.00,,
    69.077693278,69.86,Joules,power/energy-pkg/,1008398681,100.00,,
    70.078790137,66.76,Joules,power/energy-pkg/,1007583768,100.00,,
    71.086378215,45.59,Joules,power/energy-pkg/,1001106923,100.00,,
    72.087475288,26.12,Joules,power/energy-pkg/,1001094074,100.00,,
    73.088558995,34.46,Joules,power/energy-pkg/,1001088758,100.00,,
    74.089319594,58.71,Joules,power/energy-pkg/,1000756694,100.00,,
    75.093300678,63.36,Joules,power/energy-pkg/,1003976887,100.00,,
    76.094547747,69.91,Joules,power/energy-pkg/,1001256435,100.00,,
    77.097313944,71.46,Joules,power/energy-pkg/,1002771746,100.00,,
    78.098069022,68.24,Joules,power/energy-pkg/,1000772992,100.00,,
    79.099234729,67.66,Joules,power/energy-pkg/,1001138918,100.00,,
    80.100397692,69.59,Joules,power/energy-pkg/,1001197397,100.00,,
    81.101510474,68.61,Joules,power/energy-pkg/,1001065139,100.00,,
    82.102602304,58.21,Joules,power/energy-pkg/,1001101541,100.00,,
    83.103690872,54.40,Joules,power/energy-pkg/,1002686872,100.00,,
    84.106433540,53.44,Joules,power/energy-pkg/,1001135441,100.00,,
    85.107533679,44.01,Joules,power/energy-pkg/,1001111908,100.00,,
    86.108617898,41.66,Joules,power/energy-pkg/,1001081464,100.00,,
    87.109314640,56.34,Joules,power/energy-pkg/,1000695790,100.00,,
    88.110240184,71.50,Joules,power/energy-pkg/,1000915717,100.00,,
    89.110789563,73.47,Joules,power/energy-pkg/,1000569896,100.00,,
    90.111997645,76.55,Joules,power/energy-pkg/,1001204445,100.00,,
    91.113186434,76.41,Joules,power/energy-pkg/,1001173104,100.00,,
    92.113310278,65.35,Joules,power/energy-pkg/,1000125301,100.00,,
    93.114444728,64.16,Joules,power/energy-pkg/,1001145359,100.00,,
    94.115431296,71.57,Joules,power/energy-pkg/,1000973556,100.00,,
    95.116522535,59.37,Joules,power/energy-pkg/,1001087005,100.00,,
    96.117295324,64.42,Joules,power/energy-pkg/,1000773596,100.00,,
    97.118310372,55.18,Joules,power/energy-pkg/,1001044041,100.00,,
    98.119429810,61.42,Joules,power/energy-pkg/,1001090684,100.00,,
    99.120519989,68.60,Joules,power/energy-pkg/,1001860224,100.00,,
   100.122409566,66.38,Joules,power/energy-pkg/,1001120552,100.00,,
   101.123602852,66.46,Joules,power/energy-pkg/,1002906251,100.00,,
   102.126498071,62.94,Joules,power/energy-pkg/,1003974389,100.00,,
   103.130409774,64.15,Joules,power/energy-pkg/,1001126831,100.00,,
   104.131502531,58.01,Joules,power/energy-pkg/,1001099646,100.00,,
   105.132628693,57.56,Joules,power/energy-pkg/,1001120640,100.00,,
   106.133340260,60.24,Joules,power/energy-pkg/,1000715018,100.00,,
   107.134534551,64.09,Joules,power/energy-pkg/,1001213860,100.00,,
   108.135723745,69.28,Joules,power/energy-pkg/,1001160098,100.00,,
   109.136880122,59.21,Joules,power/energy-pkg/,1001162707,100.00,,
   110.137310209,69.77,Joules,power/energy-pkg/,1000423746,100.00,,
   111.138423439,63.90,Joules,power/energy-pkg/,1001112196,100.00,,
   112.139513419,53.28,Joules,power/energy-pkg/,1001120601,100.00,,
   113.140743929,57.50,Joules,power/energy-pkg/,1001739041,100.00,,
   114.142412877,59.51,Joules,power/energy-pkg/,1001118035,100.00,,
   115.143095432,43.74,Joules,power/energy-pkg/,1000691771,100.00,,
   116.144189139,58.58,Joules,power/energy-pkg/,1001095684,100.00,,
   117.145306019,71.51,Joules,power/energy-pkg/,1001109037,100.00,,
   118.146419033,69.44,Joules,power/energy-pkg/,1001122227,100.00,,
   119.147532389,68.32,Joules,power/energy-pkg/,1002856308,100.00,,
   120.150399738,67.78,Joules,power/energy-pkg/,1001132539,100.00,,
   121.151541438,68.49,Joules,power/energy-pkg/,1001138091,100.00,,
   122.152626898,60.10,Joules,power/energy-pkg/,1001060249,100.00,,
   123.153420325,60.10,Joules,power/energy-pkg/,1000796365,100.00,,
   124.154509088,66.20,Joules,power/energy-pkg/,1001097662,100.00,,
   125.155605833,63.79,Joules,power/energy-pkg/,1001099036,100.00,,
   126.156705802,59.34,Joules,power/energy-pkg/,1001109833,100.00,,
   127.157302051,68.14,Joules,power/energy-pkg/,1000577110,100.00,,
   128.158422434,70.28,Joules,power/energy-pkg/,1001140441,100.00,,
   129.159585277,64.58,Joules,power/energy-pkg/,1001183096,100.00,,
   130.160830471,62.70,Joules,power/energy-pkg/,1001240045,100.00,,
   131.161316965,72.34,Joules,power/energy-pkg/,1000449644,100.00,,
   132.162466921,65.50,Joules,power/energy-pkg/,1001160542,100.00,,
   133.163654991,65.03,Joules,power/energy-pkg/,1001183615,100.00,,
   134.164753895,64.28,Joules,power/energy-pkg/,1001098060,100.00,,
   135.165304127,57.06,Joules,power/energy-pkg/,1000545586,100.00,,
   136.166431242,52.04,Joules,power/energy-pkg/,1001129483,100.00,,
   137.167524971,49.92,Joules,power/energy-pkg/,1001090358,100.00,,
   138.168612319,47.71,Joules,power/energy-pkg/,1001090706,100.00,,
   139.169324266,63.08,Joules,power/energy-pkg/,1000697564,100.00,,
   140.170424267,66.32,Joules,power/energy-pkg/,1001109372,100.00,,
   141.171555358,69.97,Joules,power/energy-pkg/,1001120304,100.00,,
   142.172656282,69.16,Joules,power/energy-pkg/,1001114586,100.00,,
   143.173315571,68.22,Joules,power/energy-pkg/,1000676324,100.00,,
   144.174508026,65.07,Joules,power/energy-pkg/,1001172976,100.00,,
   145.175624402,62.50,Joules,power/energy-pkg/,1001102602,100.00,,
   146.176734323,55.67,Joules,power/energy-pkg/,1001111227,100.00,,
   147.177317479,58.54,Joules,power/energy-pkg/,1000589291,100.00,,
   148.178426342,60.67,Joules,power/energy-pkg/,1001096875,100.00,,
   149.179516330,64.76,Joules,power/energy-pkg/,1001108432,100.00,,
   150.180632919,63.48,Joules,power/energy-pkg/,1001113792,100.00,,
   151.181328726,62.06,Joules,power/energy-pkg/,1000696274,100.00,,
   152.182520939,57.15,Joules,power/energy-pkg/,1001203878,100.00,,
   153.183752149,65.58,Joules,power/energy-pkg/,1001216393,100.00,,
   154.184860978,66.03,Joules,power/energy-pkg/,1001103689,100.00,,
   155.185308232,67.23,Joules,power/energy-pkg/,1000449238,100.00,,
   156.186516673,62.30,Joules,power/energy-pkg/,1001221000,100.00,,
   157.187695103,62.29,Joules,power/energy-pkg/,1001156459,100.00,,
   158.188775482,58.71,Joules,power/energy-pkg/,1001585952,100.00,,
   159.190390070,53.79,Joules,power/energy-pkg/,1001097286,100.00,,
   160.191473557,39.99,Joules,power/energy-pkg/,1001093310,100.00,,
   161.192565083,53.92,Joules,power/energy-pkg/,1001803846,100.00,,
   162.194367783,47.66,Joules,power/energy-pkg/,1001087240,100.00,,
   163.195442014,52.32,Joules,power/energy-pkg/,1001075534,100.00,,
   164.196538082,56.74,Joules,power/energy-pkg/,1001097834,100.00,,
   165.197328323,61.49,Joules,power/energy-pkg/,1000788241,100.00,,
   166.198427545,53.02,Joules,power/energy-pkg/,1001108919,100.00,,
   167.198687158,47.53,Joules,power/energy-pkg/,1000257807,100.00,,
   168.199708719,55.96,Joules,power/energy-pkg/,1001015211,100.00,,
   169.200822918,68.73,Joules,power/energy-pkg/,1001567580,100.00,,
   170.202404119,63.30,Joules,power/energy-pkg/,1001113098,100.00,,
   171.203496210,48.52,Joules,power/energy-pkg/,1001096318,100.00,,
   172.204576827,43.46,Joules,power/energy-pkg/,1001079741,100.00,,
   173.205293363,58.95,Joules,power/energy-pkg/,1000711687,100.00,,
   174.206039528,61.16,Joules,power/energy-pkg/,1000750299,100.00,,
   175.207144260,66.06,Joules,power/energy-pkg/,1001090853,100.00,,
   176.208236294,50.77,Joules,power/energy-pkg/,1001107179,100.00,,
   177.209327316,54.96,Joules,power/energy-pkg/,1005059610,100.00,,
   178.214437507,59.11,Joules,power/energy-pkg/,1001121602,100.00,,
   179.215511510,53.63,Joules,power/energy-pkg/,1001073675,100.00,,
   180.216593241,54.96,Joules,power/energy-pkg/,1001095170,100.00,,
   181.217309300,47.51,Joules,power/energy-pkg/,1000727618,100.00,,
   182.218487368,53.98,Joules,power/energy-pkg/,1001148416,100.00,,
   183.219563252,43.72,Joules,power/energy-pkg/,1001076156,100.00,,
   184.220641536,50.26,Joules,power/energy-pkg/,1001087317,100.00,,
   185.221327377,39.41,Joules,power/energy-pkg/,1000727466,100.00,,
   186.222600382,56.47,Joules,power/energy-pkg/,1001219958,100.00,,
   187.223707433,60.34,Joules,power/energy-pkg/,1001136549,100.00,,
   188.224855089,60.73,Joules,power/energy-pkg/,1001125949,100.00,,
   189.225305108,61.85,Joules,power/energy-pkg/,1000438817,100.00,,
   190.226402000,59.45,Joules,power/energy-pkg/,1001094013,100.00,,
   191.227152023,49.05,Joules,power/energy-pkg/,1000771597,100.00,,
   192.228241423,50.54,Joules,power/energy-pkg/,1001066865,100.00,,
   193.229307810,43.10,Joules,power/energy-pkg/,1001069523,100.00,,
   194.230386398,31.22,Joules,power/energy-pkg/,1001072372,100.00,,
   195.231486889,35.53,Joules,power/energy-pkg/,1001097571,100.00,,
   196.232565706,37.22,Joules,power/energy-pkg/,1001078590,100.00,,
   197.233301708,36.34,Joules,power/energy-pkg/,1000749706,100.00,,
   198.234426627,47.76,Joules,power/energy-pkg/,1001123225,100.00,,
   199.235540523,54.82,Joules,power/energy-pkg/,1001147336,100.00,,
   200.236376939,53.28,Joules,power/energy-pkg/,1000813115,100.00,,
   201.237308075,49.16,Joules,power/energy-pkg/,1000911633,100.00,,
   202.238399914,44.32,Joules,power/energy-pkg/,1001090005,100.00,,
   203.239479118,34.59,Joules,power/energy-pkg/,1001066183,100.00,,
   204.240235960,42.79,Joules,power/energy-pkg/,1000784036,100.00,,
   205.241292139,30.90,Joules,power/energy-pkg/,1001028614,100.00,,
   206.242127194,47.27,Joules,power/energy-pkg/,1000856965,100.00,,
   207.243112647,44.92,Joules,power/energy-pkg/,1000976951,100.00,,
   208.244228810,43.34,Joules,power/energy-pkg/,1001110324,100.00,,
   209.245300197,41.23,Joules,power/energy-pkg/,1001062472,100.00,,
   210.246407667,35.82,Joules,power/energy-pkg/,1001111135,100.00,,
   211.247098615,35.28,Joules,power/energy-pkg/,1000690916,100.00,,
   212.248175476,32.23,Joules,power/energy-pkg/,1001063637,100.00,,
   213.248917304,20.66,Joules,power/energy-pkg/,1000776576,100.00,,
   214.249307743,26.18,Joules,power/energy-pkg/,1000360484,100.00,,
   215.249570097,45.85,Joules,power/energy-pkg/,1000271235,100.00,,
   216.250196535,66.95,Joules,power/energy-pkg/,1000646308,100.00,,
   217.253332500,70.50,Joules,power/energy-pkg/,1003124516,100.00,,
   218.254625998,70.61,Joules,power/energy-pkg/,1001298610,100.00,,
   219.255935928,70.00,Joules,power/energy-pkg/,1001318784,100.00,,
   220.257160297,62.83,Joules,power/energy-pkg/,1001189042,100.00,,
   221.257302225,49.96,Joules,power/energy-pkg/,1000146739,100.00,,
   222.258411612,66.79,Joules,power/energy-pkg/,1001103334,100.00,,
   223.259515284,67.69,Joules,power/energy-pkg/,1001109879,100.00,,
   224.259888781,68.87,Joules,power/energy-pkg/,1000361191,100.00,,
   225.260980843,73.18,Joules,power/energy-pkg/,1001080147,100.00,,
   226.261311431,63.65,Joules,power/energy-pkg/,1000352687,100.00,,
   227.262453564,66.62,Joules,power/energy-pkg/,1001154747,100.00,,
   228.263673602,71.32,Joules,power/energy-pkg/,1001201376,100.00,,
   229.264568184,66.61,Joules,power/energy-pkg/,1000884522,100.00,,
   230.265321327,56.69,Joules,power/energy-pkg/,1000742069,100.00,,
   231.266414775,53.77,Joules,power/energy-pkg/,1001118321,100.00,,
   232.269316152,68.35,Joules,power/energy-pkg/,1002887661,100.00,,
   233.270482812,67.74,Joules,power/energy-pkg/,1001160496,100.00,,
   234.271596847,68.89,Joules,power/energy-pkg/,1001136849,100.00,,
   235.272765191,67.99,Joules,power/energy-pkg/,1001148443,100.00,,
   236.273459246,65.27,Joules,power/energy-pkg/,1000676687,100.00,,
   237.274574972,64.30,Joules,power/energy-pkg/,1001160448,100.00,,
   238.275802339,64.49,Joules,power/energy-pkg/,1001202441,100.00,,
   239.276956492,54.32,Joules,power/energy-pkg/,1001134253,100.00,,
   240.277598126,60.65,Joules,power/energy-pkg/,1000688752,100.00,,
   241.278933605,67.71,Joules,power/energy-pkg/,1001320275,100.00,,
   242.280170004,66.34,Joules,power/energy-pkg/,1001279013,100.00,,
   243.281323103,61.29,Joules,power/energy-pkg/,1001079355,100.00,,
   244.282436727,60.11,Joules,power/energy-pkg/,1001096438,100.00,,
   245.283523205,58.18,Joules,power/energy-pkg/,1001084252,100.00,,
   246.284610590,52.99,Joules,power/energy-pkg/,1001086729,100.00,,
   247.285298122,63.83,Joules,power/energy-pkg/,1000685782,100.00,,
   248.286389014,72.59,Joules,power/energy-pkg/,1001096797,100.00,,
   249.287503792,65.89,Joules,power/energy-pkg/,1001104714,100.00,,
   250.287881534,53.82,Joules,power/energy-pkg/,1000387379,100.00,,
   251.288976196,60.79,Joules,power/energy-pkg/,1001081066,100.00,,
   252.289492435,65.93,Joules,power/energy-pkg/,1000686121,100.00,,
   253.290749035,69.60,Joules,power/energy-pkg/,1001098773,100.00,,
   254.291874045,73.67,Joules,power/energy-pkg/,1001130896,100.00,,
   255.292271789,67.14,Joules,power/energy-pkg/,1000390468,100.00,,
   256.293303114,60.22,Joules,power/energy-pkg/,1001024641,100.00,,
   257.294399059,68.15,Joules,power/energy-pkg/,1003987198,100.00,,
   258.298436679,68.33,Joules,power/energy-pkg/,1001155061,100.00,,
   259.298817297,63.37,Joules,power/energy-pkg/,1000368786,100.00,,
   260.299927488,65.31,Joules,power/energy-pkg/,1001120243,100.00,,
   261.301054366,66.70,Joules,power/energy-pkg/,1001108648,100.00,,
   262.301298974,57.08,Joules,power/energy-pkg/,1000240158,100.00,,
   263.302380872,42.58,Joules,power/energy-pkg/,1001082976,100.00,,
   264.303470778,53.80,Joules,power/energy-pkg/,1001105086,100.00,,
   265.304582643,62.64,Joules,power/energy-pkg/,1001085532,100.00,,
   266.305323664,68.00,Joules,power/energy-pkg/,1000741315,100.00,,
   267.305946000,66.19,Joules,power/energy-pkg/,1000634957,100.00,,
   268.307082789,63.11,Joules,power/energy-pkg/,1001123944,100.00,,
   269.308217762,65.02,Joules,power/energy-pkg/,1001176141,100.00,,
   270.309322831,64.02,Joules,power/energy-pkg/,1001083784,100.00,,
   271.310496032,73.01,Joules,power/energy-pkg/,1001154362,100.00,,
   272.311646840,69.18,Joules,power/energy-pkg/,1001175182,100.00,,
   273.312857168,65.65,Joules,power/energy-pkg/,1001188121,100.00,,
   274.313307384,56.90,Joules,power/energy-pkg/,1000433639,100.00,,
   275.314382178,47.34,Joules,power/energy-pkg/,1001075301,100.00,,
   276.315294785,54.59,Joules,power/energy-pkg/,1000936470,100.00,,
   277.316499015,63.30,Joules,power/energy-pkg/,1001191471,100.00,,
   278.317306170,71.62,Joules,power/energy-pkg/,1000793605,100.00,,
   279.318391456,69.15,Joules,power/energy-pkg/,1001086978,100.00,,
   280.318891547,67.78,Joules,power/energy-pkg/,1000493837,100.00,,
   281.319995950,69.87,Joules,power/energy-pkg/,1001112662,100.00,,
   282.321137256,69.59,Joules,power/energy-pkg/,1001154972,100.00,,
   283.321600696,65.35,Joules,power/energy-pkg/,1000432978,100.00,,
   284.322691545,63.41,Joules,power/energy-pkg/,1001109206,100.00,,
   285.323799401,62.87,Joules,power/energy-pkg/,1001112532,100.00,,
   286.324987894,67.61,Joules,power/energy-pkg/,1001162166,100.00,,
   287.325301908,65.97,Joules,power/energy-pkg/,1000303270,100.00,,
   288.326410815,64.39,Joules,power/energy-pkg/,1001102892,100.00,,
   289.327494702,65.53,Joules,power/energy-pkg/,1001112344,100.00,,
   290.328666836,63.06,Joules,power/energy-pkg/,1001156072,100.00,,
   291.329300840,57.35,Joules,power/energy-pkg/,1000617892,100.00,,
   292.330391128,40.08,Joules,power/energy-pkg/,1001086975,100.00,,
   293.331444774,54.11,Joules,power/energy-pkg/,1001080562,100.00,,
   294.332579435,56.62,Joules,power/energy-pkg/,1001127197,100.00,,
   295.333328596,62.65,Joules,power/energy-pkg/,1000736594,100.00,,
   296.334552961,66.96,Joules,power/energy-pkg/,1003986415,100.00,,
   297.338552763,64.38,Joules,power/energy-pkg/,1001231537,100.00,,
   298.339714156,68.19,Joules,power/energy-pkg/,1001159087,100.00,,
   299.340898108,70.95,Joules,power/energy-pkg/,1001565866,100.00,,
   300.342401289,72.97,Joules,power/energy-pkg/,1001115518,100.00,,
   301.343534954,71.17,Joules,power/energy-pkg/,1001139579,100.00,,
   302.344654450,64.97,Joules,power/energy-pkg/,1001123382,100.00,,
   303.345317697,55.41,Joules,power/energy-pkg/,1000654079,100.00,,
   304.346502127,66.74,Joules,power/energy-pkg/,1001184399,100.00,,
   305.347633171,69.23,Joules,power/energy-pkg/,1001120361,100.00,,
   306.348782783,66.96,Joules,power/energy-pkg/,1001136755,100.00,,
   307.349301747,63.74,Joules,power/energy-pkg/,1000522518,100.00,,
   308.350423923,60.34,Joules,power/energy-pkg/,1001157714,100.00,,
   309.351647402,63.32,Joules,power/energy-pkg/,1001193816,100.00,,
   310.352801545,70.40,Joules,power/energy-pkg/,1001161880,100.00,,
   311.353307546,65.76,Joules,power/energy-pkg/,1000768624,100.00,,
   312.354725083,65.48,Joules,power/energy-pkg/,1001137039,100.00,,
   313.357306516,63.17,Joules,power/energy-pkg/,1002575033,100.00,,
   314.358460649,52.67,Joules,power/energy-pkg/,1001168465,100.00,,
   315.359567314,57.57,Joules,power/energy-pkg/,1001081409,100.00,,
   316.360658736,60.96,Joules,power/energy-pkg/,1001099321,100.00,,
   317.361346798,71.05,Joules,power/energy-pkg/,1000731402,100.00,,
   318.362465963,67.13,Joules,power/energy-pkg/,1001076024,100.00,,
   319.363663402,70.82,Joules,power/energy-pkg/,1001197918,100.00,,
   320.364827630,68.09,Joules,power/energy-pkg/,1001161533,100.00,,
   321.365871259,65.06,Joules,power/energy-pkg/,1001037248,100.00,,
   322.367006536,65.06,Joules,power/energy-pkg/,1001137404,100.00,,
   323.368125020,65.03,Joules,power/energy-pkg/,1001114611,100.00,,
   324.369236343,65.00,Joules,power/energy-pkg/,1001091056,100.00,,
   325.370325104,64.03,Joules,power/energy-pkg/,1001100304,100.00,,
   326.371426903,66.21,Joules,power/energy-pkg/,1001138873,100.00,,
   327.372632930,63.52,Joules,power/energy-pkg/,1001198786,100.00,,
   328.373466718,66.34,Joules,power/energy-pkg/,1000784867,100.00,,
   329.374543233,65.16,Joules,power/energy-pkg/,1001086640,100.00,,
   330.375651462,65.22,Joules,power/energy-pkg/,1001138480,100.00,,
   331.376855318,59.53,Joules,power/energy-pkg/,1001169343,100.00,,
   332.377293907,59.03,Joules,power/energy-pkg/,1000432433,100.00,,
   333.378379278,50.73,Joules,power/energy-pkg/,1001074763,100.00,,
   334.379467391,48.37,Joules,power/energy-pkg/,1001086469,100.00,,
   335.380561410,61.89,Joules,power/energy-pkg/,1001091459,100.00,,
   336.381311510,57.65,Joules,power/energy-pkg/,1000758613,100.00,,
   337.382460613,62.78,Joules,power/energy-pkg/,1001141835,100.00,,
   338.384878617,64.64,Joules,power/energy-pkg/,1002413191,100.00,,
   339.385313688,66.21,Joules,power/energy-pkg/,1000430954,100.00,,
   340.386412857,59.76,Joules,power/energy-pkg/,1001107669,100.00,,
   341.387507537,64.12,Joules,power/energy-pkg/,1001094482,100.00,,
   342.388631593,64.97,Joules,power/energy-pkg/,1001138101,100.00,,
   343.389312409,59.67,Joules,power/energy-pkg/,1000685345,100.00,,
   344.390553338,58.96,Joules,power/energy-pkg/,1001223641,100.00,,
   345.391711469,60.50,Joules,power/energy-pkg/,1001185140,100.00,,
   346.392965402,58.55,Joules,power/energy-pkg/,1001218856,100.00,,
   347.393327543,61.41,Joules,power/energy-pkg/,1000344025,100.00,,
   348.394423827,67.48,Joules,power/energy-pkg/,1001091148,100.00,,
   349.395546953,65.69,Joules,power/energy-pkg/,1001127392,100.00,,
   350.396701595,63.67,Joules,power/energy-pkg/,1001156579,100.00,,
   351.397303593,60.22,Joules,power/energy-pkg/,1000598868,100.00,,
   352.398423943,64.35,Joules,power/energy-pkg/,1001117387,100.00,,
   353.399554167,56.64,Joules,power/energy-pkg/,1001158338,100.00,,
   354.400764533,52.82,Joules,power/energy-pkg/,1001182432,100.00,,
   355.401303347,49.38,Joules,power/energy-pkg/,1000530702,100.00,,
   356.402449216,57.19,Joules,power/energy-pkg/,1001147827,100.00,,
   357.403625339,63.16,Joules,power/energy-pkg/,1001170412,100.00,,
   358.404813518,65.90,Joules,power/energy-pkg/,1001181772,100.00,,
   359.405314561,65.25,Joules,power/energy-pkg/,1000509645,100.00,,
   360.406441526,64.32,Joules,power/energy-pkg/,1001129457,100.00,,
   361.407667401,64.82,Joules,power/energy-pkg/,1001211607,100.00,,
   362.408762607,68.55,Joules,power/energy-pkg/,1001094543,100.00,,
   363.409305752,69.41,Joules,power/energy-pkg/,1000548688,100.00,,
   364.410424687,74.67,Joules,power/energy-pkg/,1001103340,100.00,,
   365.411509071,60.63,Joules,power/energy-pkg/,1001070930,100.00,,
   366.412587848,67.50,Joules,power/energy-pkg/,1001092259,100.00,,
   367.413309236,66.31,Joules,power/energy-pkg/,1000703446,100.00,,
   368.414400046,55.25,Joules,power/energy-pkg/,1001095076,100.00,,
   369.415490521,47.36,Joules,power/energy-pkg/,1001108790,100.00,,
   370.416597730,54.79,Joules,power/energy-pkg/,1001089153,100.00,,
   371.417307500,63.35,Joules,power/energy-pkg/,1000713614,100.00,,
   372.418417627,65.93,Joules,power/energy-pkg/,1001105176,100.00,,
   373.419519372,65.89,Joules,power/energy-pkg/,1002865311,100.00,,
   374.422445449,71.69,Joules,power/energy-pkg/,1001154974,100.00,,
   375.423633323,72.85,Joules,power/energy-pkg/,1001206217,100.00,,
   376.424904279,70.51,Joules,power/energy-pkg/,1001236757,100.00,,
   377.425341341,64.26,Joules,power/energy-pkg/,1000462433,100.00,,
   378.426523711,65.79,Joules,power/energy-pkg/,1001164533,100.00,,
   379.427711631,60.70,Joules,power/energy-pkg/,1001172583,100.00,,
   380.428818537,56.62,Joules,power/energy-pkg/,1001100479,100.00,,
   381.429311443,43.39,Joules,power/energy-pkg/,1000505618,100.00,,
   382.430440051,52.38,Joules,power/energy-pkg/,1001110861,100.00,,
   383.431576925,54.57,Joules,power/energy-pkg/,1001166460,100.00,,
   384.432775636,68.08,Joules,power/energy-pkg/,1001177092,100.00,,
   385.435792649,66.90,Joules,power/energy-pkg/,1003019656,100.00,,
   386.436968474,70.02,Joules,power/energy-pkg/,1001168884,100.00,,
   387.437314197,69.11,Joules,power/energy-pkg/,1000343526,100.00,,
   388.438444536,69.00,Joules,power/energy-pkg/,1001158637,100.00,,
   389.439661131,66.62,Joules,power/energy-pkg/,1001195593,100.00,,
   390.440813400,65.82,Joules,power/energy-pkg/,1001142885,100.00,,
   391.441296370,66.27,Joules,power/energy-pkg/,1000461056,100.00,,
   392.442143647,59.09,Joules,power/energy-pkg/,1000853531,100.00,,
   393.443248428,65.43,Joules,power/energy-pkg/,1001101071,100.00,,
   394.444334598,60.93,Joules,power/energy-pkg/,1001099512,100.00,,
   395.445328051,64.80,Joules,power/energy-pkg/,1000997996,100.00,,
   396.446624606,68.58,Joules,power/energy-pkg/,1001277342,100.00,,
   397.447776007,66.33,Joules,power/energy-pkg/,1001170734,100.00,,
   398.449306979,69.27,Joules,power/energy-pkg/,1001500824,100.00,,
   399.450470372,65.20,Joules,power/energy-pkg/,1003975525,100.00,,
   400.454391149,57.89,Joules,power/energy-pkg/,1001132897,100.00,,
   401.455052210,62.84,Joules,power/energy-pkg/,1000638188,100.00,,
   402.456247916,68.84,Joules,power/energy-pkg/,1001175023,100.00,,
   403.457307411,64.80,Joules,power/energy-pkg/,1001070612,100.00,,
   404.458418535,63.25,Joules,power/energy-pkg/,1001127508,100.00,,
   405.459570484,70.10,Joules,power/energy-pkg/,1001145200,100.00,,
   406.460769908,65.07,Joules,power/energy-pkg/,1001198209,100.00,,
   407.461308047,65.00,Joules,power/energy-pkg/,1000532052,100.00,,
   408.462475203,65.06,Joules,power/energy-pkg/,1001157214,100.00,,
   409.463658458,63.24,Joules,power/energy-pkg/,1001176793,100.00,,
   410.464796608,55.66,Joules,power/energy-pkg/,1001150513,100.00,,
   411.465321604,51.80,Joules,power/energy-pkg/,1000511416,100.00,,
   412.466457243,46.24,Joules,power/energy-pkg/,1001135504,100.00,,
   413.467593028,61.74,Joules,power/energy-pkg/,1001124034,100.00,,
   414.468745908,68.21,Joules,power/energy-pkg/,1001154954,100.00,,
   415.469301038,68.80,Joules,power/energy-pkg/,1000536396,100.00,,
   416.470407917,72.81,Joules,power/energy-pkg/,1001105026,100.00,,
   417.471543649,72.33,Joules,power/energy-pkg/,1001174577,100.00,,
   418.472759092,69.04,Joules,power/energy-pkg/,1001177891,100.00,,
   419.473870177,62.54,Joules,power/energy-pkg/,1001123186,100.00,,
   420.474990738,48.54,Joules,power/energy-pkg/,1001104652,100.00,,
   421.476157059,62.04,Joules,power/energy-pkg/,1001151893,100.00,,
   422.477252285,69.25,Joules,power/energy-pkg/,1001089724,100.00,,
   423.478358194,70.40,Joules,power/energy-pkg/,1001136059,100.00,,
   424.479525183,69.58,Joules,power/energy-pkg/,1001141849,100.00,,
   425.489311868,67.08,Joules,power/energy-pkg/,1009792882,100.00,,
   426.490492876,64.98,Joules,power/energy-pkg/,1001190475,100.00,,
   427.491614686,62.40,Joules,power/energy-pkg/,1001114404,100.00,,
   428.492760604,67.73,Joules,power/energy-pkg/,1001143052,100.00,,
   429.493331218,65.02,Joules,power/energy-pkg/,1000573699,100.00,,
   430.494559460,58.24,Joules,power/energy-pkg/,1001192209,100.00,,
   431.495652138,58.28,Joules,power/energy-pkg/,1001100664,100.00,,
   432.496750834,71.10,Joules,power/energy-pkg/,1001095512,100.00,,
   433.497363735,61.30,Joules,power/energy-pkg/,1000704991,100.00,,
   434.498713277,67.68,Joules,power/energy-pkg/,1001253207,100.00,,
   435.499852228,65.83,Joules,power/energy-pkg/,1001162335,100.00,,
   436.501063137,66.82,Joules,power/energy-pkg/,1001171342,100.00,,
   437.502137953,57.82,Joules,power/energy-pkg/,1001185935,100.00,,
   438.503008906,54.76,Joules,power/energy-pkg/,1000765127,100.00,,
   439.503817803,55.52,Joules,power/energy-pkg/,1000836868,100.00,,
   440.504993773,58.14,Joules,power/energy-pkg/,1001139176,100.00,,
   441.505320553,58.83,Joules,power/energy-pkg/,1000341616,100.00,,
   442.505905496,59.98,Joules,power/energy-pkg/,1000824587,100.00,,
   443.509358780,67.76,Joules,power/energy-pkg/,1003258381,100.00,,
   444.510976805,74.76,Joules,power/energy-pkg/,1001548485,100.00,,
   445.512127526,74.72,Joules,power/energy-pkg/,1001160308,100.00,,
   446.513320057,68.24,Joules,power/energy-pkg/,1001182389,100.00,,
   447.514521046,65.03,Joules,power/energy-pkg/,1001201107,100.00,,
   448.515641995,65.11,Joules,power/energy-pkg/,1001110849,100.00,,
   449.516757502,64.45,Joules,power/energy-pkg/,1001131541,100.00,,
   450.517301870,52.39,Joules,power/energy-pkg/,1000527131,100.00,,
   451.518458725,45.05,Joules,power/energy-pkg/,1001133500,100.00,,
   452.519527863,65.15,Joules,power/energy-pkg/,1001078620,100.00,,
   453.520621211,65.89,Joules,power/energy-pkg/,1001080826,100.00,,
   454.521319893,62.97,Joules,power/energy-pkg/,1000711030,100.00,,
   455.522498451,67.32,Joules,power/energy-pkg/,1001229016,100.00,,
   456.523844403,63.14,Joules,power/energy-pkg/,1001307366,100.00,,
   457.524993497,66.65,Joules,power/energy-pkg/,1001141517,100.00,,
   458.525303165,72.14,Joules,power/energy-pkg/,1000278246,100.00,,
   459.526390445,65.07,Joules,power/energy-pkg/,1001095974,100.00,,
   460.527485886,64.05,Joules,power/energy-pkg/,1001103107,100.00,,
   461.528670785,67.41,Joules,power/energy-pkg/,1001181984,100.00,,
   462.529306409,64.36,Joules,power/energy-pkg/,1000626382,100.00,,
   463.530440285,62.15,Joules,power/energy-pkg/,1001173076,100.00,,
   464.531780193,64.34,Joules,power/energy-pkg/,1001307105,100.00,,
   465.532928368,52.04,Joules,power/energy-pkg/,1001480633,100.00,,
   466.534414867,37.22,Joules,power/energy-pkg/,1001184404,100.00,,
   467.535715971,62.22,Joules,power/energy-pkg/,1001233081,100.00,,
   468.536814003,62.24,Joules,power/energy-pkg/,1001096588,100.00,,
   469.537322900,67.99,Joules,power/energy-pkg/,1000525406,100.00,,
   470.538530703,71.07,Joules,power/energy-pkg/,1001203497,100.00,,
   471.539751799,73.08,Joules,power/energy-pkg/,1001224995,100.00,,
   472.540340730,73.20,Joules,power/energy-pkg/,1000576763,100.00,,
   473.541326009,67.06,Joules,power/energy-pkg/,1000982427,100.00,,
   474.545321621,65.83,Joules,power/energy-pkg/,1003996380,100.00,,
   475.546522869,64.78,Joules,power/energy-pkg/,1001211693,100.00,,
   476.547724814,61.35,Joules,power/energy-pkg/,1001163709,100.00,,
   477.548815063,40.85,Joules,power/energy-pkg/,1001086023,100.00,,
   478.549306591,53.23,Joules,power/energy-pkg/,1000505288,100.00,,
   479.550425052,67.27,Joules,power/energy-pkg/,1001110772,100.00,,
   480.551543392,70.19,Joules,power/energy-pkg/,1001108155,100.00,,
   481.552671266,69.87,Joules,power/energy-pkg/,1001139345,100.00,,
   482.553310817,69.88,Joules,power/energy-pkg/,1000621338,100.00,,
   483.554474418,66.38,Joules,power/energy-pkg/,1001191075,100.00,,
   484.555638361,60.68,Joules,power/energy-pkg/,1001141047,100.00,,
   485.556798011,66.32,Joules,power/energy-pkg/,1001142660,100.00,,
   486.557314975,52.40,Joules,power/energy-pkg/,1000550790,100.00,,
   487.558534428,61.27,Joules,power/energy-pkg/,1001193508,100.00,,
   488.559696993,66.09,Joules,power/energy-pkg/,1001264878,100.00,,
   489.560953001,58.95,Joules,power/energy-pkg/,1001158345,100.00,,
   490.561312124,53.53,Joules,power/energy-pkg/,1000359608,100.00,,
   491.562462524,65.17,Joules,power/energy-pkg/,1001131353,100.00,,
   492.563584258,73.52,Joules,power/energy-pkg/,1001109641,100.00,,
   493.564672171,62.32,Joules,power/energy-pkg/,1001078613,100.00,,
   494.565303862,61.37,Joules,power/energy-pkg/,1000628114,100.00,,
   495.566388804,64.04,Joules,power/energy-pkg/,1001080847,100.00,,
   496.567473167,58.59,Joules,power/energy-pkg/,1001085324,100.00,,
   497.568576155,68.52,Joules,power/energy-pkg/,1001117371,100.00,,
   498.569302655,64.61,Joules,power/energy-pkg/,1000719052,100.00,,
   499.570427671,68.77,Joules,power/energy-pkg/,1001144782,100.00,,
   500.571673301,67.85,Joules,power/energy-pkg/,1001222363,100.00,,
   501.572856196,70.09,Joules,power/energy-pkg/,1001172632,100.00,,
   502.573311568,63.17,Joules,power/energy-pkg/,1000458975,100.00,,
   503.574496154,64.00,Joules,power/energy-pkg/,1001173434,100.00,,
   504.575597267,64.18,Joules,power/energy-pkg/,1001096324,100.00,,
   505.577306052,64.58,Joules,power/energy-pkg/,1001713637,100.00,,
   506.578510368,59.49,Joules,power/energy-pkg/,1001184858,100.00,,
   507.579186666,71.62,Joules,power/energy-pkg/,1002937304,100.00,,
   508.582586392,66.47,Joules,power/energy-pkg/,1001156817,100.00,,
   509.583760961,63.71,Joules,power/energy-pkg/,1001157250,100.00,,
   510.584915220,66.49,Joules,power/energy-pkg/,1001192468,100.00,,
   511.585871055,65.17,Joules,power/energy-pkg/,1000908763,100.00,,
   512.587025090,64.96,Joules,power/energy-pkg/,1001179570,100.00,,
   513.588213030,65.16,Joules,power/energy-pkg/,1001149386,100.00,,
   514.589302050,65.01,Joules,power/energy-pkg/,1001094074,100.00,,
   515.590402896,57.33,Joules,power/energy-pkg/,1001097432,100.00,,
   516.591491270,48.84,Joules,power/energy-pkg/,1001074194,100.00,,
   517.592588211,66.43,Joules,power/energy-pkg/,1001108643,100.00,,
   518.593326124,60.81,Joules,power/energy-pkg/,1000750052,100.00,,
   519.593777533,52.93,Joules,power/energy-pkg/,1000440779,100.00,,
   520.594894854,59.63,Joules,power/energy-pkg/,1001101255,100.00,,
   521.596002433,61.77,Joules,power/energy-pkg/,1001150310,100.00,,
   522.597327810,59.27,Joules,power/energy-pkg/,1001286145,100.00,,
   523.598522808,71.26,Joules,power/energy-pkg/,1001189768,100.00,,
   524.599656100,70.05,Joules,power/energy-pkg/,1001124658,100.00,,
   525.600753432,66.94,Joules,power/energy-pkg/,1001082452,100.00,,
   526.601315896,63.20,Joules,power/energy-pkg/,1000597540,100.00,,
   527.602508833,74.94,Joules,power/energy-pkg/,1001183498,100.00,,
   528.603715934,66.76,Joules,power/energy-pkg/,1001176265,100.00,,
   529.604798913,65.13,Joules,power/energy-pkg/,1001092926,100.00,,
   530.605295961,63.85,Joules,power/energy-pkg/,1000476419,100.00,,
   531.606437556,53.31,Joules,power/energy-pkg/,1001135417,100.00,,
   532.607547630,71.50,Joules,power/energy-pkg/,1001119676,100.00,,
   533.608209984,68.33,Joules,power/energy-pkg/,1000669606,100.00,,
   534.609319873,66.36,Joules,power/energy-pkg/,1001106206,100.00,,
   535.610549562,64.90,Joules,power/energy-pkg/,1001200739,100.00,,
   536.611427443,65.27,Joules,power/energy-pkg/,1000889731,100.00,,
   537.612537298,65.03,Joules,power/energy-pkg/,1001093771,100.00,,
   538.613371863,51.40,Joules,power/energy-pkg/,1000839239,100.00,,
   539.614469543,58.82,Joules,power/energy-pkg/,1001106777,100.00,,
   540.615612964,63.98,Joules,power/energy-pkg/,1001154572,100.00,,
   541.616796862,54.39,Joules,power/energy-pkg/,1001163381,100.00,,
   542.617295608,46.50,Joules,power/energy-pkg/,1000487802,100.00,,
   543.618406138,50.14,Joules,power/energy-pkg/,1001121805,100.00,,
   544.619514353,54.55,Joules,power/energy-pkg/,1001093208,100.00,,
   545.620626587,54.12,Joules,power/energy-pkg/,1001106623,100.00,,
   546.621307096,60.10,Joules,power/energy-pkg/,1000664895,100.00,,
   547.622403920,55.32,Joules,power/energy-pkg/,1001119749,100.00,,
   548.623644774,61.98,Joules,power/energy-pkg/,1001215124,100.00,,
   549.624768056,70.29,Joules,power/energy-pkg/,1001133670,100.00,,
   550.625317432,67.12,Joules,power/energy-pkg/,1000544016,100.00,,
   551.626409382,69.07,Joules,power/energy-pkg/,1001073003,100.00,,
   552.627501032,69.97,Joules,power/energy-pkg/,1001098478,100.00,,
   553.628603391,69.68,Joules,power/energy-pkg/,1001112577,100.00,,
   554.629334943,63.75,Joules,power/energy-pkg/,1000742093,100.00,,
   555.630554786,62.41,Joules,power/energy-pkg/,1001216189,100.00,,
   556.631737297,51.45,Joules,power/energy-pkg/,1001141865,100.00,,
   557.632832103,52.80,Joules,power/energy-pkg/,1001102876,100.00,,
   558.633307444,59.70,Joules,power/energy-pkg/,1000464527,100.00,,
   559.634406604,54.02,Joules,power/energy-pkg/,1001089716,100.00,,
   560.635491957,64.43,Joules,power/energy-pkg/,1001084082,100.00,,
   561.636587486,70.42,Joules,power/energy-pkg/,1001133500,100.00,,
   562.637323938,69.53,Joules,power/energy-pkg/,1000716187,100.00,,
   563.638499839,69.93,Joules,power/energy-pkg/,1001168245,100.00,,
   564.639759884,67.57,Joules,power/energy-pkg/,1001257554,100.00,,
   565.640558916,66.68,Joules,power/energy-pkg/,1000806546,100.00,,
   566.641296026,57.64,Joules,power/energy-pkg/,1000698757,100.00,,
   567.642395461,40.72,Joules,power/energy-pkg/,1001121216,100.00,,
   568.643508106,47.21,Joules,power/energy-pkg/,1001083196,100.00,,
   569.644585922,54.18,Joules,power/energy-pkg/,1001075949,100.00,,
   570.645604843,63.25,Joules,power/energy-pkg/,1001027517,100.00,,
   571.646692061,58.45,Joules,power/energy-pkg/,1001069176,100.00,,
   572.647778651,60.44,Joules,power/energy-pkg/,1001085868,100.00,,
   573.648900149,66.99,Joules,power/energy-pkg/,1001130841,100.00,,
   574.649310760,68.23,Joules,power/energy-pkg/,1000420069,100.00,,
   575.650459028,68.10,Joules,power/energy-pkg/,1001120401,100.00,,
   576.651578364,74.91,Joules,power/energy-pkg/,1001135738,100.00,,
   577.652790916,72.32,Joules,power/energy-pkg/,1001205938,100.00,,
   578.653338007,69.49,Joules,power/energy-pkg/,1000525905,100.00,,
   579.654478789,65.62,Joules,power/energy-pkg/,1001160995,100.00,,
   580.655724198,65.11,Joules,power/energy-pkg/,1001241047,100.00,,
   581.656863151,64.85,Joules,power/energy-pkg/,1001111465,100.00,,
   582.657293718,62.33,Joules,power/energy-pkg/,1000434367,100.00,,
   583.658377800,53.90,Joules,power/energy-pkg/,1001079267,100.00,,
   584.659488225,56.74,Joules,power/energy-pkg/,1001098920,100.00,,
   585.660575206,50.79,Joules,power/energy-pkg/,1001124843,100.00,,
   586.661319822,64.91,Joules,power/energy-pkg/,1000730256,100.00,,
   587.662490294,66.42,Joules,power/energy-pkg/,1001177375,100.00,,
   588.663795039,65.87,Joules,power/energy-pkg/,1001283594,100.00,,
   589.664940141,61.72,Joules,power/energy-pkg/,1001177372,100.00,,
   590.665304825,64.91,Joules,power/energy-pkg/,1000317614,100.00,,
   591.665602535,67.56,Joules,power/energy-pkg/,1000294616,100.00,,
   592.666729939,67.59,Joules,power/energy-pkg/,1001117824,100.00,,
   593.667865320,57.04,Joules,power/energy-pkg/,1001122332,100.00,,
   594.668965951,55.64,Joules,power/energy-pkg/,1001150481,100.00,,
   595.669309832,71.01,Joules,power/energy-pkg/,1000293182,100.00,,
   596.670440411,71.12,Joules,power/energy-pkg/,1001179989,100.00,,
   597.671735224,67.98,Joules,power/energy-pkg/,1001250510,100.00,,
   598.672857746,69.16,Joules,power/energy-pkg/,1001101468,100.00,,
   599.673303797,65.03,Joules,power/energy-pkg/,1000445145,100.00,,
   600.674415903,65.06,Joules,power/energy-pkg/,1001121106,100.00,,
   601.675589418,58.27,Joules,power/energy-pkg/,1001166450,100.00,,
   602.676731338,44.87,Joules,power/energy-pkg/,1001135912,100.00,,
   603.677322783,54.26,Joules,power/energy-pkg/,1000612875,100.00,,
   604.678529358,66.01,Joules,power/energy-pkg/,1001166065,100.00,,
   605.679608661,58.32,Joules,power/energy-pkg/,1001083818,100.00,,
   606.680690749,56.57,Joules,power/energy-pkg/,1001070449,100.00,,
   607.681299677,47.22,Joules,power/energy-pkg/,1000618073,100.00,,
   608.682392187,53.36,Joules,power/energy-pkg/,1001077382,100.00,,
   609.683558377,54.12,Joules,power/energy-pkg/,1001190074,100.00,,
   610.684690487,62.64,Joules,power/energy-pkg/,1001115539,100.00,,
   611.685578705,68.69,Joules,power/energy-pkg/,1000895558,100.00,,
   612.686715524,66.03,Joules,power/energy-pkg/,1001122099,100.00,,
   613.686864451,63.48,Joules,power/energy-pkg/,1000145316,100.00,,
   614.687977037,58.33,Joules,power/energy-pkg/,1001101899,100.00,,
   615.689064682,59.57,Joules,power/energy-pkg/,1001075626,100.00,,
   616.689309335,67.99,Joules,power/energy-pkg/,1000248437,100.00,,
   617.690455988,72.40,Joules,power/energy-pkg/,1001174261,100.00,,
   618.691632997,67.34,Joules,power/energy-pkg/,1001170988,100.00,,
   619.692833705,73.06,Joules,power/energy-pkg/,1001162085,100.00,,
   620.693304143,71.46,Joules,power/energy-pkg/,1000476041,100.00,,
   621.694476359,65.04,Joules,power/energy-pkg/,1001167580,100.00,,
   622.695616133,64.80,Joules,power/energy-pkg/,1001138410,100.00,,
   623.696718745,60.79,Joules,power/energy-pkg/,1001084333,100.00,,
   624.697297360,54.70,Joules,power/energy-pkg/,1000585394,100.00,,
   625.698389598,58.94,Joules,power/energy-pkg/,1001078290,100.00,,
   626.699476791,58.42,Joules,power/energy-pkg/,1001094961,100.00,,
   627.700564592,49.33,Joules,power/energy-pkg/,1001075125,100.00,,
   628.701296666,56.50,Joules,power/energy-pkg/,1000736178,100.00,,
   629.702400846,69.57,Joules,power/energy-pkg/,1001093654,100.00,,
   630.703511992,74.11,Joules,power/energy-pkg/,1001106122,100.00,,
   631.704617301,73.09,Joules,power/energy-pkg/,1001125967,100.00,,
   632.705324112,72.11,Joules,power/energy-pkg/,1000705266,100.00,,
   633.706597767,65.73,Joules,power/energy-pkg/,1001254789,100.00,,
   634.707704992,63.47,Joules,power/energy-pkg/,1001092834,100.00,,
   635.708797447,49.69,Joules,power/energy-pkg/,1001085280,100.00,,
   636.709314813,36.29,Joules,power/energy-pkg/,1000525107,100.00,,
   637.709656943,66.68,Joules,power/energy-pkg/,1000351422,100.00,,
   638.710449465,65.15,Joules,power/energy-pkg/,1000883210,100.00,,
   639.711570323,60.75,Joules,power/energy-pkg/,1001041172,100.00,,
   640.712684325,60.41,Joules,power/energy-pkg/,1001089867,100.00,,
   641.713311498,60.31,Joules,power/energy-pkg/,1000642656,100.00,,
   642.714513558,64.48,Joules,power/energy-pkg/,1001157140,100.00,,
   643.715605482,59.92,Joules,power/energy-pkg/,1001127401,100.00,,
   644.716800026,64.48,Joules,power/energy-pkg/,1001161073,100.00,,
   645.717316994,67.61,Joules,power/energy-pkg/,1000536184,100.00,,
   646.718476811,66.38,Joules,power/energy-pkg/,1001170960,100.00,,
   647.719729967,63.89,Joules,power/energy-pkg/,1001249027,100.00,,
   648.720974472,75.64,Joules,power/energy-pkg/,1001193693,100.00,,
   649.721311613,70.60,Joules,power/energy-pkg/,1000342802,100.00,,
   650.722460294,65.12,Joules,power/energy-pkg/,1001140465,100.00,,
   651.723590867,65.05,Joules,power/energy-pkg/,1001127882,100.00,,
   652.724704976,65.03,Joules,power/energy-pkg/,1001104943,100.00,,
   653.725293046,54.84,Joules,power/energy-pkg/,1000583070,100.00,,
   654.726408554,63.04,Joules,power/energy-pkg/,1001117440,100.00,,
   655.727431851,65.40,Joules,power/energy-pkg/,1001028331,100.00,,
   656.728548646,69.37,Joules,power/energy-pkg/,1001116633,100.00,,
   657.729662699,69.02,Joules,power/energy-pkg/,1001102822,100.00,,
   658.730770750,55.22,Joules,power/energy-pkg/,1001119077,100.00,,
   659.731884962,59.34,Joules,power/energy-pkg/,1001096393,100.00,,
   660.733055033,65.19,Joules,power/energy-pkg/,1001155305,100.00,,
   661.733317024,70.89,Joules,power/energy-pkg/,1000266164,100.00,,
   662.734431564,68.11,Joules,power/energy-pkg/,1001102272,100.00,,
   663.735530274,66.86,Joules,power/energy-pkg/,1001113512,100.00,,
   664.736724729,64.99,Joules,power/energy-pkg/,1001193605,100.00,,
   665.737305128,65.11,Joules,power/energy-pkg/,1000586784,100.00,,
   666.738529449,65.04,Joules,power/energy-pkg/,1001212954,100.00,,
   667.739661070,61.65,Joules,power/energy-pkg/,1001142041,100.00,,
   668.740833872,66.17,Joules,power/energy-pkg/,1001140231,100.00,,
   669.741303374,47.81,Joules,power/energy-pkg/,1000500318,100.00,,
   670.742374317,62.06,Joules,power/energy-pkg/,1001062484,100.00,,
   671.743584916,68.60,Joules,power/energy-pkg/,1001167663,100.00,,
   672.744584701,67.08,Joules,power/energy-pkg/,1001027387,100.00,,
   673.745534624,69.05,Joules,power/energy-pkg/,1000980873,100.00,,
   674.746849663,69.96,Joules,power/energy-pkg/,1001263288,100.00,,
   675.747968438,64.90,Joules,power/energy-pkg/,1001096025,100.00,,
   676.748671176,64.31,Joules,power/energy-pkg/,1000718681,100.00,,
   677.749628429,56.70,Joules,power/energy-pkg/,1000942703,100.00,,
   678.750198691,34.47,Joules,power/energy-pkg/,1000576235,100.00,,
   679.751316668,54.27,Joules,power/energy-pkg/,1001135093,100.00,,
   680.751984858,65.93,Joules,power/energy-pkg/,1000637776,100.00,,
   681.753098763,62.39,Joules,power/energy-pkg/,1001108578,100.00,,
   682.753345747,62.69,Joules,power/energy-pkg/,1000289850,100.00,,
   683.754662197,63.69,Joules,power/energy-pkg/,1001263182,100.00,,
   684.755787417,65.98,Joules,power/energy-pkg/,1001125730,100.00,,
   685.756929236,64.74,Joules,power/energy-pkg/,1001127597,100.00,,
   686.757739141,69.08,Joules,power/energy-pkg/,1000833614,100.00,,
   687.759072885,71.00,Joules,power/energy-pkg/,1001318367,100.00,,
   688.760192508,69.38,Joules,power/energy-pkg/,1001094987,100.00,,
   689.760962560,69.34,Joules,power/energy-pkg/,1000778581,100.00,,
   690.761329287,63.94,Joules,power/energy-pkg/,1000368728,100.00,,
   691.762509016,60.70,Joules,power/energy-pkg/,1001156198,100.00,,
   692.763593219,46.41,Joules,power/energy-pkg/,1001078197,100.00,,
   693.764686444,65.18,Joules,power/energy-pkg/,1001108364,100.00,,
   694.765324459,56.21,Joules,power/energy-pkg/,1000641955,100.00,,
   695.766562963,64.53,Joules,power/energy-pkg/,1003957303,100.00,,
   696.770410631,67.88,Joules,power/energy-pkg/,1001117001,100.00,,
   697.771545147,67.55,Joules,power/energy-pkg/,1001129564,100.00,,
   698.772687167,69.19,Joules,power/energy-pkg/,1001150090,100.00,,
   699.773301672,69.15,Joules,power/energy-pkg/,1000579310,100.00,,
   700.774393132,66.41,Joules,power/energy-pkg/,1001103550,100.00,,
   701.775492250,64.47,Joules,power/energy-pkg/,1001080048,100.00,,
   702.776598343,64.40,Joules,power/energy-pkg/,1001109588,100.00,,
   703.777306175,56.95,Joules,power/energy-pkg/,1000709487,100.00,,
   704.778404462,54.73,Joules,power/energy-pkg/,1001078374,100.00,,
   705.779488084,55.51,Joules,power/energy-pkg/,1001107886,100.00,,
   706.780632986,70.60,Joules,power/energy-pkg/,1001789730,100.00,,
   707.782439064,71.52,Joules,power/energy-pkg/,1001141994,100.00,,
   708.782703575,70.52,Joules,power/energy-pkg/,1000261495,100.00,,
   709.783514214,68.02,Joules,power/energy-pkg/,1000803065,100.00,,
   710.784684000,61.84,Joules,power/energy-pkg/,1001764418,100.00,,
   711.786398273,57.88,Joules,power/energy-pkg/,1001099801,100.00,,
   712.787489115,53.31,Joules,power/energy-pkg/,1001100482,100.00,,
   713.788601523,50.61,Joules,power/energy-pkg/,1001094631,100.00,,
   714.789498195,54.88,Joules,power/energy-pkg/,1000922678,100.00,,
   715.790676352,55.48,Joules,power/energy-pkg/,1001162853,100.00,,
   716.791898708,63.37,Joules,power/energy-pkg/,1001203281,100.00,,
   717.793031533,69.13,Joules,power/energy-pkg/,1001141587,100.00,,
   718.793322106,68.93,Joules,power/energy-pkg/,1000278610,100.00,,
   719.794472910,72.34,Joules,power/energy-pkg/,1001160107,100.00,,
   720.795654737,62.75,Joules,power/energy-pkg/,1001183155,100.00,,
   721.796813428,60.13,Joules,power/energy-pkg/,1001129556,100.00,,
   722.797293635,43.84,Joules,power/energy-pkg/,1000480639,100.00,,
   723.797795255,48.67,Joules,power/energy-pkg/,1000500415,100.00,,
   724.797951823,67.80,Joules,power/energy-pkg/,1000154046,100.00,,
   725.799069125,72.20,Joules,power/energy-pkg/,1001111938,100.00,,
   726.799541024,72.96,Joules,power/energy-pkg/,1000475878,100.00,,
   727.799794616,71.25,Joules,power/energy-pkg/,1000235033,100.00,,
   728.800896799,69.20,Joules,power/energy-pkg/,1001104482,100.00,,
   729.801306092,60.59,Joules,power/energy-pkg/,1000401238,100.00,,
   730.802456653,48.96,Joules,power/energy-pkg/,1001150999,100.00,,
   731.803614810,51.90,Joules,power/energy-pkg/,1001179075,100.00,,
   732.804818297,51.22,Joules,power/energy-pkg/,1001209749,100.00,,
   733.805810921,61.70,Joules,power/energy-pkg/,1000972982,100.00,,
   734.806320061,58.39,Joules,power/energy-pkg/,1000486870,100.00,,
   735.807481999,65.24,Joules,power/energy-pkg/,1001159464,100.00,,
   736.808641277,61.87,Joules,power/energy-pkg/,1001175188,100.00,,
   737.809303785,64.84,Joules,power/energy-pkg/,1000628102,100.00,,
   738.810401468,65.08,Joules,power/energy-pkg/,1001090019,100.00,,
   739.811510907,65.88,Joules,power/energy-pkg/,1001136691,100.00,,
   740.812678099,64.74,Joules,power/energy-pkg/,1001181026,100.00,,
   741.813301686,56.59,Joules,power/energy-pkg/,1000584937,100.00,,
   742.814459916,59.38,Joules,power/energy-pkg/,1001151796,100.00,,
   743.815632289,58.29,Joules,power/energy-pkg/,1001186451,100.00,,
   744.816803732,55.16,Joules,power/energy-pkg/,1001151976,100.00,,
   745.817980024,63.18,Joules,power/energy-pkg/,1001200449,100.00,,
   746.819225496,58.08,Joules,power/energy-pkg/,1001222435,100.00,,
   747.820369667,65.90,Joules,power/energy-pkg/,1001135772,100.00,,
   748.821308213,72.25,Joules,power/energy-pkg/,1000921140,100.00,,
   749.822448045,68.98,Joules,power/energy-pkg/,1001177427,100.00,,
   750.823676929,70.01,Joules,power/energy-pkg/,1001175112,100.00,,
   751.824765418,61.67,Joules,power/energy-pkg/,1001085502,100.00,,
   752.825304625,65.40,Joules,power/energy-pkg/,1000534184,100.00,,
   753.826394446,63.29,Joules,power/energy-pkg/,1001086312,100.00,,
   754.827477839,59.90,Joules,power/energy-pkg/,1001084279,100.00,,
   755.828616811,57.10,Joules,power/energy-pkg/,1001155967,100.00,,
   756.829315012,62.53,Joules,power/energy-pkg/,1000693771,100.00,,
   757.830465128,59.88,Joules,power/energy-pkg/,1001121577,100.00,,
   758.830863385,61.22,Joules,power/energy-pkg/,1000447928,100.00,,
   759.832108111,58.08,Joules,power/energy-pkg/,1001209642,100.00,,
   760.833320199,61.54,Joules,power/energy-pkg/,1001230725,100.00,,
   761.834557906,64.17,Joules,power/energy-pkg/,1001211448,100.00,,
   762.835694305,58.60,Joules,power/energy-pkg/,1001107488,100.00,,
   763.836790642,60.42,Joules,power/energy-pkg/,1001093292,100.00,,
   764.837754885,68.99,Joules,power/energy-pkg/,1000968229,100.00,,
   765.838901375,66.92,Joules,power/energy-pkg/,1001135912,100.00,,
   766.840016073,69.74,Joules,power/energy-pkg/,1001119786,100.00,,
   767.841158532,75.94,Joules,power/energy-pkg/,1001124632,100.00,,
   768.845314356,65.47,Joules,power/energy-pkg/,1004169860,100.00,,
   769.846511396,65.06,Joules,power/energy-pkg/,1001193751,100.00,,
   770.849319396,65.19,Joules,power/energy-pkg/,1002791489,100.00,,
   771.853300818,65.26,Joules,power/energy-pkg/,1003973032,100.00,,
   772.854394427,62.26,Joules,power/energy-pkg/,1001084824,100.00,,
   773.855469207,23.43,Joules,power/energy-pkg/,1001070418,100.00,,
   774.856537621,24.07,Joules,power/energy-pkg/,1001073026,100.00,,
   775.857311036,20.73,Joules,power/energy-pkg/,1000768069,100.00,,
   776.858391907,20.31,Joules,power/energy-pkg/,1001082024,100.00,,
   777.859478816,20.44,Joules,power/energy-pkg/,1001072337,100.00,,
   778.860571731,20.18,Joules,power/energy-pkg/,1001088287,100.00,,
   779.861310065,22.63,Joules,power/energy-pkg/,1000739981,100.00,,
   780.862390599,19.69,Joules,power/energy-pkg/,1001070037,100.00,,
   781.863489675,21.42,Joules,power/energy-pkg/,1001104856,100.00,,
   782.864580446,21.64,Joules,power/energy-pkg/,1001085967,100.00,,
   783.865303889,20.66,Joules,power/energy-pkg/,1000720435,100.00,,
   784.866390639,22.25,Joules,power/energy-pkg/,1001072411,100.00,,
   785.867488534,22.10,Joules,power/energy-pkg/,1001109470,100.00,,
   786.868625476,18.56,Joules,power/energy-pkg/,1001119686,100.00,,
   787.869292672,21.10,Joules,power/energy-pkg/,1000665617,100.00,,
   788.870391830,20.09,Joules,power/energy-pkg/,1001100758,100.00,,
   789.871487060,18.21,Joules,power/energy-pkg/,1001094990,100.00,,
   790.872617106,15.46,Joules,power/energy-pkg/,1001107033,100.00,,
   791.873307804,18.39,Joules,power/energy-pkg/,1000698191,100.00,,
   792.873983304,20.08,Joules,power/energy-pkg/,1000690528,100.00,,
   793.875082562,22.35,Joules,power/energy-pkg/,1001067662,100.00,,
   794.876180857,22.12,Joules,power/energy-pkg/,1001103639,100.00,,
   795.877298770,20.99,Joules,power/energy-pkg/,1001105374,100.00,,
   796.878392076,21.66,Joules,power/energy-pkg/,1001095342,100.00,,
   797.879477724,19.32,Joules,power/energy-pkg/,1001074124,100.00,,
   798.880565725,17.68,Joules,power/energy-pkg/,1001094363,100.00,,
   799.881296884,17.35,Joules,power/energy-pkg/,1000716476,100.00,,
   800.882393432,19.77,Joules,power/energy-pkg/,1001100681,100.00,,
   801.883478728,20.33,Joules,power/energy-pkg/,1001071434,100.00,,
   802.884565302,20.90,Joules,power/energy-pkg/,1001083329,100.00,,
