# started on Thu Apr 13 16:43:31 2023

     1.000178211,8.97,Joules,power/energy-ram/,1000169057,100.00,,
     1.000178211,20.37,Joules,power/energy-pkg/,1000168842,100.00,,
     2.000444705,15.69,Joules,power/energy-ram/,1000261171,100.00,,
     2.000444705,24.65,Joules,power/energy-pkg/,1000262351,100.00,,
     3.000663001,17.63,Joules,power/energy-ram/,1000211309,100.00,,
     3.000663001,25.35,Joules,power/energy-pkg/,1000211518,100.00,,
     4.000883575,10.87,Joules,power/energy-ram/,1000210231,100.00,,
     4.000883575,21.40,Joules,power/energy-pkg/,1000209688,100.00,,
     5.001127553,9.30,Joules,power/energy-ram/,1000237176,100.00,,
     5.001127553,20.35,Joules,power/energy-pkg/,1000236663,100.00,,
     6.001360389,8.64,Joules,power/energy-ram/,1000223102,100.00,,
     6.001360389,20.16,Joules,power/energy-pkg/,1000221498,100.00,,
     7.001605574,8.83,Joules,power/energy-ram/,1000236582,100.00,,
     7.001605574,20.00,Joules,power/energy-pkg/,1000236539,100.00,,
     8.001822880,9.89,Joules,power/energy-ram/,1000209678,100.00,,
     8.001822880,20.55,Joules,power/energy-pkg/,1000209400,100.00,,
     9.002045807,8.10,Joules,power/energy-ram/,1000215211,100.00,,
     9.002045807,19.77,Joules,power/energy-pkg/,1000215645,100.00,,
    10.002251660,9.21,Joules,power/energy-ram/,1000198358,100.00,,
    10.002251660,20.37,Joules,power/energy-pkg/,1000198498,100.00,,
    11.002454980,9.06,Joules,power/energy-ram/,1000195472,100.00,,
    11.002454980,20.14,Joules,power/energy-pkg/,1000194992,100.00,,
    12.002673237,8.95,Joules,power/energy-ram/,1000210012,100.00,,
    12.002673237,20.00,Joules,power/energy-pkg/,1000210290,100.00,,
    13.002901986,9.74,Joules,power/energy-ram/,1000220724,100.00,,
    13.002901986,20.45,Joules,power/energy-pkg/,1000220852,100.00,,
    14.003139947,9.25,Joules,power/energy-ram/,1000231824,100.00,,
    14.003139947,20.20,Joules,power/energy-pkg/,1000232196,100.00,,
    15.003376686,7.77,Joules,power/energy-ram/,1000227116,100.00,,
    15.003376686,19.70,Joules,power/energy-pkg/,1000226598,100.00,,
    16.003595555,8.91,Joules,power/energy-ram/,1000211850,100.00,,
    16.003595555,20.35,Joules,power/energy-pkg/,1000211756,100.00,,
    17.003794639,8.41,Joules,power/energy-ram/,1000190852,100.00,,
    17.003794639,19.80,Joules,power/energy-pkg/,1000190520,100.00,,
    18.004034675,9.68,Joules,power/energy-ram/,1000233728,100.00,,
    18.004034675,20.40,Joules,power/energy-pkg/,1000234160,100.00,,
    19.004268786,8.75,Joules,power/energy-ram/,1000224963,100.00,,
    19.004268786,20.11,Joules,power/energy-pkg/,1000238504,100.00,,
    20.004480558,9.35,Joules,power/energy-ram/,1000203937,100.00,,
    20.004480558,20.20,Joules,power/energy-pkg/,1000189700,100.00,,
    21.004700278,8.75,Joules,power/energy-ram/,1000213063,100.00,,
    21.004700278,20.14,Joules,power/energy-pkg/,1000213984,100.00,,
    22.004928896,9.30,Joules,power/energy-ram/,1000221162,100.00,,
    22.004928896,20.37,Joules,power/energy-pkg/,1000221382,100.00,,
    23.005170120,8.40,Joules,power/energy-ram/,1000231465,100.00,,
    23.005170120,19.74,Joules,power/energy-pkg/,1000230764,100.00,,
    24.005384853,9.81,Joules,power/energy-ram/,1000208142,100.00,,
    24.005384853,20.34,Joules,power/energy-pkg/,1000208790,100.00,,
    25.005617324,8.76,Joules,power/energy-ram/,1000223991,100.00,,
    25.005617324,20.14,Joules,power/energy-pkg/,1000223791,100.00,,
    26.005831279,8.77,Joules,power/energy-ram/,1000205287,100.00,,
    26.005831279,20.04,Joules,power/energy-pkg/,1000204656,100.00,,
    27.006038488,8.46,Joules,power/energy-ram/,1000200686,100.00,,
    27.006038488,20.05,Joules,power/energy-pkg/,1000201866,100.00,,
    28.006262112,9.31,Joules,power/energy-ram/,1000216720,100.00,,
    28.006262112,20.37,Joules,power/energy-pkg/,1000216791,100.00,,
    29.006511538,8.03,Joules,power/energy-ram/,1000240311,100.00,,
    29.006511538,19.60,Joules,power/energy-pkg/,1000239280,100.00,,
    30.006708190,9.53,Joules,power/energy-ram/,1000187773,100.00,,
    30.006708190,20.38,Joules,power/energy-pkg/,1000186331,100.00,,
    31.006896838,8.66,Joules,power/energy-ram/,1000182475,100.00,,
    31.006896838,20.05,Joules,power/energy-pkg/,1000184591,100.00,,
    32.007135724,8.60,Joules,power/energy-ram/,1000230648,100.00,,
    32.007135724,20.13,Joules,power/energy-pkg/,1000230151,100.00,,
    33.007365381,9.18,Joules,power/energy-ram/,1000221728,100.00,,
    33.007365381,20.26,Joules,power/energy-pkg/,1000222404,100.00,,
    34.007593184,8.87,Joules,power/energy-ram/,1000219846,100.00,,
    34.007593184,19.91,Joules,power/energy-pkg/,1000219120,100.00,,
    35.007817202,8.83,Joules,power/energy-ram/,1000217048,100.00,,
    35.007817202,20.16,Joules,power/energy-pkg/,1000217780,100.00,,
    36.008064066,9.37,Joules,power/energy-ram/,1000238638,100.00,,
    36.008064066,20.42,Joules,power/energy-pkg/,1000238260,100.00,,
    37.008299927,7.79,Joules,power/energy-ram/,1000227370,100.00,,
    37.008299927,19.79,Joules,power/energy-pkg/,1000227092,100.00,,
    38.008501501,9.48,Joules,power/energy-ram/,1000195830,100.00,,
    38.008501501,20.49,Joules,power/energy-pkg/,1000195928,100.00,,
    39.008705102,9.04,Joules,power/energy-ram/,1000195082,100.00,,
    39.008705102,20.29,Joules,power/energy-pkg/,1000195550,100.00,,
    40.008938142,8.60,Joules,power/energy-ram/,1000224030,100.00,,
    40.008938142,19.93,Joules,power/energy-pkg/,1000223066,100.00,,
    41.009159981,8.74,Joules,power/energy-ram/,1000215880,100.00,,
    41.009159981,20.24,Joules,power/energy-pkg/,1000217190,100.00,,
    42.009386526,9.19,Joules,power/energy-ram/,1000217851,100.00,,
    42.009386526,20.31,Joules,power/energy-pkg/,1000217816,100.00,,
    43.009613526,7.95,Joules,power/energy-ram/,1000218175,100.00,,
    43.009613526,19.80,Joules,power/energy-pkg/,1000217293,100.00,,
    44.009849825,9.09,Joules,power/energy-ram/,1000229345,100.00,,
    44.009849825,20.26,Joules,power/energy-pkg/,1000230209,100.00,,
    45.010079222,8.60,Joules,power/energy-ram/,1000222091,100.00,,
    45.010079222,20.00,Joules,power/energy-pkg/,1000221676,100.00,,
    46.010299735,9.40,Joules,power/energy-ram/,1000212929,100.00,,
    46.010299735,20.31,Joules,power/energy-pkg/,1000212730,100.00,,
    47.010530510,9.62,Joules,power/energy-ram/,1000223180,100.00,,
    47.010530510,20.37,Joules,power/energy-pkg/,1000223261,100.00,,
    48.010764656,8.97,Joules,power/energy-ram/,1000225542,100.00,,
    48.010764656,20.08,Joules,power/energy-pkg/,1000226769,100.00,,
    49.011017752,9.10,Joules,power/energy-ram/,1000245676,100.00,,
    49.011017752,20.13,Joules,power/energy-pkg/,1000244884,100.00,,
    50.011263029,9.55,Joules,power/energy-ram/,1000238209,100.00,,
    50.011263029,20.32,Joules,power/energy-pkg/,1000238478,100.00,,
    51.011468238,8.19,Joules,power/energy-ram/,1000195675,100.00,,
    51.011468238,19.71,Joules,power/energy-pkg/,1000194448,100.00,,
    52.011697499,9.52,Joules,power/energy-ram/,1000222013,100.00,,
    52.011697499,20.41,Joules,power/energy-pkg/,1000222740,100.00,,
    53.011921080,9.02,Joules,power/energy-ram/,1000217203,100.00,,
    53.011921080,20.06,Joules,power/energy-pkg/,1000217495,100.00,,
    54.012130689,8.69,Joules,power/energy-ram/,1000199792,100.00,,
    54.012130689,19.79,Joules,power/energy-pkg/,1000198716,100.00,,
    55.012331699,8.69,Joules,power/energy-ram/,1000193508,100.00,,
    55.012331699,20.04,Joules,power/energy-pkg/,1000194280,100.00,,
    56.012532859,9.49,Joules,power/energy-ram/,1000193860,100.00,,
    56.012532859,20.48,Joules,power/energy-pkg/,1000194132,100.00,,
    57.012761745,7.59,Joules,power/energy-ram/,1000221168,100.00,,
    57.012761745,19.61,Joules,power/energy-pkg/,1000220948,100.00,,
    58.012967043,11.16,Joules,power/energy-ram/,1000197562,100.00,,
    58.012967043,21.45,Joules,power/energy-pkg/,1000197760,100.00,,
    59.013199297,9.03,Joules,power/energy-ram/,1000224218,100.00,,
    59.013199297,20.14,Joules,power/energy-pkg/,1000223614,100.00,,
    60.013426643,8.40,Joules,power/energy-ram/,1000219722,100.00,,
    60.013426643,19.88,Joules,power/energy-pkg/,1000219598,100.00,,
    61.013656897,8.84,Joules,power/energy-ram/,1000222332,100.00,,
    61.013656897,20.00,Joules,power/energy-pkg/,1000222390,100.00,,
    62.013877007,9.39,Joules,power/energy-ram/,1000213886,100.00,,
    62.013877007,20.43,Joules,power/energy-pkg/,1000215222,100.00,,
    63.014126554,8.92,Joules,power/energy-ram/,1000240000,100.00,,
    63.014126554,20.15,Joules,power/energy-pkg/,1000239456,100.00,,
    64.014352496,9.49,Joules,power/energy-ram/,1000218826,100.00,,
    64.014352496,20.38,Joules,power/energy-pkg/,1000218222,100.00,,
    65.014493654,15.89,Joules,power/energy-ram/,1000136376,100.00,,
    65.014493654,23.42,Joules,power/energy-pkg/,1000138511,100.00,,
    66.014704765,18.64,Joules,power/energy-ram/,1000203498,100.00,,
    66.014704765,24.88,Joules,power/energy-pkg/,1000203129,100.00,,
    67.014922589,18.27,Joules,power/energy-ram/,1000209370,100.00,,
    67.014922589,24.85,Joules,power/energy-pkg/,1000209418,100.00,,
    68.015149958,18.04,Joules,power/energy-ram/,1000219490,100.00,,
    68.015149958,24.37,Joules,power/energy-pkg/,1000219957,100.00,,
    69.015309137,28.10,Joules,power/energy-ram/,1000148011,100.00,,
    69.015309137,43.57,Joules,power/energy-pkg/,1000143834,100.00,,
    70.015486903,32.80,Joules,power/energy-ram/,1000172150,100.00,,
    70.015486903,62.52,Joules,power/energy-pkg/,1000174306,100.00,,
    71.015629424,32.82,Joules,power/energy-ram/,1000133160,100.00,,
    71.015629424,69.61,Joules,power/energy-pkg/,1000132808,100.00,,
    72.015828768,33.10,Joules,power/energy-ram/,1000192962,100.00,,
    72.015828768,89.61,Joules,power/energy-pkg/,1000193378,100.00,,
    73.016020260,32.64,Joules,power/energy-ram/,1000184141,100.00,,
    73.016020260,89.33,Joules,power/energy-pkg/,1000185128,100.00,,
    74.016175042,33.68,Joules,power/energy-ram/,1000145457,100.00,,
    74.016175042,86.25,Joules,power/energy-pkg/,1000142430,100.00,,
    75.016361450,33.77,Joules,power/energy-ram/,1000180202,100.00,,
    75.016361450,88.02,Joules,power/energy-pkg/,1000183196,100.00,,
    76.016572891,33.12,Joules,power/energy-ram/,1000203940,100.00,,
    76.016572891,88.97,Joules,power/energy-pkg/,1000203738,100.00,,
    77.016767652,33.49,Joules,power/energy-ram/,1000186054,100.00,,
    77.016767652,100.35,Joules,power/energy-pkg/,1000185540,100.00,,
    78.016980540,32.56,Joules,power/energy-ram/,1000205668,100.00,,
    78.016980540,86.67,Joules,power/energy-pkg/,1000205756,100.00,,
    79.017191361,32.60,Joules,power/energy-ram/,1000202542,100.00,,
    79.017191361,76.25,Joules,power/energy-pkg/,1000203100,100.00,,
    80.017403430,32.92,Joules,power/energy-ram/,1000205124,100.00,,
    80.017403430,64.22,Joules,power/energy-pkg/,1000205010,100.00,,
    81.017637154,32.46,Joules,power/energy-ram/,1000225592,100.00,,
    81.017637154,64.01,Joules,power/energy-pkg/,1000226004,100.00,,
    82.017842271,32.57,Joules,power/energy-ram/,1000198440,100.00,,
    82.017842271,56.56,Joules,power/energy-pkg/,1000197630,100.00,,
    83.018053732,15.17,Joules,power/energy-ram/,1000203612,100.00,,
    83.018053732,26.17,Joules,power/energy-pkg/,1000205150,100.00,,
    84.018271846,32.89,Joules,power/energy-ram/,1000210052,100.00,,
    84.018271846,48.31,Joules,power/energy-pkg/,1000208470,100.00,,
    85.018484086,32.85,Joules,power/energy-ram/,1000203887,100.00,,
    85.018484086,53.27,Joules,power/energy-pkg/,1000204219,100.00,,
    86.018680760,32.69,Joules,power/energy-ram/,1000186380,100.00,,
    86.018680760,73.89,Joules,power/energy-pkg/,1000183178,100.00,,
    87.018860182,32.63,Joules,power/energy-ram/,1000174082,100.00,,
    87.018860182,74.80,Joules,power/energy-pkg/,1000177235,100.00,,
    88.019068054,32.57,Joules,power/energy-ram/,1000199849,100.00,,
    88.019068054,69.16,Joules,power/energy-pkg/,1000199967,100.00,,
    89.019279310,32.79,Joules,power/energy-ram/,1000203751,100.00,,
    89.019279310,68.45,Joules,power/energy-pkg/,1000203602,100.00,,
    90.019482521,32.56,Joules,power/energy-ram/,1000195416,100.00,,
    90.019482521,74.98,Joules,power/energy-pkg/,1000194900,100.00,,
    91.019693379,32.61,Joules,power/energy-ram/,1000202599,100.00,,
    91.019693379,72.88,Joules,power/energy-pkg/,1000203247,100.00,,
    92.019913475,32.55,Joules,power/energy-ram/,1000211707,100.00,,
    92.019913475,56.34,Joules,power/energy-pkg/,1000211453,100.00,,
    93.020117711,32.48,Joules,power/energy-ram/,1000195953,100.00,,
    93.020117711,65.35,Joules,power/energy-pkg/,1000194940,100.00,,
    94.020320894,32.92,Joules,power/energy-ram/,1000197711,100.00,,
    94.020320894,61.05,Joules,power/energy-pkg/,1000198291,100.00,,
    95.020534119,32.93,Joules,power/energy-ram/,1000205474,100.00,,
    95.020534119,55.71,Joules,power/energy-pkg/,1000206358,100.00,,
    96.020743697,32.63,Joules,power/energy-ram/,1000200786,100.00,,
    96.020743697,52.36,Joules,power/energy-pkg/,1000198831,100.00,,
    97.020936707,32.67,Joules,power/energy-ram/,1000185402,100.00,,
    97.020936707,49.97,Joules,power/energy-pkg/,1000187460,100.00,,
    98.021144575,18.65,Joules,power/energy-ram/,1000199800,100.00,,
    98.021144575,28.68,Joules,power/energy-pkg/,1000199592,100.00,,
    99.021352993,32.88,Joules,power/energy-ram/,1000201532,100.00,,
    99.021352993,49.41,Joules,power/energy-pkg/,1000201398,100.00,,
   100.021576715,32.53,Joules,power/energy-ram/,1000214600,100.00,,
   100.021576715,57.72,Joules,power/energy-pkg/,1000215026,100.00,,
   101.021784285,32.66,Joules,power/energy-ram/,1000200306,100.00,,
   101.021784285,58.43,Joules,power/energy-pkg/,1000200310,100.00,,
   102.021993929,33.21,Joules,power/energy-ram/,1000203294,100.00,,
   102.021993929,60.45,Joules,power/energy-pkg/,1000203532,100.00,,
   103.022213850,33.27,Joules,power/energy-ram/,1000210986,100.00,,
   103.022213850,68.28,Joules,power/energy-pkg/,1000210312,100.00,,
   104.022428669,33.40,Joules,power/energy-ram/,1000207840,100.00,,
   104.022428669,70.24,Joules,power/energy-pkg/,1000207862,100.00,,
   105.022640887,32.65,Joules,power/energy-ram/,1000202664,100.00,,
   105.022640887,56.03,Joules,power/energy-pkg/,1000202468,100.00,,
   106.022870997,24.97,Joules,power/energy-ram/,1000225562,100.00,,
   106.022870997,40.68,Joules,power/energy-pkg/,1000227300,100.00,,
   107.023117758,8.24,Joules,power/energy-ram/,1000236129,100.00,,
   107.023117758,19.94,Joules,power/energy-pkg/,1000235172,100.00,,
   108.023321578,25.59,Joules,power/energy-ram/,1000194789,100.00,,
   108.023321578,42.24,Joules,power/energy-pkg/,1000193807,100.00,,
   109.023511787,32.55,Joules,power/energy-ram/,1000180498,100.00,,
   109.023511787,63.47,Joules,power/energy-pkg/,1000177307,100.00,,
   110.031440107,33.02,Joules,power/energy-ram/,1007924818,100.00,,
   110.031440107,66.86,Joules,power/energy-pkg/,1007928106,100.00,,
   111.031647167,32.75,Joules,power/energy-ram/,1000197355,100.00,,
   111.031647167,58.45,Joules,power/energy-pkg/,1000197140,100.00,,
   112.031834221,32.61,Joules,power/energy-ram/,1000178478,100.00,,
   112.031834221,51.09,Joules,power/energy-pkg/,1000175820,100.00,,
   113.032020460,33.09,Joules,power/energy-ram/,1000180760,100.00,,
   113.032020460,59.59,Joules,power/energy-pkg/,1000183918,100.00,,
   114.032216645,32.57,Joules,power/energy-ram/,1000184649,100.00,,
   114.032216645,59.14,Joules,power/energy-pkg/,1000180667,100.00,,
   115.064418534,33.61,Joules,power/energy-ram/,1032196928,100.00,,
   115.064418534,52.87,Joules,power/energy-pkg/,1032201070,100.00,,
   116.064632432,19.05,Joules,power/energy-ram/,1000207471,100.00,,
   116.064632432,33.49,Joules,power/energy-pkg/,1000207402,100.00,,
   117.064843384,32.58,Joules,power/energy-ram/,1000201000,100.00,,
   117.064843384,67.72,Joules,power/energy-pkg/,1000199738,100.00,,
   118.065040881,32.55,Joules,power/energy-ram/,1000189062,100.00,,
   118.065040881,72.63,Joules,power/energy-pkg/,1000188505,100.00,,
   119.065233875,32.56,Joules,power/energy-ram/,1000186048,100.00,,
   119.065233875,61.73,Joules,power/energy-pkg/,1000187225,100.00,,
   120.065457735,12.08,Joules,power/energy-ram/,1000217002,100.00,,
   120.065457735,24.12,Joules,power/energy-pkg/,1000218272,100.00,,
   121.065695953,8.28,Joules,power/energy-ram/,1000230268,100.00,,
   121.065695953,19.89,Joules,power/energy-pkg/,1000228908,100.00,,
   122.065920887,10.82,Joules,power/energy-ram/,1000217124,100.00,,
   122.065920887,21.24,Joules,power/energy-pkg/,1000216864,100.00,,
   123.066117135,31.87,Joules,power/energy-ram/,1000186956,100.00,,
   123.066117135,52.45,Joules,power/energy-pkg/,1000186288,100.00,,
   124.066305073,32.58,Joules,power/energy-ram/,1000180010,100.00,,
   124.066305073,55.93,Joules,power/energy-pkg/,1000179329,100.00,,
   125.066495511,29.30,Joules,power/energy-ram/,1000183090,100.00,,
   125.066495511,48.75,Joules,power/energy-pkg/,1000183741,100.00,,
   126.066691801,32.91,Joules,power/energy-ram/,1000191530,100.00,,
   126.066691801,58.19,Joules,power/energy-pkg/,1000193901,100.00,,
   127.066931102,33.31,Joules,power/energy-ram/,1000230710,100.00,,
   127.066931102,62.25,Joules,power/energy-pkg/,1000230453,100.00,,
   128.067152642,33.36,Joules,power/energy-ram/,1000213851,100.00,,
   128.067152642,72.53,Joules,power/energy-pkg/,1000213718,100.00,,
   129.067388100,33.64,Joules,power/energy-ram/,1000227242,100.00,,
   129.067388100,72.87,Joules,power/energy-pkg/,1000226367,100.00,,
   130.067620545,32.76,Joules,power/energy-ram/,1000225229,100.00,,
   130.067620545,76.92,Joules,power/energy-pkg/,1000225239,100.00,,
   131.067830127,32.91,Joules,power/energy-ram/,1000200315,100.00,,
   131.067830127,74.30,Joules,power/energy-pkg/,1000200663,100.00,,
   132.068038185,32.51,Joules,power/energy-ram/,1000199569,100.00,,
   132.068038185,66.85,Joules,power/energy-pkg/,1000198682,100.00,,
   133.068230459,32.75,Joules,power/energy-ram/,1000186207,100.00,,
   133.068230459,62.32,Joules,power/energy-pkg/,1000187645,100.00,,
   134.068462035,32.85,Joules,power/energy-ram/,1000224382,100.00,,
   134.068462035,80.26,Joules,power/energy-pkg/,1000223842,100.00,,
   135.068673015,32.74,Joules,power/energy-ram/,1000201587,100.00,,
   135.068673015,71.99,Joules,power/energy-pkg/,1000201813,100.00,,
   136.068903451,31.64,Joules,power/energy-ram/,1000221862,100.00,,
   136.068903451,57.63,Joules,power/energy-pkg/,1000221640,100.00,,
   137.069127193,9.54,Joules,power/energy-ram/,1000217077,100.00,,
   137.069127193,20.88,Joules,power/energy-pkg/,1000217975,100.00,,
   138.069351569,9.58,Joules,power/energy-ram/,1000215794,100.00,,
   138.069351569,20.43,Joules,power/energy-pkg/,1000214463,100.00,,
   139.069555782,29.26,Joules,power/energy-ram/,1000195890,100.00,,
   139.069555782,49.26,Joules,power/energy-pkg/,1000194890,100.00,,
   140.069760275,32.92,Joules,power/energy-ram/,1000198505,100.00,,
   140.069760275,60.73,Joules,power/energy-pkg/,1000199888,100.00,,
   141.069972016,32.57,Joules,power/energy-ram/,1000204741,100.00,,
   141.069972016,69.97,Joules,power/energy-pkg/,1000205590,100.00,,
   142.070183496,32.62,Joules,power/energy-ram/,1000202219,100.00,,
   142.070183496,58.21,Joules,power/energy-pkg/,1000200900,100.00,,
   143.070387906,15.29,Joules,power/energy-ram/,1000196515,100.00,,
   143.070387906,30.11,Joules,power/energy-pkg/,1000197116,100.00,,
   144.070617217,31.76,Joules,power/energy-ram/,1000221516,100.00,,
   144.070617217,54.22,Joules,power/energy-pkg/,1000220346,100.00,,
   145.070814608,32.58,Joules,power/energy-ram/,1000188942,100.00,,
   145.070814608,59.34,Joules,power/energy-pkg/,1000190090,100.00,,
   146.071018581,33.04,Joules,power/energy-ram/,1000198398,100.00,,
   146.071018581,58.50,Joules,power/energy-pkg/,1000198760,100.00,,
   147.071234077,33.12,Joules,power/energy-ram/,1000207720,100.00,,
   147.071234077,60.91,Joules,power/energy-pkg/,1000207930,100.00,,
   148.071452793,32.82,Joules,power/energy-ram/,1000209574,100.00,,
   148.071452793,55.26,Joules,power/energy-pkg/,1000209211,100.00,,
   149.071661002,32.76,Joules,power/energy-ram/,1000201139,100.00,,
   149.071661002,52.26,Joules,power/energy-pkg/,1000200178,100.00,,
   150.071874527,32.60,Joules,power/energy-ram/,1000205297,100.00,,
   150.071874527,53.18,Joules,power/energy-pkg/,1000206959,100.00,,
   151.072082857,32.62,Joules,power/energy-ram/,1000199330,100.00,,
   151.072082857,59.42,Joules,power/energy-pkg/,1000197381,100.00,,
   152.072298923,32.73,Joules,power/energy-ram/,1000209664,100.00,,
   152.072298923,61.59,Joules,power/energy-pkg/,1000210520,100.00,,
   153.072509709,32.93,Joules,power/energy-ram/,1000204196,100.00,,
   153.072509709,61.07,Joules,power/energy-pkg/,1000205273,100.00,,
   154.072722914,32.65,Joules,power/energy-ram/,1000204162,100.00,,
   154.072722914,59.25,Joules,power/energy-pkg/,1000203600,100.00,,
   155.072977114,19.51,Joules,power/energy-ram/,1000247731,100.00,,
   155.072977114,39.34,Joules,power/energy-pkg/,1000248389,100.00,,
   156.073210311,9.88,Joules,power/energy-ram/,1000224864,100.00,,
   156.073210311,20.78,Joules,power/energy-pkg/,1000224437,100.00,,
   157.073418723,26.65,Joules,power/energy-ram/,1000198374,100.00,,
   157.073418723,43.81,Joules,power/energy-pkg/,1000196687,100.00,,
   158.073619128,32.83,Joules,power/energy-ram/,1000196033,100.00,,
   158.073619128,59.25,Joules,power/energy-pkg/,1000197138,100.00,,
   159.073836045,32.81,Joules,power/energy-ram/,1000207817,100.00,,
   159.073836045,66.49,Joules,power/energy-pkg/,1000208555,100.00,,
   160.074045377,32.71,Joules,power/energy-ram/,1000200454,100.00,,
   160.074045377,67.12,Joules,power/energy-pkg/,1000199527,100.00,,
   161.074258027,32.76,Joules,power/energy-ram/,1000206640,100.00,,
   161.074258027,59.64,Joules,power/energy-pkg/,1000207074,100.00,,
   162.074476352,32.96,Joules,power/energy-ram/,1000209588,100.00,,
   162.074476352,51.00,Joules,power/energy-pkg/,1000209700,100.00,,
   163.074680174,32.64,Joules,power/energy-ram/,1000195962,100.00,,
   163.074680174,49.40,Joules,power/energy-pkg/,1000195240,100.00,,
   164.074886753,32.75,Joules,power/energy-ram/,1000198520,100.00,,
   164.074886753,55.42,Joules,power/energy-pkg/,1000199424,100.00,,
   165.075096323,32.62,Joules,power/energy-ram/,1000201418,100.00,,
   165.075096323,59.28,Joules,power/energy-pkg/,1000200780,100.00,,
   166.075296112,32.61,Joules,power/energy-ram/,1000193108,100.00,,
   166.075296112,66.33,Joules,power/energy-pkg/,1000192718,100.00,,
   167.075500565,32.63,Joules,power/energy-ram/,1000194590,100.00,,
   167.075500565,65.70,Joules,power/energy-pkg/,1000194128,100.00,,
   168.075696944,32.57,Joules,power/energy-ram/,1000188294,100.00,,
   168.075696944,59.65,Joules,power/energy-pkg/,1000187606,100.00,,
   169.075903373,15.49,Joules,power/energy-ram/,1000203350,100.00,,
   169.075903373,26.61,Joules,power/energy-pkg/,1000205296,100.00,,
   170.076126548,32.87,Joules,power/energy-ram/,1000212386,100.00,,
   170.076126548,58.70,Joules,power/energy-pkg/,1000212469,100.00,,
   171.076337312,32.60,Joules,power/energy-ram/,1000203612,100.00,,
   171.076337312,65.92,Joules,power/energy-pkg/,1000203489,100.00,,
   172.076548861,32.75,Joules,power/energy-ram/,1000203420,100.00,,
   172.076548861,67.09,Joules,power/energy-pkg/,1000203671,100.00,,
   173.076758682,32.56,Joules,power/energy-ram/,1000201558,100.00,,
   173.076758682,71.72,Joules,power/energy-pkg/,1000200964,100.00,,
   174.076968146,32.92,Joules,power/energy-ram/,1000202917,100.00,,
   174.076968146,70.64,Joules,power/energy-pkg/,1000203238,100.00,,
   175.077186742,32.73,Joules,power/energy-ram/,1000209593,100.00,,
   175.077186742,67.11,Joules,power/energy-pkg/,1000209031,100.00,,
   176.077393669,32.64,Joules,power/energy-ram/,1000200785,100.00,,
   176.077393669,66.02,Joules,power/energy-pkg/,1000200929,100.00,,
   177.077610910,25.03,Joules,power/energy-ram/,1000208876,100.00,,
   177.077610910,46.86,Joules,power/energy-pkg/,1000210218,100.00,,
   178.077828386,10.09,Joules,power/energy-ram/,1000209239,100.00,,
   178.077828386,20.79,Joules,power/energy-pkg/,1000208930,100.00,,
   179.078042782,9.41,Joules,power/energy-ram/,1000205671,100.00,,
   179.078042782,20.48,Joules,power/energy-pkg/,1000204285,100.00,,
   180.078247700,8.82,Joules,power/energy-ram/,1000196814,100.00,,
   180.078247700,20.20,Joules,power/energy-pkg/,1000195937,100.00,,
   181.078443837,27.02,Joules,power/energy-ram/,1000187748,100.00,,
   181.078443837,44.86,Joules,power/energy-pkg/,1000188407,100.00,,
   182.078661474,32.60,Joules,power/energy-ram/,1000209710,100.00,,
   182.078661474,56.13,Joules,power/energy-pkg/,1000208995,100.00,,
   183.078855594,22.44,Joules,power/energy-ram/,1000187690,100.00,,
   183.078855594,41.91,Joules,power/energy-pkg/,1000189210,100.00,,
   184.079092156,9.19,Joules,power/energy-ram/,1000228808,100.00,,
   184.079092156,20.52,Joules,power/energy-pkg/,1000228235,100.00,,
   185.079297788,9.30,Joules,power/energy-ram/,1000199070,100.00,,
   185.079297788,20.74,Joules,power/energy-pkg/,1000199733,100.00,,
   186.079502754,31.43,Joules,power/energy-ram/,1000197802,100.00,,
   186.079502754,53.11,Joules,power/energy-pkg/,1000197947,100.00,,
   187.079717055,32.87,Joules,power/energy-ram/,1000204998,100.00,,
   187.079717055,75.64,Joules,power/energy-pkg/,1000204397,100.00,,
   188.079926019,32.58,Joules,power/energy-ram/,1000201794,100.00,,
   188.079926019,74.92,Joules,power/energy-pkg/,1000201874,100.00,,
   189.080140332,33.19,Joules,power/energy-ram/,1000206777,100.00,,
   189.080140332,64.86,Joules,power/energy-pkg/,1000206811,100.00,,
   190.080382229,32.99,Joules,power/energy-ram/,1000234353,100.00,,
   190.080382229,61.21,Joules,power/energy-pkg/,1000233929,100.00,,
   191.080590708,32.73,Joules,power/energy-ram/,1000199849,100.00,,
   191.080590708,55.73,Joules,power/energy-pkg/,1000201080,100.00,,
   192.080801666,24.05,Joules,power/energy-ram/,1000206033,100.00,,
   192.080801666,40.61,Joules,power/energy-pkg/,1000206974,100.00,,
   193.081029244,32.42,Joules,power/energy-ram/,1000216767,100.00,,
   193.081029244,55.28,Joules,power/energy-pkg/,1000214779,100.00,,
   194.081229997,32.50,Joules,power/energy-ram/,1000192747,100.00,,
   194.081229997,57.10,Joules,power/energy-pkg/,1000192411,100.00,,
   195.081433602,32.51,Joules,power/energy-ram/,1000194875,100.00,,
   195.081433602,57.37,Joules,power/energy-pkg/,1000194436,100.00,,
   196.081633092,32.49,Joules,power/energy-ram/,1000192509,100.00,,
   196.081633092,70.46,Joules,power/energy-pkg/,1000192840,100.00,,
   197.081824105,32.52,Joules,power/energy-ram/,1000181955,100.00,,
   197.081824105,76.66,Joules,power/energy-pkg/,1000180652,100.00,,
   198.082012207,32.99,Joules,power/energy-ram/,1000182701,100.00,,
   198.082012207,80.43,Joules,power/energy-pkg/,1000183978,100.00,,
   199.082230150,32.56,Joules,power/energy-ram/,1000209641,100.00,,
   199.082230150,75.44,Joules,power/energy-pkg/,1000210045,100.00,,
   200.082381562,32.64,Joules,power/energy-ram/,1000143780,100.00,,
   200.082381562,63.23,Joules,power/energy-pkg/,1000144258,100.00,,
   201.082533185,25.42,Joules,power/energy-ram/,1000144812,100.00,,
   201.082533185,41.43,Joules,power/energy-pkg/,1000146488,100.00,,
   202.082750225,30.43,Joules,power/energy-ram/,1000208282,100.00,,
   202.082750225,50.21,Joules,power/energy-pkg/,1000207000,100.00,,
   203.082959527,32.51,Joules,power/energy-ram/,1000200986,100.00,,
   203.082959527,57.29,Joules,power/energy-pkg/,1000199912,100.00,,
   204.083164489,32.53,Joules,power/energy-ram/,1000196484,100.00,,
   204.083164489,65.60,Joules,power/energy-pkg/,1000196540,100.00,,
   205.083363797,32.52,Joules,power/energy-ram/,1000191603,100.00,,
   205.083363797,65.51,Joules,power/energy-pkg/,1000191115,100.00,,
   206.083565543,32.99,Joules,power/energy-ram/,1000196195,100.00,,
   206.083565543,63.18,Joules,power/energy-pkg/,1000197829,100.00,,
   207.083774688,32.94,Joules,power/energy-ram/,1000200807,100.00,,
   207.083774688,67.52,Joules,power/energy-pkg/,1000200680,100.00,,
   208.083988623,32.87,Joules,power/energy-ram/,1000205985,100.00,,
   208.083988623,66.32,Joules,power/energy-pkg/,1000205420,100.00,,
   209.084205918,32.97,Joules,power/energy-ram/,1000210778,100.00,,
   209.084205918,65.63,Joules,power/energy-pkg/,1000211124,100.00,,
   210.084437021,32.71,Joules,power/energy-ram/,1000222958,100.00,,
   210.084437021,64.61,Joules,power/energy-pkg/,1000222790,100.00,,
   211.084692376,25.37,Joules,power/energy-ram/,1000248270,100.00,,
   211.084692376,49.46,Joules,power/energy-pkg/,1000249714,100.00,,
   212.084852565,9.34,Joules,power/energy-ram/,1000151340,100.00,,
   212.084852565,20.54,Joules,power/energy-pkg/,1000150169,100.00,,
   213.085021924,22.83,Joules,power/energy-ram/,1000160550,100.00,,
   213.085021924,36.63,Joules,power/energy-pkg/,1000159567,100.00,,
   214.085168258,32.95,Joules,power/energy-ram/,1000138630,100.00,,
   214.085168258,61.88,Joules,power/energy-pkg/,1000139500,100.00,,
   215.085377806,32.78,Joules,power/energy-ram/,1000202244,100.00,,
   215.085377806,74.86,Joules,power/energy-pkg/,1000202491,100.00,,
   216.085532831,32.53,Joules,power/energy-ram/,1000147189,100.00,,
   216.085532831,69.28,Joules,power/energy-pkg/,1000146213,100.00,,
   217.085736342,32.57,Joules,power/energy-ram/,1000195427,100.00,,
   217.085736342,68.69,Joules,power/energy-pkg/,1000195566,100.00,,
   218.085934482,32.58,Joules,power/energy-ram/,1000189030,100.00,,
   218.085934482,64.85,Joules,power/energy-pkg/,1000188125,100.00,,
   219.086134851,32.53,Joules,power/energy-ram/,1000193060,100.00,,
   219.086134851,61.65,Joules,power/energy-pkg/,1000192880,100.00,,
   220.086330166,32.57,Joules,power/energy-ram/,1000187454,100.00,,
   220.086330166,68.99,Joules,power/energy-pkg/,1000187389,100.00,,
   221.086532591,32.56,Joules,power/energy-ram/,1000194871,100.00,,
   221.086532591,71.39,Joules,power/energy-pkg/,1000195829,100.00,,
   222.086727405,32.45,Joules,power/energy-ram/,1000186116,100.00,,
   222.086727405,58.82,Joules,power/energy-pkg/,1000185648,100.00,,
   223.086929615,32.47,Joules,power/energy-ram/,1000197064,100.00,,
   223.086929615,58.01,Joules,power/energy-pkg/,1000198220,100.00,,
   224.087144302,32.58,Joules,power/energy-ram/,1000206306,100.00,,
   224.087144302,64.75,Joules,power/energy-pkg/,1000205800,100.00,,
   225.087350696,32.69,Joules,power/energy-ram/,1000198169,100.00,,
   225.087350696,58.12,Joules,power/energy-pkg/,1000198774,100.00,,
   226.087578118,18.86,Joules,power/energy-ram/,1000220231,100.00,,
   226.087578118,35.36,Joules,power/energy-pkg/,1000220435,100.00,,
   227.087819861,7.87,Joules,power/energy-ram/,1000232780,100.00,,
   227.087819861,20.07,Joules,power/energy-pkg/,1000231495,100.00,,
   228.088014058,17.41,Joules,power/energy-ram/,1000187740,100.00,,
   228.088014058,25.73,Joules,power/energy-pkg/,1000188312,100.00,,
   229.088229604,32.86,Joules,power/energy-ram/,1000207012,100.00,,
   229.088229604,55.41,Joules,power/energy-pkg/,1000207200,100.00,,
   230.088357814,33.18,Joules,power/energy-ram/,1000120897,100.00,,
   230.088357814,56.81,Joules,power/energy-pkg/,1000120680,100.00,,
   231.088586165,30.46,Joules,power/energy-ram/,1000220597,100.00,,
   231.088586165,52.56,Joules,power/energy-pkg/,1000221806,100.00,,
   232.088740698,9.38,Joules,power/energy-ram/,1000147148,100.00,,
   232.088740698,20.87,Joules,power/energy-pkg/,1000147462,100.00,,
   233.088978468,8.22,Joules,power/energy-ram/,1000229030,100.00,,
   233.088978468,19.80,Joules,power/energy-pkg/,1000227776,100.00,,
   234.089125215,24.54,Joules,power/energy-ram/,1000137438,100.00,,
   234.089125215,41.62,Joules,power/energy-pkg/,1000136674,100.00,,
   235.089322000,32.60,Joules,power/energy-ram/,1000188928,100.00,,
   235.089322000,55.98,Joules,power/energy-pkg/,1000188050,100.00,,
   236.089454300,32.56,Joules,power/energy-ram/,1000125420,100.00,,
   236.089454300,63.74,Joules,power/energy-pkg/,1000125678,100.00,,
   237.089650591,32.55,Joules,power/energy-ram/,1000188500,100.00,,
   237.089650591,56.34,Joules,power/energy-pkg/,1000188928,100.00,,
   238.089846982,21.73,Joules,power/energy-ram/,1000189512,100.00,,
   238.089846982,39.96,Joules,power/energy-pkg/,1000190463,100.00,,
   239.090053602,31.71,Joules,power/energy-ram/,1000199580,100.00,,
   239.090053602,54.81,Joules,power/energy-pkg/,1000200317,100.00,,
   240.090265074,32.90,Joules,power/energy-ram/,1000203082,100.00,,
   240.090265074,79.33,Joules,power/energy-pkg/,1000202234,100.00,,
   241.090462267,33.85,Joules,power/energy-ram/,1000189146,100.00,,
   241.090462267,91.73,Joules,power/energy-pkg/,1000189336,100.00,,
   242.090673536,33.33,Joules,power/energy-ram/,1000205141,100.00,,
   242.090673536,85.98,Joules,power/energy-pkg/,1000206046,100.00,,
   243.090891767,32.94,Joules,power/energy-ram/,1000207234,100.00,,
   243.090891767,69.86,Joules,power/energy-pkg/,1000202651,100.00,,
   244.091067418,32.74,Joules,power/energy-ram/,1000169269,100.00,,
   244.091067418,61.58,Joules,power/energy-pkg/,1000171973,100.00,,
   245.091256412,32.58,Joules,power/energy-ram/,1000179663,100.00,,
   245.091256412,64.94,Joules,power/energy-pkg/,1000177308,100.00,,
   246.091416883,32.55,Joules,power/energy-ram/,1000151348,100.00,,
   246.091416883,61.78,Joules,power/energy-pkg/,1000150459,100.00,,
   247.091593026,30.83,Joules,power/energy-ram/,1000171811,100.00,,
   247.091593026,49.89,Joules,power/energy-pkg/,1000174530,100.00,,
   248.091774757,33.32,Joules,power/energy-ram/,1000171702,100.00,,
   248.091774757,52.72,Joules,power/energy-pkg/,1000169988,100.00,,
   249.091952410,32.72,Joules,power/energy-ram/,1000171894,100.00,,
   249.091952410,52.66,Joules,power/energy-pkg/,1000173930,100.00,,
   250.092161985,32.89,Joules,power/energy-ram/,1000202529,100.00,,
   250.092161985,57.11,Joules,power/energy-pkg/,1000203768,100.00,,
   251.092367590,32.58,Joules,power/energy-ram/,1000196962,100.00,,
   251.092367590,56.34,Joules,power/energy-pkg/,1000196220,100.00,,
   252.092564842,29.76,Joules,power/energy-ram/,1000188208,100.00,,
   252.092564842,52.34,Joules,power/energy-pkg/,1000188712,100.00,,
   253.092762015,14.95,Joules,power/energy-ram/,1000189706,100.00,,
   253.092762015,27.36,Joules,power/energy-pkg/,1000187766,100.00,,
   254.092940076,32.48,Joules,power/energy-ram/,1000167833,100.00,,
   254.092940076,56.19,Joules,power/energy-pkg/,1000165715,100.00,,
   255.093098827,32.47,Joules,power/energy-ram/,1000152091,100.00,,
   255.093098827,56.11,Joules,power/energy-pkg/,1000153560,100.00,,
   256.093285475,19.19,Joules,power/energy-ram/,1000181604,100.00,,
   256.093285475,35.30,Joules,power/energy-pkg/,1000183888,100.00,,
   257.093471098,32.39,Joules,power/energy-ram/,1000174477,100.00,,
   257.093471098,55.69,Joules,power/energy-pkg/,1000170303,100.00,,
   258.093638664,32.91,Joules,power/energy-ram/,1000175174,100.00,,
   258.093638664,66.20,Joules,power/energy-pkg/,1000179848,100.00,,
   259.093862579,32.54,Joules,power/energy-ram/,1000204289,100.00,,
   259.093862579,64.12,Joules,power/energy-pkg/,1000203658,100.00,,
   260.094060361,33.04,Joules,power/energy-ram/,1000187846,100.00,,
   260.094060361,56.91,Joules,power/energy-pkg/,1000184638,100.00,,
   261.094232986,32.62,Joules,power/energy-ram/,1000166025,100.00,,
   261.094232986,49.88,Joules,power/energy-pkg/,1000168855,100.00,,
   262.094470343,27.95,Joules,power/energy-ram/,1000231867,100.00,,
   262.094470343,44.37,Joules,power/energy-pkg/,1000233562,100.00,,
   263.094666385,9.05,Joules,power/energy-ram/,1000185776,100.00,,
   263.094666385,20.10,Joules,power/energy-pkg/,1000184372,100.00,,
   264.094886329,9.11,Joules,power/energy-ram/,1000213397,100.00,,
   264.094886329,20.32,Joules,power/energy-pkg/,1000213492,100.00,,
   265.095088408,31.70,Joules,power/energy-ram/,1000193400,100.00,,
   265.095088408,52.43,Joules,power/energy-pkg/,1000192483,100.00,,
   266.095286122,32.63,Joules,power/energy-ram/,1000189720,100.00,,
   266.095286122,63.51,Joules,power/energy-pkg/,1000190237,100.00,,
   267.095482709,32.61,Joules,power/energy-ram/,1000188596,100.00,,
   267.095482709,62.14,Joules,power/energy-pkg/,1000189345,100.00,,
   268.095698990,29.14,Joules,power/energy-ram/,1000209730,100.00,,
   268.095698990,51.33,Joules,power/energy-pkg/,1000209211,100.00,,
   269.095900857,31.43,Joules,power/energy-ram/,1000192640,100.00,,
   269.095900857,59.19,Joules,power/energy-pkg/,1000192426,100.00,,
   270.096093997,32.54,Joules,power/energy-ram/,1000186312,100.00,,
   270.096093997,65.62,Joules,power/energy-pkg/,1000186210,100.00,,
   271.096300712,32.62,Joules,power/energy-ram/,1000198268,100.00,,
   271.096300712,64.89,Joules,power/energy-pkg/,1000198437,100.00,,
   272.096486365,32.56,Joules,power/energy-ram/,1000177629,100.00,,
   272.096486365,56.85,Joules,power/energy-pkg/,1000177333,100.00,,
   273.096694319,32.61,Joules,power/energy-ram/,1000200422,100.00,,
   273.096694319,77.22,Joules,power/energy-pkg/,1000199931,100.00,,
   274.096873449,33.06,Joules,power/energy-ram/,1000170852,100.00,,
   274.096873449,85.22,Joules,power/energy-pkg/,1000170267,100.00,,
   275.097059861,32.68,Joules,power/energy-ram/,1000180351,100.00,,
   275.097059861,76.42,Joules,power/energy-pkg/,1000181820,100.00,,
   276.097260812,32.75,Joules,power/energy-ram/,1000194052,100.00,,
   276.097260812,60.38,Joules,power/energy-pkg/,1000195454,100.00,,
   277.097476042,25.18,Joules,power/energy-ram/,1000205397,100.00,,
   277.097476042,45.21,Joules,power/energy-pkg/,1000202306,100.00,,
   278.097698138,8.45,Joules,power/energy-ram/,1000215533,100.00,,
   278.097698138,20.20,Joules,power/energy-pkg/,1000217374,100.00,,
   279.097944726,9.35,Joules,power/energy-ram/,1000239520,100.00,,
   279.097944726,20.53,Joules,power/energy-pkg/,1000239890,100.00,,
   280.098187842,9.23,Joules,power/energy-ram/,1000234044,100.00,,
   280.098187842,20.26,Joules,power/energy-pkg/,1000233916,100.00,,
   281.098390352,27.36,Joules,power/energy-ram/,1000194375,100.00,,
   281.098390352,41.12,Joules,power/energy-pkg/,1000194288,100.00,,
   282.098580835,32.64,Joules,power/energy-ram/,1000182336,100.00,,
   282.098580835,59.16,Joules,power/energy-pkg/,1000180912,100.00,,
   283.098767328,32.69,Joules,power/energy-ram/,1000179571,100.00,,
   283.098767328,58.99,Joules,power/energy-pkg/,1000180980,100.00,,
   284.098953372,30.51,Joules,power/energy-ram/,1000177989,100.00,,
   284.098953372,56.02,Joules,power/energy-pkg/,1000177189,100.00,,
   285.099128906,32.56,Joules,power/energy-ram/,1000165990,100.00,,
   285.099128906,73.96,Joules,power/energy-pkg/,1000164188,100.00,,
   286.099310279,32.87,Joules,power/energy-ram/,1000177240,100.00,,
   286.099310279,89.53,Joules,power/energy-pkg/,1000181274,100.00,,
   287.099514682,32.77,Joules,power/energy-ram/,1000194462,100.00,,
   287.099514682,73.06,Joules,power/energy-pkg/,1000192009,100.00,,
   288.099705063,32.63,Joules,power/energy-ram/,1000181301,100.00,,
   288.099705063,58.50,Joules,power/energy-pkg/,1000179529,100.00,,
   289.099908438,15.75,Joules,power/energy-ram/,1000198981,100.00,,
   289.099908438,29.62,Joules,power/energy-pkg/,1000203266,100.00,,
   290.100127756,29.70,Joules,power/energy-ram/,1000211546,100.00,,
   290.100127756,43.30,Joules,power/energy-pkg/,1000210262,100.00,,
   291.100328389,32.90,Joules,power/energy-ram/,1000190470,100.00,,
   291.100328389,52.86,Joules,power/energy-pkg/,1000188927,100.00,,
   292.100515676,32.75,Joules,power/energy-ram/,1000181264,100.00,,
   292.100515676,52.95,Joules,power/energy-pkg/,1000183287,100.00,,
   293.100727213,33.05,Joules,power/energy-ram/,1000204005,100.00,,
   293.100727213,56.71,Joules,power/energy-pkg/,1000203699,100.00,,
   294.100879556,30.49,Joules,power/energy-ram/,1000145187,100.00,,
   294.100879556,47.84,Joules,power/energy-pkg/,1000145523,100.00,,
   295.101090256,32.77,Joules,power/energy-ram/,1000203024,100.00,,
   295.101090256,49.12,Joules,power/energy-pkg/,1000202740,100.00,,
   296.101301224,32.53,Joules,power/energy-ram/,1000201944,100.00,,
   296.101301224,57.16,Joules,power/energy-pkg/,1000202099,100.00,,
   297.101506239,32.65,Joules,power/energy-ram/,1000196700,100.00,,
   297.101506239,57.67,Joules,power/energy-pkg/,1000196545,100.00,,
   298.101748919,22.45,Joules,power/energy-ram/,1000236989,100.00,,
   298.101748919,41.04,Joules,power/energy-pkg/,1000238074,100.00,,
   299.101958616,30.53,Joules,power/energy-ram/,1000199923,100.00,,
   299.101958616,51.02,Joules,power/energy-pkg/,1000198592,100.00,,
   300.102155400,32.52,Joules,power/energy-ram/,1000187479,100.00,,
   300.102155400,56.02,Joules,power/energy-pkg/,1000186374,100.00,,
   301.102349485,32.17,Joules,power/energy-ram/,1000188735,100.00,,
   301.102349485,51.72,Joules,power/energy-pkg/,1000190437,100.00,,
   302.102560860,32.59,Joules,power/energy-ram/,1000203834,100.00,,
   302.102560860,52.30,Joules,power/energy-pkg/,1000203173,100.00,,
   303.102784245,33.20,Joules,power/energy-ram/,1000215320,100.00,,
   303.102784245,62.65,Joules,power/energy-pkg/,1000216036,100.00,,
   304.102991386,32.75,Joules,power/energy-ram/,1000199491,100.00,,
   304.102991386,71.52,Joules,power/energy-pkg/,1000200144,100.00,,
   305.103202017,33.04,Joules,power/energy-ram/,1000202169,100.00,,
   305.103202017,61.48,Joules,power/energy-pkg/,1000201814,100.00,,
   306.103408210,32.54,Joules,power/energy-ram/,1000199326,100.00,,
   306.103408210,56.78,Joules,power/energy-pkg/,1000198475,100.00,,
   307.103617149,32.88,Joules,power/energy-ram/,1000202607,100.00,,
   307.103617149,52.28,Joules,power/energy-pkg/,1000202766,100.00,,
   308.103833324,32.86,Joules,power/energy-ram/,1000206078,100.00,,
   308.103833324,64.87,Joules,power/energy-pkg/,1000206722,100.00,,
   309.104041407,33.01,Joules,power/energy-ram/,1000200055,100.00,,
   309.104041407,61.99,Joules,power/energy-pkg/,1000199292,100.00,,
   310.104245399,32.63,Joules,power/energy-ram/,1000197131,100.00,,
   310.104245399,51.69,Joules,power/energy-pkg/,1000196676,100.00,,
   311.104458150,32.59,Joules,power/energy-ram/,1000204349,100.00,,
   311.104458150,49.38,Joules,power/energy-pkg/,1000204475,100.00,,
   312.104669873,15.60,Joules,power/energy-ram/,1000205993,100.00,,
   312.104669873,28.01,Joules,power/energy-pkg/,1000207801,100.00,,
   313.104884666,9.67,Joules,power/energy-ram/,1000206270,100.00,,
   313.104884666,20.45,Joules,power/energy-pkg/,1000205894,100.00,,
   314.105087074,28.51,Joules,power/energy-ram/,1000192794,100.00,,
   314.105087074,50.94,Joules,power/energy-pkg/,1000190852,100.00,,
   315.105282586,32.59,Joules,power/energy-ram/,1000187314,100.00,,
   315.105282586,65.45,Joules,power/energy-pkg/,1000187057,100.00,,
   316.105492506,31.46,Joules,power/energy-ram/,1000203172,100.00,,
   316.105492506,62.05,Joules,power/energy-pkg/,1000203815,100.00,,
   317.105736647,8.30,Joules,power/energy-ram/,1000236060,100.00,,
   317.105736647,20.24,Joules,power/energy-pkg/,1000236472,100.00,,
   318.105938565,24.37,Joules,power/energy-ram/,1000194308,100.00,,
   318.105938565,42.59,Joules,power/energy-pkg/,1000193634,100.00,,
   319.106131451,32.54,Joules,power/energy-ram/,1000183700,100.00,,
   319.106131451,70.48,Joules,power/energy-pkg/,1000184481,100.00,,
   320.106337369,32.72,Joules,power/energy-ram/,1000200160,100.00,,
   320.106337369,73.78,Joules,power/energy-pkg/,1000200043,100.00,,
   321.106547103,32.75,Joules,power/energy-ram/,1000201610,100.00,,
   321.106547103,62.47,Joules,power/energy-pkg/,1000201982,100.00,,
   322.106755813,33.05,Joules,power/energy-ram/,1000201814,100.00,,
   322.106755813,61.81,Joules,power/energy-pkg/,1000201510,100.00,,
   323.106963357,32.78,Joules,power/energy-ram/,1000199146,100.00,,
   323.106963357,64.96,Joules,power/energy-pkg/,1000199144,100.00,,
   324.107172055,25.40,Joules,power/energy-ram/,1000201923,100.00,,
   324.107172055,46.13,Joules,power/energy-pkg/,1000203060,100.00,,
   325.107378123,23.00,Joules,power/energy-ram/,1000196533,100.00,,
   325.107378123,39.93,Joules,power/energy-pkg/,1000194332,100.00,,
   326.107573766,32.47,Joules,power/energy-ram/,1000186984,100.00,,
   326.107573766,55.94,Joules,power/energy-pkg/,1000186889,100.00,,
   327.107763855,32.48,Joules,power/energy-ram/,1000181823,100.00,,
   327.107763855,56.65,Joules,power/energy-pkg/,1000181771,100.00,,
   328.107954957,32.47,Joules,power/energy-ram/,1000183484,100.00,,
   328.107954957,63.34,Joules,power/energy-pkg/,1000182879,100.00,,
   329.108146822,32.48,Joules,power/energy-ram/,1000184704,100.00,,
   329.108146822,72.56,Joules,power/energy-pkg/,1000185332,100.00,,
   330.108350294,32.50,Joules,power/energy-ram/,1000196482,100.00,,
   330.108350294,64.94,Joules,power/energy-pkg/,1000197198,100.00,,
   331.108554142,19.98,Joules,power/energy-ram/,1000196723,100.00,,
   331.108554142,36.10,Joules,power/energy-pkg/,1000197499,100.00,,
   332.108762331,32.94,Joules,power/energy-ram/,1000200289,100.00,,
   332.108762331,68.22,Joules,power/energy-pkg/,1000199847,100.00,,
   333.108983449,32.70,Joules,power/energy-ram/,1000213218,100.00,,
   333.108983449,78.83,Joules,power/energy-pkg/,1000213524,100.00,,
   334.109132815,33.12,Joules,power/energy-ram/,1000142828,100.00,,
   334.109132815,76.14,Joules,power/energy-pkg/,1000142752,100.00,,
   335.109285531,34.13,Joules,power/energy-ram/,1000144474,100.00,,
   335.109285531,74.01,Joules,power/energy-pkg/,1000144370,100.00,,
   336.109438057,32.99,Joules,power/energy-ram/,1000144340,100.00,,
   336.109438057,63.14,Joules,power/energy-pkg/,1000144620,100.00,,
   337.109587664,33.11,Joules,power/energy-ram/,1000141746,100.00,,
   337.109587664,52.96,Joules,power/energy-pkg/,1000140487,100.00,,
   338.109736944,32.57,Joules,power/energy-ram/,1000141390,100.00,,
   338.109736944,64.26,Joules,power/energy-pkg/,1000142091,100.00,,
   339.109896954,33.54,Joules,power/energy-ram/,1000152494,100.00,,
   339.109896954,72.20,Joules,power/energy-pkg/,1000152910,100.00,,
   340.110109300,32.68,Joules,power/energy-ram/,1000205470,100.00,,
   340.110109300,74.10,Joules,power/energy-pkg/,1000204964,100.00,,
   341.110322003,33.29,Joules,power/energy-ram/,1000204636,100.00,,
   341.110322003,70.43,Joules,power/energy-pkg/,1000205330,100.00,,
   342.110536217,32.68,Joules,power/energy-ram/,1000206754,100.00,,
   342.110536217,68.99,Joules,power/energy-pkg/,1000206080,100.00,,
   343.110742998,32.57,Joules,power/energy-ram/,1000197346,100.00,,
   343.110742998,56.51,Joules,power/energy-pkg/,1000197549,100.00,,
   344.110939553,32.56,Joules,power/energy-ram/,1000188670,100.00,,
   344.110939553,57.01,Joules,power/energy-pkg/,1000188602,100.00,,
   345.111144547,32.57,Joules,power/energy-ram/,1000196651,100.00,,
   345.111144547,56.12,Joules,power/energy-pkg/,1000195505,100.00,,
   346.111364854,30.50,Joules,power/energy-ram/,1000213555,100.00,,
   346.111364854,53.46,Joules,power/energy-pkg/,1000214204,100.00,,
   347.111576301,25.29,Joules,power/energy-ram/,1000204951,100.00,,
   347.111576301,44.78,Joules,power/energy-pkg/,1000205662,100.00,,
   348.111786903,32.77,Joules,power/energy-ram/,1000203549,100.00,,
   348.111786903,65.00,Joules,power/energy-pkg/,1000204365,100.00,,
   349.111998627,32.79,Joules,power/energy-ram/,1000203349,100.00,,
   349.111998627,70.98,Joules,power/energy-pkg/,1000202753,100.00,,
   350.112212283,32.64,Joules,power/energy-ram/,1000204000,100.00,,
   350.112212283,81.37,Joules,power/energy-pkg/,1000203257,100.00,,
   351.112426696,32.74,Joules,power/energy-ram/,1000207395,100.00,,
   351.112426696,87.22,Joules,power/energy-pkg/,1000206967,100.00,,
   352.112655959,32.99,Joules,power/energy-ram/,1000222171,100.00,,
   352.112655959,64.51,Joules,power/energy-pkg/,1000222629,100.00,,
   353.112863620,32.80,Joules,power/energy-ram/,1000200580,100.00,,
   353.112863620,58.74,Joules,power/energy-pkg/,1000201088,100.00,,
   354.113075067,33.24,Joules,power/energy-ram/,1000203600,100.00,,
   354.113075067,53.43,Joules,power/energy-pkg/,1000204081,100.00,,
   355.113285134,32.66,Joules,power/energy-ram/,1000202314,100.00,,
   355.113285134,59.94,Joules,power/energy-pkg/,1000202335,100.00,,
   356.113505118,32.76,Joules,power/energy-ram/,1000212455,100.00,,
   356.113505118,69.23,Joules,power/energy-pkg/,1000212632,100.00,,
   357.113711404,32.58,Joules,power/energy-ram/,1000196525,100.00,,
   357.113711404,72.36,Joules,power/energy-pkg/,1000195618,100.00,,
   358.113911995,32.57,Joules,power/energy-ram/,1000191995,100.00,,
   358.113911995,62.24,Joules,power/energy-pkg/,1000191554,100.00,,
   359.114047390,32.57,Joules,power/energy-ram/,1000126591,100.00,,
   359.114047390,52.31,Joules,power/energy-pkg/,1000126168,100.00,,
   360.114243304,32.54,Joules,power/energy-ram/,1000189774,100.00,,
   360.114243304,56.46,Joules,power/energy-pkg/,1000190334,100.00,,
   361.114441274,32.56,Joules,power/energy-ram/,1000190640,100.00,,
   361.114441274,57.47,Joules,power/energy-pkg/,1000190384,100.00,,
   362.114641765,32.99,Joules,power/energy-ram/,1000193972,100.00,,
   362.114641765,55.61,Joules,power/energy-pkg/,1000194692,100.00,,
   363.114871279,32.64,Joules,power/energy-ram/,1000221684,100.00,,
   363.114871279,49.53,Joules,power/energy-pkg/,1000222458,100.00,,
   364.115109699,31.66,Joules,power/energy-ram/,1000230856,100.00,,
   364.115109699,48.59,Joules,power/energy-pkg/,1000231191,100.00,,
   365.115341306,8.71,Joules,power/energy-ram/,1000223036,100.00,,
   365.115341306,20.33,Joules,power/energy-pkg/,1000223589,100.00,,
   366.115551781,24.63,Joules,power/energy-ram/,1000201573,100.00,,
   366.115551781,36.81,Joules,power/energy-pkg/,1000199570,100.00,,
   367.115748775,32.51,Joules,power/energy-ram/,1000189120,100.00,,
   367.115748775,49.47,Joules,power/energy-pkg/,1000188290,100.00,,
   368.115952314,32.76,Joules,power/energy-ram/,1000198449,100.00,,
   368.115952314,51.23,Joules,power/energy-pkg/,1000199710,100.00,,
   369.116160919,32.90,Joules,power/energy-ram/,1000200326,100.00,,
   369.116160919,64.20,Joules,power/energy-pkg/,1000200452,100.00,,
   370.116409501,32.73,Joules,power/energy-ram/,1000240121,100.00,,
   370.116409501,68.26,Joules,power/energy-pkg/,1000240200,100.00,,
   371.116611407,32.57,Joules,power/energy-ram/,1000193126,100.00,,
   371.116611407,64.73,Joules,power/energy-pkg/,1000192173,100.00,,
   372.116809512,32.52,Joules,power/energy-ram/,1000189920,100.00,,
   372.116809512,56.20,Joules,power/energy-pkg/,1000189838,100.00,,
   373.117003675,32.54,Joules,power/energy-ram/,1000185046,100.00,,
   373.117003675,49.58,Joules,power/energy-pkg/,1000184777,100.00,,
   374.117201672,33.04,Joules,power/energy-ram/,1000193372,100.00,,
   374.117201672,59.75,Joules,power/energy-pkg/,1000194641,100.00,,
   375.117407997,32.72,Joules,power/energy-ram/,1000198320,100.00,,
   375.117407997,75.11,Joules,power/energy-pkg/,1000197566,100.00,,
   376.117620808,32.68,Joules,power/energy-ram/,1000206358,100.00,,
   376.117620808,77.90,Joules,power/energy-pkg/,1000207456,100.00,,
   377.117825857,32.55,Joules,power/energy-ram/,1000195292,100.00,,
   377.117825857,72.02,Joules,power/energy-pkg/,1000194597,100.00,,
   378.118029488,32.59,Joules,power/energy-ram/,1000195722,100.00,,
   378.118029488,65.82,Joules,power/energy-pkg/,1000195231,100.00,,
   379.118225680,32.65,Joules,power/energy-ram/,1000191680,100.00,,
   379.118225680,63.73,Joules,power/energy-pkg/,1000192214,100.00,,
   380.118444815,32.87,Joules,power/energy-ram/,1000209460,100.00,,
   380.118444815,65.27,Joules,power/energy-pkg/,1000209646,100.00,,
   381.118654230,32.71,Joules,power/energy-ram/,1000201860,100.00,,
   381.118654230,60.85,Joules,power/energy-pkg/,1000201752,100.00,,
   382.118861190,32.94,Joules,power/energy-ram/,1000200125,100.00,,
   382.118861190,70.41,Joules,power/energy-pkg/,1000200338,100.00,,
   383.119076676,32.65,Joules,power/energy-ram/,1000206169,100.00,,
   383.119076676,71.02,Joules,power/energy-pkg/,1000206561,100.00,,
   384.119320088,14.66,Joules,power/energy-ram/,1000235810,100.00,,
   384.119320088,28.21,Joules,power/energy-pkg/,1000235751,100.00,,
   385.119530997,21.39,Joules,power/energy-ram/,1000201230,100.00,,
   385.119530997,36.19,Joules,power/energy-pkg/,1000199434,100.00,,
   386.119731770,32.50,Joules,power/energy-ram/,1000193176,100.00,,
   386.119731770,56.23,Joules,power/energy-pkg/,1000192897,100.00,,
   387.119928400,31.21,Joules,power/energy-ram/,1000189406,100.00,,
   387.119928400,53.98,Joules,power/energy-pkg/,1000190563,100.00,,
   388.120127442,32.45,Joules,power/energy-ram/,1000190875,100.00,,
   388.120127442,62.38,Joules,power/energy-pkg/,1000189784,100.00,,
   389.120319234,32.50,Joules,power/energy-ram/,1000183643,100.00,,
   389.120319234,66.78,Joules,power/energy-pkg/,1000183304,100.00,,
   390.120513412,32.43,Joules,power/energy-ram/,1000187044,100.00,,
   390.120513412,62.92,Joules,power/energy-pkg/,1000187386,100.00,,
   391.120717258,32.96,Joules,power/energy-ram/,1000198136,100.00,,
   391.120717258,65.22,Joules,power/energy-pkg/,1000199430,100.00,,
   392.120926860,33.13,Joules,power/energy-ram/,1000201801,100.00,,
   392.120926860,67.73,Joules,power/energy-pkg/,1000201830,100.00,,
   393.121162474,32.53,Joules,power/energy-ram/,1000227260,100.00,,
   393.121162474,57.24,Joules,power/energy-pkg/,1000227001,100.00,,
   394.121366040,33.10,Joules,power/energy-ram/,1000195645,100.00,,
   394.121366040,63.98,Joules,power/energy-pkg/,1000197155,100.00,,
   395.121583502,32.80,Joules,power/energy-ram/,1000209829,100.00,,
   395.121583502,63.18,Joules,power/energy-pkg/,1000209600,100.00,,
   396.121800072,32.87,Joules,power/energy-ram/,1000208755,100.00,,
   396.121800072,50.01,Joules,power/energy-pkg/,1000207805,100.00,,
   397.122006597,32.55,Joules,power/energy-ram/,1000198987,100.00,,
   397.122006597,56.50,Joules,power/energy-pkg/,1000200020,100.00,,
   398.122216121,32.63,Joules,power/energy-ram/,1000201400,100.00,,
   398.122216121,60.69,Joules,power/energy-pkg/,1000200899,100.00,,
   399.122420971,32.54,Joules,power/energy-ram/,1000195944,100.00,,
   399.122420971,59.27,Joules,power/energy-pkg/,1000194991,100.00,,
   400.122631892,32.51,Joules,power/energy-ram/,1000203644,100.00,,
   400.122631892,58.88,Joules,power/energy-pkg/,1000203896,100.00,,
   401.122835048,33.45,Joules,power/energy-ram/,1000195960,100.00,,
   401.122835048,70.11,Joules,power/energy-pkg/,1000196488,100.00,,
   402.123047690,32.70,Joules,power/energy-ram/,1000205926,100.00,,
   402.123047690,75.04,Joules,power/energy-pkg/,1000205976,100.00,,
   403.123261987,32.74,Joules,power/energy-ram/,1000205590,100.00,,
   403.123261987,59.62,Joules,power/energy-pkg/,1000205410,100.00,,
   404.123484778,13.86,Joules,power/energy-ram/,1000216414,100.00,,
   404.123484778,26.69,Joules,power/energy-pkg/,1000217162,100.00,,
   405.123697434,31.56,Joules,power/energy-ram/,1000201520,100.00,,
   405.123697434,51.76,Joules,power/energy-pkg/,1000199684,100.00,,
   406.123885998,32.63,Joules,power/energy-ram/,1000180411,100.00,,
   406.123885998,56.34,Joules,power/energy-pkg/,1000179031,100.00,,
   407.124069172,29.36,Joules,power/energy-ram/,1000176699,100.00,,
   407.124069172,50.29,Joules,power/energy-pkg/,1000177353,100.00,,
   408.124261791,32.50,Joules,power/energy-ram/,1000184842,100.00,,
   408.124261791,56.28,Joules,power/energy-pkg/,1000200022,100.00,,
   409.124471950,33.17,Joules,power/energy-ram/,1000205854,100.00,,
   409.124471950,67.79,Joules,power/energy-pkg/,1000192773,100.00,,
   410.124691689,33.42,Joules,power/energy-ram/,1000210220,100.00,,
   410.124691689,82.09,Joules,power/energy-pkg/,1000209942,100.00,,
   411.124903349,33.01,Joules,power/energy-ram/,1000203700,100.00,,
   411.124903349,73.73,Joules,power/energy-pkg/,1000205003,100.00,,
   412.125113651,27.54,Joules,power/energy-ram/,1000202857,100.00,,
   412.125113651,43.64,Joules,power/energy-pkg/,1000200866,100.00,,
   413.125332368,32.87,Joules,power/energy-ram/,1000210447,100.00,,
   413.125332368,49.58,Joules,power/energy-pkg/,1000211627,100.00,,
   414.125543847,32.54,Joules,power/energy-ram/,1000203673,100.00,,
   414.125543847,54.48,Joules,power/energy-pkg/,1000202748,100.00,,
   415.125747030,32.67,Joules,power/energy-ram/,1000196529,100.00,,
   415.125747030,65.66,Joules,power/energy-pkg/,1000196869,100.00,,
   416.125954431,32.55,Joules,power/energy-ram/,1000197466,100.00,,
   416.125954431,71.75,Joules,power/energy-pkg/,1000195677,100.00,,
   417.126150321,32.52,Joules,power/energy-ram/,1000186552,100.00,,
   417.126150321,68.16,Joules,power/energy-pkg/,1000187590,100.00,,
   418.126352240,32.96,Joules,power/energy-ram/,1000197061,100.00,,
   418.126352240,79.55,Joules,power/energy-pkg/,1000197804,100.00,,
   419.126555724,33.01,Joules,power/energy-ram/,1000195525,100.00,,
   419.126555724,81.27,Joules,power/energy-pkg/,1000195162,100.00,,
   420.126773210,32.71,Joules,power/energy-ram/,1000209887,100.00,,
   420.126773210,79.89,Joules,power/energy-pkg/,1000210444,100.00,,
   421.126987860,30.75,Joules,power/energy-ram/,1000206998,100.00,,
   421.126987860,48.00,Joules,power/energy-pkg/,1000206960,100.00,,
   422.127198029,32.68,Joules,power/energy-ram/,1000201850,100.00,,
   422.127198029,66.36,Joules,power/energy-pkg/,1000202130,100.00,,
   423.127429137,32.72,Joules,power/energy-ram/,1000224700,100.00,,
   423.127429137,66.77,Joules,power/energy-pkg/,1000224410,100.00,,
   424.127634115,32.64,Joules,power/energy-ram/,1000195536,100.00,,
   424.127634115,62.29,Joules,power/energy-pkg/,1000195114,100.00,,
   425.127838519,32.58,Joules,power/energy-ram/,1000195322,100.00,,
   425.127838519,56.27,Joules,power/energy-pkg/,1000194620,100.00,,
   426.128078699,32.40,Joules,power/energy-ram/,1000233262,100.00,,
   426.128078699,56.02,Joules,power/energy-pkg/,1000233790,100.00,,
   427.128273485,12.93,Joules,power/energy-ram/,1000198846,100.00,,
   427.128273485,24.73,Joules,power/energy-pkg/,1000198006,100.00,,
   428.128382957,32.48,Joules,power/energy-ram/,1000088110,100.00,,
   428.128382957,59.31,Joules,power/energy-pkg/,1000087850,100.00,,
   429.128576321,32.51,Joules,power/energy-ram/,1000187324,100.00,,
   429.128576321,69.87,Joules,power/energy-pkg/,1000188625,100.00,,
   430.128770873,32.48,Joules,power/energy-ram/,1000186246,100.00,,
   430.128770873,67.49,Joules,power/energy-pkg/,1000186142,100.00,,
   431.128990090,26.69,Joules,power/energy-ram/,1000213076,100.00,,
   431.128990090,48.78,Joules,power/energy-pkg/,1000212838,100.00,,
   432.129208042,9.75,Joules,power/energy-ram/,1000208794,100.00,,
   432.129208042,20.80,Joules,power/energy-pkg/,1000208800,100.00,,
   433.129426285,8.94,Joules,power/energy-ram/,1000210353,100.00,,
   433.129426285,20.07,Joules,power/energy-pkg/,1000210624,100.00,,
   434.129619504,20.54,Joules,power/energy-ram/,1000185178,100.00,,
   434.129619504,35.10,Joules,power/energy-pkg/,1000184509,100.00,,
   435.129817967,32.65,Joules,power/energy-ram/,1000191040,100.00,,
   435.129817967,63.20,Joules,power/energy-pkg/,1000190993,100.00,,
   436.130016565,32.79,Joules,power/energy-ram/,1000191943,100.00,,
   436.130016565,66.01,Joules,power/energy-pkg/,1000192024,100.00,,
   437.130223479,32.99,Joules,power/energy-ram/,1000199729,100.00,,
   437.130223479,59.56,Joules,power/energy-pkg/,1000200582,100.00,,
   438.130426320,32.71,Joules,power/energy-ram/,1000194738,100.00,,
   438.130426320,49.47,Joules,power/energy-pkg/,1000195340,100.00,,
   439.130651928,20.53,Joules,power/energy-ram/,1000219312,100.00,,
   439.130651928,35.58,Joules,power/energy-pkg/,1000219700,100.00,,
   440.130864713,22.63,Joules,power/energy-ram/,1000203268,100.00,,
   440.130864713,38.90,Joules,power/energy-pkg/,1000202730,100.00,,
   441.131067110,33.03,Joules,power/energy-ram/,1000196454,100.00,,
   441.131067110,68.92,Joules,power/energy-pkg/,1000196232,100.00,,
   442.131279446,32.62,Joules,power/energy-ram/,1000203366,100.00,,
   442.131279446,89.83,Joules,power/energy-pkg/,1000203192,100.00,,
   443.131421950,32.69,Joules,power/energy-ram/,1000134394,100.00,,
   443.131421950,93.50,Joules,power/energy-pkg/,1000134370,100.00,,
   444.131630509,32.62,Joules,power/energy-ram/,1000200846,100.00,,
   444.131630509,81.14,Joules,power/energy-pkg/,1000200744,100.00,,
   445.131839189,32.61,Joules,power/energy-ram/,1000199306,100.00,,
   445.131839189,60.08,Joules,power/energy-pkg/,1000199072,100.00,,
   446.132046756,32.93,Joules,power/energy-ram/,1000204386,100.00,,
   446.132046756,62.17,Joules,power/energy-pkg/,1000205138,100.00,,
   447.132271227,33.13,Joules,power/energy-ram/,1000227552,100.00,,
   447.132271227,81.55,Joules,power/energy-pkg/,1000228082,100.00,,
   448.132499129,33.04,Joules,power/energy-ram/,1000206382,100.00,,
   448.132499129,93.04,Joules,power/energy-pkg/,1000206014,100.00,,
   449.132711405,32.96,Joules,power/energy-ram/,1000205018,100.00,,
   449.132711405,76.68,Joules,power/energy-pkg/,1000205355,100.00,,
   450.132916905,32.63,Joules,power/energy-ram/,1000198040,100.00,,
   450.132916905,59.77,Joules,power/energy-pkg/,1000196575,100.00,,
   451.133123626,32.71,Joules,power/energy-ram/,1000197760,100.00,,
   451.133123626,64.13,Joules,power/energy-pkg/,1000198887,100.00,,
   452.133326767,32.57,Joules,power/energy-ram/,1000194629,100.00,,
   452.133326767,72.12,Joules,power/energy-pkg/,1000193984,100.00,,
   453.133533880,32.56,Joules,power/energy-ram/,1000198649,100.00,,
   453.133533880,63.07,Joules,power/energy-pkg/,1000197460,100.00,,
   454.133778474,20.52,Joules,power/energy-ram/,1000238264,100.00,,
   454.133778474,37.23,Joules,power/energy-pkg/,1000240083,100.00,,
   455.133978250,23.61,Joules,power/energy-ram/,1000190144,100.00,,
   455.133978250,35.29,Joules,power/energy-pkg/,1000188795,100.00,,
   456.134175991,32.43,Joules,power/energy-ram/,1000191870,100.00,,
   456.134175991,49.74,Joules,power/energy-pkg/,1000192815,100.00,,
   457.134378780,32.53,Joules,power/energy-ram/,1000195091,100.00,,
   457.134378780,49.97,Joules,power/energy-pkg/,1000194754,100.00,,
   458.134579408,32.98,Joules,power/energy-ram/,1000194564,100.00,,
   458.134579408,53.01,Joules,power/energy-pkg/,1000195320,100.00,,
   459.134784451,33.10,Joules,power/energy-ram/,1000196089,100.00,,
   459.134784451,54.03,Joules,power/energy-pkg/,1000195993,100.00,,
   460.134997238,32.69,Joules,power/energy-ram/,1000205662,100.00,,
   460.134997238,52.35,Joules,power/energy-pkg/,1000205469,100.00,,
   461.135197664,33.12,Joules,power/energy-ram/,1000192184,100.00,,
   461.135197664,55.03,Joules,power/energy-pkg/,1000192875,100.00,,
   462.135408241,32.64,Joules,power/energy-ram/,1000202185,100.00,,
   462.135408241,53.38,Joules,power/energy-pkg/,1000201934,100.00,,
   463.135612998,32.66,Joules,power/energy-ram/,1000198308,100.00,,
   463.135612998,52.97,Joules,power/energy-pkg/,1000197490,100.00,,
   464.135823760,32.79,Joules,power/energy-ram/,1000202774,100.00,,
   464.135823760,51.50,Joules,power/energy-pkg/,1000203340,100.00,,
   465.136041780,32.72,Joules,power/energy-ram/,1000208866,100.00,,
   465.136041780,50.65,Joules,power/energy-pkg/,1000208106,100.00,,
   466.136250638,32.60,Joules,power/energy-ram/,1000202482,100.00,,
   466.136250638,49.69,Joules,power/energy-pkg/,1000203430,100.00,,
   467.136513313,16.42,Joules,power/energy-ram/,1000255938,100.00,,
   467.136513313,30.28,Joules,power/energy-pkg/,1000256650,100.00,,
   468.136729601,9.07,Joules,power/energy-ram/,1000206878,100.00,,
   468.136729601,20.52,Joules,power/energy-pkg/,1000206052,100.00,,
   469.136936518,26.40,Joules,power/energy-ram/,1000196811,100.00,,
   469.136936518,44.95,Joules,power/energy-pkg/,1000195202,100.00,,
   470.137140725,32.62,Joules,power/energy-ram/,1000196535,100.00,,
   470.137140725,59.61,Joules,power/energy-pkg/,1000196676,100.00,,
   471.137335557,32.64,Joules,power/energy-ram/,1000187605,100.00,,
   471.137335557,65.88,Joules,power/energy-pkg/,1000187502,100.00,,
   472.137533593,32.61,Joules,power/energy-ram/,1000190000,100.00,,
   472.137533593,59.47,Joules,power/energy-pkg/,1000189934,100.00,,
   473.137772665,26.09,Joules,power/energy-ram/,1000232651,100.00,,
   473.137772665,48.93,Joules,power/energy-pkg/,1000233944,100.00,,
   474.138005056,10.56,Joules,power/energy-ram/,1000223995,100.00,,
   474.138005056,20.95,Joules,power/energy-pkg/,1000223826,100.00,,
   475.138224814,8.88,Joules,power/energy-ram/,1000212367,100.00,,
   475.138224814,20.19,Joules,power/energy-pkg/,1000212084,100.00,,
   476.138422797,32.58,Joules,power/energy-ram/,1000189578,100.00,,
   476.138422797,54.08,Joules,power/energy-pkg/,1000188490,100.00,,
   477.138619353,32.64,Joules,power/energy-ram/,1000188864,100.00,,
   477.138619353,56.37,Joules,power/energy-pkg/,1000188897,100.00,,
   478.138822299,26.96,Joules,power/energy-ram/,1000198518,100.00,,
   478.138822299,46.63,Joules,power/energy-pkg/,1000200813,100.00,,
   479.139039505,9.52,Joules,power/energy-ram/,1000207958,100.00,,
   479.139039505,20.56,Joules,power/energy-pkg/,1000208465,100.00,,
   480.139248720,9.30,Joules,power/energy-ram/,1000201362,100.00,,
   480.139248720,20.60,Joules,power/energy-pkg/,1000199768,100.00,,
   481.139468371,8.56,Joules,power/energy-ram/,1000210633,100.00,,
   481.139468371,20.10,Joules,power/energy-pkg/,1000210468,100.00,,
   482.139669530,9.67,Joules,power/energy-ram/,1000195186,100.00,,
   482.139669530,20.75,Joules,power/energy-pkg/,1000196562,100.00,,
   483.139881636,9.41,Joules,power/energy-ram/,1000202692,100.00,,
   483.139881636,20.51,Joules,power/energy-pkg/,1000201248,100.00,,
   484.140129873,8.59,Joules,power/energy-ram/,1000240140,100.00,,
   484.140129873,20.15,Joules,power/energy-pkg/,1000240502,100.00,,
   485.140331131,8.45,Joules,power/energy-ram/,1000193752,100.00,,
   485.140331131,20.02,Joules,power/energy-pkg/,1000193300,100.00,,
   486.140528422,8.78,Joules,power/energy-ram/,1000188614,100.00,,
   486.140528422,20.14,Joules,power/energy-pkg/,1000188860,100.00,,
   487.140750949,9.04,Joules,power/energy-ram/,1000215889,100.00,,
   487.140750949,20.24,Joules,power/energy-pkg/,1000215304,100.00,,
   488.140973691,9.08,Joules,power/energy-ram/,1000215013,100.00,,
   488.140973691,20.42,Joules,power/energy-pkg/,1000215630,100.00,,
   489.141203347,9.27,Joules,power/energy-ram/,1000221408,100.00,,
   489.141203347,20.46,Joules,power/energy-pkg/,1000221635,100.00,,
   490.141402823,9.65,Joules,power/energy-ram/,1000192074,100.00,,
   490.141402823,20.60,Joules,power/energy-pkg/,1000191289,100.00,,
   491.141620048,9.35,Joules,power/energy-ram/,1000209042,100.00,,
   491.141620048,20.36,Joules,power/energy-pkg/,1000210162,100.00,,
   492.141843349,8.78,Joules,power/energy-ram/,1000215654,100.00,,
   492.141843349,20.06,Joules,power/energy-pkg/,1000214434,100.00,,
   493.142066799,8.96,Joules,power/energy-ram/,1000216360,100.00,,
   493.142066799,20.08,Joules,power/energy-pkg/,1000216675,100.00,,
   494.142300116,8.98,Joules,power/energy-ram/,1000225522,100.00,,
   494.142300116,20.51,Joules,power/energy-pkg/,1000226529,100.00,,
   495.142540892,8.33,Joules,power/energy-ram/,1000232338,100.00,,
   495.142540892,19.98,Joules,power/energy-pkg/,1000230935,100.00,,
   496.142781208,9.32,Joules,power/energy-ram/,1000233053,100.00,,
   496.142781208,20.49,Joules,power/energy-pkg/,1000233145,100.00,,
   497.143020188,9.44,Joules,power/energy-ram/,1000231200,100.00,,
   497.143020188,20.32,Joules,power/energy-pkg/,1000231166,100.00,,
   498.143238235,8.73,Joules,power/energy-ram/,1000210109,100.00,,
   498.143238235,20.03,Joules,power/energy-pkg/,1000210400,100.00,,
   499.143455391,9.33,Joules,power/energy-ram/,1000209744,100.00,,
   499.143455391,20.26,Joules,power/energy-pkg/,1000210040,100.00,,
   500.143663969,8.77,Joules,power/energy-ram/,1000199616,100.00,,
   500.143663969,20.31,Joules,power/energy-pkg/,1000199600,100.00,,
   501.143861586,8.31,Joules,power/energy-ram/,1000190531,100.00,,
   501.143861586,20.08,Joules,power/energy-pkg/,1000190235,100.00,,
   502.144095128,8.43,Joules,power/energy-ram/,1000226117,100.00,,
   502.144095128,20.12,Joules,power/energy-pkg/,1000226076,100.00,,
   503.144333872,8.56,Joules,power/energy-ram/,1000230256,100.00,,
   503.144333872,19.77,Joules,power/energy-pkg/,1000230040,100.00,,
   504.144531722,9.17,Joules,power/energy-ram/,1000189540,100.00,,
   504.144531722,20.34,Joules,power/energy-pkg/,1000189884,100.00,,
   505.144750641,8.90,Joules,power/energy-ram/,1000212109,100.00,,
   505.144750641,20.24,Joules,power/energy-pkg/,1000212029,100.00,,
   506.144971460,8.15,Joules,power/energy-ram/,1000212738,100.00,,
   506.144971460,20.00,Joules,power/energy-pkg/,1000212281,100.00,,
   507.145211989,8.67,Joules,power/energy-ram/,1000233228,100.00,,
   507.145211989,20.19,Joules,power/energy-pkg/,1000234012,100.00,,
