# started on Wed Mar 29 14:22:27 2023

     1.001005298,20.01,Joules,power/energy-pkg/,1001009059,100.00,,
     2.001553826,15.64,Joules,power/energy-pkg/,1000545351,100.00,,
     3.002641864,19.72,Joules,power/energy-pkg/,1001081750,100.00,,
     4.003741058,18.53,Joules,power/energy-pkg/,1001116135,100.00,,
     5.004829110,21.46,Joules,power/energy-pkg/,1001052483,100.00,,
     6.005532465,19.80,Joules,power/energy-pkg/,1000720346,100.00,,
     7.006024528,18.74,Joules,power/energy-pkg/,1000476633,100.00,,
     8.007111701,18.98,Joules,power/energy-pkg/,1001076685,100.00,,
     9.008201543,19.45,Joules,power/energy-pkg/,1001080172,100.00,,
    10.009290947,21.16,Joules,power/energy-pkg/,1001086442,100.00,,
    11.009579519,19.67,Joules,power/energy-pkg/,1000467523,100.00,,
    12.010860489,16.76,Joules,power/energy-pkg/,1001085451,100.00,,
    13.011949369,19.27,Joules,power/energy-pkg/,1001082874,100.00,,
    14.013053685,19.39,Joules,power/energy-pkg/,1001096800,100.00,,
    15.013536739,20.02,Joules,power/energy-pkg/,1000472067,100.00,,
    16.014618724,20.45,Joules,power/energy-pkg/,1001077817,100.00,,
    17.015188903,19.83,Joules,power/energy-pkg/,1000577531,100.00,,
    18.016311001,19.63,Joules,power/energy-pkg/,1001101441,100.00,,
    19.017418530,18.06,Joules,power/energy-pkg/,1001086273,100.00,,
    20.017531452,20.94,Joules,power/energy-pkg/,1000107692,100.00,,
    21.018640337,19.82,Joules,power/energy-pkg/,1001109933,100.00,,
    22.019725605,18.15,Joules,power/energy-pkg/,1001080240,100.00,,
    23.020805369,18.84,Joules,power/energy-pkg/,1001076165,100.00,,
    24.021530769,16.76,Joules,power/energy-pkg/,1000715926,100.00,,
    25.022626034,18.41,Joules,power/energy-pkg/,1001087928,100.00,,
    26.023724963,20.00,Joules,power/energy-pkg/,1001091265,100.00,,
    27.024816982,20.37,Joules,power/energy-pkg/,1001091691,100.00,,
    28.025538613,18.91,Joules,power/energy-pkg/,1000701351,100.00,,
    29.025981439,19.35,Joules,power/energy-pkg/,1000478997,100.00,,
    30.027104761,19.28,Joules,power/energy-pkg/,1001065867,100.00,,
    31.027528645,18.96,Joules,power/energy-pkg/,1000452661,100.00,,
    32.028639836,20.52,Joules,power/energy-pkg/,1001070413,100.00,,
    33.029514504,17.86,Joules,power/energy-pkg/,1000863955,100.00,,
    34.029785351,17.02,Joules,power/energy-pkg/,1000282055,100.00,,
    35.030895776,17.52,Joules,power/energy-pkg/,1001098360,100.00,,
    36.031995148,20.49,Joules,power/energy-pkg/,1001092219,100.00,,
    37.033095235,18.79,Joules,power/energy-pkg/,1001092917,100.00,,
    38.033515315,19.16,Joules,power/energy-pkg/,1000399341,100.00,,
    39.034610494,18.88,Joules,power/energy-pkg/,1001095516,100.00,,
    40.035690670,20.64,Joules,power/energy-pkg/,1001081992,100.00,,
    41.036788089,18.92,Joules,power/energy-pkg/,1001083693,100.00,,
    42.037529596,17.44,Joules,power/energy-pkg/,1000735504,100.00,,
    43.038628284,19.59,Joules,power/energy-pkg/,1001079972,100.00,,
    44.039709407,16.64,Joules,power/energy-pkg/,1001077036,100.00,,
    45.040811210,19.09,Joules,power/energy-pkg/,1001102701,100.00,,
    46.041529215,19.17,Joules,power/energy-pkg/,1000709692,100.00,,
    47.041889077,17.65,Joules,power/energy-pkg/,1000386500,100.00,,
    48.043026984,20.34,Joules,power/energy-pkg/,1001102609,100.00,,
    49.044152237,19.34,Joules,power/energy-pkg/,1001103178,100.00,,
    50.044984102,18.70,Joules,power/energy-pkg/,1000851799,100.00,,
    51.045512831,16.95,Joules,power/energy-pkg/,1000491846,100.00,,
    52.046579580,20.01,Joules,power/energy-pkg/,1001058224,100.00,,
    53.046775341,19.06,Joules,power/energy-pkg/,1000218225,100.00,,
    54.047906947,20.15,Joules,power/energy-pkg/,1001097377,100.00,,
    55.048994185,20.36,Joules,power/energy-pkg/,1001090073,100.00,,
    56.049513520,18.42,Joules,power/energy-pkg/,1000502045,100.00,,
    57.050554607,18.33,Joules,power/energy-pkg/,1001102873,100.00,,
    58.051695002,20.61,Joules,power/energy-pkg/,1001070754,100.00,,
    59.052778560,22.72,Joules,power/energy-pkg/,1001081822,100.00,,
    60.053527949,21.54,Joules,power/energy-pkg/,1000743801,100.00,,
    61.054634977,20.10,Joules,power/energy-pkg/,1001102212,100.00,,
    62.055768292,18.79,Joules,power/energy-pkg/,1001117587,100.00,,
    63.056867882,18.02,Joules,power/energy-pkg/,1001083928,100.00,,
    64.057527780,14.69,Joules,power/energy-pkg/,1000660054,100.00,,
    65.058005407,18.55,Joules,power/energy-pkg/,1000490251,100.00,,
    66.059115259,17.61,Joules,power/energy-pkg/,1001077581,100.00,,
    67.060222252,17.12,Joules,power/energy-pkg/,1001105047,100.00,,
    68.061304274,19.44,Joules,power/energy-pkg/,1001070165,100.00,,
    69.061513791,16.87,Joules,power/energy-pkg/,1000198167,100.00,,
    70.062587439,16.97,Joules,power/energy-pkg/,1001080511,100.00,,
    71.063712751,17.26,Joules,power/energy-pkg/,1001110043,100.00,,
    72.064801363,17.95,Joules,power/energy-pkg/,1001078706,100.00,,
    73.065517182,18.85,Joules,power/energy-pkg/,1000705790,100.00,,
    74.066593090,17.38,Joules,power/energy-pkg/,1001079780,100.00,,
    75.067763969,18.80,Joules,power/energy-pkg/,1001170194,100.00,,
    76.068532310,19.05,Joules,power/energy-pkg/,1000785580,100.00,,
    77.069553805,19.99,Joules,power/energy-pkg/,1001593156,100.00,,
    78.070529260,19.98,Joules,power/energy-pkg/,1000381266,100.00,,
    79.071721662,18.17,Joules,power/energy-pkg/,1001166141,100.00,,
    80.072823250,18.77,Joules,power/energy-pkg/,1001079276,100.00,,
    81.073872924,17.70,Joules,power/energy-pkg/,1001063154,100.00,,
    82.074986145,17.76,Joules,power/energy-pkg/,1001104188,100.00,,
    83.076075120,18.01,Joules,power/energy-pkg/,1001061817,100.00,,
    84.077156109,17.63,Joules,power/energy-pkg/,1001087558,100.00,,
    85.077540392,16.83,Joules,power/energy-pkg/,1000380488,100.00,,
    86.078559491,18.08,Joules,power/energy-pkg/,1001046018,100.00,,
    87.079705892,18.26,Joules,power/energy-pkg/,1001098775,100.00,,
    88.080798884,19.40,Joules,power/energy-pkg/,1001078944,100.00,,
    89.081517507,16.04,Joules,power/energy-pkg/,1000709974,100.00,,
    90.082610430,17.66,Joules,power/energy-pkg/,1001089433,100.00,,
    91.083730014,17.02,Joules,power/energy-pkg/,1001120831,100.00,,
    92.084814852,17.71,Joules,power/energy-pkg/,1001063567,100.00,,
    93.085681284,17.57,Joules,power/energy-pkg/,1000867583,100.00,,
    94.085881967,18.79,Joules,power/energy-pkg/,1000218563,100.00,,
    95.086990963,19.66,Joules,power/energy-pkg/,1001081316,100.00,,
    96.088070506,18.04,Joules,power/energy-pkg/,1001059043,100.00,,
    97.089145449,19.15,Joules,power/energy-pkg/,1001082015,100.00,,
    98.089517755,18.98,Joules,power/energy-pkg/,1000364384,100.00,,
    99.090616784,17.71,Joules,power/energy-pkg/,1001079816,100.00,,
   100.091709641,16.76,Joules,power/energy-pkg/,1001101294,100.00,,
   101.092848259,16.03,Joules,power/energy-pkg/,1001131903,100.00,,
   102.093529166,19.96,Joules,power/energy-pkg/,1000670560,100.00,,
   103.094618255,19.01,Joules,power/energy-pkg/,1001067064,100.00,,
   104.095691862,18.22,Joules,power/energy-pkg/,1001080038,100.00,,
   105.096781461,17.23,Joules,power/energy-pkg/,1001082455,100.00,,
   106.097515570,19.79,Joules,power/energy-pkg/,1000717819,100.00,,
   107.098614822,16.00,Joules,power/energy-pkg/,1001088012,100.00,,
   108.099700716,20.36,Joules,power/energy-pkg/,1001090921,100.00,,
   109.100787841,21.84,Joules,power/energy-pkg/,1001080646,100.00,,
   110.101529312,20.09,Joules,power/energy-pkg/,1000735011,100.00,,
   111.102625982,20.19,Joules,power/energy-pkg/,1001075037,100.00,,
   112.103696091,21.09,Joules,power/energy-pkg/,1001063111,100.00,,
   113.104772218,18.66,Joules,power/energy-pkg/,1001082292,100.00,,
   114.105511896,19.43,Joules,power/energy-pkg/,1000718071,100.00,,
   115.106586980,20.84,Joules,power/energy-pkg/,1001081945,100.00,,
   116.107678370,19.79,Joules,power/energy-pkg/,1001084080,100.00,,
   117.108759278,19.11,Joules,power/energy-pkg/,1001060637,100.00,,
   118.109552622,18.98,Joules,power/energy-pkg/,1000787333,100.00,,
   119.110638188,19.94,Joules,power/energy-pkg/,1001091080,100.00,,
   120.111723294,17.35,Joules,power/energy-pkg/,1001077242,100.00,,
   121.112809586,17.71,Joules,power/energy-pkg/,1001067887,100.00,,
   122.113517173,16.28,Joules,power/energy-pkg/,1000700077,100.00,,
   123.114602620,16.80,Joules,power/energy-pkg/,1001079356,100.00,,
   124.115703565,18.77,Joules,power/energy-pkg/,1001090752,100.00,,
   125.116787888,18.94,Joules,power/energy-pkg/,1001088559,100.00,,
   126.117529975,19.28,Joules,power/energy-pkg/,1000735984,100.00,,
   127.118620466,16.97,Joules,power/energy-pkg/,1001083568,100.00,,
   128.119719169,17.15,Joules,power/energy-pkg/,1001093799,100.00,,
   129.120801636,17.97,Joules,power/energy-pkg/,1001059580,100.00,,
   130.121515032,17.13,Joules,power/energy-pkg/,1000707250,100.00,,
   131.122604645,16.98,Joules,power/energy-pkg/,1001107818,100.00,,
   132.123104480,18.49,Joules,power/energy-pkg/,1000497379,100.00,,
   133.124212627,15.63,Joules,power/energy-pkg/,1001084112,100.00,,
   134.125294922,18.25,Joules,power/energy-pkg/,1001061076,100.00,,
   135.125531573,17.82,Joules,power/energy-pkg/,1000240309,100.00,,
   136.126610965,17.26,Joules,power/energy-pkg/,1001060738,100.00,,
   137.127687066,16.68,Joules,power/energy-pkg/,1001083841,100.00,,
   138.128776681,17.60,Joules,power/energy-pkg/,1001068024,100.00,,
   139.129530326,19.65,Joules,power/energy-pkg/,1000757043,100.00,,
   140.130605621,17.33,Joules,power/energy-pkg/,1001057178,100.00,,
   141.131686942,17.25,Joules,power/energy-pkg/,1001077168,100.00,,
   142.132773865,16.70,Joules,power/energy-pkg/,1001077773,100.00,,
   143.133513854,17.59,Joules,power/energy-pkg/,1000733156,100.00,,
   144.134601853,16.99,Joules,power/energy-pkg/,1001092513,100.00,,
   145.135680659,17.80,Joules,power/energy-pkg/,1001058749,100.00,,
   146.136758711,16.31,Joules,power/energy-pkg/,1001072496,100.00,,
   147.137537489,17.55,Joules,power/energy-pkg/,1000770421,100.00,,
   148.138621683,18.71,Joules,power/energy-pkg/,1001087475,100.00,,
   149.139712374,18.40,Joules,power/energy-pkg/,1001086026,100.00,,
   150.140810014,18.71,Joules,power/energy-pkg/,1001104838,100.00,,
   151.141532576,18.20,Joules,power/energy-pkg/,1000700120,100.00,,
   152.142640264,17.53,Joules,power/energy-pkg/,1001116345,100.00,,
   153.143761216,19.93,Joules,power/energy-pkg/,1001088351,100.00,,
   154.144846912,21.04,Joules,power/energy-pkg/,1001088484,100.00,,
   155.145529041,19.03,Joules,power/energy-pkg/,1000674181,100.00,,
   156.146627766,19.68,Joules,power/energy-pkg/,1001079051,100.00,,
   157.147332569,21.80,Joules,power/energy-pkg/,1000720861,100.00,,
   158.148445849,20.74,Joules,power/energy-pkg/,1001088095,100.00,,
   159.149525475,19.26,Joules,power/energy-pkg/,1001072503,100.00,,
   160.150650333,18.96,Joules,power/energy-pkg/,1001124623,100.00,,
   161.151740980,17.33,Joules,power/energy-pkg/,1001084463,100.00,,
   162.152750437,19.16,Joules,power/energy-pkg/,1000995880,100.00,,
   163.153514356,20.50,Joules,power/energy-pkg/,1000749653,100.00,,
   164.154606735,21.49,Joules,power/energy-pkg/,1001103047,100.00,,
   165.158940005,18.41,Joules,power/energy-pkg/,1004308857,100.00,,
   166.160036746,20.29,Joules,power/energy-pkg/,1001102859,100.00,,
   167.161142350,20.39,Joules,power/energy-pkg/,1001091762,100.00,,
   168.161531907,21.12,Joules,power/energy-pkg/,1000389603,100.00,,
   169.162630990,20.02,Joules,power/energy-pkg/,1001093002,100.00,,
   170.163741071,22.09,Joules,power/energy-pkg/,1001095372,100.00,,
   171.164824648,19.47,Joules,power/energy-pkg/,1001082178,100.00,,
   172.165531846,17.94,Joules,power/energy-pkg/,1000698014,100.00,,
   173.166626038,18.83,Joules,power/energy-pkg/,1001076044,100.00,,
   174.167721688,20.87,Joules,power/energy-pkg/,1001103929,100.00,,
   175.168826580,17.87,Joules,power/energy-pkg/,1001093423,100.00,,
   176.169536591,20.26,Joules,power/energy-pkg/,1000702754,100.00,,
   177.170635305,18.44,Joules,power/energy-pkg/,1001079393,100.00,,
   178.171713038,18.54,Joules,power/energy-pkg/,1001069268,100.00,,
   179.172784834,21.00,Joules,power/energy-pkg/,1001063453,100.00,,
   180.173516464,20.42,Joules,power/energy-pkg/,1000725487,100.00,,
   181.174591582,18.35,Joules,power/energy-pkg/,1001082780,100.00,,
   182.175685821,17.92,Joules,power/energy-pkg/,1001086855,100.00,,
   183.176773098,17.14,Joules,power/energy-pkg/,1001077436,100.00,,
   184.177515075,19.86,Joules,power/energy-pkg/,1000723098,100.00,,
   185.178592026,19.49,Joules,power/energy-pkg/,1001086185,100.00,,
   186.179693140,17.64,Joules,power/energy-pkg/,1001091789,100.00,,
   187.180786901,20.57,Joules,power/energy-pkg/,1001086673,100.00,,
   188.181529026,20.74,Joules,power/energy-pkg/,1000733740,100.00,,
   189.182625872,20.00,Joules,power/energy-pkg/,1001092107,100.00,,
   190.183726513,16.26,Joules,power/energy-pkg/,1001089551,100.00,,
   191.184827914,19.91,Joules,power/energy-pkg/,1001095844,100.00,,
   192.185530861,20.33,Joules,power/energy-pkg/,1000695484,100.00,,
   193.186610080,22.86,Joules,power/energy-pkg/,1001058511,100.00,,
   194.187688210,21.15,Joules,power/energy-pkg/,1001084586,100.00,,
   195.188782857,21.33,Joules,power/energy-pkg/,1001088167,100.00,,
   196.189514179,19.03,Joules,power/energy-pkg/,1000710527,100.00,,
   197.190580303,20.00,Joules,power/energy-pkg/,1001070785,100.00,,
   198.191683497,20.62,Joules,power/energy-pkg/,1001097591,100.00,,
   199.192786992,20.51,Joules,power/energy-pkg/,1001100914,100.00,,
   200.193528785,15.76,Joules,power/energy-pkg/,1000729521,100.00,,
   201.194633084,20.46,Joules,power/energy-pkg/,1001094081,100.00,,
   202.195729438,20.68,Joules,power/energy-pkg/,1001092896,100.00,,
   203.196820911,22.26,Joules,power/energy-pkg/,1001082659,100.00,,
   204.197514483,21.57,Joules,power/energy-pkg/,1000674058,100.00,,
   205.198598160,20.52,Joules,power/energy-pkg/,1001091385,100.00,,
   206.199688933,20.50,Joules,power/energy-pkg/,1001080518,100.00,,
   207.200787316,17.89,Joules,power/energy-pkg/,1001092965,100.00,,
   208.201529224,16.36,Joules,power/energy-pkg/,1000733421,100.00,,
   209.202625863,18.38,Joules,power/energy-pkg/,1001091316,100.00,,
   210.203725205,18.70,Joules,power/energy-pkg/,1001087784,100.00,,
   211.204818781,17.54,Joules,power/energy-pkg/,1001093058,100.00,,
   212.205527510,20.30,Joules,power/energy-pkg/,1000697081,100.00,,
   213.206613295,18.84,Joules,power/energy-pkg/,1001077849,100.00,,
   214.207697620,19.50,Joules,power/energy-pkg/,1001082151,100.00,,
   215.208793552,19.72,Joules,power/energy-pkg/,1001084386,100.00,,
   216.209514198,19.59,Joules,power/energy-pkg/,1000701143,100.00,,
   217.210592339,21.04,Joules,power/energy-pkg/,1001084811,100.00,,
   218.211695687,19.12,Joules,power/energy-pkg/,1001096243,100.00,,
   219.212824306,21.33,Joules,power/energy-pkg/,1001121083,100.00,,
   220.213517877,18.03,Joules,power/energy-pkg/,1000672918,100.00,,
   221.214599908,18.19,Joules,power/energy-pkg/,1001073638,100.00,,
   222.215669144,22.94,Joules,power/energy-pkg/,1001074555,100.00,,
   223.216747354,18.31,Joules,power/energy-pkg/,1001072992,100.00,,
   224.217531336,19.60,Joules,power/energy-pkg/,1000774964,100.00,,
   225.218609549,17.37,Joules,power/energy-pkg/,1001071423,100.00,,
   226.218810412,20.27,Joules,power/energy-pkg/,1000210590,100.00,,
   227.219924277,15.68,Joules,power/energy-pkg/,1001080664,100.00,,
   228.221019320,18.29,Joules,power/energy-pkg/,1001083353,100.00,,
   229.221520281,21.07,Joules,power/energy-pkg/,1000493875,100.00,,
   230.222583879,14.40,Joules,power/energy-pkg/,1001071415,100.00,,
   231.223665045,16.45,Joules,power/energy-pkg/,1001060788,100.00,,
   232.224747326,18.95,Joules,power/energy-pkg/,1001087508,100.00,,
   233.225527324,17.95,Joules,power/energy-pkg/,1000773201,100.00,,
