# started on Sat Aug  5 20:09:17 2023

     1.001083581,4.05,Joules,power/energy-pkg/,1001101240,100.00,,
     2.002278994,3.52,Joules,power/energy-pkg/,1001184425,100.00,,
     3.003440660,4.16,Joules,power/energy-pkg/,1001154697,100.00,,
     4.004050866,5.79,Joules,power/energy-pkg/,1000615390,100.00,,
     5.005205760,6.03,Joules,power/energy-pkg/,1001138118,100.00,,
     6.006322737,6.37,Joules,power/energy-pkg/,1001124615,100.00,,
     7.007677135,4.11,Joules,power/energy-pkg/,1001349842,100.00,,
     8.008066310,3.76,Joules,power/energy-pkg/,1000360471,100.00,,
     9.009258844,3.82,Joules,power/energy-pkg/,1001207812,100.00,,
    10.010457425,3.57,Joules,power/energy-pkg/,1001191249,100.00,,
    11.011688781,3.70,Joules,power/energy-pkg/,1001226367,100.00,,
    12.012072277,3.46,Joules,power/energy-pkg/,1000353984,100.00,,
    13.013250243,3.85,Joules,power/energy-pkg/,1001193713,100.00,,
    14.014478131,3.61,Joules,power/energy-pkg/,1001219841,100.00,,
    15.015735633,3.59,Joules,power/energy-pkg/,1001252467,100.00,,
    16.016989944,4.08,Joules,power/energy-pkg/,1001244987,100.00,,
    17.018240087,3.92,Joules,power/energy-pkg/,1001246792,100.00,,
    18.019636932,3.73,Joules,power/energy-pkg/,1001390696,100.00,,
    19.020483093,3.70,Joules,power/energy-pkg/,1000862545,100.00,,
    20.021801158,3.55,Joules,power/energy-pkg/,1001287733,100.00,,
    21.023091112,3.42,Joules,power/energy-pkg/,1001282027,100.00,,
    22.024388451,3.14,Joules,power/energy-pkg/,1001292522,100.00,,
    23.025696168,3.73,Joules,power/energy-pkg/,1001298124,100.00,,
    24.026992778,3.39,Joules,power/energy-pkg/,1001296464,100.00,,
    25.038278412,3.60,Joules,power/energy-pkg/,1011280272,100.00,,
    26.039652983,3.42,Joules,power/energy-pkg/,1001371968,100.00,,
    27.041047070,3.31,Joules,power/energy-pkg/,1001386280,100.00,,
    28.042397829,3.31,Joules,power/energy-pkg/,1001341791,100.00,,
    29.043769113,3.87,Joules,power/energy-pkg/,1001369280,100.00,,
    30.045160375,3.29,Joules,power/energy-pkg/,1001379636,100.00,,
    31.046495794,3.23,Joules,power/energy-pkg/,1001331213,100.00,,
    32.047955645,3.33,Joules,power/energy-pkg/,1001490349,100.00,,
    33.049540304,3.27,Joules,power/energy-pkg/,1001545035,100.00,,
    34.050938449,3.26,Joules,power/energy-pkg/,1001391943,100.00,,
    35.052307985,4.29,Joules,power/energy-pkg/,1001362089,100.00,,
    36.053737221,3.55,Joules,power/energy-pkg/,1001423650,100.00,,
    37.055238408,3.43,Joules,power/energy-pkg/,1001494624,100.00,,
    38.056131392,3.66,Joules,power/energy-pkg/,1000881334,100.00,,
    39.057450952,3.58,Joules,power/energy-pkg/,1001318112,100.00,,
    40.058811081,3.39,Joules,power/energy-pkg/,1001349415,100.00,,
    41.060122619,3.49,Joules,power/energy-pkg/,1001309502,100.00,,
    42.061494437,3.31,Joules,power/energy-pkg/,1001367517,100.00,,
    43.062881291,4.08,Joules,power/energy-pkg/,1001379876,100.00,,
    44.064226636,3.45,Joules,power/energy-pkg/,1001334299,100.00,,
    45.065553980,3.68,Joules,power/energy-pkg/,1001321994,100.00,,
    46.066996044,3.22,Joules,power/energy-pkg/,1001439303,100.00,,
    47.068338293,3.32,Joules,power/energy-pkg/,1001336281,100.00,,
    48.069712914,3.69,Joules,power/energy-pkg/,1001367875,100.00,,
    49.071191016,3.65,Joules,power/energy-pkg/,1001472284,100.00,,
    50.072565815,3.62,Joules,power/energy-pkg/,1001368304,100.00,,
    51.074008560,3.42,Joules,power/energy-pkg/,1001435765,100.00,,
    52.075497031,3.20,Joules,power/energy-pkg/,1001482703,100.00,,
    53.076870072,3.89,Joules,power/energy-pkg/,1001367262,100.00,,
    54.078343795,3.28,Joules,power/energy-pkg/,1001467091,100.00,,
    55.079710581,3.33,Joules,power/energy-pkg/,1001359211,100.00,,
    56.081090538,3.80,Joules,power/energy-pkg/,1001374589,100.00,,
    57.082591003,3.50,Joules,power/energy-pkg/,1001494483,100.00,,
    58.084010350,3.74,Joules,power/energy-pkg/,1001411084,100.00,,
    59.085502738,3.89,Joules,power/energy-pkg/,1001488995,100.00,,
    60.087054557,3.53,Joules,power/energy-pkg/,1001545161,100.00,,
    61.088545705,3.35,Joules,power/energy-pkg/,1001484530,100.00,,
    62.089921623,3.28,Joules,power/energy-pkg/,1001369496,100.00,,
    63.091253241,3.93,Joules,power/energy-pkg/,1001324966,100.00,,
    64.092743081,3.57,Joules,power/energy-pkg/,1001484217,100.00,,
    65.094108600,4.30,Joules,power/energy-pkg/,1001359425,100.00,,
    66.095584135,4.92,Joules,power/energy-pkg/,1001469766,100.00,,
    67.097140543,3.40,Joules,power/energy-pkg/,1001550272,100.00,,
    68.098470940,7.34,Joules,power/energy-pkg/,1001317442,100.00,,
    69.099714878,13.05,Joules,power/energy-pkg/,1001230447,100.00,,
    70.100047163,55.27,Joules,power/energy-pkg/,1000331924,100.00,,
    71.101141496,47.60,Joules,power/energy-pkg/,1001067422,100.00,,
    72.102288043,44.00,Joules,power/energy-pkg/,1001146113,100.00,,
    73.103359556,50.31,Joules,power/energy-pkg/,1001059447,100.00,,
    74.104066344,50.83,Joules,power/energy-pkg/,1000700624,100.00,,
    75.105204913,15.95,Joules,power/energy-pkg/,1001140215,100.00,,
    76.106360474,28.00,Joules,power/energy-pkg/,1001148964,100.00,,
    77.107511176,46.25,Joules,power/energy-pkg/,1001142941,100.00,,
    78.108660002,35.44,Joules,power/energy-pkg/,1001141878,100.00,,
    79.109727860,60.58,Joules,power/energy-pkg/,1001073744,100.00,,
    80.110900983,72.20,Joules,power/energy-pkg/,1001154646,100.00,,
    81.112046086,52.68,Joules,power/energy-pkg/,1001156138,100.00,,
    82.113212190,40.66,Joules,power/energy-pkg/,1001157196,100.00,,
    83.114299520,58.24,Joules,power/energy-pkg/,1001061366,100.00,,
    84.115453085,43.46,Joules,power/energy-pkg/,1001150864,100.00,,
    85.116063951,35.22,Joules,power/energy-pkg/,1000600772,100.00,,
    86.117205246,49.13,Joules,power/energy-pkg/,1001136169,100.00,,
    87.118351331,31.21,Joules,power/energy-pkg/,1001159357,100.00,,
    88.119519427,48.02,Joules,power/energy-pkg/,1001166323,100.00,,
    89.120050069,59.26,Joules,power/energy-pkg/,1000524920,100.00,,
    90.121241798,44.02,Joules,power/energy-pkg/,1001187135,100.00,,
    91.122573334,32.67,Joules,power/energy-pkg/,1001331645,100.00,,
    92.123753949,68.00,Joules,power/energy-pkg/,1001169865,100.00,,
    93.124050127,60.08,Joules,power/energy-pkg/,1000290508,100.00,,
    94.125152520,46.87,Joules,power/energy-pkg/,1001066750,100.00,,
    95.126297181,38.43,Joules,power/energy-pkg/,1001140174,100.00,,
    96.127448357,22.46,Joules,power/energy-pkg/,1001148672,100.00,,
    97.128067273,41.81,Joules,power/energy-pkg/,1000607419,100.00,,
    98.129211527,32.34,Joules,power/energy-pkg/,1001143502,100.00,,
    99.130353236,52.46,Joules,power/energy-pkg/,1001150501,100.00,,
   100.131448126,56.52,Joules,power/energy-pkg/,1001069372,100.00,,
   101.132062515,54.60,Joules,power/energy-pkg/,1000608049,100.00,,
   102.133206050,40.47,Joules,power/energy-pkg/,1001137449,100.00,,
   103.134340391,49.55,Joules,power/energy-pkg/,1001151245,100.00,,
   104.135507424,61.04,Joules,power/energy-pkg/,1001157529,100.00,,
   105.136036888,51.73,Joules,power/energy-pkg/,1000522927,100.00,,
   106.137341844,26.25,Joules,power/energy-pkg/,1001306262,100.00,,
   107.138678077,16.00,Joules,power/energy-pkg/,1001329950,100.00,,
   108.139785982,40.50,Joules,power/energy-pkg/,1001075265,100.00,,
   109.139978920,23.85,Joules,power/energy-pkg/,1000186008,100.00,,
   110.141127687,48.52,Joules,power/energy-pkg/,1001169150,100.00,,
   111.142239517,55.17,Joules,power/energy-pkg/,1001079331,100.00,,
   112.143313999,55.82,Joules,power/energy-pkg/,1001068336,100.00,,
   113.144056953,39.34,Joules,power/energy-pkg/,1000751442,100.00,,
   114.145222674,60.58,Joules,power/energy-pkg/,1001147691,100.00,,
   115.146368838,49.89,Joules,power/energy-pkg/,1001138407,100.00,,
   116.147514597,23.33,Joules,power/energy-pkg/,1001141118,100.00,,
   117.148054051,40.52,Joules,power/energy-pkg/,1000529095,100.00,,
   118.149192948,46.20,Joules,power/energy-pkg/,1001137237,100.00,,
   119.150340757,38.98,Joules,power/energy-pkg/,1001139310,100.00,,
   120.151486162,20.64,Joules,power/energy-pkg/,1001143941,100.00,,
   121.152063758,53.33,Joules,power/energy-pkg/,1000565440,100.00,,
   122.153239018,20.03,Joules,power/energy-pkg/,1001193226,100.00,,
   123.154559656,12.23,Joules,power/energy-pkg/,1001294084,100.00,,
   124.155702792,30.26,Joules,power/energy-pkg/,1001138891,100.00,,
   125.155977187,37.54,Joules,power/energy-pkg/,1000262786,100.00,,
   126.157135801,31.58,Joules,power/energy-pkg/,1001179759,100.00,,
   127.158315889,54.24,Joules,power/energy-pkg/,1001149190,100.00,,
   128.159635147,32.97,Joules,power/energy-pkg/,1001337781,100.00,,
   129.160060542,36.36,Joules,power/energy-pkg/,1000391063,100.00,,
   130.161206987,42.73,Joules,power/energy-pkg/,1001142661,100.00,,
   131.162450836,17.56,Joules,power/energy-pkg/,1001263846,100.00,,
   132.163872927,3.60,Joules,power/energy-pkg/,1001414973,100.00,,
   133.165170168,41.28,Joules,power/energy-pkg/,1001295752,100.00,,
   134.166348562,55.80,Joules,power/energy-pkg/,1001144815,100.00,,
   135.167503975,21.19,Joules,power/energy-pkg/,1001150897,100.00,,
   136.168705173,26.35,Joules,power/energy-pkg/,1001216639,100.00,,
   137.170032183,16.76,Joules,power/energy-pkg/,1001320517,100.00,,
   138.171214208,55.69,Joules,power/energy-pkg/,1001152498,100.00,,
   139.172287071,52.33,Joules,power/energy-pkg/,1001063129,100.00,,
   140.173444758,5.46,Joules,power/energy-pkg/,1001159573,100.00,,
   141.174652174,22.92,Joules,power/energy-pkg/,1001220278,100.00,,
   142.176001855,42.22,Joules,power/energy-pkg/,1001316338,100.00,,
   143.177135772,57.26,Joules,power/energy-pkg/,1001148963,100.00,,
   144.178296723,29.28,Joules,power/energy-pkg/,1001161587,100.00,,
   145.179701771,28.92,Joules,power/energy-pkg/,1001397264,100.00,,
   146.180053195,43.33,Joules,power/energy-pkg/,1000342993,100.00,,
   147.181158658,51.14,Joules,power/energy-pkg/,1001075927,100.00,,
   148.182239661,37.74,Joules,power/energy-pkg/,1001074608,100.00,,
   149.183314143,60.57,Joules,power/energy-pkg/,1001068533,100.00,,
   150.183979443,53.79,Joules,power/energy-pkg/,1000659508,100.00,,
   151.185068673,64.11,Joules,power/energy-pkg/,1001106192,100.00,,
   152.186207553,39.98,Joules,power/energy-pkg/,1001130473,100.00,,
   153.187400215,35.71,Joules,power/energy-pkg/,1001190574,100.00,,
   154.188048817,36.79,Joules,power/energy-pkg/,1000645494,100.00,,
   155.189161774,37.97,Joules,power/energy-pkg/,1001113151,100.00,,
   156.190392053,31.37,Joules,power/energy-pkg/,1001195151,100.00,,
   157.191468763,28.31,Joules,power/energy-pkg/,1001064343,100.00,,
   158.192040294,45.20,Joules,power/energy-pkg/,1000589600,100.00,,
   159.193210226,41.34,Joules,power/energy-pkg/,1001146675,100.00,,
   160.194355204,44.40,Joules,power/energy-pkg/,1001157083,100.00,,
   161.195531225,37.66,Joules,power/energy-pkg/,1001167767,100.00,,
   162.196060353,37.03,Joules,power/energy-pkg/,1000499618,100.00,,
   163.197204937,26.60,Joules,power/energy-pkg/,1001141384,100.00,,
   164.198334275,50.62,Joules,power/energy-pkg/,1001146544,100.00,,
   165.199504656,37.43,Joules,power/energy-pkg/,1001158918,100.00,,
   166.200047924,38.35,Joules,power/energy-pkg/,1000539617,100.00,,
   167.201211433,36.59,Joules,power/energy-pkg/,1001153034,100.00,,
   168.202371974,38.62,Joules,power/energy-pkg/,1001141012,100.00,,
   169.203531032,15.05,Joules,power/energy-pkg/,1001159298,100.00,,
   170.204046309,32.74,Joules,power/energy-pkg/,1000523157,100.00,,
   171.205144439,50.05,Joules,power/energy-pkg/,1001087873,100.00,,
   172.206265546,55.70,Joules,power/energy-pkg/,1001117326,100.00,,
   173.207392669,41.49,Joules,power/energy-pkg/,1001099359,100.00,,
   174.207985750,40.64,Joules,power/energy-pkg/,1000606518,100.00,,
   175.209171135,31.19,Joules,power/energy-pkg/,1001167894,100.00,,
   176.210341899,31.10,Joules,power/energy-pkg/,1001156950,100.00,,
   177.211493345,31.89,Joules,power/energy-pkg/,1001152274,100.00,,
   178.211978039,45.80,Joules,power/energy-pkg/,1000470236,100.00,,
   179.213061028,40.27,Joules,power/energy-pkg/,1001077297,100.00,,
   180.214154666,38.47,Joules,power/energy-pkg/,1001089140,100.00,,
   181.215264357,36.16,Joules,power/energy-pkg/,1001100535,100.00,,
   182.215978651,38.82,Joules,power/energy-pkg/,1000709201,100.00,,
   183.217076647,38.67,Joules,power/energy-pkg/,1001092014,100.00,,
   184.218219705,37.09,Joules,power/energy-pkg/,1001139994,100.00,,
   185.219295377,38.00,Joules,power/energy-pkg/,1001065675,100.00,,
   186.220061216,38.88,Joules,power/energy-pkg/,1000760516,100.00,,
   187.221135375,37.98,Joules,power/energy-pkg/,1001068664,100.00,,
   188.222293900,37.62,Joules,power/energy-pkg/,1001178326,100.00,,
   189.223472389,33.61,Joules,power/energy-pkg/,1001146366,100.00,,
   190.224620477,6.43,Joules,power/energy-pkg/,1001165738,100.00,,
   191.225870940,38.68,Joules,power/energy-pkg/,1001219510,100.00,,
   192.227033486,30.16,Joules,power/energy-pkg/,1001163336,100.00,,
   193.227979304,43.03,Joules,power/energy-pkg/,1000933218,100.00,,
   194.229163368,62.65,Joules,power/energy-pkg/,1001182815,100.00,,
   195.230316811,47.45,Joules,power/energy-pkg/,1001147917,100.00,,
   196.231462871,39.43,Joules,power/energy-pkg/,1001164390,100.00,,
   197.231981491,37.85,Joules,power/energy-pkg/,1000483997,100.00,,
   198.233081128,39.72,Joules,power/energy-pkg/,1001093741,100.00,,
   199.234178694,35.82,Joules,power/energy-pkg/,1001091726,100.00,,
   200.235336010,36.22,Joules,power/energy-pkg/,1001173809,100.00,,
   201.236688368,19.83,Joules,power/energy-pkg/,1001349040,100.00,,
   202.238176162,12.53,Joules,power/energy-pkg/,1001482530,100.00,,
   203.239677658,19.48,Joules,power/energy-pkg/,1001493775,100.00,,
   204.239978597,26.52,Joules,power/energy-pkg/,1000267804,100.00,,
   205.241141415,39.10,Joules,power/energy-pkg/,1001159938,100.00,,
   206.242282398,38.17,Joules,power/energy-pkg/,1001157199,100.00,,
   207.243463156,56.50,Joules,power/energy-pkg/,1001154284,100.00,,
   208.243978727,52.50,Joules,power/energy-pkg/,1000505201,100.00,,
   209.245140876,63.70,Joules,power/energy-pkg/,1001164162,100.00,,
   210.246293720,40.35,Joules,power/energy-pkg/,1001166078,100.00,,
   211.247414367,38.79,Joules,power/energy-pkg/,1001088463,100.00,,
   212.247979649,38.61,Joules,power/energy-pkg/,1000579943,100.00,,
   213.249105959,39.82,Joules,power/energy-pkg/,1001116924,100.00,,
   214.250297875,34.83,Joules,power/energy-pkg/,1001199752,100.00,,
   215.260123586,37.65,Joules,power/energy-pkg/,1009799492,100.00,,
   216.261230358,37.56,Joules,power/energy-pkg/,1001088832,100.00,,
   217.262392510,37.44,Joules,power/energy-pkg/,1001160456,100.00,,
   218.263466974,39.33,Joules,power/energy-pkg/,1001064926,100.00,,
   219.264068172,37.29,Joules,power/energy-pkg/,1000592661,100.00,,
   220.265221663,36.39,Joules,power/energy-pkg/,1001148649,100.00,,
   221.266288374,27.46,Joules,power/energy-pkg/,1001059669,100.00,,
   222.267368186,41.14,Joules,power/energy-pkg/,1001073693,100.00,,
   223.268040308,33.17,Joules,power/energy-pkg/,1000685020,100.00,,
   224.269203332,50.65,Joules,power/energy-pkg/,1001146262,100.00,,
   225.270348323,39.66,Joules,power/energy-pkg/,1001134568,100.00,,
   226.271500838,29.01,Joules,power/energy-pkg/,1001148698,100.00,,
   227.272658978,29.33,Joules,power/energy-pkg/,1001147978,100.00,,
   228.273809742,17.69,Joules,power/energy-pkg/,1001148072,100.00,,
   229.274965695,26.64,Joules,power/energy-pkg/,1001150385,100.00,,
   230.276061335,33.59,Joules,power/energy-pkg/,1001082165,100.00,,
   231.277125799,36.07,Joules,power/energy-pkg/,1001061623,100.00,,
   232.278216479,69.50,Joules,power/energy-pkg/,1001083895,100.00,,
   233.279301667,56.14,Joules,power/energy-pkg/,1001079364,100.00,,
   234.279978346,37.21,Joules,power/energy-pkg/,1000670065,100.00,,
   235.281141628,37.24,Joules,power/energy-pkg/,1001161802,100.00,,
   236.282290236,39.06,Joules,power/energy-pkg/,1001142195,100.00,,
   237.283368610,38.58,Joules,power/energy-pkg/,1001070486,100.00,,
   238.283979899,36.94,Joules,power/energy-pkg/,1000604490,100.00,,
   239.285144920,35.49,Joules,power/energy-pkg/,1001161343,100.00,,
   240.286219300,40.68,Joules,power/energy-pkg/,1001065248,100.00,,
   241.287388135,38.37,Joules,power/energy-pkg/,1001170409,100.00,,
   242.288060385,36.55,Joules,power/energy-pkg/,1000657034,100.00,,
   243.289139672,39.84,Joules,power/energy-pkg/,1001076061,100.00,,
   244.290238511,35.62,Joules,power/energy-pkg/,1001090477,100.00,,
   245.291395836,35.28,Joules,power/energy-pkg/,1001155409,100.00,,
   246.291978248,40.91,Joules,power/energy-pkg/,1000572176,100.00,,
   247.293119297,39.57,Joules,power/energy-pkg/,1001141187,100.00,,
   248.294275769,36.68,Joules,power/energy-pkg/,1001147443,100.00,,
   249.295354079,39.70,Joules,power/energy-pkg/,1001071684,100.00,,
   250.296051333,36.24,Joules,power/energy-pkg/,1000687903,100.00,,
   251.297198100,28.67,Joules,power/energy-pkg/,1001147561,100.00,,
   252.298275710,48.81,Joules,power/energy-pkg/,1001068032,100.00,,
   253.299452513,32.39,Joules,power/energy-pkg/,1001171026,100.00,,
   254.300076420,41.34,Joules,power/energy-pkg/,1000614566,100.00,,
   255.301220855,40.28,Joules,power/energy-pkg/,1001141928,100.00,,
   256.302407851,36.14,Joules,power/energy-pkg/,1001201842,100.00,,
   257.303733352,31.89,Joules,power/energy-pkg/,1001299848,100.00,,
   258.304803011,37.28,Joules,power/energy-pkg/,1001059567,100.00,,
   259.305957419,44.60,Joules,power/energy-pkg/,1001153544,100.00,,
   260.307036625,40.98,Joules,power/energy-pkg/,1001069147,100.00,,
   261.308203055,30.76,Joules,power/energy-pkg/,1001161651,100.00,,
   262.309361201,40.77,Joules,power/energy-pkg/,1001152316,100.00,,
   263.310429699,40.82,Joules,power/energy-pkg/,1001060057,100.00,,
   264.311587690,16.66,Joules,power/energy-pkg/,1001173962,100.00,,
   265.312046634,41.76,Joules,power/energy-pkg/,1000454746,100.00,,
   266.313220094,50.08,Joules,power/energy-pkg/,1001165362,100.00,,
   267.314425819,43.16,Joules,power/energy-pkg/,1001199206,100.00,,
   268.315630603,9.00,Joules,power/energy-pkg/,1001180720,100.00,,
   269.315979515,49.26,Joules,power/energy-pkg/,1000339130,100.00,,
   270.317057492,40.47,Joules,power/energy-pkg/,1001072597,100.00,,
   271.318141425,48.68,Joules,power/energy-pkg/,1001078827,100.00,,
   272.319304882,36.24,Joules,power/energy-pkg/,1001158951,100.00,,
   273.320058747,12.97,Joules,power/energy-pkg/,1000766407,100.00,,
   274.321157386,66.27,Joules,power/energy-pkg/,1001072115,100.00,,
   275.322318163,37.56,Joules,power/energy-pkg/,1001156936,100.00,,
   276.323468775,33.22,Joules,power/energy-pkg/,1001151282,100.00,,
   277.323981658,45.38,Joules,power/energy-pkg/,1000500639,100.00,,
   278.325098766,41.29,Joules,power/energy-pkg/,1001111604,100.00,,
   279.326283161,41.23,Joules,power/energy-pkg/,1001179156,100.00,,
   280.327434998,37.62,Joules,power/energy-pkg/,1001165514,100.00,,
   281.328047790,28.41,Joules,power/energy-pkg/,1000601270,100.00,,
   282.329144784,38.95,Joules,power/energy-pkg/,1001074560,100.00,,
   283.330308895,37.07,Joules,power/energy-pkg/,1001159989,100.00,,
   284.331409886,38.94,Joules,power/energy-pkg/,1001096825,100.00,,
   285.332062064,37.35,Joules,power/energy-pkg/,1000640552,100.00,,
   286.333217196,38.30,Joules,power/energy-pkg/,1001152991,100.00,,
   287.334298260,39.78,Joules,power/energy-pkg/,1001088103,100.00,,
   288.335483594,37.42,Joules,power/energy-pkg/,1001169499,100.00,,
   289.335979468,38.86,Joules,power/energy-pkg/,1000506433,100.00,,
   290.337233937,32.15,Joules,power/energy-pkg/,1001248275,100.00,,
   291.338564820,35.68,Joules,power/energy-pkg/,1001303788,100.00,,
   292.339709883,44.74,Joules,power/energy-pkg/,1001138900,100.00,,
   293.340072514,36.90,Joules,power/energy-pkg/,1000353218,100.00,,
   294.341214421,39.22,Joules,power/energy-pkg/,1001141253,100.00,,
   295.342365223,39.58,Joules,power/energy-pkg/,1001146375,100.00,,
   296.343530296,35.73,Joules,power/energy-pkg/,1001157365,100.00,,
   297.344679130,33.44,Joules,power/energy-pkg/,1001140034,100.00,,
   298.345830485,26.44,Joules,power/energy-pkg/,1001149695,100.00,,
   299.346983036,43.69,Joules,power/energy-pkg/,1001145330,100.00,,
   300.348135749,11.03,Joules,power/energy-pkg/,1001149103,100.00,,
   301.348294560,38.59,Joules,power/energy-pkg/,1000159848,100.00,,
   302.349463066,55.13,Joules,power/energy-pkg/,1001154099,100.00,,
   303.350275786,39.69,Joules,power/energy-pkg/,1000850219,100.00,,
   304.351390943,34.48,Joules,power/energy-pkg/,1001060466,100.00,,
   305.352154030,15.39,Joules,power/energy-pkg/,1000779990,100.00,,
   306.353477626,12.90,Joules,power/energy-pkg/,1001295501,100.00,,
   307.354618269,33.05,Joules,power/energy-pkg/,1001135399,100.00,,
   308.355761690,42.34,Joules,power/energy-pkg/,1001142230,100.00,,
   309.356071216,19.86,Joules,power/energy-pkg/,1000298604,100.00,,
   310.357215173,30.72,Joules,power/energy-pkg/,1001139455,100.00,,
   311.358361466,44.07,Joules,power/energy-pkg/,1001143680,100.00,,
   312.359516212,36.92,Joules,power/energy-pkg/,1001149124,100.00,,
   313.360894405,14.12,Joules,power/energy-pkg/,1001393596,100.00,,
   314.362209390,40.30,Joules,power/energy-pkg/,1001301266,100.00,,
   315.363371714,64.20,Joules,power/energy-pkg/,1001159830,100.00,,
   316.364045214,59.31,Joules,power/energy-pkg/,1000665373,100.00,,
   317.365212136,37.50,Joules,power/energy-pkg/,1001143622,100.00,,
   318.366339911,60.38,Joules,power/energy-pkg/,1001137878,100.00,,
   319.367431943,43.87,Joules,power/energy-pkg/,1001065982,100.00,,
   320.368051166,43.22,Joules,power/energy-pkg/,1000613619,100.00,,
   321.369198617,34.74,Joules,power/energy-pkg/,1001144334,100.00,,
   322.370342589,41.61,Joules,power/energy-pkg/,1001158055,100.00,,
   323.371449013,39.53,Joules,power/energy-pkg/,1001080122,100.00,,
   324.371981022,39.14,Joules,power/energy-pkg/,1000545071,100.00,,
   325.373169582,33.84,Joules,power/energy-pkg/,1001182712,100.00,,
   326.374345827,37.73,Joules,power/energy-pkg/,1001155931,100.00,,
   327.375436880,39.94,Joules,power/energy-pkg/,1001079410,100.00,,
   328.375980465,35.81,Joules,power/energy-pkg/,1000535832,100.00,,
   329.377133191,37.32,Joules,power/energy-pkg/,1001149235,100.00,,
   330.378275129,40.61,Joules,power/energy-pkg/,1001163402,100.00,,
   331.379459697,37.24,Joules,power/energy-pkg/,1001154329,100.00,,
   332.379980951,40.36,Joules,power/energy-pkg/,1000529707,100.00,,
   333.381171199,36.71,Joules,power/energy-pkg/,1001170115,100.00,,
   334.382378642,32.29,Joules,power/energy-pkg/,1001214119,100.00,,
   335.409244221,42.02,Joules,power/energy-pkg/,1026859612,100.00,,
   336.410399417,37.45,Joules,power/energy-pkg/,1001145967,100.00,,
   337.411487020,40.09,Joules,power/energy-pkg/,1001068521,100.00,,
   338.412051345,37.11,Joules,power/energy-pkg/,1000556375,100.00,,
   339.413202682,33.30,Joules,power/energy-pkg/,1001152127,100.00,,
   340.414273842,43.98,Joules,power/energy-pkg/,1001059937,100.00,,
   341.415424022,38.53,Joules,power/energy-pkg/,1001175000,100.00,,
   342.415978827,38.15,Joules,power/energy-pkg/,1000538970,100.00,,
   343.417105810,38.26,Joules,power/energy-pkg/,1001100370,100.00,,
   344.418200162,35.79,Joules,power/energy-pkg/,1001087918,100.00,,
   345.419367389,37.30,Joules,power/energy-pkg/,1001163292,100.00,,
   346.420047546,38.19,Joules,power/energy-pkg/,1000694810,100.00,,
   347.421215701,38.93,Joules,power/energy-pkg/,1001163467,100.00,,
   348.422384971,36.53,Joules,power/energy-pkg/,1001141527,100.00,,
   349.423533766,36.74,Joules,power/energy-pkg/,1001142728,100.00,,
   350.424037590,40.33,Joules,power/energy-pkg/,1000518956,100.00,,
   351.425207443,36.36,Joules,power/energy-pkg/,1001143769,100.00,,
   352.426342464,39.43,Joules,power/energy-pkg/,1001151627,100.00,,
   353.427511167,34.19,Joules,power/energy-pkg/,1001154877,100.00,,
   354.428634323,5.82,Joules,power/energy-pkg/,1001123947,100.00,,
   355.429949638,44.06,Joules,power/energy-pkg/,1001311302,100.00,,
   356.431045281,57.51,Joules,power/energy-pkg/,1001061425,100.00,,
   357.432062869,39.04,Joules,power/energy-pkg/,1001013651,100.00,,
   358.433209317,41.01,Joules,power/energy-pkg/,1001140398,100.00,,
   359.434383401,20.75,Joules,power/energy-pkg/,1001191010,100.00,,
   360.435712836,23.95,Joules,power/energy-pkg/,1001302079,100.00,,
   361.436066415,47.76,Joules,power/energy-pkg/,1000344615,100.00,,
   362.437208338,28.69,Joules,power/energy-pkg/,1001141484,100.00,,
   363.438367624,40.34,Joules,power/energy-pkg/,1001153777,100.00,,
   364.439509253,59.49,Joules,power/energy-pkg/,1001151509,100.00,,
   365.440062409,47.59,Joules,power/energy-pkg/,1000528121,100.00,,
   366.441227428,22.23,Joules,power/energy-pkg/,1001158549,100.00,,
   367.442293158,40.98,Joules,power/energy-pkg/,1001057798,100.00,,
   368.443435312,48.24,Joules,power/energy-pkg/,1001158366,100.00,,
   369.443979203,38.59,Joules,power/energy-pkg/,1000517146,100.00,,
   370.445143880,36.85,Joules,power/energy-pkg/,1001162298,100.00,,
   371.446279244,38.20,Joules,power/energy-pkg/,1001134197,100.00,,
   372.447415202,37.38,Joules,power/energy-pkg/,1001138891,100.00,,
   373.447978409,38.50,Joules,power/energy-pkg/,1000539747,100.00,,
   374.449125176,37.35,Joules,power/energy-pkg/,1001144278,100.00,,
   375.450275444,19.14,Joules,power/energy-pkg/,1001151097,100.00,,
   376.451435455,37.05,Joules,power/energy-pkg/,1001150421,100.00,,
   377.452067562,14.16,Joules,power/energy-pkg/,1000617790,100.00,,
   378.453211542,46.88,Joules,power/energy-pkg/,1001142195,100.00,,
   379.454349191,38.15,Joules,power/energy-pkg/,1001149699,100.00,,
   380.455518845,45.39,Joules,power/energy-pkg/,1001145801,100.00,,
   381.455977685,49.61,Joules,power/energy-pkg/,1000449830,100.00,,
   382.457114544,50.71,Joules,power/energy-pkg/,1001159889,100.00,,
   383.458287161,37.88,Joules,power/energy-pkg/,1001162794,100.00,,
   384.459496076,34.10,Joules,power/energy-pkg/,1001203034,100.00,,
   385.460051844,32.80,Joules,power/energy-pkg/,1000553285,100.00,,
   386.461230451,45.67,Joules,power/energy-pkg/,1001169597,100.00,,
   387.462393158,38.51,Joules,power/energy-pkg/,1001160631,100.00,,
   388.463567752,36.59,Joules,power/energy-pkg/,1001161345,100.00,,
   389.464742799,35.90,Joules,power/energy-pkg/,1001152948,100.00,,
   390.465897109,34.35,Joules,power/energy-pkg/,1001148150,100.00,,
   391.467048654,39.78,Joules,power/energy-pkg/,1001163107,100.00,,
   392.467981058,44.33,Joules,power/energy-pkg/,1000907343,100.00,,
   393.469165543,31.58,Joules,power/energy-pkg/,1001181071,100.00,,
   394.470318288,36.31,Joules,power/energy-pkg/,1001147525,100.00,,
   395.471481418,31.31,Joules,power/energy-pkg/,1001157179,100.00,,
   396.472639678,23.69,Joules,power/energy-pkg/,1001153248,100.00,,
   397.473714937,39.84,Joules,power/energy-pkg/,1001062891,100.00,,
   398.474869858,43.66,Joules,power/energy-pkg/,1001175237,100.00,,
   399.476055946,43.03,Joules,power/energy-pkg/,1001158560,100.00,,
   400.477204483,43.87,Joules,power/energy-pkg/,1001144152,100.00,,
   401.478348974,43.99,Joules,power/energy-pkg/,1001134828,100.00,,
   402.479530012,15.46,Joules,power/energy-pkg/,1001194308,100.00,,
   403.480038368,25.95,Joules,power/energy-pkg/,1000506902,100.00,,
   404.481210875,55.89,Joules,power/energy-pkg/,1001143666,100.00,,
   405.482364328,28.91,Joules,power/energy-pkg/,1001148348,100.00,,
   406.483441232,63.25,Joules,power/energy-pkg/,1001086425,100.00,,
   407.484055978,37.31,Joules,power/energy-pkg/,1000612901,100.00,,
   408.485202400,35.91,Joules,power/energy-pkg/,1001115075,100.00,,
   409.486339283,26.05,Joules,power/energy-pkg/,1001153894,100.00,,
   410.487513241,20.03,Joules,power/energy-pkg/,1001155158,100.00,,
   411.488057108,34.10,Joules,power/energy-pkg/,1000528787,100.00,,
   412.489201767,44.47,Joules,power/energy-pkg/,1001161663,100.00,,
   413.490370410,20.54,Joules,power/energy-pkg/,1001162009,100.00,,
   414.491545775,37.25,Joules,power/energy-pkg/,1001169715,100.00,,
   415.492077669,40.55,Joules,power/energy-pkg/,1000502521,100.00,,
   416.493218846,42.32,Joules,power/energy-pkg/,1001157572,100.00,,
   417.494394927,39.72,Joules,power/energy-pkg/,1001152365,100.00,,
   418.495534765,39.67,Joules,power/energy-pkg/,1001152776,100.00,,
   419.495979074,40.81,Joules,power/energy-pkg/,1000416452,100.00,,
   420.497062470,60.12,Joules,power/energy-pkg/,1001079418,100.00,,
   421.498218490,36.23,Joules,power/energy-pkg/,1001149864,100.00,,
   422.499366231,24.75,Joules,power/energy-pkg/,1001147968,100.00,,
   423.500073182,26.99,Joules,power/energy-pkg/,1000693444,100.00,,
   424.501244537,43.00,Joules,power/energy-pkg/,1001176945,100.00,,
   425.502401625,45.71,Joules,power/energy-pkg/,1001142137,100.00,,
   426.503469920,33.78,Joules,power/energy-pkg/,1001060074,100.00,,
   427.504114747,18.73,Joules,power/energy-pkg/,1000664021,100.00,,
   428.505362765,19.48,Joules,power/energy-pkg/,1001217749,100.00,,
   429.506518781,51.03,Joules,power/energy-pkg/,1001153460,100.00,,
   430.507767995,40.70,Joules,power/energy-pkg/,1001263894,100.00,,
   431.509120671,26.45,Joules,power/energy-pkg/,1001326276,100.00,,
   432.510255395,37.98,Joules,power/energy-pkg/,1001145931,100.00,,
   433.511427482,28.51,Joules,power/energy-pkg/,1001149506,100.00,,
   434.512581896,26.39,Joules,power/energy-pkg/,1001147807,100.00,,
   435.513729052,33.40,Joules,power/energy-pkg/,1001140884,100.00,,
   436.514827309,28.42,Joules,power/energy-pkg/,1001110652,100.00,,
   437.516157286,15.95,Joules,power/energy-pkg/,1001306671,100.00,,
   438.517226611,47.01,Joules,power/energy-pkg/,1001059730,100.00,,
   439.518304126,35.45,Joules,power/energy-pkg/,1001082293,100.00,,
   440.519473072,36.40,Joules,power/energy-pkg/,1001154222,100.00,,
   441.520775889,12.46,Joules,power/energy-pkg/,1001322467,100.00,,
   442.522097714,33.69,Joules,power/energy-pkg/,1001308753,100.00,,
   443.523430311,38.49,Joules,power/energy-pkg/,1001333508,100.00,,
   444.524055156,23.82,Joules,power/energy-pkg/,1000619667,100.00,,
   445.525241987,46.28,Joules,power/energy-pkg/,1001158656,100.00,,
   446.526393705,28.19,Joules,power/energy-pkg/,1001146783,100.00,,
   447.527772269,16.49,Joules,power/energy-pkg/,1001393679,100.00,,
   448.529146359,8.53,Joules,power/energy-pkg/,1001342925,100.00,,
   449.530220073,24.64,Joules,power/energy-pkg/,1001065658,100.00,,
   450.531386249,41.24,Joules,power/energy-pkg/,1001160962,100.00,,
   451.532537770,24.36,Joules,power/energy-pkg/,1001166352,100.00,,
   452.533830371,28.44,Joules,power/energy-pkg/,1001285861,100.00,,
   453.535008689,49.78,Joules,power/energy-pkg/,1001159820,100.00,,
   454.536099838,21.48,Joules,power/energy-pkg/,1001102566,100.00,,
   455.537433371,24.96,Joules,power/energy-pkg/,1001310888,100.00,,
   456.538585293,23.80,Joules,power/energy-pkg/,1001145842,100.00,,
   457.539738027,21.71,Joules,power/energy-pkg/,1001164910,100.00,,
   458.541002171,40.16,Joules,power/energy-pkg/,1001258879,100.00,,
   459.542340259,27.34,Joules,power/energy-pkg/,1001315433,100.00,,
   460.543497581,33.06,Joules,power/energy-pkg/,1001165138,100.00,,
   461.544073201,42.27,Joules,power/energy-pkg/,1000549020,100.00,,
   462.545218425,43.99,Joules,power/energy-pkg/,1001159999,100.00,,
   463.546376603,50.87,Joules,power/energy-pkg/,1001149640,100.00,,
   464.547551353,61.88,Joules,power/energy-pkg/,1001166233,100.00,,
   465.548949395,20.26,Joules,power/energy-pkg/,1001400166,100.00,,
   466.550292593,25.98,Joules,power/energy-pkg/,1001332582,100.00,,
   467.551465440,16.30,Joules,power/energy-pkg/,1001150254,100.00,,
   468.552083943,8.39,Joules,power/energy-pkg/,1000629812,100.00,,
   469.553393694,22.21,Joules,power/energy-pkg/,1001303087,100.00,,
   470.554568462,29.47,Joules,power/energy-pkg/,1001166893,100.00,,
   471.555955132,7.18,Joules,power/energy-pkg/,1001427573,100.00,,
   472.557435574,3.61,Joules,power/energy-pkg/,1001431338,100.00,,
   473.558758302,10.87,Joules,power/energy-pkg/,1001318584,100.00,,
   474.559929597,29.62,Joules,power/energy-pkg/,1001168039,100.00,,
   475.561159358,9.02,Joules,power/energy-pkg/,1001225010,100.00,,
   476.562483550,25.79,Joules,power/energy-pkg/,1001310042,100.00,,
   477.563647287,23.52,Joules,power/energy-pkg/,1001140996,100.00,,
   478.564715214,26.37,Joules,power/energy-pkg/,1001060001,100.00,,
   479.565862496,46.20,Joules,power/energy-pkg/,1001148363,100.00,,
   480.567027999,57.63,Joules,power/energy-pkg/,1001181027,100.00,,
   481.568213997,47.86,Joules,power/energy-pkg/,1001158389,100.00,,
   482.569375281,28.77,Joules,power/energy-pkg/,1001151742,100.00,,
   483.570525437,17.46,Joules,power/energy-pkg/,1001142296,100.00,,
   484.571716638,10.60,Joules,power/energy-pkg/,1001207593,100.00,,
   485.573067176,3.98,Joules,power/energy-pkg/,1001345332,100.00,,
   486.574436006,5.74,Joules,power/energy-pkg/,1001361999,100.00,,
   487.575798495,3.60,Joules,power/energy-pkg/,1001358211,100.00,,
   488.577267215,12.78,Joules,power/energy-pkg/,1001465331,100.00,,
   489.578538873,3.94,Joules,power/energy-pkg/,1001255627,100.00,,
   490.579881278,3.55,Joules,power/energy-pkg/,1001461538,100.00,,
   491.581364252,3.38,Joules,power/energy-pkg/,1001359108,100.00,,
   492.582848825,4.02,Joules,power/energy-pkg/,1001481043,100.00,,
   493.584141248,4.17,Joules,power/energy-pkg/,1001287031,100.00,,
   494.585493175,3.56,Joules,power/energy-pkg/,1001346629,100.00,,
   495.586984910,3.69,Joules,power/energy-pkg/,1001485759,100.00,,
   496.588438834,3.72,Joules,power/energy-pkg/,1001448809,100.00,,
   497.589821901,3.48,Joules,power/energy-pkg/,1001373377,100.00,,
   498.591079833,3.85,Joules,power/energy-pkg/,1001243548,100.00,,
   499.591993428,4.08,Joules,power/energy-pkg/,1000909859,100.00,,
   500.592283536,3.59,Joules,power/energy-pkg/,1000292510,100.00,,
   501.593750916,3.72,Joules,power/energy-pkg/,1001464344,100.00,,
   502.595113830,3.47,Joules,power/energy-pkg/,1001351958,100.00,,
   503.596116095,3.55,Joules,power/energy-pkg/,1000997497,100.00,,
   504.597569951,3.73,Joules,power/energy-pkg/,1001450745,100.00,,
   505.599060048,3.52,Joules,power/energy-pkg/,1001483911,100.00,,
   506.600233967,3.56,Joules,power/energy-pkg/,1001166288,100.00,,
   507.601675915,3.38,Joules,power/energy-pkg/,1001437962,100.00,,
   508.603046367,3.60,Joules,power/energy-pkg/,1001359523,100.00,,
   509.604135458,4.14,Joules,power/energy-pkg/,1001083417,100.00,,
   510.605627359,3.33,Joules,power/energy-pkg/,1001491268,100.00,,
   511.607017082,3.31,Joules,power/energy-pkg/,1001384736,100.00,,
   512.608120826,3.26,Joules,power/energy-pkg/,1001094562,100.00,,
   513.609470697,4.04,Joules,power/energy-pkg/,1001344470,100.00,,
   514.610901548,3.31,Joules,power/energy-pkg/,1001427827,100.00,,
   515.612396435,3.39,Joules,power/energy-pkg/,1001488684,100.00,,
   516.613843652,4.40,Joules,power/energy-pkg/,1001441805,100.00,,
   517.615302612,3.37,Joules,power/energy-pkg/,1001452349,100.00,,
