# started on Tue Sep  5 20:25:52 2023

     1.001079603,5.33,Joules,power/energy-pkg/,1001104724,100.00,,
     2.002345168,4.75,Joules,power/energy-pkg/,1001254570,100.00,,
     3.003567175,4.92,Joules,power/energy-pkg/,1001208800,100.00,,
     4.004727596,5.20,Joules,power/energy-pkg/,1001147281,100.00,,
     5.005973837,7.95,Joules,power/energy-pkg/,1001241323,100.00,,
     6.006675510,5.76,Joules,power/energy-pkg/,1000683993,100.00,,
     7.007918630,4.68,Joules,power/energy-pkg/,1001238372,100.00,,
     8.009226466,12.20,Joules,power/energy-pkg/,1001293437,100.00,,
     9.010468672,6.26,Joules,power/energy-pkg/,1001219556,100.00,,
    10.011645476,10.13,Joules,power/energy-pkg/,1001180859,100.00,,
    11.012941048,11.22,Joules,power/energy-pkg/,1001286454,100.00,,
    12.014233700,10.94,Joules,power/energy-pkg/,1001279393,100.00,,
    13.014664492,6.88,Joules,power/energy-pkg/,1000404087,100.00,,
    14.015740031,9.91,Joules,power/energy-pkg/,1001078049,100.00,,
    15.016944088,11.14,Joules,power/energy-pkg/,1001201516,100.00,,
    16.018299034,11.64,Joules,power/energy-pkg/,1001348641,100.00,,
    17.018669326,7.32,Joules,power/energy-pkg/,1000336846,100.00,,
    18.019833657,8.22,Joules,power/energy-pkg/,1001173641,100.00,,
    19.021157672,12.08,Joules,power/energy-pkg/,1001310025,100.00,,
    20.022479104,11.41,Joules,power/energy-pkg/,1001314091,100.00,,
    21.023855755,6.65,Joules,power/energy-pkg/,1001347158,100.00,,
    22.024445607,10.04,Joules,power/energy-pkg/,1000700652,100.00,,
    23.025719416,11.84,Joules,power/energy-pkg/,1001260685,100.00,,
    24.026598387,12.44,Joules,power/energy-pkg/,1000767206,100.00,,
    25.027755618,4.62,Joules,power/energy-pkg/,1001140683,100.00,,
    26.028850326,10.88,Joules,power/energy-pkg/,1001087662,100.00,,
    27.030164110,11.13,Joules,power/energy-pkg/,1001307731,100.00,,
    28.030522856,11.01,Joules,power/energy-pkg/,1000453777,100.00,,
    29.031933396,4.90,Joules,power/energy-pkg/,1001283194,100.00,,
    30.033104595,10.12,Joules,power/energy-pkg/,1001172832,100.00,,
    31.034440986,12.41,Joules,power/energy-pkg/,1001327236,100.00,,
    32.035847517,10.97,Joules,power/energy-pkg/,1001394850,100.00,,
    33.037143133,5.23,Joules,power/energy-pkg/,1001277829,100.00,,
    34.038333672,9.98,Joules,power/energy-pkg/,1001186845,100.00,,
    35.039802535,11.66,Joules,power/energy-pkg/,1001464160,100.00,,
    36.040949249,11.30,Joules,power/energy-pkg/,1001167368,100.00,,
    37.042177322,4.47,Joules,power/energy-pkg/,1001180744,100.00,,
    38.042722139,10.77,Joules,power/energy-pkg/,1000539210,100.00,,
    39.044100886,12.09,Joules,power/energy-pkg/,1001362989,100.00,,
    40.045331254,9.61,Joules,power/energy-pkg/,1001198340,100.00,,
    41.046522054,6.06,Joules,power/energy-pkg/,1001204762,100.00,,
    42.048053359,11.66,Joules,power/energy-pkg/,1001523791,100.00,,
    43.049384142,11.97,Joules,power/energy-pkg/,1001314896,100.00,,
    44.050675842,7.11,Joules,power/energy-pkg/,1001263230,100.00,,
    45.051876140,9.16,Joules,power/energy-pkg/,1001207714,100.00,,
    46.053400301,11.84,Joules,power/energy-pkg/,1001519661,100.00,,
    47.054761973,10.95,Joules,power/energy-pkg/,1001347046,100.00,,
    48.056079213,4.41,Joules,power/energy-pkg/,1001291080,100.00,,
    49.057255151,11.34,Joules,power/energy-pkg/,1001179439,100.00,,
    50.058597298,11.18,Joules,power/energy-pkg/,1001338277,100.00,,
    51.059968715,10.44,Joules,power/energy-pkg/,1001349207,100.00,,
    52.061186861,5.19,Joules,power/energy-pkg/,1001213043,100.00,,
    53.062641956,11.69,Joules,power/energy-pkg/,1001450747,100.00,,
    54.064023090,12.12,Joules,power/energy-pkg/,1001363652,100.00,,
    55.065316799,7.99,Joules,power/energy-pkg/,1001270773,100.00,,
    56.066495208,7.68,Joules,power/energy-pkg/,1001183522,100.00,,
    57.067886607,11.75,Joules,power/energy-pkg/,1001379218,100.00,,
    58.068493840,11.95,Joules,power/energy-pkg/,1000647317,100.00,,
    59.069869996,5.18,Joules,power/energy-pkg/,1001301459,100.00,,
    60.070700441,10.75,Joules,power/energy-pkg/,1000832940,100.00,,
    61.072017646,11.56,Joules,power/energy-pkg/,1001292662,100.00,,
    62.073178506,11.06,Joules,power/energy-pkg/,1001149058,100.00,,
    63.074383591,5.00,Joules,power/energy-pkg/,1001218250,100.00,,
    64.075774874,11.75,Joules,power/energy-pkg/,1001370057,100.00,,
    65.077244182,12.99,Joules,power/energy-pkg/,1001465580,100.00,,
    66.078561107,8.27,Joules,power/energy-pkg/,1001286145,100.00,,
    67.078702500,7.28,Joules,power/energy-pkg/,1000146339,100.00,,
    68.079759092,17.41,Joules,power/energy-pkg/,1001056017,100.00,,
    69.080954647,51.15,Joules,power/energy-pkg/,1001178954,100.00,,
    70.082108543,65.03,Joules,power/energy-pkg/,1001145060,100.00,,
    71.082586229,65.20,Joules,power/energy-pkg/,1000439536,100.00,,
    72.083681670,60.42,Joules,power/energy-pkg/,1001094995,100.00,,
    73.084822593,61.84,Joules,power/energy-pkg/,1001198468,100.00,,
    74.086115483,65.81,Joules,power/energy-pkg/,1001217005,100.00,,
    75.086606417,73.09,Joules,power/energy-pkg/,1000506012,100.00,,
    76.087798820,68.71,Joules,power/energy-pkg/,1001179781,100.00,,
    77.088931760,52.08,Joules,power/energy-pkg/,1001087430,100.00,,
    78.090141454,48.99,Joules,power/energy-pkg/,1001201509,100.00,,
    79.090606514,37.97,Joules,power/energy-pkg/,1000461890,100.00,,
    80.091706165,57.23,Joules,power/energy-pkg/,1001100913,100.00,,
    81.092861522,67.83,Joules,power/energy-pkg/,1001124890,100.00,,
    82.093981237,58.44,Joules,power/energy-pkg/,1001105126,100.00,,
    83.094675936,50.50,Joules,power/energy-pkg/,1000734007,100.00,,
    84.095943582,41.71,Joules,power/energy-pkg/,1001212331,100.00,,
    85.097138614,39.33,Joules,power/energy-pkg/,1001199584,100.00,,
    86.098266225,35.52,Joules,power/energy-pkg/,1001133703,100.00,,
    87.098681544,56.86,Joules,power/energy-pkg/,1000371799,100.00,,
    88.099563827,51.13,Joules,power/energy-pkg/,1000878518,100.00,,
    89.100720363,60.19,Joules,power/energy-pkg/,1001155910,100.00,,
    90.101818912,49.83,Joules,power/energy-pkg/,1001068556,100.00,,
    91.102670914,42.38,Joules,power/energy-pkg/,1000839742,100.00,,
    92.103766205,48.99,Joules,power/energy-pkg/,1001083535,100.00,,
    93.104843899,49.29,Joules,power/energy-pkg/,1001066823,100.00,,
    94.105933858,48.42,Joules,power/energy-pkg/,1001122538,100.00,,
    95.106663046,44.48,Joules,power/energy-pkg/,1000698469,100.00,,
    96.107774935,47.38,Joules,power/energy-pkg/,1001080452,100.00,,
    97.108364615,49.74,Joules,power/energy-pkg/,1000656384,100.00,,
    98.109766891,27.34,Joules,power/energy-pkg/,1001341519,100.00,,
    99.111116472,12.41,Joules,power/energy-pkg/,1001330640,100.00,,
   100.112343765,45.38,Joules,power/energy-pkg/,1001194791,100.00,,
   101.113420607,57.73,Joules,power/energy-pkg/,1001066735,100.00,,
   102.114501953,44.62,Joules,power/energy-pkg/,1001074411,100.00,,
   103.115630989,50.46,Joules,power/energy-pkg/,1001117045,100.00,,
   104.118602896,66.57,Joules,power/energy-pkg/,1002967300,100.00,,
   105.119737838,72.33,Joules,power/energy-pkg/,1001159997,100.00,,
   106.120974336,62.25,Joules,power/energy-pkg/,1001205250,100.00,,
   107.122156173,46.78,Joules,power/energy-pkg/,1001164649,100.00,,
   108.122578884,46.22,Joules,power/energy-pkg/,1000393969,100.00,,
   109.123684897,66.82,Joules,power/energy-pkg/,1001122252,100.00,,
   110.124886952,63.49,Joules,power/energy-pkg/,1001180657,100.00,,
   111.126123906,56.85,Joules,power/energy-pkg/,1001212491,100.00,,
   112.126679987,32.99,Joules,power/energy-pkg/,1000546502,100.00,,
   113.127804047,48.96,Joules,power/energy-pkg/,1001127191,100.00,,
   114.128913931,53.97,Joules,power/energy-pkg/,1001084241,100.00,,
   115.130091440,59.32,Joules,power/energy-pkg/,1001203571,100.00,,
   116.130681520,56.60,Joules,power/energy-pkg/,1000876518,100.00,,
   117.132106891,36.75,Joules,power/energy-pkg/,1001106231,100.00,,
   118.133216733,59.21,Joules,power/energy-pkg/,1001085285,100.00,,
   119.134402137,66.54,Joules,power/energy-pkg/,1001170100,100.00,,
   120.134904894,36.69,Joules,power/energy-pkg/,1000501844,100.00,,
   121.136085290,37.17,Joules,power/energy-pkg/,1001159034,100.00,,
   122.137276855,47.74,Joules,power/energy-pkg/,1001220440,100.00,,
   123.138459527,47.07,Joules,power/energy-pkg/,1001124488,100.00,,
   124.138673271,42.23,Joules,power/energy-pkg/,1000210182,100.00,,
   125.139892421,18.56,Joules,power/energy-pkg/,1001228779,100.00,,
   126.141157193,34.98,Joules,power/energy-pkg/,1001243084,100.00,,
   127.142385743,53.41,Joules,power/energy-pkg/,1001218895,100.00,,
   128.142584183,65.11,Joules,power/energy-pkg/,1000170841,100.00,,
   129.143677532,63.52,Joules,power/energy-pkg/,1001082065,100.00,,
   130.144779162,56.37,Joules,power/energy-pkg/,1001129353,100.00,,
   131.145934350,72.20,Joules,power/energy-pkg/,1001114149,100.00,,
   132.146616475,74.57,Joules,power/energy-pkg/,1000692240,100.00,,
   133.147853399,73.49,Joules,power/energy-pkg/,1001240439,100.00,,
   134.149068818,51.35,Joules,power/energy-pkg/,1001187768,100.00,,
   135.150205898,56.87,Joules,power/energy-pkg/,1001102216,100.00,,
   136.150674117,52.45,Joules,power/energy-pkg/,1000455316,100.00,,
   137.151942532,34.82,Joules,power/energy-pkg/,1001256667,100.00,,
   138.153149527,31.27,Joules,power/energy-pkg/,1001220015,100.00,,
   139.154341881,22.74,Joules,power/energy-pkg/,1001157460,100.00,,
   140.154673622,41.06,Joules,power/energy-pkg/,1000324304,100.00,,
   141.155862825,49.74,Joules,power/energy-pkg/,1001189103,100.00,,
   142.157070512,45.47,Joules,power/energy-pkg/,1001184847,100.00,,
   143.158220722,28.42,Joules,power/energy-pkg/,1001147197,100.00,,
   144.158591306,48.27,Joules,power/energy-pkg/,1000381228,100.00,,
   145.159755503,58.71,Joules,power/energy-pkg/,1001160098,100.00,,
   146.160957365,49.65,Joules,power/energy-pkg/,1001173696,100.00,,
   147.162066568,59.85,Joules,power/energy-pkg/,1001101902,100.00,,
   148.162622364,64.75,Joules,power/energy-pkg/,1000582645,100.00,,
   149.163863563,61.09,Joules,power/energy-pkg/,1001182322,100.00,,
   150.165057200,48.43,Joules,power/energy-pkg/,1001170168,100.00,,
   151.166161083,58.16,Joules,power/energy-pkg/,1001187048,100.00,,
   152.166698745,57.01,Joules,power/energy-pkg/,1000508787,100.00,,
   153.167981079,49.82,Joules,power/energy-pkg/,1001229191,100.00,,
   154.169377914,55.22,Joules,power/energy-pkg/,1001358304,100.00,,
   155.170549808,57.68,Joules,power/energy-pkg/,1001159264,100.00,,
   156.171713304,67.67,Joules,power/energy-pkg/,1001171802,100.00,,
   157.172985112,56.29,Joules,power/energy-pkg/,1001307903,100.00,,
   158.174292358,45.89,Joules,power/energy-pkg/,1001227734,100.00,,
   159.174603431,58.13,Joules,power/energy-pkg/,1000310822,100.00,,
   160.175876476,48.14,Joules,power/energy-pkg/,1001253170,100.00,,
   161.177032389,33.62,Joules,power/energy-pkg/,1001146125,100.00,,
   162.178193698,20.05,Joules,power/energy-pkg/,1001172691,100.00,,
   163.178598670,43.08,Joules,power/energy-pkg/,1000379956,100.00,,
   164.179847688,51.20,Joules,power/energy-pkg/,1001267043,100.00,,
   165.181009127,60.47,Joules,power/energy-pkg/,1001112070,100.00,,
   166.182121925,60.01,Joules,power/energy-pkg/,1001105747,100.00,,
   167.182670007,63.70,Joules,power/energy-pkg/,1000533013,100.00,,
   168.183955245,42.27,Joules,power/energy-pkg/,1001300498,100.00,,
   169.185272427,15.43,Joules,power/energy-pkg/,1001301028,100.00,,
   170.187738848,40.39,Joules,power/energy-pkg/,1002440605,100.00,,
   171.188824854,43.77,Joules,power/energy-pkg/,1001070517,100.00,,
   172.189933361,47.24,Joules,power/energy-pkg/,1001123612,100.00,,
   173.194616222,68.74,Joules,power/energy-pkg/,1004660164,100.00,,
   174.199691320,74.15,Joules,power/energy-pkg/,1005105113,100.00,,
   175.200996526,67.80,Joules,power/energy-pkg/,1001280821,100.00,,
   176.202288414,57.11,Joules,power/energy-pkg/,1001269468,100.00,,
   177.202617686,69.34,Joules,power/energy-pkg/,1000309444,100.00,,
   178.203939666,73.78,Joules,power/energy-pkg/,1001297567,100.00,,
   179.205148703,76.44,Joules,power/energy-pkg/,1001202775,100.00,,
   180.206397828,70.96,Joules,power/energy-pkg/,1001250676,100.00,,
   181.207719408,55.52,Joules,power/energy-pkg/,1001304269,100.00,,
   182.209050200,52.50,Joules,power/energy-pkg/,1001315182,100.00,,
   183.210214541,40.80,Joules,power/energy-pkg/,1001136475,100.00,,
   184.210605306,44.52,Joules,power/energy-pkg/,1000393691,100.00,,
   185.211830559,57.39,Joules,power/energy-pkg/,1001217838,100.00,,
   186.213013495,49.28,Joules,power/energy-pkg/,1001197749,100.00,,
   187.214269684,53.52,Joules,power/energy-pkg/,1001247682,100.00,,
   188.214666849,52.21,Joules,power/energy-pkg/,1000385571,100.00,,
   189.215884694,57.00,Joules,power/energy-pkg/,1001169487,100.00,,
   190.217015315,47.89,Joules,power/energy-pkg/,1001117022,100.00,,
   191.218207544,55.01,Joules,power/energy-pkg/,1001198327,100.00,,
   192.218590196,61.55,Joules,power/energy-pkg/,1000366209,100.00,,
   193.219792037,62.58,Joules,power/energy-pkg/,1001183638,100.00,,
   194.221018098,50.39,Joules,power/energy-pkg/,1001210622,100.00,,
   195.222099204,50.82,Joules,power/energy-pkg/,1001066056,100.00,,
   196.222658443,46.95,Joules,power/energy-pkg/,1000547728,100.00,,
   197.223798043,40.58,Joules,power/energy-pkg/,1003927106,100.00,,
   198.227782068,40.73,Joules,power/energy-pkg/,1001248434,100.00,,
   199.229147992,31.65,Joules,power/energy-pkg/,1001304270,100.00,,
   200.230393194,34.09,Joules,power/energy-pkg/,1001253554,100.00,,
   201.230611434,34.68,Joules,power/energy-pkg/,1000183044,100.00,,
   202.231818702,52.25,Joules,power/energy-pkg/,1001186631,100.00,,
   203.233039119,57.78,Joules,power/energy-pkg/,1001210189,100.00,,
   204.234227173,65.04,Joules,power/energy-pkg/,1001195184,100.00,,
   205.234587281,50.06,Joules,power/energy-pkg/,1000343658,100.00,,
   206.235735022,50.41,Joules,power/energy-pkg/,1001141706,100.00,,
   207.236983276,54.37,Joules,power/energy-pkg/,1001220252,100.00,,
   208.238127469,37.94,Joules,power/energy-pkg/,1001123479,100.00,,
   209.238601330,49.52,Joules,power/energy-pkg/,1000473233,100.00,,
   210.239816105,64.10,Joules,power/energy-pkg/,1001222957,100.00,,
   211.241156050,57.76,Joules,power/energy-pkg/,1001328192,100.00,,
   212.258609064,65.03,Joules,power/energy-pkg/,1017450478,100.00,,
   213.259815994,60.60,Joules,power/energy-pkg/,1001176769,100.00,,
   214.260942783,70.15,Joules,power/energy-pkg/,1001167680,100.00,,
   215.262293528,67.76,Joules,power/energy-pkg/,1001295226,100.00,,
   216.262577450,50.26,Joules,power/energy-pkg/,1000247808,100.00,,
   217.263694485,50.05,Joules,power/energy-pkg/,1001197129,100.00,,
   218.265139893,68.77,Joules,power/energy-pkg/,1001354109,100.00,,
   219.266250159,65.88,Joules,power/energy-pkg/,1001100313,100.00,,
   220.266586796,63.25,Joules,power/energy-pkg/,1000328462,100.00,,
   221.267823812,53.53,Joules,power/energy-pkg/,1001239108,100.00,,
   222.268983068,55.66,Joules,power/energy-pkg/,1001131370,100.00,,
   223.270224533,52.56,Joules,power/energy-pkg/,1001228239,100.00,,
   224.270595882,37.74,Joules,power/energy-pkg/,1000381506,100.00,,
   225.271778083,43.60,Joules,power/energy-pkg/,1001152286,100.00,,
   226.272992152,38.26,Joules,power/energy-pkg/,1001196462,100.00,,
   227.274072846,56.35,Joules,power/energy-pkg/,1001098159,100.00,,
   228.274583477,63.49,Joules,power/energy-pkg/,1000473240,100.00,,
   229.275692625,63.50,Joules,power/energy-pkg/,1001133116,100.00,,
   230.276906344,54.76,Joules,power/energy-pkg/,1001216679,100.00,,
   231.278148064,52.50,Joules,power/energy-pkg/,1001182626,100.00,,
   232.278679226,46.50,Joules,power/energy-pkg/,1000513288,100.00,,
   233.279772869,46.59,Joules,power/energy-pkg/,1001156348,100.00,,
   234.281143967,64.67,Joules,power/energy-pkg/,1001299063,100.00,,
   235.285183442,48.35,Joules,power/energy-pkg/,1004074676,100.00,,
   236.286333407,43.70,Joules,power/energy-pkg/,1001083799,100.00,,
   237.286597304,70.49,Joules,power/energy-pkg/,1000306255,100.00,,
   238.287929277,50.92,Joules,power/energy-pkg/,1001309533,100.00,,
   239.289182791,59.22,Joules,power/energy-pkg/,1001203257,100.00,,
   240.290267793,51.44,Joules,power/energy-pkg/,1001071460,100.00,,
   241.290604736,60.74,Joules,power/energy-pkg/,1000345709,100.00,,
   242.291898401,65.41,Joules,power/energy-pkg/,1001284583,100.00,,
   243.293142479,74.72,Joules,power/energy-pkg/,1001218331,100.00,,
   244.294372143,77.14,Joules,power/energy-pkg/,1001258860,100.00,,
   245.295782594,77.72,Joules,power/energy-pkg/,1001373730,100.00,,
   246.297157133,72.33,Joules,power/energy-pkg/,1001426176,100.00,,
   247.298540825,78.91,Joules,power/energy-pkg/,1001290949,100.00,,
   248.299713671,74.99,Joules,power/energy-pkg/,1001184403,100.00,,
   249.301030815,68.06,Joules,power/energy-pkg/,1001294537,100.00,,
   250.302246842,64.44,Joules,power/energy-pkg/,1001532388,100.00,,
   251.303707649,69.23,Joules,power/energy-pkg/,1001119817,100.00,,
   252.304866467,75.63,Joules,power/energy-pkg/,1001182155,100.00,,
   253.306122081,68.56,Joules,power/energy-pkg/,1001203564,100.00,,
   254.306673036,46.88,Joules,power/energy-pkg/,1000549600,100.00,,
   255.307921916,43.00,Joules,power/energy-pkg/,1001252776,100.00,,
   256.309058923,43.55,Joules,power/energy-pkg/,1001132362,100.00,,
   257.310311600,25.53,Joules,power/energy-pkg/,1001225693,100.00,,
   258.310669377,48.50,Joules,power/energy-pkg/,1000325781,100.00,,
   259.311758621,64.81,Joules,power/energy-pkg/,1001077752,100.00,,
   260.312853664,54.45,Joules,power/energy-pkg/,1001087591,100.00,,
   261.314048723,62.20,Joules,power/energy-pkg/,1001243998,100.00,,
   262.314685328,64.05,Joules,power/energy-pkg/,1000597265,100.00,,
   263.315886441,51.69,Joules,power/energy-pkg/,1001183615,100.00,,
   264.317178388,54.84,Joules,power/energy-pkg/,1001260097,100.00,,
   265.318301217,52.39,Joules,power/energy-pkg/,1001112735,100.00,,
   266.318695972,46.18,Joules,power/energy-pkg/,1000385434,100.00,,
   267.319857864,53.56,Joules,power/energy-pkg/,1001155366,100.00,,
   268.321089526,54.13,Joules,power/energy-pkg/,1001208878,100.00,,
   269.322289222,54.85,Joules,power/energy-pkg/,1001193458,100.00,,
   270.322652604,34.92,Joules,power/energy-pkg/,1000341384,100.00,,
   271.323790041,49.01,Joules,power/energy-pkg/,1001133115,100.00,,
   272.324884611,54.01,Joules,power/energy-pkg/,1001082513,100.00,,
   273.326008580,59.90,Joules,power/energy-pkg/,1001133586,100.00,,
   274.326590258,66.89,Joules,power/energy-pkg/,1000554786,100.00,,
   275.327808767,50.27,Joules,power/energy-pkg/,1001205420,100.00,,
   276.328897362,45.38,Joules,power/energy-pkg/,1001074759,100.00,,
   277.330026112,57.03,Joules,power/energy-pkg/,1001121492,100.00,,
   278.330616875,66.46,Joules,power/energy-pkg/,1000608412,100.00,,
   279.332007111,60.33,Joules,power/energy-pkg/,1001390168,100.00,,
   280.333428858,58.56,Joules,power/energy-pkg/,1001390549,100.00,,
   281.334632895,33.55,Joules,power/energy-pkg/,1001235425,100.00,,
   282.337077524,60.08,Joules,power/energy-pkg/,1002429231,100.00,,
   283.338395771,67.15,Joules,power/energy-pkg/,1001274686,100.00,,
   284.339752113,65.16,Joules,power/energy-pkg/,1001353167,100.00,,
   285.341236596,62.30,Joules,power/energy-pkg/,1001491954,100.00,,
   286.342596337,60.77,Joules,power/energy-pkg/,1001295139,100.00,,
   287.343736397,68.35,Joules,power/energy-pkg/,1001136079,100.00,,
   288.349155131,75.24,Joules,power/energy-pkg/,1005408859,100.00,,
   289.350348728,70.61,Joules,power/energy-pkg/,1001176437,100.00,,
   290.350613618,73.11,Joules,power/energy-pkg/,1000268333,100.00,,
   291.351884323,69.65,Joules,power/energy-pkg/,1001254105,100.00,,
   292.353156295,70.51,Joules,power/energy-pkg/,1001277248,100.00,,
   293.354484051,73.68,Joules,power/energy-pkg/,1001307579,100.00,,
   294.356003772,64.49,Joules,power/energy-pkg/,1001534434,100.00,,
   295.357323008,69.91,Joules,power/energy-pkg/,1001274628,100.00,,
   296.358550110,75.59,Joules,power/energy-pkg/,1001239964,100.00,,
   297.359889342,63.91,Joules,power/energy-pkg/,1001301697,100.00,,
   298.361137521,61.09,Joules,power/energy-pkg/,1001235537,100.00,,
   299.362258781,60.83,Joules,power/energy-pkg/,1001127171,100.00,,
   300.362602604,70.15,Joules,power/energy-pkg/,1000310395,100.00,,
   301.363750757,71.11,Joules,power/energy-pkg/,1001217987,100.00,,
   302.365226596,60.44,Joules,power/energy-pkg/,1001377473,100.00,,
   303.366312180,47.12,Joules,power/energy-pkg/,1001076633,100.00,,
   304.366621780,67.37,Joules,power/energy-pkg/,1000317230,100.00,,
   305.367814654,62.79,Joules,power/energy-pkg/,1001172224,100.00,,
   306.368927980,62.58,Joules,power/energy-pkg/,1001136037,100.00,,
   307.370155258,58.50,Joules,power/energy-pkg/,1001175668,100.00,,
   308.370940349,70.13,Joules,power/energy-pkg/,1000852753,100.00,,
   309.372153780,73.01,Joules,power/energy-pkg/,1001120410,100.00,,
   310.373421547,62.95,Joules,power/energy-pkg/,1001290695,100.00,,
   311.374650122,46.93,Joules,power/energy-pkg/,1001204023,100.00,,
   312.375775813,52.24,Joules,power/energy-pkg/,1001112899,100.00,,
   313.376914576,79.45,Joules,power/energy-pkg/,1001108161,100.00,,
   314.378102379,71.59,Joules,power/energy-pkg/,1001203856,100.00,,
   315.378797628,61.16,Joules,power/energy-pkg/,1000663211,100.00,,
   316.379901061,51.20,Joules,power/energy-pkg/,1001081552,100.00,,
   317.381019000,43.56,Joules,power/energy-pkg/,1001125013,100.00,,
   318.382208509,52.12,Joules,power/energy-pkg/,1001179561,100.00,,
   319.382629679,46.15,Joules,power/energy-pkg/,1001264252,100.00,,
   320.384813882,52.48,Joules,power/energy-pkg/,1001305729,100.00,,
   321.385907523,43.33,Joules,power/energy-pkg/,1001093574,100.00,,
   322.386676226,58.48,Joules,power/energy-pkg/,1000742326,100.00,,
   323.387773835,47.83,Joules,power/energy-pkg/,1001099294,100.00,,
   324.388973628,71.85,Joules,power/energy-pkg/,1001223846,100.00,,
   325.390191010,56.30,Joules,power/energy-pkg/,1001172304,100.00,,
   326.390585400,43.33,Joules,power/energy-pkg/,1000368826,100.00,,
   327.391759675,60.32,Joules,power/energy-pkg/,1001166138,100.00,,
   328.392855783,58.90,Joules,power/energy-pkg/,1001085500,100.00,,
   329.394026122,65.56,Joules,power/energy-pkg/,1001193198,100.00,,
   330.394599463,68.70,Joules,power/energy-pkg/,1000551223,100.00,,
   331.395781843,75.13,Joules,power/energy-pkg/,1001156592,100.00,,
   332.397192797,78.49,Joules,power/energy-pkg/,1001395432,100.00,,
   333.398383476,71.57,Joules,power/energy-pkg/,1001209693,100.00,,
   334.399746265,66.93,Joules,power/energy-pkg/,1001327796,100.00,,
   335.400920170,73.68,Joules,power/energy-pkg/,1001186675,100.00,,
   336.402300114,71.43,Joules,power/energy-pkg/,1001386566,100.00,,
   337.403606758,70.08,Joules,power/energy-pkg/,1001266217,100.00,,
   338.404985755,73.27,Joules,power/energy-pkg/,1001395050,100.00,,
   339.406235962,66.87,Joules,power/energy-pkg/,1005537715,100.00,,
   340.411811199,69.62,Joules,power/energy-pkg/,1001223486,100.00,,
   341.413962070,72.04,Joules,power/energy-pkg/,1002145604,100.00,,
   342.414600404,71.59,Joules,power/energy-pkg/,1000617471,100.00,,
   343.415747586,72.02,Joules,power/energy-pkg/,1001128921,100.00,,
   344.416884407,79.51,Joules,power/energy-pkg/,1001140808,100.00,,
   345.418124918,77.26,Joules,power/energy-pkg/,1001221940,100.00,,
   346.418599742,71.30,Joules,power/energy-pkg/,1000510133,100.00,,
   347.419872228,65.03,Joules,power/energy-pkg/,1001244203,100.00,,
   348.421221224,64.44,Joules,power/energy-pkg/,1001334967,100.00,,
   349.422389447,64.57,Joules,power/energy-pkg/,1001152215,100.00,,
   350.423782893,65.44,Joules,power/energy-pkg/,1001415195,100.00,,
   351.425087512,63.76,Joules,power/energy-pkg/,1001276188,100.00,,
   352.426309327,54.70,Joules,power/energy-pkg/,1001180911,100.00,,
   353.426593144,48.38,Joules,power/energy-pkg/,1000271613,100.00,,
   354.427799621,61.78,Joules,power/energy-pkg/,1001238861,100.00,,
   355.429090499,70.98,Joules,power/energy-pkg/,1001238743,100.00,,
   356.430347651,58.29,Joules,power/energy-pkg/,1001265635,100.00,,
   357.431694058,34.65,Joules,power/energy-pkg/,1001297400,100.00,,
   358.432880986,44.69,Joules,power/energy-pkg/,1001174258,100.00,,
   359.433954837,28.81,Joules,power/energy-pkg/,1001066871,100.00,,
   360.434650152,52.90,Joules,power/energy-pkg/,1000696094,100.00,,
   361.435936792,63.22,Joules,power/energy-pkg/,1001288540,100.00,,
   362.437231679,70.69,Joules,power/energy-pkg/,1001270961,100.00,,
   363.438584209,73.97,Joules,power/energy-pkg/,1001330060,100.00,,
   364.439728654,64.55,Joules,power/energy-pkg/,1001134164,100.00,,
   365.440896213,26.26,Joules,power/energy-pkg/,1001170480,100.00,,
   366.442017473,22.97,Joules,power/energy-pkg/,1001089750,100.00,,
   367.442591526,63.30,Joules,power/energy-pkg/,1000573952,100.00,,
   368.443783001,66.65,Joules,power/energy-pkg/,1001184952,100.00,,
   369.444973157,70.80,Joules,power/energy-pkg/,1001198188,100.00,,
   370.446169200,75.74,Joules,power/energy-pkg/,1001194979,100.00,,
   371.446603733,64.46,Joules,power/energy-pkg/,1000403864,100.00,,
   372.447942275,67.65,Joules,power/energy-pkg/,1001324499,100.00,,
   373.449194191,67.70,Joules,power/energy-pkg/,1001271130,100.00,,
   374.450465123,66.52,Joules,power/energy-pkg/,1001240622,100.00,,
   375.452011098,66.44,Joules,power/energy-pkg/,1001516721,100.00,,
   376.453310561,62.55,Joules,power/energy-pkg/,1001323161,100.00,,
   377.454582529,48.46,Joules,power/energy-pkg/,1001209291,100.00,,
   378.455685148,51.36,Joules,power/energy-pkg/,1001104264,100.00,,
   379.456859368,55.79,Joules,power/energy-pkg/,1001157194,100.00,,
   380.458036040,69.94,Joules,power/energy-pkg/,1001179852,100.00,,
   381.458592849,64.43,Joules,power/energy-pkg/,1000531199,100.00,,
   382.459793038,61.66,Joules,power/energy-pkg/,1001216817,100.00,,
   383.461132233,72.96,Joules,power/energy-pkg/,1001302232,100.00,,
   384.462273543,75.46,Joules,power/energy-pkg/,1001152077,100.00,,
   385.462615318,66.87,Joules,power/energy-pkg/,1000348699,100.00,,
   386.463888002,62.17,Joules,power/energy-pkg/,1001258527,100.00,,
   387.465151600,65.46,Joules,power/energy-pkg/,1001271071,100.00,,
   388.466551240,57.61,Joules,power/energy-pkg/,1001343944,100.00,,
   389.467760825,59.93,Joules,power/energy-pkg/,1001199712,100.00,,
   390.468957715,54.60,Joules,power/energy-pkg/,1001164746,100.00,,
   391.470045805,58.79,Joules,power/energy-pkg/,1001088445,100.00,,
   392.470589181,48.05,Joules,power/energy-pkg/,1000525254,100.00,,
   393.471800273,45.81,Joules,power/energy-pkg/,1001200242,100.00,,
   394.472969985,47.86,Joules,power/energy-pkg/,1001186748,100.00,,
   395.474209685,54.88,Joules,power/energy-pkg/,1001206013,100.00,,
   396.474659636,60.22,Joules,power/energy-pkg/,1000450536,100.00,,
   397.475820656,49.70,Joules,power/energy-pkg/,1001129587,100.00,,
   398.476949984,53.88,Joules,power/energy-pkg/,1001135282,100.00,,
   399.478206412,44.40,Joules,power/energy-pkg/,1001235172,100.00,,
   400.478604282,24.83,Joules,power/energy-pkg/,1000387193,100.00,,
   401.479792817,37.67,Joules,power/energy-pkg/,1001162344,100.00,,
   402.480141340,58.37,Joules,power/energy-pkg/,1000356196,100.00,,
   403.481362609,61.95,Joules,power/energy-pkg/,1001258894,100.00,,
   404.482603350,53.53,Joules,power/energy-pkg/,1001177828,100.00,,
   405.483853348,64.38,Joules,power/energy-pkg/,1001258390,100.00,,
   406.485000673,46.94,Joules,power/energy-pkg/,1001103386,100.00,,
   407.486192087,48.57,Joules,power/energy-pkg/,1001216335,100.00,,
   408.486585773,63.17,Joules,power/energy-pkg/,1000349437,100.00,,
   409.487779538,41.32,Joules,power/energy-pkg/,1001209523,100.00,,
   410.488985003,47.64,Joules,power/energy-pkg/,1001168052,100.00,,
   411.490449170,37.04,Joules,power/energy-pkg/,1001471530,100.00,,
   412.490586665,52.64,Joules,power/energy-pkg/,1000105731,100.00,,
   413.491722911,51.11,Joules,power/energy-pkg/,1001151206,100.00,,
   414.493090260,53.83,Joules,power/energy-pkg/,1001356496,100.00,,
   415.494244654,57.22,Joules,power/energy-pkg/,1001144098,100.00,,
   416.494612596,54.54,Joules,power/energy-pkg/,1000411068,100.00,,
   417.495836309,42.60,Joules,power/energy-pkg/,1001125567,100.00,,
   418.496919213,47.24,Joules,power/energy-pkg/,1001077283,100.00,,
   419.498372015,52.12,Joules,power/energy-pkg/,1001510396,100.00,,
   420.499745228,48.93,Joules,power/energy-pkg/,1001324782,100.00,,
   421.500922506,61.73,Joules,power/energy-pkg/,1001151331,100.00,,
   422.502203609,53.68,Joules,power/energy-pkg/,1001260632,100.00,,
   423.502634255,58.97,Joules,power/energy-pkg/,1000423608,100.00,,
   424.504419571,67.77,Joules,power/energy-pkg/,1001770472,100.00,,
   425.505642462,69.38,Joules,power/energy-pkg/,1001227966,100.00,,
   426.506604972,67.07,Joules,power/energy-pkg/,1000940639,100.00,,
   427.507834163,67.99,Joules,power/energy-pkg/,1001220218,100.00,,
   428.509103986,70.57,Joules,power/energy-pkg/,1001273121,100.00,,
   429.510370829,69.77,Joules,power/energy-pkg/,1001246888,100.00,,
   430.511672173,66.92,Joules,power/energy-pkg/,1001273412,100.00,,
   431.512869289,72.31,Joules,power/energy-pkg/,1001218819,100.00,,
   432.514048649,67.20,Joules,power/energy-pkg/,1001132485,100.00,,
   433.514676819,56.26,Joules,power/energy-pkg/,1000680497,100.00,,
   434.515956618,55.86,Joules,power/energy-pkg/,1001226357,100.00,,
   435.517237758,57.40,Joules,power/energy-pkg/,1001282924,100.00,,
   436.519686715,62.36,Joules,power/energy-pkg/,1002411755,100.00,,
   437.520955576,67.36,Joules,power/energy-pkg/,1001266616,100.00,,
   438.522289540,64.86,Joules,power/energy-pkg/,1001331750,100.00,,
   439.523653118,67.99,Joules,power/energy-pkg/,1001337120,100.00,,
   440.524944857,63.62,Joules,power/energy-pkg/,1001293103,100.00,,
   441.526292928,60.22,Joules,power/energy-pkg/,1001340189,100.00,,
   442.527681192,63.87,Joules,power/energy-pkg/,1001367393,100.00,,
   443.528963781,65.00,Joules,power/energy-pkg/,1001262098,100.00,,
   444.530625831,65.73,Joules,power/energy-pkg/,1001653028,100.00,,
   445.531811318,67.85,Joules,power/energy-pkg/,1001171724,100.00,,
   446.533087423,69.39,Joules,power/energy-pkg/,1001266061,100.00,,
   447.534331360,71.53,Joules,power/energy-pkg/,1001326287,100.00,,
   448.535800675,65.78,Joules,power/energy-pkg/,1001363384,100.00,,
   449.562632849,60.42,Joules,power/energy-pkg/,1026833055,100.00,,
   450.564014452,59.18,Joules,power/energy-pkg/,1001362882,100.00,,
   451.565242923,34.51,Joules,power/energy-pkg/,1001213447,100.00,,
   452.566439108,37.30,Joules,power/energy-pkg/,1001203430,100.00,,
   453.567711028,66.83,Joules,power/energy-pkg/,1001250994,100.00,,
   454.569061730,70.96,Joules,power/energy-pkg/,1001317653,100.00,,
   455.570281326,74.73,Joules,power/energy-pkg/,1001252139,100.00,,
   456.571694343,73.24,Joules,power/energy-pkg/,1001372989,100.00,,
   457.572952943,71.13,Joules,power/energy-pkg/,1001255098,100.00,,
   458.574241989,69.40,Joules,power/energy-pkg/,1001281202,100.00,,
   459.574616442,74.56,Joules,power/energy-pkg/,1000350684,100.00,,
   460.576007087,73.02,Joules,power/energy-pkg/,1001365392,100.00,,
   461.577132593,66.28,Joules,power/energy-pkg/,1001169359,100.00,,
   462.578618437,52.70,Joules,power/energy-pkg/,1001417011,100.00,,
   463.579755701,70.04,Joules,power/energy-pkg/,1001129718,100.00,,
   464.580914137,77.41,Joules,power/energy-pkg/,1001139962,100.00,,
   465.582107850,66.33,Joules,power/energy-pkg/,1001212973,100.00,,
   466.582675311,48.75,Joules,power/energy-pkg/,1000523551,100.00,,
   467.583782604,38.67,Joules,power/energy-pkg/,1001108985,100.00,,
   468.584889357,56.91,Joules,power/energy-pkg/,1001081424,100.00,,
   469.586026152,69.62,Joules,power/energy-pkg/,1001140650,100.00,,
   470.586610158,75.28,Joules,power/energy-pkg/,1000578015,100.00,,
   471.587909181,64.98,Joules,power/energy-pkg/,1001296105,100.00,,
   472.590632465,66.42,Joules,power/energy-pkg/,1002712655,100.00,,
   473.591892158,66.69,Joules,power/energy-pkg/,1001231136,100.00,,
   474.593132367,65.31,Joules,power/energy-pkg/,1001255861,100.00,,
   475.594560496,69.16,Joules,power/energy-pkg/,1001423765,100.00,,
   476.596106347,75.13,Joules,power/energy-pkg/,1001502197,100.00,,
   477.597305258,74.72,Joules,power/energy-pkg/,1001195287,100.00,,
   478.598565043,76.05,Joules,power/energy-pkg/,1001267006,100.00,,
   479.599776895,66.90,Joules,power/energy-pkg/,1001181117,100.00,,
   480.601061766,68.17,Joules,power/energy-pkg/,1001277432,100.00,,
   481.602403224,63.14,Joules,power/energy-pkg/,1001331464,100.00,,
   482.603776973,62.32,Joules,power/energy-pkg/,1001378933,100.00,,
   483.605235252,61.32,Joules,power/energy-pkg/,1001431104,100.00,,
   484.606559644,68.30,Joules,power/energy-pkg/,1001332412,100.00,,
   485.607953461,65.41,Joules,power/energy-pkg/,1001377528,100.00,,
   486.609326141,63.70,Joules,power/energy-pkg/,1001348153,100.00,,
   487.610620593,74.51,Joules,power/energy-pkg/,1001282736,100.00,,
   488.611893968,73.18,Joules,power/energy-pkg/,1001241507,100.00,,
   489.614647147,67.74,Joules,power/energy-pkg/,1002777008,100.00,,
   490.616005106,64.94,Joules,power/energy-pkg/,1001320316,100.00,,
   491.622122748,65.11,Joules,power/energy-pkg/,1006114975,100.00,,
   492.622609936,65.13,Joules,power/energy-pkg/,1000485300,100.00,,
   493.623903915,64.85,Joules,power/energy-pkg/,1001259404,100.00,,
   494.625103603,64.82,Joules,power/energy-pkg/,1001201854,100.00,,
   495.626403352,65.09,Joules,power/energy-pkg/,1001278099,100.00,,
   496.627640684,65.15,Joules,power/energy-pkg/,1001212797,100.00,,
   497.628787045,64.84,Joules,power/energy-pkg/,1001141017,100.00,,
   498.629990050,64.82,Joules,power/energy-pkg/,1001209677,100.00,,
   499.630613878,64.94,Joules,power/energy-pkg/,1000609768,100.00,,
   500.631936908,64.50,Joules,power/energy-pkg/,1001303449,100.00,,
   501.633225698,65.02,Joules,power/energy-pkg/,1001276944,100.00,,
   502.634389115,60.24,Joules,power/energy-pkg/,1001140005,100.00,,
   503.634599183,50.48,Joules,power/energy-pkg/,1000209548,100.00,,
   504.635809683,52.74,Joules,power/energy-pkg/,1001193010,100.00,,
   505.636949759,69.35,Joules,power/energy-pkg/,1001165558,100.00,,
   506.638197010,69.32,Joules,power/energy-pkg/,1001276337,100.00,,
   507.638628689,72.33,Joules,power/energy-pkg/,1000344852,100.00,,
   508.639801548,75.23,Joules,power/energy-pkg/,1001157242,100.00,,
   509.641238709,67.02,Joules,power/energy-pkg/,1001421538,100.00,,
   510.642322623,49.06,Joules,power/energy-pkg/,1001075589,100.00,,
   511.642585124,53.06,Joules,power/energy-pkg/,1000246097,100.00,,
   512.643722517,45.00,Joules,power/energy-pkg/,1001190160,100.00,,
   513.645061907,67.07,Joules,power/energy-pkg/,1001282137,100.00,,
   514.646287366,66.05,Joules,power/energy-pkg/,1001244117,100.00,,
   515.646667681,54.96,Joules,power/energy-pkg/,1000339010,100.00,,
   516.647792514,65.12,Joules,power/energy-pkg/,1001108884,100.00,,
   517.648997574,69.55,Joules,power/energy-pkg/,1001182095,100.00,,
   518.650147271,76.15,Joules,power/energy-pkg/,1001142679,100.00,,
   519.650611922,79.42,Joules,power/energy-pkg/,1000451311,100.00,,
   520.651807644,71.12,Joules,power/energy-pkg/,1001214801,100.00,,
   521.652574055,66.20,Joules,power/energy-pkg/,1000751520,100.00,,
   522.653906413,69.16,Joules,power/energy-pkg/,1001318487,100.00,,
   523.654794656,67.89,Joules,power/energy-pkg/,1000892538,100.00,,
   524.656114320,65.77,Joules,power/energy-pkg/,1001272750,100.00,,
   525.657295315,64.71,Joules,power/energy-pkg/,1001181271,100.00,,
   526.658561739,65.10,Joules,power/energy-pkg/,1001254071,100.00,,
   527.659843585,64.68,Joules,power/energy-pkg/,1001275214,100.00,,
   528.661130675,65.34,Joules,power/energy-pkg/,1001257491,100.00,,
   529.662339926,64.61,Joules,power/energy-pkg/,1001233804,100.00,,
   530.663746809,65.43,Joules,power/energy-pkg/,1001364809,100.00,,
   531.664940052,63.08,Joules,power/energy-pkg/,1001168875,100.00,,
   532.666058356,42.71,Joules,power/energy-pkg/,1001118973,100.00,,
   533.667308853,9.77,Joules,power/energy-pkg/,1001236088,100.00,,
   534.668407749,19.37,Joules,power/energy-pkg/,1001076897,100.00,,
   535.670595325,58.67,Joules,power/energy-pkg/,1002181450,100.00,,
   536.672952917,74.87,Joules,power/energy-pkg/,1002357168,100.00,,
   537.674209761,70.55,Joules,power/energy-pkg/,1001263119,100.00,,
   538.674603237,71.33,Joules,power/energy-pkg/,1000354915,100.00,,
   539.675782344,75.80,Joules,power/energy-pkg/,1001170686,100.00,,
   540.677031411,69.50,Joules,power/energy-pkg/,1001255610,100.00,,
   541.678341575,70.22,Joules,power/energy-pkg/,1001306998,100.00,,
   542.679657969,67.04,Joules,power/energy-pkg/,1001297685,100.00,,
   543.680937352,75.24,Joules,power/energy-pkg/,1001254042,100.00,,
   544.682192466,77.79,Joules,power/energy-pkg/,1001239405,100.00,,
   545.682590744,76.89,Joules,power/energy-pkg/,1000380723,100.00,,
   546.683750948,76.88,Joules,power/energy-pkg/,1001165403,100.00,,
   547.685005764,71.94,Joules,power/energy-pkg/,1001246319,100.00,,
   548.686207630,65.52,Joules,power/energy-pkg/,1001229792,100.00,,
   549.689486982,62.33,Joules,power/energy-pkg/,1003264187,100.00,,
   550.690591922,59.33,Joules,power/energy-pkg/,1001055377,100.00,,
   551.691758944,53.52,Joules,power/energy-pkg/,1001166240,100.00,,
   552.692111843,55.96,Joules,power/energy-pkg/,1000374518,100.00,,
   553.693480421,60.38,Joules,power/energy-pkg/,1001321646,100.00,,
   554.694636471,61.47,Joules,power/energy-pkg/,1001132964,100.00,,
   555.695940533,58.15,Joules,power/energy-pkg/,1001289073,100.00,,
   556.697127256,68.31,Joules,power/energy-pkg/,1001226564,100.00,,
   557.698561915,74.36,Joules,power/energy-pkg/,1001400492,100.00,,
   558.702614987,74.94,Joules,power/energy-pkg/,1004012559,100.00,,
   559.703899034,70.46,Joules,power/energy-pkg/,1001292751,100.00,,
   560.705263265,63.25,Joules,power/energy-pkg/,1001342269,100.00,,
   561.706529567,66.44,Joules,power/energy-pkg/,1001252037,100.00,,
   562.707810812,74.77,Joules,power/energy-pkg/,1001267831,100.00,,
   563.709086488,64.70,Joules,power/energy-pkg/,1001264451,100.00,,
   564.712426171,65.09,Joules,power/energy-pkg/,1003327210,100.00,,
   565.714617583,64.66,Joules,power/energy-pkg/,1002180230,100.00,,
   566.715872345,65.24,Joules,power/energy-pkg/,1001237169,100.00,,
   567.717101382,64.92,Joules,power/energy-pkg/,1001217520,100.00,,
   568.718283787,64.77,Joules,power/energy-pkg/,1001162844,100.00,,
   569.728139869,65.13,Joules,power/energy-pkg/,1009901793,100.00,,
   570.729513965,65.35,Joules,power/energy-pkg/,1001327703,100.00,,
   571.730633429,62.77,Joules,power/energy-pkg/,1001119648,100.00,,
   572.731935564,60.92,Joules,power/energy-pkg/,1001312056,100.00,,
   573.733244256,66.28,Joules,power/energy-pkg/,1001246688,100.00,,
   574.734453955,69.39,Joules,power/energy-pkg/,1001237312,100.00,,
   575.735756858,61.47,Joules,power/energy-pkg/,1001276350,100.00,,
   576.737034445,61.95,Joules,power/energy-pkg/,1001293609,100.00,,
   577.738251360,54.70,Joules,power/energy-pkg/,1001141534,100.00,,
   578.744507614,41.53,Joules,power/energy-pkg/,1006273357,100.00,,
   579.745798936,45.42,Joules,power/energy-pkg/,1001263645,100.00,,
   580.746628600,68.26,Joules,power/energy-pkg/,1000835136,100.00,,
   581.748022851,68.96,Joules,power/energy-pkg/,1001375700,100.00,,
   582.749149928,75.36,Joules,power/energy-pkg/,1001097867,100.00,,
   583.752447991,73.31,Joules,power/energy-pkg/,1003308296,100.00,,
   584.753681345,72.65,Joules,power/energy-pkg/,1001225325,100.00,,
   585.754673003,73.70,Joules,power/energy-pkg/,1000978883,100.00,,
   586.755871511,67.88,Joules,power/energy-pkg/,1001186280,100.00,,
   587.757032395,53.89,Joules,power/energy-pkg/,1001135675,100.00,,
   588.758220311,48.62,Joules,power/energy-pkg/,1001193089,100.00,,
   589.758599048,41.22,Joules,power/energy-pkg/,1000348079,100.00,,
   590.759727301,58.62,Joules,power/energy-pkg/,1001135161,100.00,,
   591.761096586,33.22,Joules,power/energy-pkg/,1001329531,100.00,,
   592.762258489,46.70,Joules,power/energy-pkg/,1001153849,100.00,,
   593.762593712,52.51,Joules,power/energy-pkg/,1000325757,100.00,,
   594.763759866,68.87,Joules,power/energy-pkg/,1001153883,100.00,,
   595.764954632,66.52,Joules,power/energy-pkg/,1001178879,100.00,,
   596.766101170,67.33,Joules,power/energy-pkg/,1001153607,100.00,,
   597.766606387,61.79,Joules,power/energy-pkg/,1000492752,100.00,,
   598.767919675,63.76,Joules,power/energy-pkg/,1001342451,100.00,,
   599.769250357,61.67,Joules,power/energy-pkg/,1001286909,100.00,,
   600.770577668,63.64,Joules,power/energy-pkg/,1001309656,100.00,,
   601.771817279,71.25,Joules,power/energy-pkg/,1001248841,100.00,,
   602.773079943,74.04,Joules,power/energy-pkg/,1001236397,100.00,,
   603.774397641,77.35,Joules,power/energy-pkg/,1001303826,100.00,,
   604.775741340,77.40,Joules,power/energy-pkg/,1001318390,100.00,,
   605.776967945,74.79,Joules,power/energy-pkg/,1001213550,100.00,,
   606.778174268,71.26,Joules,power/energy-pkg/,1001215445,100.00,,
   607.778596394,73.42,Joules,power/energy-pkg/,1000393919,100.00,,
   608.779846968,67.32,Joules,power/energy-pkg/,1001281438,100.00,,
   609.781173298,69.09,Joules,power/energy-pkg/,1001277124,100.00,,
   610.782467469,67.61,Joules,power/energy-pkg/,1001282297,100.00,,
   611.783767733,67.38,Joules,power/energy-pkg/,1001301232,100.00,,
   612.785053101,65.85,Joules,power/energy-pkg/,1001257779,100.00,,
   613.786290331,65.41,Joules,power/energy-pkg/,1001231601,100.00,,
   614.786634644,67.31,Joules,power/energy-pkg/,1000347426,100.00,,
   615.788021866,65.05,Joules,power/energy-pkg/,1001369527,100.00,,
   616.789345090,64.90,Joules,power/energy-pkg/,1001321518,100.00,,
   617.790615843,65.02,Joules,power/energy-pkg/,1001224743,100.00,,
   618.791886447,64.54,Joules,power/energy-pkg/,1001297068,100.00,,
   619.793270411,65.39,Joules,power/energy-pkg/,1001347138,100.00,,
   620.794542399,65.05,Joules,power/energy-pkg/,1001278641,100.00,,
   621.796058373,64.99,Joules,power/energy-pkg/,1001480173,100.00,,
   622.797297964,65.09,Joules,power/energy-pkg/,1001226308,100.00,,
   623.798478130,64.70,Joules,power/energy-pkg/,1001175549,100.00,,
   624.799725760,64.75,Joules,power/energy-pkg/,1001233304,100.00,,
   625.800935398,65.37,Joules,power/energy-pkg/,1001208675,100.00,,
   626.802262012,65.02,Joules,power/energy-pkg/,1001312707,100.00,,
   627.802605564,61.70,Joules,power/energy-pkg/,1000329075,100.00,,
   628.804252367,68.21,Joules,power/energy-pkg/,1001701326,100.00,,
   629.805724226,65.27,Joules,power/energy-pkg/,1001391956,100.00,,
   630.806620314,64.80,Joules,power/energy-pkg/,1000893501,100.00,,
   631.807949628,65.35,Joules,power/energy-pkg/,1001310152,100.00,,
   632.809290069,64.94,Joules,power/energy-pkg/,1001357089,100.00,,
   633.810676093,64.94,Joules,power/energy-pkg/,1001369000,100.00,,
   634.812056209,65.12,Joules,power/energy-pkg/,1001356081,100.00,,
   635.813245997,65.02,Joules,power/energy-pkg/,1001168981,100.00,,
   636.814503432,64.99,Joules,power/energy-pkg/,1001237235,100.00,,
   637.815776044,65.01,Joules,power/energy-pkg/,1001293988,100.00,,
   638.817133868,65.36,Joules,power/energy-pkg/,1001315232,100.00,,
   639.818352044,65.03,Joules,power/energy-pkg/,1001213168,100.00,,
   640.819648758,65.06,Joules,power/energy-pkg/,1001283364,100.00,,
   641.820869632,65.05,Joules,power/energy-pkg/,1001207736,100.00,,
   642.822127861,64.99,Joules,power/energy-pkg/,1001245731,100.00,,
   643.822591143,65.10,Joules,power/energy-pkg/,1000438198,100.00,,
   644.823715212,65.06,Joules,power/energy-pkg/,1001138210,100.00,,
   645.824926223,65.05,Joules,power/energy-pkg/,1001187544,100.00,,
   646.826196100,65.06,Joules,power/energy-pkg/,1001251591,100.00,,
   647.826614431,65.05,Joules,power/energy-pkg/,1000402959,100.00,,
   648.827778890,65.02,Joules,power/energy-pkg/,1001167134,100.00,,
   649.829013921,64.79,Joules,power/energy-pkg/,1001241792,100.00,,
   650.830262944,65.46,Joules,power/energy-pkg/,1001204936,100.00,,
   651.830630251,64.69,Joules,power/energy-pkg/,1000368760,100.00,,
   652.830925509,63.96,Joules,power/energy-pkg/,1000292910,100.00,,
   653.832257633,60.36,Joules,power/energy-pkg/,1001301763,100.00,,
   654.834016054,60.90,Joules,power/energy-pkg/,1001760731,100.00,,
   655.834652610,58.82,Joules,power/energy-pkg/,1000624748,100.00,,
   656.835937020,62.62,Joules,power/energy-pkg/,1001274541,100.00,,
   657.837240498,69.14,Joules,power/energy-pkg/,1001283306,100.00,,
   658.838437493,64.91,Joules,power/energy-pkg/,1001192663,100.00,,
   659.839762926,67.59,Joules,power/energy-pkg/,1001305936,100.00,,
   660.841029007,63.50,Joules,power/energy-pkg/,1001255425,100.00,,
   661.842214966,53.50,Joules,power/energy-pkg/,1001225813,100.00,,
   662.842596934,62.95,Joules,power/energy-pkg/,1000343387,100.00,,
   663.843840151,71.46,Joules,power/energy-pkg/,1001204741,100.00,,
   664.845077446,73.78,Joules,power/energy-pkg/,1001223983,100.00,,
   665.846265500,73.97,Joules,power/energy-pkg/,1001223655,100.00,,
   666.846652915,65.33,Joules,power/energy-pkg/,1000344116,100.00,,
   667.847979806,65.25,Joules,power/energy-pkg/,1001325772,100.00,,
   668.849220771,64.22,Joules,power/energy-pkg/,1001213772,100.00,,
   669.850485935,58.89,Joules,power/energy-pkg/,1001247315,100.00,,
   670.851715355,69.50,Joules,power/energy-pkg/,1001205644,100.00,,
   671.852883322,61.82,Joules,power/energy-pkg/,1001155767,100.00,,
   672.854056355,55.97,Joules,power/energy-pkg/,1001166901,100.00,,
   673.858620608,64.80,Joules,power/energy-pkg/,1004560300,100.00,,
   674.859844811,67.57,Joules,power/energy-pkg/,1001224063,100.00,,
   675.861128057,66.07,Joules,power/energy-pkg/,1001247237,100.00,,
   676.862288505,64.68,Joules,power/energy-pkg/,1001163657,100.00,,
   677.862652751,61.53,Joules,power/energy-pkg/,1000361162,100.00,,
   678.866641299,61.30,Joules,power/energy-pkg/,1003980449,100.00,,
   679.878641482,69.09,Joules,power/energy-pkg/,1012189826,100.00,,
   680.879864855,69.64,Joules,power/energy-pkg/,1001004362,100.00,,
   681.881087474,68.87,Joules,power/energy-pkg/,1001250118,100.00,,
   682.882393523,68.79,Joules,power/energy-pkg/,1001243497,100.00,,
   683.882607110,64.73,Joules,power/energy-pkg/,1000204085,100.00,,
   684.883849352,65.00,Joules,power/energy-pkg/,1001267947,100.00,,
   685.896330768,67.05,Joules,power/energy-pkg/,1012478648,100.00,,
   686.897704508,63.83,Joules,power/energy-pkg/,1001335490,100.00,,
   687.898602767,64.54,Joules,power/energy-pkg/,1000875961,100.00,,
   688.899921215,60.03,Joules,power/energy-pkg/,1001307121,100.00,,
   689.901244609,65.69,Joules,power/energy-pkg/,1001358678,100.00,,
   690.902618765,71.56,Joules,power/energy-pkg/,1001304067,100.00,,
   691.903914989,65.24,Joules,power/energy-pkg/,1001301427,100.00,,
   692.905114501,65.01,Joules,power/energy-pkg/,1001169554,100.00,,
   693.906268858,61.89,Joules,power/energy-pkg/,1001131368,100.00,,
   694.906673164,50.95,Joules,power/energy-pkg/,1000393471,100.00,,
   695.907846916,48.77,Joules,power/energy-pkg/,1001193566,100.00,,
   696.909016817,63.60,Joules,power/energy-pkg/,1001141522,100.00,,
   697.910222384,66.69,Joules,power/energy-pkg/,1001188388,100.00,,
   698.910590012,65.23,Joules,power/energy-pkg/,1000369357,100.00,,
   699.912274797,73.14,Joules,power/energy-pkg/,1001687352,100.00,,
   700.913471702,66.35,Joules,power/energy-pkg/,1001154790,100.00,,
   701.914588764,55.45,Joules,power/energy-pkg/,1001099794,100.00,,
   702.915709811,62.02,Joules,power/energy-pkg/,1001131247,100.00,,
   703.916851923,67.49,Joules,power/energy-pkg/,1001161443,100.00,,
   704.918076968,59.81,Joules,power/energy-pkg/,1001977616,100.00,,
   705.920106224,63.45,Joules,power/energy-pkg/,1001206822,100.00,,
   706.921361559,67.87,Joules,power/energy-pkg/,1001244892,100.00,,
   707.922628492,69.11,Joules,power/energy-pkg/,1001267234,100.00,,
   708.923939732,77.10,Joules,power/energy-pkg/,1001298321,100.00,,
   709.925257162,67.54,Joules,power/energy-pkg/,1001310773,100.00,,
   710.926510703,62.25,Joules,power/energy-pkg/,1001297256,100.00,,
   711.927803632,64.61,Joules,power/energy-pkg/,1001216779,100.00,,
   712.929030422,71.20,Joules,power/energy-pkg/,1001209209,100.00,,
   713.930218314,69.45,Joules,power/energy-pkg/,1001182520,100.00,,
   714.930598413,58.76,Joules,power/energy-pkg/,1000387281,100.00,,
   715.931821334,51.82,Joules,power/energy-pkg/,1001194428,100.00,,
   716.932984165,49.81,Joules,power/energy-pkg/,1001178634,100.00,,
   717.934207825,55.58,Joules,power/energy-pkg/,1001199522,100.00,,
   718.934620922,63.92,Joules,power/energy-pkg/,1000466503,100.00,,
   719.936058735,67.99,Joules,power/energy-pkg/,1001354109,100.00,,
   720.937373607,68.79,Joules,power/energy-pkg/,1001310994,100.00,,
   721.938631106,64.17,Joules,power/energy-pkg/,1001238125,100.00,,
   722.939951513,64.30,Joules,power/energy-pkg/,1001297795,100.00,,
   723.942593232,65.10,Joules,power/energy-pkg/,1002616790,100.00,,
   724.943774860,66.61,Joules,power/energy-pkg/,1001188318,100.00,,
   725.945091375,67.20,Joules,power/energy-pkg/,1001310260,100.00,,
   726.946453219,69.28,Joules,power/energy-pkg/,1001340670,100.00,,
   727.947708108,68.41,Joules,power/energy-pkg/,1001245834,100.00,,
   728.950622295,72.47,Joules,power/energy-pkg/,1002909514,100.00,,
   729.951982507,70.14,Joules,power/energy-pkg/,1001344986,100.00,,
   730.953310815,63.19,Joules,power/energy-pkg/,1001322221,100.00,,
   731.954671693,65.20,Joules,power/energy-pkg/,1001349721,100.00,,
   732.956006002,65.54,Joules,power/energy-pkg/,1001316432,100.00,,
   733.957279902,67.03,Joules,power/energy-pkg/,1001260726,100.00,,
   734.958533553,68.10,Joules,power/energy-pkg/,1001257882,100.00,,
   735.959892480,63.26,Joules,power/energy-pkg/,1001358231,100.00,,
   736.961527159,61.87,Joules,power/energy-pkg/,1001621381,100.00,,
   737.962629484,63.63,Joules,power/energy-pkg/,1001070616,100.00,,
   738.963962406,70.21,Joules,power/energy-pkg/,1001316472,100.00,,
   739.965330744,66.29,Joules,power/energy-pkg/,1001382564,100.00,,
   740.966627786,65.07,Joules,power/energy-pkg/,1001255107,100.00,,
   741.967928043,64.60,Joules,power/energy-pkg/,1001293887,100.00,,
   742.969191405,65.12,Joules,power/energy-pkg/,1001289321,100.00,,
   743.970456557,65.00,Joules,power/energy-pkg/,1001214930,100.00,,
   744.971895435,64.71,Joules,power/energy-pkg/,1001425171,100.00,,
   745.973164934,64.70,Joules,power/energy-pkg/,1001262411,100.00,,
   746.974518232,61.00,Joules,power/energy-pkg/,1001372297,100.00,,
   747.975888835,69.69,Joules,power/energy-pkg/,1001332047,100.00,,
   748.977471770,65.00,Joules,power/energy-pkg/,1001565414,100.00,,
   749.978594093,62.76,Joules,power/energy-pkg/,1001139765,100.00,,
   750.979917630,67.57,Joules,power/energy-pkg/,1001320206,100.00,,
   751.981226495,63.88,Joules,power/energy-pkg/,1001263448,100.00,,
   752.982581923,64.87,Joules,power/energy-pkg/,1001339851,100.00,,
   753.983884855,57.89,Joules,power/energy-pkg/,1001283527,100.00,,
   754.985143399,66.73,Joules,power/energy-pkg/,1001255510,100.00,,
   755.986389125,62.66,Joules,power/energy-pkg/,1001234292,100.00,,
   756.987665754,63.67,Joules,power/energy-pkg/,1001279791,100.00,,
   757.990621211,63.34,Joules,power/energy-pkg/,1002938364,100.00,,
   758.991943190,68.05,Joules,power/energy-pkg/,1001291360,100.00,,
   759.993203480,68.77,Joules,power/energy-pkg/,1001249582,100.00,,
   760.994449663,66.31,Joules,power/energy-pkg/,1001240801,100.00,,
   761.995780311,67.12,Joules,power/energy-pkg/,1001346212,100.00,,
   762.996998363,59.73,Joules,power/energy-pkg/,1001192354,100.00,,
   764.010604269,56.00,Joules,power/energy-pkg/,1013605375,100.00,,
   765.011864381,60.53,Joules,power/energy-pkg/,1001207433,100.00,,
   766.013035633,64.77,Joules,power/energy-pkg/,1001209173,100.00,,
   767.018619066,75.81,Joules,power/energy-pkg/,1005692831,100.00,,
   768.020054975,70.16,Joules,power/energy-pkg/,1001314335,100.00,,
   769.021389784,69.77,Joules,power/energy-pkg/,1001275634,100.00,,
   770.022609765,64.85,Joules,power/energy-pkg/,1001220580,100.00,,
   771.023912405,64.73,Joules,power/energy-pkg/,1001289477,100.00,,
   772.025204007,60.77,Joules,power/energy-pkg/,1001292408,100.00,,
   773.026607095,67.26,Joules,power/energy-pkg/,1001367484,100.00,,
   774.027854153,67.50,Joules,power/energy-pkg/,1001231721,100.00,,
   775.029086416,63.96,Joules,power/energy-pkg/,1001224649,100.00,,
   776.030389834,65.55,Joules,power/energy-pkg/,1001291394,100.00,,
   777.031660039,61.82,Joules,power/energy-pkg/,1001266136,100.00,,
   778.033272431,66.43,Joules,power/energy-pkg/,1001596779,100.00,,
   779.034532931,64.25,Joules,power/energy-pkg/,1001250728,100.00,,
   780.035858679,68.49,Joules,power/energy-pkg/,1001311832,100.00,,
   781.037141370,64.73,Joules,power/energy-pkg/,1001268670,100.00,,
   782.038385019,65.05,Joules,power/energy-pkg/,1001249491,100.00,,
   783.039752909,65.04,Joules,power/energy-pkg/,1001337919,100.00,,
   784.041033111,65.14,Joules,power/energy-pkg/,1001258176,100.00,,
   785.042259272,64.90,Joules,power/energy-pkg/,1001214001,100.00,,
   786.042612656,64.84,Joules,power/energy-pkg/,1000346257,100.00,,
   787.043857777,64.49,Joules,power/energy-pkg/,1001256347,100.00,,
   788.045201107,62.78,Joules,power/energy-pkg/,1001315522,100.00,,
   789.046606361,65.92,Joules,power/energy-pkg/,1001405626,100.00,,
   790.048072156,66.92,Joules,power/energy-pkg/,1001453221,100.00,,
   791.049420476,64.40,Joules,power/energy-pkg/,1001334176,100.00,,
   792.050592233,63.46,Joules,power/energy-pkg/,1001137913,100.00,,
   793.051840990,63.45,Joules,power/energy-pkg/,1001323029,100.00,,
   794.053398303,59.29,Joules,power/energy-pkg/,1001485291,100.00,,
   795.054618427,54.21,Joules,power/energy-pkg/,1001228127,100.00,,
   796.055896117,64.33,Joules,power/energy-pkg/,1001244922,100.00,,
   797.057324106,63.86,Joules,power/energy-pkg/,1001383631,100.00,,
   798.058468260,66.22,Joules,power/energy-pkg/,1001160354,100.00,,
   799.059797409,70.63,Joules,power/energy-pkg/,1001300651,100.00,,
   800.061070262,70.92,Joules,power/energy-pkg/,1001280141,100.00,,
   801.062450926,68.09,Joules,power/energy-pkg/,1001377207,100.00,,
   802.063885159,70.16,Joules,power/energy-pkg/,1001420793,100.00,,
   803.065300875,64.85,Joules,power/energy-pkg/,1001385732,100.00,,
   804.066602010,64.10,Joules,power/energy-pkg/,1001291379,100.00,,
   805.067917117,60.36,Joules,power/energy-pkg/,1001309584,100.00,,
   806.069236331,54.99,Joules,power/energy-pkg/,1001338956,100.00,,
   807.070590012,61.83,Joules,power/energy-pkg/,1001307379,100.00,,
   808.078606802,67.89,Joules,power/energy-pkg/,1011989950,100.00,,
   809.083845031,69.06,Joules,power/energy-pkg/,1001239868,100.00,,
   810.085133822,70.69,Joules,power/energy-pkg/,1001281514,100.00,,
   811.086621748,69.80,Joules,power/energy-pkg/,1001526978,100.00,,
   812.088014785,65.71,Joules,power/energy-pkg/,1001320681,100.00,,
   813.089247728,63.20,Joules,power/energy-pkg/,1001228507,100.00,,
   814.090543297,66.99,Joules,power/energy-pkg/,1001301929,100.00,,
   815.091803478,64.99,Joules,power/energy-pkg/,1001229627,100.00,,
   816.093068616,63.01,Joules,power/energy-pkg/,1001265613,100.00,,
   817.094445262,61.39,Joules,power/energy-pkg/,1001367587,100.00,,
   818.095827267,68.47,Joules,power/energy-pkg/,1001360956,100.00,,
   819.097296467,67.77,Joules,power/energy-pkg/,1001449294,100.00,,
   820.098482263,64.02,Joules,power/energy-pkg/,1001200258,100.00,,
   821.099746223,65.52,Joules,power/energy-pkg/,1001229865,100.00,,
   822.101083360,64.96,Joules,power/energy-pkg/,1001326285,100.00,,
   823.102430150,61.79,Joules,power/energy-pkg/,1001343584,100.00,,
   824.103908384,64.15,Joules,power/energy-pkg/,1001484307,100.00,,
   825.105238305,63.16,Joules,power/energy-pkg/,1001312243,100.00,,
   826.106594373,58.89,Joules,power/energy-pkg/,1001321331,100.00,,
   827.107919679,54.40,Joules,power/energy-pkg/,1001323497,100.00,,
   828.109288275,64.92,Joules,power/energy-pkg/,1001357845,100.00,,
   829.110642821,61.29,Joules,power/energy-pkg/,1001342589,100.00,,
   830.111996863,59.65,Joules,power/energy-pkg/,1001338234,100.00,,
   831.114615447,61.64,Joules,power/energy-pkg/,1002654951,100.00,,
   832.116118249,68.82,Joules,power/energy-pkg/,1001452566,100.00,,
   833.117512585,65.52,Joules,power/energy-pkg/,1001430108,100.00,,
   834.118600994,62.93,Joules,power/energy-pkg/,1001011165,100.00,,
   835.119899706,61.14,Joules,power/energy-pkg/,1001311093,100.00,,
   836.122612649,63.82,Joules,power/energy-pkg/,1002703762,100.00,,
   837.123928633,70.06,Joules,power/energy-pkg/,1001288404,100.00,,
   838.125248035,70.08,Joules,power/energy-pkg/,1001304304,100.00,,
   839.126601303,68.12,Joules,power/energy-pkg/,1001335734,100.00,,
   840.127892562,72.57,Joules,power/energy-pkg/,1001273493,100.00,,
   841.129128921,73.78,Joules,power/energy-pkg/,1001226050,100.00,,
   842.130373929,64.69,Joules,power/energy-pkg/,1001231498,100.00,,
   843.131672092,64.77,Joules,power/energy-pkg/,1001292560,100.00,,
   844.132968857,64.49,Joules,power/energy-pkg/,1001299244,100.00,,
   845.134299565,63.78,Joules,power/energy-pkg/,1001295588,100.00,,
   846.134620772,57.87,Joules,power/energy-pkg/,1000321699,100.00,,
   847.135939531,58.07,Joules,power/energy-pkg/,1001348398,100.00,,
   848.137347743,57.07,Joules,power/energy-pkg/,1001357544,100.00,,
   849.145093926,66.25,Joules,power/energy-pkg/,1007729220,100.00,,
   850.146386703,70.93,Joules,power/energy-pkg/,1001301923,100.00,,
   851.147782695,66.86,Joules,power/energy-pkg/,1001358460,100.00,,
   852.150631026,66.22,Joules,power/energy-pkg/,1002860548,100.00,,
   853.151956573,65.29,Joules,power/energy-pkg/,1001327795,100.00,,
   854.153263398,66.87,Joules,power/energy-pkg/,1001264899,100.00,,
   855.154606651,67.35,Joules,power/energy-pkg/,1001333833,100.00,,
   856.156040586,60.33,Joules,power/energy-pkg/,1001456422,100.00,,
   857.158549085,67.98,Joules,power/energy-pkg/,1002467782,100.00,,
   858.159822463,71.55,Joules,power/energy-pkg/,1001246050,100.00,,
   859.161092840,66.36,Joules,power/energy-pkg/,1001276685,100.00,,
   860.162444548,62.30,Joules,power/energy-pkg/,1001341359,100.00,,
   861.164072683,65.29,Joules,power/energy-pkg/,1001665542,100.00,,
   862.165425537,68.34,Joules,power/energy-pkg/,1001276711,100.00,,
   863.166603006,64.97,Joules,power/energy-pkg/,1001177858,100.00,,
   864.167930355,64.63,Joules,power/energy-pkg/,1001317576,100.00,,
   865.169316454,65.10,Joules,power/energy-pkg/,1001358288,100.00,,
   866.170626513,64.75,Joules,power/energy-pkg/,1001297122,100.00,,
   867.171873035,65.42,Joules,power/energy-pkg/,1001229990,100.00,,
   868.173353697,64.24,Joules,power/energy-pkg/,1001527751,100.00,,
   869.174630028,65.30,Joules,power/energy-pkg/,1001219769,100.00,,
   870.175968356,64.99,Joules,power/energy-pkg/,1001339716,100.00,,
   871.177357924,65.19,Joules,power/energy-pkg/,1001349537,100.00,,
   872.178602611,65.13,Joules,power/energy-pkg/,1001236159,100.00,,
   873.179839033,62.09,Joules,power/energy-pkg/,1001230231,100.00,,
   874.181015626,65.12,Joules,power/energy-pkg/,1001175510,100.00,,
   875.182223812,68.42,Joules,power/energy-pkg/,1001192714,100.00,,
   876.183716692,64.85,Joules,power/energy-pkg/,1001518360,100.00,,
   877.185096548,65.18,Joules,power/energy-pkg/,1001320824,100.00,,
   878.186335234,65.04,Joules,power/energy-pkg/,1001228315,100.00,,
   879.186596805,64.89,Joules,power/energy-pkg/,1000239763,100.00,,
   880.187869802,64.87,Joules,power/energy-pkg/,1001310650,100.00,,
   881.189151602,64.91,Joules,power/energy-pkg/,1001262159,100.00,,
   882.190460924,64.61,Joules,power/energy-pkg/,1001267973,100.00,,
   883.191840985,62.45,Joules,power/energy-pkg/,1001426102,100.00,,
   884.193232841,55.44,Joules,power/energy-pkg/,1001324854,100.00,,
   885.194500250,56.51,Joules,power/energy-pkg/,1001322237,100.00,,
   886.195985905,61.59,Joules,power/energy-pkg/,1001409810,100.00,,
   887.197311853,59.86,Joules,power/energy-pkg/,1001312862,100.00,,
   888.198620916,61.49,Joules,power/energy-pkg/,1001321098,100.00,,
   889.199974649,59.99,Joules,power/energy-pkg/,1001314584,100.00,,
   890.201271060,62.11,Joules,power/energy-pkg/,1001283200,100.00,,
   891.202551529,66.28,Joules,power/energy-pkg/,1001293544,100.00,,
   892.204173211,67.88,Joules,power/energy-pkg/,1001642571,100.00,,
   893.205543315,72.71,Joules,power/energy-pkg/,1001297818,100.00,,
   894.206618491,74.81,Joules,power/energy-pkg/,1001062142,100.00,,
   895.207826329,78.20,Joules,power/energy-pkg/,1001195336,100.00,,
   896.209119662,64.65,Joules,power/energy-pkg/,1001289308,100.00,,
   897.210513568,62.84,Joules,power/energy-pkg/,1001370806,100.00,,
   898.211665470,67.03,Joules,power/energy-pkg/,1001166028,100.00,,
   899.213072094,64.09,Joules,power/energy-pkg/,1001379149,100.00,,
   900.214428458,65.83,Joules,power/energy-pkg/,1001345643,100.00,,
   901.215771468,65.05,Joules,power/energy-pkg/,1001332193,100.00,,
   902.217106824,61.46,Joules,power/energy-pkg/,1001352088,100.00,,
   903.218472423,48.52,Joules,power/energy-pkg/,1001326947,100.00,,
   904.219857208,50.89,Joules,power/energy-pkg/,1001415296,100.00,,
   905.224435590,46.89,Joules,power/energy-pkg/,1004501344,100.00,,
   906.230630468,56.76,Joules,power/energy-pkg/,1006209326,100.00,,
   907.233804439,65.07,Joules,power/energy-pkg/,1003176583,100.00,,
   908.234622818,68.87,Joules,power/energy-pkg/,1000785925,100.00,,
   909.235896779,68.67,Joules,power/energy-pkg/,1001268077,100.00,,
   910.242592269,57.14,Joules,power/energy-pkg/,1006653142,100.00,,
   911.243693784,56.92,Joules,power/energy-pkg/,1001118510,100.00,,
   912.244859362,54.44,Joules,power/energy-pkg/,1001129646,100.00,,
   913.257601456,51.91,Joules,power/energy-pkg/,1012743240,100.00,,
   914.258598950,41.02,Joules,power/energy-pkg/,1001004765,100.00,,
   915.259847238,58.30,Joules,power/energy-pkg/,1001217527,100.00,,
   916.261073621,66.25,Joules,power/energy-pkg/,1001223446,100.00,,
   917.262467860,64.27,Joules,power/energy-pkg/,1001431625,100.00,,
   918.263820813,52.21,Joules,power/energy-pkg/,1001291810,100.00,,
   919.265122729,62.05,Joules,power/energy-pkg/,1001326572,100.00,,
   920.266493216,68.30,Joules,power/energy-pkg/,1001332914,100.00,,
   921.273604922,57.13,Joules,power/energy-pkg/,1007110582,100.00,,
   922.274610624,60.70,Joules,power/energy-pkg/,1001002766,100.00,,
   923.275903218,56.15,Joules,power/energy-pkg/,1001239091,100.00,,
   924.277084601,50.99,Joules,power/energy-pkg/,1001225570,100.00,,
   925.278491203,65.37,Joules,power/energy-pkg/,1001365995,100.00,,
   926.279753612,59.58,Joules,power/energy-pkg/,1001220417,100.00,,
   927.289641763,63.00,Joules,power/energy-pkg/,1009902056,100.00,,
   928.290588566,72.52,Joules,power/energy-pkg/,1000906465,100.00,,
   929.291792074,73.00,Joules,power/energy-pkg/,1001203701,100.00,,
   930.293049891,71.94,Joules,power/energy-pkg/,1001237766,100.00,,
   931.294255950,69.62,Joules,power/energy-pkg/,1001199082,100.00,,
   932.294609077,66.92,Joules,power/energy-pkg/,1000387290,100.00,,
   933.295854639,61.52,Joules,power/energy-pkg/,1001241142,100.00,,
   934.297207643,59.10,Joules,power/energy-pkg/,1001334717,100.00,,
   935.298610845,68.42,Joules,power/energy-pkg/,1001371564,100.00,,
   936.299899122,63.19,Joules,power/energy-pkg/,1001247216,100.00,,
   937.301173816,63.39,Joules,power/energy-pkg/,1001279383,100.00,,
   938.302508029,60.97,Joules,power/energy-pkg/,1001312447,100.00,,
   939.303785709,63.53,Joules,power/energy-pkg/,1001268901,100.00,,
   940.305046670,60.40,Joules,power/energy-pkg/,1001238038,100.00,,
   941.306299294,61.02,Joules,power/energy-pkg/,1001256698,100.00,,
   942.307657217,69.48,Joules,power/energy-pkg/,1001346675,100.00,,
   943.308974406,68.04,Joules,power/energy-pkg/,1001284134,100.00,,
   944.310183461,76.79,Joules,power/energy-pkg/,1001210795,100.00,,
   945.310606708,80.25,Joules,power/energy-pkg/,1000394868,100.00,,
   946.311794341,75.63,Joules,power/energy-pkg/,1001191870,100.00,,
   947.313099809,70.55,Joules,power/energy-pkg/,1001289708,100.00,,
   948.314423675,61.12,Joules,power/energy-pkg/,1001337193,100.00,,
   949.315895408,58.44,Joules,power/energy-pkg/,1001445585,100.00,,
   950.326599760,48.48,Joules,power/energy-pkg/,1010682922,100.00,,
   951.327782068,53.60,Joules,power/energy-pkg/,1001153849,100.00,,
   952.328929158,47.47,Joules,power/energy-pkg/,1001138561,100.00,,
   953.330117097,47.37,Joules,power/energy-pkg/,1001185546,100.00,,
   954.330581835,74.60,Joules,power/energy-pkg/,1000434890,100.00,,
   955.331690401,79.74,Joules,power/energy-pkg/,1001115255,100.00,,
   956.332938230,66.22,Joules,power/energy-pkg/,1001265690,100.00,,
   957.334200762,68.72,Joules,power/energy-pkg/,1001236098,100.00,,
   958.335683764,69.88,Joules,power/energy-pkg/,1001460750,100.00,,
   959.336974507,63.48,Joules,power/energy-pkg/,1001292437,100.00,,
   960.338351792,66.70,Joules,power/energy-pkg/,1001368743,100.00,,
   961.339755755,60.73,Joules,power/energy-pkg/,1001373102,100.00,,
   962.341001560,61.60,Joules,power/energy-pkg/,1001229388,100.00,,
   963.342232963,67.93,Joules,power/energy-pkg/,1001236384,100.00,,
   964.342620783,73.05,Joules,power/energy-pkg/,1000363399,100.00,,
   965.343846594,78.28,Joules,power/energy-pkg/,1001218992,100.00,,
   966.345245011,76.00,Joules,power/energy-pkg/,1001372469,100.00,,
   967.346442312,66.89,Joules,power/energy-pkg/,1001210036,100.00,,
   968.347775296,65.22,Joules,power/energy-pkg/,1001304602,100.00,,
   969.348944629,63.92,Joules,power/energy-pkg/,1001216159,100.00,,
   970.350257562,65.82,Joules,power/energy-pkg/,1001255154,100.00,,
   971.350595457,64.36,Joules,power/energy-pkg/,1000306127,100.00,,
   972.357340419,65.55,Joules,power/energy-pkg/,1006796571,100.00,,
   973.358609540,57.77,Joules,power/energy-pkg/,1001190849,100.00,,
   974.359729974,58.87,Joules,power/energy-pkg/,1001125778,100.00,,
   975.360920836,69.37,Joules,power/energy-pkg/,1001183076,100.00,,
   976.362086988,66.11,Joules,power/energy-pkg/,1001173520,100.00,,
   977.362626909,68.52,Joules,power/energy-pkg/,1000501475,100.00,,
   978.363899689,68.96,Joules,power/energy-pkg/,1001254049,100.00,,
   979.365234804,63.99,Joules,power/energy-pkg/,1001373188,100.00,,
   980.366771149,65.81,Joules,power/energy-pkg/,1001474433,100.00,,
   981.368009198,62.65,Joules,power/energy-pkg/,1001236241,100.00,,
   982.370615940,60.58,Joules,power/energy-pkg/,1002585538,100.00,,
   983.374640006,60.27,Joules,power/energy-pkg/,1004028993,100.00,,
   984.379670250,55.03,Joules,power/energy-pkg/,1004995572,100.00,,
   985.380837576,60.14,Joules,power/energy-pkg/,1001163056,100.00,,
   986.382073071,61.97,Joules,power/energy-pkg/,1001242877,100.00,,
   987.382612018,62.41,Joules,power/energy-pkg/,1000519908,100.00,,
   988.383959458,59.20,Joules,power/energy-pkg/,1001329520,100.00,,
   989.398424187,62.66,Joules,power/energy-pkg/,1014458036,100.00,,
   990.399736194,60.80,Joules,power/energy-pkg/,1001288143,100.00,,
   991.400991745,59.29,Joules,power/energy-pkg/,1001263117,100.00,,
   992.402358511,57.94,Joules,power/energy-pkg/,1001338978,100.00,,
   993.403749394,54.60,Joules,power/energy-pkg/,1001428475,100.00,,
   994.405129652,60.02,Joules,power/energy-pkg/,1001325045,100.00,,
   995.406412531,58.43,Joules,power/energy-pkg/,1001258008,100.00,,
   996.407653483,58.99,Joules,power/energy-pkg/,1001252788,100.00,,
   997.409023082,59.55,Joules,power/energy-pkg/,1001347049,100.00,,
   998.410323241,60.03,Joules,power/energy-pkg/,1001312033,100.00,,
   999.411692429,55.12,Joules,power/energy-pkg/,1001385345,100.00,,
  1000.413070080,55.79,Joules,power/energy-pkg/,1001379777,100.00,,
  1001.414470531,59.82,Joules,power/energy-pkg/,1001324808,100.00,,
  1002.415644878,51.50,Joules,power/energy-pkg/,1001163278,100.00,,
  1003.425007254,54.66,Joules,power/energy-pkg/,1009357708,100.00,,
  1004.426526888,52.59,Joules,power/energy-pkg/,1001526997,100.00,,
  1005.427887016,42.06,Joules,power/energy-pkg/,1001296128,100.00,,
  1006.431984281,50.09,Joules,power/energy-pkg/,1004183826,100.00,,
  1007.432541616,51.81,Joules,power/energy-pkg/,1000461952,100.00,,
  1008.433837536,27.10,Joules,power/energy-pkg/,1001360041,100.00,,
  1009.434599781,27.80,Joules,power/energy-pkg/,1000671504,100.00,,
  1010.435763169,16.72,Joules,power/energy-pkg/,1001142971,100.00,,
  1011.436696130,67.41,Joules,power/energy-pkg/,1000954413,100.00,,
  1012.440220291,58.15,Joules,power/energy-pkg/,1003509221,100.00,,
  1013.441400062,37.00,Joules,power/energy-pkg/,1001149062,100.00,,
  1014.442565968,47.70,Joules,power/energy-pkg/,1001176866,100.00,,
  1015.443762244,49.67,Joules,power/energy-pkg/,1001162793,100.00,,
  1016.445066451,45.22,Joules,power/energy-pkg/,1001324144,100.00,,
  1017.446330626,45.35,Joules,power/energy-pkg/,1001207342,100.00,,
  1018.447582056,15.44,Joules,power/energy-pkg/,1001258999,100.00,,
  1019.448955358,6.00,Joules,power/energy-pkg/,1001361576,100.00,,
  1020.450384028,5.26,Joules,power/energy-pkg/,1001416771,100.00,,
  1021.451869418,5.49,Joules,power/energy-pkg/,1001472182,100.00,,
  1022.453246762,5.64,Joules,power/energy-pkg/,1001360050,100.00,,
  1023.454551398,5.71,Joules,power/energy-pkg/,1001324507,100.00,,
  1024.455930498,5.41,Joules,power/energy-pkg/,1001340874,100.00,,
  1025.457272623,5.87,Joules,power/energy-pkg/,1001325571,100.00,,
  1026.458627698,5.68,Joules,power/energy-pkg/,1001343963,100.00,,
  1027.459890311,6.93,Joules,power/energy-pkg/,1001243598,100.00,,
  1028.461215252,7.95,Joules,power/energy-pkg/,1001321736,100.00,,
  1029.462565276,9.92,Joules,power/energy-pkg/,1001355790,100.00,,
  1030.463959962,6.54,Joules,power/energy-pkg/,1001368578,100.00,,
  1031.465305944,6.24,Joules,power/energy-pkg/,1001328071,100.00,,
  1032.466698382,5.56,Joules,power/energy-pkg/,1001386328,100.00,,
  1033.468110939,5.64,Joules,power/energy-pkg/,1001400910,100.00,,
  1034.469544171,5.19,Joules,power/energy-pkg/,1001420575,100.00,,
  1035.470708713,5.51,Joules,power/energy-pkg/,1001148150,100.00,,
  1036.472023705,5.34,Joules,power/energy-pkg/,1001302600,100.00,,
  1037.473409534,5.21,Joules,power/energy-pkg/,1001379723,100.00,,
  1038.474694765,5.66,Joules,power/energy-pkg/,1001270700,100.00,,
  1039.475502392,5.20,Joules,power/energy-pkg/,1000902048,100.00,,
  1040.476974286,5.40,Joules,power/energy-pkg/,1001352028,100.00,,
  1041.478333234,5.12,Joules,power/energy-pkg/,1001346119,100.00,,
  1042.479693824,5.28,Joules,power/energy-pkg/,1001351370,100.00,,
  1043.481055976,5.19,Joules,power/energy-pkg/,1001348152,100.00,,
  1044.482529441,5.44,Joules,power/energy-pkg/,1001465675,100.00,,
  1045.483921886,5.23,Joules,power/energy-pkg/,1001381785,100.00,,
  1046.485275813,5.20,Joules,power/energy-pkg/,1001336291,100.00,,
  1047.486623450,5.26,Joules,power/energy-pkg/,1001338884,100.00,,
