# started on Mon Mar 27 17:12:41 2023

     1.000956451,20.80,Joules,power/energy-pkg/,1000974525,100.00,,
     2.002055741,20.11,Joules,power/energy-pkg/,1001095443,100.00,,
     3.003134918,16.53,Joules,power/energy-pkg/,1001060451,100.00,,
     4.003444194,18.66,Joules,power/energy-pkg/,1000318951,100.00,,
     5.004534465,20.76,Joules,power/energy-pkg/,1001099668,100.00,,
     6.005316932,18.83,Joules,power/energy-pkg/,1000747266,100.00,,
     7.006402207,19.03,Joules,power/energy-pkg/,1001092556,100.00,,
     8.006785882,18.45,Joules,power/energy-pkg/,1000412508,100.00,,
     9.007934401,17.18,Joules,power/energy-pkg/,1001110060,100.00,,
    10.008949062,18.41,Joules,power/energy-pkg/,1001005699,100.00,,
    11.010033565,17.85,Joules,power/energy-pkg/,1001065062,100.00,,
    12.011091433,16.95,Joules,power/energy-pkg/,1001051755,100.00,,
    13.012045775,16.46,Joules,power/energy-pkg/,1000980817,100.00,,
    14.012950985,17.53,Joules,power/energy-pkg/,1000881412,100.00,,
    15.014035052,16.79,Joules,power/energy-pkg/,1001076814,100.00,,
    16.014604986,20.12,Joules,power/energy-pkg/,1000597026,100.00,,
    17.015728680,20.52,Joules,power/energy-pkg/,1001088035,100.00,,
    18.016811343,17.79,Joules,power/energy-pkg/,1001061638,100.00,,
    19.016955235,18.50,Joules,power/energy-pkg/,1000172623,100.00,,
    20.018125869,20.60,Joules,power/energy-pkg/,1001142411,100.00,,
    21.019221944,20.53,Joules,power/energy-pkg/,1001094671,100.00,,
    22.020304723,19.40,Joules,power/energy-pkg/,1001060276,100.00,,
    23.020932227,18.55,Joules,power/energy-pkg/,1000621824,100.00,,
    24.021998355,18.54,Joules,power/energy-pkg/,1001061812,100.00,,
    25.023089583,18.25,Joules,power/energy-pkg/,1001098118,100.00,,
    26.024174386,17.75,Joules,power/energy-pkg/,1001080541,100.00,,
    27.024949528,18.58,Joules,power/energy-pkg/,1000767706,100.00,,
    28.026031242,20.76,Joules,power/energy-pkg/,1001062143,100.00,,
    29.027106164,19.88,Joules,power/energy-pkg/,1001084364,100.00,,
    30.028207955,20.50,Joules,power/energy-pkg/,1001097127,100.00,,
    31.028952622,18.57,Joules,power/energy-pkg/,1000735335,100.00,,
    32.030043981,20.45,Joules,power/energy-pkg/,1001086546,100.00,,
    33.031141697,20.80,Joules,power/energy-pkg/,1001079363,100.00,,
    34.032240953,22.46,Joules,power/energy-pkg/,1001110502,100.00,,
    35.032947940,18.72,Joules,power/energy-pkg/,1000694768,100.00,,
    36.034025520,19.26,Joules,power/energy-pkg/,1001060016,100.00,,
    37.035093457,19.66,Joules,power/energy-pkg/,1001061773,100.00,,
    38.036180635,18.68,Joules,power/energy-pkg/,1001095071,100.00,,
    39.036948932,20.54,Joules,power/energy-pkg/,1000763123,100.00,,
    40.038038231,19.79,Joules,power/energy-pkg/,1001084907,100.00,,
    41.039174593,17.00,Joules,power/energy-pkg/,1001127429,100.00,,
    42.040295737,19.15,Joules,power/energy-pkg/,1001116712,100.00,,
    43.040935139,21.02,Joules,power/energy-pkg/,1000619320,100.00,,
    44.042003335,20.08,Joules,power/energy-pkg/,1001088715,100.00,,
    45.043164362,21.27,Joules,power/energy-pkg/,1001151204,100.00,,
    46.044278482,19.10,Joules,power/energy-pkg/,1001098533,100.00,,
    47.045007005,17.09,Joules,power/energy-pkg/,1000710235,100.00,,
    48.046075692,20.85,Joules,power/energy-pkg/,1001063868,100.00,,
    49.047158864,21.38,Joules,power/energy-pkg/,1001089509,100.00,,
    50.048247304,20.97,Joules,power/energy-pkg/,1001085262,100.00,,
    51.048938236,20.52,Joules,power/energy-pkg/,1000670222,100.00,,
    52.050014264,20.66,Joules,power/energy-pkg/,1001078833,100.00,,
    53.051194866,19.98,Joules,power/energy-pkg/,1001167315,100.00,,
    54.052282310,18.96,Joules,power/energy-pkg/,1001092465,100.00,,
    55.053201298,20.89,Joules,power/energy-pkg/,1000913083,100.00,,
    56.054293037,17.68,Joules,power/energy-pkg/,1001087432,100.00,,
    57.055387253,17.67,Joules,power/energy-pkg/,1001073858,100.00,,
    58.056470616,20.55,Joules,power/energy-pkg/,1001093465,100.00,,
    59.056935658,18.78,Joules,power/energy-pkg/,1000443349,100.00,,
    60.058013972,21.72,Joules,power/energy-pkg/,1001086511,100.00,,
    61.059118520,20.62,Joules,power/energy-pkg/,1001096305,100.00,,
    62.059990934,20.28,Joules,power/energy-pkg/,1000883277,100.00,,
    63.060959317,21.03,Joules,power/energy-pkg/,1000942842,100.00,,
    64.061133202,20.46,Joules,power/energy-pkg/,1000169673,100.00,,
    65.062204775,26.41,Joules,power/energy-pkg/,1001068279,100.00,,
    66.063287485,19.06,Joules,power/energy-pkg/,1001069179,100.00,,
    67.064399063,17.58,Joules,power/energy-pkg/,1001112895,100.00,,
    68.064933129,21.14,Joules,power/energy-pkg/,1000516395,100.00,,
    69.065100247,26.23,Joules,power/energy-pkg/,1000168683,100.00,,
    70.066188948,34.42,Joules,power/energy-pkg/,1001079983,100.00,,
    71.067301449,29.03,Joules,power/energy-pkg/,1001114562,100.00,,
    72.068376566,30.40,Joules,power/energy-pkg/,1001055139,100.00,,
    73.068938952,25.67,Joules,power/energy-pkg/,1000756469,100.00,,
    74.070243553,51.49,Joules,power/energy-pkg/,1001120193,100.00,,
    75.070608130,56.31,Joules,power/energy-pkg/,1000357745,100.00,,
    76.071804875,55.97,Joules,power/energy-pkg/,1001198590,100.00,,
    77.072955545,51.92,Joules,power/energy-pkg/,1001157078,100.00,,
    78.074165863,49.49,Joules,power/energy-pkg/,1001213260,100.00,,
    79.075422415,51.79,Joules,power/energy-pkg/,1001235825,100.00,,
    80.076684227,47.25,Joules,power/energy-pkg/,1001249529,100.00,,
    81.076948575,43.90,Joules,power/energy-pkg/,1000259689,100.00,,
    82.078103343,48.63,Joules,power/energy-pkg/,1001125461,100.00,,
    83.079230074,52.84,Joules,power/energy-pkg/,1001137613,100.00,,
    84.080321174,48.08,Joules,power/energy-pkg/,1001065409,100.00,,
    85.080949183,49.58,Joules,power/energy-pkg/,1000626036,100.00,,
    86.082059688,45.34,Joules,power/energy-pkg/,1001124840,100.00,,
    87.083249676,41.92,Joules,power/energy-pkg/,1001167385,100.00,,
    88.083437645,49.06,Joules,power/energy-pkg/,1000212764,100.00,,
    89.084572465,49.25,Joules,power/energy-pkg/,1001156887,100.00,,
    90.084934937,46.41,Joules,power/energy-pkg/,1000289814,100.00,,
    91.086014020,49.59,Joules,power/energy-pkg/,1001073455,100.00,,
    92.087101187,49.31,Joules,power/energy-pkg/,1001093946,100.00,,
    93.088185423,45.69,Joules,power/energy-pkg/,1001064667,100.00,,
    94.088958849,43.75,Joules,power/energy-pkg/,1000826737,100.00,,
    95.090212774,45.73,Joules,power/energy-pkg/,1001224053,100.00,,
    96.091406446,50.82,Joules,power/energy-pkg/,1001194838,100.00,,
    97.092605420,47.55,Joules,power/energy-pkg/,1001155303,100.00,,
    98.092946283,45.17,Joules,power/energy-pkg/,1000357321,100.00,,
    99.094151362,45.66,Joules,power/energy-pkg/,1001205412,100.00,,
   100.095390462,33.48,Joules,power/energy-pkg/,1001212192,100.00,,
   101.096478521,28.49,Joules,power/energy-pkg/,1001082491,100.00,,
   102.096949673,31.91,Joules,power/energy-pkg/,1000452481,100.00,,
   103.098015923,33.10,Joules,power/energy-pkg/,1001060391,100.00,,
   104.098382667,32.53,Joules,power/energy-pkg/,1000368780,100.00,,
   105.099464168,29.59,Joules,power/energy-pkg/,1001067487,100.00,,
   106.100543303,27.74,Joules,power/energy-pkg/,1001084298,100.00,,
   107.100954220,28.72,Joules,power/energy-pkg/,1000404978,100.00,,
   108.102048319,30.90,Joules,power/energy-pkg/,1001102588,100.00,,
   109.103152770,30.66,Joules,power/energy-pkg/,1001084373,100.00,,
   110.104234622,27.50,Joules,power/energy-pkg/,1001079221,100.00,,
   111.104947562,31.37,Joules,power/energy-pkg/,1000730529,100.00,,
   112.106116583,36.96,Joules,power/energy-pkg/,1001137622,100.00,,
   113.107198218,26.61,Joules,power/energy-pkg/,1001074991,100.00,,
   114.108286009,28.95,Joules,power/energy-pkg/,1001082973,100.00,,
   115.108960035,27.99,Joules,power/energy-pkg/,1000661087,100.00,,
   116.109443092,27.70,Joules,power/energy-pkg/,1000502529,100.00,,
   117.110565048,37.67,Joules,power/energy-pkg/,1001097890,100.00,,
   118.111731005,22.17,Joules,power/energy-pkg/,1001166357,100.00,,
   119.190403912,31.50,Joules,power/energy-pkg/,1078659382,100.00,,
   120.191491457,27.94,Joules,power/energy-pkg/,1001081693,100.00,,
   121.192580700,31.53,Joules,power/energy-pkg/,1001082924,100.00,,
   122.192938040,30.61,Joules,power/energy-pkg/,1000340830,100.00,,
   123.194019008,27.63,Joules,power/energy-pkg/,1001072228,100.00,,
   124.195091913,29.33,Joules,power/energy-pkg/,1001078840,100.00,,
   125.196178185,35.56,Joules,power/energy-pkg/,1001082568,100.00,,
   126.196934182,31.61,Joules,power/energy-pkg/,1000736367,100.00,,
   127.197985142,32.04,Joules,power/energy-pkg/,1001091239,100.00,,
   128.199120149,29.33,Joules,power/energy-pkg/,1001096771,100.00,,
   129.199734292,28.71,Joules,power/energy-pkg/,1000625624,100.00,,
   130.200830193,27.73,Joules,power/energy-pkg/,1001058491,100.00,,
   131.200937399,32.42,Joules,power/energy-pkg/,1000103639,100.00,,
   132.202021369,31.39,Joules,power/energy-pkg/,1001076624,100.00,,
   133.203092990,33.29,Joules,power/energy-pkg/,1001064778,100.00,,
   134.204165848,30.21,Joules,power/energy-pkg/,1001080085,100.00,,
   135.204948465,29.85,Joules,power/energy-pkg/,1000774227,100.00,,
   136.206029118,29.84,Joules,power/energy-pkg/,1001065909,100.00,,
   137.207134678,14.92,Joules,power/energy-pkg/,1001097093,100.00,,
   138.208197676,20.58,Joules,power/energy-pkg/,1001059939,100.00,,
   139.208940299,24.58,Joules,power/energy-pkg/,1000740172,100.00,,
   140.210054002,30.89,Joules,power/energy-pkg/,1001119539,100.00,,
   141.210726327,33.35,Joules,power/energy-pkg/,1000662026,100.00,,
   142.211804972,26.15,Joules,power/energy-pkg/,1001059145,100.00,,
   143.212882408,28.66,Joules,power/energy-pkg/,1001090081,100.00,,
   144.213991243,19.95,Joules,power/energy-pkg/,1001097997,100.00,,
   145.215080679,21.42,Joules,power/energy-pkg/,1001082804,100.00,,
   146.216170374,31.94,Joules,power/energy-pkg/,1001087059,100.00,,
   147.216944796,31.01,Joules,power/energy-pkg/,1000750801,100.00,,
   148.218024767,32.26,Joules,power/energy-pkg/,1001081674,100.00,,
   149.219096924,32.67,Joules,power/energy-pkg/,1001068878,100.00,,
   150.220167715,28.49,Joules,power/energy-pkg/,1001056680,100.00,,
   151.220936001,28.00,Joules,power/energy-pkg/,1000763892,100.00,,
   152.222029112,29.80,Joules,power/energy-pkg/,1001098150,100.00,,
   153.223120163,31.29,Joules,power/energy-pkg/,1001083075,100.00,,
   154.224194132,25.56,Joules,power/energy-pkg/,1001056341,100.00,,
   155.224936593,27.90,Joules,power/energy-pkg/,1000735830,100.00,,
   156.226002209,27.67,Joules,power/energy-pkg/,1001069734,100.00,,
   157.227084318,27.46,Joules,power/energy-pkg/,1001078812,100.00,,
   158.228165058,34.63,Joules,power/energy-pkg/,1001105162,100.00,,
   159.228941693,32.08,Joules,power/energy-pkg/,1000727418,100.00,,
   160.230004156,30.05,Joules,power/energy-pkg/,1001056405,100.00,,
   161.230379049,34.48,Joules,power/energy-pkg/,1000402527,100.00,,
   162.231305908,28.75,Joules,power/energy-pkg/,1000916298,100.00,,
   163.232247836,28.31,Joules,power/energy-pkg/,1000935674,100.00,,
   164.232959098,27.24,Joules,power/energy-pkg/,1000680859,100.00,,
   165.234035477,29.18,Joules,power/energy-pkg/,1001079879,100.00,,
   166.235123966,31.24,Joules,power/energy-pkg/,1001084278,100.00,,
   167.571314574,32.26,Joules,power/energy-pkg/,1336169240,100.00,,
   168.572402113,29.66,Joules,power/energy-pkg/,1001083635,100.00,,
   170.278104141,37.19,Joules,power/energy-pkg/,1705687429,100.00,,
   171.279180291,28.19,Joules,power/energy-pkg/,1001084714,100.00,,
   172.280259486,28.94,Joules,power/energy-pkg/,1001060184,100.00,,
   173.280953602,32.66,Joules,power/energy-pkg/,1000693882,100.00,,
   174.282029170,31.09,Joules,power/energy-pkg/,1001062460,100.00,,
   175.283092668,29.02,Joules,power/energy-pkg/,1001059949,100.00,,
   176.283757527,28.78,Joules,power/energy-pkg/,1000683504,100.00,,
   177.284865372,33.43,Joules,power/energy-pkg/,1001083447,100.00,,
   178.285599012,30.24,Joules,power/energy-pkg/,1000748230,100.00,,
   179.286702732,29.22,Joules,power/energy-pkg/,1001083077,100.00,,
   180.287782942,27.75,Joules,power/energy-pkg/,1001060251,100.00,,
   181.287998170,31.68,Joules,power/energy-pkg/,1000222857,100.00,,
   182.288995086,29.68,Joules,power/energy-pkg/,1000987009,100.00,,
   183.290111722,31.50,Joules,power/energy-pkg/,1001109565,100.00,,
   184.291197356,26.59,Joules,power/energy-pkg/,1001070963,100.00,,
   185.292270868,28.43,Joules,power/energy-pkg/,1001068901,100.00,,
   186.292954364,28.15,Joules,power/energy-pkg/,1000686904,100.00,,
   187.294035729,33.70,Joules,power/energy-pkg/,1001065275,100.00,,
   188.295123491,29.75,Joules,power/energy-pkg/,1001093765,100.00,,
   189.295577837,30.50,Joules,power/energy-pkg/,1000456177,100.00,,
   190.296706565,29.30,Joules,power/energy-pkg/,1001111474,100.00,,
   191.296950048,28.19,Joules,power/energy-pkg/,1000243065,100.00,,
   192.298030056,27.24,Joules,power/energy-pkg/,1001061417,100.00,,
   193.299117294,29.87,Joules,power/energy-pkg/,1001105289,100.00,,
   194.299653240,28.99,Joules,power/energy-pkg/,1000519449,100.00,,
   195.300758951,33.44,Joules,power/energy-pkg/,1001095421,100.00,,
   196.300937145,26.20,Joules,power/energy-pkg/,1000175729,100.00,,
   197.480579264,22.06,Joules,power/energy-pkg/,1179638023,100.00,,
   198.480953683,34.50,Joules,power/energy-pkg/,1000367462,100.00,,
   199.481221840,33.80,Joules,power/energy-pkg/,1000268154,100.00,,
   200.481468883,31.76,Joules,power/energy-pkg/,1000248012,100.00,,
   201.482592699,30.54,Joules,power/energy-pkg/,1001087230,100.00,,
   202.483671129,27.71,Joules,power/energy-pkg/,1001071551,100.00,,
   203.484752873,30.35,Joules,power/energy-pkg/,1001259653,100.00,,
   204.485842755,29.83,Joules,power/energy-pkg/,1000935134,100.00,,
   205.486941178,27.79,Joules,power/energy-pkg/,1001057214,100.00,,
   206.488008300,28.05,Joules,power/energy-pkg/,1001060764,100.00,,
   207.488951450,27.55,Joules,power/energy-pkg/,1000946526,100.00,,
   208.490022291,31.21,Joules,power/energy-pkg/,1001055043,100.00,,
   209.491097215,21.52,Joules,power/energy-pkg/,1001082564,100.00,,
   210.492168937,34.91,Joules,power/energy-pkg/,1001052229,100.00,,
   211.492943957,31.97,Joules,power/energy-pkg/,1000779740,100.00,,
   212.494030525,28.33,Joules,power/energy-pkg/,1001068736,100.00,,
   213.495124285,29.88,Joules,power/energy-pkg/,1001099067,100.00,,
   214.496200669,31.97,Joules,power/energy-pkg/,1001060201,100.00,,
   215.496932241,31.20,Joules,power/energy-pkg/,1000725738,100.00,,
   216.498009854,27.76,Joules,power/energy-pkg/,1001083827,100.00,,
   217.499087385,30.64,Joules,power/energy-pkg/,1001072225,100.00,,
   218.500180737,27.78,Joules,power/energy-pkg/,1001087734,100.00,,
   219.500932478,27.05,Joules,power/energy-pkg/,1000730446,100.00,,
   220.501997906,29.67,Joules,power/energy-pkg/,1001093484,100.00,,
   221.503141793,30.28,Joules,power/energy-pkg/,1001118196,100.00,,
   222.504219990,27.43,Joules,power/energy-pkg/,1001059160,100.00,,
   223.504954535,30.67,Joules,power/energy-pkg/,1000737604,100.00,,
   224.506036203,30.97,Joules,power/energy-pkg/,1001078888,100.00,,
   225.507121050,29.88,Joules,power/energy-pkg/,1001078623,100.00,,
   226.508198727,32.03,Joules,power/energy-pkg/,1001058558,100.00,,
   227.508962611,28.05,Joules,power/energy-pkg/,1000759737,100.00,,
   228.510038298,29.63,Joules,power/energy-pkg/,1001081528,100.00,,
   229.511113038,27.97,Joules,power/energy-pkg/,1001054494,100.00,,
   230.512177778,28.17,Joules,power/energy-pkg/,1001062899,100.00,,
   231.512962511,30.39,Joules,power/energy-pkg/,1000792493,100.00,,
   232.580940895,26.40,Joules,power/energy-pkg/,1067956087,100.00,,
   233.582052213,31.51,Joules,power/energy-pkg/,1001117879,100.00,,
   234.582645228,29.48,Joules,power/energy-pkg/,1000641686,100.00,,
   235.583787611,29.28,Joules,power/energy-pkg/,1001068779,100.00,,
   236.584860919,39.20,Joules,power/energy-pkg/,1001066441,100.00,,
   237.584949158,28.13,Joules,power/energy-pkg/,1000091943,100.00,,
   238.586028464,31.09,Joules,power/energy-pkg/,1001070797,100.00,,
   239.587154227,30.16,Joules,power/energy-pkg/,1001123200,100.00,,
   240.588242966,29.61,Joules,power/energy-pkg/,1001081297,100.00,,
   241.588968813,38.63,Joules,power/energy-pkg/,1000710300,100.00,,
   242.590041459,30.12,Joules,power/energy-pkg/,1001065282,100.00,,
   243.591117360,24.47,Joules,power/energy-pkg/,1001133952,100.00,,
   244.592255739,30.30,Joules,power/energy-pkg/,1001073831,100.00,,
   245.592959364,30.27,Joules,power/energy-pkg/,1000698764,100.00,,
   246.594056294,29.12,Joules,power/energy-pkg/,1001114135,100.00,,
   247.594619117,28.52,Joules,power/energy-pkg/,1000536711,100.00,,
   248.595692558,29.35,Joules,power/energy-pkg/,1001057697,100.00,,
   249.596765790,28.45,Joules,power/energy-pkg/,1001083926,100.00,,
   250.596933882,31.21,Joules,power/energy-pkg/,1000145017,100.00,,
   251.597998907,33.51,Joules,power/energy-pkg/,1001058351,100.00,,
   252.599060685,30.92,Joules,power/energy-pkg/,1001056561,100.00,,
   253.600137812,31.91,Joules,power/energy-pkg/,1001071361,100.00,,
   254.600936197,30.12,Joules,power/energy-pkg/,1000792576,100.00,,
   255.602019299,30.77,Joules,power/energy-pkg/,1001089242,100.00,,
   256.603108633,29.18,Joules,power/energy-pkg/,1001095059,100.00,,
   257.603309073,39.45,Joules,power/energy-pkg/,1000199973,100.00,,
   258.604416573,29.70,Joules,power/energy-pkg/,1001089318,100.00,,
   259.687433562,28.02,Joules,power/energy-pkg/,1082996975,100.00,,
   260.688530247,31.22,Joules,power/energy-pkg/,1001085101,100.00,,
   261.688940286,31.49,Joules,power/energy-pkg/,1000404764,100.00,,
   262.690021245,33.33,Joules,power/energy-pkg/,1001085069,100.00,,
   263.691165459,36.39,Joules,power/energy-pkg/,1001126766,100.00,,
   264.691974921,28.54,Joules,power/energy-pkg/,1000825160,100.00,,
   265.692957639,30.11,Joules,power/energy-pkg/,1000963963,100.00,,
   266.694032639,26.97,Joules,power/energy-pkg/,1001074555,100.00,,
   267.694595204,29.75,Joules,power/energy-pkg/,1000571570,100.00,,
   268.695764992,43.01,Joules,power/energy-pkg/,1001147835,100.00,,
   269.696865016,27.95,Joules,power/energy-pkg/,1001094046,100.00,,
   270.697958596,27.83,Joules,power/energy-pkg/,1001088446,100.00,,
   271.699052869,32.77,Joules,power/energy-pkg/,1001096494,100.00,,
   272.699854093,30.80,Joules,power/energy-pkg/,1000788856,100.00,,
   273.700937430,34.63,Joules,power/energy-pkg/,1001061232,100.00,,
   274.702019477,29.77,Joules,power/energy-pkg/,1001089891,100.00,,
   275.703118161,26.97,Joules,power/energy-pkg/,1001103155,100.00,,
   276.704220389,22.23,Joules,power/energy-pkg/,1001071232,100.00,,
   277.704947488,31.32,Joules,power/energy-pkg/,1000721459,100.00,,
   278.706021995,29.59,Joules,power/energy-pkg/,1001069652,100.00,,
   279.707107584,35.47,Joules,power/energy-pkg/,1001087016,100.00,,
   280.708188366,27.46,Joules,power/energy-pkg/,1001089346,100.00,,
   281.708958475,28.91,Joules,power/energy-pkg/,1000756312,100.00,,
   282.710058262,23.61,Joules,power/energy-pkg/,1001094293,100.00,,
   283.718753294,30.50,Joules,power/energy-pkg/,1008681883,100.00,,
   284.719607527,34.78,Joules,power/energy-pkg/,1000848033,100.00,,
   285.720690899,27.70,Joules,power/energy-pkg/,1001079100,100.00,,
   286.720935833,28.50,Joules,power/energy-pkg/,1000225272,100.00,,
   287.721057637,28.12,Joules,power/energy-pkg/,1000123541,100.00,,
   288.722137403,29.12,Joules,power/energy-pkg/,1001082427,100.00,,
   289.723234335,29.17,Joules,power/energy-pkg/,1001076288,100.00,,
   290.724308008,39.71,Joules,power/energy-pkg/,1001065639,100.00,,
   291.724953726,22.79,Joules,power/energy-pkg/,1000647043,100.00,,
   292.726031500,26.23,Joules,power/energy-pkg/,1001078319,100.00,,
   293.727118489,35.16,Joules,power/energy-pkg/,1001079304,100.00,,
   294.728193432,30.94,Joules,power/energy-pkg/,1001057680,100.00,,
   295.728932370,31.26,Joules,power/energy-pkg/,1000730712,100.00,,
   296.729091588,31.42,Joules,power/energy-pkg/,1000161066,100.00,,
   297.730159541,27.05,Joules,power/energy-pkg/,1001053916,100.00,,
   298.731230557,28.58,Joules,power/energy-pkg/,1001078652,100.00,,
   299.732316828,27.34,Joules,power/energy-pkg/,1001080108,100.00,,
   300.733371679,21.75,Joules,power/energy-pkg/,1001221620,100.00,,
   301.734631138,39.96,Joules,power/energy-pkg/,1001081799,100.00,,
   302.735729790,27.90,Joules,power/energy-pkg/,1001085400,100.00,,
   303.736800716,28.91,Joules,power/energy-pkg/,1001080091,100.00,,
   304.736941395,29.40,Joules,power/energy-pkg/,1000127097,100.00,,
   305.738025763,27.63,Joules,power/energy-pkg/,1001082200,100.00,,
   306.739131326,30.92,Joules,power/energy-pkg/,1001084305,100.00,,
   307.739790232,38.01,Joules,power/energy-pkg/,1000669716,100.00,,
   308.740887627,33.05,Joules,power/energy-pkg/,1001082266,100.00,,
   309.741963918,27.32,Joules,power/energy-pkg/,1001057147,100.00,,
   310.742641998,31.82,Joules,power/energy-pkg/,1000695977,100.00,,
   311.743737270,28.80,Joules,power/energy-pkg/,1001066338,100.00,,
   312.744809448,34.10,Joules,power/energy-pkg/,1001078864,100.00,,
   313.744960873,28.06,Joules,power/energy-pkg/,1000135169,100.00,,
   314.746030077,27.60,Joules,power/energy-pkg/,1001060877,100.00,,
   315.747103098,29.62,Joules,power/energy-pkg/,1001079173,100.00,,
   316.748191449,29.70,Joules,power/energy-pkg/,1001081816,100.00,,
   317.748936687,31.90,Joules,power/energy-pkg/,1000727660,100.00,,
   318.749979088,30.36,Joules,power/energy-pkg/,1001053503,100.00,,
   319.750474875,30.22,Joules,power/energy-pkg/,1000497009,100.00,,
   320.751573645,28.37,Joules,power/energy-pkg/,1001081704,100.00,,
   321.752663543,23.11,Joules,power/energy-pkg/,1001073724,100.00,,
   322.752945940,33.04,Joules,power/energy-pkg/,1000276379,100.00,,
   323.754061315,37.18,Joules,power/energy-pkg/,1001115678,100.00,,
   324.755134619,26.34,Joules,power/energy-pkg/,1001054491,100.00,,
   325.756202905,31.20,Joules,power/energy-pkg/,1001081039,100.00,,
   326.756941255,28.50,Joules,power/energy-pkg/,1000717951,100.00,,
   327.758044048,30.11,Joules,power/energy-pkg/,1001092653,100.00,,
   328.759127820,34.86,Joules,power/energy-pkg/,1001099779,100.00,,
   329.760276485,28.72,Joules,power/energy-pkg/,1001145070,100.00,,
   330.760952473,27.62,Joules,power/energy-pkg/,1000652416,100.00,,
   331.762020080,29.39,Joules,power/energy-pkg/,1001054635,100.00,,
   332.763093110,30.94,Joules,power/energy-pkg/,1001079207,100.00,,
   333.764190355,29.65,Joules,power/energy-pkg/,1001079662,100.00,,
   334.764961088,39.60,Joules,power/energy-pkg/,1000767872,100.00,,
   335.766040745,28.44,Joules,power/energy-pkg/,1001076113,100.00,,
   336.767111110,28.21,Joules,power/energy-pkg/,1001057980,100.00,,
   337.768193555,29.69,Joules,power/energy-pkg/,1001087287,100.00,,
   338.768938350,34.32,Joules,power/energy-pkg/,1000726356,100.00,,
   339.770014855,24.30,Joules,power/energy-pkg/,1001072866,100.00,,
   340.770394761,30.82,Joules,power/energy-pkg/,1000393023,100.00,,
   341.771489707,29.11,Joules,power/energy-pkg/,1001080524,100.00,,
   342.771627612,28.28,Joules,power/energy-pkg/,1000127304,100.00,,
   343.772155633,26.96,Joules,power/energy-pkg/,1000535757,100.00,,
   344.772959112,26.87,Joules,power/energy-pkg/,1000780815,100.00,,
   345.774036980,30.73,Joules,power/energy-pkg/,1001077505,100.00,,
   346.774751318,29.08,Joules,power/energy-pkg/,1000708029,100.00,,
   347.775847995,21.16,Joules,power/energy-pkg/,1001096297,100.00,,
   348.796664295,28.51,Joules,power/energy-pkg/,1020790746,100.00,,
   349.796953103,28.30,Joules,power/energy-pkg/,1000487972,100.00,,
   350.798229288,38.03,Joules,power/energy-pkg/,1001078232,100.00,,
   351.799323496,26.86,Joules,power/energy-pkg/,1001088418,100.00,,
   352.800417623,29.15,Joules,power/energy-pkg/,1001086618,100.00,,
   353.800934446,24.42,Joules,power/energy-pkg/,1000498569,100.00,,
   354.801497152,26.81,Joules,power/energy-pkg/,1000578889,100.00,,
   355.802594384,32.91,Joules,power/energy-pkg/,1001082010,100.00,,
   356.803692255,31.53,Joules,power/energy-pkg/,1001091590,100.00,,
   357.804781506,29.29,Joules,power/energy-pkg/,1001080839,100.00,,
   358.804936717,27.30,Joules,power/energy-pkg/,1000136848,100.00,,
   359.805994355,26.98,Joules,power/energy-pkg/,1001052337,100.00,,
   360.807066504,27.39,Joules,power/energy-pkg/,1001067032,100.00,,
   361.808138763,35.20,Joules,power/energy-pkg/,1001065258,100.00,,
   362.808935653,30.65,Joules,power/energy-pkg/,1000790219,100.00,,
   363.810018647,28.42,Joules,power/energy-pkg/,1001105152,100.00,,
   364.810715215,30.68,Joules,power/energy-pkg/,1000695916,100.00,,
   365.811815102,33.05,Joules,power/energy-pkg/,1001062477,100.00,,
   366.812897630,34.89,Joules,power/energy-pkg/,1001131488,100.00,,
   367.814093808,25.37,Joules,power/energy-pkg/,1001159842,100.00,,
   368.815191159,29.22,Joules,power/energy-pkg/,1001077121,100.00,,
   369.816028125,29.15,Joules,power/energy-pkg/,1000841282,100.00,,
   370.816951452,29.16,Joules,power/energy-pkg/,1000899938,100.00,,
   371.818028532,28.85,Joules,power/energy-pkg/,1001076696,100.00,,
   372.819112733,30.64,Joules,power/energy-pkg/,1001076548,100.00,,
   373.820212065,28.01,Joules,power/energy-pkg/,1001091725,100.00,,
   374.820937851,29.69,Joules,power/energy-pkg/,1000708338,100.00,,
   375.821998713,34.38,Joules,power/energy-pkg/,1001055120,100.00,,
   376.823068659,32.74,Joules,power/energy-pkg/,1001066111,100.00,,
   377.824153737,30.48,Joules,power/energy-pkg/,1001092785,100.00,,
   378.824951908,27.80,Joules,power/energy-pkg/,1000787164,100.00,,
   379.826034930,31.85,Joules,power/energy-pkg/,1001078676,100.00,,
   380.827098689,32.11,Joules,power/energy-pkg/,1001078809,100.00,,
   381.828221505,32.79,Joules,power/energy-pkg/,1001096893,100.00,,
   382.828943967,25.47,Joules,power/energy-pkg/,1004697987,100.00,,
   383.834060601,37.07,Joules,power/energy-pkg/,1001126615,100.00,,
   384.835142231,29.38,Joules,power/energy-pkg/,1001076114,100.00,,
   385.836215599,29.57,Joules,power/energy-pkg/,1001054840,100.00,,
   386.836957148,30.43,Joules,power/energy-pkg/,1000746203,100.00,,
   387.838047269,27.62,Joules,power/energy-pkg/,1001084374,100.00,,
   388.839117912,32.18,Joules,power/energy-pkg/,1001050905,100.00,,
   389.840175891,27.39,Joules,power/energy-pkg/,1001053056,100.00,,
   390.840938567,27.92,Joules,power/energy-pkg/,1000815467,100.00,,
   391.842065833,27.15,Joules,power/energy-pkg/,1001061534,100.00,,
   392.843148671,29.91,Joules,power/energy-pkg/,1001089489,100.00,,
   393.844227221,32.49,Joules,power/energy-pkg/,1001068129,100.00,,
   394.844935847,38.47,Joules,power/energy-pkg/,1000709793,100.00,,
   395.846016678,29.79,Joules,power/energy-pkg/,1001058726,100.00,,
   396.847087341,30.17,Joules,power/energy-pkg/,1008710145,100.00,,
   397.855853924,27.34,Joules,power/energy-pkg/,1001121032,100.00,,
   398.856936566,32.11,Joules,power/energy-pkg/,1001070794,100.00,,
   399.858017474,37.48,Joules,power/energy-pkg/,1001081373,100.00,,
   400.858555025,27.15,Joules,power/energy-pkg/,1000544428,100.00,,
   401.859650797,27.92,Joules,power/energy-pkg/,1001080156,100.00,,
   402.860757570,27.98,Joules,power/energy-pkg/,1001094436,100.00,,
   403.882466766,27.33,Joules,power/energy-pkg/,1021707157,100.00,,
   404.883553789,32.71,Joules,power/energy-pkg/,1001081236,100.00,,
   405.884104165,30.60,Joules,power/energy-pkg/,1000574443,100.00,,
   406.884944442,25.95,Joules,power/energy-pkg/,1000807715,100.00,,
   407.886040310,28.77,Joules,power/energy-pkg/,1001087925,100.00,,
   408.887119713,28.98,Joules,power/energy-pkg/,1001072796,100.00,,
   409.888208237,31.36,Joules,power/energy-pkg/,1001081466,100.00,,
   410.888940395,32.27,Joules,power/energy-pkg/,1000714786,100.00,,
   411.890001292,32.37,Joules,power/energy-pkg/,1001054330,100.00,,
   412.891080970,34.64,Joules,power/energy-pkg/,1001090506,100.00,,
   413.891342874,19.89,Joules,power/energy-pkg/,1000260796,100.00,,
   414.892443972,33.13,Joules,power/energy-pkg/,1001085467,100.00,,
   415.892952688,36.14,Joules,power/energy-pkg/,1000503044,100.00,,
   416.894096209,33.15,Joules,power/energy-pkg/,1001124997,100.00,,
   417.895165104,28.13,Joules,power/energy-pkg/,1001060669,100.00,,
   418.895969884,27.87,Joules,power/energy-pkg/,1000819158,100.00,,
   419.896952489,31.84,Joules,power/energy-pkg/,1000966142,100.00,,
   420.898027590,30.77,Joules,power/energy-pkg/,1001067628,100.00,,
   421.899102505,37.43,Joules,power/energy-pkg/,1001059919,100.00,,
   422.900176533,26.40,Joules,power/energy-pkg/,1001081503,100.00,,
   423.900946818,29.00,Joules,power/energy-pkg/,1000763168,100.00,,
   424.902038953,27.87,Joules,power/energy-pkg/,1001086987,100.00,,
   425.903128501,28.34,Joules,power/energy-pkg/,1001082662,100.00,,
   426.974594000,40.46,Joules,power/energy-pkg/,1071497186,100.00,,
   427.975713711,27.34,Joules,power/energy-pkg/,1001061666,100.00,,
   428.976784328,27.55,Joules,power/energy-pkg/,1001077492,100.00,,
   429.976951663,28.65,Joules,power/energy-pkg/,1000158493,100.00,,
   430.978035544,30.44,Joules,power/energy-pkg/,1001069228,100.00,,
   432.027073185,31.03,Joules,power/energy-pkg/,1049030951,100.00,,
   433.028165451,33.45,Joules,power/energy-pkg/,1001098187,100.00,,
   434.028960637,26.61,Joules,power/energy-pkg/,1000792227,100.00,,
   435.378812387,35.61,Joules,power/energy-pkg/,1349834352,100.00,,
   436.379218366,31.75,Joules,power/energy-pkg/,1000414167,100.00,,
   437.380319223,18.63,Joules,power/energy-pkg/,1001084253,100.00,,
   438.380934020,39.20,Joules,power/energy-pkg/,1000595553,100.00,,
   439.382005911,27.05,Joules,power/energy-pkg/,1001089244,100.00,,
   440.382622645,25.20,Joules,power/energy-pkg/,1000606708,100.00,,
   441.383708659,28.94,Joules,power/energy-pkg/,1001069294,100.00,,
   442.384511921,30.07,Joules,power/energy-pkg/,1000814539,100.00,,
   443.384952983,33.84,Joules,power/energy-pkg/,1000422890,100.00,,
   444.386045439,27.97,Joules,power/energy-pkg/,1001071897,100.00,,
   445.387121492,30.81,Joules,power/energy-pkg/,1001084097,100.00,,
   446.388224208,30.38,Joules,power/energy-pkg/,1001088794,100.00,,
   447.389226854,32.25,Joules,power/energy-pkg/,1001024377,100.00,,
   448.390342067,29.46,Joules,power/energy-pkg/,1001086468,100.00,,
   449.390644396,30.98,Joules,power/energy-pkg/,1000299677,100.00,,
   450.391731609,28.69,Joules,power/energy-pkg/,1002270401,100.00,,
   451.394020445,28.86,Joules,power/energy-pkg/,1001078855,100.00,,
   452.395111647,30.32,Joules,power/energy-pkg/,1001096464,100.00,,
   453.396192797,32.10,Joules,power/energy-pkg/,1001074522,100.00,,
   454.397111737,36.06,Joules,power/energy-pkg/,1000898440,100.00,,
   455.397858412,27.37,Joules,power/energy-pkg/,1000777744,100.00,,
   456.398980326,27.98,Joules,power/energy-pkg/,1001091742,100.00,,
   457.400062973,25.72,Joules,power/energy-pkg/,1001063532,100.00,,
   458.400957152,29.16,Joules,power/energy-pkg/,1000904321,100.00,,
   459.402045821,32.43,Joules,power/energy-pkg/,1001079846,100.00,,
   460.403144893,35.92,Joules,power/energy-pkg/,1001080439,100.00,,
   461.404221739,26.92,Joules,power/energy-pkg/,1001068691,100.00,,
   462.404958696,30.05,Joules,power/energy-pkg/,1000739116,100.00,,
   463.406060852,20.71,Joules,power/energy-pkg/,1001094390,100.00,,
   464.463878754,30.84,Joules,power/energy-pkg/,1057818968,100.00,,
   465.464939448,44.81,Joules,power/energy-pkg/,1001040674,100.00,,
   466.466016548,29.90,Joules,power/energy-pkg/,1001079764,100.00,,
   467.467094494,21.49,Joules,power/energy-pkg/,1001077642,100.00,,
   468.468183235,28.07,Joules,power/energy-pkg/,1001066495,100.00,,
   469.468965848,27.15,Joules,power/energy-pkg/,1000779367,100.00,,
   470.470038808,33.82,Joules,power/energy-pkg/,1001065557,100.00,,
   471.470752290,30.87,Joules,power/energy-pkg/,1000714241,100.00,,
   472.471135850,27.38,Joules,power/energy-pkg/,1000394603,100.00,,
   473.472248031,28.59,Joules,power/energy-pkg/,1001093020,100.00,,
   474.472961487,30.76,Joules,power/energy-pkg/,1000700202,100.00,,
   475.474037066,29.33,Joules,power/energy-pkg/,1003716702,100.00,,
   476.476969916,35.59,Joules,power/energy-pkg/,1000272192,100.00,,
   477.478033376,30.50,Joules,power/energy-pkg/,1001059420,100.00,,
   478.478462053,27.96,Joules,power/energy-pkg/,1000455887,100.00,,
   479.479559474,26.73,Joules,power/energy-pkg/,1001055844,100.00,,
   480.480638501,29.37,Joules,power/energy-pkg/,1001088345,100.00,,
   481.480962545,33.48,Joules,power/energy-pkg/,1000304027,100.00,,
   482.482034237,35.82,Joules,power/energy-pkg/,1001064601,100.00,,
   483.483114269,30.19,Joules,power/energy-pkg/,1001087129,100.00,,
   484.484213765,32.79,Joules,power/energy-pkg/,1001081425,100.00,,
   485.485103466,31.72,Joules,power/energy-pkg/,1000891090,100.00,,
   486.486181778,34.03,Joules,power/energy-pkg/,1001061615,100.00,,
   487.487253706,34.65,Joules,power/energy-pkg/,1001079802,100.00,,
   488.488341327,28.02,Joules,power/energy-pkg/,1001080487,100.00,,
   489.488953766,33.73,Joules,power/energy-pkg/,1000622390,100.00,,
   490.490063150,30.60,Joules,power/energy-pkg/,1001082184,100.00,,
   491.491144706,27.54,Joules,power/energy-pkg/,1001085876,100.00,,
   492.492063695,29.66,Joules,power/energy-pkg/,1000916661,100.00,,
   493.492945368,31.75,Joules,power/energy-pkg/,1000862256,100.00,,
   494.494028109,27.23,Joules,power/energy-pkg/,1001069117,100.00,,
   495.495117220,30.30,Joules,power/energy-pkg/,1001080879,100.00,,
   496.496204676,31.51,Joules,power/energy-pkg/,1001094599,100.00,,
   497.496972426,27.45,Joules,power/energy-pkg/,1000766277,100.00,,
   498.808159671,39.93,Joules,power/energy-pkg/,1311172725,100.00,,
   499.808966766,29.40,Joules,power/energy-pkg/,1000789505,100.00,,
   500.810044388,29.47,Joules,power/energy-pkg/,1001071266,100.00,,
   501.811120949,28.84,Joules,power/energy-pkg/,1001068534,100.00,,
   502.812275040,29.46,Joules,power/energy-pkg/,1001167447,100.00,,
   503.968934128,37.49,Joules,power/energy-pkg/,1156631577,100.00,,
   504.969358918,27.84,Joules,power/energy-pkg/,1000434791,100.00,,
   505.969926597,27.16,Joules,power/energy-pkg/,1000561898,100.00,,
   506.971018646,31.79,Joules,power/energy-pkg/,1001081113,100.00,,
   507.972096186,28.22,Joules,power/energy-pkg/,1001058712,100.00,,
   508.974009350,35.91,Joules,power/energy-pkg/,1001931859,100.00,,
   509.974599249,32.56,Joules,power/energy-pkg/,1000611899,100.00,,
   510.975735143,31.35,Joules,power/energy-pkg/,1001088967,100.00,,
   511.976812245,29.50,Joules,power/energy-pkg/,1001067241,100.00,,
   512.976940149,29.50,Joules,power/energy-pkg/,1000132376,100.00,,
   513.978073602,28.03,Joules,power/energy-pkg/,1001122353,100.00,,
   514.979162787,42.16,Joules,power/energy-pkg/,1001081164,100.00,,
   515.980246285,28.23,Joules,power/energy-pkg/,1001077923,100.00,,
   516.981327428,33.69,Joules,power/energy-pkg/,1001067055,100.00,,
   517.982407172,22.44,Joules,power/energy-pkg/,1001080672,100.00,,
   518.983499956,32.48,Joules,power/energy-pkg/,1001086234,100.00,,
   519.984608942,39.39,Joules,power/energy-pkg/,1001113322,100.00,,
   520.984940670,30.55,Joules,power/energy-pkg/,1000302657,100.00,,
   521.985067937,27.29,Joules,power/energy-pkg/,1000128488,100.00,,
   522.986145914,28.80,Joules,power/energy-pkg/,1001063144,100.00,,
   523.987222245,28.44,Joules,power/energy-pkg/,1001081727,100.00,,
   524.988310918,27.68,Joules,power/energy-pkg/,1001079736,100.00,,
   525.988933369,39.43,Joules,power/energy-pkg/,1000605309,100.00,,
   526.989585217,28.78,Joules,power/energy-pkg/,1000685124,100.00,,
   527.990699726,22.85,Joules,power/energy-pkg/,1001086033,100.00,,
   528.991796868,31.15,Joules,power/energy-pkg/,1001089657,100.00,,
   529.992889437,32.26,Joules,power/energy-pkg/,1001074055,100.00,,
   530.994014605,39.03,Joules,power/energy-pkg/,1001152030,100.00,,
   531.995281010,32.59,Joules,power/energy-pkg/,1001223258,100.00,,
   532.996354385,26.66,Joules,power/energy-pkg/,1001080289,100.00,,
   533.996952748,28.94,Joules,power/energy-pkg/,1000595694,100.00,,
   534.998058275,32.03,Joules,power/energy-pkg/,1001094764,100.00,,
   536.443433990,37.97,Joules,power/energy-pkg/,1445358802,100.00,,
   537.444522409,30.32,Joules,power/energy-pkg/,1001081080,100.00,,
   538.444934820,29.90,Joules,power/energy-pkg/,1000403104,100.00,,
   539.446000287,28.58,Joules,power/energy-pkg/,1001059251,100.00,,
   540.447069894,25.49,Joules,power/energy-pkg/,1001076008,100.00,,
   541.448148043,31.53,Joules,power/energy-pkg/,1001058146,100.00,,
   542.448940644,32.86,Joules,power/energy-pkg/,1000786844,100.00,,
   543.450011602,27.49,Joules,power/energy-pkg/,1001075960,100.00,,
   544.451084316,28.19,Joules,power/energy-pkg/,1001054108,100.00,,
   545.452150243,28.18,Joules,power/energy-pkg/,1001073307,100.00,,
   546.452956150,26.98,Joules,power/energy-pkg/,1000798287,100.00,,
   547.454045080,33.85,Joules,power/energy-pkg/,1001084663,100.00,,
   548.455131644,27.33,Joules,power/energy-pkg/,1001079897,100.00,,
   549.456219122,27.52,Joules,power/energy-pkg/,1001080504,100.00,,
   550.456933179,24.84,Joules,power/energy-pkg/,1000694752,100.00,,
   551.458011158,26.57,Joules,power/energy-pkg/,1001085077,100.00,,
   552.459099639,26.70,Joules,power/energy-pkg/,1001082343,100.00,,
   553.460189639,30.94,Joules,power/energy-pkg/,1001086062,100.00,,
   554.460938161,29.11,Joules,power/energy-pkg/,1000731030,100.00,,
   555.461835364,24.58,Joules,power/energy-pkg/,1000899294,100.00,,
   556.462909605,21.33,Joules,power/energy-pkg/,1001054048,100.00,,
   557.463907781,19.54,Joules,power/energy-pkg/,1001014806,100.00,,
   558.464935615,28.20,Joules,power/energy-pkg/,1001000698,100.00,,
   559.466020128,22.66,Joules,power/energy-pkg/,1001088425,100.00,,
   560.467097696,24.86,Joules,power/energy-pkg/,1001072849,100.00,,
   561.468192413,20.90,Joules,power/energy-pkg/,1001084792,100.00,,
   562.468939828,19.13,Joules,power/energy-pkg/,1000733778,100.00,,
   563.470031445,20.55,Joules,power/energy-pkg/,1001082943,100.00,,
   564.471115321,19.90,Joules,power/energy-pkg/,1001076386,100.00,,
   565.472177044,18.03,Joules,power/energy-pkg/,1001056652,100.00,,
   566.472946598,19.06,Joules,power/energy-pkg/,1000763616,100.00,,
   567.474030103,18.70,Joules,power/energy-pkg/,1001089122,100.00,,
   568.475106415,16.84,Joules,power/energy-pkg/,1001055475,100.00,,
   569.476170584,19.06,Joules,power/energy-pkg/,1001076557,100.00,,
   570.476931867,19.50,Joules,power/energy-pkg/,1000737155,100.00,,
   571.477992736,18.21,Joules,power/energy-pkg/,1001054233,100.00,,
   572.479064579,21.33,Joules,power/energy-pkg/,1001079471,100.00,,
   573.480157249,19.03,Joules,power/energy-pkg/,1001073790,100.00,,
   574.480952392,19.71,Joules,power/energy-pkg/,1000803427,100.00,,
   575.482047823,19.34,Joules,power/energy-pkg/,1001087054,100.00,,
   576.483151347,21.17,Joules,power/energy-pkg/,1001097037,100.00,,
   577.484239710,21.40,Joules,power/energy-pkg/,1001082396,100.00,,
   578.484935172,20.36,Joules,power/energy-pkg/,1000676050,100.00,,
   579.486019860,22.39,Joules,power/energy-pkg/,1001089981,100.00,,
   580.486711226,22.29,Joules,power/energy-pkg/,1000681042,100.00,,
   581.487793595,20.25,Joules,power/energy-pkg/,1001067696,100.00,,
   582.488869949,20.88,Joules,power/energy-pkg/,1001083817,100.00,,
   583.489963038,21.64,Joules,power/energy-pkg/,1001084774,100.00,,
   584.491047102,21.32,Joules,power/energy-pkg/,1001068517,100.00,,
   585.492126820,20.31,Joules,power/energy-pkg/,1001072846,100.00,,
   586.492955828,20.91,Joules,power/energy-pkg/,1000829124,100.00,,
   587.494046024,19.86,Joules,power/energy-pkg/,1001089042,100.00,,
   588.495135552,23.69,Joules,power/energy-pkg/,1001069614,100.00,,
   589.496214179,22.58,Joules,power/energy-pkg/,1001085666,100.00,,
   590.496933434,22.08,Joules,power/energy-pkg/,1000697979,100.00,,
