# started on Thu Apr 13 15:24:25 2023

     1.000198440,9.68,Joules,power/energy-ram/,1000189537,100.00,,
     1.000198440,20.74,Joules,power/energy-pkg/,1000188983,100.00,,
     2.000458280,17.83,Joules,power/energy-ram/,1000254940,100.00,,
     2.000458280,27.02,Joules,power/energy-pkg/,1000256127,100.00,,
     3.000617226,19.32,Joules,power/energy-ram/,1000148964,100.00,,
     3.000617226,26.16,Joules,power/energy-pkg/,1000148233,100.00,,
     4.000859654,13.32,Joules,power/energy-ram/,1000235113,100.00,,
     4.000859654,22.63,Joules,power/energy-pkg/,1000235367,100.00,,
     5.001008861,8.06,Joules,power/energy-ram/,1000140020,100.00,,
     5.001008861,19.77,Joules,power/energy-pkg/,1000137773,100.00,,
     6.001223292,9.17,Joules,power/energy-ram/,1000206820,100.00,,
     6.001223292,20.40,Joules,power/energy-pkg/,1000206840,100.00,,
     7.001460303,8.79,Joules,power/energy-ram/,1000228385,100.00,,
     7.001460303,20.33,Joules,power/energy-pkg/,1000228822,100.00,,
     8.001675956,9.06,Joules,power/energy-ram/,1000207488,100.00,,
     8.001675956,20.03,Joules,power/energy-pkg/,1000207560,100.00,,
     9.001889598,8.82,Joules,power/energy-ram/,1000205598,100.00,,
     9.001889598,20.16,Joules,power/energy-pkg/,1000206006,100.00,,
    10.002086069,9.53,Joules,power/energy-ram/,1000188980,100.00,,
    10.002086069,20.38,Joules,power/energy-pkg/,1000188200,100.00,,
    11.002303014,7.93,Joules,power/energy-ram/,1000209352,100.00,,
    11.002303014,19.75,Joules,power/energy-pkg/,1000209400,100.00,,
    12.002540656,12.21,Joules,power/energy-ram/,1000231072,100.00,,
    12.002540656,21.63,Joules,power/energy-pkg/,1000231942,100.00,,
    13.002681668,7.60,Joules,power/energy-ram/,1000131090,100.00,,
    13.002681668,19.71,Joules,power/energy-pkg/,1000130182,100.00,,
    14.002895414,9.50,Joules,power/energy-ram/,1000206580,100.00,,
    14.002895414,20.53,Joules,power/energy-pkg/,1000206688,100.00,,
    15.003113918,8.45,Joules,power/energy-ram/,1000210932,100.00,,
    15.003113918,20.17,Joules,power/energy-pkg/,1000210948,100.00,,
    16.003336526,8.72,Joules,power/energy-ram/,1000214056,100.00,,
    16.003336526,20.02,Joules,power/energy-pkg/,1000213772,100.00,,
    17.003572760,9.13,Joules,power/energy-ram/,1000229129,100.00,,
    17.003572760,20.24,Joules,power/energy-pkg/,1000229374,100.00,,
    18.003820101,9.40,Joules,power/energy-ram/,1000239843,100.00,,
    18.003820101,20.42,Joules,power/energy-pkg/,1000240554,100.00,,
    19.004048096,7.71,Joules,power/energy-ram/,1000219999,100.00,,
    19.004048096,19.57,Joules,power/energy-pkg/,1000219494,100.00,,
    20.004247511,9.03,Joules,power/energy-ram/,1000191883,100.00,,
    20.004247511,20.40,Joules,power/energy-pkg/,1000191410,100.00,,
    21.004482256,8.68,Joules,power/energy-ram/,1000227139,100.00,,
    21.004482256,20.23,Joules,power/energy-pkg/,1000227251,100.00,,
    22.004703659,8.83,Joules,power/energy-ram/,1000213621,100.00,,
    22.004703659,20.02,Joules,power/energy-pkg/,1000213665,100.00,,
    23.004919569,8.85,Joules,power/energy-ram/,1000207704,100.00,,
    23.004919569,20.24,Joules,power/energy-pkg/,1000208473,100.00,,
    24.005120759,9.20,Joules,power/energy-ram/,1000193050,100.00,,
    24.005120759,20.44,Joules,power/energy-pkg/,1000192818,100.00,,
    25.005346502,8.00,Joules,power/energy-ram/,1000218801,100.00,,
    25.005346502,19.89,Joules,power/energy-pkg/,1000218326,100.00,,
    26.005585670,10.33,Joules,power/energy-ram/,1000231744,100.00,,
    26.005585670,20.99,Joules,power/energy-pkg/,1000232963,100.00,,
    27.005808563,7.61,Joules,power/energy-ram/,1000214867,100.00,,
    27.005808563,19.72,Joules,power/energy-pkg/,1000213781,100.00,,
    28.006044617,10.16,Joules,power/energy-ram/,1000228319,100.00,,
    28.006044617,20.60,Joules,power/energy-pkg/,1000228483,100.00,,
    29.006264160,9.04,Joules,power/energy-ram/,1000212330,100.00,,
    29.006264160,20.04,Joules,power/energy-pkg/,1000212239,100.00,,
    30.006492901,8.50,Joules,power/energy-ram/,1000219430,100.00,,
    30.006492901,20.05,Joules,power/energy-pkg/,1000218798,100.00,,
    31.006690481,8.49,Joules,power/energy-ram/,1000190020,100.00,,
    31.006690481,20.16,Joules,power/energy-pkg/,1000190805,100.00,,
    32.006968299,9.48,Joules,power/energy-ram/,1000270449,100.00,,
    32.006968299,20.51,Joules,power/energy-pkg/,1000269795,100.00,,
    33.007198031,7.85,Joules,power/energy-ram/,1000221087,100.00,,
    33.007198031,19.81,Joules,power/energy-pkg/,1000220746,100.00,,
    34.007419252,9.21,Joules,power/energy-ram/,1000214024,100.00,,
    34.007419252,20.23,Joules,power/energy-pkg/,1000214736,100.00,,
    35.007638428,8.76,Joules,power/energy-ram/,1000211316,100.00,,
    35.007638428,20.09,Joules,power/energy-pkg/,1000210910,100.00,,
    36.007883243,9.03,Joules,power/energy-ram/,1000236223,100.00,,
    36.007883243,20.14,Joules,power/energy-pkg/,1000235033,100.00,,
    37.008069572,8.56,Joules,power/energy-ram/,1000178981,100.00,,
    37.008069572,20.16,Joules,power/energy-pkg/,1000180487,100.00,,
    38.008271387,9.75,Joules,power/energy-ram/,1000195560,100.00,,
    38.008271387,20.56,Joules,power/energy-pkg/,1000195739,100.00,,
    39.008514707,9.14,Joules,power/energy-ram/,1000234196,100.00,,
    39.008514707,20.15,Joules,power/energy-pkg/,1000234105,100.00,,
    40.008743592,10.03,Joules,power/energy-ram/,1000221340,100.00,,
    40.008743592,20.63,Joules,power/energy-pkg/,1000222098,100.00,,
    41.008968431,8.10,Joules,power/energy-ram/,1000216937,100.00,,
    41.008968431,19.63,Joules,power/energy-pkg/,1000215546,100.00,,
    42.009207637,10.03,Joules,power/energy-ram/,1000231900,100.00,,
    42.009207637,20.59,Joules,power/energy-pkg/,1000232296,100.00,,
    43.009430196,8.74,Joules,power/energy-ram/,1000214497,100.00,,
    43.009430196,20.19,Joules,power/energy-pkg/,1000215060,100.00,,
    44.009662638,8.98,Joules,power/energy-ram/,1000224490,100.00,,
    44.009662638,20.11,Joules,power/energy-pkg/,1000223928,100.00,,
    45.009862295,8.82,Joules,power/energy-ram/,1000192431,100.00,,
    45.009862295,20.12,Joules,power/energy-pkg/,1000192256,100.00,,
    46.010084451,9.53,Joules,power/energy-ram/,1000214619,100.00,,
    46.010084451,20.46,Joules,power/energy-pkg/,1000215270,100.00,,
    47.010316660,7.48,Joules,power/energy-ram/,1000223414,100.00,,
    47.010316660,19.66,Joules,power/energy-pkg/,1000222723,100.00,,
    48.010520576,9.36,Joules,power/energy-ram/,1000196509,100.00,,
    48.010520576,20.64,Joules,power/energy-pkg/,1000197271,100.00,,
    49.010736830,8.88,Joules,power/energy-ram/,1000209217,100.00,,
    49.010736830,20.10,Joules,power/energy-pkg/,1000208917,100.00,,
    50.010951914,8.83,Joules,power/energy-ram/,1000206631,100.00,,
    50.010951914,20.05,Joules,power/energy-pkg/,1000206110,100.00,,
    51.011184401,8.67,Joules,power/energy-ram/,1000224185,100.00,,
    51.011184401,20.06,Joules,power/energy-pkg/,1000225339,100.00,,
    52.011390184,8.66,Joules,power/energy-ram/,1000199155,100.00,,
    52.011390184,20.10,Joules,power/energy-pkg/,1000198487,100.00,,
    53.011592430,8.30,Joules,power/energy-ram/,1000193556,100.00,,
    53.011592430,20.00,Joules,power/energy-pkg/,1000193524,100.00,,
    54.011833797,9.33,Joules,power/energy-ram/,1000233720,100.00,,
    54.011833797,20.45,Joules,power/energy-pkg/,1000233366,100.00,,
    55.012033728,7.85,Joules,power/energy-ram/,1000191764,100.00,,
    55.012033728,19.75,Joules,power/energy-pkg/,1000191563,100.00,,
    56.012241943,10.11,Joules,power/energy-ram/,1000201826,100.00,,
    56.012241943,20.45,Joules,power/energy-pkg/,1000202751,100.00,,
    57.012474709,8.69,Joules,power/energy-ram/,1000224190,100.00,,
    57.012474709,20.07,Joules,power/energy-pkg/,1000223366,100.00,,
    58.012695369,8.44,Joules,power/energy-ram/,1000212454,100.00,,
    58.012695369,20.10,Joules,power/energy-pkg/,1000212486,100.00,,
    59.012938977,8.55,Joules,power/energy-ram/,1000236310,100.00,,
    59.012938977,19.95,Joules,power/energy-pkg/,1000236780,100.00,,
    60.013161246,9.41,Joules,power/energy-ram/,1000214711,100.00,,
    60.013161246,20.49,Joules,power/energy-pkg/,1000214674,100.00,,
    61.013385039,7.74,Joules,power/energy-ram/,1000215611,100.00,,
    61.013385039,19.68,Joules,power/energy-pkg/,1000215636,100.00,,
    62.013606842,10.15,Joules,power/energy-ram/,1000216429,100.00,,
    62.013606842,20.77,Joules,power/energy-pkg/,1000217262,100.00,,
    63.013853365,8.74,Joules,power/energy-ram/,1000236665,100.00,,
    63.013853365,20.12,Joules,power/energy-pkg/,1000236078,100.00,,
    64.014099584,8.17,Joules,power/energy-ram/,1000237700,100.00,,
    64.014099584,19.95,Joules,power/energy-pkg/,1000236924,100.00,,
    65.014333558,16.69,Joules,power/energy-ram/,1000230035,100.00,,
    65.014333558,24.43,Joules,power/energy-pkg/,1000233350,100.00,,
    66.014495010,19.06,Joules,power/energy-ram/,1000153266,100.00,,
    66.014495010,25.33,Joules,power/energy-pkg/,1000152884,100.00,,
    67.014743532,19.12,Joules,power/energy-ram/,1000239400,100.00,,
    67.014743532,25.01,Joules,power/energy-pkg/,1000238011,100.00,,
    68.014972669,19.11,Joules,power/energy-ram/,1000224185,100.00,,
    68.014972669,25.95,Joules,power/energy-pkg/,1000225893,100.00,,
    69.015121832,29.52,Joules,power/energy-ram/,1000137205,100.00,,
    69.015121832,46.24,Joules,power/energy-pkg/,1000134486,100.00,,
    70.015318814,32.58,Joules,power/energy-ram/,1000190439,100.00,,
    70.015318814,63.95,Joules,power/energy-pkg/,1000190671,100.00,,
    71.015551293,33.08,Joules,power/energy-ram/,1000224898,100.00,,
    71.015551293,63.27,Joules,power/energy-pkg/,1000225680,100.00,,
    72.015696141,34.05,Joules,power/energy-ram/,1000136897,100.00,,
    72.015696141,77.19,Joules,power/energy-pkg/,1000136256,100.00,,
    73.015813977,33.28,Joules,power/energy-ram/,1000108730,100.00,,
    73.015813977,90.36,Joules,power/energy-pkg/,1000105803,100.00,,
    74.015930378,34.25,Joules,power/energy-ram/,1000109766,100.00,,
    74.015930378,91.11,Joules,power/energy-pkg/,1000113368,100.00,,
    75.016087598,33.68,Joules,power/energy-ram/,1000149544,100.00,,
    75.016087598,92.20,Joules,power/energy-pkg/,1000147566,100.00,,
    76.016229570,35.73,Joules,power/energy-ram/,1000136209,100.00,,
    76.016229570,102.05,Joules,power/energy-pkg/,1000138147,100.00,,
    77.016390304,35.18,Joules,power/energy-ram/,1000149669,100.00,,
    77.016390304,108.35,Joules,power/energy-pkg/,1000147073,100.00,,
    78.016510089,35.15,Joules,power/energy-ram/,1000115342,100.00,,
    78.016510089,105.96,Joules,power/energy-pkg/,1000118411,100.00,,
    79.016652913,33.96,Joules,power/energy-ram/,1000131748,100.00,,
    79.016652913,86.37,Joules,power/energy-pkg/,1000127442,100.00,,
    80.016774149,33.87,Joules,power/energy-ram/,1000116246,100.00,,
    80.016774149,77.67,Joules,power/energy-pkg/,1000120008,100.00,,
    81.017045252,34.20,Joules,power/energy-ram/,1000263446,100.00,,
    81.017045252,76.42,Joules,power/energy-pkg/,1000263540,100.00,,
    82.017263729,33.07,Joules,power/energy-ram/,1000209491,100.00,,
    82.017263729,81.67,Joules,power/energy-pkg/,1000210270,100.00,,
    83.017474614,33.49,Joules,power/energy-ram/,1000203769,100.00,,
    83.017474614,83.39,Joules,power/energy-pkg/,1000203082,100.00,,
    84.017639424,34.42,Joules,power/energy-ram/,1000157214,100.00,,
    84.017639424,79.33,Joules,power/energy-pkg/,1000156214,100.00,,
    85.017791897,36.63,Joules,power/energy-ram/,1000143615,100.00,,
    85.017791897,92.30,Joules,power/energy-pkg/,1000142426,100.00,,
    86.017990692,36.82,Joules,power/energy-ram/,1000192991,100.00,,
    86.017990692,91.26,Joules,power/energy-pkg/,1000194869,100.00,,
    87.018198278,37.77,Joules,power/energy-ram/,1000198082,100.00,,
    87.018198278,92.60,Joules,power/energy-pkg/,1000196610,100.00,,
    88.018339212,38.25,Joules,power/energy-ram/,1000134833,100.00,,
    88.018339212,95.36,Joules,power/energy-pkg/,1000137250,100.00,,
    89.018560359,35.61,Joules,power/energy-ram/,1000212775,100.00,,
    89.018560359,84.89,Joules,power/energy-pkg/,1000211817,100.00,,
    90.018790332,36.42,Joules,power/energy-ram/,1000223374,100.00,,
    90.018790332,92.22,Joules,power/energy-pkg/,1000224514,100.00,,
    91.019006908,34.72,Joules,power/energy-ram/,1000208011,100.00,,
    91.019006908,96.60,Joules,power/energy-pkg/,1000207276,100.00,,
    92.019245701,34.43,Joules,power/energy-ram/,1000230902,100.00,,
    92.019245701,85.70,Joules,power/energy-pkg/,1000230599,100.00,,
    93.019472981,33.32,Joules,power/energy-ram/,1000220107,100.00,,
    93.019472981,81.28,Joules,power/energy-pkg/,1000220396,100.00,,
    94.019686187,33.04,Joules,power/energy-ram/,1000204387,100.00,,
    94.019686187,61.36,Joules,power/energy-pkg/,1000204920,100.00,,
    95.019895084,33.28,Joules,power/energy-ram/,1000201562,100.00,,
    95.019895084,64.54,Joules,power/energy-pkg/,1000201144,100.00,,
    96.020117622,33.31,Joules,power/energy-ram/,1000214177,100.00,,
    96.020117622,62.36,Joules,power/energy-pkg/,1000214296,100.00,,
    97.020318206,34.75,Joules,power/energy-ram/,1000190849,100.00,,
    97.020318206,75.58,Joules,power/energy-pkg/,1000187867,100.00,,
    98.020504857,36.22,Joules,power/energy-ram/,1000180987,100.00,,
    98.020504857,86.40,Joules,power/energy-pkg/,1000182312,100.00,,
    99.020706312,36.75,Joules,power/energy-ram/,1000191818,100.00,,
    99.020706312,86.98,Joules,power/energy-pkg/,1000190363,100.00,,
   100.020834350,38.29,Joules,power/energy-ram/,1000120813,100.00,,
   100.020834350,103.58,Joules,power/energy-pkg/,1000120722,100.00,,
   101.020979131,38.95,Joules,power/energy-ram/,1000135606,100.00,,
   101.020979131,102.00,Joules,power/energy-pkg/,1000135653,100.00,,
   102.021169432,38.53,Joules,power/energy-ram/,1000185574,100.00,,
   102.021169432,98.45,Joules,power/energy-pkg/,1000187979,100.00,,
   103.021324364,36.24,Joules,power/energy-ram/,1000145373,100.00,,
   103.021324364,91.86,Joules,power/energy-pkg/,1000144139,100.00,,
   104.021526145,35.69,Joules,power/energy-ram/,1000195461,100.00,,
   104.021526145,93.68,Joules,power/energy-pkg/,1000197103,100.00,,
   105.021743754,34.53,Joules,power/energy-ram/,1000210096,100.00,,
   105.021743754,83.97,Joules,power/energy-pkg/,1000209556,100.00,,
   106.021958510,34.21,Joules,power/energy-ram/,1000207350,100.00,,
   106.021958510,79.68,Joules,power/energy-pkg/,1000208186,100.00,,
   107.022178498,33.50,Joules,power/energy-ram/,1000212026,100.00,,
   107.022178498,82.19,Joules,power/energy-pkg/,1000211340,100.00,,
   108.022394021,33.76,Joules,power/energy-ram/,1000207578,100.00,,
   108.022394021,83.36,Joules,power/energy-pkg/,1000208508,100.00,,
   109.022613304,35.60,Joules,power/energy-ram/,1000212195,100.00,,
   109.022613304,86.49,Joules,power/energy-pkg/,1000211342,100.00,,
   110.022833284,35.83,Joules,power/energy-ram/,1000211209,100.00,,
   110.022833284,83.60,Joules,power/energy-pkg/,1000211652,100.00,,
   111.023040030,36.34,Joules,power/energy-ram/,1000197066,100.00,,
   111.023040030,84.95,Joules,power/energy-pkg/,1000193589,100.00,,
   112.023234773,37.11,Joules,power/energy-ram/,1000188676,100.00,,
   112.023234773,92.66,Joules,power/energy-pkg/,1000192323,100.00,,
   113.023451642,36.02,Joules,power/energy-ram/,1000209938,100.00,,
   113.023451642,84.73,Joules,power/energy-pkg/,1000209636,100.00,,
   114.023678184,35.84,Joules,power/energy-ram/,1000219271,100.00,,
   114.023678184,82.34,Joules,power/energy-pkg/,1000219478,100.00,,
   115.023913389,34.42,Joules,power/energy-ram/,1000227346,100.00,,
   115.023913389,70.25,Joules,power/energy-pkg/,1000228051,100.00,,
   116.024077506,33.14,Joules,power/energy-ram/,1000156180,100.00,,
   116.024077506,59.50,Joules,power/energy-pkg/,1000154938,100.00,,
   117.024291984,33.15,Joules,power/energy-ram/,1000206305,100.00,,
   117.024291984,61.64,Joules,power/energy-pkg/,1000206964,100.00,,
   118.024500687,33.03,Joules,power/energy-ram/,1000199322,100.00,,
   118.024500687,61.68,Joules,power/energy-pkg/,1000196880,100.00,,
   119.024647725,34.59,Joules,power/energy-ram/,1000138629,100.00,,
   119.024647725,82.10,Joules,power/energy-pkg/,1000138347,100.00,,
   120.024850852,36.07,Joules,power/energy-ram/,1000197446,100.00,,
   120.024850852,92.36,Joules,power/energy-pkg/,1000200451,100.00,,
   121.025053269,35.80,Joules,power/energy-ram/,1000192387,100.00,,
   121.025053269,91.47,Joules,power/energy-pkg/,1000188953,100.00,,
   122.025242871,35.69,Joules,power/energy-ram/,1000181949,100.00,,
   122.025242871,90.59,Joules,power/energy-pkg/,1000182513,100.00,,
   123.025435208,34.82,Joules,power/energy-ram/,1000186132,100.00,,
   123.025435208,88.21,Joules,power/energy-pkg/,1000188530,100.00,,
   124.025652588,33.68,Joules,power/energy-ram/,1000210801,100.00,,
   124.025652588,87.28,Joules,power/energy-pkg/,1000211562,100.00,,
   125.025868693,33.85,Joules,power/energy-ram/,1000207485,100.00,,
   125.025868693,78.19,Joules,power/energy-pkg/,1000206220,100.00,,
   126.026081868,33.44,Joules,power/energy-ram/,1000205608,100.00,,
   126.026081868,79.80,Joules,power/energy-pkg/,1000206268,100.00,,
   127.026291456,33.11,Joules,power/energy-ram/,1000201800,100.00,,
   127.026291456,78.87,Joules,power/energy-pkg/,1000201824,100.00,,
   128.026506826,32.78,Joules,power/energy-ram/,1000207769,100.00,,
   128.026506826,62.91,Joules,power/energy-pkg/,1000208440,100.00,,
   129.026727013,32.86,Joules,power/energy-ram/,1000211662,100.00,,
   129.026727013,66.01,Joules,power/energy-pkg/,1000210752,100.00,,
   130.026961256,33.14,Joules,power/energy-ram/,1000226347,100.00,,
   130.026961256,72.70,Joules,power/energy-pkg/,1000226404,100.00,,
   131.027174546,34.25,Joules,power/energy-ram/,1000206238,100.00,,
   131.027174546,82.96,Joules,power/energy-pkg/,1000207097,100.00,,
   132.027372267,34.11,Joules,power/energy-ram/,1000187949,100.00,,
   132.027372267,95.71,Joules,power/energy-pkg/,1000183940,100.00,,
   133.027572496,34.17,Joules,power/energy-ram/,1000195251,100.00,,
   133.027572496,96.93,Joules,power/energy-pkg/,1000198316,100.00,,
   134.027796733,35.58,Joules,power/energy-ram/,1000227813,100.00,,
   134.027796733,92.80,Joules,power/energy-pkg/,1000228388,100.00,,
   135.028040947,36.53,Joules,power/energy-ram/,1000224573,100.00,,
   135.028040947,94.75,Joules,power/energy-pkg/,1000224045,100.00,,
   136.028203428,36.63,Joules,power/energy-ram/,1000155055,100.00,,
   136.028203428,88.81,Joules,power/energy-pkg/,1000154951,100.00,,
   137.028370165,37.71,Joules,power/energy-ram/,1000159530,100.00,,
   137.028370165,92.67,Joules,power/energy-pkg/,1000159758,100.00,,
   138.028536201,36.60,Joules,power/energy-ram/,1000157600,100.00,,
   138.028536201,86.09,Joules,power/energy-pkg/,1000157026,100.00,,
   139.028745907,32.81,Joules,power/energy-ram/,1000199861,100.00,,
   139.028745907,68.78,Joules,power/energy-pkg/,1000197643,100.00,,
   140.028887384,33.79,Joules,power/energy-ram/,1000136821,100.00,,
   140.028887384,65.73,Joules,power/energy-pkg/,1000139157,100.00,,
   141.029050462,34.55,Joules,power/energy-ram/,1000154808,100.00,,
   141.029050462,68.00,Joules,power/energy-pkg/,1000154952,100.00,,
   142.029277106,33.74,Joules,power/energy-ram/,1000218256,100.00,,
   142.029277106,66.02,Joules,power/energy-pkg/,1000218392,100.00,,
   143.029488482,33.12,Joules,power/energy-ram/,1000203496,100.00,,
   143.029488482,61.68,Joules,power/energy-pkg/,1000203030,100.00,,
   144.029700168,33.13,Joules,power/energy-ram/,1000203988,100.00,,
   144.029700168,60.99,Joules,power/energy-pkg/,1000203926,100.00,,
   145.029911835,33.97,Joules,power/energy-ram/,1000204234,100.00,,
   145.029911835,66.04,Joules,power/energy-pkg/,1000205006,100.00,,
   146.030124949,32.89,Joules,power/energy-ram/,1000204008,100.00,,
   146.030124949,82.97,Joules,power/energy-pkg/,1000203148,100.00,,
   147.030331098,33.16,Joules,power/energy-ram/,1000199249,100.00,,
   147.030331098,91.79,Joules,power/energy-pkg/,1000200420,100.00,,
   148.030540393,33.88,Joules,power/energy-ram/,1000201780,100.00,,
   148.030540393,90.54,Joules,power/energy-pkg/,1000201782,100.00,,
   149.030700498,34.94,Joules,power/energy-ram/,1000151720,100.00,,
   149.030700498,81.85,Joules,power/energy-pkg/,1000151490,100.00,,
   150.030925168,36.55,Joules,power/energy-ram/,1000216789,100.00,,
   150.030925168,89.62,Joules,power/energy-pkg/,1000216170,100.00,,
   151.031161297,36.41,Joules,power/energy-ram/,1000230053,100.00,,
   151.031161297,87.96,Joules,power/energy-pkg/,1000230380,100.00,,
   152.031398458,35.33,Joules,power/energy-ram/,1000227882,100.00,,
   152.031398458,97.93,Joules,power/energy-pkg/,1000227410,100.00,,
   153.031605812,34.36,Joules,power/energy-ram/,1000199734,100.00,,
   153.031605812,95.70,Joules,power/energy-pkg/,1000198028,100.00,,
   154.031799582,34.42,Joules,power/energy-ram/,1000208566,100.00,,
   154.031799582,81.39,Joules,power/energy-pkg/,1000210779,100.00,,
   155.031989768,33.87,Joules,power/energy-ram/,1000160200,100.00,,
   155.031989768,83.78,Joules,power/energy-pkg/,1000159467,100.00,,
   156.032140672,33.69,Joules,power/energy-ram/,1000145911,100.00,,
   156.032140672,92.80,Joules,power/energy-pkg/,1000147591,100.00,,
   157.032348304,34.47,Joules,power/energy-ram/,1000195548,100.00,,
   157.032348304,90.98,Joules,power/energy-pkg/,1000192486,100.00,,
   158.032522566,34.65,Joules,power/energy-ram/,1000166173,100.00,,
   158.032522566,77.12,Joules,power/energy-pkg/,1000165811,100.00,,
   159.032713153,34.17,Joules,power/energy-ram/,1000185590,100.00,,
   159.032713153,65.06,Joules,power/energy-pkg/,1000187673,100.00,,
   160.032877484,34.62,Joules,power/energy-ram/,1000156464,100.00,,
   160.032877484,78.46,Joules,power/energy-pkg/,1000156289,100.00,,
   161.033080984,35.45,Joules,power/energy-ram/,1000195113,100.00,,
   161.033080984,92.25,Joules,power/energy-pkg/,1000195142,100.00,,
   162.033292862,36.22,Joules,power/energy-ram/,1000202890,100.00,,
   162.033292862,100.35,Joules,power/energy-pkg/,1000201037,100.00,,
   163.033443121,35.33,Joules,power/energy-ram/,1000144401,100.00,,
   163.033443121,87.63,Joules,power/energy-pkg/,1000146286,100.00,,
   164.033679243,35.68,Joules,power/energy-ram/,1000227300,100.00,,
   164.033679243,86.82,Joules,power/energy-pkg/,1000227906,100.00,,
   165.033836965,33.93,Joules,power/energy-ram/,1000149606,100.00,,
   165.033836965,76.95,Joules,power/energy-pkg/,1000149760,100.00,,
   166.034049231,33.31,Joules,power/energy-ram/,1000204854,100.00,,
   166.034049231,67.80,Joules,power/energy-pkg/,1000204794,100.00,,
   167.034260808,32.99,Joules,power/energy-ram/,1000203080,100.00,,
   167.034260808,58.37,Joules,power/energy-pkg/,1000201956,100.00,,
   168.034456379,33.31,Joules,power/energy-ram/,1000187287,100.00,,
   168.034456379,64.95,Joules,power/energy-pkg/,1000185967,100.00,,
   169.034649675,33.22,Joules,power/energy-ram/,1000184648,100.00,,
   169.034649675,66.49,Joules,power/energy-pkg/,1000185148,100.00,,
   170.034844145,33.15,Joules,power/energy-ram/,1000188851,100.00,,
   170.034844145,67.21,Joules,power/energy-pkg/,1000190719,100.00,,
   171.035057708,33.67,Joules,power/energy-ram/,1000205630,100.00,,
   171.035057708,67.18,Joules,power/energy-pkg/,1000204932,100.00,,
   172.035214792,33.61,Joules,power/energy-ram/,1000148110,100.00,,
   172.035214792,77.52,Joules,power/energy-pkg/,1000147557,100.00,,
   173.035420255,33.82,Joules,power/energy-ram/,1000199903,100.00,,
   173.035420255,83.16,Joules,power/energy-pkg/,1000201447,100.00,,
   174.035629290,33.20,Joules,power/energy-ram/,1000200927,100.00,,
   174.035629290,84.55,Joules,power/energy-pkg/,1000199060,100.00,,
   175.035839928,33.90,Joules,power/energy-ram/,1000202831,100.00,,
   175.035839928,78.95,Joules,power/energy-pkg/,1000204520,100.00,,
   176.036008343,34.79,Joules,power/energy-ram/,1000162029,100.00,,
   176.036008343,78.25,Joules,power/energy-pkg/,1000161551,100.00,,
   177.036164648,34.83,Joules,power/energy-ram/,1000145961,100.00,,
   177.036164648,81.26,Joules,power/energy-pkg/,1000143139,100.00,,
   178.036295936,36.70,Joules,power/energy-ram/,1000123841,100.00,,
   178.036295936,88.25,Joules,power/energy-pkg/,1000125593,100.00,,
   179.036441687,35.33,Joules,power/energy-ram/,1000140504,100.00,,
   179.036441687,80.19,Joules,power/energy-pkg/,1000141420,100.00,,
   180.036659290,35.33,Joules,power/energy-ram/,1000207588,100.00,,
   180.036659290,71.05,Joules,power/energy-pkg/,1000206473,100.00,,
   181.036866411,36.10,Joules,power/energy-ram/,1000200300,100.00,,
   181.036866411,82.76,Joules,power/energy-pkg/,1000200747,100.00,,
   182.037107105,34.97,Joules,power/energy-ram/,1000231023,100.00,,
   182.037107105,76.36,Joules,power/energy-pkg/,1000229853,100.00,,
   183.037301451,36.60,Joules,power/energy-ram/,1000187484,100.00,,
   183.037301451,83.68,Joules,power/energy-pkg/,1000188127,100.00,,
   184.037496402,35.55,Joules,power/energy-ram/,1000186322,100.00,,
   184.037496402,75.85,Joules,power/energy-pkg/,1000185564,100.00,,
   185.037693047,34.30,Joules,power/energy-ram/,1000191014,100.00,,
   185.037693047,71.28,Joules,power/energy-pkg/,1000192568,100.00,,
   186.037894144,34.57,Joules,power/energy-ram/,1000191283,100.00,,
   186.037894144,78.89,Joules,power/energy-pkg/,1000190163,100.00,,
   187.038092292,33.31,Joules,power/energy-ram/,1000192085,100.00,,
   187.038092292,82.64,Joules,power/energy-pkg/,1000194083,100.00,,
   188.038315632,33.47,Joules,power/energy-ram/,1000216282,100.00,,
   188.038315632,77.63,Joules,power/energy-pkg/,1000216102,100.00,,
   189.038522716,33.66,Joules,power/energy-ram/,1000197100,100.00,,
   189.038522716,73.19,Joules,power/energy-pkg/,1000195204,100.00,,
   190.038724468,34.63,Joules,power/energy-ram/,1000193988,100.00,,
   190.038724468,77.57,Joules,power/energy-pkg/,1000194014,100.00,,
   191.038927067,31.51,Joules,power/energy-ram/,1000196210,100.00,,
   191.038927067,63.07,Joules,power/energy-pkg/,1000198813,100.00,,
   192.039139010,34.07,Joules,power/energy-ram/,1000204832,100.00,,
   192.039139010,70.81,Joules,power/energy-pkg/,1000204451,100.00,,
   193.039360830,34.19,Joules,power/energy-ram/,1000213564,100.00,,
   193.039360830,73.46,Joules,power/energy-pkg/,1000213466,100.00,,
   194.039576752,33.49,Joules,power/energy-ram/,1000208340,100.00,,
   194.039576752,68.24,Joules,power/energy-pkg/,1000207745,100.00,,
   195.039793513,35.00,Joules,power/energy-ram/,1000227780,100.00,,
   195.039793513,73.85,Joules,power/energy-pkg/,1000229115,100.00,,
   196.040028447,34.33,Joules,power/energy-ram/,1000208145,100.00,,
   196.040028447,78.67,Joules,power/energy-pkg/,1000206146,100.00,,
   197.040197457,36.25,Joules,power/energy-ram/,1000160812,100.00,,
   197.040197457,105.59,Joules,power/energy-pkg/,1000160713,100.00,,
   198.040394869,35.49,Joules,power/energy-ram/,1000188937,100.00,,
   198.040394869,108.31,Joules,power/energy-pkg/,1000187521,100.00,,
   199.040588776,34.73,Joules,power/energy-ram/,1000187801,100.00,,
   199.040588776,83.90,Joules,power/energy-pkg/,1000191761,100.00,,
   200.040811506,32.74,Joules,power/energy-ram/,1000215466,100.00,,
   200.040811506,60.74,Joules,power/energy-pkg/,1000213804,100.00,,
   201.041032505,33.55,Joules,power/energy-ram/,1000212329,100.00,,
   201.041032505,74.38,Joules,power/energy-pkg/,1000212309,100.00,,
   202.041246181,33.71,Joules,power/energy-ram/,1000206763,100.00,,
   202.041246181,79.73,Joules,power/energy-pkg/,1000206867,100.00,,
   203.041466466,33.23,Joules,power/energy-ram/,1000212184,100.00,,
   203.041466466,73.63,Joules,power/energy-pkg/,1000212135,100.00,,
   204.041664272,34.02,Joules,power/energy-ram/,1000187213,100.00,,
   204.041664272,85.93,Joules,power/energy-pkg/,1000183875,100.00,,
   205.041884096,34.62,Joules,power/energy-ram/,1000215011,100.00,,
   205.041884096,98.24,Joules,power/energy-pkg/,1000218486,100.00,,
   206.042091636,34.75,Joules,power/energy-ram/,1000198175,100.00,,
   206.042091636,91.72,Joules,power/energy-pkg/,1000195797,100.00,,
   207.042287568,34.44,Joules,power/energy-ram/,1000189335,100.00,,
   207.042287568,77.61,Joules,power/energy-pkg/,1000192006,100.00,,
   208.042495680,34.20,Joules,power/energy-ram/,1000201296,100.00,,
   208.042495680,73.55,Joules,power/energy-pkg/,1000201157,100.00,,
   209.042706849,34.14,Joules,power/energy-ram/,1000202264,100.00,,
   209.042706849,82.29,Joules,power/energy-pkg/,1000202074,100.00,,
   210.042914710,32.78,Joules,power/energy-ram/,1000200602,100.00,,
   210.042914710,78.57,Joules,power/energy-pkg/,1000201091,100.00,,
   211.043124217,33.12,Joules,power/energy-ram/,1000201904,100.00,,
   211.043124217,73.68,Joules,power/energy-pkg/,1000201780,100.00,,
   212.043303972,33.66,Joules,power/energy-ram/,1000171650,100.00,,
   212.043303972,67.28,Joules,power/energy-pkg/,1000171702,100.00,,
   213.043510411,33.73,Joules,power/energy-ram/,1000198850,100.00,,
   213.043510411,69.41,Joules,power/energy-pkg/,1000198787,100.00,,
   214.043723138,33.86,Joules,power/energy-ram/,1000204880,100.00,,
   214.043723138,64.89,Joules,power/energy-pkg/,1000204904,100.00,,
   215.043939226,33.26,Joules,power/energy-ram/,1000207771,100.00,,
   215.043939226,76.59,Joules,power/energy-pkg/,1000206796,100.00,,
   216.044084556,33.58,Joules,power/energy-ram/,1000138221,100.00,,
   216.044084556,87.24,Joules,power/energy-pkg/,1000139035,100.00,,
   217.044299878,33.23,Joules,power/energy-ram/,1000207152,100.00,,
   217.044299878,74.27,Joules,power/energy-pkg/,1000207429,100.00,,
   218.044458026,33.91,Joules,power/energy-ram/,1000152526,100.00,,
   218.044458026,62.19,Joules,power/energy-pkg/,1000152500,100.00,,
   219.044675832,33.86,Joules,power/energy-ram/,1000209600,100.00,,
   219.044675832,75.60,Joules,power/energy-pkg/,1000210238,100.00,,
   220.044898851,33.77,Joules,power/energy-ram/,1000214404,100.00,,
   220.044898851,75.15,Joules,power/energy-pkg/,1000213682,100.00,,
   221.045118334,34.37,Joules,power/energy-ram/,1000212603,100.00,,
   221.045118334,73.17,Joules,power/energy-pkg/,1000212277,100.00,,
   222.045334058,35.09,Joules,power/energy-ram/,1000207252,100.00,,
   222.045334058,76.73,Joules,power/energy-pkg/,1000206897,100.00,,
   223.045541371,35.36,Joules,power/energy-ram/,1000198612,100.00,,
   223.045541371,82.61,Joules,power/energy-pkg/,1000199123,100.00,,
   224.045754790,34.37,Joules,power/energy-ram/,1000206729,100.00,,
   224.045754790,77.25,Joules,power/energy-pkg/,1000206434,100.00,,
   225.045973676,33.56,Joules,power/energy-ram/,1000210211,100.00,,
   225.045973676,68.64,Joules,power/energy-pkg/,1000210856,100.00,,
   226.046190384,30.74,Joules,power/energy-ram/,1000208186,100.00,,
   226.046190384,50.52,Joules,power/energy-pkg/,1000207537,100.00,,
   227.046402518,33.49,Joules,power/energy-ram/,1000205184,100.00,,
   227.046402518,63.67,Joules,power/energy-pkg/,1000205655,100.00,,
   228.046616087,33.63,Joules,power/energy-ram/,1000205374,100.00,,
   228.046616087,70.11,Joules,power/energy-pkg/,1000204838,100.00,,
   229.046819762,33.62,Joules,power/energy-ram/,1000196376,100.00,,
   229.046819762,74.22,Joules,power/energy-pkg/,1000196822,100.00,,
   230.047044815,34.85,Joules,power/energy-ram/,1000217840,100.00,,
   230.047044815,87.53,Joules,power/energy-pkg/,1000217369,100.00,,
   231.047244427,36.36,Joules,power/energy-ram/,1000189967,100.00,,
   231.047244427,106.85,Joules,power/energy-pkg/,1000196952,100.00,,
   232.047445841,36.90,Joules,power/energy-ram/,1000192968,100.00,,
   232.047445841,103.92,Joules,power/energy-pkg/,1000181858,100.00,,
   233.047634531,37.06,Joules,power/energy-ram/,1000183623,100.00,,
   233.047634531,99.54,Joules,power/energy-pkg/,1000188549,100.00,,
   234.047881944,36.19,Joules,power/energy-ram/,1000240019,100.00,,
   234.047881944,97.83,Joules,power/energy-pkg/,1000239330,100.00,,
   235.048034936,33.80,Joules,power/energy-ram/,1000142714,100.00,,
   235.048034936,87.08,Joules,power/energy-pkg/,1000139320,100.00,,
   236.048233743,34.13,Joules,power/energy-ram/,1000193073,100.00,,
   236.048233743,80.00,Joules,power/energy-pkg/,1000197036,100.00,,
   237.048460877,33.92,Joules,power/energy-ram/,1000219010,100.00,,
   237.048460877,68.66,Joules,power/energy-pkg/,1000218194,100.00,,
   238.048680253,33.11,Joules,power/energy-ram/,1000211800,100.00,,
   238.048680253,68.20,Joules,power/energy-pkg/,1000212474,100.00,,
   239.048901257,33.38,Joules,power/energy-ram/,1000213236,100.00,,
   239.048901257,59.62,Joules,power/energy-pkg/,1000213262,100.00,,
   240.049124666,32.74,Joules,power/energy-ram/,1000215714,100.00,,
   240.049124666,66.53,Joules,power/energy-pkg/,1000215454,100.00,,
   241.049326523,33.20,Joules,power/energy-ram/,1000193841,100.00,,
   241.049326523,80.99,Joules,power/energy-pkg/,1000192796,100.00,,
   242.049561332,33.18,Joules,power/energy-ram/,1000227350,100.00,,
   242.049561332,80.63,Joules,power/energy-pkg/,1000228385,100.00,,
   243.049778452,34.09,Joules,power/energy-ram/,1000209462,100.00,,
   243.049778452,91.06,Joules,power/energy-pkg/,1000209560,100.00,,
   244.049995816,34.30,Joules,power/energy-ram/,1000209448,100.00,,
   244.049995816,83.29,Joules,power/energy-pkg/,1000209590,100.00,,
   245.050213260,33.22,Joules,power/energy-ram/,1000210142,100.00,,
   245.050213260,67.54,Joules,power/energy-pkg/,1000209622,100.00,,
   246.050432636,33.72,Joules,power/energy-ram/,1000211840,100.00,,
   246.050432636,64.43,Joules,power/energy-pkg/,1000212632,100.00,,
   247.050655806,34.18,Joules,power/energy-ram/,1000215222,100.00,,
   247.050655806,77.21,Joules,power/energy-pkg/,1000214418,100.00,,
   248.050814711,34.78,Joules,power/energy-ram/,1000152245,100.00,,
   248.050814711,83.36,Joules,power/energy-pkg/,1000153140,100.00,,
   249.051036367,34.90,Joules,power/energy-ram/,1000211728,100.00,,
   249.051036367,89.01,Joules,power/energy-pkg/,1000210249,100.00,,
   250.051245382,34.05,Joules,power/energy-ram/,1000202365,100.00,,
   250.051245382,81.68,Joules,power/energy-pkg/,1000202935,100.00,,
   251.051464404,33.37,Joules,power/energy-ram/,1000210992,100.00,,
   251.051464404,70.58,Joules,power/energy-pkg/,1000210984,100.00,,
   252.051684046,33.33,Joules,power/energy-ram/,1000211790,100.00,,
   252.051684046,69.74,Joules,power/energy-pkg/,1000212340,100.00,,
   253.051916975,34.32,Joules,power/energy-ram/,1000225360,100.00,,
   253.051916975,72.28,Joules,power/energy-pkg/,1000225150,100.00,,
   254.052124124,33.57,Joules,power/energy-ram/,1000197098,100.00,,
   254.052124124,67.10,Joules,power/energy-pkg/,1000193800,100.00,,
   255.052251879,35.78,Joules,power/energy-ram/,1000121360,100.00,,
   255.052251879,86.89,Joules,power/energy-pkg/,1000122957,100.00,,
   256.052457715,35.90,Joules,power/energy-ram/,1000199349,100.00,,
   256.052457715,91.96,Joules,power/energy-pkg/,1000201056,100.00,,
   257.052676566,35.16,Joules,power/energy-ram/,1000210220,100.00,,
   257.052676566,78.11,Joules,power/energy-pkg/,1000209234,100.00,,
   258.052882514,34.81,Joules,power/energy-ram/,1000198709,100.00,,
   258.052882514,70.33,Joules,power/energy-pkg/,1000199304,100.00,,
   259.053097450,33.72,Joules,power/energy-ram/,1000207222,100.00,,
   259.053097450,66.35,Joules,power/energy-pkg/,1000207742,100.00,,
   260.053319837,32.90,Joules,power/energy-ram/,1000214048,100.00,,
   260.053319837,62.30,Joules,power/energy-pkg/,1000213233,100.00,,
   261.053534513,32.93,Joules,power/energy-ram/,1000207494,100.00,,
   261.053534513,60.45,Joules,power/energy-pkg/,1000208405,100.00,,
   262.053753970,32.78,Joules,power/energy-ram/,1000211551,100.00,,
   262.053753970,68.51,Joules,power/energy-pkg/,1000210839,100.00,,
   263.053967472,33.88,Joules,power/energy-ram/,1000205946,100.00,,
   263.053967472,67.26,Joules,power/energy-pkg/,1000206405,100.00,,
   264.054118228,34.86,Joules,power/energy-ram/,1000141757,100.00,,
   264.054118228,84.44,Joules,power/energy-pkg/,1000139559,100.00,,
   265.054301837,35.23,Joules,power/energy-ram/,1000174923,100.00,,
   265.054301837,91.59,Joules,power/energy-pkg/,1000174532,100.00,,
   266.054488594,35.53,Joules,power/energy-ram/,1000182240,100.00,,
   266.054488594,86.61,Joules,power/energy-pkg/,1000185169,100.00,,
   267.054714348,34.84,Joules,power/energy-ram/,1000217924,100.00,,
   267.054714348,73.73,Joules,power/energy-pkg/,1000217426,100.00,,
   268.054923302,34.43,Joules,power/energy-ram/,1000199645,100.00,,
   268.054923302,71.86,Joules,power/energy-pkg/,1000197972,100.00,,
   269.055070351,34.25,Joules,power/energy-ram/,1000140643,100.00,,
   269.055070351,73.18,Joules,power/energy-pkg/,1000142448,100.00,,
   270.055295546,35.06,Joules,power/energy-ram/,1000216988,100.00,,
   270.055295546,70.19,Joules,power/energy-pkg/,1000216480,100.00,,
   271.055558488,35.45,Joules,power/energy-ram/,1000253303,100.00,,
   271.055558488,75.34,Joules,power/energy-pkg/,1000251853,100.00,,
   272.055763623,37.95,Joules,power/energy-ram/,1000200059,100.00,,
   272.055763623,91.98,Joules,power/energy-pkg/,1000201197,100.00,,
   273.056013101,40.41,Joules,power/energy-ram/,1000240451,100.00,,
   273.056013101,104.74,Joules,power/energy-pkg/,1000241446,100.00,,
   274.056165368,40.84,Joules,power/energy-ram/,1000144349,100.00,,
   274.056165368,109.68,Joules,power/energy-pkg/,1000140731,100.00,,
   275.056298574,40.88,Joules,power/energy-ram/,1000126247,100.00,,
   275.056298574,120.56,Joules,power/energy-pkg/,1000127277,100.00,,
   276.056442408,39.86,Joules,power/energy-ram/,1000135831,100.00,,
   276.056442408,122.03,Joules,power/energy-pkg/,1000137326,100.00,,
   277.056604572,37.50,Joules,power/energy-ram/,1000154073,100.00,,
   277.056604572,108.87,Joules,power/energy-pkg/,1000155144,100.00,,
   278.056819367,35.53,Joules,power/energy-ram/,1000206474,100.00,,
   278.056819367,93.84,Joules,power/energy-pkg/,1000205190,100.00,,
   279.057046722,36.81,Joules,power/energy-ram/,1000220387,100.00,,
   279.057046722,90.34,Joules,power/energy-pkg/,1000220856,100.00,,
   280.057264622,36.11,Joules,power/energy-ram/,1000211512,100.00,,
   280.057264622,92.17,Joules,power/energy-pkg/,1000212217,100.00,,
   281.057478169,36.02,Joules,power/energy-ram/,1000204204,100.00,,
   281.057478169,96.79,Joules,power/energy-pkg/,1000203441,100.00,,
   282.057681239,35.72,Joules,power/energy-ram/,1000195128,100.00,,
   282.057681239,88.62,Joules,power/energy-pkg/,1000194862,100.00,,
   283.057886856,34.84,Joules,power/energy-ram/,1000198595,100.00,,
   283.057886856,71.96,Joules,power/energy-pkg/,1000199851,100.00,,
   284.058045878,35.11,Joules,power/energy-ram/,1000150738,100.00,,
   284.058045878,88.84,Joules,power/energy-pkg/,1000149673,100.00,,
   285.058273013,33.38,Joules,power/energy-ram/,1000219971,100.00,,
   285.058273013,86.80,Joules,power/energy-pkg/,1000221006,100.00,,
   286.058492184,32.90,Joules,power/energy-ram/,1000211264,100.00,,
   286.058492184,69.27,Joules,power/energy-pkg/,1000211303,100.00,,
   287.058701578,32.95,Joules,power/energy-ram/,1000201815,100.00,,
   287.058701578,61.68,Joules,power/energy-pkg/,1000201808,100.00,,
   288.058917275,33.36,Joules,power/energy-ram/,1000207929,100.00,,
   288.058917275,67.26,Joules,power/energy-pkg/,1000207712,100.00,,
   289.059134539,33.72,Joules,power/energy-ram/,1000209671,100.00,,
   289.059134539,74.81,Joules,power/energy-pkg/,1000209562,100.00,,
   290.059341541,33.93,Joules,power/energy-ram/,1000198234,100.00,,
   290.059341541,73.42,Joules,power/energy-pkg/,1000196974,100.00,,
   291.059545791,34.94,Joules,power/energy-ram/,1000197660,100.00,,
   291.059545791,89.05,Joules,power/energy-pkg/,1000199732,100.00,,
   292.059762373,35.07,Joules,power/energy-ram/,1000207746,100.00,,
   292.059762373,79.70,Joules,power/energy-pkg/,1000205988,100.00,,
   293.059976435,34.09,Joules,power/energy-ram/,1000206555,100.00,,
   293.059976435,75.00,Joules,power/energy-pkg/,1000205971,100.00,,
   294.060120387,33.45,Joules,power/energy-ram/,1000137999,100.00,,
   294.060120387,83.43,Joules,power/energy-pkg/,1000139247,100.00,,
   295.060335189,34.20,Joules,power/energy-ram/,1000206046,100.00,,
   295.060335189,85.90,Joules,power/energy-pkg/,1000206224,100.00,,
   296.060493858,33.67,Joules,power/energy-ram/,1000150762,100.00,,
   296.060493858,71.09,Joules,power/energy-pkg/,1000151220,100.00,,
   297.060714744,33.67,Joules,power/energy-ram/,1000213732,100.00,,
   297.060714744,68.14,Joules,power/energy-pkg/,1000213370,100.00,,
   298.060876506,33.47,Joules,power/energy-ram/,1000154416,100.00,,
   298.060876506,68.69,Joules,power/energy-pkg/,1000154571,100.00,,
   299.061097254,33.51,Joules,power/energy-ram/,1000212066,100.00,,
   299.061097254,81.71,Joules,power/energy-pkg/,1000212069,100.00,,
   300.061308814,33.71,Joules,power/energy-ram/,1000204077,100.00,,
   300.061308814,81.71,Joules,power/energy-pkg/,1000203791,100.00,,
   301.061528986,33.08,Joules,power/energy-ram/,1000211877,100.00,,
   301.061528986,74.04,Joules,power/energy-pkg/,1000212611,100.00,,
   302.061743162,32.86,Joules,power/energy-ram/,1000206816,100.00,,
   302.061743162,58.24,Joules,power/energy-pkg/,1000206602,100.00,,
   303.061973695,33.00,Joules,power/energy-ram/,1000223371,100.00,,
   303.061973695,55.77,Joules,power/energy-pkg/,1000223206,100.00,,
   304.062230674,29.88,Joules,power/energy-ram/,1000249283,100.00,,
   304.062230674,51.63,Joules,power/energy-pkg/,1000250021,100.00,,
   305.062443746,28.63,Joules,power/energy-ram/,1000204946,100.00,,
   305.062443746,52.13,Joules,power/energy-pkg/,1000204184,100.00,,
   306.062661614,32.67,Joules,power/energy-ram/,1000210256,100.00,,
   306.062661614,65.27,Joules,power/energy-pkg/,1000210126,100.00,,
   307.062876864,32.64,Joules,power/energy-ram/,1000206884,100.00,,
   307.062876864,64.75,Joules,power/energy-pkg/,1000207160,100.00,,
   308.063088913,33.03,Joules,power/energy-ram/,1000203791,100.00,,
   308.063088913,58.65,Joules,power/energy-pkg/,1000204243,100.00,,
   309.063307083,32.77,Joules,power/energy-ram/,1000210944,100.00,,
   309.063307083,57.54,Joules,power/energy-pkg/,1000210409,100.00,,
   310.063520596,32.02,Joules,power/energy-ram/,1000206050,100.00,,
   310.063520596,55.27,Joules,power/energy-pkg/,1000205637,100.00,,
   311.063732434,32.11,Joules,power/energy-ram/,1000203955,100.00,,
   311.063732434,57.38,Joules,power/energy-pkg/,1000204131,100.00,,
   312.063877617,34.23,Joules,power/energy-ram/,1000137240,100.00,,
   312.063877617,77.51,Joules,power/energy-pkg/,1000135975,100.00,,
   313.064075137,36.04,Joules,power/energy-ram/,1000190223,100.00,,
   313.064075137,94.69,Joules,power/energy-pkg/,1000190242,100.00,,
   314.064293951,35.66,Joules,power/energy-ram/,1000211518,100.00,,
   314.064293951,92.77,Joules,power/energy-pkg/,1000212533,100.00,,
   315.064497866,35.98,Joules,power/energy-ram/,1000195344,100.00,,
   315.064497866,93.06,Joules,power/energy-pkg/,1000194317,100.00,,
   316.064698201,35.30,Joules,power/energy-ram/,1000193290,100.00,,
   316.064698201,93.83,Joules,power/energy-pkg/,1000193140,100.00,,
   317.064844469,34.94,Joules,power/energy-ram/,1000136875,100.00,,
   317.064844469,91.39,Joules,power/energy-pkg/,1000136406,100.00,,
   318.065025709,35.41,Joules,power/energy-ram/,1000172611,100.00,,
   318.065025709,80.75,Joules,power/energy-pkg/,1000171124,100.00,,
   319.065209331,36.32,Joules,power/energy-ram/,1000180207,100.00,,
   319.065209331,85.33,Joules,power/energy-pkg/,1000184429,100.00,,
   320.065416993,35.54,Joules,power/energy-ram/,1000195735,100.00,,
   320.065416993,83.96,Joules,power/energy-pkg/,1000192047,100.00,,
   321.065607466,35.55,Joules,power/energy-ram/,1000185423,100.00,,
   321.065607466,99.55,Joules,power/energy-pkg/,1000188949,100.00,,
   322.065826271,34.24,Joules,power/energy-ram/,1000210869,100.00,,
   322.065826271,91.61,Joules,power/energy-pkg/,1000210682,100.00,,
   323.066043673,33.05,Joules,power/energy-ram/,1000209391,100.00,,
   323.066043673,65.29,Joules,power/energy-pkg/,1000209016,100.00,,
   324.066254899,33.33,Joules,power/energy-ram/,1000203509,100.00,,
   324.066254899,65.82,Joules,power/energy-pkg/,1000203990,100.00,,
   325.066470434,32.91,Joules,power/energy-ram/,1000207291,100.00,,
   325.066470434,70.53,Joules,power/energy-pkg/,1000206914,100.00,,
   326.066679342,32.61,Joules,power/energy-ram/,1000200453,100.00,,
   326.066679342,59.35,Joules,power/energy-pkg/,1000199902,100.00,,
   327.066827108,32.97,Joules,power/energy-ram/,1000142407,100.00,,
   327.066827108,65.47,Joules,power/energy-pkg/,1000142411,100.00,,
   328.067047879,33.67,Joules,power/energy-ram/,1000212191,100.00,,
   328.067047879,84.76,Joules,power/energy-pkg/,1000212434,100.00,,
   329.067249765,33.71,Joules,power/energy-ram/,1000192039,100.00,,
   329.067249765,93.51,Joules,power/energy-pkg/,1000189420,100.00,,
   330.067439442,33.85,Joules,power/energy-ram/,1000184382,100.00,,
   330.067439442,83.50,Joules,power/energy-pkg/,1000187999,100.00,,
   331.067660850,34.15,Joules,power/energy-ram/,1000213380,100.00,,
   331.067660850,73.68,Joules,power/energy-pkg/,1000212407,100.00,,
   332.067878688,33.75,Joules,power/energy-ram/,1000209867,100.00,,
   332.067878688,70.03,Joules,power/energy-pkg/,1000209598,100.00,,
   333.068119861,33.89,Joules,power/energy-ram/,1000233391,100.00,,
   333.068119861,80.41,Joules,power/energy-pkg/,1000233928,100.00,,
   334.068326774,34.17,Joules,power/energy-ram/,1000198646,100.00,,
   334.068326774,83.01,Joules,power/energy-pkg/,1000197946,100.00,,
   335.068532442,33.08,Joules,power/energy-ram/,1000198684,100.00,,
   335.068532442,89.13,Joules,power/energy-pkg/,1000198856,100.00,,
   336.068749872,33.45,Joules,power/energy-ram/,1000209596,100.00,,
   336.068749872,87.42,Joules,power/energy-pkg/,1000209712,100.00,,
   337.068960485,34.61,Joules,power/energy-ram/,1000202429,100.00,,
   337.068960485,80.18,Joules,power/energy-pkg/,1000202697,100.00,,
   338.069172821,34.43,Joules,power/energy-ram/,1000204833,100.00,,
   338.069172821,76.90,Joules,power/energy-pkg/,1000205047,100.00,,
   339.069405599,34.93,Joules,power/energy-ram/,1000225404,100.00,,
   339.069405599,80.19,Joules,power/energy-pkg/,1000225250,100.00,,
   340.069612700,34.83,Joules,power/energy-ram/,1000199206,100.00,,
   340.069612700,86.66,Joules,power/energy-pkg/,1000198503,100.00,,
   341.069818667,35.38,Joules,power/energy-ram/,1000198342,100.00,,
   341.069818667,91.66,Joules,power/energy-pkg/,1000197889,100.00,,
   342.070018645,34.95,Joules,power/energy-ram/,1000190845,100.00,,
   342.070018645,80.98,Joules,power/energy-pkg/,1000190350,100.00,,
   343.070214593,35.34,Joules,power/energy-ram/,1000188517,100.00,,
   343.070214593,82.96,Joules,power/energy-pkg/,1000187857,100.00,,
   344.070405294,36.17,Joules,power/energy-ram/,1000183235,100.00,,
   344.070405294,85.30,Joules,power/energy-pkg/,1000183400,100.00,,
   345.070598723,34.96,Joules,power/energy-ram/,1000186274,100.00,,
   345.070598723,94.13,Joules,power/energy-pkg/,1000188488,100.00,,
   346.070813857,34.50,Joules,power/energy-ram/,1000207706,100.00,,
   346.070813857,86.46,Joules,power/energy-pkg/,1000207447,100.00,,
   347.071023558,33.48,Joules,power/energy-ram/,1000203176,100.00,,
   347.071023558,84.22,Joules,power/energy-pkg/,1000203940,100.00,,
   348.071242733,32.77,Joules,power/energy-ram/,1000209487,100.00,,
   348.071242733,79.09,Joules,power/energy-pkg/,1000209167,100.00,,
   349.071467684,32.60,Joules,power/energy-ram/,1000217362,100.00,,
   349.071467684,76.93,Joules,power/energy-pkg/,1000217355,100.00,,
   350.071677777,32.71,Joules,power/energy-ram/,1000202535,100.00,,
   350.071677777,59.39,Joules,power/energy-pkg/,1000202276,100.00,,
   351.071892580,33.25,Joules,power/energy-ram/,1000207649,100.00,,
   351.071892580,70.52,Joules,power/energy-pkg/,1000207221,100.00,,
   352.072101143,32.92,Joules,power/energy-ram/,1000199338,100.00,,
   352.072101143,72.11,Joules,power/energy-pkg/,1000197828,100.00,,
   353.072294733,34.70,Joules,power/energy-ram/,1000187366,100.00,,
   353.072294733,85.13,Joules,power/energy-pkg/,1000189164,100.00,,
   354.072511184,32.97,Joules,power/energy-ram/,1000208725,100.00,,
   354.072511184,70.95,Joules,power/energy-pkg/,1000208686,100.00,,
   355.072665934,33.47,Joules,power/energy-ram/,1000147188,100.00,,
   355.072665934,70.24,Joules,power/energy-pkg/,1000146632,100.00,,
   356.072926417,32.13,Joules,power/energy-ram/,1000252260,100.00,,
   356.072926417,58.02,Joules,power/energy-pkg/,1000252246,100.00,,
   357.073159472,33.06,Joules,power/energy-ram/,1000224682,100.00,,
   357.073159472,56.58,Joules,power/energy-pkg/,1000224851,100.00,,
   358.073361970,33.10,Joules,power/energy-ram/,1000193026,100.00,,
   358.073361970,68.72,Joules,power/energy-pkg/,1000189969,100.00,,
   359.073539630,33.70,Joules,power/energy-ram/,1000170325,100.00,,
   359.073539630,74.90,Joules,power/energy-pkg/,1000171377,100.00,,
   360.073735333,34.12,Joules,power/energy-ram/,1000190539,100.00,,
   360.073735333,79.86,Joules,power/energy-pkg/,1000192931,100.00,,
   361.073955254,35.31,Joules,power/energy-ram/,1000212630,100.00,,
   361.073955254,86.70,Joules,power/energy-pkg/,1000212445,100.00,,
   362.074172242,35.43,Joules,power/energy-ram/,1000207998,100.00,,
   362.074172242,98.58,Joules,power/energy-pkg/,1000207214,100.00,,
   363.074396977,36.12,Joules,power/energy-ram/,1000217252,100.00,,
   363.074396977,101.65,Joules,power/energy-pkg/,1000219301,100.00,,
   364.074619219,35.59,Joules,power/energy-ram/,1000215626,100.00,,
   364.074619219,91.08,Joules,power/energy-pkg/,1000214494,100.00,,
   365.074825600,34.73,Joules,power/energy-ram/,1000195492,100.00,,
   365.074825600,83.37,Joules,power/energy-pkg/,1000192607,100.00,,
   366.075009644,34.38,Joules,power/energy-ram/,1000178814,100.00,,
   366.075009644,85.70,Joules,power/energy-pkg/,1000181530,100.00,,
   367.075225322,35.09,Joules,power/energy-ram/,1000207725,100.00,,
   367.075225322,83.91,Joules,power/energy-pkg/,1000207518,100.00,,
   368.075431294,33.33,Joules,power/energy-ram/,1000198222,100.00,,
   368.075431294,80.58,Joules,power/energy-pkg/,1000199040,100.00,,
   369.075644384,33.01,Joules,power/energy-ram/,1000204873,100.00,,
   369.075644384,69.81,Joules,power/energy-pkg/,1000204305,100.00,,
   370.075853903,32.92,Joules,power/energy-ram/,1000201484,100.00,,
   370.075853903,72.84,Joules,power/energy-pkg/,1000202035,100.00,,
   371.076008817,33.11,Joules,power/energy-ram/,1000148456,100.00,,
   371.076008817,67.14,Joules,power/energy-pkg/,1000148066,100.00,,
   372.076224234,33.15,Joules,power/energy-ram/,1000206729,100.00,,
   372.076224234,71.52,Joules,power/energy-pkg/,1000206196,100.00,,
   373.076435731,33.90,Joules,power/energy-ram/,1000204809,100.00,,
   373.076435731,73.10,Joules,power/energy-pkg/,1000205226,100.00,,
   374.076654647,34.41,Joules,power/energy-ram/,1000210729,100.00,,
   374.076654647,83.64,Joules,power/energy-pkg/,1000211278,100.00,,
   375.076875172,34.21,Joules,power/energy-ram/,1000212213,100.00,,
   375.076875172,90.38,Joules,power/energy-pkg/,1000212616,100.00,,
   376.077093859,34.35,Joules,power/energy-ram/,1000211457,100.00,,
   376.077093859,99.43,Joules,power/energy-pkg/,1000211180,100.00,,
   377.077307406,34.18,Joules,power/energy-ram/,1000205938,100.00,,
   377.077307406,95.26,Joules,power/energy-pkg/,1000205018,100.00,,
   378.077464120,34.62,Joules,power/energy-ram/,1000148454,100.00,,
   378.077464120,87.78,Joules,power/energy-pkg/,1000149812,100.00,,
   379.077684955,35.99,Joules,power/energy-ram/,1000214062,100.00,,
   379.077684955,87.63,Joules,power/energy-pkg/,1000213076,100.00,,
   380.077896779,34.94,Joules,power/energy-ram/,1000203297,100.00,,
   380.077896779,85.35,Joules,power/energy-pkg/,1000202716,100.00,,
   381.078106792,34.19,Joules,power/energy-ram/,1000203559,100.00,,
   381.078106792,77.07,Joules,power/energy-pkg/,1000204176,100.00,,
   382.078324038,34.49,Joules,power/energy-ram/,1000208484,100.00,,
   382.078324038,82.07,Joules,power/energy-pkg/,1000209278,100.00,,
   383.078538229,33.85,Joules,power/energy-ram/,1000205471,100.00,,
   383.078538229,69.28,Joules,power/energy-pkg/,1000203540,100.00,,
   384.078750472,35.53,Joules,power/energy-ram/,1000206066,100.00,,
   384.078750472,73.90,Joules,power/energy-pkg/,1000207792,100.00,,
   385.078970527,35.81,Joules,power/energy-ram/,1000211601,100.00,,
   385.078970527,91.48,Joules,power/energy-pkg/,1000211078,100.00,,
   386.079184582,36.07,Joules,power/energy-ram/,1000206402,100.00,,
   386.079184582,100.22,Joules,power/energy-pkg/,1000206342,100.00,,
   387.079332189,36.34,Joules,power/energy-ram/,1000138936,100.00,,
   387.079332189,90.80,Joules,power/energy-pkg/,1000135977,100.00,,
   388.079532200,36.93,Joules,power/energy-ram/,1000195365,100.00,,
   388.079532200,92.95,Joules,power/energy-pkg/,1000199194,100.00,,
   389.079757440,36.52,Joules,power/energy-ram/,1000216433,100.00,,
   389.079757440,97.02,Joules,power/energy-pkg/,1000215596,100.00,,
   390.079947404,37.06,Joules,power/energy-ram/,1000181210,100.00,,
   390.079947404,108.00,Joules,power/energy-pkg/,1000182020,100.00,,
   391.080166045,35.00,Joules,power/energy-ram/,1000210188,100.00,,
   391.080166045,94.12,Joules,power/energy-pkg/,1000208313,100.00,,
   392.080311584,36.74,Joules,power/energy-ram/,1000136608,100.00,,
   392.080311584,89.19,Joules,power/energy-pkg/,1000134565,100.00,,
   393.080456838,35.35,Joules,power/energy-ram/,1000139926,100.00,,
   393.080456838,92.71,Joules,power/energy-pkg/,1000143573,100.00,,
   394.080620750,35.92,Joules,power/energy-ram/,1000155613,100.00,,
   394.080620750,88.31,Joules,power/energy-pkg/,1000154613,100.00,,
   395.080774743,35.53,Joules,power/energy-ram/,1000146301,100.00,,
   395.080774743,75.03,Joules,power/energy-pkg/,1000146050,100.00,,
   396.080983936,35.52,Joules,power/energy-ram/,1000202027,100.00,,
   396.080983936,77.13,Joules,power/energy-pkg/,1000202288,100.00,,
   397.081188123,35.61,Joules,power/energy-ram/,1000195100,100.00,,
   397.081188123,86.50,Joules,power/energy-pkg/,1000193268,100.00,,
   398.081329778,34.43,Joules,power/energy-ram/,1000135140,100.00,,
   398.081329778,81.23,Joules,power/energy-pkg/,1000137534,100.00,,
   399.081536410,35.81,Joules,power/energy-ram/,1000197008,100.00,,
   399.081536410,81.65,Joules,power/energy-pkg/,1000194880,100.00,,
   400.081739351,34.03,Joules,power/energy-ram/,1000196292,100.00,,
   400.081739351,70.79,Joules,power/energy-pkg/,1000198164,100.00,,
   401.081953509,33.78,Joules,power/energy-ram/,1000207318,100.00,,
   401.081953509,63.61,Joules,power/energy-pkg/,1000207822,100.00,,
   402.082152446,31.84,Joules,power/energy-ram/,1000189993,100.00,,
   402.082152446,56.13,Joules,power/energy-pkg/,1000187969,100.00,,
   403.082350228,33.48,Joules,power/energy-ram/,1000191461,100.00,,
   403.082350228,58.37,Joules,power/energy-pkg/,1000192561,100.00,,
   404.082576058,33.83,Joules,power/energy-ram/,1000217700,100.00,,
   404.082576058,71.34,Joules,power/energy-pkg/,1000218584,100.00,,
   405.082794107,35.27,Joules,power/energy-ram/,1000210566,100.00,,
   405.082794107,73.80,Joules,power/energy-pkg/,1000209846,100.00,,
   406.083012175,33.13,Joules,power/energy-ram/,1000209540,100.00,,
   406.083012175,67.75,Joules,power/energy-pkg/,1000209610,100.00,,
   407.083220955,33.24,Joules,power/energy-ram/,1000201690,100.00,,
   407.083220955,58.80,Joules,power/energy-pkg/,1000202254,100.00,,
   408.083419851,33.07,Joules,power/energy-ram/,1000190097,100.00,,
   408.083419851,57.63,Joules,power/energy-pkg/,1000187487,100.00,,
   409.083614563,33.52,Joules,power/energy-ram/,1000188913,100.00,,
   409.083614563,56.33,Joules,power/energy-pkg/,1000190784,100.00,,
   410.083828623,34.73,Joules,power/energy-ram/,1000204760,100.00,,
   410.083828623,67.97,Joules,power/energy-pkg/,1000203298,100.00,,
   411.084027791,35.24,Joules,power/energy-ram/,1000192260,100.00,,
   411.084027791,75.04,Joules,power/energy-pkg/,1000193203,100.00,,
   412.084232438,34.83,Joules,power/energy-ram/,1000197837,100.00,,
   412.084232438,75.49,Joules,power/energy-pkg/,1000198699,100.00,,
   413.084436290,36.61,Joules,power/energy-ram/,1000193951,100.00,,
   413.084436290,83.28,Joules,power/energy-pkg/,1000191050,100.00,,
   414.084629502,34.64,Joules,power/energy-ram/,1000186778,100.00,,
   414.084629502,87.30,Joules,power/energy-pkg/,1000190286,100.00,,
   415.084843435,33.78,Joules,power/energy-ram/,1000206205,100.00,,
   415.084843435,77.99,Joules,power/energy-pkg/,1000206510,100.00,,
   416.084997819,32.78,Joules,power/energy-ram/,1000146213,100.00,,
   416.084997819,58.03,Joules,power/energy-pkg/,1000145680,100.00,,
   417.085147589,32.55,Joules,power/energy-ram/,1000141026,100.00,,
   417.085147589,52.04,Joules,power/energy-pkg/,1000140645,100.00,,
   418.085348132,34.00,Joules,power/energy-ram/,1000194831,100.00,,
   418.085348132,69.70,Joules,power/energy-pkg/,1000194228,100.00,,
   419.085548862,35.19,Joules,power/energy-ram/,1000191575,100.00,,
   419.085548862,80.35,Joules,power/energy-pkg/,1000191229,100.00,,
   420.085766049,35.81,Joules,power/energy-ram/,1000210305,100.00,,
   420.085766049,81.81,Joules,power/energy-pkg/,1000211458,100.00,,
   421.085983069,36.15,Joules,power/energy-ram/,1000209130,100.00,,
   421.085983069,91.61,Joules,power/energy-pkg/,1000209822,100.00,,
   422.086197925,35.14,Joules,power/energy-ram/,1000208154,100.00,,
   422.086197925,79.10,Joules,power/energy-pkg/,1000206898,100.00,,
   423.086437111,34.61,Joules,power/energy-ram/,1000230758,100.00,,
   423.086437111,69.42,Joules,power/energy-pkg/,1000231316,100.00,,
   424.086658320,35.04,Joules,power/energy-ram/,1000213178,100.00,,
   424.086658320,75.85,Joules,power/energy-pkg/,1000213268,100.00,,
   425.086878346,33.60,Joules,power/energy-ram/,1000213234,100.00,,
   425.086878346,75.80,Joules,power/energy-pkg/,1000213022,100.00,,
   426.087092502,34.86,Joules,power/energy-ram/,1000204561,100.00,,
   426.087092502,83.72,Joules,power/energy-pkg/,1000203226,100.00,,
   427.087300064,33.94,Joules,power/energy-ram/,1000201825,100.00,,
   427.087300064,99.05,Joules,power/energy-pkg/,1000202790,100.00,,
   428.087510088,33.20,Joules,power/energy-ram/,1000201053,100.00,,
   428.087510088,93.68,Joules,power/energy-pkg/,1000200940,100.00,,
   429.087721042,33.30,Joules,power/energy-ram/,1000203797,100.00,,
   429.087721042,86.68,Joules,power/energy-pkg/,1000204054,100.00,,
   430.087948120,32.74,Joules,power/energy-ram/,1000218410,100.00,,
   430.087948120,75.56,Joules,power/energy-pkg/,1000219486,100.00,,
   431.088155639,32.96,Joules,power/energy-ram/,1000200132,100.00,,
   431.088155639,62.21,Joules,power/energy-pkg/,1000198220,100.00,,
   432.088365237,32.97,Joules,power/energy-ram/,1000203028,100.00,,
   432.088365237,55.78,Joules,power/energy-pkg/,1000205082,100.00,,
   433.088585668,33.03,Joules,power/energy-ram/,1000212095,100.00,,
   433.088585668,53.18,Joules,power/energy-pkg/,1000211153,100.00,,
   434.088804239,34.39,Joules,power/energy-ram/,1000210929,100.00,,
   434.088804239,64.14,Joules,power/energy-pkg/,1000210953,100.00,,
   435.089021545,35.20,Joules,power/energy-ram/,1000209566,100.00,,
   435.089021545,74.46,Joules,power/energy-pkg/,1000209620,100.00,,
   436.089239285,34.63,Joules,power/energy-ram/,1000210252,100.00,,
   436.089239285,65.57,Joules,power/energy-pkg/,1000210047,100.00,,
   437.089456129,35.00,Joules,power/energy-ram/,1000208941,100.00,,
   437.089456129,69.04,Joules,power/energy-pkg/,1000209154,100.00,,
   438.089675489,36.43,Joules,power/energy-ram/,1000212400,100.00,,
   438.089675489,80.02,Joules,power/energy-pkg/,1000212602,100.00,,
   439.089898590,36.33,Joules,power/energy-ram/,1000214602,100.00,,
   439.089898590,85.91,Joules,power/energy-pkg/,1000214108,100.00,,
   440.090058832,35.21,Joules,power/energy-ram/,1000153050,100.00,,
   440.090058832,81.48,Joules,power/energy-pkg/,1000153969,100.00,,
   441.090279454,32.18,Joules,power/energy-ram/,1000212360,100.00,,
   441.090279454,54.53,Joules,power/energy-pkg/,1000211877,100.00,,
   442.090497008,32.77,Joules,power/energy-ram/,1000209806,100.00,,
   442.090497008,54.21,Joules,power/energy-pkg/,1000209578,100.00,,
   443.090708821,34.07,Joules,power/energy-ram/,1000203906,100.00,,
   443.090708821,69.03,Joules,power/energy-pkg/,1000203936,100.00,,
   444.090913416,34.53,Joules,power/energy-ram/,1000195201,100.00,,
   444.090913416,81.09,Joules,power/energy-pkg/,1000193087,100.00,,
   445.091106904,36.36,Joules,power/energy-ram/,1000188013,100.00,,
   445.091106904,94.09,Joules,power/energy-pkg/,1000190186,100.00,,
   446.091310645,37.32,Joules,power/energy-ram/,1000194309,100.00,,
   446.091310645,90.58,Joules,power/energy-pkg/,1000192453,100.00,,
   447.091503144,37.82,Joules,power/energy-ram/,1000184964,100.00,,
   447.091503144,97.03,Joules,power/energy-pkg/,1000185720,100.00,,
   448.091722327,36.22,Joules,power/energy-ram/,1000212920,100.00,,
   448.091722327,89.31,Joules,power/energy-pkg/,1000213770,100.00,,
   449.091877390,35.77,Joules,power/energy-ram/,1000146651,100.00,,
   449.091877390,85.40,Joules,power/energy-pkg/,1000146216,100.00,,
   450.092029677,34.80,Joules,power/energy-ram/,1000145796,100.00,,
   450.092029677,74.09,Joules,power/energy-pkg/,1000146241,100.00,,
   451.092203265,34.77,Joules,power/energy-ram/,1000164584,100.00,,
   451.092203265,77.51,Joules,power/energy-pkg/,1000165167,100.00,,
   452.092410152,34.22,Joules,power/energy-ram/,1000199425,100.00,,
   452.092410152,73.44,Joules,power/energy-pkg/,1000197872,100.00,,
   453.092575454,34.89,Joules,power/energy-ram/,1000158466,100.00,,
   453.092575454,74.50,Joules,power/energy-pkg/,1000159758,100.00,,
   454.092781906,36.64,Joules,power/energy-ram/,1000198069,100.00,,
   454.092781906,86.43,Joules,power/energy-pkg/,1000198538,100.00,,
   455.092943028,36.05,Joules,power/energy-ram/,1000152818,100.00,,
   455.092943028,87.84,Joules,power/energy-pkg/,1000151620,100.00,,
   456.093165042,35.00,Joules,power/energy-ram/,1000214902,100.00,,
   456.093165042,82.38,Joules,power/energy-pkg/,1000215449,100.00,,
   457.093379338,35.05,Joules,power/energy-ram/,1000207477,100.00,,
   457.093379338,94.42,Joules,power/energy-pkg/,1000207016,100.00,,
   458.093610740,33.69,Joules,power/energy-ram/,1000223034,100.00,,
   458.093610740,89.32,Joules,power/energy-pkg/,1000223897,100.00,,
   459.093829148,32.94,Joules,power/energy-ram/,1000209286,100.00,,
   459.093829148,69.93,Joules,power/energy-pkg/,1000208556,100.00,,
   460.094057644,32.72,Joules,power/energy-ram/,1000221349,100.00,,
   460.094057644,58.95,Joules,power/energy-pkg/,1000221829,100.00,,
   461.094262646,33.05,Joules,power/energy-ram/,1000198225,100.00,,
   461.094262646,63.56,Joules,power/energy-pkg/,1000198428,100.00,,
   462.094464153,34.01,Joules,power/energy-ram/,1000193027,100.00,,
   462.094464153,74.98,Joules,power/energy-pkg/,1000189793,100.00,,
   463.094662382,34.48,Joules,power/energy-ram/,1000191379,100.00,,
   463.094662382,79.28,Joules,power/energy-pkg/,1000194455,100.00,,
   464.094883810,35.28,Joules,power/energy-ram/,1000213420,100.00,,
   464.094883810,77.22,Joules,power/energy-pkg/,1000213430,100.00,,
   465.095108382,34.12,Joules,power/energy-ram/,1000216196,100.00,,
   465.095108382,71.10,Joules,power/energy-pkg/,1000215614,100.00,,
   466.095261996,34.09,Joules,power/energy-ram/,1000145808,100.00,,
   466.095261996,73.67,Joules,power/energy-pkg/,1000145776,100.00,,
   467.095480585,34.96,Joules,power/energy-ram/,1000210848,100.00,,
   467.095480585,80.64,Joules,power/energy-pkg/,1000210921,100.00,,
   468.095685412,34.40,Joules,power/energy-ram/,1000196870,100.00,,
   468.095685412,86.70,Joules,power/energy-pkg/,1000195881,100.00,,
   469.095899695,35.94,Joules,power/energy-ram/,1000206308,100.00,,
   469.095899695,80.73,Joules,power/energy-pkg/,1000205194,100.00,,
   470.096046718,35.97,Joules,power/energy-ram/,1000141063,100.00,,
   470.096046718,86.60,Joules,power/energy-pkg/,1000143054,100.00,,
   471.096252420,37.28,Joules,power/energy-ram/,1000196951,100.00,,
   471.096252420,98.71,Joules,power/energy-pkg/,1000195376,100.00,,
   472.096459591,36.29,Joules,power/energy-ram/,1000200180,100.00,,
   472.096459591,98.73,Joules,power/energy-pkg/,1000202584,100.00,,
   473.096670994,35.04,Joules,power/energy-ram/,1000203563,100.00,,
   473.096670994,74.82,Joules,power/energy-pkg/,1000202062,100.00,,
   474.096879272,34.82,Joules,power/energy-ram/,1000200897,100.00,,
   474.096879272,71.97,Joules,power/energy-pkg/,1000202200,100.00,,
   475.097109756,33.50,Joules,power/energy-ram/,1000221484,100.00,,
   475.097109756,67.47,Joules,power/energy-pkg/,1000219850,100.00,,
   476.097318493,33.79,Joules,power/energy-ram/,1000202145,100.00,,
   476.097318493,71.78,Joules,power/energy-pkg/,1000203288,100.00,,
   477.097526044,34.64,Joules,power/energy-ram/,1000197875,100.00,,
   477.097526044,80.22,Joules,power/energy-pkg/,1000195212,100.00,,
   478.097708365,34.85,Joules,power/energy-ram/,1000176119,100.00,,
   478.097708365,82.91,Joules,power/energy-pkg/,1000178333,100.00,,
   479.097913537,36.16,Joules,power/energy-ram/,1000196664,100.00,,
   479.097913537,84.98,Joules,power/energy-pkg/,1000196509,100.00,,
   480.098123064,37.87,Joules,power/energy-ram/,1000201946,100.00,,
   480.098123064,93.78,Joules,power/energy-pkg/,1000202301,100.00,,
   481.098323363,38.96,Joules,power/energy-ram/,1000191921,100.00,,
   481.098323363,106.14,Joules,power/energy-pkg/,1000190021,100.00,,
   482.098514285,38.29,Joules,power/energy-ram/,1000184537,100.00,,
   482.098514285,102.28,Joules,power/energy-pkg/,1000187154,100.00,,
   483.098743143,35.88,Joules,power/energy-ram/,1000221023,100.00,,
   483.098743143,88.73,Joules,power/energy-pkg/,1000219507,100.00,,
   484.098934638,35.35,Joules,power/energy-ram/,1000184497,100.00,,
   484.098934638,90.84,Joules,power/energy-pkg/,1000185953,100.00,,
   485.099143379,34.14,Joules,power/energy-ram/,1000199291,100.00,,
   485.099143379,77.33,Joules,power/energy-pkg/,1000197151,100.00,,
   486.099352267,33.30,Joules,power/energy-ram/,1000202507,100.00,,
   486.099352267,65.43,Joules,power/energy-pkg/,1000204510,100.00,,
   487.099571004,33.05,Joules,power/energy-ram/,1000211152,100.00,,
   487.099571004,55.56,Joules,power/energy-pkg/,1000211534,100.00,,
   488.099780222,30.69,Joules,power/energy-ram/,1000200330,100.00,,
   488.099780222,48.06,Joules,power/energy-pkg/,1000199702,100.00,,
   489.099999422,29.79,Joules,power/energy-ram/,1000212870,100.00,,
   489.099999422,46.15,Joules,power/energy-pkg/,1000212980,100.00,,
   490.100210080,29.40,Joules,power/energy-ram/,1000201966,100.00,,
   490.100210080,44.35,Joules,power/energy-pkg/,1000202394,100.00,,
   491.100421521,29.57,Joules,power/energy-ram/,1000204306,100.00,,
   491.100421521,44.23,Joules,power/energy-pkg/,1000204130,100.00,,
   492.100636223,28.35,Joules,power/energy-ram/,1000208206,100.00,,
   492.100636223,44.28,Joules,power/energy-pkg/,1000208026,100.00,,
   493.100848337,28.69,Joules,power/energy-ram/,1000202493,100.00,,
   493.100848337,43.99,Joules,power/energy-pkg/,1000202640,100.00,,
   494.101058349,29.60,Joules,power/energy-ram/,1000202620,100.00,,
   494.101058349,45.98,Joules,power/energy-pkg/,1000202244,100.00,,
   495.101270965,27.57,Joules,power/energy-ram/,1000206927,100.00,,
   495.101270965,42.76,Joules,power/energy-pkg/,1000208535,100.00,,
   496.101502637,11.49,Joules,power/energy-ram/,1000222411,100.00,,
   496.101502637,21.75,Joules,power/energy-pkg/,1000222560,100.00,,
   497.101734481,10.19,Joules,power/energy-ram/,1000223593,100.00,,
   497.101734481,20.90,Joules,power/energy-pkg/,1000222587,100.00,,
   498.101964760,9.16,Joules,power/energy-ram/,1000220967,100.00,,
   498.101964760,20.50,Joules,power/energy-pkg/,1000220028,100.00,,
   499.102208659,10.39,Joules,power/energy-ram/,1000238749,100.00,,
   499.102208659,21.19,Joules,power/energy-pkg/,1000240272,100.00,,
   500.102457247,10.27,Joules,power/energy-ram/,1000240268,100.00,,
   500.102457247,21.03,Joules,power/energy-pkg/,1000240180,100.00,,
   501.102697881,8.92,Joules,power/energy-ram/,1000232103,100.00,,
   501.102697881,20.36,Joules,power/energy-pkg/,1000231344,100.00,,
   502.102940837,10.86,Joules,power/energy-ram/,1000234848,100.00,,
   502.102940837,21.22,Joules,power/energy-pkg/,1000235500,100.00,,
   503.103178201,9.94,Joules,power/energy-ram/,1000230602,100.00,,
   503.103178201,20.92,Joules,power/energy-pkg/,1000230819,100.00,,
   504.103398478,9.28,Joules,power/energy-ram/,1000212202,100.00,,
   504.103398478,20.40,Joules,power/energy-pkg/,1000210690,100.00,,
   505.103646326,9.60,Joules,power/energy-ram/,1000239718,100.00,,
   505.103646326,20.63,Joules,power/energy-pkg/,1000240956,100.00,,
   506.103890384,9.03,Joules,power/energy-ram/,1000235818,100.00,,
   506.103890384,20.41,Joules,power/energy-pkg/,1000234714,100.00,,
   507.104129526,10.06,Joules,power/energy-ram/,1000232172,100.00,,
   507.104129526,20.92,Joules,power/energy-pkg/,1000233525,100.00,,
   508.104339254,10.09,Joules,power/energy-ram/,1000202904,100.00,,
   508.104339254,20.97,Joules,power/energy-pkg/,1000202907,100.00,,
   509.104549645,9.40,Joules,power/energy-ram/,1000202396,100.00,,
   509.104549645,20.66,Joules,power/energy-pkg/,1000202364,100.00,,
   510.104801298,10.80,Joules,power/energy-ram/,1000244890,100.00,,
   510.104801298,21.15,Joules,power/energy-pkg/,1000244332,100.00,,
   511.105029283,10.38,Joules,power/energy-ram/,1000219088,100.00,,
   511.105029283,20.96,Joules,power/energy-pkg/,1000218868,100.00,,
   512.105265425,9.30,Joules,power/energy-ram/,1000229090,100.00,,
   512.105265425,20.51,Joules,power/energy-pkg/,1000229862,100.00,,
   513.105514672,9.54,Joules,power/energy-ram/,1000240762,100.00,,
   513.105514672,20.60,Joules,power/energy-pkg/,1000240554,100.00,,
   514.105747818,9.67,Joules,power/energy-ram/,1000225884,100.00,,
   514.105747818,20.89,Joules,power/energy-pkg/,1000225957,100.00,,
   515.105978971,8.73,Joules,power/energy-ram/,1000223807,100.00,,
   515.105978971,20.17,Joules,power/energy-pkg/,1000223767,100.00,,
   516.106216812,10.06,Joules,power/energy-ram/,1000229718,100.00,,
   516.106216812,20.81,Joules,power/energy-pkg/,1000229322,100.00,,
   517.106470021,8.51,Joules,power/energy-ram/,1000244460,100.00,,
   517.106470021,20.15,Joules,power/energy-pkg/,1000244398,100.00,,
   518.106702407,10.28,Joules,power/energy-ram/,1000225939,100.00,,
   518.106702407,21.09,Joules,power/energy-pkg/,1000225384,100.00,,
   519.106947095,10.27,Joules,power/energy-ram/,1000236185,100.00,,
   519.106947095,20.98,Joules,power/energy-pkg/,1000237356,100.00,,
   520.107185307,9.23,Joules,power/energy-ram/,1000230627,100.00,,
   520.107185307,20.42,Joules,power/energy-pkg/,1000230231,100.00,,
   521.107416834,10.28,Joules,power/energy-ram/,1000224440,100.00,,
   521.107416834,20.93,Joules,power/energy-pkg/,1000224659,100.00,,
   522.107654769,10.52,Joules,power/energy-ram/,1000229535,100.00,,
   522.107654769,21.23,Joules,power/energy-pkg/,1000228840,100.00,,
   523.107904001,9.30,Joules,power/energy-ram/,1000241596,100.00,,
   523.107904001,20.53,Joules,power/energy-pkg/,1000241763,100.00,,
   524.108113715,10.03,Joules,power/energy-ram/,1000203073,100.00,,
   524.108113715,20.99,Joules,power/energy-pkg/,1000203577,100.00,,
