# started on Tue Apr 11 13:01:33 2023

     1.000190329,9.25,Joules,power/energy-ram/,1000181280,100.00,,
     1.000190329,21.02,Joules,power/energy-pkg/,1000181239,100.00,,
     2.000445085,17.29,Joules,power/energy-ram/,1000249197,100.00,,
     2.000445085,26.81,Joules,power/energy-pkg/,1000250388,100.00,,
     3.000666526,15.40,Joules,power/energy-ram/,1000213180,100.00,,
     3.000666526,24.04,Joules,power/energy-pkg/,1000212560,100.00,,
     4.000879184,11.84,Joules,power/energy-ram/,1000204531,100.00,,
     4.000879184,21.79,Joules,power/energy-pkg/,1000205295,100.00,,
     5.001112904,7.82,Joules,power/energy-ram/,1000224725,100.00,,
     5.001112904,19.77,Joules,power/energy-pkg/,1000222825,100.00,,
     6.001334225,9.31,Joules,power/energy-ram/,1000213455,100.00,,
     6.001334225,20.47,Joules,power/energy-pkg/,1000213730,100.00,,
     7.001564293,8.81,Joules,power/energy-ram/,1000222909,100.00,,
     7.001564293,20.20,Joules,power/energy-pkg/,1000222452,100.00,,
     8.001783471,8.78,Joules,power/energy-ram/,1000222721,100.00,,
     8.001783471,19.98,Joules,power/energy-pkg/,1000222858,100.00,,
     9.002022084,9.06,Joules,power/energy-ram/,1000218190,100.00,,
     9.002022084,20.06,Joules,power/energy-pkg/,1000219004,100.00,,
    10.002223318,10.39,Joules,power/energy-ram/,1000193770,100.00,,
    10.002223318,20.93,Joules,power/energy-pkg/,1000192526,100.00,,
    11.002441695,8.62,Joules,power/energy-ram/,1000210436,100.00,,
    11.002441695,20.36,Joules,power/energy-pkg/,1000211476,100.00,,
    12.002664701,9.31,Joules,power/energy-ram/,1000215945,100.00,,
    12.002664701,20.60,Joules,power/energy-pkg/,1000215078,100.00,,
    13.002891420,7.73,Joules,power/energy-ram/,1000218609,100.00,,
    13.002891420,19.66,Joules,power/energy-pkg/,1000218648,100.00,,
    14.003117009,9.19,Joules,power/energy-ram/,1000216626,100.00,,
    14.003117009,20.36,Joules,power/energy-pkg/,1000216869,100.00,,
    15.003332800,8.59,Joules,power/energy-ram/,1000208550,100.00,,
    15.003332800,20.14,Joules,power/energy-pkg/,1000208460,100.00,,
    16.003557514,8.17,Joules,power/energy-ram/,1000217328,100.00,,
    16.003557514,20.06,Joules,power/energy-pkg/,1000216791,100.00,,
    17.003765923,7.59,Joules,power/energy-ram/,1000200891,100.00,,
    17.003765923,20.01,Joules,power/energy-pkg/,1000201424,100.00,,
    18.003966108,9.10,Joules,power/energy-ram/,1000192411,100.00,,
    18.003966108,20.47,Joules,power/energy-pkg/,1000192229,100.00,,
    19.004209288,7.88,Joules,power/energy-ram/,1000234747,100.00,,
    19.004209288,19.49,Joules,power/energy-pkg/,1000234949,100.00,,
    20.004441839,9.39,Joules,power/energy-ram/,1000224924,100.00,,
    20.004441839,20.37,Joules,power/energy-pkg/,1000225018,100.00,,
    21.004686328,8.80,Joules,power/energy-ram/,1000237278,100.00,,
    21.004686328,20.30,Joules,power/energy-pkg/,1000237769,100.00,,
    22.004915423,8.01,Joules,power/energy-ram/,1000220851,100.00,,
    22.004915423,20.08,Joules,power/energy-pkg/,1000219886,100.00,,
    23.005147402,8.10,Joules,power/energy-ram/,1000224555,100.00,,
    23.005147402,20.11,Joules,power/energy-pkg/,1000224567,100.00,,
    24.005383615,8.49,Joules,power/energy-ram/,1000227945,100.00,,
    24.005383615,20.01,Joules,power/energy-pkg/,1000228157,100.00,,
    25.005615122,8.66,Joules,power/energy-ram/,1000223705,100.00,,
    25.005615122,20.13,Joules,power/energy-pkg/,1000223629,100.00,,
    26.005824649,9.07,Joules,power/energy-ram/,1000202446,100.00,,
    26.005824649,20.41,Joules,power/energy-pkg/,1000202911,100.00,,
    27.006072179,7.61,Joules,power/energy-ram/,1000238844,100.00,,
    27.006072179,19.76,Joules,power/energy-pkg/,1000237812,100.00,,
    28.006274443,8.92,Joules,power/energy-ram/,1000195200,100.00,,
    28.006274443,20.50,Joules,power/energy-pkg/,1000195940,100.00,,
    29.006500534,8.57,Joules,power/energy-ram/,1000218614,100.00,,
    29.006500534,20.08,Joules,power/energy-pkg/,1000218808,100.00,,
    30.006719446,8.30,Joules,power/energy-ram/,1000210258,100.00,,
    30.006719446,19.95,Joules,power/energy-pkg/,1000210092,100.00,,
    31.006938139,7.90,Joules,power/energy-ram/,1000212118,100.00,,
    31.006938139,19.91,Joules,power/energy-pkg/,1000212558,100.00,,
    32.007178124,9.18,Joules,power/energy-ram/,1000232360,100.00,,
    32.007178124,20.41,Joules,power/energy-pkg/,1000231474,100.00,,
    33.007421999,7.89,Joules,power/energy-ram/,1000234621,100.00,,
    33.007421999,19.86,Joules,power/energy-pkg/,1000234586,100.00,,
    34.007654248,9.16,Joules,power/energy-ram/,1000224520,100.00,,
    34.007654248,20.44,Joules,power/energy-pkg/,1000225354,100.00,,
    35.007859103,8.49,Joules,power/energy-ram/,1000197939,100.00,,
    35.007859103,20.05,Joules,power/energy-pkg/,1000197236,100.00,,
    36.008086816,8.79,Joules,power/energy-ram/,1000219720,100.00,,
    36.008086816,20.04,Joules,power/energy-pkg/,1000219890,100.00,,
    37.008335461,8.86,Joules,power/energy-ram/,1000240870,100.00,,
    37.008335461,20.20,Joules,power/energy-pkg/,1000240701,100.00,,
    38.008561674,8.42,Joules,power/energy-ram/,1000218090,100.00,,
    38.008561674,20.06,Joules,power/energy-pkg/,1000217826,100.00,,
    39.008805316,8.49,Joules,power/energy-ram/,1000235048,100.00,,
    39.008805316,20.08,Joules,power/energy-pkg/,1000232523,100.00,,
    40.009000538,9.26,Joules,power/energy-ram/,1000188222,100.00,,
    40.009000538,20.40,Joules,power/energy-pkg/,1000191222,100.00,,
    41.009238946,8.25,Joules,power/energy-ram/,1000231311,100.00,,
    41.009238946,19.91,Joules,power/energy-pkg/,1000231304,100.00,,
    42.009460782,10.37,Joules,power/energy-ram/,1000213470,100.00,,
    42.009460782,20.65,Joules,power/energy-pkg/,1000213385,100.00,,
    43.009672672,8.70,Joules,power/energy-ram/,1000204156,100.00,,
    43.009672672,20.02,Joules,power/energy-pkg/,1000204480,100.00,,
    44.009922977,8.46,Joules,power/energy-ram/,1000242224,100.00,,
    44.009922977,19.89,Joules,power/energy-pkg/,1000241719,100.00,,
    45.010074596,7.46,Joules,power/energy-ram/,1000144229,100.00,,
    45.010074596,19.78,Joules,power/energy-pkg/,1000144261,100.00,,
    46.010219843,9.49,Joules,power/energy-ram/,1000137311,100.00,,
    46.010219843,20.44,Joules,power/energy-pkg/,1000137544,100.00,,
    47.010452494,7.75,Joules,power/energy-ram/,1000225660,100.00,,
    47.010452494,19.66,Joules,power/energy-pkg/,1000226280,100.00,,
    48.010665898,9.36,Joules,power/energy-ram/,1000205990,100.00,,
    48.010665898,20.36,Joules,power/energy-pkg/,1000205515,100.00,,
    49.010867596,8.41,Joules,power/energy-ram/,1000192346,100.00,,
    49.010867596,19.86,Joules,power/energy-pkg/,1000191873,100.00,,
    50.011094094,8.51,Joules,power/energy-ram/,1000219928,100.00,,
    50.011094094,19.92,Joules,power/energy-pkg/,1000220368,100.00,,
    51.011317290,8.44,Joules,power/energy-ram/,1000216202,100.00,,
    51.011317290,20.10,Joules,power/energy-pkg/,1000216190,100.00,,
    52.011522945,8.65,Joules,power/energy-ram/,1000196380,100.00,,
    52.011522945,19.96,Joules,power/energy-pkg/,1000196004,100.00,,
    53.011749430,8.38,Joules,power/energy-ram/,1000219594,100.00,,
    53.011749430,20.02,Joules,power/energy-pkg/,1000219406,100.00,,
    54.011958198,9.11,Joules,power/energy-ram/,1000201240,100.00,,
    54.011958198,20.31,Joules,power/energy-pkg/,1000203010,100.00,,
    55.012202123,7.36,Joules,power/energy-ram/,1000234792,100.00,,
    55.012202123,19.43,Joules,power/energy-pkg/,1000233296,100.00,,
    56.012422001,9.56,Joules,power/energy-ram/,1000213354,100.00,,
    56.012422001,20.40,Joules,power/energy-pkg/,1000213624,100.00,,
    57.012666621,8.42,Joules,power/energy-ram/,1000235405,100.00,,
    57.012666621,20.01,Joules,power/energy-pkg/,1000235304,100.00,,
    58.012902028,8.76,Joules,power/energy-ram/,1000228620,100.00,,
    58.012902028,19.94,Joules,power/energy-pkg/,1000228452,100.00,,
    59.013146073,7.64,Joules,power/energy-ram/,1000237275,100.00,,
    59.013146073,19.68,Joules,power/energy-pkg/,1000237868,100.00,,
    60.013384164,9.33,Joules,power/energy-ram/,1000228591,100.00,,
    60.013384164,20.36,Joules,power/energy-pkg/,1000228116,100.00,,
    61.013634496,7.85,Joules,power/energy-ram/,1000242473,100.00,,
    61.013634496,19.59,Joules,power/energy-pkg/,1000241797,100.00,,
    62.013893164,9.75,Joules,power/energy-ram/,1000252474,100.00,,
    62.013893164,20.73,Joules,power/energy-pkg/,1000254754,100.00,,
    63.014103418,8.55,Joules,power/energy-ram/,1000202220,100.00,,
    63.014103418,20.02,Joules,power/energy-pkg/,1000201511,100.00,,
    64.014314481,8.48,Joules,power/energy-ram/,1000202093,100.00,,
    64.014314481,19.92,Joules,power/energy-pkg/,1000201531,100.00,,
    65.014460719,17.79,Joules,power/energy-ram/,1000141769,100.00,,
    65.014460719,24.76,Joules,power/energy-pkg/,1000144378,100.00,,
    66.014682002,17.20,Joules,power/energy-ram/,1000212364,100.00,,
    66.014682002,23.85,Joules,power/energy-pkg/,1000211744,100.00,,
    67.014946150,18.86,Joules,power/energy-ram/,1000256162,100.00,,
    67.014946150,24.84,Joules,power/energy-pkg/,1000255173,100.00,,
    68.015156079,29.48,Joules,power/energy-ram/,1000201231,100.00,,
    68.015156079,46.61,Joules,power/energy-pkg/,1000200867,100.00,,
    69.015301684,31.15,Joules,power/energy-ram/,1000138465,100.00,,
    69.015301684,58.38,Joules,power/energy-pkg/,1000137191,100.00,,
    70.015438812,32.73,Joules,power/energy-ram/,1000127435,100.00,,
    70.015438812,68.13,Joules,power/energy-pkg/,1000127735,100.00,,
    71.015608886,33.25,Joules,power/energy-ram/,1000162727,100.00,,
    71.015608886,76.29,Joules,power/energy-pkg/,1000160057,100.00,,
    72.015731343,33.28,Joules,power/energy-ram/,1000114653,100.00,,
    72.015731343,71.56,Joules,power/energy-pkg/,1000118429,100.00,,
    73.015876279,33.97,Joules,power/energy-ram/,1000137491,100.00,,
    73.015876279,81.67,Joules,power/energy-pkg/,1000135571,100.00,,
    74.016073020,34.23,Joules,power/energy-ram/,1000190951,100.00,,
    74.016073020,79.16,Joules,power/energy-pkg/,1000193107,100.00,,
    75.016276100,33.04,Joules,power/energy-ram/,1000192792,100.00,,
    75.016276100,75.08,Joules,power/energy-pkg/,1000190733,100.00,,
    76.016453302,33.58,Joules,power/energy-ram/,1000168971,100.00,,
    76.016453302,70.06,Joules,power/energy-pkg/,1000167543,100.00,,
    77.016644386,32.74,Joules,power/energy-ram/,1000185855,100.00,,
    77.016644386,63.50,Joules,power/energy-pkg/,1000188902,100.00,,
    78.016797755,31.76,Joules,power/energy-ram/,1000145244,100.00,,
    78.016797755,56.61,Joules,power/energy-pkg/,1000145068,100.00,,
    79.017019818,31.25,Joules,power/energy-ram/,1000214704,100.00,,
    79.017019818,58.29,Joules,power/energy-pkg/,1000215334,100.00,,
    80.017235287,33.31,Joules,power/energy-ram/,1000207546,100.00,,
    80.017235287,66.95,Joules,power/energy-pkg/,1000207666,100.00,,
    81.017448515,34.36,Joules,power/energy-ram/,1000205876,100.00,,
    81.017448515,72.44,Joules,power/energy-pkg/,1000204794,100.00,,
    82.017663362,32.48,Joules,power/energy-ram/,1000207125,100.00,,
    82.017663362,66.54,Joules,power/energy-pkg/,1000207962,100.00,,
    83.017899608,35.13,Joules,power/energy-ram/,1000228400,100.00,,
    83.017899608,74.65,Joules,power/energy-pkg/,1000228531,100.00,,
    84.018123038,34.97,Joules,power/energy-ram/,1000216158,100.00,,
    84.018123038,75.44,Joules,power/energy-pkg/,1000216200,100.00,,
    85.018346324,34.39,Joules,power/energy-ram/,1000214446,100.00,,
    85.018346324,71.59,Joules,power/energy-pkg/,1000214053,100.00,,
    86.018559127,32.98,Joules,power/energy-ram/,1000205069,100.00,,
    86.018559127,58.73,Joules,power/energy-pkg/,1000205091,100.00,,
    87.018767237,32.59,Joules,power/energy-ram/,1000199840,100.00,,
    87.018767237,69.66,Joules,power/energy-pkg/,1000199812,100.00,,
    88.019003196,32.83,Joules,power/energy-ram/,1000228996,100.00,,
    88.019003196,73.26,Joules,power/energy-pkg/,1000229364,100.00,,
    89.019221553,31.55,Joules,power/energy-ram/,1000210485,100.00,,
    89.019221553,57.45,Joules,power/energy-pkg/,1000210640,100.00,,
    90.019437723,32.88,Joules,power/energy-ram/,1000208146,100.00,,
    90.019437723,63.29,Joules,power/energy-pkg/,1000207768,100.00,,
    91.019651849,32.71,Joules,power/energy-ram/,1000206044,100.00,,
    91.019651849,63.84,Joules,power/energy-pkg/,1000205556,100.00,,
    92.019886651,32.59,Joules,power/energy-ram/,1000226952,100.00,,
    92.019886651,64.06,Joules,power/energy-pkg/,1000225357,100.00,,
    93.020085658,32.66,Joules,power/energy-ram/,1000192120,100.00,,
    93.020085658,65.25,Joules,power/energy-pkg/,1000194263,100.00,,
    94.020293126,33.06,Joules,power/energy-ram/,1000199220,100.00,,
    94.020293126,65.46,Joules,power/energy-pkg/,1000199436,100.00,,
    95.020507676,33.47,Joules,power/energy-ram/,1000206700,100.00,,
    95.020507676,74.25,Joules,power/energy-pkg/,1000205604,100.00,,
    96.020723059,32.81,Joules,power/energy-ram/,1000206618,100.00,,
    96.020723059,66.62,Joules,power/energy-pkg/,1000207762,100.00,,
    97.020928293,33.46,Joules,power/energy-ram/,1000198430,100.00,,
    97.020928293,62.23,Joules,power/energy-pkg/,1000198010,100.00,,
    98.021129232,33.88,Joules,power/energy-ram/,1000193015,100.00,,
    98.021129232,75.97,Joules,power/energy-pkg/,1000191465,100.00,,
    99.021334076,34.19,Joules,power/energy-ram/,1000196825,100.00,,
    99.021334076,89.13,Joules,power/energy-pkg/,1000197754,100.00,,
   100.021535007,34.61,Joules,power/energy-ram/,1000194011,100.00,,
   100.021535007,72.21,Joules,power/energy-pkg/,1000194709,100.00,,
   101.021757941,33.13,Joules,power/energy-ram/,1000215595,100.00,,
   101.021757941,67.21,Joules,power/energy-pkg/,1000215473,100.00,,
   102.021990944,32.72,Joules,power/energy-ram/,1000224354,100.00,,
   102.021990944,56.29,Joules,power/energy-pkg/,1000224798,100.00,,
   103.022194303,32.63,Joules,power/energy-ram/,1000194826,100.00,,
   103.022194303,50.34,Joules,power/energy-pkg/,1000194515,100.00,,
   104.022405892,33.13,Joules,power/energy-ram/,1000204931,100.00,,
   104.022405892,61.27,Joules,power/energy-pkg/,1000205127,100.00,,
   105.022616829,34.29,Joules,power/energy-ram/,1000201806,100.00,,
   105.022616829,77.31,Joules,power/energy-pkg/,1000200903,100.00,,
   106.022778117,35.01,Joules,power/energy-ram/,1000155272,100.00,,
   106.022778117,83.32,Joules,power/energy-pkg/,1000155552,100.00,,
   107.022933420,34.57,Joules,power/energy-ram/,1000146990,100.00,,
   107.022933420,76.45,Joules,power/energy-pkg/,1000146647,100.00,,
   108.023086116,36.68,Joules,power/energy-ram/,1000145821,100.00,,
   108.023086116,97.33,Joules,power/energy-pkg/,1000146476,100.00,,
   109.023304112,34.76,Joules,power/energy-ram/,1000209598,100.00,,
   109.023304112,92.38,Joules,power/energy-pkg/,1000208939,100.00,,
   110.023456802,34.54,Joules,power/energy-ram/,1000146106,100.00,,
   110.023456802,86.21,Joules,power/energy-pkg/,1000146091,100.00,,
   111.023721411,35.40,Joules,power/energy-ram/,1000255373,100.00,,
   111.023721411,84.06,Joules,power/energy-pkg/,1000255909,100.00,,
   112.023937037,36.12,Joules,power/energy-ram/,1000209107,100.00,,
   112.023937037,98.54,Joules,power/energy-pkg/,1000209407,100.00,,
   113.024160955,35.79,Joules,power/energy-ram/,1000214665,100.00,,
   113.024160955,87.92,Joules,power/energy-pkg/,1000213744,100.00,,
   114.024328376,36.33,Joules,power/energy-ram/,1000158440,100.00,,
   114.024328376,84.53,Joules,power/energy-pkg/,1000156920,100.00,,
   115.024466213,35.39,Joules,power/energy-ram/,1000130411,100.00,,
   115.024466213,78.39,Joules,power/energy-pkg/,1000127928,100.00,,
   116.024651114,34.58,Joules,power/energy-ram/,1000178522,100.00,,
   116.024651114,65.45,Joules,power/energy-pkg/,1000181929,100.00,,
   117.024859266,34.55,Joules,power/energy-ram/,1000200285,100.00,,
   117.024859266,74.13,Joules,power/energy-pkg/,1000201507,100.00,,
   118.025054485,34.10,Joules,power/energy-ram/,1000185543,100.00,,
   118.025054485,87.25,Joules,power/energy-pkg/,1000183169,100.00,,
   119.025240003,36.79,Joules,power/energy-ram/,1000178601,100.00,,
   119.025240003,95.18,Joules,power/energy-pkg/,1000178498,100.00,,
   120.025437907,36.78,Joules,power/energy-ram/,1000190798,100.00,,
   120.025437907,90.34,Joules,power/energy-pkg/,1000193641,100.00,,
   121.025590444,37.65,Joules,power/energy-ram/,1000145642,100.00,,
   121.025590444,95.17,Joules,power/energy-pkg/,1000145092,100.00,,
   122.025816157,37.74,Joules,power/energy-ram/,1000231879,100.00,,
   122.025816157,93.56,Joules,power/energy-pkg/,1000228849,100.00,,
   123.026032041,36.56,Joules,power/energy-ram/,1000194316,100.00,,
   123.026032041,81.40,Joules,power/energy-pkg/,1000197938,100.00,,
   124.026254493,35.46,Joules,power/energy-ram/,1000213929,100.00,,
   124.026254493,93.59,Joules,power/energy-pkg/,1000213629,100.00,,
   125.026449003,34.22,Joules,power/energy-ram/,1000184560,100.00,,
   125.026449003,98.52,Joules,power/energy-pkg/,1000180748,100.00,,
   126.026576406,33.46,Joules,power/energy-ram/,1000121863,100.00,,
   126.026576406,86.79,Joules,power/energy-pkg/,1000123692,100.00,,
   127.026780034,33.88,Joules,power/energy-ram/,1000195967,100.00,,
   127.026780034,78.76,Joules,power/energy-pkg/,1000197957,100.00,,
   128.027003526,34.51,Joules,power/energy-ram/,1000215523,100.00,,
   128.027003526,70.77,Joules,power/energy-pkg/,1000215718,100.00,,
   129.027226682,34.37,Joules,power/energy-ram/,1000215633,100.00,,
   129.027226682,76.69,Joules,power/energy-pkg/,1000215187,100.00,,
   130.027453207,33.71,Joules,power/energy-ram/,1000219185,100.00,,
   130.027453207,70.24,Joules,power/energy-pkg/,1000219499,100.00,,
   131.027661500,33.38,Joules,power/energy-ram/,1000200326,100.00,,
   131.027661500,58.25,Joules,power/energy-pkg/,1000200062,100.00,,
   132.027892808,33.77,Joules,power/energy-ram/,1000223413,100.00,,
   132.027892808,61.00,Joules,power/energy-pkg/,1000223663,100.00,,
   133.028111755,32.93,Joules,power/energy-ram/,1000211205,100.00,,
   133.028111755,63.88,Joules,power/energy-pkg/,1000211149,100.00,,
   134.028330478,33.46,Joules,power/energy-ram/,1000211192,100.00,,
   134.028330478,68.83,Joules,power/energy-pkg/,1000211322,100.00,,
   135.028544004,33.94,Joules,power/energy-ram/,1000205904,100.00,,
   135.028544004,71.47,Joules,power/energy-pkg/,1000206030,100.00,,
   136.028765230,33.84,Joules,power/energy-ram/,1000213396,100.00,,
   136.028765230,70.74,Joules,power/energy-pkg/,1000213278,100.00,,
   137.028984586,33.84,Joules,power/energy-ram/,1000210887,100.00,,
   137.028984586,70.37,Joules,power/energy-pkg/,1000211189,100.00,,
   138.029182946,35.86,Joules,power/energy-ram/,1000191293,100.00,,
   138.029182946,78.41,Joules,power/energy-pkg/,1000190649,100.00,,
   139.029405459,35.04,Joules,power/energy-ram/,1000215190,100.00,,
   139.029405459,78.25,Joules,power/energy-pkg/,1000215428,100.00,,
   140.029616370,36.19,Joules,power/energy-ram/,1000201784,100.00,,
   140.029616370,92.26,Joules,power/energy-pkg/,1000201081,100.00,,
   141.029830372,35.16,Joules,power/energy-ram/,1000207284,100.00,,
   141.029830372,88.68,Joules,power/energy-pkg/,1000207423,100.00,,
   142.030048923,34.08,Joules,power/energy-ram/,1000210222,100.00,,
   142.030048923,75.34,Joules,power/energy-pkg/,1000211088,100.00,,
   143.030267808,33.44,Joules,power/energy-ram/,1000211674,100.00,,
   143.030267808,65.08,Joules,power/energy-pkg/,1000211354,100.00,,
   144.030486393,33.09,Joules,power/energy-ram/,1000210195,100.00,,
   144.030486393,55.47,Joules,power/energy-pkg/,1000210055,100.00,,
   145.030694362,34.37,Joules,power/energy-ram/,1000199819,100.00,,
   145.030694362,65.24,Joules,power/energy-pkg/,1000199381,100.00,,
   146.030903963,35.08,Joules,power/energy-ram/,1000202684,100.00,,
   146.030903963,73.69,Joules,power/energy-pkg/,1000202432,100.00,,
   147.031115942,34.92,Joules,power/energy-ram/,1000204050,100.00,,
   147.031115942,76.26,Joules,power/energy-pkg/,1000204090,100.00,,
   148.031323123,35.22,Joules,power/energy-ram/,1000199529,100.00,,
   148.031323123,78.36,Joules,power/energy-pkg/,1000200086,100.00,,
   149.031541348,35.70,Joules,power/energy-ram/,1000208761,100.00,,
   149.031541348,86.88,Joules,power/energy-pkg/,1000208422,100.00,,
   150.031748145,33.39,Joules,power/energy-ram/,1000200448,100.00,,
   150.031748145,79.60,Joules,power/energy-pkg/,1000201375,100.00,,
   151.031963891,32.98,Joules,power/energy-ram/,1000207876,100.00,,
   151.031963891,56.39,Joules,power/energy-pkg/,1000207249,100.00,,
   152.032205931,33.11,Joules,power/energy-ram/,1000234779,100.00,,
   152.032205931,58.37,Joules,power/energy-pkg/,1000235127,100.00,,
   153.032427010,33.35,Joules,power/energy-ram/,1000212665,100.00,,
   153.032427010,60.78,Joules,power/energy-pkg/,1000212748,100.00,,
   154.032644644,30.20,Joules,power/energy-ram/,1000209609,100.00,,
   154.032644644,51.66,Joules,power/energy-pkg/,1000209820,100.00,,
   155.032863056,31.23,Joules,power/energy-ram/,1000211082,100.00,,
   155.032863056,54.12,Joules,power/energy-pkg/,1000211110,100.00,,
   156.033078658,30.80,Joules,power/energy-ram/,1000206634,100.00,,
   156.033078658,49.50,Joules,power/energy-pkg/,1000206890,100.00,,
   157.033289144,21.89,Joules,power/energy-ram/,1000203919,100.00,,
   157.033289144,30.91,Joules,power/energy-pkg/,1000203150,100.00,,
   158.033496167,25.60,Joules,power/energy-ram/,1000198299,100.00,,
   158.033496167,39.33,Joules,power/energy-pkg/,1000197826,100.00,,
   159.033706589,33.16,Joules,power/energy-ram/,1000202550,100.00,,
   159.033706589,57.87,Joules,power/energy-pkg/,1000202680,100.00,,
   160.033931749,32.88,Joules,power/energy-ram/,1000217862,100.00,,
   160.033931749,59.20,Joules,power/energy-pkg/,1000217776,100.00,,
   161.034144689,32.64,Joules,power/energy-ram/,1000205860,100.00,,
   161.034144689,52.80,Joules,power/energy-pkg/,1000206362,100.00,,
   162.034356943,32.94,Joules,power/energy-ram/,1000205102,100.00,,
   162.034356943,54.67,Joules,power/energy-pkg/,1000205578,100.00,,
   163.034575245,32.69,Joules,power/energy-ram/,1000209604,100.00,,
   163.034575245,56.86,Joules,power/energy-pkg/,1000209919,100.00,,
   164.034786810,31.56,Joules,power/energy-ram/,1000204225,100.00,,
   164.034786810,49.59,Joules,power/energy-pkg/,1000203111,100.00,,
   165.034998632,33.30,Joules,power/energy-ram/,1000203920,100.00,,
   165.034998632,56.00,Joules,power/energy-pkg/,1000204193,100.00,,
   166.035214722,33.94,Joules,power/energy-ram/,1000207893,100.00,,
   166.035214722,69.95,Joules,power/energy-pkg/,1000207905,100.00,,
   167.035432116,33.79,Joules,power/energy-ram/,1000210858,100.00,,
   167.035432116,77.05,Joules,power/energy-pkg/,1000211222,100.00,,
   168.035590398,35.18,Joules,power/energy-ram/,1000150440,100.00,,
   168.035590398,84.41,Joules,power/energy-pkg/,1000150015,100.00,,
   169.035812257,34.00,Joules,power/energy-ram/,1000214118,100.00,,
   169.035812257,81.43,Joules,power/energy-pkg/,1000214569,100.00,,
   170.036022886,33.81,Joules,power/energy-ram/,1000201772,100.00,,
   170.036022886,70.78,Joules,power/energy-pkg/,1000200769,100.00,,
   171.036231430,34.41,Joules,power/energy-ram/,1000201838,100.00,,
   171.036231430,73.51,Joules,power/energy-pkg/,1000202847,100.00,,
   172.036442269,33.84,Joules,power/energy-ram/,1000202632,100.00,,
   172.036442269,67.51,Joules,power/energy-pkg/,1000202753,100.00,,
   173.036600621,33.42,Joules,power/energy-ram/,1000149088,100.00,,
   173.036600621,63.33,Joules,power/energy-pkg/,1000149086,100.00,,
   174.036813081,34.61,Joules,power/energy-ram/,1000204551,100.00,,
   174.036813081,72.84,Joules,power/energy-pkg/,1000202077,100.00,,
   175.036992999,34.93,Joules,power/energy-ram/,1000173434,100.00,,
   175.036992999,89.88,Joules,power/energy-pkg/,1000175247,100.00,,
   176.037206807,34.27,Joules,power/energy-ram/,1000205198,100.00,,
   176.037206807,76.04,Joules,power/energy-pkg/,1000205176,100.00,,
   177.037420380,33.75,Joules,power/energy-ram/,1000207652,100.00,,
   177.037420380,72.79,Joules,power/energy-pkg/,1000208206,100.00,,
   178.037644326,33.89,Joules,power/energy-ram/,1000215656,100.00,,
   178.037644326,64.40,Joules,power/energy-pkg/,1000215444,100.00,,
   179.037862326,33.11,Joules,power/energy-ram/,1000209684,100.00,,
   179.037862326,58.66,Joules,power/energy-pkg/,1000209912,100.00,,
   180.038074442,34.99,Joules,power/energy-ram/,1000204570,100.00,,
   180.038074442,67.41,Joules,power/energy-pkg/,1000204112,100.00,,
   181.038281377,34.27,Joules,power/energy-ram/,1000199690,100.00,,
   181.038281377,73.71,Joules,power/energy-pkg/,1000200240,100.00,,
   182.038517856,33.95,Joules,power/energy-ram/,1000227467,100.00,,
   182.038517856,67.60,Joules,power/energy-pkg/,1000226073,100.00,,
   183.038722717,33.03,Joules,power/energy-ram/,1000198569,100.00,,
   183.038722717,70.36,Joules,power/energy-pkg/,1000199273,100.00,,
   184.038875654,33.01,Joules,power/energy-ram/,1000143534,100.00,,
   184.038875654,66.97,Joules,power/energy-pkg/,1000143526,100.00,,
   185.039085117,33.26,Joules,power/energy-ram/,1000201710,100.00,,
   185.039085117,63.40,Joules,power/energy-pkg/,1000202456,100.00,,
   186.039298335,32.77,Joules,power/energy-ram/,1000207389,100.00,,
   186.039298335,58.04,Joules,power/energy-pkg/,1000207354,100.00,,
   187.039509372,34.11,Joules,power/energy-ram/,1000201915,100.00,,
   187.039509372,61.69,Joules,power/energy-pkg/,1000200437,100.00,,
   188.039713817,34.67,Joules,power/energy-ram/,1000196265,100.00,,
   188.039713817,67.78,Joules,power/energy-pkg/,1000197577,100.00,,
   189.039908608,34.74,Joules,power/energy-ram/,1000185322,100.00,,
   189.039908608,71.07,Joules,power/energy-pkg/,1000181887,100.00,,
   190.040093032,35.27,Joules,power/energy-ram/,1000178900,100.00,,
   190.040093032,74.82,Joules,power/energy-pkg/,1000183243,100.00,,
   191.040314713,34.17,Joules,power/energy-ram/,1000214915,100.00,,
   191.040314713,64.97,Joules,power/energy-pkg/,1000213793,100.00,,
   192.040540452,32.56,Joules,power/energy-ram/,1000217454,100.00,,
   192.040540452,61.16,Joules,power/energy-pkg/,1000216920,100.00,,
   193.040754866,33.95,Joules,power/energy-ram/,1000205418,100.00,,
   193.040754866,58.62,Joules,power/energy-pkg/,1000206193,100.00,,
   194.040963915,32.95,Joules,power/energy-ram/,1000201313,100.00,,
   194.040963915,59.51,Joules,power/energy-pkg/,1000201795,100.00,,
   195.041172936,33.19,Joules,power/energy-ram/,1000201800,100.00,,
   195.041172936,68.39,Joules,power/energy-pkg/,1000201845,100.00,,
   196.041381487,33.12,Joules,power/energy-ram/,1000201026,100.00,,
   196.041381487,73.66,Joules,power/energy-pkg/,1000200480,100.00,,
   197.041591034,33.09,Joules,power/energy-ram/,1000201189,100.00,,
   197.041591034,83.93,Joules,power/energy-pkg/,1000201820,100.00,,
   198.041803101,32.85,Joules,power/energy-ram/,1000204753,100.00,,
   198.041803101,77.57,Joules,power/energy-pkg/,1000204297,100.00,,
   199.042013045,33.56,Joules,power/energy-ram/,1000202175,100.00,,
   199.042013045,69.38,Joules,power/energy-pkg/,1000201336,100.00,,
   200.042221195,34.26,Joules,power/energy-ram/,1000200679,100.00,,
   200.042221195,70.79,Joules,power/energy-pkg/,1000201106,100.00,,
   201.042438711,34.76,Joules,power/energy-ram/,1000209130,100.00,,
   201.042438711,77.15,Joules,power/energy-pkg/,1000209518,100.00,,
   202.042653312,34.42,Joules,power/energy-ram/,1000207514,100.00,,
   202.042653312,82.50,Joules,power/energy-pkg/,1000206049,100.00,,
   203.042852111,35.03,Joules,power/energy-ram/,1000190162,100.00,,
   203.042852111,77.73,Joules,power/energy-pkg/,1000190949,100.00,,
   204.043067156,35.33,Joules,power/energy-ram/,1000207572,100.00,,
   204.043067156,82.77,Joules,power/energy-pkg/,1000208010,100.00,,
   205.043258764,37.22,Joules,power/energy-ram/,1000182649,100.00,,
   205.043258764,85.63,Joules,power/energy-pkg/,1000179316,100.00,,
   206.043457480,36.96,Joules,power/energy-ram/,1000192787,100.00,,
   206.043457480,89.23,Joules,power/energy-pkg/,1000196080,100.00,,
   207.043687862,37.55,Joules,power/energy-ram/,1000220354,100.00,,
   207.043687862,88.75,Joules,power/energy-pkg/,1000217044,100.00,,
   208.043870897,36.67,Joules,power/energy-ram/,1000177602,100.00,,
   208.043870897,91.23,Joules,power/energy-pkg/,1000180734,100.00,,
   209.044086046,35.78,Joules,power/energy-ram/,1000207274,100.00,,
   209.044086046,92.42,Joules,power/energy-pkg/,1000207467,100.00,,
   210.044293301,33.17,Joules,power/energy-ram/,1000198960,100.00,,
   210.044293301,79.47,Joules,power/energy-pkg/,1000198584,100.00,,
   211.044493175,33.59,Joules,power/energy-ram/,1000192043,100.00,,
   211.044493175,77.67,Joules,power/energy-pkg/,1000190732,100.00,,
   212.044648670,34.66,Joules,power/energy-ram/,1000149019,100.00,,
   212.044648670,82.89,Joules,power/energy-pkg/,1000151913,100.00,,
   213.044858207,34.41,Joules,power/energy-ram/,1000200032,100.00,,
   213.044858207,78.15,Joules,power/energy-pkg/,1000197616,100.00,,
   214.045198391,34.99,Joules,power/energy-ram/,1000333448,100.00,,
   214.045198391,71.42,Joules,power/energy-pkg/,1000334668,100.00,,
   215.045413598,33.82,Joules,power/energy-ram/,1000207271,100.00,,
   215.045413598,65.87,Joules,power/energy-pkg/,1000206989,100.00,,
   216.045633129,32.57,Joules,power/energy-ram/,1000211930,100.00,,
   216.045633129,56.94,Joules,power/energy-pkg/,1000212244,100.00,,
   217.045848630,33.40,Joules,power/energy-ram/,1000207338,100.00,,
   217.045848630,70.28,Joules,power/energy-pkg/,1000207033,100.00,,
   218.046064050,33.27,Joules,power/energy-ram/,1000207872,100.00,,
   218.046064050,75.44,Joules,power/energy-pkg/,1000207665,100.00,,
   219.046300077,34.35,Joules,power/energy-ram/,1000228668,100.00,,
   219.046300077,78.89,Joules,power/energy-pkg/,1000229526,100.00,,
   220.046506581,34.01,Joules,power/energy-ram/,1000198552,100.00,,
   220.046506581,73.20,Joules,power/energy-pkg/,1000198714,100.00,,
   221.046724893,33.68,Joules,power/energy-ram/,1000210482,100.00,,
   221.046724893,71.25,Joules,power/energy-pkg/,1000210216,100.00,,
   222.046967743,33.56,Joules,power/energy-ram/,1000235326,100.00,,
   222.046967743,70.68,Joules,power/energy-pkg/,1000235530,100.00,,
   223.047201453,33.71,Joules,power/energy-ram/,1000225686,100.00,,
   223.047201453,70.94,Joules,power/energy-pkg/,1000225429,100.00,,
   224.047437335,33.14,Joules,power/energy-ram/,1000227926,100.00,,
   224.047437335,68.51,Joules,power/energy-pkg/,1000228291,100.00,,
   225.047652880,32.69,Joules,power/energy-ram/,1000207882,100.00,,
   225.047652880,61.31,Joules,power/energy-pkg/,1000207112,100.00,,
   226.047865316,32.66,Joules,power/energy-ram/,1000204157,100.00,,
   226.047865316,61.64,Joules,power/energy-pkg/,1000203574,100.00,,
   227.048072801,32.96,Joules,power/energy-ram/,1000200531,100.00,,
   227.048072801,62.35,Joules,power/energy-pkg/,1000201245,100.00,,
   228.048286367,32.18,Joules,power/energy-ram/,1000205120,100.00,,
   228.048286367,51.15,Joules,power/energy-pkg/,1000205229,100.00,,
   229.048500735,32.83,Joules,power/energy-ram/,1000207344,100.00,,
   229.048500735,55.84,Joules,power/energy-pkg/,1000207124,100.00,,
   230.048707553,33.00,Joules,power/energy-ram/,1000199016,100.00,,
   230.048707553,57.18,Joules,power/energy-pkg/,1000198756,100.00,,
   231.048919087,34.15,Joules,power/energy-ram/,1000203338,100.00,,
   231.048919087,59.65,Joules,power/energy-pkg/,1000203856,100.00,,
   232.049133452,34.14,Joules,power/energy-ram/,1000205985,100.00,,
   232.049133452,68.80,Joules,power/energy-pkg/,1000204353,100.00,,
   233.049338170,33.77,Joules,power/energy-ram/,1000197808,100.00,,
   233.049338170,68.18,Joules,power/energy-pkg/,1000199244,100.00,,
   234.049552637,33.34,Joules,power/energy-ram/,1000207180,100.00,,
   234.049552637,60.34,Joules,power/energy-pkg/,1000206911,100.00,,
   235.049758533,32.36,Joules,power/energy-ram/,1000196540,100.00,,
   235.049758533,57.42,Joules,power/energy-pkg/,1000195041,100.00,,
   236.049972903,34.17,Joules,power/energy-ram/,1000208508,100.00,,
   236.049972903,70.39,Joules,power/energy-pkg/,1000210268,100.00,,
   237.050190885,34.05,Joules,power/energy-ram/,1000209583,100.00,,
   237.050190885,76.76,Joules,power/energy-pkg/,1000209433,100.00,,
   238.050400377,35.59,Joules,power/energy-ram/,1000201843,100.00,,
   238.050400377,83.98,Joules,power/energy-pkg/,1000200699,100.00,,
   239.050601746,36.10,Joules,power/energy-ram/,1000193951,100.00,,
   239.050601746,86.14,Joules,power/energy-pkg/,1000194766,100.00,,
   240.050751461,36.10,Joules,power/energy-ram/,1000141659,100.00,,
   240.050751461,86.43,Joules,power/energy-pkg/,1000141460,100.00,,
   241.050969097,36.52,Joules,power/energy-ram/,1000209988,100.00,,
   241.050969097,88.32,Joules,power/energy-pkg/,1000210340,100.00,,
   242.051182393,34.57,Joules,power/energy-ram/,1000205140,100.00,,
   242.051182393,73.60,Joules,power/energy-pkg/,1000206104,100.00,,
   243.051400211,34.25,Joules,power/energy-ram/,1000208081,100.00,,
   243.051400211,65.00,Joules,power/energy-pkg/,1000205293,100.00,,
   244.051592392,34.21,Joules,power/energy-ram/,1000186239,100.00,,
   244.051592392,63.63,Joules,power/energy-pkg/,1000188817,100.00,,
   245.051801319,33.96,Joules,power/energy-ram/,1000201506,100.00,,
   245.051801319,62.28,Joules,power/energy-pkg/,1000201808,100.00,,
   246.051955041,30.21,Joules,power/energy-ram/,1000146674,100.00,,
   246.051955041,50.69,Joules,power/energy-pkg/,1000145018,100.00,,
   247.052170683,29.36,Joules,power/energy-ram/,1000207478,100.00,,
   247.052170683,44.80,Joules,power/energy-pkg/,1000208790,100.00,,
   248.052370868,34.46,Joules,power/energy-ram/,1000191073,100.00,,
   248.052370868,62.72,Joules,power/energy-pkg/,1000188520,100.00,,
   249.052568208,34.31,Joules,power/energy-ram/,1000190539,100.00,,
   249.052568208,74.41,Joules,power/energy-pkg/,1000193030,100.00,,
   250.052786350,34.93,Joules,power/energy-ram/,1000210352,100.00,,
   250.052786350,83.27,Joules,power/energy-pkg/,1000209912,100.00,,
   251.053003378,35.29,Joules,power/energy-ram/,1000209574,100.00,,
   251.053003378,96.29,Joules,power/energy-pkg/,1000209284,100.00,,
   252.053215718,34.34,Joules,power/energy-ram/,1000205011,100.00,,
   252.053215718,73.02,Joules,power/energy-pkg/,1000205847,100.00,,
   253.053435844,33.86,Joules,power/energy-ram/,1000212009,100.00,,
   253.053435844,65.99,Joules,power/energy-pkg/,1000211529,100.00,,
   254.053629797,33.59,Joules,power/energy-ram/,1000186210,100.00,,
   254.053629797,62.70,Joules,power/energy-pkg/,1000186364,100.00,,
   255.053863246,33.82,Joules,power/energy-ram/,1000225241,100.00,,
   255.053863246,58.67,Joules,power/energy-pkg/,1000225214,100.00,,
   256.054067109,33.48,Joules,power/energy-ram/,1000195664,100.00,,
   256.054067109,59.10,Joules,power/energy-pkg/,1000195670,100.00,,
   257.054228104,33.10,Joules,power/energy-ram/,1000153891,100.00,,
   257.054228104,59.72,Joules,power/energy-pkg/,1000153387,100.00,,
   258.054377160,24.67,Joules,power/energy-ram/,1000141204,100.00,,
   258.054377160,36.64,Joules,power/energy-pkg/,1000141465,100.00,,
   259.054599526,33.02,Joules,power/energy-ram/,1000214265,100.00,,
   259.054599526,63.16,Joules,power/energy-pkg/,1000214181,100.00,,
   260.054811823,33.40,Joules,power/energy-ram/,1000204086,100.00,,
   260.054811823,62.75,Joules,power/energy-pkg/,1000204125,100.00,,
   261.055002048,33.32,Joules,power/energy-ram/,1000181060,100.00,,
   261.055002048,70.38,Joules,power/energy-pkg/,1000178550,100.00,,
   262.055198977,33.88,Joules,power/energy-ram/,1000192150,100.00,,
   262.055198977,74.55,Joules,power/energy-pkg/,1000195559,100.00,,
   263.055418897,34.47,Joules,power/energy-ram/,1000211474,100.00,,
   263.055418897,72.48,Joules,power/energy-pkg/,1000210220,100.00,,
   264.055632184,34.42,Joules,power/energy-ram/,1000207756,100.00,,
   264.055632184,62.85,Joules,power/energy-pkg/,1000209564,100.00,,
   265.055856449,35.04,Joules,power/energy-ram/,1000213820,100.00,,
   265.055856449,71.23,Joules,power/energy-pkg/,1000212642,100.00,,
   266.056070100,34.47,Joules,power/energy-ram/,1000207352,100.00,,
   266.056070100,71.48,Joules,power/energy-pkg/,1000207000,100.00,,
   267.056284727,34.13,Joules,power/energy-ram/,1000205732,100.00,,
   267.056284727,68.93,Joules,power/energy-pkg/,1000206884,100.00,,
   268.056492157,32.70,Joules,power/energy-ram/,1000200012,100.00,,
   268.056492157,68.38,Joules,power/energy-pkg/,1000197964,100.00,,
   269.056686493,32.72,Joules,power/energy-ram/,1000186030,100.00,,
   269.056686493,72.88,Joules,power/energy-pkg/,1000186522,100.00,,
   270.056886608,33.43,Joules,power/energy-ram/,1000192158,100.00,,
   270.056886608,78.81,Joules,power/energy-pkg/,1000192152,100.00,,
   271.057081864,32.81,Joules,power/energy-ram/,1000188046,100.00,,
   271.057081864,79.14,Joules,power/energy-pkg/,1000188092,100.00,,
   272.057288492,33.16,Joules,power/energy-ram/,1000198021,100.00,,
   272.057288492,67.41,Joules,power/energy-pkg/,1000205594,100.00,,
   273.057516861,32.80,Joules,power/energy-ram/,1000221244,100.00,,
   273.057516861,62.46,Joules,power/energy-pkg/,1000214461,100.00,,
   274.057738428,32.71,Joules,power/energy-ram/,1000213969,100.00,,
   274.057738428,57.40,Joules,power/energy-pkg/,1000213180,100.00,,
   275.057891905,32.77,Joules,power/energy-ram/,1000144816,100.00,,
   275.057891905,51.19,Joules,power/energy-pkg/,1000146255,100.00,,
   276.058036389,32.57,Joules,power/energy-ram/,1000137297,100.00,,
   276.058036389,59.99,Joules,power/energy-pkg/,1000135714,100.00,,
   277.058179278,33.44,Joules,power/energy-ram/,1000134709,100.00,,
   277.058179278,67.49,Joules,power/energy-pkg/,1000135300,100.00,,
   278.058323640,32.72,Joules,power/energy-ram/,1000136754,100.00,,
   278.058323640,72.49,Joules,power/energy-pkg/,1000136037,100.00,,
   279.058528824,34.22,Joules,power/energy-ram/,1000197824,100.00,,
   279.058528824,90.63,Joules,power/energy-pkg/,1000198094,100.00,,
   280.058743568,33.69,Joules,power/energy-ram/,1000207033,100.00,,
   280.058743568,95.76,Joules,power/energy-pkg/,1000207622,100.00,,
   281.058895006,33.44,Joules,power/energy-ram/,1000144058,100.00,,
   281.058895006,78.18,Joules,power/energy-pkg/,1000143688,100.00,,
   282.059041579,33.47,Joules,power/energy-ram/,1000138778,100.00,,
   282.059041579,65.94,Joules,power/energy-pkg/,1000138810,100.00,,
   283.059191938,34.67,Joules,power/energy-ram/,1000141812,100.00,,
   283.059191938,72.90,Joules,power/energy-pkg/,1000140750,100.00,,
   284.059397172,34.02,Joules,power/energy-ram/,1000198750,100.00,,
   284.059397172,69.47,Joules,power/energy-pkg/,1000200202,100.00,,
   285.059589023,34.73,Joules,power/energy-ram/,1000181718,100.00,,
   285.059589023,81.60,Joules,power/energy-pkg/,1000178584,100.00,,
   286.059776691,34.92,Joules,power/energy-ram/,1000181684,100.00,,
   286.059776691,82.80,Joules,power/energy-pkg/,1000185480,100.00,,
   287.059982574,33.64,Joules,power/energy-ram/,1000198268,100.00,,
   287.059982574,65.98,Joules,power/energy-pkg/,1000197790,100.00,,
   288.060194888,33.38,Joules,power/energy-ram/,1000204232,100.00,,
   288.060194888,61.30,Joules,power/energy-pkg/,1000204394,100.00,,
   289.060388016,34.09,Joules,power/energy-ram/,1000183454,100.00,,
   289.060388016,65.71,Joules,power/energy-pkg/,1000179776,100.00,,
   290.060578492,33.64,Joules,power/energy-ram/,1000184424,100.00,,
   290.060578492,68.42,Joules,power/energy-pkg/,1000187074,100.00,,
   291.060789587,32.88,Joules,power/energy-ram/,1000203942,100.00,,
   291.060789587,60.51,Joules,power/energy-pkg/,1000204380,100.00,,
   292.061005551,33.03,Joules,power/energy-ram/,1000207855,100.00,,
   292.061005551,62.17,Joules,power/energy-pkg/,1000207693,100.00,,
   293.061241576,32.80,Joules,power/energy-ram/,1000228600,100.00,,
   293.061241576,71.17,Joules,power/energy-pkg/,1000229793,100.00,,
   294.061460027,32.68,Joules,power/energy-ram/,1000209893,100.00,,
   294.061460027,68.59,Joules,power/energy-pkg/,1000209600,100.00,,
   295.061666778,32.53,Joules,power/energy-ram/,1000198482,100.00,,
   295.061666778,63.04,Joules,power/energy-pkg/,1000197616,100.00,,
   296.061914013,32.89,Joules,power/energy-ram/,1000240934,100.00,,
   296.061914013,56.93,Joules,power/energy-pkg/,1000241218,100.00,,
   297.062131606,32.62,Joules,power/energy-ram/,1000209060,100.00,,
   297.062131606,58.90,Joules,power/energy-pkg/,1000208642,100.00,,
   298.062378233,21.59,Joules,power/energy-ram/,1000240033,100.00,,
   298.062378233,38.26,Joules,power/energy-pkg/,1000241484,100.00,,
   299.062595482,28.53,Joules,power/energy-ram/,1000208987,100.00,,
   299.062595482,45.31,Joules,power/energy-pkg/,1000208000,100.00,,
   300.062805770,33.09,Joules,power/energy-ram/,1000201745,100.00,,
   300.062805770,64.54,Joules,power/energy-pkg/,1000200250,100.00,,
   301.063007056,34.55,Joules,power/energy-ram/,1000193729,100.00,,
   301.063007056,76.39,Joules,power/energy-pkg/,1000194590,100.00,,
   302.063205631,33.83,Joules,power/energy-ram/,1000190718,100.00,,
   302.063205631,78.68,Joules,power/energy-pkg/,1000190161,100.00,,
   303.063431903,35.54,Joules,power/energy-ram/,1000220141,100.00,,
   303.063431903,103.60,Joules,power/energy-pkg/,1000221256,100.00,,
   304.063655076,33.85,Joules,power/energy-ram/,1000214568,100.00,,
   304.063655076,103.12,Joules,power/energy-pkg/,1000215358,100.00,,
   305.063807435,34.84,Joules,power/energy-ram/,1000142465,100.00,,
   305.063807435,85.10,Joules,power/energy-pkg/,1000138533,100.00,,
   306.063999030,35.02,Joules,power/energy-ram/,1000185981,100.00,,
   306.063999030,86.47,Joules,power/energy-pkg/,1000189131,100.00,,
   307.064217788,35.11,Joules,power/energy-ram/,1000210586,100.00,,
   307.064217788,83.04,Joules,power/energy-pkg/,1000211158,100.00,,
   308.064431618,35.59,Joules,power/energy-ram/,1000206776,100.00,,
   308.064431618,81.99,Joules,power/energy-pkg/,1000205891,100.00,,
   309.064644612,35.03,Joules,power/energy-ram/,1000204698,100.00,,
   309.064644612,86.92,Joules,power/energy-pkg/,1000205456,100.00,,
   310.064858706,33.58,Joules,power/energy-ram/,1000206188,100.00,,
   310.064858706,84.12,Joules,power/energy-pkg/,1000206133,100.00,,
   311.065073145,32.81,Joules,power/energy-ram/,1000206870,100.00,,
   311.065073145,62.15,Joules,power/energy-pkg/,1000206918,100.00,,
   312.065287402,33.46,Joules,power/energy-ram/,1000205986,100.00,,
   312.065287402,63.70,Joules,power/energy-pkg/,1000205400,100.00,,
   313.065502350,33.02,Joules,power/energy-ram/,1000207446,100.00,,
   313.065502350,73.98,Joules,power/energy-pkg/,1000208736,100.00,,
   314.065723145,32.95,Joules,power/energy-ram/,1000213275,100.00,,
   314.065723145,64.61,Joules,power/energy-pkg/,1000213004,100.00,,
   315.065953308,33.12,Joules,power/energy-ram/,1000223175,100.00,,
   315.065953308,60.99,Joules,power/energy-pkg/,1000222335,100.00,,
   316.066160889,33.55,Joules,power/energy-ram/,1000199194,100.00,,
   316.066160889,66.75,Joules,power/energy-pkg/,1000199235,100.00,,
   317.066361530,33.62,Joules,power/energy-ram/,1000192016,100.00,,
   317.066361530,73.72,Joules,power/energy-pkg/,1000190758,100.00,,
   318.066573197,34.45,Joules,power/energy-ram/,1000205355,100.00,,
   318.066573197,75.90,Joules,power/energy-pkg/,1000207042,100.00,,
   319.066784752,34.60,Joules,power/energy-ram/,1000203191,100.00,,
   319.066784752,73.48,Joules,power/energy-pkg/,1000202087,100.00,,
   320.067002790,34.57,Joules,power/energy-ram/,1000210795,100.00,,
   320.067002790,72.05,Joules,power/energy-pkg/,1000212014,100.00,,
   321.067221631,35.01,Joules,power/energy-ram/,1000210404,100.00,,
   321.067221631,73.77,Joules,power/energy-pkg/,1000210375,100.00,,
   322.067429619,35.15,Joules,power/energy-ram/,1000198753,100.00,,
   322.067429619,74.03,Joules,power/energy-pkg/,1000196123,100.00,,
   323.067612910,35.49,Joules,power/energy-ram/,1000175344,100.00,,
   323.067612910,80.42,Joules,power/energy-pkg/,1000174493,100.00,,
   324.067805307,34.34,Joules,power/energy-ram/,1000186475,100.00,,
   324.067805307,68.07,Joules,power/energy-pkg/,1000189402,100.00,,
   325.068027302,33.96,Joules,power/energy-ram/,1000213935,100.00,,
   325.068027302,70.29,Joules,power/energy-pkg/,1000212831,100.00,,
   326.068230447,33.05,Joules,power/energy-ram/,1000195533,100.00,,
   326.068230447,67.02,Joules,power/energy-pkg/,1000196460,100.00,,
   327.068445858,32.79,Joules,power/energy-ram/,1000207594,100.00,,
   327.068445858,65.58,Joules,power/energy-pkg/,1000208460,100.00,,
   328.068660163,32.70,Joules,power/energy-ram/,1000207642,100.00,,
   328.068660163,58.38,Joules,power/energy-pkg/,1000207966,100.00,,
   329.068830225,33.51,Joules,power/energy-ram/,1000161071,100.00,,
   329.068830225,60.56,Joules,power/energy-pkg/,1000158900,100.00,,
   330.069041128,34.07,Joules,power/energy-ram/,1000203673,100.00,,
   330.069041128,68.79,Joules,power/energy-pkg/,1000204892,100.00,,
   331.069261362,35.36,Joules,power/energy-ram/,1000212704,100.00,,
   331.069261362,81.42,Joules,power/energy-pkg/,1000213148,100.00,,
   332.069468327,35.56,Joules,power/energy-ram/,1000197819,100.00,,
   332.069468327,86.58,Joules,power/energy-pkg/,1000194795,100.00,,
   333.069671687,35.08,Joules,power/energy-ram/,1000205801,100.00,,
   333.069671687,88.33,Joules,power/energy-pkg/,1000208219,100.00,,
   334.069904806,35.35,Joules,power/energy-ram/,1000216378,100.00,,
   334.069904806,86.65,Joules,power/energy-pkg/,1000215360,100.00,,
   335.070100231,34.91,Joules,power/energy-ram/,1000187776,100.00,,
   335.070100231,92.06,Joules,power/energy-pkg/,1000188651,100.00,,
   336.070314475,34.13,Joules,power/energy-ram/,1000205586,100.00,,
   336.070314475,82.89,Joules,power/energy-pkg/,1000204752,100.00,,
   337.070514432,34.87,Joules,power/energy-ram/,1000192370,100.00,,
   337.070514432,69.23,Joules,power/energy-pkg/,1000192072,100.00,,
   338.070722894,34.92,Joules,power/energy-ram/,1000201456,100.00,,
   338.070722894,81.79,Joules,power/energy-pkg/,1000203441,100.00,,
   339.070944875,34.33,Joules,power/energy-ram/,1000214383,100.00,,
   339.070944875,74.58,Joules,power/energy-pkg/,1000214445,100.00,,
   340.071092315,34.36,Joules,power/energy-ram/,1000137157,100.00,,
   340.071092315,71.94,Joules,power/energy-pkg/,1000132837,100.00,,
   341.071281739,35.44,Joules,power/energy-ram/,1000184010,100.00,,
   341.071281739,72.09,Joules,power/energy-pkg/,1000187579,100.00,,
   342.071497491,34.51,Joules,power/energy-ram/,1000208670,100.00,,
   342.071497491,66.26,Joules,power/energy-pkg/,1000209149,100.00,,
   343.071696931,33.93,Joules,power/energy-ram/,1000188148,100.00,,
   343.071696931,62.19,Joules,power/energy-pkg/,1000184368,100.00,,
   344.071818188,34.28,Joules,power/energy-ram/,1000114449,100.00,,
   344.071818188,60.24,Joules,power/energy-pkg/,1000116824,100.00,,
   345.072018482,34.40,Joules,power/energy-ram/,1000193774,100.00,,
   345.072018482,64.87,Joules,power/energy-pkg/,1000194166,100.00,,
   346.072218594,34.77,Joules,power/energy-ram/,1000192584,100.00,,
   346.072218594,76.97,Joules,power/energy-pkg/,1000192545,100.00,,
   347.072441100,34.60,Joules,power/energy-ram/,1000214952,100.00,,
   347.072441100,79.67,Joules,power/energy-pkg/,1000215614,100.00,,
   348.072654418,34.76,Joules,power/energy-ram/,1000205378,100.00,,
   348.072654418,80.90,Joules,power/energy-pkg/,1000205429,100.00,,
   349.072867999,33.40,Joules,power/energy-ram/,1000205580,100.00,,
   349.072867999,65.91,Joules,power/energy-pkg/,1000205837,100.00,,
   350.073080587,30.17,Joules,power/energy-ram/,1000204798,100.00,,
   350.073080587,46.40,Joules,power/energy-pkg/,1000203894,100.00,,
   351.073293584,33.00,Joules,power/energy-ram/,1000205808,100.00,,
   351.073293584,58.29,Joules,power/energy-pkg/,1000206564,100.00,,
   352.073500074,32.66,Joules,power/energy-ram/,1000197916,100.00,,
   352.073500074,62.96,Joules,power/energy-pkg/,1000197062,100.00,,
   353.073706936,32.44,Joules,power/energy-ram/,1000199020,100.00,,
   353.073706936,62.20,Joules,power/energy-pkg/,1000199682,100.00,,
   354.073919201,32.83,Joules,power/energy-ram/,1000204760,100.00,,
   354.073919201,67.97,Joules,power/energy-pkg/,1000204130,100.00,,
   355.074132963,33.69,Joules,power/energy-ram/,1000207346,100.00,,
   355.074132963,66.43,Joules,power/energy-pkg/,1000209112,100.00,,
   356.074350256,32.64,Joules,power/energy-ram/,1000208918,100.00,,
   356.074350256,58.46,Joules,power/energy-pkg/,1000207756,100.00,,
   357.074551954,33.87,Joules,power/energy-ram/,1000193394,100.00,,
   357.074551954,63.25,Joules,power/energy-pkg/,1000191964,100.00,,
   358.074754617,34.10,Joules,power/energy-ram/,1000195288,100.00,,
   358.074754617,70.82,Joules,power/energy-pkg/,1000197924,100.00,,
   359.074972750,34.52,Joules,power/energy-ram/,1000211018,100.00,,
   359.074972750,69.30,Joules,power/energy-pkg/,1000210061,100.00,,
   360.075190404,35.27,Joules,power/energy-ram/,1000210146,100.00,,
   360.075190404,80.29,Joules,power/energy-pkg/,1000209955,100.00,,
   361.075411027,34.60,Joules,power/energy-ram/,1000211774,100.00,,
   361.075411027,80.74,Joules,power/energy-pkg/,1000211225,100.00,,
   362.075625156,33.61,Joules,power/energy-ram/,1000207415,100.00,,
   362.075625156,84.20,Joules,power/energy-pkg/,1000208002,100.00,,
   363.075863867,33.54,Joules,power/energy-ram/,1000231047,100.00,,
   363.075863867,85.12,Joules,power/energy-pkg/,1000231104,100.00,,
   364.076075463,33.22,Joules,power/energy-ram/,1000203069,100.00,,
   364.076075463,67.21,Joules,power/energy-pkg/,1000203125,100.00,,
   365.076267215,32.70,Joules,power/energy-ram/,1000181492,100.00,,
   365.076267215,55.19,Joules,power/energy-pkg/,1000177823,100.00,,
   366.076454362,32.66,Joules,power/energy-ram/,1000181843,100.00,,
   366.076454362,54.92,Joules,power/energy-pkg/,1000185545,100.00,,
   367.076675214,27.23,Joules,power/energy-ram/,1000213020,100.00,,
   367.076675214,46.07,Joules,power/energy-pkg/,1000213151,100.00,,
   368.076893143,28.37,Joules,power/energy-ram/,1000210427,100.00,,
   368.076893143,47.55,Joules,power/energy-pkg/,1000210002,100.00,,
   369.077103045,29.07,Joules,power/energy-ram/,1000201212,100.00,,
   369.077103045,44.10,Joules,power/energy-pkg/,1000201134,100.00,,
   370.077293541,32.79,Joules,power/energy-ram/,1000182940,100.00,,
   370.077293541,51.45,Joules,power/energy-pkg/,1000179528,100.00,,
   371.077485190,34.61,Joules,power/energy-ram/,1000184638,100.00,,
   371.077485190,66.02,Joules,power/energy-pkg/,1000188236,100.00,,
   372.077703449,34.04,Joules,power/energy-ram/,1000211194,100.00,,
   372.077703449,64.91,Joules,power/energy-pkg/,1000211980,100.00,,
   373.077936727,35.35,Joules,power/energy-ram/,1000224666,100.00,,
   373.077936727,72.22,Joules,power/energy-pkg/,1000223682,100.00,,
   374.078085319,35.99,Joules,power/energy-ram/,1000141274,100.00,,
   374.078085319,86.50,Joules,power/energy-pkg/,1000141134,100.00,,
   375.078305814,34.90,Joules,power/energy-ram/,1000212574,100.00,,
   375.078305814,75.95,Joules,power/energy-pkg/,1000213076,100.00,,
   376.078526026,33.94,Joules,power/energy-ram/,1000213084,100.00,,
   376.078526026,73.27,Joules,power/energy-pkg/,1000212782,100.00,,
   377.078742503,34.20,Joules,power/energy-ram/,1000207890,100.00,,
   377.078742503,70.62,Joules,power/energy-pkg/,1000207946,100.00,,
   378.078897630,32.09,Joules,power/energy-ram/,1000146452,100.00,,
   378.078897630,53.52,Joules,power/energy-pkg/,1000146454,100.00,,
   379.079114490,33.53,Joules,power/energy-ram/,1000210746,100.00,,
   379.079114490,60.04,Joules,power/energy-pkg/,1000210417,100.00,,
   380.079331850,33.44,Joules,power/energy-ram/,1000208898,100.00,,
   380.079331850,61.62,Joules,power/energy-pkg/,1000209593,100.00,,
   381.079534115,33.91,Joules,power/energy-ram/,1000192930,100.00,,
   381.079534115,66.06,Joules,power/energy-pkg/,1000191061,100.00,,
   382.079735856,33.66,Joules,power/energy-ram/,1000195663,100.00,,
   382.079735856,73.19,Joules,power/energy-pkg/,1000196939,100.00,,
   383.079935625,33.15,Joules,power/energy-ram/,1000189383,100.00,,
   383.079935625,68.59,Joules,power/energy-pkg/,1000186114,100.00,,
   384.080118217,33.95,Joules,power/energy-ram/,1000177977,100.00,,
   384.080118217,81.25,Joules,power/energy-pkg/,1000182117,100.00,,
   385.080341072,34.74,Joules,power/energy-ram/,1000214104,100.00,,
   385.080341072,82.95,Joules,power/energy-pkg/,1000213915,100.00,,
   386.080560743,36.69,Joules,power/energy-ram/,1000212260,100.00,,
   386.080560743,85.21,Joules,power/energy-pkg/,1000211469,100.00,,
   387.080767405,36.17,Joules,power/energy-ram/,1000197450,100.00,,
   387.080767405,76.21,Joules,power/energy-pkg/,1000195328,100.00,,
   388.080961217,34.72,Joules,power/energy-ram/,1000188354,100.00,,
   388.080961217,69.36,Joules,power/energy-pkg/,1000190539,100.00,,
   389.081164562,37.59,Joules,power/energy-ram/,1000193737,100.00,,
   389.081164562,80.49,Joules,power/energy-pkg/,1000191783,100.00,,
   390.081368609,36.07,Joules,power/energy-ram/,1000198393,100.00,,
   390.081368609,71.90,Joules,power/energy-pkg/,1000200968,100.00,,
   391.081588984,31.42,Joules,power/energy-ram/,1000212490,100.00,,
   391.081588984,61.08,Joules,power/energy-pkg/,1000212884,100.00,,
   392.081807946,32.13,Joules,power/energy-ram/,1000210484,100.00,,
   392.081807946,59.86,Joules,power/energy-pkg/,1000212069,100.00,,
   393.081996022,33.51,Joules,power/energy-ram/,1000180918,100.00,,
   393.081996022,61.26,Joules,power/energy-pkg/,1000178325,100.00,,
   394.082152017,33.57,Joules,power/energy-ram/,1000148778,100.00,,
   394.082152017,67.72,Joules,power/energy-pkg/,1000148718,100.00,,
   395.082368324,33.09,Joules,power/energy-ram/,1000207466,100.00,,
   395.082368324,72.17,Joules,power/energy-pkg/,1000208030,100.00,,
   396.082527002,33.17,Joules,power/energy-ram/,1000147871,100.00,,
   396.082527002,65.24,Joules,power/energy-pkg/,1000143774,100.00,,
   397.082701447,32.71,Joules,power/energy-ram/,1000167552,100.00,,
   397.082701447,61.46,Joules,power/energy-pkg/,1000179678,100.00,,
   398.082941356,32.63,Joules,power/energy-ram/,1000233984,100.00,,
   398.082941356,58.73,Joules,power/energy-pkg/,1000225500,100.00,,
   399.083151206,32.22,Joules,power/energy-ram/,1000202457,100.00,,
   399.083151206,52.92,Joules,power/energy-pkg/,1000202928,100.00,,
   400.083365367,33.29,Joules,power/energy-ram/,1000206823,100.00,,
   400.083365367,60.91,Joules,power/energy-pkg/,1000206258,100.00,,
   401.083604093,33.25,Joules,power/energy-ram/,1000231367,100.00,,
   401.083604093,71.13,Joules,power/energy-pkg/,1000232151,100.00,,
   402.083824549,32.88,Joules,power/energy-ram/,1000212040,100.00,,
   402.083824549,62.77,Joules,power/energy-pkg/,1000211669,100.00,,
   403.084029533,32.87,Joules,power/energy-ram/,1000195900,100.00,,
   403.084029533,67.68,Joules,power/energy-pkg/,1000194125,100.00,,
   404.084265917,34.36,Joules,power/energy-ram/,1000230390,100.00,,
   404.084265917,80.53,Joules,power/energy-pkg/,1000231555,100.00,,
   405.084479954,33.44,Joules,power/energy-ram/,1000205250,100.00,,
   405.084479954,77.90,Joules,power/energy-pkg/,1000205391,100.00,,
   406.084639559,32.81,Joules,power/energy-ram/,1000153257,100.00,,
   406.084639559,58.34,Joules,power/energy-pkg/,1000154122,100.00,,
   407.084859395,33.81,Joules,power/energy-ram/,1000211594,100.00,,
   407.084859395,70.28,Joules,power/energy-pkg/,1000211549,100.00,,
   408.085079456,34.48,Joules,power/energy-ram/,1000211381,100.00,,
   408.085079456,88.01,Joules,power/energy-pkg/,1000210252,100.00,,
   409.085286993,35.55,Joules,power/energy-ram/,1000200598,100.00,,
   409.085286993,100.93,Joules,power/energy-pkg/,1000201910,100.00,,
   410.085499837,35.91,Joules,power/energy-ram/,1000205109,100.00,,
   410.085499837,89.39,Joules,power/energy-pkg/,1000204168,100.00,,
   411.085709212,36.74,Joules,power/energy-ram/,1000202342,100.00,,
   411.085709212,92.54,Joules,power/energy-pkg/,1000201424,100.00,,
   412.085823411,37.23,Joules,power/energy-ram/,1000106000,100.00,,
   412.085823411,98.02,Joules,power/energy-pkg/,1000106410,100.00,,
   413.086023752,36.50,Joules,power/energy-ram/,1000190962,100.00,,
   413.086023752,87.59,Joules,power/energy-pkg/,1000191041,100.00,,
   414.086169120,35.82,Joules,power/energy-ram/,1000139128,100.00,,
   414.086169120,101.55,Joules,power/energy-pkg/,1000140246,100.00,,
   415.086371624,35.84,Joules,power/energy-ram/,1000192743,100.00,,
   415.086371624,101.39,Joules,power/energy-pkg/,1000190064,100.00,,
   416.086515301,34.76,Joules,power/energy-ram/,1000137996,100.00,,
   416.086515301,95.13,Joules,power/energy-pkg/,1000140118,100.00,,
   417.086733906,34.23,Joules,power/energy-ram/,1000210357,100.00,,
   417.086733906,83.92,Joules,power/energy-pkg/,1000210610,100.00,,
   418.086892469,33.93,Joules,power/energy-ram/,1000151228,100.00,,
   418.086892469,74.08,Joules,power/energy-pkg/,1000150708,100.00,,
   419.087045274,31.09,Joules,power/energy-ram/,1000144332,100.00,,
   419.087045274,56.05,Joules,power/energy-pkg/,1000144542,100.00,,
   420.087254810,32.92,Joules,power/energy-ram/,1000202298,100.00,,
   420.087254810,58.50,Joules,power/energy-pkg/,1000202926,100.00,,
   421.087477264,32.50,Joules,power/energy-ram/,1000214260,100.00,,
   421.087477264,59.62,Joules,power/energy-pkg/,1000214190,100.00,,
   422.087682295,32.57,Joules,power/energy-ram/,1000196670,100.00,,
   422.087682295,55.74,Joules,power/energy-pkg/,1000196220,100.00,,
   423.087909100,32.66,Joules,power/energy-ram/,1000219422,100.00,,
   423.087909100,61.20,Joules,power/energy-pkg/,1000218680,100.00,,
   424.088118615,33.71,Joules,power/energy-ram/,1000201934,100.00,,
   424.088118615,72.93,Joules,power/energy-pkg/,1000202972,100.00,,
   425.088308336,33.80,Joules,power/energy-ram/,1000183383,100.00,,
   425.088308336,87.15,Joules,power/energy-pkg/,1000183969,100.00,,
   426.088521184,34.32,Joules,power/energy-ram/,1000203653,100.00,,
   426.088521184,85.42,Joules,power/energy-pkg/,1000202895,100.00,,
   427.088737782,33.83,Joules,power/energy-ram/,1000209809,100.00,,
   427.088737782,77.82,Joules,power/energy-pkg/,1000209625,100.00,,
   428.088960149,34.22,Joules,power/energy-ram/,1000214669,100.00,,
   428.088960149,69.18,Joules,power/energy-pkg/,1000214544,100.00,,
   429.089176935,33.46,Joules,power/energy-ram/,1000208977,100.00,,
   429.089176935,64.44,Joules,power/energy-pkg/,1000209167,100.00,,
   430.089392361,34.12,Joules,power/energy-ram/,1000207171,100.00,,
   430.089392361,69.90,Joules,power/energy-pkg/,1000205759,100.00,,
   431.089581954,33.62,Joules,power/energy-ram/,1000179837,100.00,,
   431.089581954,71.03,Joules,power/energy-pkg/,1000178487,100.00,,
   432.089763556,33.45,Joules,power/energy-ram/,1000174339,100.00,,
   432.089763556,71.32,Joules,power/energy-pkg/,1000174775,100.00,,
   433.089970477,32.76,Joules,power/energy-ram/,1000200938,100.00,,
   433.089970477,66.10,Joules,power/energy-pkg/,1000203658,100.00,,
   434.090191427,32.70,Joules,power/energy-ram/,1000212875,100.00,,
   434.090191427,69.28,Joules,power/energy-pkg/,1000212294,100.00,,
   435.090404269,33.02,Joules,power/energy-ram/,1000205026,100.00,,
   435.090404269,67.05,Joules,power/energy-pkg/,1000205450,100.00,,
   436.090618257,32.78,Joules,power/energy-ram/,1000205925,100.00,,
   436.090618257,60.40,Joules,power/energy-pkg/,1000204936,100.00,,
   437.090768139,33.68,Joules,power/energy-ram/,1000142613,100.00,,
   437.090768139,69.96,Joules,power/energy-pkg/,1000143540,100.00,,
   438.090969869,33.77,Joules,power/energy-ram/,1000192925,100.00,,
   438.090969869,68.04,Joules,power/energy-pkg/,1000192109,100.00,,
   439.091164147,34.62,Joules,power/energy-ram/,1000185987,100.00,,
   439.091164147,77.54,Joules,power/energy-pkg/,1000183815,100.00,,
   440.091377258,36.37,Joules,power/energy-ram/,1000208260,100.00,,
   440.091377258,90.73,Joules,power/energy-pkg/,1000211992,100.00,,
   441.091537790,36.69,Joules,power/energy-ram/,1000150502,100.00,,
   441.091537790,88.29,Joules,power/energy-pkg/,1000149091,100.00,,
   442.091740549,35.99,Joules,power/energy-ram/,1000195962,100.00,,
   442.091740549,86.33,Joules,power/energy-pkg/,1000195293,100.00,,
   443.091937500,35.40,Joules,power/energy-ram/,1000189362,100.00,,
   443.091937500,78.32,Joules,power/energy-pkg/,1000191484,100.00,,
   444.092145495,32.98,Joules,power/energy-ram/,1000199070,100.00,,
   444.092145495,59.85,Joules,power/energy-pkg/,1000197104,100.00,,
   445.092341959,33.05,Joules,power/energy-ram/,1000189504,100.00,,
   445.092341959,58.17,Joules,power/energy-pkg/,1000191494,100.00,,
   446.092556170,33.24,Joules,power/energy-ram/,1000206078,100.00,,
   446.092556170,59.45,Joules,power/energy-pkg/,1000203700,100.00,,
   447.092768845,34.61,Joules,power/energy-ram/,1000205266,100.00,,
   447.092768845,67.94,Joules,power/energy-pkg/,1000207708,100.00,,
   448.092995833,33.35,Joules,power/energy-ram/,1000219595,100.00,,
   448.092995833,69.91,Joules,power/energy-pkg/,1000219276,100.00,,
   449.093213127,33.29,Joules,power/energy-ram/,1000209338,100.00,,
   449.093213127,63.50,Joules,power/energy-pkg/,1000209594,100.00,,
   450.093426389,34.19,Joules,power/energy-ram/,1000206504,100.00,,
   450.093426389,65.38,Joules,power/energy-pkg/,1000206441,100.00,,
   451.093643700,33.80,Joules,power/energy-ram/,1000209594,100.00,,
   451.093643700,65.46,Joules,power/energy-pkg/,1000209601,100.00,,
   452.093859301,34.87,Joules,power/energy-ram/,1000207070,100.00,,
   452.093859301,72.46,Joules,power/energy-pkg/,1000205345,100.00,,
   453.094035761,35.41,Joules,power/energy-ram/,1000169654,100.00,,
   453.094035761,73.84,Joules,power/energy-pkg/,1000170454,100.00,,
   454.094247360,34.69,Joules,power/energy-ram/,1000202755,100.00,,
   454.094247360,72.70,Joules,power/energy-pkg/,1000202040,100.00,,
   455.094465514,34.02,Joules,power/energy-ram/,1000210623,100.00,,
   455.094465514,72.37,Joules,power/energy-pkg/,1000211509,100.00,,
   456.094684234,32.77,Joules,power/energy-ram/,1000210904,100.00,,
   456.094684234,62.91,Joules,power/energy-pkg/,1000211421,100.00,,
   457.094891173,32.79,Joules,power/energy-ram/,1000198080,100.00,,
   457.094891173,53.13,Joules,power/energy-pkg/,1000197760,100.00,,
   458.095091404,30.00,Joules,power/energy-ram/,1000192214,100.00,,
   458.095091404,43.94,Joules,power/energy-pkg/,1000190310,100.00,,
   459.095285412,33.80,Joules,power/energy-ram/,1000187638,100.00,,
   459.095285412,62.49,Joules,power/energy-pkg/,1000188960,100.00,,
   460.095439103,34.85,Joules,power/energy-ram/,1000147392,100.00,,
   460.095439103,70.18,Joules,power/energy-pkg/,1000148154,100.00,,
   461.095657685,35.84,Joules,power/energy-ram/,1000210210,100.00,,
   461.095657685,78.13,Joules,power/energy-pkg/,1000209788,100.00,,
   462.095875688,36.21,Joules,power/energy-ram/,1000209826,100.00,,
   462.095875688,80.87,Joules,power/energy-pkg/,1000210088,100.00,,
   463.096097221,35.69,Joules,power/energy-ram/,1000213970,100.00,,
   463.096097221,79.89,Joules,power/energy-pkg/,1000214121,100.00,,
   464.096313916,33.48,Joules,power/energy-ram/,1000209600,100.00,,
   464.096313916,62.87,Joules,power/energy-pkg/,1000209522,100.00,,
   465.096538525,33.69,Joules,power/energy-ram/,1000215347,100.00,,
   465.096538525,65.38,Joules,power/energy-pkg/,1000215553,100.00,,
   466.096740032,34.25,Joules,power/energy-ram/,1000193422,100.00,,
   466.096740032,65.79,Joules,power/energy-pkg/,1000191821,100.00,,
   467.096941824,34.87,Joules,power/energy-ram/,1000194580,100.00,,
   467.096941824,74.14,Joules,power/energy-pkg/,1000196149,100.00,,
   468.097155655,33.59,Joules,power/energy-ram/,1000206442,100.00,,
   468.097155655,70.53,Joules,power/energy-pkg/,1000205424,100.00,,
   469.097369525,33.13,Joules,power/energy-ram/,1000206093,100.00,,
   469.097369525,54.30,Joules,power/energy-pkg/,1000206804,100.00,,
   470.097582762,30.00,Joules,power/energy-ram/,1000205672,100.00,,
   470.097582762,48.40,Joules,power/energy-pkg/,1000205516,100.00,,
   471.097811078,31.09,Joules,power/energy-ram/,1000219962,100.00,,
   471.097811078,54.96,Joules,power/energy-pkg/,1000219340,100.00,,
   472.098029536,26.49,Joules,power/energy-ram/,1000210849,100.00,,
   472.098029536,45.52,Joules,power/energy-pkg/,1000211177,100.00,,
   473.098183720,33.32,Joules,power/energy-ram/,1000148011,100.00,,
   473.098183720,59.52,Joules,power/energy-pkg/,1000147856,100.00,,
   474.098375614,30.21,Joules,power/energy-ram/,1000181023,100.00,,
   474.098375614,51.66,Joules,power/energy-pkg/,1000177583,100.00,,
   475.098559860,33.19,Joules,power/energy-ram/,1000178386,100.00,,
   475.098559860,55.19,Joules,power/energy-pkg/,1000182677,100.00,,
   476.098773097,33.20,Joules,power/energy-ram/,1000204840,100.00,,
   476.098773097,55.41,Joules,power/energy-pkg/,1000205128,100.00,,
   477.098994535,33.11,Joules,power/energy-ram/,1000213784,100.00,,
   477.098994535,55.56,Joules,power/energy-pkg/,1000213734,100.00,,
   478.099206447,32.74,Joules,power/energy-ram/,1000204208,100.00,,
   478.099206447,56.04,Joules,power/energy-pkg/,1000203726,100.00,,
   479.099405410,32.72,Joules,power/energy-ram/,1000191341,100.00,,
   479.099405410,54.47,Joules,power/energy-pkg/,1000189460,100.00,,
   480.099607576,32.99,Joules,power/energy-ram/,1000194555,100.00,,
   480.099607576,61.22,Joules,power/energy-pkg/,1000196712,100.00,,
   481.099825956,33.18,Joules,power/energy-ram/,1000210442,100.00,,
   481.099825956,65.37,Joules,power/energy-pkg/,1000210300,100.00,,
   482.100038820,33.24,Joules,power/energy-ram/,1000205084,100.00,,
   482.100038820,59.95,Joules,power/energy-pkg/,1000204748,100.00,,
   483.100211612,33.26,Joules,power/energy-ram/,1000165530,100.00,,
   483.100211612,61.29,Joules,power/energy-pkg/,1000165826,100.00,,
   484.100427564,32.80,Joules,power/energy-ram/,1000208350,100.00,,
   484.100427564,55.28,Joules,power/energy-pkg/,1000208104,100.00,,
   485.100631461,32.61,Joules,power/energy-ram/,1000195474,100.00,,
   485.100631461,49.93,Joules,power/energy-pkg/,1000196203,100.00,,
   486.100834850,32.50,Joules,power/energy-ram/,1000193986,100.00,,
   486.100834850,49.56,Joules,power/energy-pkg/,1000192943,100.00,,
   487.101056791,16.10,Joules,power/energy-ram/,1000216614,100.00,,
   487.101056791,29.67,Joules,power/energy-pkg/,1000217970,100.00,,
   488.101269739,12.90,Joules,power/energy-ram/,1000206704,100.00,,
   488.101269739,22.76,Joules,power/energy-pkg/,1000207469,100.00,,
   489.101489710,31.94,Joules,power/energy-ram/,1000210440,100.00,,
   489.101489710,46.52,Joules,power/energy-pkg/,1000208415,100.00,,
   490.101696864,29.38,Joules,power/energy-ram/,1000199000,100.00,,
   490.101696864,44.93,Joules,power/energy-pkg/,1000199543,100.00,,
   491.101909628,28.94,Joules,power/energy-ram/,1000205733,100.00,,
   491.101909628,46.73,Joules,power/energy-pkg/,1000205058,100.00,,
   492.102062258,30.10,Joules,power/energy-ram/,1000145336,100.00,,
   492.102062258,48.60,Joules,power/energy-pkg/,1000146979,100.00,,
   493.102276136,29.99,Joules,power/energy-ram/,1000204673,100.00,,
   493.102276136,48.37,Joules,power/energy-pkg/,1000202638,100.00,,
   494.102484312,28.59,Joules,power/energy-ram/,1000200915,100.00,,
   494.102484312,44.49,Joules,power/energy-pkg/,1000201358,100.00,,
   495.102694013,29.62,Joules,power/energy-ram/,1000202292,100.00,,
   495.102694013,46.04,Joules,power/energy-pkg/,1000202624,100.00,,
   496.102914857,29.43,Joules,power/energy-ram/,1000211371,100.00,,
   496.102914857,46.85,Joules,power/energy-pkg/,1000209697,100.00,,
   497.103127114,11.63,Joules,power/energy-ram/,1000206617,100.00,,
   497.103127114,22.67,Joules,power/energy-pkg/,1000209190,100.00,,
   498.103383057,11.60,Joules,power/energy-ram/,1000248712,100.00,,
   498.103383057,21.53,Joules,power/energy-pkg/,1000248589,100.00,,
   499.103635196,10.47,Joules,power/energy-ram/,1000242954,100.00,,
   499.103635196,20.87,Joules,power/energy-pkg/,1000243417,100.00,,
   500.103869003,9.55,Joules,power/energy-ram/,1000224716,100.00,,
   500.103869003,20.44,Joules,power/energy-pkg/,1000224360,100.00,,
   501.104107989,10.22,Joules,power/energy-ram/,1000234772,100.00,,
   501.104107989,21.11,Joules,power/energy-pkg/,1000234884,100.00,,
   502.104345124,10.38,Joules,power/energy-ram/,1000227530,100.00,,
   502.104345124,21.05,Joules,power/energy-pkg/,1000227898,100.00,,
   503.104578700,8.68,Joules,power/energy-ram/,1000224598,100.00,,
   503.104578700,20.23,Joules,power/energy-pkg/,1000223418,100.00,,
   504.104819543,9.81,Joules,power/energy-ram/,1000235118,100.00,,
   504.104819543,20.69,Joules,power/energy-pkg/,1000235032,100.00,,
   505.105026717,9.48,Joules,power/energy-ram/,1000198212,100.00,,
   505.105026717,20.33,Joules,power/energy-pkg/,1000198110,100.00,,
   506.105273711,9.76,Joules,power/energy-ram/,1000239050,100.00,,
   506.105273711,20.55,Joules,power/energy-pkg/,1000239282,100.00,,
   507.105510965,9.57,Joules,power/energy-ram/,1000229012,100.00,,
   507.105510965,20.59,Joules,power/energy-pkg/,1000229727,100.00,,
   508.105714413,9.15,Joules,power/energy-ram/,1000196366,100.00,,
   508.105714413,20.26,Joules,power/energy-pkg/,1000195683,100.00,,
   509.105931433,9.44,Joules,power/energy-ram/,1000209230,100.00,,
   509.105931433,20.50,Joules,power/energy-pkg/,1000209684,100.00,,
   510.106076814,10.11,Joules,power/energy-ram/,1000138150,100.00,,
   510.106076814,20.71,Joules,power/energy-pkg/,1000137484,100.00,,
   511.106281886,9.04,Joules,power/energy-ram/,1000197120,100.00,,
   511.106281886,20.08,Joules,power/energy-pkg/,1000197560,100.00,,
   512.106512212,10.34,Joules,power/energy-ram/,1000223335,100.00,,
   512.106512212,20.83,Joules,power/energy-pkg/,1000224276,100.00,,
   513.106752856,9.41,Joules,power/energy-ram/,1000231785,100.00,,
   513.106752856,20.54,Joules,power/energy-pkg/,1000231315,100.00,,
   514.107008041,8.80,Joules,power/energy-ram/,1000246684,100.00,,
   514.107008041,20.19,Joules,power/energy-pkg/,1000246729,100.00,,
   515.107218001,9.77,Joules,power/energy-ram/,1000202980,100.00,,
   515.107218001,20.65,Joules,power/energy-pkg/,1000202831,100.00,,
   516.107425058,10.14,Joules,power/energy-ram/,1000199738,100.00,,
   516.107425058,20.73,Joules,power/energy-pkg/,1000199838,100.00,,
   517.107658489,8.77,Joules,power/energy-ram/,1000224511,100.00,,
   517.107658489,20.03,Joules,power/energy-pkg/,1000223840,100.00,,
   518.107891421,9.19,Joules,power/energy-ram/,1000226637,100.00,,
   518.107891421,20.43,Joules,power/energy-pkg/,1000227117,100.00,,
   519.108136353,8.41,Joules,power/energy-ram/,1000236483,100.00,,
   519.108136353,20.08,Joules,power/energy-pkg/,1000236067,100.00,,
   520.108380302,10.30,Joules,power/energy-ram/,1000237477,100.00,,
   520.108380302,21.00,Joules,power/energy-pkg/,1000237536,100.00,,
   521.108612709,9.87,Joules,power/energy-ram/,1000224115,100.00,,
   521.108612709,20.74,Joules,power/energy-pkg/,1000223958,100.00,,
   522.108832094,9.39,Joules,power/energy-ram/,1000211666,100.00,,
   522.108832094,20.26,Joules,power/energy-pkg/,1000212334,100.00,,
   523.109066646,9.67,Joules,power/energy-ram/,1000227142,100.00,,
   523.109066646,20.50,Joules,power/energy-pkg/,1000227346,100.00,,
   524.109293855,9.61,Joules,power/energy-ram/,1000219357,100.00,,
   524.109293855,20.72,Joules,power/energy-pkg/,1000219619,100.00,,
   525.109522020,8.19,Joules,power/energy-ram/,1000219027,100.00,,
   525.109522020,20.11,Joules,power/energy-pkg/,1000217793,100.00,,
   526.109741648,10.14,Joules,power/energy-ram/,1000212928,100.00,,
   526.109741648,20.78,Joules,power/energy-pkg/,1000213650,100.00,,
