[100%] Built target hwpc-sensor
I: 23-04-11 13:01:36 build: version undefined (rev: undefined)
I: 23-04-11 13:01:36 uname: Linux 5.4.0-137-generic #154-Ubuntu SMP Thu Jan 5 17:03:22 UTC 2023 x86_64
I: 23-04-11 13:01:36 pmu: found ix86arch 'Intel X86 architectural PMU' having 7 events, 11 counters (8 general, 3 fixed)
I: 23-04-11 13:01:36 pmu: found perf 'perf_events generic PMU' having 179 events, 0 counters (0 general, 0 fixed)
I: 23-04-11 13:01:36 pmu: found rapl 'Intel RAPL' having 2 events, 3 counters (0 general, 3 fixed)
I: 23-04-11 13:01:36 pmu: found perf_raw 'perf_events raw PMU' having 1 events, 0 counters (0 general, 0 fixed)
I: 23-04-11 13:01:36 pmu: found skx 'Intel Skylake X' having 85 events, 11 counters (8 general, 3 fixed)
I: 23-04-11 13:01:36 pmu: found skx_unc_cha0 'Intel SkylakeX CHA0 uncore' having 99 events, 4 counters (4 general, 0 fixed)
I: 23-04-11 13:01:36 pmu: found skx_unc_cha1 'Intel SkylakeX CHA1 uncore' having 99 events, 4 counters (4 general, 0 fixed)
I: 23-04-11 13:01:36 pmu: found skx_unc_cha2 'Intel SkylakeX CHA2 uncore' having 99 events, 4 counters (4 general, 0 fixed)
I: 23-04-11 13:01:36 pmu: found skx_unc_cha3 'Intel SkylakeX CHA3 uncore' having 99 events, 4 counters (4 general, 0 fixed)
I: 23-04-11 13:01:36 pmu: found skx_unc_cha4 'Intel SkylakeX CHA4 uncore' having 99 events, 4 counters (4 general, 0 fixed)
I: 23-04-11 13:01:36 pmu: found skx_unc_cha5 'Intel SkylakeX CHA5 uncore' having 99 events, 4 counters (4 general, 0 fixed)
I: 23-04-11 13:01:36 pmu: found skx_unc_cha6 'Intel SkylakeX CHA6 uncore' having 99 events, 4 counters (4 general, 0 fixed)
I: 23-04-11 13:01:36 pmu: found skx_unc_cha7 'Intel SkylakeX CHA7 uncore' having 99 events, 4 counters (4 general, 0 fixed)
I: 23-04-11 13:01:36 pmu: found skx_unc_cha8 'Intel SkylakeX CHA8 uncore' having 99 events, 4 counters (4 general, 0 fixed)
I: 23-04-11 13:01:36 pmu: found skx_unc_cha9 'Intel SkylakeX CHA9 uncore' having 99 events, 4 counters (4 general, 0 fixed)
I: 23-04-11 13:01:36 pmu: found skx_unc_cha10 'Intel SkylakeX CHA10 uncore' having 99 events, 4 counters (4 general, 0 fixed)
I: 23-04-11 13:01:36 pmu: found skx_unc_cha11 'Intel SkylakeX CHA11 uncore' having 99 events, 4 counters (4 general, 0 fixed)
I: 23-04-11 13:01:36 pmu: found skx_unc_cha12 'Intel SkylakeX CHA12 uncore' having 99 events, 4 counters (4 general, 0 fixed)
I: 23-04-11 13:01:36 pmu: found skx_unc_cha13 'Intel SkylakeX CHA13 uncore' having 99 events, 4 counters (4 general, 0 fixed)
I: 23-04-11 13:01:36 pmu: found skx_unc_cha14 'Intel SkylakeX CHA14 uncore' having 99 events, 4 counters (4 general, 0 fixed)
I: 23-04-11 13:01:36 pmu: found skx_unc_cha15 'Intel SkylakeX CHA15 uncore' having 99 events, 4 counters (4 general, 0 fixed)
I: 23-04-11 13:01:36 pmu: found skx_unc_cha16 'Intel SkylakeX CHA16 uncore' having 99 events, 4 counters (4 general, 0 fixed)
I: 23-04-11 13:01:36 pmu: found skx_unc_cha17 'Intel SkylakeX CHA17 uncore' having 99 events, 4 counters (4 general, 0 fixed)
I: 23-04-11 13:01:36 pmu: found skx_unc_cha18 'Intel SkylakeX CHA18 uncore' having 99 events, 4 counters (4 general, 0 fixed)
I: 23-04-11 13:01:36 pmu: found skx_unc_cha19 'Intel SkylakeX CHA19 uncore' having 99 events, 4 counters (4 general, 0 fixed)
I: 23-04-11 13:01:36 pmu: found skx_unc_cha20 'Intel SkylakeX CHA20 uncore' having 99 events, 4 counters (4 general, 0 fixed)
I: 23-04-11 13:01:36 pmu: found skx_unc_cha21 'Intel SkylakeX CHA21 uncore' having 99 events, 4 counters (4 general, 0 fixed)
I: 23-04-11 13:01:36 pmu: found skx_unc_cha22 'Intel SkylakeX CHA22 uncore' having 99 events, 4 counters (4 general, 0 fixed)
I: 23-04-11 13:01:36 pmu: found skx_unc_cha23 'Intel SkylakeX CHA23 uncore' having 99 events, 4 counters (4 general, 0 fixed)
I: 23-04-11 13:01:36 pmu: found skx_unc_iio0 'Intel SkylakeX IIO0 uncore' having 16 events, 4 counters (4 general, 0 fixed)
I: 23-04-11 13:01:36 pmu: found skx_unc_iio1 'Intel SkylakeX IIO1 uncore' having 16 events, 4 counters (4 general, 0 fixed)
I: 23-04-11 13:01:36 pmu: found skx_unc_iio2 'Intel SkylakeX IIO2 uncore' having 16 events, 4 counters (4 general, 0 fixed)
I: 23-04-11 13:01:36 pmu: found skx_unc_iio3 'Intel SkylakeX IIO3 uncore' having 16 events, 4 counters (4 general, 0 fixed)
I: 23-04-11 13:01:36 pmu: found skx_unc_iio4 'Intel SkylakeX IIO4 uncore' having 16 events, 4 counters (4 general, 0 fixed)
I: 23-04-11 13:01:36 pmu: found skx_unc_iio5 'Intel SkylakeX IIO5 uncore' having 16 events, 4 counters (4 general, 0 fixed)
I: 23-04-11 13:01:36 pmu: found skx_unc_imc0 'Intel SkylakeX IMC0 uncore' having 46 events, 5 counters (4 general, 1 fixed)
I: 23-04-11 13:01:36 pmu: found skx_unc_imc1 'Intel SkylakeX IMC1 uncore' having 46 events, 5 counters (4 general, 1 fixed)
I: 23-04-11 13:01:36 pmu: found skx_unc_imc2 'Intel SkylakeX IMC2 uncore' having 46 events, 5 counters (4 general, 1 fixed)
I: 23-04-11 13:01:36 pmu: found skx_unc_imc3 'Intel SkylakeX IMC3 uncore' having 46 events, 5 counters (4 general, 1 fixed)
I: 23-04-11 13:01:36 pmu: found skx_unc_imc4 'Intel SkylakeX IMC4 uncore' having 46 events, 5 counters (4 general, 1 fixed)
I: 23-04-11 13:01:36 pmu: found skx_unc_imc5 'Intel SkylakeX IMC5 uncore' having 46 events, 5 counters (4 general, 1 fixed)
I: 23-04-11 13:01:36 pmu: found skx_unc_m2m0 'Intel SkylakeX M2M0 uncore' having 121 events, 4 counters (4 general, 0 fixed)
I: 23-04-11 13:01:36 pmu: found skx_unc_m2m1 'Intel SkylakeX M2M1 uncore' having 121 events, 4 counters (4 general, 0 fixed)
I: 23-04-11 13:01:36 pmu: found skx_unc_m3upi0 'Intel SkylakeX M3UPI0 uncore' having 111 events, 4 counters (4 general, 0 fixed)
I: 23-04-11 13:01:36 pmu: found skx_unc_m3upi1 'Intel SkylakeX M3UPI1 uncore' having 111 events, 4 counters (4 general, 0 fixed)
I: 23-04-11 13:01:36 pmu: found skx_unc_m3upi2 'Intel SkylakeX M3UPI2 uncore' having 111 events, 4 counters (4 general, 0 fixed)
I: 23-04-11 13:01:36 pmu: found skx_unc_pcu 'Intel SkylakeX PCU uncore' having 29 events, 4 counters (4 general, 0 fixed)
I: 23-04-11 13:01:36 pmu: found skx_unc_ubo 'Intel SkylakeX U-Box uncore' having 5 events, 3 counters (2 general, 1 fixed)
I: 23-04-11 13:01:36 pmu: found skx_unc_upi0 'Intel SkylakeX UPI0 uncore' having 34 events, 4 counters (4 general, 0 fixed)
I: 23-04-11 13:01:36 pmu: found skx_unc_upi1 'Intel SkylakeX UPI1 uncore' having 34 events, 4 counters (4 general, 0 fixed)
I: 23-04-11 13:01:36 pmu: found skx_unc_upi2 'Intel SkylakeX UPI2 uncore' having 34 events, 4 counters (4 general, 0 fixed)
I: 23-04-11 13:01:36 hwinfo: cpu38 is offline and will be ignored
I: 23-04-11 13:01:36 hwinfo: cpu28 is offline and will be ignored
I: 23-04-11 13:01:36 hwinfo: cpu46 is offline and will be ignored
I: 23-04-11 13:01:36 hwinfo: cpu36 is offline and will be ignored
I: 23-04-11 13:01:36 hwinfo: cpu26 is offline and will be ignored
I: 23-04-11 13:01:36 hwinfo: cpu44 is offline and will be ignored
I: 23-04-11 13:01:36 hwinfo: cpu34 is offline and will be ignored
I: 23-04-11 13:01:36 hwinfo: cpu24 is offline and will be ignored
I: 23-04-11 13:01:36 hwinfo: cpu42 is offline and will be ignored
I: 23-04-11 13:01:36 hwinfo: cpu32 is offline and will be ignored
I: 23-04-11 13:01:36 hwinfo: cpu40 is offline and will be ignored
I: 23-04-11 13:01:36 hwinfo: cpu30 is offline and will be ignored
I: 23-04-11 13:01:36 hwinfo: cpu39 is offline and will be ignored
I: 23-04-11 13:01:36 hwinfo: cpu29 is offline and will be ignored
I: 23-04-11 13:01:36 hwinfo: cpu47 is offline and will be ignored
I: 23-04-11 13:01:36 hwinfo: cpu37 is offline and will be ignored
I: 23-04-11 13:01:36 hwinfo: cpu27 is offline and will be ignored
I: 23-04-11 13:01:36 hwinfo: cpu45 is offline and will be ignored
I: 23-04-11 13:01:36 hwinfo: cpu35 is offline and will be ignored
I: 23-04-11 13:01:36 hwinfo: cpu25 is offline and will be ignored
I: 23-04-11 13:01:36 hwinfo: cpu43 is offline and will be ignored
I: 23-04-11 13:01:36 hwinfo: cpu33 is offline and will be ignored
I: 23-04-11 13:01:36 hwinfo: cpu41 is offline and will be ignored
I: 23-04-11 13:01:36 hwinfo: cpu31 is offline and will be ignored
I: 23-04-11 13:01:36 sensor: configuration is valid, starting monitoring...
I: 23-04-11 13:01:36 perf<all>: monitoring actor started
I: 23-04-11 13:01:36 perf</default>: monitoring actor started
I: 23-04-11 13:02:42 perf</pyaes-0-0.0.1-C07399D0-D1B2-88E4-4B05-BFB94C41DE86>: monitoring actor started
I: 23-04-11 13:02:42 perf</video_processing-0-0.0.1-F499EBBA-832E-BE29-C9E5-C58B080747CF>: monitoring actor started
I: 23-04-11 13:02:42 perf</pyaes-0-0.0.1-F121B7A2-E5EE-8CAA-C073-86EDBFF1C20E>: monitoring actor started
I: 23-04-11 13:02:43 perf</image_processing-0-0.0.1-18AE449E-9278-12CC-81F2-A42E984901A1>: monitoring actor started
I: 23-04-11 13:02:44 perf</video_processing-0-0.0.1-A0256BC5-284A-0A2C-EF47-A0CC99F46728>: monitoring actor started
I: 23-04-11 13:02:44 perf</pyaes-0-0.0.1-31DE1457-3650-2EF2-2535-81F305E08BD3>: monitoring actor started
I: 23-04-11 13:02:44 perf</video_processing-0-0.0.1-28FB8D4D-F56A-F82C-555A-77F6B67A9B47>: monitoring actor started
I: 23-04-11 13:02:45 perf</image_processing-0-0.0.1-D0981C9E-486C-811C-B81A-21D85A58EB85>: monitoring actor started
I: 23-04-11 13:02:45 perf</image_processing-0-0.0.1-51398E6D-0081-1CEB-ACD2-16CDBEB13954>: monitoring actor started
I: 23-04-11 13:02:46 perf</video_processing-0-0.0.1-54398BCC-9801-75A3-CE9F-08E1C4E7AF9C>: monitoring actor started
I: 23-04-11 13:02:46 perf</video_processing-0-0.0.1-1863B5EC-F78A-A620-92DE-A2CD469E0441>: monitoring actor started
I: 23-04-11 13:02:46 perf</image_processing-0-0.0.1-05F122E6-B493-5039-A830-BB9AE9288553>: monitoring actor started
I: 23-04-11 13:02:47 perf</video_processing-0-0.0.1-AA62DDD3-5985-68B2-D755-E76D136B618C>: monitoring actor started
I: 23-04-11 13:02:47 perf</image_processing-0-0.0.1-8BADBD58-EB4A-5E5B-F5A0-D0BF7BCEB83E>: monitoring actor started
I: 23-04-11 13:02:48 perf</video_processing-0-0.0.1-3DB78DE1-0D9E-6F69-365E-E1616D66F168>: monitoring actor started
I: 23-04-11 13:03:13 perf</image_processing-0-0.0.1-9B4586B4-2647-F9CD-C751-F6D46620AB44>: monitoring actor started
I: 23-04-11 13:03:21 perf</video_processing-0-0.0.1-B008B481-7E0F-7405-38A9-3BC4CEBF86D1>: monitoring actor started
I: 23-04-11 13:03:21 perf</video_processing-0-0.0.1-566B56C2-FDCA-5AA1-BA13-2F3065DE4961>: monitoring actor started
I: 23-04-11 13:03:22 perf</video_processing-0-0.0.1-2B55955F-CEDA-0469-C417-932750CD8E51>: monitoring actor started
I: 23-04-11 13:03:23 perf</video_processing-0-0.0.1-78D61B4D-2EA3-1581-627C-0322A59A4749>: monitoring actor started
I: 23-04-11 13:03:24 perf</pyaes-0-0.0.1-EF7738A5-1EC9-565B-EC7C-803B1BA2A859>: monitoring actor started
I: 23-04-11 13:03:25 perf</video_processing-0-0.0.1-134B98FE-E7D9-2E2E-0A12-5922E9823733>: monitoring actor started
I: 23-04-11 13:03:28 perf</video_processing-0-0.0.1-718A98C7-6BE8-950A-BE27-B1C1BF058D33>: monitoring actor started
I: 23-04-11 13:03:40 perf</pyaes-0-0.0.1-CF74F10A-2D10-034D-FB48-942E91F54E2B>: monitoring actor started
I: 23-04-11 13:04:50 perf</pyaes-0-0.0.1-7A8B689B-A729-EB5C-85C8-5AFBCAE09D01>: monitoring actor started
I: 23-04-11 13:09:49 perf</video_processing-0-0.0.1-28FB8D4D-F56A-F82C-555A-77F6B67A9B47>: shutting down actor
I: 23-04-11 13:09:49 perf</image_processing-0-0.0.1-51398E6D-0081-1CEB-ACD2-16CDBEB13954>: shutting down actor
I: 23-04-11 13:09:49 perf</video_processing-0-0.0.1-A0256BC5-284A-0A2C-EF47-A0CC99F46728>: shutting down actor
I: 23-04-11 13:09:49 perf</image_processing-0-0.0.1-9B4586B4-2647-F9CD-C751-F6D46620AB44>: shutting down actor
I: 23-04-11 13:09:49 perf</image_processing-0-0.0.1-18AE449E-9278-12CC-81F2-A42E984901A1>: shutting down actor
I: 23-04-11 13:09:49 perf</video_processing-0-0.0.1-78D61B4D-2EA3-1581-627C-0322A59A4749>: shutting down actor
I: 23-04-11 13:09:49 perf</video_processing-0-0.0.1-54398BCC-9801-75A3-CE9F-08E1C4E7AF9C>: shutting down actor
I: 23-04-11 13:09:49 perf</video_processing-0-0.0.1-2B55955F-CEDA-0469-C417-932750CD8E51>: shutting down actor
I: 23-04-11 13:09:49 perf</video_processing-0-0.0.1-134B98FE-E7D9-2E2E-0A12-5922E9823733>: shutting down actor
I: 23-04-11 13:09:49 perf</video_processing-0-0.0.1-566B56C2-FDCA-5AA1-BA13-2F3065DE4961>: shutting down actor
I: 23-04-11 13:09:49 perf</pyaes-0-0.0.1-C07399D0-D1B2-88E4-4B05-BFB94C41DE86>: shutting down actor
I: 23-04-11 13:09:49 perf</video_processing-0-0.0.1-718A98C7-6BE8-950A-BE27-B1C1BF058D33>: shutting down actor
I: 23-04-11 13:09:49 perf</video_processing-0-0.0.1-1863B5EC-F78A-A620-92DE-A2CD469E0441>: shutting down actor
I: 23-04-11 13:09:49 perf</image_processing-0-0.0.1-05F122E6-B493-5039-A830-BB9AE9288553>: shutting down actor
I: 23-04-11 13:09:49 perf</pyaes-0-0.0.1-7A8B689B-A729-EB5C-85C8-5AFBCAE09D01>: shutting down actor
I: 23-04-11 13:09:49 perf</pyaes-0-0.0.1-EF7738A5-1EC9-565B-EC7C-803B1BA2A859>: shutting down actor
I: 23-04-11 13:09:49 perf</video_processing-0-0.0.1-AA62DDD3-5985-68B2-D755-E76D136B618C>: shutting down actor
I: 23-04-11 13:09:49 perf</default>: shutting down actor
I: 23-04-11 13:09:49 perf</video_processing-0-0.0.1-B008B481-7E0F-7405-38A9-3BC4CEBF86D1>: shutting down actor
I: 23-04-11 13:09:49 perf</pyaes-0-0.0.1-31DE1457-3650-2EF2-2535-81F305E08BD3>: shutting down actor
I: 23-04-11 13:09:49 perf</image_processing-0-0.0.1-D0981C9E-486C-811C-B81A-21D85A58EB85>: shutting down actor
I: 23-04-11 13:09:49 perf</video_processing-0-0.0.1-F499EBBA-832E-BE29-C9E5-C58B080747CF>: shutting down actor
I: 23-04-11 13:09:49 perf</pyaes-0-0.0.1-CF74F10A-2D10-034D-FB48-942E91F54E2B>: shutting down actor
I: 23-04-11 13:09:49 perf</video_processing-0-0.0.1-3DB78DE1-0D9E-6F69-365E-E1616D66F168>: shutting down actor
I: 23-04-11 13:09:49 perf</image_processing-0-0.0.1-8BADBD58-EB4A-5E5B-F5A0-D0BF7BCEB83E>: shutting down actor
I: 23-04-11 13:09:49 perf</pyaes-0-0.0.1-F121B7A2-E5EE-8CAA-C073-86EDBFF1C20E>: shutting down actor
I: 23-04-11 13:09:49 perf<all>: shutting down actor
I: 23-04-11 13:09:49 reporting: bye!
