# started on Tue Sep  5 17:47:24 2023

     1.001045536,4.14,Joules,power/energy-pkg/,1001163770,100.00,,
     2.002302910,7.18,Joules,power/energy-pkg/,1001141702,100.00,,
     3.003457416,9.47,Joules,power/energy-pkg/,1001191222,100.00,,
     4.004870754,4.35,Joules,power/energy-pkg/,1001359891,100.00,,
     5.006097864,7.25,Joules,power/energy-pkg/,1001234634,100.00,,
     6.006400497,5.32,Joules,power/energy-pkg/,1000293119,100.00,,
     7.007720669,4.77,Joules,power/energy-pkg/,1001313081,100.00,,
     8.009042015,4.35,Joules,power/energy-pkg/,1001312935,100.00,,
     9.010398048,4.15,Joules,power/energy-pkg/,1001348546,100.00,,
    10.011717505,4.33,Joules,power/energy-pkg/,1001309843,100.00,,
    11.013081586,4.03,Joules,power/energy-pkg/,1001356022,100.00,,
    12.014440557,3.78,Joules,power/energy-pkg/,1001350556,100.00,,
    13.015728852,4.91,Joules,power/energy-pkg/,1001280546,100.00,,
    14.017047469,4.82,Joules,power/energy-pkg/,1001310320,100.00,,
    15.018252290,3.88,Joules,power/energy-pkg/,1001196486,100.00,,
    16.019634867,4.32,Joules,power/energy-pkg/,1001375840,100.00,,
    17.020976950,5.48,Joules,power/energy-pkg/,1001331860,100.00,,
    18.022338956,3.85,Joules,power/energy-pkg/,1001355416,100.00,,
    19.023682499,4.50,Joules,power/energy-pkg/,1001333705,100.00,,
    20.024998331,3.55,Joules,power/energy-pkg/,1001307694,100.00,,
    21.026322469,4.14,Joules,power/energy-pkg/,1001321085,100.00,,
    22.027701723,4.13,Joules,power/energy-pkg/,1001367635,100.00,,
    23.029039087,4.04,Joules,power/energy-pkg/,1001326641,100.00,,
    24.030356779,4.30,Joules,power/energy-pkg/,1001310242,100.00,,
    25.031703578,3.94,Joules,power/energy-pkg/,1001340121,100.00,,
    26.033050242,3.98,Joules,power/energy-pkg/,1001337239,100.00,,
    27.034423621,4.28,Joules,power/energy-pkg/,1001360597,100.00,,
    28.035740953,4.49,Joules,power/energy-pkg/,1001312817,100.00,,
    29.037062749,4.47,Joules,power/energy-pkg/,1001312867,100.00,,
    30.038460009,4.15,Joules,power/energy-pkg/,1001502082,100.00,,
    31.039931486,4.33,Joules,power/energy-pkg/,1001351546,100.00,,
    32.041279353,3.99,Joules,power/energy-pkg/,1001339337,100.00,,
    33.042535034,4.32,Joules,power/energy-pkg/,1001246614,100.00,,
    34.043871887,4.11,Joules,power/energy-pkg/,1001330465,100.00,,
    35.045192659,4.08,Joules,power/energy-pkg/,1001306296,100.00,,
    36.046476255,4.48,Joules,power/energy-pkg/,1001282542,100.00,,
    37.047843356,4.12,Joules,power/energy-pkg/,1001353702,100.00,,
    38.049056219,5.91,Joules,power/energy-pkg/,1001205583,100.00,,
    39.050433173,5.01,Joules,power/energy-pkg/,1001370894,100.00,,
    40.051809923,4.27,Joules,power/energy-pkg/,1001372699,100.00,,
    41.053160203,3.63,Joules,power/energy-pkg/,1001339803,100.00,,
    42.054414656,4.31,Joules,power/energy-pkg/,1001245085,100.00,,
    43.055760916,4.36,Joules,power/energy-pkg/,1001337446,100.00,,
    44.057261255,4.08,Joules,power/energy-pkg/,1001497505,100.00,,
    45.058333481,4.13,Joules,power/energy-pkg/,1001055680,100.00,,
    46.059681924,4.50,Joules,power/energy-pkg/,1001342937,100.00,,
    47.061007875,4.03,Joules,power/energy-pkg/,1001318229,100.00,,
    48.062568620,4.33,Joules,power/energy-pkg/,1001556827,100.00,,
    49.063839246,4.36,Joules,power/energy-pkg/,1001254077,100.00,,
    50.065201663,3.78,Joules,power/energy-pkg/,1001359176,100.00,,
    51.066655156,4.08,Joules,power/energy-pkg/,1001448985,100.00,,
    52.068049120,4.94,Joules,power/energy-pkg/,1001381604,100.00,,
    53.069386732,4.03,Joules,power/energy-pkg/,1001331327,100.00,,
    54.070398506,4.11,Joules,power/energy-pkg/,1000999715,100.00,,
    55.071731213,4.06,Joules,power/energy-pkg/,1001325960,100.00,,
    56.073217095,3.60,Joules,power/energy-pkg/,1001481663,100.00,,
    57.074328741,4.29,Joules,power/energy-pkg/,1001095114,100.00,,
    58.075645930,3.86,Joules,power/energy-pkg/,1001310232,100.00,,
    59.076973044,4.13,Joules,power/energy-pkg/,1001326326,100.00,,
    60.078363851,3.99,Joules,power/energy-pkg/,1001380085,100.00,,
    61.079715230,3.69,Joules,power/energy-pkg/,1001341922,100.00,,
    62.081104636,4.15,Joules,power/energy-pkg/,1001379005,100.00,,
    63.082442526,4.20,Joules,power/energy-pkg/,1001330207,100.00,,
    64.083812916,3.68,Joules,power/energy-pkg/,1001366156,100.00,,
    65.084988822,4.85,Joules,power/energy-pkg/,1001256113,100.00,,
    66.086392812,4.01,Joules,power/energy-pkg/,1001301192,100.00,,
    67.087706701,4.05,Joules,power/energy-pkg/,1001310602,100.00,,
    68.088966412,7.51,Joules,power/energy-pkg/,1001253858,100.00,,
    69.090072400,38.75,Joules,power/energy-pkg/,1001072728,100.00,,
    70.090319713,54.17,Joules,power/energy-pkg/,1000237492,100.00,,
    71.091424675,47.71,Joules,power/energy-pkg/,1001120775,100.00,,
    72.092533919,48.58,Joules,power/energy-pkg/,1001111137,100.00,,
    73.093839171,55.28,Joules,power/energy-pkg/,1001320679,100.00,,
    74.094334509,65.80,Joules,power/energy-pkg/,1000438765,100.00,,
    75.095507125,62.93,Joules,power/energy-pkg/,1001212480,100.00,,
    76.096738322,43.32,Joules,power/energy-pkg/,1001180239,100.00,,
    77.097867749,39.70,Joules,power/energy-pkg/,1001105674,100.00,,
    78.098305823,38.86,Joules,power/energy-pkg/,1000430649,100.00,,
    79.099419208,28.61,Joules,power/energy-pkg/,1001118168,100.00,,
    80.100684168,45.32,Joules,power/energy-pkg/,1001244263,100.00,,
    81.101822346,53.09,Joules,power/energy-pkg/,1001154298,100.00,,
    82.103052736,28.97,Joules,power/energy-pkg/,1001222373,100.00,,
    83.104399493,32.24,Joules,power/energy-pkg/,1001366622,100.00,,
    84.105690975,29.90,Joules,power/energy-pkg/,1001250313,100.00,,
    85.106393939,42.60,Joules,power/energy-pkg/,1000697153,100.00,,
    86.107527424,33.64,Joules,power/energy-pkg/,1001101670,100.00,,
    87.108703152,35.81,Joules,power/energy-pkg/,1001169859,100.00,,
    88.109792306,27.93,Joules,power/energy-pkg/,1001077523,100.00,,
    89.110302073,55.12,Joules,power/energy-pkg/,1000500522,100.00,,
    90.111476668,40.79,Joules,power/energy-pkg/,1001171567,100.00,,
    91.112635691,34.11,Joules,power/energy-pkg/,1001172686,100.00,,
    92.113820911,28.39,Joules,power/energy-pkg/,1001151961,100.00,,
    93.114309200,44.32,Joules,power/energy-pkg/,1000497354,100.00,,
    94.115470488,45.95,Joules,power/energy-pkg/,1001142481,100.00,,
    95.116887400,29.02,Joules,power/energy-pkg/,1001427503,100.00,,
    96.118030472,30.30,Joules,power/energy-pkg/,1001130353,100.00,,
    97.118311201,49.91,Joules,power/energy-pkg/,1000265257,100.00,,
    98.119516757,26.72,Joules,power/energy-pkg/,1001202633,100.00,,
    99.120841465,6.31,Joules,power/energy-pkg/,1001318488,100.00,,
   100.122097772,30.97,Joules,power/energy-pkg/,1001225344,100.00,,
   101.122385392,43.08,Joules,power/energy-pkg/,1000277935,100.00,,
   102.123529273,35.96,Joules,power/energy-pkg/,1001141340,100.00,,
   103.124710274,34.71,Joules,power/energy-pkg/,1001172880,100.00,,
   104.125799576,48.35,Joules,power/energy-pkg/,1001082495,100.00,,
   105.126306056,54.59,Joules,power/energy-pkg/,1000509101,100.00,,
   106.127527039,37.60,Joules,power/energy-pkg/,1001199142,100.00,,
   107.128668912,31.84,Joules,power/energy-pkg/,1001135465,100.00,,
   108.129840458,32.18,Joules,power/energy-pkg/,1001160800,100.00,,
   109.130384006,52.94,Joules,power/energy-pkg/,1000563618,100.00,,
   110.131529258,48.72,Joules,power/energy-pkg/,1001117414,100.00,,
   111.132770088,55.60,Joules,power/energy-pkg/,1001221555,100.00,,
   112.133916745,26.64,Joules,power/energy-pkg/,1001144279,100.00,,
   113.134391357,43.55,Joules,power/energy-pkg/,1000461185,100.00,,
   114.135568798,50.37,Joules,power/energy-pkg/,1001171807,100.00,,
   115.136744987,41.33,Joules,power/energy-pkg/,1001170242,100.00,,
   116.137889074,27.89,Joules,power/energy-pkg/,1001240175,100.00,,
   117.138336534,11.66,Joules,power/energy-pkg/,1000340024,100.00,,
   118.139446764,61.20,Joules,power/energy-pkg/,1001135640,100.00,,
   119.140684465,54.19,Joules,power/energy-pkg/,1001188341,100.00,,
   120.141766596,29.50,Joules,power/energy-pkg/,1001070899,100.00,,
   121.142392680,37.50,Joules,power/energy-pkg/,1000618749,100.00,,
   122.143574978,46.06,Joules,power/energy-pkg/,1001180783,100.00,,
   123.144766638,30.23,Joules,power/energy-pkg/,1001186904,100.00,,
   124.146004902,18.17,Joules,power/energy-pkg/,1001241921,100.00,,
   125.146425203,14.86,Joules,power/energy-pkg/,1000410011,100.00,,
   126.147745984,23.21,Joules,power/energy-pkg/,1001295627,100.00,,
   127.148844037,42.43,Joules,power/energy-pkg/,1001084995,100.00,,
   128.149936238,52.28,Joules,power/energy-pkg/,1001082814,100.00,,
   129.150320783,45.61,Joules,power/energy-pkg/,1000391872,100.00,,
   130.151507475,46.48,Joules,power/energy-pkg/,1001167380,100.00,,
   131.152620607,62.06,Joules,power/energy-pkg/,1001116172,100.00,,
   132.153853214,67.53,Joules,power/energy-pkg/,1001262947,100.00,,
   133.168653352,49.34,Joules,power/energy-pkg/,1019963637,100.00,,
   134.184349858,28.10,Joules,power/energy-pkg/,1010465713,100.00,,
   135.184680186,44.31,Joules,power/energy-pkg/,1000337491,100.00,,
   136.185853084,45.42,Joules,power/energy-pkg/,1001150159,100.00,,
   137.186391230,33.97,Joules,power/energy-pkg/,1000532257,100.00,,
   138.187532811,26.44,Joules,power/energy-pkg/,1001163069,100.00,,
   139.188757815,20.27,Joules,power/energy-pkg/,1001201126,100.00,,
   140.190070737,22.30,Joules,power/energy-pkg/,1001286274,100.00,,
   141.190390914,51.12,Joules,power/energy-pkg/,1000510219,100.00,,
   142.191942672,34.05,Joules,power/energy-pkg/,1001368756,100.00,,
   143.193215212,12.44,Joules,power/energy-pkg/,1001252431,100.00,,
   144.194406165,30.54,Joules,power/energy-pkg/,1001182540,100.00,,
   145.195629378,45.09,Joules,power/energy-pkg/,1001207894,100.00,,
   146.196798160,39.50,Joules,power/energy-pkg/,1001156742,100.00,,
   147.197898318,51.24,Joules,power/energy-pkg/,1001149774,100.00,,
   148.198383179,59.35,Joules,power/energy-pkg/,1000422306,100.00,,
   149.199571921,48.19,Joules,power/energy-pkg/,1001178867,100.00,,
   150.200766210,36.87,Joules,power/energy-pkg/,1001185191,100.00,,
   151.201894165,50.89,Joules,power/energy-pkg/,1001240902,100.00,,
   152.203412195,43.56,Joules,power/energy-pkg/,1001419170,100.00,,
   153.204633229,42.90,Joules,power/energy-pkg/,1001245814,100.00,,
   154.206010396,48.17,Joules,power/energy-pkg/,1001322200,100.00,,
   155.206301312,51.77,Joules,power/energy-pkg/,1000262181,100.00,,
   156.207465681,60.27,Joules,power/energy-pkg/,1001157790,100.00,,
   157.208559275,50.47,Joules,power/energy-pkg/,1001094894,100.00,,
   158.209742720,37.27,Joules,power/energy-pkg/,1001187182,100.00,,
   159.210328220,40.05,Joules,power/energy-pkg/,1000569084,100.00,,
   160.211469533,45.88,Joules,power/energy-pkg/,1001118416,100.00,,
   161.212635846,19.65,Joules,power/energy-pkg/,1001162449,100.00,,
   162.213733177,22.01,Joules,power/energy-pkg/,1001085722,100.00,,
   163.214331291,44.98,Joules,power/energy-pkg/,1000608114,100.00,,
   164.217114685,38.24,Joules,power/energy-pkg/,1002783387,100.00,,
   165.218299565,23.07,Joules,power/energy-pkg/,1001146026,100.00,,
   166.219366600,42.73,Joules,power/energy-pkg/,1001062768,100.00,,
   167.220555217,50.92,Joules,power/energy-pkg/,1001184177,100.00,,
   168.221742166,39.46,Joules,power/energy-pkg/,1001199594,100.00,,
   169.222387744,8.19,Joules,power/energy-pkg/,1000609365,100.00,,
   170.223476189,13.01,Joules,power/energy-pkg/,1001106200,100.00,,
   171.224781403,28.80,Joules,power/energy-pkg/,1001282390,100.00,,
   172.225964853,43.51,Joules,power/energy-pkg/,1001167106,100.00,,
   173.226395809,57.41,Joules,power/energy-pkg/,1000426398,100.00,,
   174.227621047,42.11,Joules,power/energy-pkg/,1001224080,100.00,,
   175.228781993,44.67,Joules,power/energy-pkg/,1001155536,100.00,,
   176.230034321,20.47,Joules,power/energy-pkg/,1001254274,100.00,,
   177.230365561,58.65,Joules,power/energy-pkg/,1000317663,100.00,,
   178.231707002,69.41,Joules,power/energy-pkg/,1001380492,100.00,,
   179.232956785,54.93,Joules,power/energy-pkg/,1001181801,100.00,,
   180.234106691,39.40,Joules,power/energy-pkg/,1001148332,100.00,,
   181.234893757,43.43,Joules,power/energy-pkg/,1000825511,100.00,,
   182.236133019,37.82,Joules,power/energy-pkg/,1001175508,100.00,,
   183.237346105,31.02,Joules,power/energy-pkg/,1001201022,100.00,,
   184.238306206,32.38,Joules,power/energy-pkg/,1000963965,100.00,,
   185.239489415,45.91,Joules,power/energy-pkg/,1001195064,100.00,,
   186.240657360,36.54,Joules,power/energy-pkg/,1001140401,100.00,,
   187.241903615,37.44,Joules,power/energy-pkg/,1001247035,100.00,,
   188.242307138,46.45,Joules,power/energy-pkg/,1000372471,100.00,,
   189.243482253,52.21,Joules,power/energy-pkg/,1001195046,100.00,,
   190.244653943,41.66,Joules,power/energy-pkg/,1001155491,100.00,,
   191.245962255,55.89,Joules,power/energy-pkg/,1001280025,100.00,,
   192.246330651,52.61,Joules,power/energy-pkg/,1000367781,100.00,,
   193.247513487,54.85,Joules,power/energy-pkg/,1001174210,100.00,,
   194.248679988,44.40,Joules,power/energy-pkg/,1001150768,100.00,,
   195.249840309,38.49,Joules,power/energy-pkg/,1001152246,100.00,,
   196.250317944,41.57,Joules,power/energy-pkg/,1000483419,100.00,,
   197.251484271,35.75,Joules,power/energy-pkg/,1001162415,100.00,,
   198.252697894,26.85,Joules,power/energy-pkg/,1001205597,100.00,,
   199.254036295,4.22,Joules,power/energy-pkg/,1001330798,100.00,,
   200.254556070,4.78,Joules,power/energy-pkg/,1000515306,100.00,,
   201.255887345,10.16,Joules,power/energy-pkg/,1001302195,100.00,,
   202.257054923,45.66,Joules,power/energy-pkg/,1001180976,100.00,,
   203.258237482,43.65,Joules,power/energy-pkg/,1001159036,100.00,,
   204.259466105,63.03,Joules,power/energy-pkg/,1001238088,100.00,,
   205.260665202,44.35,Joules,power/energy-pkg/,1001164490,100.00,,
   206.261764691,41.22,Joules,power/energy-pkg/,1001153499,100.00,,
   207.262386465,52.31,Joules,power/energy-pkg/,1000549532,100.00,,
   208.263561745,30.43,Joules,power/energy-pkg/,1001171365,100.00,,
   209.264710648,41.46,Joules,power/energy-pkg/,1001176315,100.00,,
   210.266014938,54.35,Joules,power/energy-pkg/,1001306443,100.00,,
   211.267465538,56.76,Joules,power/energy-pkg/,1001414651,100.00,,
   212.268687745,53.05,Joules,power/energy-pkg/,1001195669,100.00,,
   213.276732018,31.48,Joules,power/energy-pkg/,1008031779,100.00,,
   214.277817050,43.80,Joules,power/energy-pkg/,1001082361,100.00,,
   215.278411195,46.05,Joules,power/energy-pkg/,1000594362,100.00,,
   216.278914067,33.88,Joules,power/energy-pkg/,1000499602,100.00,,
   217.279717076,43.08,Joules,power/energy-pkg/,1000811660,100.00,,
   218.280902581,58.66,Joules,power/energy-pkg/,1001145695,100.00,,
   219.282046119,60.78,Joules,power/energy-pkg/,1001135392,100.00,,
   220.282310629,57.04,Joules,power/energy-pkg/,1000253974,100.00,,
   221.283492904,48.27,Joules,power/energy-pkg/,1001204542,100.00,,
   222.284674268,42.53,Joules,power/energy-pkg/,1001179649,100.00,,
   223.285906255,44.48,Joules,power/energy-pkg/,1001189733,100.00,,
   224.286319817,41.62,Joules,power/energy-pkg/,1000423598,100.00,,
   225.287622570,42.82,Joules,power/energy-pkg/,1001333733,100.00,,
   226.288872225,40.58,Joules,power/energy-pkg/,1001181158,100.00,,
   227.290040291,46.25,Joules,power/energy-pkg/,1001162032,100.00,,
   228.290392433,42.79,Joules,power/energy-pkg/,1000337824,100.00,,
   229.291486774,51.75,Joules,power/energy-pkg/,1001102101,100.00,,
   230.292688376,48.52,Joules,power/energy-pkg/,1001230615,100.00,,
   231.293900434,49.17,Joules,power/energy-pkg/,1001155578,100.00,,
   232.295118829,40.41,Joules,power/energy-pkg/,1001204068,100.00,,
   233.296264447,39.17,Joules,power/energy-pkg/,1001200208,100.00,,
   234.297499691,55.76,Joules,power/energy-pkg/,1001177839,100.00,,
   235.298403857,52.73,Joules,power/energy-pkg/,1000957260,100.00,,
   236.299712806,45.59,Joules,power/energy-pkg/,1001241856,100.00,,
   237.300937941,58.36,Joules,power/energy-pkg/,1001236013,100.00,,
   238.302157586,19.43,Joules,power/energy-pkg/,1001200819,100.00,,
   239.302302277,34.12,Joules,power/energy-pkg/,1000111348,100.00,,
   240.303402009,23.58,Joules,power/energy-pkg/,1001094501,100.00,,
   241.304608079,51.55,Joules,power/energy-pkg/,1001287909,100.00,,
   242.305972507,52.77,Joules,power/energy-pkg/,1001290172,100.00,,
   243.306561792,68.91,Joules,power/energy-pkg/,1000581392,100.00,,
   244.307876683,73.39,Joules,power/energy-pkg/,1001291289,100.00,,
   245.309035747,72.92,Joules,power/energy-pkg/,1001194108,100.00,,
   246.310314111,71.15,Joules,power/energy-pkg/,1001251574,100.00,,
   247.311464616,68.95,Joules,power/energy-pkg/,1001128920,100.00,,
   248.312617779,54.77,Joules,power/energy-pkg/,1001213137,100.00,,
   249.313674328,47.23,Joules,power/energy-pkg/,1000981408,100.00,,
   250.314402617,28.56,Joules,power/energy-pkg/,1000706721,100.00,,
   251.315570155,43.84,Joules,power/energy-pkg/,1001152215,100.00,,
   252.316670028,47.85,Joules,power/energy-pkg/,1001087596,100.00,,
   253.317841639,35.54,Joules,power/energy-pkg/,1001181804,100.00,,
   254.318306335,37.96,Joules,power/energy-pkg/,1000454231,100.00,,
   255.319450025,19.28,Joules,power/energy-pkg/,1001120277,100.00,,
   256.320635376,30.92,Joules,power/energy-pkg/,1001220000,100.00,,
   257.321827452,23.79,Joules,power/energy-pkg/,1001172014,100.00,,
   258.323113936,36.31,Joules,power/energy-pkg/,1001248551,100.00,,
   259.324298537,45.30,Joules,power/energy-pkg/,1001179124,100.00,,
   260.324910651,42.45,Joules,power/energy-pkg/,1000644226,100.00,,
   261.326117844,39.82,Joules,power/energy-pkg/,1001157031,100.00,,
   262.326395536,39.86,Joules,power/energy-pkg/,1000268212,100.00,,
   263.327597809,31.49,Joules,power/energy-pkg/,1001196427,100.00,,
   264.328752700,47.47,Joules,power/energy-pkg/,1001142360,100.00,,
   265.329836309,35.61,Joules,power/energy-pkg/,1001085910,100.00,,
   266.330303457,21.60,Joules,power/energy-pkg/,1000450391,100.00,,
   267.331421205,41.89,Joules,power/energy-pkg/,1001126540,100.00,,
   268.332660521,48.83,Joules,power/energy-pkg/,1001219272,100.00,,
   269.335462974,46.74,Joules,power/energy-pkg/,1002790209,100.00,,
   270.336662922,18.34,Joules,power/energy-pkg/,1001213948,100.00,,
   271.338001680,27.81,Joules,power/energy-pkg/,1001310579,100.00,,
   272.338389978,43.87,Joules,power/energy-pkg/,1000397634,100.00,,
   273.339575650,39.42,Joules,power/energy-pkg/,1001156239,100.00,,
   274.340658585,56.79,Joules,power/energy-pkg/,1001070184,100.00,,
   275.341841155,22.39,Joules,power/energy-pkg/,1001197510,100.00,,
   276.342327321,19.26,Joules,power/energy-pkg/,1000469124,100.00,,
   277.343593651,37.31,Joules,power/energy-pkg/,1001277845,100.00,,
   278.344752230,50.45,Joules,power/energy-pkg/,1001123992,100.00,,
   279.345932717,50.26,Joules,power/energy-pkg/,1001207286,100.00,,
   280.346322105,39.53,Joules,power/energy-pkg/,1000361703,100.00,,
   281.347543799,51.63,Joules,power/energy-pkg/,1001261862,100.00,,
   282.348892374,57.69,Joules,power/energy-pkg/,1001304643,100.00,,
   283.350214536,56.21,Joules,power/energy-pkg/,1001328153,100.00,,
   284.351642887,63.00,Joules,power/energy-pkg/,1001496845,100.00,,
   285.357523215,65.94,Joules,power/energy-pkg/,1005830434,100.00,,
   286.358314963,59.22,Joules,power/energy-pkg/,1000747504,100.00,,
   287.359541605,58.66,Joules,power/energy-pkg/,1001229376,100.00,,
   288.360844639,31.51,Joules,power/energy-pkg/,1001241437,100.00,,
   289.361963817,45.08,Joules,power/energy-pkg/,1001113714,100.00,,
   290.362392470,55.32,Joules,power/energy-pkg/,1000452865,100.00,,
   291.363636576,56.31,Joules,power/energy-pkg/,1001237197,100.00,,
   292.364910260,44.13,Joules,power/energy-pkg/,1001248633,100.00,,
   293.366322661,16.40,Joules,power/energy-pkg/,1001399028,100.00,,
   294.367640830,26.72,Joules,power/energy-pkg/,1001311027,100.00,,
   295.368747563,52.47,Joules,power/energy-pkg/,1001076506,100.00,,
   296.369846730,16.26,Joules,power/energy-pkg/,1001094623,100.00,,
   297.370378427,43.60,Joules,power/energy-pkg/,1000599486,100.00,,
   298.371745754,36.91,Joules,power/energy-pkg/,1001281253,100.00,,
   299.372825523,53.24,Joules,power/energy-pkg/,1001072004,100.00,,
   300.373940963,56.35,Joules,power/energy-pkg/,1001104096,100.00,,
   301.374332632,65.06,Joules,power/energy-pkg/,1000460242,100.00,,
   302.375669925,39.69,Joules,power/energy-pkg/,1001253343,100.00,,
   303.376969136,34.06,Joules,power/energy-pkg/,1001293301,100.00,,
   304.378101150,59.86,Joules,power/energy-pkg/,1001133286,100.00,,
   305.378306719,50.64,Joules,power/energy-pkg/,1000185722,100.00,,
   306.379425153,63.05,Joules,power/energy-pkg/,1001202051,100.00,,
   307.380790863,52.09,Joules,power/energy-pkg/,1001295718,100.00,,
   308.381968589,70.05,Joules,power/energy-pkg/,1001141909,100.00,,
   309.382387288,68.70,Joules,power/energy-pkg/,1000409589,100.00,,
   310.383564681,46.82,Joules,power/energy-pkg/,1001209862,100.00,,
   311.384809085,42.70,Joules,power/energy-pkg/,1001198413,100.00,,
   312.385940619,46.86,Joules,power/energy-pkg/,1001119475,100.00,,
   313.386305187,71.18,Joules,power/energy-pkg/,1000358455,100.00,,
   314.386666983,59.77,Joules,power/energy-pkg/,1000393687,100.00,,
   315.387851902,45.58,Joules,power/energy-pkg/,1001133331,100.00,,
   316.389046594,34.78,Joules,power/energy-pkg/,1001187874,100.00,,
   317.390192251,33.95,Joules,power/energy-pkg/,1001167258,100.00,,
   318.391363842,52.52,Joules,power/energy-pkg/,1001156956,100.00,,
   319.392750404,50.66,Joules,power/energy-pkg/,1001375610,100.00,,
   320.393956668,46.83,Joules,power/energy-pkg/,1001176332,100.00,,
   321.394302335,38.66,Joules,power/energy-pkg/,1000337008,100.00,,
   322.395408985,54.94,Joules,power/energy-pkg/,1001097622,100.00,,
   323.396506362,43.23,Joules,power/energy-pkg/,1001112548,100.00,,
   324.397898860,58.81,Joules,power/energy-pkg/,1001374395,100.00,,
   325.398395507,35.45,Joules,power/energy-pkg/,1000474717,100.00,,
   326.399569349,44.07,Joules,power/energy-pkg/,1001168440,100.00,,
   327.400658630,59.52,Joules,power/energy-pkg/,1001080306,100.00,,
   328.401847556,58.84,Joules,power/energy-pkg/,1001476685,100.00,,
   329.402389508,57.53,Joules,power/energy-pkg/,1001118822,100.00,,
   330.404509096,54.48,Joules,power/energy-pkg/,1001230487,100.00,,
   331.405627986,70.31,Joules,power/energy-pkg/,1001117553,100.00,,
   332.406335267,67.74,Joules,power/energy-pkg/,1000754229,100.00,,
   333.407655913,64.51,Joules,power/energy-pkg/,1001276056,100.00,,
   334.408921671,68.22,Joules,power/energy-pkg/,1001288938,100.00,,
   335.410173603,66.81,Joules,power/energy-pkg/,1001251017,100.00,,
   336.411472329,63.73,Joules,power/energy-pkg/,1001275991,100.00,,
   337.412730967,68.73,Joules,power/energy-pkg/,1001247518,100.00,,
   338.414113670,57.43,Joules,power/energy-pkg/,1001361923,100.00,,
   339.415441450,50.43,Joules,power/energy-pkg/,1001320031,100.00,,
   340.416618668,61.73,Joules,power/energy-pkg/,1001171530,100.00,,
   341.417776136,56.20,Joules,power/energy-pkg/,1001108734,100.00,,
   342.418398550,46.61,Joules,power/energy-pkg/,1000616464,100.00,,
   343.419483675,51.94,Joules,power/energy-pkg/,1001085522,100.00,,
   344.420705290,65.01,Joules,power/energy-pkg/,1001222545,100.00,,
   345.421812562,49.00,Joules,power/energy-pkg/,1001081410,100.00,,
   346.422316120,55.75,Joules,power/energy-pkg/,1000509631,100.00,,
   347.423544709,59.63,Joules,power/energy-pkg/,1001248705,100.00,,
   348.424813048,58.31,Joules,power/energy-pkg/,1001260324,100.00,,
   349.426074761,40.18,Joules,power/energy-pkg/,1001217393,100.00,,
   350.426385392,51.30,Joules,power/energy-pkg/,1000316532,100.00,,
   351.427519346,39.90,Joules,power/energy-pkg/,1001127260,100.00,,
   352.428703541,43.93,Joules,power/energy-pkg/,1001158548,100.00,,
   353.429833996,41.41,Joules,power/energy-pkg/,1001149771,100.00,,
   354.430327915,56.59,Joules,power/energy-pkg/,1000515646,100.00,,
   355.431942245,55.95,Joules,power/energy-pkg/,1001589225,100.00,,
   356.433304929,44.56,Joules,power/energy-pkg/,1001318370,100.00,,
   357.434392057,18.86,Joules,power/energy-pkg/,1001100572,100.00,,
   358.435528211,38.37,Joules,power/energy-pkg/,1001091596,100.00,,
   359.436609546,32.28,Joules,power/energy-pkg/,1001075721,100.00,,
   360.437727537,45.85,Joules,power/energy-pkg/,1001204890,100.00,,
   361.438316285,50.25,Joules,power/energy-pkg/,1000496148,100.00,,
   362.439519326,60.82,Joules,power/energy-pkg/,1001183887,100.00,,
   363.440704707,53.06,Joules,power/energy-pkg/,1001182844,100.00,,
   364.441859218,46.45,Joules,power/energy-pkg/,1001162388,100.00,,
   365.443045667,22.31,Joules,power/energy-pkg/,1001221075,100.00,,
   366.444325238,21.99,Joules,power/energy-pkg/,1001220205,100.00,,
   367.445438450,62.71,Joules,power/energy-pkg/,1001092180,100.00,,
   368.446316559,63.54,Joules,power/energy-pkg/,1000883541,100.00,,
   369.447531636,70.74,Joules,power/energy-pkg/,1001223153,100.00,,
   370.448708676,70.07,Joules,power/energy-pkg/,1001160231,100.00,,
   371.450019136,63.17,Joules,power/energy-pkg/,1001320500,100.00,,
   372.451365645,61.15,Joules,power/energy-pkg/,1001320089,100.00,,
   373.452606445,62.80,Joules,power/energy-pkg/,1001230728,100.00,,
   374.453922670,61.43,Joules,power/energy-pkg/,1001335565,100.00,,
   375.454357360,52.02,Joules,power/energy-pkg/,1000426895,100.00,,
   376.455656066,48.09,Joules,power/energy-pkg/,1001304463,100.00,,
   377.456991773,32.33,Joules,power/energy-pkg/,1001263984,100.00,,
   378.458142368,40.13,Joules,power/energy-pkg/,1001149924,100.00,,
   379.458313975,42.39,Joules,power/energy-pkg/,1000160712,100.00,,
   380.459441532,59.02,Joules,power/energy-pkg/,1001114009,100.00,,
   381.460601708,56.27,Joules,power/energy-pkg/,1001214916,100.00,,
   382.461888757,51.43,Joules,power/energy-pkg/,1001236602,100.00,,
   383.462306971,69.50,Joules,power/energy-pkg/,1000394095,100.00,,
   384.463444788,57.46,Joules,power/energy-pkg/,1001124941,100.00,,
   385.464545422,41.62,Joules,power/energy-pkg/,1001098932,100.00,,
   386.465683603,47.22,Joules,power/energy-pkg/,1001132484,100.00,,
   387.466400670,61.51,Joules,power/energy-pkg/,1000743317,100.00,,
   388.467704963,48.93,Joules,power/energy-pkg/,1001259276,100.00,,
   389.468922278,56.01,Joules,power/energy-pkg/,1001241116,100.00,,
   390.470071620,48.26,Joules,power/energy-pkg/,1001104740,100.00,,
   391.470394132,42.09,Joules,power/energy-pkg/,1000351117,100.00,,
   392.471568354,42.46,Joules,power/energy-pkg/,1001129624,100.00,,
   393.472761103,42.68,Joules,power/energy-pkg/,1001225184,100.00,,
   394.473931618,39.54,Joules,power/energy-pkg/,1001130542,100.00,,
   395.474411621,29.23,Joules,power/energy-pkg/,1000459605,100.00,,
   396.475583316,47.74,Joules,power/energy-pkg/,1001190362,100.00,,
   397.476780439,25.69,Joules,power/energy-pkg/,1001183896,100.00,,
   398.478094749,21.12,Joules,power/energy-pkg/,1001292599,100.00,,
   399.478398666,29.77,Joules,power/energy-pkg/,1000289515,100.00,,
   400.479566713,12.84,Joules,power/energy-pkg/,1001167798,100.00,,
   401.480714295,34.62,Joules,power/energy-pkg/,1001143524,100.00,,
   402.481835537,50.63,Joules,power/energy-pkg/,1001115930,100.00,,
   403.482333976,47.88,Joules,power/energy-pkg/,1000496883,100.00,,
   404.483660447,41.44,Joules,power/energy-pkg/,1001297417,100.00,,
   405.484826107,44.39,Joules,power/energy-pkg/,1001183511,100.00,,
   406.485958928,34.14,Joules,power/energy-pkg/,1001100677,100.00,,
   407.486439880,40.83,Joules,power/energy-pkg/,1000538526,100.00,,
   408.487234665,53.83,Joules,power/energy-pkg/,1000728646,100.00,,
   409.488428756,41.89,Joules,power/energy-pkg/,1001176347,100.00,,
   410.489641196,18.26,Joules,power/energy-pkg/,1001220205,100.00,,
   411.490309014,23.98,Joules,power/energy-pkg/,1000655961,100.00,,
   412.491430956,37.95,Joules,power/energy-pkg/,1001101895,100.00,,
   413.492603547,49.77,Joules,power/energy-pkg/,1001200099,100.00,,
   414.493956669,49.52,Joules,power/energy-pkg/,1001313194,100.00,,
   415.494337599,50.82,Joules,power/energy-pkg/,1000468060,100.00,,
   416.495821131,42.83,Joules,power/energy-pkg/,1001378637,100.00,,
   417.497351371,25.47,Joules,power/energy-pkg/,1001533118,100.00,,
   418.498303814,26.07,Joules,power/energy-pkg/,1000926134,100.00,,
   419.499514267,45.19,Joules,power/energy-pkg/,1001214687,100.00,,
   420.500703549,42.59,Joules,power/energy-pkg/,1001183089,100.00,,
   421.502032906,52.20,Joules,power/energy-pkg/,1001362819,100.00,,
   422.502322096,52.66,Joules,power/energy-pkg/,1000232844,100.00,,
   423.503551761,58.19,Joules,power/energy-pkg/,1001236765,100.00,,
   424.504846401,63.04,Joules,power/energy-pkg/,1001279091,100.00,,
   425.506099746,65.09,Joules,power/energy-pkg/,1001255802,100.00,,
   426.507427646,57.49,Joules,power/energy-pkg/,1001352649,100.00,,
   427.508756575,66.48,Joules,power/energy-pkg/,1001270605,100.00,,
   428.509889399,62.74,Joules,power/energy-pkg/,1001195486,100.00,,
   429.511358472,55.66,Joules,power/energy-pkg/,1001407193,100.00,,
   430.512543354,51.45,Joules,power/energy-pkg/,1001216819,100.00,,
   431.513876409,50.58,Joules,power/energy-pkg/,1001272176,100.00,,
   432.514324682,59.08,Joules,power/energy-pkg/,1000450634,100.00,,
   433.515613879,53.22,Joules,power/energy-pkg/,1001279678,100.00,,
   434.516911138,51.05,Joules,power/energy-pkg/,1001283266,100.00,,
   435.518212669,54.08,Joules,power/energy-pkg/,1001321762,100.00,,
   436.519489470,52.77,Joules,power/energy-pkg/,1001226827,100.00,,
   437.520936467,56.35,Joules,power/energy-pkg/,1001469889,100.00,,
   438.522343151,63.42,Joules,power/energy-pkg/,1001378136,100.00,,
   439.523629865,61.67,Joules,power/energy-pkg/,1001299198,100.00,,
   440.525000600,61.48,Joules,power/energy-pkg/,1001349240,100.00,,
   441.526333266,61.99,Joules,power/energy-pkg/,1001324009,100.00,,
   442.527623662,66.45,Joules,power/energy-pkg/,1001290953,100.00,,
   443.528433136,60.17,Joules,power/energy-pkg/,1000808639,100.00,,
   444.529822458,62.66,Joules,power/energy-pkg/,1001374901,100.00,,
   445.530380330,60.91,Joules,power/energy-pkg/,1000544923,100.00,,
   446.531757429,63.52,Joules,power/energy-pkg/,1001373092,100.00,,
   447.533095905,61.06,Joules,power/energy-pkg/,1001322913,100.00,,
   448.534343781,65.38,Joules,power/energy-pkg/,1001242185,100.00,,
   449.536184267,64.63,Joules,power/energy-pkg/,1001839605,100.00,,
   450.537543423,61.95,Joules,power/energy-pkg/,1001389519,100.00,,
   451.538307905,47.89,Joules,power/energy-pkg/,1000683150,100.00,,
   452.539451180,42.44,Joules,power/energy-pkg/,1001164059,100.00,,
   453.540586883,45.14,Joules,power/energy-pkg/,1001110061,100.00,,
   454.541686389,31.01,Joules,power/energy-pkg/,1001091542,100.00,,
   455.542333812,33.57,Joules,power/energy-pkg/,1000680970,100.00,,
   456.543610472,51.51,Joules,power/energy-pkg/,1001214516,100.00,,
   457.544695538,65.49,Joules,power/energy-pkg/,1001099253,100.00,,
   458.545850778,55.18,Joules,power/energy-pkg/,1001120385,100.00,,
   459.546387577,43.64,Joules,power/energy-pkg/,1000531354,100.00,,
   460.547500793,17.18,Joules,power/energy-pkg/,1001118647,100.00,,
   461.548720274,20.00,Joules,power/energy-pkg/,1001198591,100.00,,
   462.549892281,14.62,Joules,power/energy-pkg/,1001190975,100.00,,
   463.550315540,53.67,Joules,power/energy-pkg/,1000390302,100.00,,
   464.551435468,67.63,Joules,power/energy-pkg/,1001121080,100.00,,
   465.552695449,59.72,Joules,power/energy-pkg/,1001241570,100.00,,
   466.553860359,14.97,Joules,power/energy-pkg/,1001152515,100.00,,
   467.555031926,32.33,Joules,power/energy-pkg/,1001163413,100.00,,
   468.556107370,42.41,Joules,power/energy-pkg/,1001066723,100.00,,
   469.557255076,61.01,Joules,power/energy-pkg/,1001152626,100.00,,
   470.558379155,68.04,Joules,power/energy-pkg/,1001123529,100.00,,
   471.559680261,65.62,Joules,power/energy-pkg/,1001294678,100.00,,
   472.560934088,55.41,Joules,power/energy-pkg/,1001245252,100.00,,
   473.562225043,61.12,Joules,power/energy-pkg/,1001281257,100.00,,
   474.563789349,59.33,Joules,power/energy-pkg/,1001615055,100.00,,
   475.565135792,59.42,Joules,power/energy-pkg/,1001326766,100.00,,
   476.566318630,69.90,Joules,power/energy-pkg/,1001151329,100.00,,
   477.567529582,64.32,Joules,power/energy-pkg/,1001186150,100.00,,
   478.568840395,65.38,Joules,power/energy-pkg/,1001311337,100.00,,
   479.570096978,56.00,Joules,power/energy-pkg/,1001225960,100.00,,
   480.570367361,59.83,Joules,power/energy-pkg/,1000288708,100.00,,
   481.571801657,59.72,Joules,power/energy-pkg/,1001434260,100.00,,
   482.573110306,57.99,Joules,power/energy-pkg/,1001302718,100.00,,
   483.574365291,59.92,Joules,power/energy-pkg/,1001231233,100.00,,
   484.579935972,60.40,Joules,power/energy-pkg/,1005566472,100.00,,
   485.581121577,51.58,Joules,power/energy-pkg/,1001153398,100.00,,
   486.583376293,67.09,Joules,power/energy-pkg/,1002234588,100.00,,
   487.584576369,72.07,Joules,power/energy-pkg/,1001222308,100.00,,
   488.585866402,69.80,Joules,power/energy-pkg/,1001285497,100.00,,
   489.586336496,69.12,Joules,power/energy-pkg/,1000453500,100.00,,
   490.587508072,64.69,Joules,power/energy-pkg/,1001199360,100.00,,
   491.596353155,68.77,Joules,power/energy-pkg/,1008816820,100.00,,
   492.597620978,65.56,Joules,power/energy-pkg/,1001268652,100.00,,
   493.598350548,64.15,Joules,power/energy-pkg/,1000691253,100.00,,
   494.599647500,74.69,Joules,power/energy-pkg/,1001280242,100.00,,
   495.600889404,78.26,Joules,power/energy-pkg/,1001229821,100.00,,
   496.602101816,75.16,Joules,power/energy-pkg/,1001224336,100.00,,
   497.603494734,55.30,Joules,power/energy-pkg/,1001366581,100.00,,
   498.604696274,56.37,Joules,power/energy-pkg/,1001184979,100.00,,
   499.605911374,63.30,Joules,power/energy-pkg/,1001212761,100.00,,
   500.606412099,40.77,Joules,power/energy-pkg/,1000547169,100.00,,
   501.607644183,44.42,Joules,power/energy-pkg/,1001158118,100.00,,
   502.608853014,52.20,Joules,power/energy-pkg/,1001230949,100.00,,
   503.609994286,41.04,Joules,power/energy-pkg/,1001133757,100.00,,
   504.610394482,42.17,Joules,power/energy-pkg/,1000359430,100.00,,
   505.611580481,55.19,Joules,power/energy-pkg/,1001211121,100.00,,
   506.612730309,63.87,Joules,power/energy-pkg/,1001118301,100.00,,
   507.614014104,53.54,Joules,power/energy-pkg/,1001275184,100.00,,
   508.615324358,61.52,Joules,power/energy-pkg/,1001289818,100.00,,
   509.616486720,57.38,Joules,power/energy-pkg/,1001179746,100.00,,
   510.617615199,50.42,Joules,power/energy-pkg/,1001103301,100.00,,
   511.618397119,51.54,Joules,power/energy-pkg/,1000797570,100.00,,
   512.619611450,44.15,Joules,power/energy-pkg/,1001228112,100.00,,
   513.620888919,57.30,Joules,power/energy-pkg/,1001300364,100.00,,
   514.622311596,50.73,Joules,power/energy-pkg/,1001381384,100.00,,
   515.623518967,41.41,Joules,power/energy-pkg/,1001159788,100.00,,
   516.624673605,58.02,Joules,power/energy-pkg/,1001195294,100.00,,
   517.625983901,68.08,Joules,power/energy-pkg/,1001242367,100.00,,
   518.626325976,73.74,Joules,power/energy-pkg/,1000338772,100.00,,
   519.627524642,67.46,Joules,power/energy-pkg/,1001224132,100.00,,
   520.628808123,50.05,Joules,power/energy-pkg/,1001243309,100.00,,
   521.629985281,52.45,Joules,power/energy-pkg/,1001222876,100.00,,
   522.630347481,58.25,Joules,power/energy-pkg/,1000410208,100.00,,
   523.631818508,58.96,Joules,power/energy-pkg/,1001396589,100.00,,
   524.633299751,63.61,Joules,power/energy-pkg/,1001421875,100.00,,
   525.634337997,70.67,Joules,power/energy-pkg/,1001058320,100.00,,
   526.635660894,68.27,Joules,power/energy-pkg/,1001312519,100.00,,
   527.636942742,67.12,Joules,power/energy-pkg/,1001362634,100.00,,
   528.638392829,64.94,Joules,power/energy-pkg/,1001336124,100.00,,
   529.639570927,55.80,Joules,power/energy-pkg/,1001190747,100.00,,
   530.640716793,58.71,Joules,power/energy-pkg/,1001106541,100.00,,
   531.641845870,50.11,Joules,power/energy-pkg/,1001136943,100.00,,
   532.642318276,60.66,Joules,power/energy-pkg/,1000469070,100.00,,
   533.643619694,60.73,Joules,power/energy-pkg/,1001284345,100.00,,
   534.644881116,48.60,Joules,power/energy-pkg/,1001256155,100.00,,
   535.646081875,48.27,Joules,power/energy-pkg/,1001181792,100.00,,
   536.646399371,46.98,Joules,power/energy-pkg/,1000355308,100.00,,
   537.647648433,55.36,Joules,power/energy-pkg/,1001193283,100.00,,
   538.648846716,52.81,Joules,power/energy-pkg/,1001192196,100.00,,
   539.650047092,37.92,Joules,power/energy-pkg/,1001192860,100.00,,
   540.650306434,27.99,Joules,power/energy-pkg/,1000247453,100.00,,
   541.651499893,49.10,Joules,power/energy-pkg/,1001186160,100.00,,
   542.652667542,56.22,Joules,power/energy-pkg/,1001164880,100.00,,
   543.653510011,42.59,Joules,power/energy-pkg/,1000897051,100.00,,
   544.654966715,55.79,Joules,power/energy-pkg/,1001373414,100.00,,
   545.656053953,54.82,Joules,power/energy-pkg/,1001116412,100.00,,
   546.657320435,56.51,Joules,power/energy-pkg/,1001254895,100.00,,
   547.658311576,52.86,Joules,power/energy-pkg/,1000974761,100.00,,
   548.659454887,53.51,Joules,power/energy-pkg/,1001130085,100.00,,
   549.660649694,53.39,Joules,power/energy-pkg/,1001169423,100.00,,
   550.661770509,34.10,Joules,power/energy-pkg/,1001113322,100.00,,
   551.662349879,45.70,Joules,power/energy-pkg/,1000637388,100.00,,
   552.663653249,49.93,Joules,power/energy-pkg/,1001283460,100.00,,
   553.665004354,51.85,Joules,power/energy-pkg/,1001317422,100.00,,
   554.666359843,55.08,Joules,power/energy-pkg/,1001349032,100.00,,
   555.667702021,56.09,Joules,power/energy-pkg/,1001358377,100.00,,
   556.687527345,65.50,Joules,power/energy-pkg/,1019800828,100.00,,
   557.688785808,71.62,Joules,power/energy-pkg/,1001247439,100.00,,
   558.689965641,64.27,Joules,power/energy-pkg/,1001155023,100.00,,
   559.690344751,56.66,Joules,power/energy-pkg/,1000383742,100.00,,
   560.691748412,64.57,Joules,power/energy-pkg/,1001384020,100.00,,
   561.693078101,77.57,Joules,power/energy-pkg/,1001313705,100.00,,
   562.694351632,78.73,Joules,power/energy-pkg/,1005227897,100.00,,
   563.701423658,68.99,Joules,power/energy-pkg/,1003164964,100.00,,
   564.702322887,63.82,Joules,power/energy-pkg/,1000822295,100.00,,
   565.703533633,57.91,Joules,power/energy-pkg/,1001196537,100.00,,
   566.704767526,50.03,Joules,power/energy-pkg/,1001223072,100.00,,
   567.705884191,39.90,Joules,power/energy-pkg/,1001117504,100.00,,
   568.706336946,53.23,Joules,power/energy-pkg/,1000477494,100.00,,
   569.707654666,54.96,Joules,power/energy-pkg/,1001312027,100.00,,
   570.708954554,47.66,Joules,power/energy-pkg/,1001247596,100.00,,
   571.710130019,26.90,Joules,power/energy-pkg/,1001161426,100.00,,
   572.710392782,25.55,Joules,power/energy-pkg/,1000257717,100.00,,
   573.711553403,49.00,Joules,power/energy-pkg/,1001157522,100.00,,
   574.712825598,33.00,Joules,power/energy-pkg/,1001281599,100.00,,
   575.714156224,20.69,Joules,power/energy-pkg/,1001300065,100.00,,
   576.714313425,42.47,Joules,power/energy-pkg/,1000177462,100.00,,
   577.715583829,50.77,Joules,power/energy-pkg/,1001259747,100.00,,
   578.716735616,37.63,Joules,power/energy-pkg/,1001118579,100.00,,
   579.718349934,34.78,Joules,power/energy-pkg/,1001634191,100.00,,
   580.719498833,59.20,Joules,power/energy-pkg/,1001148198,100.00,,
   581.720751990,50.59,Joules,power/energy-pkg/,1001210722,100.00,,
   582.721926564,47.65,Joules,power/energy-pkg/,1001165106,100.00,,
   583.722402283,20.20,Joules,power/energy-pkg/,1000463313,100.00,,
   584.723483370,55.49,Joules,power/energy-pkg/,1001084470,100.00,,
   585.724653078,69.30,Joules,power/energy-pkg/,1001185074,100.00,,
   586.725897069,35.70,Joules,power/energy-pkg/,1001211747,100.00,,
   587.727038897,28.00,Joules,power/energy-pkg/,1001135758,100.00,,
   588.728322891,36.37,Joules,power/energy-pkg/,1001266697,100.00,,
   589.729506448,32.95,Joules,power/energy-pkg/,1001172684,100.00,,
   590.730364714,40.38,Joules,power/energy-pkg/,1000855323,100.00,,
   591.731595481,13.07,Joules,power/energy-pkg/,1001217514,100.00,,
   592.732758015,43.59,Joules,power/energy-pkg/,1001157453,100.00,,
   593.733887500,49.60,Joules,power/energy-pkg/,1001165159,100.00,,
   594.734336148,66.40,Joules,power/energy-pkg/,1000435910,100.00,,
   595.735550851,65.39,Joules,power/energy-pkg/,1001178963,100.00,,
   596.736759445,61.26,Joules,power/energy-pkg/,1001265023,100.00,,
   597.738122747,56.75,Joules,power/energy-pkg/,1001295674,100.00,,
   598.739380333,61.02,Joules,power/energy-pkg/,1001246974,100.00,,
   599.740652722,68.13,Joules,power/energy-pkg/,1001271124,100.00,,
   600.741941942,69.57,Joules,power/energy-pkg/,1001274204,100.00,,
   601.742341453,68.96,Joules,power/energy-pkg/,1000396287,100.00,,
   602.743564366,74.50,Joules,power/energy-pkg/,1001194418,100.00,,
   603.744760509,78.66,Joules,power/energy-pkg/,1001201250,100.00,,
   604.746127927,72.84,Joules,power/energy-pkg/,1001377861,100.00,,
   605.747509388,64.96,Joules,power/energy-pkg/,1001358164,100.00,,
   606.748796896,65.23,Joules,power/energy-pkg/,1001287005,100.00,,
   607.750153075,68.40,Joules,power/energy-pkg/,1001340352,100.00,,
   608.751447518,66.56,Joules,power/energy-pkg/,1001278703,100.00,,
   609.752718210,63.22,Joules,power/energy-pkg/,1001279969,100.00,,
   610.754153048,62.80,Joules,power/energy-pkg/,1001437860,100.00,,
   611.755550377,68.37,Joules,power/energy-pkg/,1001363863,100.00,,
   612.756788574,64.56,Joules,power/energy-pkg/,1001236514,100.00,,
   613.758068436,62.19,Joules,power/energy-pkg/,1001282885,100.00,,
   614.759421057,63.16,Joules,power/energy-pkg/,1001333788,100.00,,
   615.760701369,73.15,Joules,power/energy-pkg/,1001253841,100.00,,
   616.761956799,76.72,Joules,power/energy-pkg/,1001260333,100.00,,
   617.762344915,71.80,Joules,power/energy-pkg/,1000389716,100.00,,
   618.763711347,70.79,Joules,power/energy-pkg/,1001363592,100.00,,
   619.765067357,69.37,Joules,power/energy-pkg/,1001327487,100.00,,
   620.766229574,61.39,Joules,power/energy-pkg/,1001189538,100.00,,
   621.767494080,49.62,Joules,power/energy-pkg/,1001308726,100.00,,
   622.768763362,49.51,Joules,power/energy-pkg/,1001200599,100.00,,
   623.770190252,49.54,Joules,power/energy-pkg/,1001415141,100.00,,
   624.771439197,58.41,Joules,power/energy-pkg/,1001236405,100.00,,
   625.772874150,55.89,Joules,power/energy-pkg/,1001437326,100.00,,
   626.774060653,62.00,Joules,power/energy-pkg/,1001134417,100.00,,
   627.774383276,67.65,Joules,power/energy-pkg/,1000335926,100.00,,
   628.775495669,37.03,Joules,power/energy-pkg/,1001102440,100.00,,
   629.776709514,58.38,Joules,power/energy-pkg/,1001195053,100.00,,
   630.777934454,50.50,Joules,power/energy-pkg/,1001212072,100.00,,
   631.778384218,44.97,Joules,power/energy-pkg/,1000460314,100.00,,
   632.779516136,48.85,Joules,power/energy-pkg/,1001142631,100.00,,
   633.780145783,65.25,Joules,power/energy-pkg/,1000655695,100.00,,
   634.781513888,58.71,Joules,power/energy-pkg/,1001347681,100.00,,
   635.782318908,69.80,Joules,power/energy-pkg/,1000733924,100.00,,
   636.783476165,66.79,Joules,power/energy-pkg/,1001218141,100.00,,
   637.784808798,66.18,Joules,power/energy-pkg/,1001280858,100.00,,
   638.786045930,65.94,Joules,power/energy-pkg/,1001208752,100.00,,
   639.786399266,55.33,Joules,power/energy-pkg/,1000341303,100.00,,
   640.787610078,54.43,Joules,power/energy-pkg/,1001206620,100.00,,
   641.788762938,58.06,Joules,power/energy-pkg/,1001193669,100.00,,
   642.790021576,63.94,Joules,power/energy-pkg/,1001204913,100.00,,
   643.790316739,67.27,Joules,power/energy-pkg/,1000279364,100.00,,
   644.791475816,62.47,Joules,power/energy-pkg/,1001148031,100.00,,
   645.792655908,48.16,Joules,power/energy-pkg/,1001219925,100.00,,
   646.793830923,37.03,Joules,power/energy-pkg/,1001131326,100.00,,
   647.794404521,45.51,Joules,power/energy-pkg/,1000582643,100.00,,
   648.795603193,37.66,Joules,power/energy-pkg/,1001160896,100.00,,
   649.796769700,30.54,Joules,power/energy-pkg/,1001154329,100.00,,
   650.797838742,29.03,Joules,power/energy-pkg/,1001061045,100.00,,
   651.798328373,53.97,Joules,power/energy-pkg/,1000499703,100.00,,
   652.799684137,49.57,Joules,power/energy-pkg/,1001403861,100.00,,
   653.801046882,49.66,Joules,power/energy-pkg/,1001351179,100.00,,
   654.802352357,47.07,Joules,power/energy-pkg/,1001249682,100.00,,
   655.803620623,47.00,Joules,power/energy-pkg/,1001291856,100.00,,
   656.804894298,48.68,Joules,power/energy-pkg/,1001250215,100.00,,
   657.806115038,55.84,Joules,power/energy-pkg/,1001255577,100.00,,
   658.807477794,45.55,Joules,power/energy-pkg/,1001277650,100.00,,
   659.808724388,54.08,Joules,power/energy-pkg/,1001265295,100.00,,
   660.809962358,38.26,Joules,power/energy-pkg/,1001222466,100.00,,
   661.810381379,51.55,Joules,power/energy-pkg/,1000386296,100.00,,
   662.811504711,53.62,Joules,power/energy-pkg/,1001125447,100.00,,
   663.812764098,61.68,Joules,power/energy-pkg/,1001260800,100.00,,
   664.813954537,49.66,Joules,power/energy-pkg/,1001182663,100.00,,
   665.814302161,38.25,Joules,power/energy-pkg/,1000315193,100.00,,
   666.815435617,60.43,Joules,power/energy-pkg/,1001191119,100.00,,
   667.816823898,60.67,Joules,power/energy-pkg/,1001364881,100.00,,
   668.818104832,55.48,Joules,power/energy-pkg/,1001256911,100.00,,
   669.819361064,34.18,Joules,power/energy-pkg/,1001215222,100.00,,
   670.820502326,39.42,Joules,power/energy-pkg/,1001178014,100.00,,
   671.821685308,53.28,Joules,power/energy-pkg/,1001144548,100.00,,
   672.822405332,47.92,Joules,power/energy-pkg/,1000782453,100.00,,
   673.823654735,44.24,Joules,power/energy-pkg/,1001233097,100.00,,
   674.825003447,59.02,Joules,power/energy-pkg/,1001272827,100.00,,
   675.826167272,53.97,Joules,power/energy-pkg/,1001146201,100.00,,
   676.826327221,52.52,Joules,power/energy-pkg/,1000211639,100.00,,
   677.827604091,47.00,Joules,power/energy-pkg/,1001238844,100.00,,
   678.828777802,44.62,Joules,power/energy-pkg/,1001214726,100.00,,
   679.830310482,60.99,Joules,power/energy-pkg/,1001779857,100.00,,
   680.831736756,58.92,Joules,power/energy-pkg/,1001103699,100.00,,
   681.834325861,56.22,Joules,power/energy-pkg/,1002574933,100.00,,
   682.835562043,62.21,Joules,power/energy-pkg/,1001270748,100.00,,
   683.836818733,61.42,Joules,power/energy-pkg/,1002456100,100.00,,
   684.839348082,62.72,Joules,power/energy-pkg/,1001297825,100.00,,
   685.840716756,59.59,Joules,power/energy-pkg/,1001385959,100.00,,
   686.842176235,62.97,Joules,power/energy-pkg/,1001481052,100.00,,
   687.843594850,53.81,Joules,power/energy-pkg/,1001324324,100.00,,
   688.844778931,50.77,Joules,power/energy-pkg/,1001213466,100.00,,
   689.846061412,61.06,Joules,power/energy-pkg/,1001240149,100.00,,
   690.847567383,56.06,Joules,power/energy-pkg/,1001479716,100.00,,
   691.848739951,62.82,Joules,power/energy-pkg/,1001167370,100.00,,
   692.849822139,55.03,Joules,power/energy-pkg/,1001078713,100.00,,
   693.850414419,32.87,Joules,power/energy-pkg/,1000607156,100.00,,
   694.851620890,38.78,Joules,power/energy-pkg/,1001195890,100.00,,
   695.852744453,48.78,Joules,power/energy-pkg/,1001088400,100.00,,
   696.853370482,52.97,Joules,power/energy-pkg/,1000660814,100.00,,
   697.854323040,64.43,Joules,power/energy-pkg/,1000916890,100.00,,
   698.855589333,56.71,Joules,power/energy-pkg/,1001271472,100.00,,
   699.856837110,68.86,Joules,power/energy-pkg/,1001217083,100.00,,
   700.857995526,60.16,Joules,power/energy-pkg/,1001156796,100.00,,
   701.858394391,53.19,Joules,power/energy-pkg/,1000413328,100.00,,
   702.859658470,55.59,Joules,power/energy-pkg/,1001252666,100.00,,
   703.860893259,59.86,Joules,power/energy-pkg/,1001200148,100.00,,
   704.862028587,47.93,Joules,power/energy-pkg/,1001124753,100.00,,
   705.862324507,55.93,Joules,power/energy-pkg/,1000339314,100.00,,
   706.863679789,58.23,Joules,power/energy-pkg/,1001332200,100.00,,
   707.865064144,63.75,Joules,power/energy-pkg/,1001361731,100.00,,
   708.866331877,72.02,Joules,power/energy-pkg/,1001292053,100.00,,
   709.867644622,69.26,Joules,power/energy-pkg/,1001265445,100.00,,
   710.868891727,54.63,Joules,power/energy-pkg/,1001222621,100.00,,
   711.870110698,56.38,Joules,power/energy-pkg/,1001247562,100.00,,
   712.871500356,61.76,Joules,power/energy-pkg/,1001354009,100.00,,
   713.872705688,68.24,Joules,power/energy-pkg/,1001205478,100.00,,
   714.873972116,58.16,Joules,power/energy-pkg/,1001244098,100.00,,
   715.874396398,48.85,Joules,power/energy-pkg/,1000417222,100.00,,
   716.875570062,46.68,Joules,power/energy-pkg/,1001178251,100.00,,
   717.876910122,53.56,Joules,power/energy-pkg/,1001322068,100.00,,
   718.878087469,57.10,Joules,power/energy-pkg/,1001221986,100.00,,
   719.879469243,61.41,Joules,power/energy-pkg/,1001315034,100.00,,
   720.880638193,59.86,Joules,power/energy-pkg/,1001211946,100.00,,
   721.881977987,52.97,Joules,power/energy-pkg/,1001324647,100.00,,
   722.883344586,58.82,Joules,power/energy-pkg/,1001363255,100.00,,
   723.884708344,54.48,Joules,power/energy-pkg/,1001345860,100.00,,
   724.885984693,57.87,Joules,power/energy-pkg/,1001293155,100.00,,
   725.887397735,58.75,Joules,power/energy-pkg/,1001360887,100.00,,
   726.888713204,61.59,Joules,power/energy-pkg/,1001288651,100.00,,
   727.889938494,62.79,Joules,power/energy-pkg/,1001235839,100.00,,
   728.890367547,68.23,Joules,power/energy-pkg/,1000431382,100.00,,
   729.891813533,64.86,Joules,power/energy-pkg/,1001439263,100.00,,
   730.893296474,63.88,Joules,power/energy-pkg/,1001471961,100.00,,
   731.894358968,63.15,Joules,power/energy-pkg/,1001119796,100.00,,
   732.897853945,60.67,Joules,power/energy-pkg/,1003411554,100.00,,
   733.898370723,60.51,Joules,power/energy-pkg/,1000526892,100.00,,
   734.899765156,56.83,Joules,power/energy-pkg/,1001352990,100.00,,
   735.922328284,52.57,Joules,power/energy-pkg/,1022556020,100.00,,
   736.923539586,50.38,Joules,power/energy-pkg/,1001211919,100.00,,
   737.930311540,61.48,Joules,power/energy-pkg/,1006766757,100.00,,
   738.931580146,59.89,Joules,power/energy-pkg/,1001251330,100.00,,
   739.932805818,55.98,Joules,power/energy-pkg/,1001213905,100.00,,
   740.933923869,43.34,Joules,power/energy-pkg/,1001108454,100.00,,
   741.938080035,52.47,Joules,power/energy-pkg/,1004162667,100.00,,
   742.939404296,60.89,Joules,power/energy-pkg/,1001325655,100.00,,
   743.940910871,61.09,Joules,power/energy-pkg/,1001472474,100.00,,
   744.942172205,53.52,Joules,power/energy-pkg/,1001271334,100.00,,
   745.943368130,54.32,Joules,power/energy-pkg/,1001192542,100.00,,
   746.944661276,61.44,Joules,power/energy-pkg/,1001269760,100.00,,
   747.947839896,64.07,Joules,power/energy-pkg/,1003186528,100.00,,
   748.949189167,62.42,Joules,power/energy-pkg/,1001324764,100.00,,
   749.950344585,64.86,Joules,power/energy-pkg/,1001149625,100.00,,
   750.951604358,60.61,Joules,power/energy-pkg/,1001251504,100.00,,
   751.952890440,60.05,Joules,power/energy-pkg/,1001279990,100.00,,
   752.954209371,60.42,Joules,power/energy-pkg/,1001310380,100.00,,
   753.955477361,56.60,Joules,power/energy-pkg/,1001292374,100.00,,
   754.962245252,58.29,Joules,power/energy-pkg/,1006718956,100.00,,
   755.963492553,61.97,Joules,power/energy-pkg/,1001243647,100.00,,
   756.964807132,63.87,Joules,power/energy-pkg/,1001325192,100.00,,
   757.966305575,63.63,Joules,power/energy-pkg/,1001485473,100.00,,
   758.967508526,62.57,Joules,power/energy-pkg/,1001173505,100.00,,
   759.968896727,66.32,Joules,power/energy-pkg/,1001376766,100.00,,
   760.970112946,64.44,Joules,power/energy-pkg/,1001243867,100.00,,
   761.971514586,57.03,Joules,power/energy-pkg/,1001374233,100.00,,
   762.972809027,63.60,Joules,power/energy-pkg/,1001289736,100.00,,
   763.974124823,66.80,Joules,power/energy-pkg/,1001305400,100.00,,
   764.975422723,67.61,Joules,power/energy-pkg/,1001288547,100.00,,
   765.976743137,64.42,Joules,power/energy-pkg/,1001300183,100.00,,
   766.978014908,68.72,Joules,power/energy-pkg/,1001263495,100.00,,
   767.979539814,66.62,Joules,power/energy-pkg/,1001571982,100.00,,
   768.980996819,65.48,Joules,power/energy-pkg/,1001407909,100.00,,
   769.982371704,52.69,Joules,power/energy-pkg/,1001381420,100.00,,
   770.983634916,33.42,Joules,power/energy-pkg/,1001209874,100.00,,
   771.984779725,37.45,Joules,power/energy-pkg/,1001161221,100.00,,
   772.985907146,47.70,Joules,power/energy-pkg/,1001127257,100.00,,
   773.986400991,52.87,Joules,power/energy-pkg/,1000493991,100.00,,
   774.986865669,32.63,Joules,power/energy-pkg/,1000463095,100.00,,
   775.988094401,27.68,Joules,power/energy-pkg/,1001176233,100.00,,
   776.989231815,6.98,Joules,power/energy-pkg/,1001135624,100.00,,
   777.990322523,34.86,Joules,power/energy-pkg/,1001087216,100.00,,
   778.991489439,50.56,Joules,power/energy-pkg/,1001153007,100.00,,
   779.992623471,62.95,Joules,power/energy-pkg/,1001119310,100.00,,
   780.993776561,59.41,Joules,power/energy-pkg/,1001151453,100.00,,
   781.994405535,58.17,Joules,power/energy-pkg/,1000640957,100.00,,
   782.995618558,61.63,Joules,power/energy-pkg/,1001211273,100.00,,
   783.996863105,61.63,Joules,power/energy-pkg/,1001223658,100.00,,
   784.998005676,64.91,Joules,power/energy-pkg/,1001197786,100.00,,
   785.999424527,60.96,Joules,power/energy-pkg/,1001360897,100.00,,
   787.000653813,53.80,Joules,power/energy-pkg/,1001208262,100.00,,
   788.001971757,50.43,Joules,power/energy-pkg/,1001327167,100.00,,
   789.002389318,39.37,Joules,power/energy-pkg/,1000385189,100.00,,
   790.003515934,50.55,Joules,power/energy-pkg/,1001103887,100.00,,
   791.004669554,60.20,Joules,power/energy-pkg/,1001177087,100.00,,
   792.005853990,51.65,Joules,power/energy-pkg/,1001162268,100.00,,
   793.040541891,60.63,Joules,power/energy-pkg/,1034729754,100.00,,
   794.041908062,54.16,Joules,power/energy-pkg/,1001327622,100.00,,
   795.042321778,66.98,Joules,power/energy-pkg/,1000382248,100.00,,
   796.043605050,57.50,Joules,power/energy-pkg/,1001261208,100.00,,
   797.045378125,56.46,Joules,power/energy-pkg/,1001818070,100.00,,
   798.046400456,59.59,Joules,power/energy-pkg/,1000996018,100.00,,
   799.047659483,41.72,Joules,power/energy-pkg/,1001217027,100.00,,
   800.048873283,43.50,Joules,power/energy-pkg/,1001207566,100.00,,
   801.050066245,42.93,Joules,power/energy-pkg/,1001222435,100.00,,
   802.051499474,50.70,Joules,power/energy-pkg/,1001398136,100.00,,
   803.052724124,51.55,Joules,power/energy-pkg/,1001197615,100.00,,
   804.053830926,46.63,Joules,power/energy-pkg/,1001096119,100.00,,
   805.054387875,50.95,Joules,power/energy-pkg/,1000548931,100.00,,
   806.055487846,42.12,Joules,power/energy-pkg/,1001091136,100.00,,
   807.056576198,53.59,Joules,power/energy-pkg/,1001085978,100.00,,
   808.057757609,42.95,Joules,power/energy-pkg/,1001185188,100.00,,
   809.058343519,37.49,Joules,power/energy-pkg/,1000618822,100.00,,
   810.059605667,55.15,Joules,power/energy-pkg/,1001201506,100.00,,
   811.060844785,33.38,Joules,power/energy-pkg/,1001270618,100.00,,
   812.062082256,47.92,Joules,power/energy-pkg/,1001186243,100.00,,
   813.062338630,62.60,Joules,power/energy-pkg/,1000268500,100.00,,
   814.063553662,58.48,Joules,power/energy-pkg/,1001199285,100.00,,
   815.064842556,46.37,Joules,power/energy-pkg/,1001343007,100.00,,
   816.065894140,44.90,Joules,power/energy-pkg/,1000996984,100.00,,
   817.066309484,40.96,Joules,power/energy-pkg/,1000400080,100.00,,
   818.067581271,48.56,Joules,power/energy-pkg/,1001250166,100.00,,
   819.068777535,36.73,Joules,power/energy-pkg/,1001210070,100.00,,
   820.070089453,56.98,Joules,power/energy-pkg/,1001331126,100.00,,
   821.071410814,52.53,Joules,power/energy-pkg/,1001269217,100.00,,
   822.072653334,56.56,Joules,power/energy-pkg/,1001243038,100.00,,
   823.073880154,62.00,Joules,power/energy-pkg/,1001214385,100.00,,
   824.074311566,47.50,Joules,power/energy-pkg/,1000420246,100.00,,
   825.075480100,38.17,Joules,power/energy-pkg/,1001148492,100.00,,
   826.076639758,50.07,Joules,power/energy-pkg/,1001167619,100.00,,
   827.077327739,58.58,Joules,power/energy-pkg/,1000741434,100.00,,
   828.078389247,60.55,Joules,power/energy-pkg/,1000970862,100.00,,
   829.079589571,60.97,Joules,power/energy-pkg/,1001227313,100.00,,
   830.080373369,63.59,Joules,power/energy-pkg/,1000763562,100.00,,
   831.081594625,42.58,Joules,power/energy-pkg/,1001190732,100.00,,
   832.082393879,38.93,Joules,power/energy-pkg/,1000817413,100.00,,
   833.083623244,51.59,Joules,power/energy-pkg/,1001195867,100.00,,
   834.084753502,52.46,Joules,power/energy-pkg/,1001131417,100.00,,
   835.085972878,54.93,Joules,power/energy-pkg/,1001292941,100.00,,
   836.087439340,57.00,Joules,power/energy-pkg/,1001413586,100.00,,
   837.088660352,58.85,Joules,power/energy-pkg/,1001224192,100.00,,
   838.090090487,63.04,Joules,power/energy-pkg/,1001392000,100.00,,
   839.091372804,66.72,Joules,power/energy-pkg/,1001265546,100.00,,
   840.092647367,52.62,Joules,power/energy-pkg/,1001251343,100.00,,
   841.093800430,50.13,Joules,power/energy-pkg/,1001135940,100.00,,
   842.094313588,43.79,Joules,power/energy-pkg/,1000512850,100.00,,
   843.095473521,49.89,Joules,power/energy-pkg/,1001172866,100.00,,
   844.096695099,39.61,Joules,power/energy-pkg/,1001199816,100.00,,
   845.097902477,70.55,Joules,power/energy-pkg/,1001194714,100.00,,
   846.098313331,71.02,Joules,power/energy-pkg/,1000395526,100.00,,
   847.099456390,65.37,Joules,power/energy-pkg/,1001139768,100.00,,
   848.100695787,55.36,Joules,power/energy-pkg/,1001259743,100.00,,
   849.101858818,64.96,Joules,power/energy-pkg/,1001199397,100.00,,
   850.102330310,50.59,Joules,power/energy-pkg/,1000395223,100.00,,
   851.103547778,38.19,Joules,power/energy-pkg/,1001199215,100.00,,
   852.104736932,36.98,Joules,power/energy-pkg/,1001204021,100.00,,
   853.106021653,20.91,Joules,power/energy-pkg/,1001248572,100.00,,
   854.106402364,57.68,Joules,power/energy-pkg/,1000375920,100.00,,
   855.107585513,26.53,Joules,power/energy-pkg/,1001177132,100.00,,
   856.108780269,34.66,Joules,power/energy-pkg/,1001184632,100.00,,
   857.109906297,35.49,Joules,power/energy-pkg/,1001126345,100.00,,
   858.110386246,45.70,Joules,power/energy-pkg/,1000499294,100.00,,
   859.111597956,23.12,Joules,power/energy-pkg/,1001183224,100.00,,
   860.112841672,40.43,Joules,power/energy-pkg/,1001236510,100.00,,
   861.114049815,17.03,Joules,power/energy-pkg/,1001182587,100.00,,
   862.114374322,20.65,Joules,power/energy-pkg/,1000338808,100.00,,
   863.115492037,45.68,Joules,power/energy-pkg/,1001087796,100.00,,
   864.116629558,62.79,Joules,power/energy-pkg/,1001123215,100.00,,
   865.117735426,53.39,Joules,power/energy-pkg/,1001138111,100.00,,
   866.118301307,55.95,Joules,power/energy-pkg/,1000514801,100.00,,
   867.119377295,38.89,Joules,power/energy-pkg/,1001072755,100.00,,
   868.120496544,13.81,Joules,power/energy-pkg/,1001110719,100.00,,
   869.121592559,53.76,Joules,power/energy-pkg/,1001112857,100.00,,
   870.122316101,72.15,Joules,power/energy-pkg/,1000723857,100.00,,
   871.123534484,67.72,Joules,power/energy-pkg/,1001184503,100.00,,
   872.124725636,57.02,Joules,power/energy-pkg/,1001258685,100.00,,
   873.126143358,59.69,Joules,power/energy-pkg/,1001350524,100.00,,
   874.127523753,58.78,Joules,power/energy-pkg/,1001385840,100.00,,
   875.128887686,60.02,Joules,power/energy-pkg/,1001348908,100.00,,
   876.130222070,59.02,Joules,power/energy-pkg/,1001415293,100.00,,
   877.131722972,54.45,Joules,power/energy-pkg/,1001387771,100.00,,
   878.132877467,59.93,Joules,power/energy-pkg/,1001152858,100.00,,
   879.134140441,67.71,Joules,power/energy-pkg/,1001254742,100.00,,
   880.134316597,69.51,Joules,power/energy-pkg/,1000151181,100.00,,
   881.135467727,56.51,Joules,power/energy-pkg/,1001149271,100.00,,
   882.136776902,44.51,Joules,power/energy-pkg/,1001302978,100.00,,
   883.137989806,46.62,Joules,power/energy-pkg/,1001220804,100.00,,
   884.138398323,55.99,Joules,power/energy-pkg/,1000409074,100.00,,
   885.139573141,56.87,Joules,power/energy-pkg/,1001167319,100.00,,
   886.140768205,50.66,Joules,power/energy-pkg/,1001179062,100.00,,
   887.141928765,64.27,Joules,power/energy-pkg/,1001180410,100.00,,
   888.142352124,55.51,Joules,power/energy-pkg/,1000469873,100.00,,
   889.143789351,53.02,Joules,power/energy-pkg/,1001329143,100.00,,
   890.152921950,51.31,Joules,power/energy-pkg/,1009143185,100.00,,
   891.155739860,44.33,Joules,power/energy-pkg/,1002785802,100.00,,
   892.156842237,41.33,Joules,power/energy-pkg/,1001086555,100.00,,
   893.157994037,57.20,Joules,power/energy-pkg/,1001161051,100.00,,
   894.158403186,48.31,Joules,power/energy-pkg/,1000388836,100.00,,
   895.159731897,55.04,Joules,power/energy-pkg/,1001351958,100.00,,
   896.161008728,54.90,Joules,power/energy-pkg/,1001233124,100.00,,
   897.162129413,20.84,Joules,power/energy-pkg/,1001102362,100.00,,
   898.162378121,40.03,Joules,power/energy-pkg/,1000272799,100.00,,
   899.163520932,44.18,Joules,power/energy-pkg/,1001126900,100.00,,
   900.164677228,49.62,Joules,power/energy-pkg/,1001156160,100.00,,
   901.165908681,60.29,Joules,power/energy-pkg/,1001208050,100.00,,
   902.166376589,66.97,Joules,power/energy-pkg/,1000478402,100.00,,
   903.167706777,63.13,Joules,power/energy-pkg/,1001323670,100.00,,
   904.169035277,66.06,Joules,power/energy-pkg/,1001303367,100.00,,
   905.174353790,66.68,Joules,power/energy-pkg/,1005370125,100.00,,
   906.175756245,64.66,Joules,power/energy-pkg/,1001340554,100.00,,
   907.177102619,63.09,Joules,power/energy-pkg/,1001392215,100.00,,
   908.178317182,65.34,Joules,power/energy-pkg/,1001151452,100.00,,
   909.180069970,73.00,Joules,power/energy-pkg/,1001806237,100.00,,
   910.181326825,68.11,Joules,power/energy-pkg/,1001182021,100.00,,
   911.182313927,66.61,Joules,power/energy-pkg/,1000964764,100.00,,
   912.183462459,61.15,Joules,power/energy-pkg/,1001192585,100.00,,
   913.184751440,46.89,Joules,power/energy-pkg/,1001253405,100.00,,
   914.185356198,54.96,Joules,power/energy-pkg/,1000591550,100.00,,
   915.186306238,50.68,Joules,power/energy-pkg/,1000934802,100.00,,
   916.187523014,45.21,Joules,power/energy-pkg/,1001195055,100.00,,
   917.188706277,29.83,Joules,power/energy-pkg/,1001175734,100.00,,
   918.189875670,42.52,Joules,power/energy-pkg/,1001177776,100.00,,
   919.191150708,25.56,Joules,power/energy-pkg/,1001256646,100.00,,
   920.192329232,19.92,Joules,power/energy-pkg/,1001180572,100.00,,
   921.193668076,26.10,Joules,power/energy-pkg/,1001311026,100.00,,
   922.194302464,57.18,Joules,power/energy-pkg/,1000623373,100.00,,
   923.195460902,55.77,Joules,power/energy-pkg/,1001154217,100.00,,
   924.196559993,63.68,Joules,power/energy-pkg/,1001116515,100.00,,
   925.197743242,68.22,Joules,power/energy-pkg/,1001177640,100.00,,
   926.198353859,48.72,Joules,power/energy-pkg/,1000695063,100.00,,
   927.199831454,54.31,Joules,power/energy-pkg/,1001393718,100.00,,
   928.201107321,65.73,Joules,power/energy-pkg/,1001243642,100.00,,
   929.202394480,53.41,Joules,power/energy-pkg/,1001267320,100.00,,
   930.203483862,43.06,Joules,power/energy-pkg/,1001070307,100.00,,
   931.204600718,38.85,Joules,power/energy-pkg/,1001107369,100.00,,
   932.205710110,51.69,Joules,power/energy-pkg/,1001104262,100.00,,
   933.206408653,50.06,Joules,power/energy-pkg/,1000720990,100.00,,
   934.207634179,64.25,Joules,power/energy-pkg/,1001216019,100.00,,
   935.208951978,70.46,Joules,power/energy-pkg/,1001305876,100.00,,
   936.210136178,64.85,Joules,power/energy-pkg/,1001230690,100.00,,
   937.253328658,66.76,Joules,power/energy-pkg/,1043122302,100.00,,
   938.254309094,69.22,Joules,power/energy-pkg/,1000953315,100.00,,
   939.257463408,72.35,Joules,power/energy-pkg/,1003155418,100.00,,
   940.258323455,70.88,Joules,power/energy-pkg/,1000850012,100.00,,
   941.286331622,69.65,Joules,power/energy-pkg/,1028011496,100.00,,
   942.287487537,29.80,Joules,power/energy-pkg/,1001131940,100.00,,
   943.297431132,40.01,Joules,power/energy-pkg/,1009980469,100.00,,
   944.298328154,53.07,Joules,power/energy-pkg/,1000868572,100.00,,
   945.299530045,57.70,Joules,power/energy-pkg/,1001180419,100.00,,
   946.306304727,47.94,Joules,power/energy-pkg/,1006766537,100.00,,
   947.308218909,49.35,Joules,power/energy-pkg/,1001927456,100.00,,
   948.309497265,50.90,Joules,power/energy-pkg/,1001283518,100.00,,
   949.310320864,55.51,Joules,power/energy-pkg/,1000788056,100.00,,
   950.311496577,50.07,Joules,power/energy-pkg/,1001146679,100.00,,
   951.312676022,46.32,Joules,power/energy-pkg/,1001176380,100.00,,
   952.313868141,44.64,Joules,power/energy-pkg/,1001182453,100.00,,
   953.314327226,47.34,Joules,power/energy-pkg/,1000450561,100.00,,
   954.315547711,53.87,Joules,power/energy-pkg/,1001278901,100.00,,
   955.316975419,60.18,Joules,power/energy-pkg/,1001374976,100.00,,
   956.318309185,60.55,Joules,power/energy-pkg/,1001313443,100.00,,
   957.319655155,56.95,Joules,power/energy-pkg/,1001331423,100.00,,
   958.320888069,58.68,Joules,power/energy-pkg/,1001224004,100.00,,
   959.322133930,55.39,Joules,power/energy-pkg/,1001244883,100.00,,
   960.323347722,39.58,Joules,power/energy-pkg/,1001221001,100.00,,
   961.325358776,56.52,Joules,power/energy-pkg/,1002023830,100.00,,
   962.326336790,54.63,Joules,power/energy-pkg/,1000931478,100.00,,
   963.327617410,54.00,Joules,power/energy-pkg/,1001272374,100.00,,
   964.328888333,54.31,Joules,power/energy-pkg/,1001278081,100.00,,
   965.330325315,56.21,Joules,power/energy-pkg/,1001450858,100.00,,
   966.331658729,60.30,Joules,power/energy-pkg/,1001302506,100.00,,
   967.333007947,59.03,Joules,power/energy-pkg/,1001333879,100.00,,
   968.334367636,55.01,Joules,power/energy-pkg/,1001366818,100.00,,
   969.335765324,54.33,Joules,power/energy-pkg/,1001372959,100.00,,
   970.337101013,56.61,Joules,power/energy-pkg/,1001330370,100.00,,
   971.338344999,60.97,Joules,power/energy-pkg/,1001255711,100.00,,
   972.340618891,54.65,Joules,power/energy-pkg/,1002220129,100.00,,
   973.341810800,45.62,Joules,power/energy-pkg/,1001235812,100.00,,
   974.342325188,39.39,Joules,power/energy-pkg/,1000483946,100.00,,
   975.343536072,22.21,Joules,power/energy-pkg/,1001167883,100.00,,
   976.344790340,16.39,Joules,power/energy-pkg/,1001250053,100.00,,
   977.345912749,18.21,Joules,power/energy-pkg/,1001109555,100.00,,
   978.346324057,15.81,Joules,power/energy-pkg/,1000436279,100.00,,
   979.358305891,15.22,Joules,power/energy-pkg/,1011945100,100.00,,
   980.359456199,43.33,Joules,power/energy-pkg/,1001153032,100.00,,
   981.360567193,46.11,Joules,power/energy-pkg/,1001090433,100.00,,
   982.361926760,40.98,Joules,power/energy-pkg/,1001366087,100.00,,
   983.362310767,44.47,Joules,power/energy-pkg/,1000377854,100.00,,
   984.363455405,44.00,Joules,power/energy-pkg/,1001151700,100.00,,
   985.364701579,39.92,Joules,power/energy-pkg/,1001211405,100.00,,
   986.365898624,43.25,Joules,power/energy-pkg/,1001230500,100.00,,
   987.366314650,44.38,Joules,power/energy-pkg/,1000409448,100.00,,
   988.367553371,43.25,Joules,power/energy-pkg/,1001189511,100.00,,
   989.368718105,50.49,Joules,power/energy-pkg/,1001185356,100.00,,
   990.369951472,45.29,Joules,power/energy-pkg/,1001197220,100.00,,
   991.371153733,6.48,Joules,power/energy-pkg/,1001206629,100.00,,
   992.372425135,5.80,Joules,power/energy-pkg/,1001252918,100.00,,
   993.373826322,5.57,Joules,power/energy-pkg/,1001403210,100.00,,
   994.375190398,5.13,Joules,power/energy-pkg/,1001355681,100.00,,
   995.376540725,5.49,Joules,power/energy-pkg/,1001335234,100.00,,
   996.377919641,9.95,Joules,power/energy-pkg/,1001388413,100.00,,
   997.378322264,10.81,Joules,power/energy-pkg/,1000377724,100.00,,
   998.379645983,6.75,Joules,power/energy-pkg/,1001316682,100.00,,
   999.380976241,6.23,Joules,power/energy-pkg/,1001322312,100.00,,
  1000.382249878,5.10,Joules,power/energy-pkg/,1001325681,100.00,,
  1001.383748800,5.74,Joules,power/energy-pkg/,1001434886,100.00,,
  1002.385250738,5.61,Joules,power/energy-pkg/,1001494292,100.00,,
  1003.386645074,5.56,Joules,power/energy-pkg/,1001384441,100.00,,
  1004.388009766,5.29,Joules,power/energy-pkg/,1001356804,100.00,,
  1005.389379416,4.80,Joules,power/energy-pkg/,1001356134,100.00,,
  1006.390767755,6.25,Joules,power/energy-pkg/,1001384919,100.00,,
  1007.392143327,4.92,Joules,power/energy-pkg/,1001367527,100.00,,
  1008.393547749,5.38,Joules,power/energy-pkg/,1001397239,100.00,,
  1009.394893492,4.64,Joules,power/energy-pkg/,1001336336,100.00,,
  1010.396172768,5.31,Joules,power/energy-pkg/,1001263834,100.00,,
  1011.397553822,5.66,Joules,power/energy-pkg/,1001380047,100.00,,
  1012.398925547,5.13,Joules,power/energy-pkg/,1001364648,100.00,,
  1013.400306394,5.15,Joules,power/energy-pkg/,1001372525,100.00,,
  1014.401736197,4.88,Joules,power/energy-pkg/,1001419872,100.00,,
  1015.403137481,5.26,Joules,power/energy-pkg/,1001393926,100.00,,
  1016.404676273,5.34,Joules,power/energy-pkg/,1001531283,100.00,,
  1017.406069151,4.70,Joules,power/energy-pkg/,1001383561,100.00,,
  1018.406442696,5.32,Joules,power/energy-pkg/,1000361437,100.00,,
  1019.407779847,5.38,Joules,power/energy-pkg/,1001328548,100.00,,
  1020.409176465,4.44,Joules,power/energy-pkg/,1001391511,100.00,,
