Efaas Version: 
74d81bf3c572bbe3cefb38d42a350bb85543de30
iluvatar-energy-experiments Version: 
6a65ea33ac8c1736e72ec4e18f298a5333087c99

PLAY [workers] *****************************************************************

TASK [Gathering Facts] *********************************************************
ok: [worker1]

TASK [Get running worker process] **********************************************
changed: [worker1]

TASK [debug print] *************************************************************
ok: [worker1] => {
    "msg": "129.79.242.15"
}

TASK [Kill running worker process on localhost] ********************************

TASK [Kill running worker process distrib] *************************************

TASK [Create bin directory] ****************************************************
ok: [worker1]

TASK [copy worker executable] **************************************************
ok: [worker1]

TASK [copy worker config] ******************************************************
ok: [worker1]

TASK [clean localhost] *********************************************************
skipping: [worker1]

TASK [clean distrib host] ******************************************************
changed: [worker1]

TASK [run worker executable] ***************************************************
skipping: [worker1]

TASK [debug print] *************************************************************
ok: [worker1] => {
    "msg": {
        "changed": false,
        "skip_reason": "Conditional result was False",
        "skipped": true
    }
}

TASK [wait until the worker on this host is up and running] ********************
skipping: [worker1]

PLAY RECAP *********************************************************************
worker1                    : ok=8    changed=2    unreachable=0    failed=0    skipped=5    rescued=0    ignored=0   


PLAY [workers] *****************************************************************

TASK [Gathering Facts] *********************************************************
ok: [worker1]

TASK [Get running worker process] **********************************************
skipping: [worker1]

TASK [debug print] *************************************************************
ok: [worker1] => {
    "msg": "129.79.242.15"
}

TASK [Kill running worker process on localhost] ********************************
skipping: [worker1]

TASK [Kill running worker process distrib] *************************************
skipping: [worker1]

TASK [Create bin directory] ****************************************************
ok: [worker1]

TASK [copy worker executable] **************************************************
ok: [worker1]

TASK [copy worker config] ******************************************************
ok: [worker1]

TASK [clean localhost] *********************************************************
skipping: [worker1]

TASK [clean distrib host] ******************************************************
skipping: [worker1]

TASK [run worker executable] ***************************************************
changed: [worker1]

TASK [debug print] *************************************************************
ok: [worker1] => {
    "msg": {
        "ansible_job_id": "178349715435.3951296",
        "changed": true,
        "failed": 0,
        "finished": 0,
        "results_file": "/root/.ansible_async/178349715435.3951296",
        "started": 1
    }
}

TASK [wait until the worker on this host is up and running] ********************
FAILED - RETRYING: [worker1]: wait until the worker on this host is up and running (10 retries left).
ok: [worker1]

PLAY RECAP *********************************************************************
worker1                    : ok=8    changed=1    unreachable=0    failed=0    skipped=5    rescued=0    ignored=0   

IGPM logging started

Usage:
 kill [options] <pid> [...]

Options:
 <pid> [...]            send signal to every <pid> listed
 -<signal>, -s, --signal <signal>
                        specify the <signal> to be sent
 -l, --list=[<signal>]  list all signal names, or convert one to a name
 -L, --table            list all signal names in a nice table

 -h, --help     display this help and exit
 -V, --version  output version information and exit

For more details see kill(1).
PowerAPI sensor started
         local pid 1899997
         remote pid 3952657
image_processing-0 mapped to function 'image_processing'
pyaes-0 mapped to function 'pyaes'
dd-0 mapped to function 'dd'
A total of 0 prewarmed containers
2023-04-07 21:29:37.414606966 prewarming 0 containers for function 'dd-0'
2023-04-07 21:29:37.414689117 prewarming 0 containers for function 'image_processing-0'
2023-04-07 21:29:37.414726623 prewarming 0 containers for function 'pyaes-0'
2023-04-07 21:29:37.414849407 starting live trace run
PowerAPI sensor stopped

Usage:
 kill [options] <pid> [...]

Options:
 <pid> [...]            send signal to every <pid> listed
 -<signal>, -s, --signal <signal>
                        specify the <signal> to be sent
 -l, --list=[<signal>]  list all signal names, or convert one to a name
 -L, --table            list all signal names in a nice table

 -h, --help     display this help and exit
 -V, --version  output version information and exit

For more details see kill(1).

PLAY [workers] *****************************************************************

TASK [Gathering Facts] *********************************************************
ok: [worker1]

TASK [Get running worker process] **********************************************
changed: [worker1]

TASK [debug print] *************************************************************
ok: [worker1] => {
    "msg": "129.79.242.15"
}

TASK [Kill running worker process on localhost] ********************************
skipping: [worker1] => (item=3951305) 

TASK [Kill running worker process distrib] *************************************
changed: [worker1] => (item=3951305)

TASK [Create bin directory] ****************************************************
ok: [worker1]

TASK [copy worker executable] **************************************************
ok: [worker1]

TASK [copy worker config] ******************************************************
ok: [worker1]

TASK [clean localhost] *********************************************************
skipping: [worker1]

TASK [clean distrib host] ******************************************************
changed: [worker1]

TASK [run worker executable] ***************************************************
skipping: [worker1]

TASK [debug print] *************************************************************
ok: [worker1] => {
    "msg": {
        "changed": false,
        "skip_reason": "Conditional result was False",
        "skipped": true
    }
}

TASK [wait until the worker on this host is up and running] ********************
skipping: [worker1]

PLAY RECAP *********************************************************************
worker1                    : ok=9    changed=3    unreachable=0    failed=0    skipped=4    rescued=0    ignored=0   

Starting analysis
+ for i in "$@"
+ case $i in
+ TARGET_PLATFORM=desktop
+ rm '/tmp/formula_output/*' -rf
+ cd /data2/ar/smartwatts-formula
+ sudo chmod a+wr /tmp/sensor_output/core.csv /tmp/sensor_output/global.csv
+ python3 -m smartwatts --name formula_smarwatts powerapi/smartwatts-formula --config-file /data2/ar/powerapi_personal/config_formula_smartwatts_desktop.json
Traceback (most recent call last):
  File "/data2/ar/iluvatar-energy-experiments/scripts/experiments/victor/plotting/plot_e2etime.py", line 1, in <module>
    from queueing import calc_queue_times
  File "/data2/ar/iluvatar-energy-experiments/scripts/experiments/victor/plotting/queueing.py", line 6, in <module>
    from Logs_to_df import Logs_to_df
ModuleNotFoundError: No module named 'Logs_to_df'
Traceback (most recent call last):
  File "/data2/ar/iluvatar-energy-experiments/scripts/experiments/victor/plotting/plot_queueing.py", line 1, in <module>
    from queueing import calc_queue_times
  File "/data2/ar/iluvatar-energy-experiments/scripts/experiments/victor/plotting/queueing.py", line 6, in <module>
    from Logs_to_df import Logs_to_df
ModuleNotFoundError: No module named 'Logs_to_df'
Traceback (most recent call last):
  File "/data2/ar/iluvatar-energy-experiments/faasmeter/stacked_kf_plot.py", line 27, in <module>
    edata = Logs_to_df(args.logs_folder, args.mc_type)
  File "/data2/ar/iluvatar-energy-experiments/faasmeter/Logs_to_df.py", line 148, in __init__
    self.populate_system_settings()
  File "/data2/ar/iluvatar-energy-experiments/faasmeter/Logs_to_df.py", line 204, in populate_system_settings
    self.cpu_shr_config( use_default=self.mc_type )
  File "/data2/ar/iluvatar-energy-experiments/faasmeter/Logs_to_df.py", line 1438, in cpu_shr_config
    sw_config['cfeatures'] = cfeatures
TypeError: 'NoneType' object does not support item assignment
/data2/ar/iluvatar-energy-experiments/scripts/smartwatts/concat_powerreports.sh: line 25: /data2/ar/iluvatar-energy-experiments/results/trace/desktop//./mc_4f_traces_ddp_2_0/mc_v//functions/fcfs/12/12//smartwatt_output//formula_output/sensor-//smartwatts_powerreport.csv: No such file or directory
cat: '/data2/ar/iluvatar-energy-experiments/results/trace/desktop//./mc_4f_traces_ddp_2_0/mc_v//functions/fcfs/12/12//smartwatt_output//formula_output/sensor-//*//PowerReport.csv': No such file or directory
/data2/ar/iluvatar-energy-experiments/scripts/smartwatts/concat_powerreports.sh: line 28: /data2/ar/iluvatar-energy-experiments/results/trace/desktop//./mc_4f_traces_ddp_2_0/mc_v//functions/fcfs/12/12//smartwatt_output//formula_output/sensor-//smartwatts_powerreport.csv: No such file or directory
cat: '/data2/ar/iluvatar-energy-experiments/results/trace/desktop//./mc_4f_traces_ddp_2_0/mc_v//functions/fcfs/12/12//smartwatt_output//formula_output/sensor-//*//PowerReport.csv': No such file or directory
mv: cannot stat '/data2/ar/iluvatar-energy-experiments/results/trace/desktop//./mc_4f_traces_ddp_2_0/mc_v//functions/fcfs/12/12//smartwatt_output//formula_output/sensor-/smartwatts_powerreport.csv': No such file or directory
/data2/ar/iluvatar-energy-experiments/faasmeter/Logs_to_df.py:1534: SettingWithCopyWarning: 
A value is trying to be set on a copy of a slice from a DataFrame.
Try using .loc[row_indexer,col_indexer] = value instead

See the caveats in the documentation: https://pandas.pydata.org/pandas-docs/stable/user_guide/indexing.html#returning-a-view-versus-a-copy
  sw_swgs_f[tg] = 'os_cp'

real	0m17.428s
user	0m33.025s
sys	0m18.198s
