# started on Thu Apr 13 16:13:53 2023

     1.000205897,9.50,Joules,power/energy-ram/,1000197975,100.00,,
     1.000205897,20.92,Joules,power/energy-pkg/,1000198533,100.00,,
     2.000487942,15.81,Joules,power/energy-ram/,1000273911,100.00,,
     2.000487942,25.05,Joules,power/energy-pkg/,1000273125,100.00,,
     3.000739872,18.92,Joules,power/energy-ram/,1000246009,100.00,,
     3.000739872,26.99,Joules,power/energy-pkg/,1000247844,100.00,,
     4.000977831,10.81,Joules,power/energy-ram/,1000230176,100.00,,
     4.000977831,21.38,Joules,power/energy-pkg/,1000229191,100.00,,
     5.001210738,7.92,Joules,power/energy-ram/,1000222004,100.00,,
     5.001210738,19.81,Joules,power/energy-pkg/,1000221207,100.00,,
     6.001410866,8.34,Joules,power/energy-ram/,1000193247,100.00,,
     6.001410866,20.26,Joules,power/energy-pkg/,1000192688,100.00,,
     7.001615279,7.90,Joules,power/energy-ram/,1000196173,100.00,,
     7.001615279,19.77,Joules,power/energy-pkg/,1000195714,100.00,,
     8.001850964,8.48,Joules,power/energy-ram/,1000228607,100.00,,
     8.001850964,20.20,Joules,power/energy-pkg/,1000229092,100.00,,
     9.002088766,8.24,Joules,power/energy-ram/,1000229880,100.00,,
     9.002088766,20.07,Joules,power/energy-pkg/,1000229874,100.00,,
    10.002323366,7.83,Joules,power/energy-ram/,1000226906,100.00,,
    10.002323366,19.79,Joules,power/energy-pkg/,1000226744,100.00,,
    11.002457274,8.93,Joules,power/energy-ram/,1000126608,100.00,,
    11.002457274,20.16,Joules,power/energy-pkg/,1000127040,100.00,,
    12.002689456,8.75,Joules,power/energy-ram/,1000224692,100.00,,
    12.002689456,20.36,Joules,power/energy-pkg/,1000224906,100.00,,
    13.002928022,8.01,Joules,power/energy-ram/,1000229724,100.00,,
    13.002928022,19.67,Joules,power/energy-pkg/,1000229010,100.00,,
    14.003162979,8.97,Joules,power/energy-ram/,1000227964,100.00,,
    14.003162979,20.46,Joules,power/energy-pkg/,1000228442,100.00,,
    15.003382295,9.06,Joules,power/energy-ram/,1000211221,100.00,,
    15.003382295,20.28,Joules,power/energy-pkg/,1000210794,100.00,,
    16.003600236,7.90,Joules,power/energy-ram/,1000210585,100.00,,
    16.003600236,19.79,Joules,power/energy-pkg/,1000210344,100.00,,
    17.003796635,8.66,Joules,power/energy-ram/,1000190364,100.00,,
    17.003796635,20.27,Joules,power/energy-pkg/,1000191211,100.00,,
    18.004036288,8.31,Joules,power/energy-ram/,1000231380,100.00,,
    18.004036288,20.10,Joules,power/energy-pkg/,1000231095,100.00,,
    19.004270592,10.08,Joules,power/energy-ram/,1000226233,100.00,,
    19.004270592,20.56,Joules,power/energy-pkg/,1000226351,100.00,,
    20.004495976,8.70,Joules,power/energy-ram/,1000217944,100.00,,
    20.004495976,20.30,Joules,power/energy-pkg/,1000217889,100.00,,
    21.004640613,9.08,Joules,power/energy-ram/,1000136963,100.00,,
    21.004640613,20.19,Joules,power/energy-pkg/,1000136660,100.00,,
    22.004778774,8.10,Joules,power/energy-ram/,1000129577,100.00,,
    22.004778774,19.95,Joules,power/energy-pkg/,1000129131,100.00,,
    23.004992781,8.69,Joules,power/energy-ram/,1000207504,100.00,,
    23.004992781,20.18,Joules,power/energy-pkg/,1000207909,100.00,,
    24.005204519,7.69,Joules,power/energy-ram/,1000204369,100.00,,
    24.005204519,19.82,Joules,power/energy-pkg/,1000204035,100.00,,
    25.005414501,8.69,Joules,power/energy-ram/,1000201667,100.00,,
    25.005414501,20.09,Joules,power/energy-pkg/,1000201965,100.00,,
    26.005625609,8.58,Joules,power/energy-ram/,1000203753,100.00,,
    26.005625609,20.17,Joules,power/energy-pkg/,1000204660,100.00,,
    27.005839764,7.91,Joules,power/energy-ram/,1000206473,100.00,,
    27.005839764,19.79,Joules,power/energy-pkg/,1000205360,100.00,,
    28.006062386,8.39,Joules,power/energy-ram/,1000214094,100.00,,
    28.006062386,20.29,Joules,power/energy-pkg/,1000214641,100.00,,
    29.006273394,8.68,Joules,power/energy-ram/,1000204388,100.00,,
    29.006273394,20.23,Joules,power/energy-pkg/,1000204234,100.00,,
    30.006503818,8.32,Joules,power/energy-ram/,1000222265,100.00,,
    30.006503818,20.06,Joules,power/energy-pkg/,1000221836,100.00,,
    31.006722018,9.02,Joules,power/energy-ram/,1000211127,100.00,,
    31.006722018,20.02,Joules,power/energy-pkg/,1000211326,100.00,,
    32.006971251,9.28,Joules,power/energy-ram/,1000241264,100.00,,
    32.006971251,20.35,Joules,power/energy-pkg/,1000241394,100.00,,
    33.007210341,7.65,Joules,power/energy-ram/,1000230870,100.00,,
    33.007210341,19.84,Joules,power/energy-pkg/,1000231115,100.00,,
    34.007442214,8.36,Joules,power/energy-ram/,1000224372,100.00,,
    34.007442214,20.28,Joules,power/energy-pkg/,1000225229,100.00,,
    35.007669136,10.80,Joules,power/energy-ram/,1000220294,100.00,,
    35.007669136,21.42,Joules,power/energy-pkg/,1000219516,100.00,,
    36.007912609,7.60,Joules,power/energy-ram/,1000236170,100.00,,
    36.007912609,19.86,Joules,power/energy-pkg/,1000235897,100.00,,
    37.008154380,8.75,Joules,power/energy-ram/,1000232600,100.00,,
    37.008154380,20.10,Joules,power/energy-pkg/,1000233363,100.00,,
    38.008401564,7.50,Joules,power/energy-ram/,1000238910,100.00,,
    38.008401564,19.81,Joules,power/energy-pkg/,1000237737,100.00,,
    39.008635633,8.75,Joules,power/energy-ram/,1000227455,100.00,,
    39.008635633,20.17,Joules,power/energy-pkg/,1000228082,100.00,,
    40.008836074,7.99,Joules,power/energy-ram/,1000193595,100.00,,
    40.008836074,20.09,Joules,power/energy-pkg/,1000194196,100.00,,
    41.009057186,8.20,Joules,power/energy-ram/,1000213520,100.00,,
    41.009057186,19.76,Joules,power/energy-pkg/,1000212269,100.00,,
    42.009288702,9.42,Joules,power/energy-ram/,1000224056,100.00,,
    42.009288702,20.58,Joules,power/energy-pkg/,1000224442,100.00,,
    43.009511258,8.96,Joules,power/energy-ram/,1000213338,100.00,,
    43.009511258,20.18,Joules,power/energy-pkg/,1000213469,100.00,,
    44.009738545,7.40,Joules,power/energy-ram/,1000220253,100.00,,
    44.009738545,19.76,Joules,power/energy-pkg/,1000219706,100.00,,
    45.009975367,8.68,Joules,power/energy-ram/,1000228848,100.00,,
    45.009975367,20.20,Joules,power/energy-pkg/,1000229593,100.00,,
    46.010213174,8.43,Joules,power/energy-ram/,1000230123,100.00,,
    46.010213174,20.08,Joules,power/energy-pkg/,1000229907,100.00,,
    47.010442596,8.04,Joules,power/energy-ram/,1000221507,100.00,,
    47.010442596,19.70,Joules,power/energy-pkg/,1000221180,100.00,,
    48.010656538,8.43,Joules,power/energy-ram/,1000207495,100.00,,
    48.010656538,20.15,Joules,power/energy-pkg/,1000207953,100.00,,
    49.010881421,9.14,Joules,power/energy-ram/,1000217291,100.00,,
    49.010881421,20.17,Joules,power/energy-pkg/,1000217147,100.00,,
    50.011106373,7.59,Joules,power/energy-ram/,1000216660,100.00,,
    50.011106373,19.77,Joules,power/energy-pkg/,1000216424,100.00,,
    51.011331517,8.95,Joules,power/energy-ram/,1000218304,100.00,,
    51.011331517,20.11,Joules,power/energy-pkg/,1000218994,100.00,,
    52.011546781,8.24,Joules,power/energy-ram/,1000207050,100.00,,
    52.011546781,19.97,Joules,power/energy-pkg/,1000206758,100.00,,
    53.011768271,8.07,Joules,power/energy-ram/,1000213816,100.00,,
    53.011768271,19.85,Joules,power/energy-pkg/,1000214002,100.00,,
    54.011986106,8.24,Joules,power/energy-ram/,1000210420,100.00,,
    54.011986106,20.04,Joules,power/energy-pkg/,1000210108,100.00,,
    55.012187524,8.03,Joules,power/energy-ram/,1000193454,100.00,,
    55.012187524,19.81,Joules,power/energy-pkg/,1000193350,100.00,,
    56.012410426,8.57,Joules,power/energy-ram/,1000216311,100.00,,
    56.012410426,20.37,Joules,power/energy-pkg/,1000216492,100.00,,
    57.012642035,8.87,Joules,power/energy-ram/,1000223402,100.00,,
    57.012642035,20.21,Joules,power/energy-pkg/,1000223000,100.00,,
    58.012850842,7.54,Joules,power/energy-ram/,1000200329,100.00,,
    58.012850842,19.69,Joules,power/energy-pkg/,1000200652,100.00,,
    59.013086505,9.01,Joules,power/energy-ram/,1000228074,100.00,,
    59.013086505,20.13,Joules,power/energy-pkg/,1000228284,100.00,,
    60.013304180,8.13,Joules,power/energy-ram/,1000211057,100.00,,
    60.013304180,20.02,Joules,power/energy-pkg/,1000211242,100.00,,
    61.013524817,8.29,Joules,power/energy-ram/,1000212827,100.00,,
    61.013524817,19.65,Joules,power/energy-pkg/,1000212082,100.00,,
    62.013780470,9.52,Joules,power/energy-ram/,1000248140,100.00,,
    62.013780470,20.52,Joules,power/energy-pkg/,1000248538,100.00,,
    63.014010300,10.16,Joules,power/energy-ram/,1000223764,100.00,,
    63.014010300,20.77,Joules,power/energy-pkg/,1000225555,100.00,,
    64.014244884,7.69,Joules,power/energy-ram/,1000224142,100.00,,
    64.014244884,19.71,Joules,power/energy-pkg/,1000222100,100.00,,
    65.014447279,14.81,Joules,power/energy-ram/,1000197229,100.00,,
    65.014447279,23.45,Joules,power/energy-pkg/,1000199365,100.00,,
    66.014684297,20.00,Joules,power/energy-ram/,1000229480,100.00,,
    66.014684297,25.71,Joules,power/energy-pkg/,1000229459,100.00,,
    67.014837042,18.04,Joules,power/energy-ram/,1000144458,100.00,,
    67.014837042,24.19,Joules,power/energy-pkg/,1000142929,100.00,,
    68.015070701,19.07,Joules,power/energy-ram/,1000227208,100.00,,
    68.015070701,25.64,Joules,power/energy-pkg/,1000229291,100.00,,
    69.015220990,28.63,Joules,power/energy-ram/,1000140000,100.00,,
    69.015220990,44.42,Joules,power/energy-pkg/,1000137307,100.00,,
    70.015416497,33.09,Joules,power/energy-ram/,1000189350,100.00,,
    70.015416497,63.54,Joules,power/energy-pkg/,1000190698,100.00,,
    71.015631721,33.21,Joules,power/energy-ram/,1000207859,100.00,,
    71.015631721,69.93,Joules,power/energy-pkg/,1000208217,100.00,,
    72.015848951,33.09,Joules,power/energy-ram/,1000210071,100.00,,
    72.015848951,72.93,Joules,power/energy-pkg/,1000209562,100.00,,
    73.016062751,33.14,Joules,power/energy-ram/,1000205114,100.00,,
    73.016062751,71.17,Joules,power/energy-pkg/,1000204276,100.00,,
    74.016290106,32.61,Joules,power/energy-ram/,1000219402,100.00,,
    74.016290106,61.45,Joules,power/energy-pkg/,1000220176,100.00,,
    75.016456751,28.79,Joules,power/energy-ram/,1000157630,100.00,,
    75.016456751,44.84,Joules,power/energy-pkg/,1000155556,100.00,,
    76.016592989,32.70,Joules,power/energy-ram/,1000127376,100.00,,
    76.016592989,62.05,Joules,power/energy-pkg/,1000126011,100.00,,
    77.016778239,32.72,Joules,power/energy-ram/,1000180352,100.00,,
    77.016778239,56.79,Joules,power/energy-pkg/,1000183483,100.00,,
    78.016979797,32.97,Joules,power/energy-ram/,1000193835,100.00,,
    78.016979797,64.85,Joules,power/energy-pkg/,1000192756,100.00,,
    79.017124143,33.26,Joules,power/energy-ram/,1000135371,100.00,,
    79.017124143,66.08,Joules,power/energy-pkg/,1000133804,100.00,,
    80.017315927,33.75,Joules,power/energy-ram/,1000187080,100.00,,
    80.017315927,76.67,Joules,power/energy-pkg/,1000190040,100.00,,
    81.017473643,33.35,Joules,power/energy-ram/,1000150231,100.00,,
    81.017473643,72.02,Joules,power/energy-pkg/,1000150074,100.00,,
    82.017641129,33.36,Joules,power/energy-ram/,1000158842,100.00,,
    82.017641129,70.86,Joules,power/energy-pkg/,1000159180,100.00,,
    83.017895022,20.14,Joules,power/energy-ram/,1000246764,100.00,,
    83.017895022,35.24,Joules,power/energy-pkg/,1000248131,100.00,,
    84.018090656,28.82,Joules,power/energy-ram/,1000185720,100.00,,
    84.018090656,39.79,Joules,power/energy-pkg/,1000180965,100.00,,
    85.018273136,34.23,Joules,power/energy-ram/,1000175263,100.00,,
    85.018273136,65.44,Joules,power/energy-pkg/,1000177221,100.00,,
    86.018470817,34.10,Joules,power/energy-ram/,1000191002,100.00,,
    86.018470817,64.41,Joules,power/energy-pkg/,1000191871,100.00,,
    87.018686941,30.61,Joules,power/energy-ram/,1000207722,100.00,,
    87.018686941,56.04,Joules,power/energy-pkg/,1000206974,100.00,,
    88.018876167,36.77,Joules,power/energy-ram/,1000182977,100.00,,
    88.018876167,82.72,Joules,power/energy-pkg/,1000183559,100.00,,
    89.019074055,35.28,Joules,power/energy-ram/,1000189407,100.00,,
    89.019074055,78.17,Joules,power/energy-pkg/,1000190038,100.00,,
    90.019281272,36.24,Joules,power/energy-ram/,1000200663,100.00,,
    90.019281272,80.18,Joules,power/energy-pkg/,1000200285,100.00,,
    91.019496841,36.44,Joules,power/energy-ram/,1000207590,100.00,,
    91.019496841,78.64,Joules,power/energy-pkg/,1000207541,100.00,,
    92.019742037,34.14,Joules,power/energy-ram/,1000237990,100.00,,
    92.019742037,73.37,Joules,power/energy-pkg/,1000238658,100.00,,
    93.019958736,33.45,Joules,power/energy-ram/,1000208119,100.00,,
    93.019958736,59.67,Joules,power/energy-pkg/,1000207574,100.00,,
    94.020164414,33.50,Joules,power/energy-ram/,1000197729,100.00,,
    94.020164414,66.98,Joules,power/energy-pkg/,1000197108,100.00,,
    95.020375461,33.57,Joules,power/energy-ram/,1000216612,100.00,,
    95.020375461,71.60,Joules,power/energy-pkg/,1000218365,100.00,,
    96.020610560,33.43,Joules,power/energy-ram/,1000215166,100.00,,
    96.020610560,68.62,Joules,power/energy-pkg/,1000214565,100.00,,
    97.020826288,33.15,Joules,power/energy-ram/,1000207856,100.00,,
    97.020826288,60.40,Joules,power/energy-pkg/,1000207706,100.00,,
    98.021034841,32.96,Joules,power/energy-ram/,1000200104,100.00,,
    98.021034841,52.00,Joules,power/energy-pkg/,1000200476,100.00,,
    99.021244275,32.88,Joules,power/energy-ram/,1000202126,100.00,,
    99.021244275,55.71,Joules,power/energy-pkg/,1000201824,100.00,,
   100.021395499,34.12,Joules,power/energy-ram/,1000144074,100.00,,
   100.021395499,62.62,Joules,power/energy-pkg/,1000143322,100.00,,
   101.021616396,34.04,Joules,power/energy-ram/,1000213044,100.00,,
   101.021616396,63.29,Joules,power/energy-pkg/,1000213862,100.00,,
   102.021837891,34.05,Joules,power/energy-ram/,1000214336,100.00,,
   102.021837891,68.73,Joules,power/energy-pkg/,1000214067,100.00,,
   103.022050847,33.38,Joules,power/energy-ram/,1000205940,100.00,,
   103.022050847,71.15,Joules,power/energy-pkg/,1000206004,100.00,,
   104.022268066,32.95,Joules,power/energy-ram/,1000208974,100.00,,
   104.022268066,68.84,Joules,power/energy-pkg/,1000207836,100.00,,
   105.022471968,32.75,Joules,power/energy-ram/,1000196336,100.00,,
   105.022471968,68.49,Joules,power/energy-pkg/,1000198202,100.00,,
   106.022685451,32.75,Joules,power/energy-ram/,1000204534,100.00,,
   106.022685451,58.15,Joules,power/energy-pkg/,1000204133,100.00,,
   107.022894571,32.59,Joules,power/energy-ram/,1000203197,100.00,,
   107.022894571,53.66,Joules,power/energy-pkg/,1000202480,100.00,,
   108.023098234,32.61,Joules,power/energy-ram/,1000194536,100.00,,
   108.023098234,55.12,Joules,power/energy-pkg/,1000194418,100.00,,
   109.023303958,32.63,Joules,power/energy-ram/,1000198548,100.00,,
   109.023303958,53.62,Joules,power/energy-pkg/,1000199177,100.00,,
   110.023516959,32.97,Joules,power/energy-ram/,1000204600,100.00,,
   110.023516959,54.82,Joules,power/energy-pkg/,1000204485,100.00,,
   111.023709759,33.52,Joules,power/energy-ram/,1000184579,100.00,,
   111.023709759,61.66,Joules,power/energy-pkg/,1000183495,100.00,,
   112.023931606,33.26,Joules,power/energy-ram/,1000216133,100.00,,
   112.023931606,59.58,Joules,power/energy-pkg/,1000216805,100.00,,
   113.024147616,33.46,Joules,power/energy-ram/,1000208273,100.00,,
   113.024147616,59.09,Joules,power/energy-pkg/,1000208959,100.00,,
   114.024366513,33.60,Joules,power/energy-ram/,1000211557,100.00,,
   114.024366513,61.22,Joules,power/energy-pkg/,1000220842,100.00,,
   115.024604036,34.31,Joules,power/energy-ram/,1000229468,100.00,,
   115.024604036,67.81,Joules,power/energy-pkg/,1000220460,100.00,,
   116.024814288,34.25,Joules,power/energy-ram/,1000201916,100.00,,
   116.024814288,67.49,Joules,power/energy-pkg/,1000201048,100.00,,
   117.025015524,34.56,Joules,power/energy-ram/,1000194036,100.00,,
   117.025015524,75.25,Joules,power/energy-pkg/,1000193181,100.00,,
   118.025225464,33.50,Joules,power/energy-ram/,1000203224,100.00,,
   118.025225464,73.78,Joules,power/energy-pkg/,1000204541,100.00,,
   119.025425213,33.70,Joules,power/energy-ram/,1000188726,100.00,,
   119.025425213,64.96,Joules,power/energy-pkg/,1000184882,100.00,,
   120.025559141,33.50,Joules,power/energy-ram/,1000129738,100.00,,
   120.025559141,72.31,Joules,power/energy-pkg/,1000132914,100.00,,
   121.025778233,33.02,Joules,power/energy-ram/,1000210246,100.00,,
   121.025778233,71.95,Joules,power/energy-pkg/,1000210368,100.00,,
   122.026017009,32.73,Joules,power/energy-ram/,1000231144,100.00,,
   122.026017009,71.85,Joules,power/energy-pkg/,1000231196,100.00,,
   123.026226379,33.14,Joules,power/energy-ram/,1000200980,100.00,,
   123.026226379,68.84,Joules,power/energy-pkg/,1000201057,100.00,,
   124.026431684,33.07,Joules,power/energy-ram/,1000198790,100.00,,
   124.026431684,70.78,Joules,power/energy-pkg/,1000198683,100.00,,
   125.026646517,32.71,Joules,power/energy-ram/,1000206790,100.00,,
   125.026646517,61.17,Joules,power/energy-pkg/,1000207514,100.00,,
   126.026865080,32.65,Joules,power/energy-ram/,1000210460,100.00,,
   126.026865080,51.98,Joules,power/energy-pkg/,1000209560,100.00,,
   127.027066106,32.63,Joules,power/energy-ram/,1000193170,100.00,,
   127.027066106,56.94,Joules,power/energy-pkg/,1000193263,100.00,,
   128.027263645,32.59,Joules,power/energy-ram/,1000189074,100.00,,
   128.027263645,56.89,Joules,power/energy-pkg/,1000188133,100.00,,
   129.027464496,20.85,Joules,power/energy-ram/,1000196053,100.00,,
   129.027464496,34.88,Joules,power/energy-pkg/,1000198475,100.00,,
   130.027667897,31.94,Joules,power/energy-ram/,1000192125,100.00,,
   130.027667897,50.43,Joules,power/energy-pkg/,1000187525,100.00,,
   131.027852198,32.96,Joules,power/energy-ram/,1000179688,100.00,,
   131.027852198,67.24,Joules,power/energy-pkg/,1000184489,100.00,,
   132.028067894,33.75,Joules,power/energy-ram/,1000208218,100.00,,
   132.028067894,77.85,Joules,power/energy-pkg/,1000206637,100.00,,
   133.028285453,33.58,Joules,power/energy-ram/,1000209536,100.00,,
   133.028285453,75.74,Joules,power/energy-pkg/,1000209985,100.00,,
   134.028485952,32.99,Joules,power/energy-ram/,1000189813,100.00,,
   134.028485952,64.10,Joules,power/energy-pkg/,1000187600,100.00,,
   135.028668553,32.59,Joules,power/energy-ram/,1000176760,100.00,,
   135.028668553,49.65,Joules,power/energy-pkg/,1000179580,100.00,,
   136.028872984,28.08,Joules,power/energy-ram/,1000196566,100.00,,
   136.028872984,44.42,Joules,power/energy-pkg/,1000193556,100.00,,
   137.029098347,32.95,Joules,power/energy-ram/,1000219314,100.00,,
   137.029098347,61.13,Joules,power/energy-pkg/,1000221630,100.00,,
   138.029310212,27.83,Joules,power/energy-ram/,1000203011,100.00,,
   138.029310212,52.55,Joules,power/energy-pkg/,1000201629,100.00,,
   139.029459961,30.26,Joules,power/energy-ram/,1000144113,100.00,,
   139.029459961,60.37,Joules,power/energy-pkg/,1000145705,100.00,,
   140.029684388,33.23,Joules,power/energy-ram/,1000215156,100.00,,
   140.029684388,69.18,Joules,power/energy-pkg/,1000214740,100.00,,
   141.029898580,32.79,Joules,power/energy-ram/,1000206700,100.00,,
   141.029898580,69.05,Joules,power/energy-pkg/,1000207446,100.00,,
   142.030129879,32.79,Joules,power/energy-ram/,1000223515,100.00,,
   142.030129879,60.10,Joules,power/energy-pkg/,1000222758,100.00,,
   143.030282305,32.65,Joules,power/energy-ram/,1000145559,100.00,,
   143.030282305,55.12,Joules,power/energy-pkg/,1000146430,100.00,,
   144.030486072,34.34,Joules,power/energy-ram/,1000193934,100.00,,
   144.030486072,75.47,Joules,power/energy-pkg/,1000189452,100.00,,
   145.030681797,34.96,Joules,power/energy-ram/,1000189436,100.00,,
   145.030681797,86.15,Joules,power/energy-pkg/,1000193311,100.00,,
   146.030840070,34.75,Joules,power/energy-ram/,1000150984,100.00,,
   146.030840070,85.36,Joules,power/energy-pkg/,1000150667,100.00,,
   147.031054827,33.96,Joules,power/energy-ram/,1000207986,100.00,,
   147.031054827,64.10,Joules,power/energy-pkg/,1000208195,100.00,,
   148.031272108,33.72,Joules,power/energy-ram/,1000208912,100.00,,
   148.031272108,64.21,Joules,power/energy-pkg/,1000209615,100.00,,
   149.031427750,32.92,Joules,power/energy-ram/,1000147520,100.00,,
   149.031427750,63.12,Joules,power/energy-pkg/,1000145660,100.00,,
   150.031649667,18.99,Joules,power/energy-ram/,1000215338,100.00,,
   150.031649667,34.05,Joules,power/energy-pkg/,1000217527,100.00,,
   151.031867077,12.29,Joules,power/energy-ram/,1000209615,100.00,,
   151.031867077,21.54,Joules,power/energy-pkg/,1000209773,100.00,,
   152.032099776,20.03,Joules,power/energy-ram/,1000223947,100.00,,
   152.032099776,31.47,Joules,power/energy-pkg/,1000222503,100.00,,
   153.032291864,33.13,Joules,power/energy-ram/,1000182573,100.00,,
   153.032291864,56.71,Joules,power/energy-pkg/,1000179251,100.00,,
   154.032473406,33.53,Joules,power/energy-ram/,1000176476,100.00,,
   154.032473406,60.14,Joules,power/energy-pkg/,1000179902,100.00,,
   155.032631697,33.12,Joules,power/energy-ram/,1000150195,100.00,,
   155.032631697,63.15,Joules,power/energy-pkg/,1000150665,100.00,,
   156.032839088,33.15,Joules,power/energy-ram/,1000199477,100.00,,
   156.032839088,51.55,Joules,power/energy-pkg/,1000198952,100.00,,
   157.033042811,32.59,Joules,power/energy-ram/,1000196322,100.00,,
   157.033042811,49.66,Joules,power/energy-pkg/,1000196040,100.00,,
   158.033247234,32.70,Joules,power/energy-ram/,1000196248,100.00,,
   158.033247234,51.70,Joules,power/energy-pkg/,1000196758,100.00,,
   159.033445232,33.77,Joules,power/energy-ram/,1000192214,100.00,,
   159.033445232,56.69,Joules,power/energy-pkg/,1000192146,100.00,,
   160.033643023,33.28,Joules,power/energy-ram/,1000186603,100.00,,
   160.033643023,60.30,Joules,power/energy-pkg/,1000183594,100.00,,
   161.033828806,33.27,Joules,power/energy-ram/,1000180081,100.00,,
   161.033828806,67.26,Joules,power/energy-pkg/,1000182096,100.00,,
   162.034038236,33.14,Joules,power/energy-ram/,1000201590,100.00,,
   162.034038236,58.69,Joules,power/energy-pkg/,1000201818,100.00,,
   163.034263280,33.19,Joules,power/energy-ram/,1000217350,100.00,,
   163.034263280,59.95,Joules,power/energy-pkg/,1000218186,100.00,,
   164.034471875,32.74,Joules,power/energy-ram/,1000201341,100.00,,
   164.034471875,62.13,Joules,power/energy-pkg/,1000201780,100.00,,
   165.034676093,32.63,Joules,power/energy-ram/,1000196915,100.00,,
   165.034676093,52.34,Joules,power/energy-pkg/,1000196040,100.00,,
   166.034877894,32.60,Joules,power/energy-ram/,1000192990,100.00,,
   166.034877894,49.66,Joules,power/energy-pkg/,1000192520,100.00,,
   167.035104123,16.61,Joules,power/energy-ram/,1000219554,100.00,,
   167.035104123,29.34,Joules,power/energy-pkg/,1000220700,100.00,,
   168.035309840,22.62,Joules,power/energy-ram/,1000198076,100.00,,
   168.035309840,34.47,Joules,power/energy-pkg/,1000197640,100.00,,
   169.035525871,33.36,Joules,power/energy-ram/,1000208747,100.00,,
   169.035525871,62.04,Joules,power/energy-pkg/,1000208835,100.00,,
   170.035734044,33.18,Joules,power/energy-ram/,1000199891,100.00,,
   170.035734044,63.68,Joules,power/energy-pkg/,1000199287,100.00,,
   171.035945068,33.06,Joules,power/energy-ram/,1000203809,100.00,,
   171.035945068,58.25,Joules,power/energy-pkg/,1000204353,100.00,,
   172.036156682,32.79,Joules,power/energy-ram/,1000203749,100.00,,
   172.036156682,58.44,Joules,power/energy-pkg/,1000204260,100.00,,
   173.036364890,33.18,Joules,power/energy-ram/,1000200740,100.00,,
   173.036364890,65.91,Joules,power/energy-pkg/,1000212400,100.00,,
   174.036576640,33.20,Joules,power/energy-ram/,1000203441,100.00,,
   174.036576640,67.17,Joules,power/energy-pkg/,1000189785,100.00,,
   175.036716081,33.26,Joules,power/energy-ram/,1000132930,100.00,,
   175.036716081,61.76,Joules,power/energy-pkg/,1000134163,100.00,,
   176.036874679,31.54,Joules,power/energy-ram/,1000150982,100.00,,
   176.036874679,58.38,Joules,power/energy-pkg/,1000150722,100.00,,
   177.037023156,33.01,Joules,power/energy-ram/,1000142008,100.00,,
   177.037023156,68.42,Joules,power/energy-pkg/,1000142160,100.00,,
   178.037179069,33.69,Joules,power/energy-ram/,1000146690,100.00,,
   178.037179069,71.07,Joules,power/energy-pkg/,1000146972,100.00,,
   179.037329550,33.81,Joules,power/energy-ram/,1000139370,100.00,,
   179.037329550,73.97,Joules,power/energy-pkg/,1000134774,100.00,,
   180.037536117,34.05,Joules,power/energy-ram/,1000202118,100.00,,
   180.037536117,86.55,Joules,power/energy-pkg/,1000205155,100.00,,
   181.037734238,34.66,Joules,power/energy-ram/,1000192069,100.00,,
   181.037734238,80.40,Joules,power/energy-pkg/,1000193547,100.00,,
   182.037971896,33.42,Joules,power/energy-ram/,1000229313,100.00,,
   182.037971896,79.44,Joules,power/energy-pkg/,1000229772,100.00,,
   183.038190976,33.42,Joules,power/energy-ram/,1000210822,100.00,,
   183.038190976,71.60,Joules,power/energy-pkg/,1000210158,100.00,,
   184.038417079,33.89,Joules,power/energy-ram/,1000220008,100.00,,
   184.038417079,63.23,Joules,power/energy-pkg/,1000220838,100.00,,
   185.038627943,34.82,Joules,power/energy-ram/,1000203678,100.00,,
   185.038627943,68.15,Joules,power/energy-pkg/,1000203706,100.00,,
   186.038850437,33.39,Joules,power/energy-ram/,1000213632,100.00,,
   186.038850437,59.96,Joules,power/energy-pkg/,1000213185,100.00,,
   187.039065990,33.55,Joules,power/energy-ram/,1000207662,100.00,,
   187.039065990,65.57,Joules,power/energy-pkg/,1000207911,100.00,,
   188.039284983,33.13,Joules,power/energy-ram/,1000210516,100.00,,
   188.039284983,62.95,Joules,power/energy-pkg/,1000209980,100.00,,
   189.039491451,32.62,Joules,power/energy-ram/,1000198780,100.00,,
   189.039491451,58.78,Joules,power/energy-pkg/,1000199414,100.00,,
   190.039695350,32.61,Joules,power/energy-ram/,1000196093,100.00,,
   190.039695350,56.37,Joules,power/energy-pkg/,1000195626,100.00,,
   191.039905984,28.35,Joules,power/energy-ram/,1000205409,100.00,,
   191.039905984,48.73,Joules,power/energy-pkg/,1000206738,100.00,,
   192.040123582,31.26,Joules,power/energy-ram/,1000208031,100.00,,
   192.040123582,44.89,Joules,power/energy-pkg/,1000206680,100.00,,
   193.040323245,33.06,Joules,power/energy-ram/,1000192807,100.00,,
   193.040323245,55.56,Joules,power/energy-pkg/,1000192906,100.00,,
   194.040548317,33.35,Joules,power/energy-ram/,1000217424,100.00,,
   194.040548317,59.76,Joules,power/energy-pkg/,1000216915,100.00,,
   195.040769109,32.85,Joules,power/energy-ram/,1000212729,100.00,,
   195.040769109,54.01,Joules,power/energy-pkg/,1000213109,100.00,,
   196.040986354,32.83,Joules,power/energy-ram/,1000209053,100.00,,
   196.040986354,52.37,Joules,power/energy-pkg/,1000209201,100.00,,
   197.041202969,31.27,Joules,power/energy-ram/,1000209287,100.00,,
   197.041202969,48.39,Joules,power/energy-pkg/,1000209364,100.00,,
   198.041421621,29.36,Joules,power/energy-ram/,1000211420,100.00,,
   198.041421621,46.83,Joules,power/energy-pkg/,1000211835,100.00,,
   199.041639467,32.72,Joules,power/energy-ram/,1000210192,100.00,,
   199.041639467,52.50,Joules,power/energy-pkg/,1000210053,100.00,,
   200.041852496,32.56,Joules,power/energy-ram/,1000204300,100.00,,
   200.041852496,50.52,Joules,power/energy-pkg/,1000203878,100.00,,
   201.042059802,16.63,Joules,power/energy-ram/,1000203098,100.00,,
   201.042059802,28.98,Joules,power/energy-pkg/,1000204500,100.00,,
   202.042302101,10.63,Joules,power/energy-ram/,1000232234,100.00,,
   202.042302101,21.20,Joules,power/energy-pkg/,1000231300,100.00,,
   203.042513886,10.50,Joules,power/energy-ram/,1000203496,100.00,,
   203.042513886,21.10,Joules,power/energy-pkg/,1000203244,100.00,,
   204.042729336,13.14,Joules,power/energy-ram/,1000209950,100.00,,
   204.042729336,22.91,Joules,power/energy-pkg/,1000210826,100.00,,
   205.042956131,32.19,Joules,power/energy-ram/,1000217058,100.00,,
   205.042956131,53.44,Joules,power/energy-pkg/,1000215914,100.00,,
   206.043170205,34.58,Joules,power/energy-ram/,1000209130,100.00,,
   206.043170205,65.48,Joules,power/energy-pkg/,1000209376,100.00,,
   207.043394978,34.37,Joules,power/energy-ram/,1000215450,100.00,,
   207.043394978,68.06,Joules,power/energy-pkg/,1000215610,100.00,,
   208.043618014,34.46,Joules,power/energy-ram/,1000215050,100.00,,
   208.043618014,69.79,Joules,power/energy-pkg/,1000214421,100.00,,
   209.043837538,33.60,Joules,power/energy-ram/,1000212423,100.00,,
   209.043837538,67.53,Joules,power/energy-pkg/,1000213673,100.00,,
   210.044060349,33.06,Joules,power/energy-ram/,1000215467,100.00,,
   210.044060349,64.10,Joules,power/energy-pkg/,1000216132,100.00,,
   211.044282233,32.88,Joules,power/energy-ram/,1000213450,100.00,,
   211.044282233,55.15,Joules,power/energy-pkg/,1000211575,100.00,,
   212.044547034,33.15,Joules,power/energy-ram/,1000256405,100.00,,
   212.044547034,52.23,Joules,power/energy-pkg/,1000256873,100.00,,
   213.044756421,32.96,Joules,power/energy-ram/,1000201721,100.00,,
   213.044756421,58.64,Joules,power/energy-pkg/,1000200690,100.00,,
   214.044970579,32.94,Joules,power/energy-ram/,1000207277,100.00,,
   214.044970579,67.56,Joules,power/energy-pkg/,1000208548,100.00,,
   215.045119143,33.15,Joules,power/energy-ram/,1000138474,100.00,,
   215.045119143,66.75,Joules,power/energy-pkg/,1000135099,100.00,,
   216.045295440,36.24,Joules,power/energy-ram/,1000179555,100.00,,
   216.045295440,77.69,Joules,power/energy-pkg/,1000178608,100.00,,
   217.045480775,35.06,Joules,power/energy-ram/,1000169108,100.00,,
   217.045480775,85.59,Joules,power/energy-pkg/,1000173652,100.00,,
   218.045696855,34.78,Joules,power/energy-ram/,1000209276,100.00,,
   218.045696855,78.83,Joules,power/energy-pkg/,1000209594,100.00,,
   219.045918328,33.28,Joules,power/energy-ram/,1000212707,100.00,,
   219.045918328,68.95,Joules,power/energy-pkg/,1000212310,100.00,,
   220.046129136,32.67,Joules,power/energy-ram/,1000202628,100.00,,
   220.046129136,59.23,Joules,power/energy-pkg/,1000202592,100.00,,
   221.046358594,32.89,Joules,power/energy-ram/,1000222712,100.00,,
   221.046358594,62.33,Joules,power/energy-pkg/,1000222044,100.00,,
   222.046581630,31.83,Joules,power/energy-ram/,1000215700,100.00,,
   222.046581630,67.21,Joules,power/energy-pkg/,1000216306,100.00,,
   223.046798792,35.91,Joules,power/energy-ram/,1000208047,100.00,,
   223.046798792,81.93,Joules,power/energy-pkg/,1000206417,100.00,,
   224.046940235,35.67,Joules,power/energy-ram/,1000133278,100.00,,
   224.046940235,81.33,Joules,power/energy-pkg/,1000133843,100.00,,
   225.047143867,34.40,Joules,power/energy-ram/,1000197875,100.00,,
   225.047143867,65.45,Joules,power/energy-pkg/,1000198444,100.00,,
   226.047364903,33.38,Joules,power/energy-ram/,1000213922,100.00,,
   226.047364903,57.25,Joules,power/energy-pkg/,1000213426,100.00,,
   227.047580892,31.08,Joules,power/energy-ram/,1000206877,100.00,,
   227.047580892,47.25,Joules,power/energy-pkg/,1000207936,100.00,,
   228.047839067,23.25,Joules,power/energy-ram/,1000252361,100.00,,
   228.047839067,37.62,Joules,power/energy-pkg/,1000253034,100.00,,
   229.048059175,28.40,Joules,power/energy-ram/,1000211754,100.00,,
   229.048059175,42.47,Joules,power/energy-pkg/,1000210787,100.00,,
   230.048278485,33.19,Joules,power/energy-ram/,1000211645,100.00,,
   230.048278485,62.17,Joules,power/energy-pkg/,1000211477,100.00,,
   231.048499969,33.24,Joules,power/energy-ram/,1000213279,100.00,,
   231.048499969,67.46,Joules,power/energy-pkg/,1000214116,100.00,,
   232.048663076,32.90,Joules,power/energy-ram/,1000154983,100.00,,
   232.048663076,62.88,Joules,power/energy-pkg/,1000154478,100.00,,
   233.048906407,15.25,Joules,power/energy-ram/,1000236809,100.00,,
   233.048906407,28.87,Joules,power/energy-pkg/,1000237329,100.00,,
   234.049059341,32.42,Joules,power/energy-ram/,1000142129,100.00,,
   234.049059341,54.08,Joules,power/energy-pkg/,1000140440,100.00,,
   235.049200490,32.74,Joules,power/energy-ram/,1000137602,100.00,,
   235.049200490,59.38,Joules,power/energy-pkg/,1000138522,100.00,,
   236.049363078,33.38,Joules,power/energy-ram/,1000155787,100.00,,
   236.049363078,66.66,Joules,power/energy-pkg/,1000155847,100.00,,
   237.049588148,33.31,Joules,power/energy-ram/,1000214884,100.00,,
   237.049588148,64.09,Joules,power/energy-pkg/,1000214851,100.00,,
   238.049799010,33.31,Joules,power/energy-ram/,1000203627,100.00,,
   238.049799010,59.80,Joules,power/energy-pkg/,1000203528,100.00,,
   239.050009854,33.76,Joules,power/energy-ram/,1000202493,100.00,,
   239.050009854,64.15,Joules,power/energy-pkg/,1000202205,100.00,,
   240.050223169,33.23,Joules,power/energy-ram/,1000206951,100.00,,
   240.050223169,63.67,Joules,power/energy-pkg/,1000207009,100.00,,
   241.050374593,33.82,Joules,power/energy-ram/,1000142906,100.00,,
   241.050374593,59.14,Joules,power/energy-pkg/,1000142591,100.00,,
   242.050585895,32.93,Joules,power/energy-ram/,1000204336,100.00,,
   242.050585895,56.72,Joules,power/energy-pkg/,1000205544,100.00,,
   243.050812620,33.38,Joules,power/energy-ram/,1000217301,100.00,,
   243.050812620,62.26,Joules,power/energy-pkg/,1000214111,100.00,,
   244.051010603,34.19,Joules,power/energy-ram/,1000191623,100.00,,
   244.051010603,69.27,Joules,power/energy-pkg/,1000194100,100.00,,
   245.051225547,33.17,Joules,power/energy-ram/,1000207996,100.00,,
   245.051225547,60.93,Joules,power/energy-pkg/,1000208016,100.00,,
   246.051437029,31.45,Joules,power/energy-ram/,1000203528,100.00,,
   246.051437029,51.17,Joules,power/energy-pkg/,1000202806,100.00,,
   247.051653536,35.12,Joules,power/energy-ram/,1000208620,100.00,,
   247.051653536,72.75,Joules,power/energy-pkg/,1000209634,100.00,,
   248.051865326,34.58,Joules,power/energy-ram/,1000203130,100.00,,
   248.051865326,77.21,Joules,power/energy-pkg/,1000202484,100.00,,
   249.052079789,33.95,Joules,power/energy-ram/,1000207340,100.00,,
   249.052079789,71.06,Joules,power/energy-pkg/,1000208330,100.00,,
   250.052300317,29.78,Joules,power/energy-ram/,1000213926,100.00,,
   250.052300317,55.95,Joules,power/energy-pkg/,1000213052,100.00,,
   251.052528911,32.87,Joules,power/energy-ram/,1000219844,100.00,,
   251.052528911,57.68,Joules,power/energy-pkg/,1000220432,100.00,,
   252.052763826,33.54,Joules,power/energy-ram/,1000227266,100.00,,
   252.052763826,60.39,Joules,power/energy-pkg/,1000227059,100.00,,
   253.052980366,33.49,Joules,power/energy-ram/,1000208994,100.00,,
   253.052980366,65.70,Joules,power/energy-pkg/,1000208689,100.00,,
   254.053193710,33.18,Joules,power/energy-ram/,1000207371,100.00,,
   254.053193710,65.60,Joules,power/energy-pkg/,1000207791,100.00,,
   255.053413490,33.98,Joules,power/energy-ram/,1000212002,100.00,,
   255.053413490,59.06,Joules,power/energy-pkg/,1000211202,100.00,,
   256.053632790,33.64,Joules,power/energy-ram/,1000210834,100.00,,
   256.053632790,65.60,Joules,power/energy-pkg/,1000210665,100.00,,
   257.053840084,33.54,Joules,power/energy-ram/,1000197300,100.00,,
   257.053840084,65.37,Joules,power/energy-pkg/,1000196135,100.00,,
   258.054039996,33.16,Joules,power/energy-ram/,1000193760,100.00,,
   258.054039996,64.25,Joules,power/energy-pkg/,1000196496,100.00,,
   259.054286500,26.59,Joules,power/energy-ram/,1000239106,100.00,,
   259.054286500,47.86,Joules,power/energy-pkg/,1000239010,100.00,,
   260.054512155,11.52,Joules,power/energy-ram/,1000217036,100.00,,
   260.054512155,21.56,Joules,power/energy-pkg/,1000216160,100.00,,
   261.054719398,32.54,Joules,power/energy-ram/,1000198857,100.00,,
   261.054719398,55.03,Joules,power/energy-pkg/,1000198490,100.00,,
   262.054923085,32.51,Joules,power/energy-ram/,1000195143,100.00,,
   262.054923085,58.38,Joules,power/energy-pkg/,1000194830,100.00,,
   263.055132797,32.52,Joules,power/energy-ram/,1000203017,100.00,,
   263.055132797,65.40,Joules,power/energy-pkg/,1000202864,100.00,,
   264.055333910,32.65,Joules,power/energy-ram/,1000195465,100.00,,
   264.055333910,68.25,Joules,power/energy-pkg/,1000196570,100.00,,
   265.055549181,32.76,Joules,power/energy-ram/,1000207646,100.00,,
   265.055549181,63.58,Joules,power/energy-pkg/,1000207878,100.00,,
   266.055753337,33.78,Joules,power/energy-ram/,1000194015,100.00,,
   266.055753337,68.10,Joules,power/energy-pkg/,1000190477,100.00,,
   267.055940159,33.04,Joules,power/energy-ram/,1000181314,100.00,,
   267.055940159,70.42,Joules,power/energy-pkg/,1000184335,100.00,,
   268.056142936,33.09,Joules,power/energy-ram/,1000193125,100.00,,
   268.056142936,71.52,Joules,power/energy-pkg/,1000189768,100.00,,
   269.056312817,34.87,Joules,power/energy-ram/,1000162917,100.00,,
   269.056312817,77.11,Joules,power/energy-pkg/,1000164650,100.00,,
   270.056521789,33.17,Joules,power/energy-ram/,1000203183,100.00,,
   270.056521789,79.00,Joules,power/energy-pkg/,1000204758,100.00,,
   271.056672309,33.63,Joules,power/energy-ram/,1000141868,100.00,,
   271.056672309,76.83,Joules,power/energy-pkg/,1000139128,100.00,,
   272.056864609,33.30,Joules,power/energy-ram/,1000185618,100.00,,
   272.056864609,69.58,Joules,power/energy-pkg/,1000188532,100.00,,
   273.057101240,34.21,Joules,power/energy-ram/,1000228760,100.00,,
   273.057101240,69.13,Joules,power/energy-pkg/,1000228424,100.00,,
   274.057260052,33.44,Joules,power/energy-ram/,1000150635,100.00,,
   274.057260052,71.77,Joules,power/energy-pkg/,1000150896,100.00,,
   275.057477322,32.89,Joules,power/energy-ram/,1000210421,100.00,,
   275.057477322,65.08,Joules,power/energy-pkg/,1000211153,100.00,,
   276.057689810,32.71,Joules,power/energy-ram/,1000204148,100.00,,
   276.057689810,58.40,Joules,power/energy-pkg/,1000204340,100.00,,
   277.057901345,29.95,Joules,power/energy-ram/,1000204320,100.00,,
   277.057901345,48.28,Joules,power/energy-pkg/,1000202791,100.00,,
   278.058110825,32.66,Joules,power/energy-ram/,1000200549,100.00,,
   278.058110825,58.58,Joules,power/energy-pkg/,1000201053,100.00,,
   279.058254648,32.83,Joules,power/energy-ram/,1000136351,100.00,,
   279.058254648,59.60,Joules,power/energy-pkg/,1000133127,100.00,,
   280.058448029,33.34,Joules,power/energy-ram/,1000186304,100.00,,
   280.058448029,66.46,Joules,power/energy-pkg/,1000189380,100.00,,
   281.058667297,33.68,Joules,power/energy-ram/,1000211669,100.00,,
   281.058667297,66.30,Joules,power/energy-pkg/,1000211953,100.00,,
   282.058886870,34.14,Joules,power/energy-ram/,1000211789,100.00,,
   282.058886870,67.39,Joules,power/energy-pkg/,1000211089,100.00,,
   283.059101706,33.74,Joules,power/energy-ram/,1000207837,100.00,,
   283.059101706,63.79,Joules,power/energy-pkg/,1000208345,100.00,,
   284.059319610,33.82,Joules,power/energy-ram/,1000209700,100.00,,
   284.059319610,61.20,Joules,power/energy-pkg/,1000209159,100.00,,
   285.059531485,32.97,Joules,power/energy-ram/,1000205188,100.00,,
   285.059531485,53.64,Joules,power/energy-pkg/,1000205721,100.00,,
   286.059743337,29.23,Joules,power/energy-ram/,1000203990,100.00,,
   286.059743337,45.47,Joules,power/energy-pkg/,1000204554,100.00,,
   287.059963512,32.83,Joules,power/energy-ram/,1000211960,100.00,,
   287.059963512,55.57,Joules,power/energy-pkg/,1000212020,100.00,,
   288.060176704,32.02,Joules,power/energy-ram/,1000205326,100.00,,
   288.060176704,56.72,Joules,power/energy-pkg/,1000205040,100.00,,
   289.060391646,29.29,Joules,power/energy-ram/,1000206014,100.00,,
   289.060391646,50.91,Joules,power/energy-pkg/,1000204120,100.00,,
   290.060533533,29.24,Joules,power/energy-ram/,1000135854,100.00,,
   290.060533533,51.56,Joules,power/energy-pkg/,1000138352,100.00,,
   291.060748110,34.02,Joules,power/energy-ram/,1000207126,100.00,,
   291.060748110,59.27,Joules,power/energy-pkg/,1000206488,100.00,,
   292.060970731,33.96,Joules,power/energy-ram/,1000214772,100.00,,
   292.060970731,70.85,Joules,power/energy-pkg/,1000214307,100.00,,
   293.061185263,33.59,Joules,power/energy-ram/,1000209488,100.00,,
   293.061185263,76.39,Joules,power/energy-pkg/,1000209989,100.00,,
   294.061347907,33.56,Joules,power/energy-ram/,1000152902,100.00,,
   294.061347907,69.18,Joules,power/energy-pkg/,1000153020,100.00,,
   295.061503547,33.28,Joules,power/energy-ram/,1000148751,100.00,,
   295.061503547,68.43,Joules,power/energy-pkg/,1000148302,100.00,,
   296.061663795,31.66,Joules,power/energy-ram/,1000152598,100.00,,
   296.061663795,55.34,Joules,power/energy-pkg/,1000153058,100.00,,
   297.061908580,12.07,Joules,power/energy-ram/,1000236873,100.00,,
   297.061908580,21.79,Joules,power/energy-pkg/,1000238060,100.00,,
   298.062111698,28.20,Joules,power/energy-ram/,1000194094,100.00,,
   298.062111698,42.26,Joules,power/energy-pkg/,1000191340,100.00,,
   299.062316840,33.32,Joules,power/energy-ram/,1000198319,100.00,,
   299.062316840,58.81,Joules,power/energy-pkg/,1000200051,100.00,,
   300.062526299,33.74,Joules,power/energy-ram/,1000201278,100.00,,
   300.062526299,66.90,Joules,power/energy-pkg/,1000200740,100.00,,
   301.062747422,33.65,Joules,power/energy-ram/,1000214006,100.00,,
   301.062747422,70.37,Joules,power/energy-pkg/,1000213895,100.00,,
   302.062953796,33.98,Joules,power/energy-ram/,1000196530,100.00,,
   302.062953796,73.50,Joules,power/energy-pkg/,1000193918,100.00,,
   303.063168556,34.69,Joules,power/energy-ram/,1000207810,100.00,,
   303.063168556,74.04,Joules,power/energy-pkg/,1000209263,100.00,,
   304.063369755,33.69,Joules,power/energy-ram/,1000194214,100.00,,
   304.063369755,62.51,Joules,power/energy-pkg/,1000195334,100.00,,
   305.063519196,29.48,Joules,power/energy-ram/,1000140653,100.00,,
   305.063519196,54.66,Joules,power/energy-pkg/,1000138097,100.00,,
   306.063702664,32.88,Joules,power/energy-ram/,1000177807,100.00,,
   306.063702664,55.81,Joules,power/energy-pkg/,1000181095,100.00,,
   307.063916414,32.64,Joules,power/energy-ram/,1000205850,100.00,,
   307.063916414,60.33,Joules,power/energy-pkg/,1000205198,100.00,,
   308.064133549,33.13,Joules,power/energy-ram/,1000209676,100.00,,
   308.064133549,61.64,Joules,power/energy-pkg/,1000209646,100.00,,
   309.064289539,33.27,Joules,power/energy-ram/,1000147894,100.00,,
   309.064289539,56.60,Joules,power/energy-pkg/,1000148868,100.00,,
   310.064458013,30.72,Joules,power/energy-ram/,1000161935,100.00,,
   310.064458013,49.24,Joules,power/energy-pkg/,1000161456,100.00,,
   311.064675571,23.58,Joules,power/energy-ram/,1000209257,100.00,,
   311.064675571,34.72,Joules,power/energy-pkg/,1000210760,100.00,,
   312.064886470,32.03,Joules,power/energy-ram/,1000200526,100.00,,
   312.064886470,53.63,Joules,power/energy-pkg/,1000197614,100.00,,
   313.065079583,32.81,Joules,power/energy-ram/,1000186851,100.00,,
   313.065079583,59.67,Joules,power/energy-pkg/,1000186608,100.00,,
   314.065282424,33.34,Joules,power/energy-ram/,1000196579,100.00,,
   314.065282424,65.68,Joules,power/energy-pkg/,1000197892,100.00,,
   315.065531836,32.78,Joules,power/energy-ram/,1000242171,100.00,,
   315.065531836,59.61,Joules,power/energy-pkg/,1000241802,100.00,,
   316.065767704,25.23,Joules,power/energy-ram/,1000228067,100.00,,
   316.065767704,44.23,Joules,power/energy-pkg/,1000229220,100.00,,
   317.065981669,28.64,Joules,power/energy-ram/,1000206013,100.00,,
   317.065981669,43.03,Joules,power/energy-pkg/,1000205648,100.00,,
   318.066221016,32.05,Joules,power/energy-ram/,1000230527,100.00,,
   318.066221016,54.61,Joules,power/energy-pkg/,1000230211,100.00,,
   319.066423390,20.23,Joules,power/energy-ram/,1000195362,100.00,,
   319.066423390,30.30,Joules,power/energy-pkg/,1000205689,100.00,,
   320.066647859,33.23,Joules,power/energy-ram/,1000216893,100.00,,
   320.066647859,54.11,Joules,power/energy-pkg/,1000206698,100.00,,
   321.066865148,33.31,Joules,power/energy-ram/,1000209596,100.00,,
   321.066865148,55.07,Joules,power/energy-pkg/,1000209573,100.00,,
   322.067080449,33.44,Joules,power/energy-ram/,1000209304,100.00,,
   322.067080449,55.13,Joules,power/energy-pkg/,1000209545,100.00,,
   323.067305977,33.48,Joules,power/energy-ram/,1000216911,100.00,,
   323.067305977,54.23,Joules,power/energy-pkg/,1000216741,100.00,,
   324.067518276,31.08,Joules,power/energy-ram/,1000205191,100.00,,
   324.067518276,49.46,Joules,power/energy-pkg/,1000205305,100.00,,
   325.067772906,19.19,Joules,power/energy-ram/,1000247186,100.00,,
   325.067772906,32.07,Joules,power/energy-pkg/,1000247971,100.00,,
   326.068018632,11.34,Joules,power/energy-ram/,1000235801,100.00,,
   326.068018632,21.10,Joules,power/energy-pkg/,1000235266,100.00,,
   327.068227663,25.91,Joules,power/energy-ram/,1000203211,100.00,,
   327.068227663,39.77,Joules,power/energy-pkg/,1000203120,100.00,,
   328.068440867,35.05,Joules,power/energy-ram/,1000204773,100.00,,
   328.068440867,75.08,Joules,power/energy-pkg/,1000204012,100.00,,
   329.068658117,35.63,Joules,power/energy-ram/,1000210302,100.00,,
   329.068658117,83.06,Joules,power/energy-pkg/,1000210072,100.00,,
   330.068821101,35.06,Joules,power/energy-ram/,1000155457,100.00,,
   330.068821101,80.73,Joules,power/energy-pkg/,1000156174,100.00,,
   331.069037441,34.02,Joules,power/energy-ram/,1000207658,100.00,,
   331.069037441,68.21,Joules,power/energy-pkg/,1000207329,100.00,,
   332.069196105,35.10,Joules,power/energy-ram/,1000152810,100.00,,
   332.069196105,68.39,Joules,power/energy-pkg/,1000152987,100.00,,
   333.069437550,34.15,Joules,power/energy-ram/,1000233000,100.00,,
   333.069437550,64.88,Joules,power/energy-pkg/,1000233464,100.00,,
   334.069647482,34.11,Joules,power/energy-ram/,1000201800,100.00,,
   334.069647482,67.91,Joules,power/energy-pkg/,1000201760,100.00,,
   335.069866034,34.48,Joules,power/energy-ram/,1000210518,100.00,,
   335.069866034,65.16,Joules,power/energy-pkg/,1000209994,100.00,,
   336.070081339,31.05,Joules,power/energy-ram/,1000208172,100.00,,
   336.070081339,55.47,Joules,power/energy-pkg/,1000208476,100.00,,
   337.070302345,33.46,Joules,power/energy-ram/,1000212558,100.00,,
   337.070302345,61.15,Joules,power/energy-pkg/,1000212426,100.00,,
   338.070517778,33.69,Joules,power/energy-ram/,1000209598,100.00,,
   338.070517778,62.30,Joules,power/energy-pkg/,1000209248,100.00,,
   339.070728716,34.22,Joules,power/energy-ram/,1000200832,100.00,,
   339.070728716,67.37,Joules,power/energy-pkg/,1000199728,100.00,,
   340.070924617,33.15,Joules,power/energy-ram/,1000190394,100.00,,
   340.070924617,61.43,Joules,power/energy-pkg/,1000192603,100.00,,
   341.071129258,33.36,Joules,power/energy-ram/,1000195343,100.00,,
   341.071129258,57.51,Joules,power/energy-pkg/,1000192767,100.00,,
   342.071318435,34.29,Joules,power/energy-ram/,1000181531,100.00,,
   342.071318435,62.15,Joules,power/energy-pkg/,1000182218,100.00,,
   343.071460516,30.46,Joules,power/energy-ram/,1000134739,100.00,,
   343.071460516,54.00,Joules,power/energy-pkg/,1000134969,100.00,,
   344.071678929,29.88,Joules,power/energy-ram/,1000218249,100.00,,
   344.071678929,54.39,Joules,power/energy-pkg/,1000218503,100.00,,
   345.071912095,30.32,Joules,power/energy-ram/,1000218921,100.00,,
   345.071912095,51.10,Joules,power/energy-pkg/,1000218457,100.00,,
   346.072123015,31.91,Joules,power/energy-ram/,1000203359,100.00,,
   346.072123015,53.80,Joules,power/energy-pkg/,1000203937,100.00,,
   347.072337941,32.69,Joules,power/energy-ram/,1000206755,100.00,,
   347.072337941,54.34,Joules,power/energy-pkg/,1000206951,100.00,,
   348.072560387,32.69,Joules,power/energy-ram/,1000213923,100.00,,
   348.072560387,52.97,Joules,power/energy-pkg/,1000214176,100.00,,
   349.072770680,32.62,Joules,power/energy-ram/,1000201924,100.00,,
   349.072770680,50.32,Joules,power/energy-pkg/,1000201452,100.00,,
   350.072962331,32.62,Joules,power/energy-ram/,1000182620,100.00,,
   350.072962331,57.64,Joules,power/energy-pkg/,1000180638,100.00,,
   351.073143611,32.66,Joules,power/energy-ram/,1000175215,100.00,,
   351.073143611,57.47,Joules,power/energy-pkg/,1000176831,100.00,,
   352.073339440,25.62,Joules,power/energy-ram/,1000189410,100.00,,
   352.073339440,41.89,Joules,power/energy-pkg/,1000190569,100.00,,
   353.073554921,32.86,Joules,power/energy-ram/,1000207646,100.00,,
   353.073554921,61.16,Joules,power/energy-pkg/,1000207208,100.00,,
   354.073764255,32.86,Joules,power/energy-ram/,1000201920,100.00,,
   354.073764255,64.76,Joules,power/energy-pkg/,1000201650,100.00,,
   355.073979611,33.17,Joules,power/energy-ram/,1000210146,100.00,,
   355.073979611,65.52,Joules,power/energy-pkg/,1000211164,100.00,,
   356.074202126,32.79,Joules,power/energy-ram/,1000212186,100.00,,
   356.074202126,57.90,Joules,power/energy-pkg/,1000212660,100.00,,
   357.074410657,32.66,Joules,power/energy-ram/,1000200864,100.00,,
   357.074410657,61.81,Joules,power/energy-pkg/,1000199258,100.00,,
   358.074622049,32.74,Joules,power/energy-ram/,1000203464,100.00,,
   358.074622049,59.17,Joules,power/energy-pkg/,1000204369,100.00,,
   359.074834849,32.93,Joules,power/energy-ram/,1000205411,100.00,,
   359.074834849,53.02,Joules,power/energy-pkg/,1000204955,100.00,,
   360.075044424,32.69,Joules,power/energy-ram/,1000202025,100.00,,
   360.075044424,53.07,Joules,power/energy-pkg/,1000201794,100.00,,
   361.075253878,32.90,Joules,power/energy-ram/,1000202974,100.00,,
   361.075253878,53.08,Joules,power/energy-pkg/,1000204342,100.00,,
   362.075476827,33.38,Joules,power/energy-ram/,1000214390,100.00,,
   362.075476827,69.45,Joules,power/energy-pkg/,1000213535,100.00,,
   363.075701670,32.87,Joules,power/energy-ram/,1000214943,100.00,,
   363.075701670,66.64,Joules,power/energy-pkg/,1000213047,100.00,,
   364.075890987,32.76,Joules,power/energy-ram/,1000184319,100.00,,
   364.075890987,57.36,Joules,power/energy-pkg/,1000186676,100.00,,
   365.076097387,32.68,Joules,power/energy-ram/,1000197324,100.00,,
   365.076097387,50.34,Joules,power/energy-pkg/,1000196777,100.00,,
   366.076341879,25.98,Joules,power/energy-ram/,1000239031,100.00,,
   366.076341879,41.36,Joules,power/energy-pkg/,1000240047,100.00,,
   367.076572400,10.82,Joules,power/energy-ram/,1000223344,100.00,,
   367.076572400,21.38,Joules,power/energy-pkg/,1000223066,100.00,,
   368.076724378,10.02,Joules,power/energy-ram/,1000142162,100.00,,
   368.076724378,20.93,Joules,power/energy-pkg/,1000140823,100.00,,
   369.076928401,25.58,Joules,power/energy-ram/,1000197378,100.00,,
   369.076928401,38.95,Joules,power/energy-pkg/,1000198142,100.00,,
   370.077086256,33.57,Joules,power/energy-ram/,1000149869,100.00,,
   370.077086256,62.03,Joules,power/energy-pkg/,1000149338,100.00,,
   371.077245202,33.67,Joules,power/energy-ram/,1000150953,100.00,,
   371.077245202,66.86,Joules,power/energy-pkg/,1000151973,100.00,,
   372.077458109,33.57,Joules,power/energy-ram/,1000204960,100.00,,
   372.077458109,66.04,Joules,power/energy-pkg/,1000203711,100.00,,
   373.077675328,33.53,Joules,power/energy-ram/,1000209718,100.00,,
   373.077675328,67.86,Joules,power/energy-pkg/,1000209750,100.00,,
   374.077881954,33.21,Joules,power/energy-ram/,1000199238,100.00,,
   374.077881954,67.34,Joules,power/energy-pkg/,1000198345,100.00,,
   375.078087648,33.73,Joules,power/energy-ram/,1000198628,100.00,,
   375.078087648,65.74,Joules,power/energy-pkg/,1000199478,100.00,,
   376.078299297,34.27,Joules,power/energy-ram/,1000203798,100.00,,
   376.078299297,80.07,Joules,power/energy-pkg/,1000204847,100.00,,
   377.078516508,33.64,Joules,power/energy-ram/,1000209568,100.00,,
   377.078516508,86.92,Joules,power/energy-pkg/,1000209195,100.00,,
   378.078736473,33.98,Joules,power/energy-ram/,1000212312,100.00,,
   378.078736473,77.71,Joules,power/energy-pkg/,1000212615,100.00,,
   379.078947608,33.04,Joules,power/energy-ram/,1000203469,100.00,,
   379.078947608,59.25,Joules,power/energy-pkg/,1000202916,100.00,,
   380.079157039,33.46,Joules,power/energy-ram/,1000201707,100.00,,
   380.079157039,71.62,Joules,power/energy-pkg/,1000201774,100.00,,
   381.079367624,33.12,Joules,power/energy-ram/,1000202402,100.00,,
   381.079367624,70.77,Joules,power/energy-pkg/,1000202588,100.00,,
   382.079577793,33.35,Joules,power/energy-ram/,1000202764,100.00,,
   382.079577793,64.93,Joules,power/energy-pkg/,1000202036,100.00,,
   383.079790359,32.94,Joules,power/energy-ram/,1000206071,100.00,,
   383.079790359,67.38,Joules,power/energy-pkg/,1000207422,100.00,,
   384.080008496,32.83,Joules,power/energy-ram/,1000209916,100.00,,
   384.080008496,64.62,Joules,power/energy-pkg/,1000209882,100.00,,
   385.080223313,33.01,Joules,power/energy-ram/,1000206369,100.00,,
   385.080223313,67.51,Joules,power/energy-pkg/,1000205060,100.00,,
   386.080422491,32.96,Joules,power/energy-ram/,1000191142,100.00,,
   386.080422491,59.41,Joules,power/energy-pkg/,1000190448,100.00,,
   387.080617909,32.69,Joules,power/energy-ram/,1000187740,100.00,,
   387.080617909,52.66,Joules,power/energy-pkg/,1000188394,100.00,,
   388.080824834,32.71,Joules,power/energy-ram/,1000199718,100.00,,
   388.080824834,50.59,Joules,power/energy-pkg/,1000199831,100.00,,
   389.081063444,29.69,Joules,power/energy-ram/,1000231981,100.00,,
   389.081063444,50.50,Joules,power/energy-pkg/,1000232880,100.00,,
   390.081286476,35.79,Joules,power/energy-ram/,1000215434,100.00,,
   390.081286476,76.86,Joules,power/energy-pkg/,1000215807,100.00,,
   391.081507975,35.49,Joules,power/energy-ram/,1000213156,100.00,,
   391.081507975,81.12,Joules,power/energy-pkg/,1000212247,100.00,,
   392.081673294,35.04,Joules,power/energy-ram/,1000159260,100.00,,
   392.081673294,73.45,Joules,power/energy-pkg/,1000160179,100.00,,
   393.081917219,34.06,Joules,power/energy-ram/,1000235038,100.00,,
   393.081917219,72.70,Joules,power/energy-pkg/,1000234555,100.00,,
   394.082133145,32.81,Joules,power/energy-ram/,1000208010,100.00,,
   394.082133145,61.23,Joules,power/energy-pkg/,1000208016,100.00,,
   395.082342866,22.10,Joules,power/energy-ram/,1000200722,100.00,,
   395.082342866,37.92,Joules,power/energy-pkg/,1000199369,100.00,,
   396.082543531,32.54,Joules,power/energy-ram/,1000192152,100.00,,
   396.082543531,58.62,Joules,power/energy-pkg/,1000192473,100.00,,
   397.082735255,32.58,Joules,power/energy-ram/,1000183175,100.00,,
   397.082735255,59.67,Joules,power/energy-pkg/,1000181805,100.00,,
   398.082932375,32.56,Joules,power/energy-ram/,1000189945,100.00,,
   398.082932375,51.84,Joules,power/energy-pkg/,1000190545,100.00,,
   399.083127450,32.81,Joules,power/energy-ram/,1000189950,100.00,,
   399.083127450,62.38,Joules,power/energy-pkg/,1000191399,100.00,,
   400.083320443,32.83,Joules,power/energy-ram/,1000183406,100.00,,
   400.083320443,65.96,Joules,power/energy-pkg/,1000179591,100.00,,
   401.083505045,33.28,Joules,power/energy-ram/,1000178926,100.00,,
   401.083505045,64.82,Joules,power/energy-pkg/,1000182972,100.00,,
   402.083720696,33.16,Joules,power/energy-ram/,1000208516,100.00,,
   402.083720696,59.18,Joules,power/energy-pkg/,1000207640,100.00,,
   403.083934680,32.64,Joules,power/energy-ram/,1000206268,100.00,,
   403.083934680,52.87,Joules,power/energy-pkg/,1000207548,100.00,,
   404.084144117,32.69,Joules,power/energy-ram/,1000201630,100.00,,
   404.084144117,59.83,Joules,power/energy-pkg/,1000201842,100.00,,
   405.084355496,32.59,Joules,power/energy-ram/,1000203103,100.00,,
   405.084355496,58.93,Joules,power/energy-pkg/,1000202126,100.00,,
   406.084581686,33.05,Joules,power/energy-ram/,1000218649,100.00,,
   406.084581686,58.76,Joules,power/energy-pkg/,1000219096,100.00,,
   407.084788595,31.49,Joules,power/energy-ram/,1000201313,100.00,,
   407.084788595,53.16,Joules,power/energy-pkg/,1000201796,100.00,,
   408.085009732,33.34,Joules,power/energy-ram/,1000211415,100.00,,
   408.085009732,61.50,Joules,power/energy-pkg/,1000209909,100.00,,
   409.085224511,34.27,Joules,power/energy-ram/,1000207821,100.00,,
   409.085224511,79.79,Joules,power/energy-pkg/,1000209295,100.00,,
   410.085441356,34.36,Joules,power/energy-ram/,1000209439,100.00,,
   410.085441356,83.22,Joules,power/energy-pkg/,1000208527,100.00,,
   411.085660212,34.29,Joules,power/energy-ram/,1000211660,100.00,,
   411.085660212,74.68,Joules,power/energy-pkg/,1000211748,100.00,,
   412.085874287,34.51,Joules,power/energy-ram/,1000205771,100.00,,
   412.085874287,76.68,Joules,power/energy-pkg/,1000206469,100.00,,
   413.086093953,33.85,Joules,power/energy-ram/,1000212396,100.00,,
   413.086093953,71.26,Joules,power/energy-pkg/,1000211651,100.00,,
   414.086319780,33.41,Joules,power/energy-ram/,1000217469,100.00,,
   414.086319780,64.13,Joules,power/energy-pkg/,1000217496,100.00,,
   415.086535324,28.78,Joules,power/energy-ram/,1000208401,100.00,,
   415.086535324,44.48,Joules,power/energy-pkg/,1000208286,100.00,,
   416.086740198,29.24,Joules,power/energy-ram/,1000196743,100.00,,
   416.086740198,48.01,Joules,power/energy-pkg/,1000195873,100.00,,
   417.086946750,33.82,Joules,power/energy-ram/,1000199847,100.00,,
   417.086946750,57.88,Joules,power/energy-pkg/,1000201991,100.00,,
   418.087162299,33.67,Joules,power/energy-ram/,1000207268,100.00,,
   418.087162299,68.35,Joules,power/energy-pkg/,1000205640,100.00,,
   419.087375575,33.43,Joules,power/energy-ram/,1000205456,100.00,,
   419.087375575,68.98,Joules,power/energy-pkg/,1000206700,100.00,,
   420.087539023,33.76,Joules,power/energy-ram/,1000156156,100.00,,
   420.087539023,67.45,Joules,power/energy-pkg/,1000155084,100.00,,
   421.087752105,33.39,Joules,power/energy-ram/,1000204734,100.00,,
   421.087752105,61.69,Joules,power/energy-pkg/,1000204742,100.00,,
   422.087964881,32.85,Joules,power/energy-ram/,1000205370,100.00,,
   422.087964881,57.39,Joules,power/energy-pkg/,1000206054,100.00,,
   423.088207485,34.62,Joules,power/energy-ram/,1000235420,100.00,,
   423.088207485,63.01,Joules,power/energy-pkg/,1000235427,100.00,,
   424.088419941,33.66,Joules,power/energy-ram/,1000204275,100.00,,
   424.088419941,64.30,Joules,power/energy-pkg/,1000202826,100.00,,
   425.088566075,34.05,Joules,power/energy-ram/,1000138865,100.00,,
   425.088566075,68.93,Joules,power/energy-pkg/,1000139367,100.00,,
   426.088724675,34.18,Joules,power/energy-ram/,1000150877,100.00,,
   426.088724675,71.79,Joules,power/energy-pkg/,1000152109,100.00,,
   427.088939018,33.26,Joules,power/energy-ram/,1000207765,100.00,,
   427.088939018,65.05,Joules,power/energy-pkg/,1000207256,100.00,,
   428.089146071,33.63,Joules,power/energy-ram/,1000197445,100.00,,
   428.089146071,61.74,Joules,power/energy-pkg/,1000195631,100.00,,
   429.089344147,34.96,Joules,power/energy-ram/,1000191619,100.00,,
   429.089344147,71.88,Joules,power/energy-pkg/,1000193680,100.00,,
   430.089507122,33.95,Joules,power/energy-ram/,1000154404,100.00,,
   430.089507122,76.88,Joules,power/energy-pkg/,1000155122,100.00,,
   431.089717250,34.15,Joules,power/energy-ram/,1000203118,100.00,,
   431.089717250,75.91,Joules,power/energy-pkg/,1000201528,100.00,,
   432.089927898,33.20,Joules,power/energy-ram/,1000212449,100.00,,
   432.089927898,74.48,Joules,power/energy-pkg/,1000212671,100.00,,
   433.090142470,32.82,Joules,power/energy-ram/,1000196079,100.00,,
   433.090142470,72.05,Joules,power/energy-pkg/,1000194941,100.00,,
   434.090341853,33.36,Joules,power/energy-ram/,1000192765,100.00,,
   434.090341853,72.33,Joules,power/energy-pkg/,1000193982,100.00,,
   435.090551279,32.80,Joules,power/energy-ram/,1000201729,100.00,,
   435.090551279,60.21,Joules,power/energy-pkg/,1000201633,100.00,,
   436.090738878,32.81,Joules,power/energy-ram/,1000177656,100.00,,
   436.090738878,57.13,Joules,power/energy-pkg/,1000174435,100.00,,
   437.090916476,33.77,Joules,power/energy-ram/,1000171765,100.00,,
   437.090916476,60.07,Joules,power/energy-pkg/,1000174084,100.00,,
   438.091117096,35.49,Joules,power/energy-ram/,1000192692,100.00,,
   438.091117096,69.82,Joules,power/energy-pkg/,1000191870,100.00,,
   439.091316849,35.50,Joules,power/energy-ram/,1000193967,100.00,,
   439.091316849,71.59,Joules,power/energy-pkg/,1000195875,100.00,,
   440.091532295,36.67,Joules,power/energy-ram/,1000207473,100.00,,
   440.091532295,84.40,Joules,power/energy-pkg/,1000207602,100.00,,
   441.091688874,36.15,Joules,power/energy-ram/,1000148862,100.00,,
   441.091688874,79.91,Joules,power/energy-pkg/,1000148672,100.00,,
   442.091902095,34.76,Joules,power/energy-ram/,1000205510,100.00,,
   442.091902095,76.42,Joules,power/energy-pkg/,1000205255,100.00,,
   443.092102151,33.90,Joules,power/energy-ram/,1000191776,100.00,,
   443.092102151,71.81,Joules,power/energy-pkg/,1000192015,100.00,,
   444.092317346,34.74,Joules,power/energy-ram/,1000207610,100.00,,
   444.092317346,73.68,Joules,power/energy-pkg/,1000208214,100.00,,
   445.092542317,34.64,Joules,power/energy-ram/,1000217835,100.00,,
   445.092542317,74.59,Joules,power/energy-pkg/,1000217831,100.00,,
   446.092755510,34.07,Joules,power/energy-ram/,1000204780,100.00,,
   446.092755510,70.99,Joules,power/energy-pkg/,1000203755,100.00,,
   447.092973913,34.30,Joules,power/energy-ram/,1000212829,100.00,,
   447.092973913,70.07,Joules,power/energy-pkg/,1000213545,100.00,,
   448.093191142,33.37,Joules,power/energy-ram/,1000208960,100.00,,
   448.093191142,63.89,Joules,power/energy-pkg/,1000209580,100.00,,
   449.093386613,33.09,Joules,power/energy-ram/,1000184200,100.00,,
   449.093386613,59.74,Joules,power/energy-pkg/,1000180238,100.00,,
   450.093521415,33.42,Joules,power/energy-ram/,1000129931,100.00,,
   450.093521415,73.47,Joules,power/energy-pkg/,1000132855,100.00,,
   451.093721937,33.53,Joules,power/energy-ram/,1000190073,100.00,,
   451.093721937,69.08,Joules,power/energy-pkg/,1000187038,100.00,,
   452.093902153,33.21,Joules,power/energy-ram/,1000176302,100.00,,
   452.093902153,65.10,Joules,power/energy-pkg/,1000179355,100.00,,
   453.094142191,33.26,Joules,power/energy-ram/,1000231251,100.00,,
   453.094142191,66.92,Joules,power/energy-pkg/,1000231044,100.00,,
   454.094356842,33.16,Joules,power/energy-ram/,1000207116,100.00,,
   454.094356842,65.58,Joules,power/energy-pkg/,1000206825,100.00,,
   455.094567698,34.01,Joules,power/energy-ram/,1000204264,100.00,,
   455.094567698,75.54,Joules,power/energy-pkg/,1000204597,100.00,,
   456.094783802,33.79,Joules,power/energy-ram/,1000207336,100.00,,
   456.094783802,69.60,Joules,power/energy-pkg/,1000208643,100.00,,
   457.094994461,34.00,Joules,power/energy-ram/,1000203486,100.00,,
   457.094994461,66.48,Joules,power/energy-pkg/,1000201889,100.00,,
   458.095213402,33.46,Joules,power/energy-ram/,1000211212,100.00,,
   458.095213402,67.92,Joules,power/energy-pkg/,1000211575,100.00,,
   459.095467518,30.91,Joules,power/energy-ram/,1000244847,100.00,,
   459.095467518,56.44,Joules,power/energy-pkg/,1000242598,100.00,,
   460.095659025,29.70,Joules,power/energy-ram/,1000185015,100.00,,
   460.095659025,49.63,Joules,power/energy-pkg/,1000187627,100.00,,
   461.095900335,32.21,Joules,power/energy-ram/,1000233513,100.00,,
   461.095900335,54.50,Joules,power/energy-pkg/,1000233878,100.00,,
   462.096144724,28.69,Joules,power/energy-ram/,1000238285,100.00,,
   462.096144724,44.51,Joules,power/energy-pkg/,1000238780,100.00,,
   463.096356799,28.95,Joules,power/energy-ram/,1000202862,100.00,,
   463.096356799,44.88,Joules,power/energy-pkg/,1000202302,100.00,,
   464.096579315,29.38,Joules,power/energy-ram/,1000214556,100.00,,
   464.096579315,45.87,Joules,power/energy-pkg/,1000214246,100.00,,
   465.096816676,25.00,Joules,power/energy-ram/,1000231268,100.00,,
   465.096816676,40.49,Joules,power/energy-pkg/,1000232813,100.00,,
   466.096978187,13.30,Joules,power/energy-ram/,1000155026,100.00,,
   466.096978187,23.40,Joules,power/energy-pkg/,1000154737,100.00,,
   467.097202736,33.36,Joules,power/energy-ram/,1000215974,100.00,,
   467.097202736,67.31,Joules,power/energy-pkg/,1000215410,100.00,,
   468.097364508,34.20,Joules,power/energy-ram/,1000153064,100.00,,
   468.097364508,79.60,Joules,power/energy-pkg/,1000152680,100.00,,
   469.097586305,34.26,Joules,power/energy-ram/,1000214871,100.00,,
   469.097586305,73.99,Joules,power/energy-pkg/,1000214520,100.00,,
   470.097808585,34.11,Joules,power/energy-ram/,1000213627,100.00,,
   470.097808585,63.67,Joules,power/energy-pkg/,1000213382,100.00,,
   471.098042987,30.95,Joules,power/energy-ram/,1000226800,100.00,,
   471.098042987,57.60,Joules,power/energy-pkg/,1000227058,100.00,,
   472.098247506,32.91,Joules,power/energy-ram/,1000196351,100.00,,
   472.098247506,54.86,Joules,power/energy-pkg/,1000196422,100.00,,
   473.098459516,33.11,Joules,power/energy-ram/,1000205313,100.00,,
   473.098459516,62.80,Joules,power/energy-pkg/,1000206099,100.00,,
   474.098674119,34.16,Joules,power/energy-ram/,1000206340,100.00,,
   474.098674119,78.37,Joules,power/energy-pkg/,1000205365,100.00,,
   475.098874057,34.37,Joules,power/energy-ram/,1000190651,100.00,,
   475.098874057,78.77,Joules,power/energy-pkg/,1000187253,100.00,,
   476.099057072,33.88,Joules,power/energy-ram/,1000177956,100.00,,
   476.099057072,61.76,Joules,power/energy-pkg/,1000180987,100.00,,
   477.099260488,31.23,Joules,power/energy-ram/,1000195982,100.00,,
   477.099260488,55.79,Joules,power/energy-pkg/,1000197379,100.00,,
   478.099478770,30.79,Joules,power/energy-ram/,1000209931,100.00,,
   478.099478770,49.09,Joules,power/energy-pkg/,1000209432,100.00,,
   479.099683112,30.68,Joules,power/energy-ram/,1000196669,100.00,,
   479.099683112,48.69,Joules,power/energy-pkg/,1000197173,100.00,,
   480.099932814,29.98,Joules,power/energy-ram/,1000241898,100.00,,
   480.099932814,52.05,Joules,power/energy-pkg/,1000241011,100.00,,
   481.100176923,28.43,Joules,power/energy-ram/,1000237622,100.00,,
   481.100176923,47.25,Joules,power/energy-pkg/,1000238060,100.00,,
   482.100397730,28.33,Joules,power/energy-ram/,1000212255,100.00,,
   482.100397730,49.13,Joules,power/energy-pkg/,1000211952,100.00,,
   483.100614185,32.57,Joules,power/energy-ram/,1000208205,100.00,,
   483.100614185,50.09,Joules,power/energy-pkg/,1000208644,100.00,,
   484.100842652,28.34,Joules,power/energy-ram/,1000222120,100.00,,
   484.100842652,50.90,Joules,power/energy-pkg/,1000221828,100.00,,
   485.101052108,32.69,Joules,power/energy-ram/,1000201806,100.00,,
   485.101052108,59.27,Joules,power/energy-pkg/,1000202436,100.00,,
   486.101208123,32.68,Joules,power/energy-ram/,1000147510,100.00,,
   486.101208123,57.13,Joules,power/energy-pkg/,1000146360,100.00,,
   487.101443317,31.67,Joules,power/energy-ram/,1000227410,100.00,,
   487.101443317,50.60,Joules,power/energy-pkg/,1000228724,100.00,,
   488.101665589,28.63,Joules,power/energy-ram/,1000214891,100.00,,
   488.101665589,44.86,Joules,power/energy-pkg/,1000213289,100.00,,
   489.101880339,28.63,Joules,power/energy-ram/,1000206731,100.00,,
   489.101880339,44.47,Joules,power/energy-pkg/,1000206562,100.00,,
   490.102088594,28.96,Joules,power/energy-ram/,1000202668,100.00,,
   490.102088594,45.18,Joules,power/energy-pkg/,1000203838,100.00,,
   491.102329371,29.43,Joules,power/energy-ram/,1000230370,100.00,,
   491.102329371,45.58,Joules,power/energy-pkg/,1000229538,100.00,,
   492.102574651,17.84,Joules,power/energy-ram/,1000239144,100.00,,
   492.102574651,30.76,Joules,power/energy-pkg/,1000240613,100.00,,
   493.102787159,8.74,Joules,power/energy-ram/,1000203942,100.00,,
   493.102787159,20.26,Joules,power/energy-pkg/,1000201956,100.00,,
   494.102989970,8.99,Joules,power/energy-ram/,1000194638,100.00,,
   494.102989970,20.54,Joules,power/energy-pkg/,1000194977,100.00,,
   495.103223382,9.92,Joules,power/energy-ram/,1000226753,100.00,,
   495.103223382,20.96,Joules,power/energy-pkg/,1000228085,100.00,,
   496.103447801,8.31,Joules,power/energy-ram/,1000215346,100.00,,
   496.103447801,20.10,Joules,power/energy-pkg/,1000215399,100.00,,
   497.103689407,9.52,Joules,power/energy-ram/,1000234203,100.00,,
   497.103689407,20.64,Joules,power/energy-pkg/,1000233462,100.00,,
   498.103914300,7.67,Joules,power/energy-ram/,1000217711,100.00,,
   498.103914300,19.92,Joules,power/energy-pkg/,1000216654,100.00,,
   499.104137018,9.14,Joules,power/energy-ram/,1000214356,100.00,,
   499.104137018,20.52,Joules,power/energy-pkg/,1000214553,100.00,,
   500.104358494,8.39,Joules,power/energy-ram/,1000214308,100.00,,
   500.104358494,20.36,Joules,power/energy-pkg/,1000215411,100.00,,
   501.104604679,8.77,Joules,power/energy-ram/,1000237674,100.00,,
   501.104604679,20.03,Joules,power/energy-pkg/,1000236402,100.00,,
   502.104802181,8.88,Joules,power/energy-ram/,1000190032,100.00,,
   502.104802181,20.41,Joules,power/energy-pkg/,1000190367,100.00,,
   503.105005498,8.60,Joules,power/energy-ram/,1000196826,100.00,,
   503.105005498,20.43,Joules,power/energy-pkg/,1000197460,100.00,,
   504.105206151,7.87,Joules,power/energy-ram/,1000192140,100.00,,
   504.105206151,20.03,Joules,power/energy-pkg/,1000191477,100.00,,
   505.105430875,9.27,Joules,power/energy-ram/,1000216260,100.00,,
   505.105430875,20.55,Joules,power/energy-pkg/,1000215876,100.00,,
   506.105667423,8.51,Joules,power/energy-ram/,1000230000,100.00,,
   506.105667423,20.46,Joules,power/energy-pkg/,1000230198,100.00,,
   507.105903438,9.05,Joules,power/energy-ram/,1000228372,100.00,,
   507.105903438,20.23,Joules,power/energy-pkg/,1000228751,100.00,,
   508.106139072,9.58,Joules,power/energy-ram/,1000227078,100.00,,
   508.106139072,20.69,Joules,power/energy-pkg/,1000226859,100.00,,
   509.106335942,9.58,Joules,power/energy-ram/,1000190478,100.00,,
   509.106335942,20.68,Joules,power/energy-pkg/,1000190824,100.00,,
   510.106570069,7.97,Joules,power/energy-ram/,1000225976,100.00,,
   510.106570069,20.11,Joules,power/energy-pkg/,1000225692,100.00,,
   511.106786931,9.76,Joules,power/energy-ram/,1000209048,100.00,,
   511.106786931,20.63,Joules,power/energy-pkg/,1000209390,100.00,,
   512.106986827,8.00,Joules,power/energy-ram/,1000192382,100.00,,
   512.106986827,19.99,Joules,power/energy-pkg/,1000191984,100.00,,
   513.107211803,9.49,Joules,power/energy-ram/,1000216574,100.00,,
   513.107211803,20.56,Joules,power/energy-pkg/,1000216691,100.00,,
   514.107442561,8.37,Joules,power/energy-ram/,1000224102,100.00,,
   514.107442561,20.43,Joules,power/energy-pkg/,1000224042,100.00,,
   515.107656698,8.54,Joules,power/energy-ram/,1000205955,100.00,,
   515.107656698,20.16,Joules,power/energy-pkg/,1000205540,100.00,,
   516.107896046,8.36,Joules,power/energy-ram/,1000231796,100.00,,
   516.107896046,20.29,Joules,power/energy-pkg/,1000232691,100.00,,
   517.108125772,9.08,Joules,power/energy-ram/,1000222948,100.00,,
   517.108125772,20.38,Joules,power/energy-pkg/,1000223366,100.00,,
   518.108354125,7.67,Joules,power/energy-ram/,1000219885,100.00,,
   518.108354125,19.80,Joules,power/energy-pkg/,1000218920,100.00,,
   519.108574463,9.61,Joules,power/energy-ram/,1000212817,100.00,,
   519.108574463,20.54,Joules,power/energy-pkg/,1000212743,100.00,,
   520.108774354,8.90,Joules,power/energy-ram/,1000192230,100.00,,
   520.108774354,20.45,Joules,power/energy-pkg/,1000192390,100.00,,
   521.108978256,8.74,Joules,power/energy-ram/,1000196348,100.00,,
   521.108978256,20.08,Joules,power/energy-pkg/,1000196070,100.00,,
