# started on Thu Apr 13 14:25:09 2023

     1.000157568,9.48,Joules,power/energy-ram/,1000148039,100.00,,
     1.000157568,20.68,Joules,power/energy-pkg/,1000147625,100.00,,
     2.000408542,18.30,Joules,power/energy-ram/,1000243111,100.00,,
     2.000408542,28.46,Joules,power/energy-pkg/,1000240295,100.00,,
     3.000648867,14.71,Joules,power/energy-ram/,1000234220,100.00,,
     3.000648867,23.63,Joules,power/energy-pkg/,1000236953,100.00,,
     4.000875787,11.74,Joules,power/energy-ram/,1000218486,100.00,,
     4.000875787,21.83,Joules,power/energy-pkg/,1000218738,100.00,,
     5.001123964,9.49,Joules,power/energy-ram/,1000237046,100.00,,
     5.001123964,20.41,Joules,power/energy-pkg/,1000233158,100.00,,
     6.001329654,9.20,Joules,power/energy-ram/,1000198518,100.00,,
     6.001329654,20.14,Joules,power/energy-pkg/,1000200616,100.00,,
     7.001548307,8.46,Joules,power/energy-ram/,1000211426,100.00,,
     7.001548307,20.07,Joules,power/energy-pkg/,1000211656,100.00,,
     8.001774417,9.71,Joules,power/energy-ram/,1000216711,100.00,,
     8.001774417,20.59,Joules,power/energy-pkg/,1000213221,100.00,,
     9.001962327,8.13,Joules,power/energy-ram/,1000181517,100.00,,
     9.001962327,19.85,Joules,power/energy-pkg/,1000185095,100.00,,
    10.002180379,9.82,Joules,power/energy-ram/,1000210930,100.00,,
    10.002180379,20.61,Joules,power/energy-pkg/,1000210598,100.00,,
    11.002416270,9.12,Joules,power/energy-ram/,1000226826,100.00,,
    11.002416270,20.37,Joules,power/energy-pkg/,1000223373,100.00,,
    12.002631814,9.13,Joules,power/energy-ram/,1000240510,100.00,,
    12.002631814,20.12,Joules,power/energy-pkg/,1000243693,100.00,,
    13.002897276,8.77,Joules,power/energy-ram/,1000227404,100.00,,
    13.002897276,20.23,Joules,power/energy-pkg/,1000227646,100.00,,
    14.003118979,8.72,Joules,power/energy-ram/,1000212343,100.00,,
    14.003118979,20.04,Joules,power/energy-pkg/,1000212424,100.00,,
    15.003353691,8.66,Joules,power/energy-ram/,1000227109,100.00,,
    15.003353691,20.06,Joules,power/energy-pkg/,1000227055,100.00,,
    16.003581399,9.61,Joules,power/energy-ram/,1000220282,100.00,,
    16.003581399,20.65,Joules,power/energy-pkg/,1000220238,100.00,,
    17.003817356,7.90,Joules,power/energy-ram/,1000227358,100.00,,
    17.003817356,19.77,Joules,power/energy-pkg/,1000227669,100.00,,
    18.004046408,9.68,Joules,power/energy-ram/,1000221411,100.00,,
    18.004046408,20.51,Joules,power/energy-pkg/,1000231912,100.00,,
    19.004270272,8.58,Joules,power/energy-ram/,1000216840,100.00,,
    19.004270272,20.26,Joules,power/energy-pkg/,1000206010,100.00,,
    20.004508075,8.47,Joules,power/energy-ram/,1000229071,100.00,,
    20.004508075,20.12,Joules,power/energy-pkg/,1000228193,100.00,,
    21.004746396,8.03,Joules,power/energy-ram/,1000232059,100.00,,
    21.004746396,19.98,Joules,power/energy-pkg/,1000233489,100.00,,
    22.004975389,11.56,Joules,power/energy-ram/,1000220872,100.00,,
    22.004975389,21.26,Joules,power/energy-pkg/,1000221159,100.00,,
    23.005205009,7.87,Joules,power/energy-ram/,1000220968,100.00,,
    23.005205009,19.70,Joules,power/energy-pkg/,1000220525,100.00,,
    24.005436635,9.40,Joules,power/energy-ram/,1000224630,100.00,,
    24.005436635,20.51,Joules,power/energy-pkg/,1000224693,100.00,,
    25.005633821,8.74,Joules,power/energy-ram/,1000189088,100.00,,
    25.005633821,20.10,Joules,power/energy-pkg/,1000189018,100.00,,
    26.005879440,8.77,Joules,power/energy-ram/,1000237142,100.00,,
    26.005879440,20.06,Joules,power/energy-pkg/,1000235760,100.00,,
    27.006108061,8.93,Joules,power/energy-ram/,1000221607,100.00,,
    27.006108061,20.31,Joules,power/energy-pkg/,1000222680,100.00,,
    28.006347631,8.93,Joules,power/energy-ram/,1000231063,100.00,,
    28.006347631,20.06,Joules,power/energy-pkg/,1000231254,100.00,,
    29.006586184,8.66,Joules,power/energy-ram/,1000231478,100.00,,
    29.006586184,20.22,Joules,power/energy-pkg/,1000231777,100.00,,
    30.006804566,9.28,Joules,power/energy-ram/,1000208782,100.00,,
    30.006804566,20.53,Joules,power/energy-pkg/,1000205952,100.00,,
    31.007016112,7.62,Joules,power/energy-ram/,1000204262,100.00,,
    31.007016112,19.75,Joules,power/energy-pkg/,1000205457,100.00,,
    32.007224330,9.85,Joules,power/energy-ram/,1000201796,100.00,,
    32.007224330,20.62,Joules,power/energy-pkg/,1000203322,100.00,,
    33.007461023,9.06,Joules,power/energy-ram/,1000228780,100.00,,
    33.007461023,20.26,Joules,power/energy-pkg/,1000228631,100.00,,
    34.007718537,8.77,Joules,power/energy-ram/,1000247108,100.00,,
    34.007718537,20.04,Joules,power/energy-pkg/,1000243738,100.00,,
    35.007901976,8.15,Joules,power/energy-ram/,1000178224,100.00,,
    35.007901976,19.91,Joules,power/energy-pkg/,1000181746,100.00,,
    36.008116649,9.30,Joules,power/energy-ram/,1000206918,100.00,,
    36.008116649,20.54,Joules,power/energy-pkg/,1000206598,100.00,,
    37.008357659,7.62,Joules,power/energy-ram/,1000233400,100.00,,
    37.008357659,19.76,Joules,power/energy-pkg/,1000233556,100.00,,
    38.008565242,9.50,Joules,power/energy-ram/,1000199950,100.00,,
    38.008565242,20.53,Joules,power/energy-pkg/,1000199539,100.00,,
    39.008768507,8.46,Joules,power/energy-ram/,1000195930,100.00,,
    39.008768507,19.98,Joules,power/energy-pkg/,1000196136,100.00,,
    40.009010794,9.26,Joules,power/energy-ram/,1000233961,100.00,,
    40.009010794,20.22,Joules,power/energy-pkg/,1000234198,100.00,,
    41.009245001,8.69,Joules,power/energy-ram/,1000227001,100.00,,
    41.009245001,20.24,Joules,power/energy-pkg/,1000226857,100.00,,
    42.009486545,8.29,Joules,power/energy-ram/,1000232815,100.00,,
    42.009486545,20.04,Joules,power/energy-pkg/,1000232812,100.00,,
    43.009703114,8.35,Joules,power/energy-ram/,1000209278,100.00,,
    43.009703114,20.20,Joules,power/energy-pkg/,1000209618,100.00,,
    44.009928300,9.42,Joules,power/energy-ram/,1000216798,100.00,,
    44.009928300,20.43,Joules,power/energy-pkg/,1000216559,100.00,,
    45.010160574,7.79,Joules,power/energy-ram/,1000224197,100.00,,
    45.010160574,19.56,Joules,power/energy-pkg/,1000223469,100.00,,
    46.010377959,9.49,Joules,power/energy-ram/,1000210120,100.00,,
    46.010377959,20.45,Joules,power/energy-pkg/,1000210658,100.00,,
    47.010595294,8.46,Joules,power/energy-ram/,1000209803,100.00,,
    47.010595294,20.24,Joules,power/energy-pkg/,1000210164,100.00,,
    48.010821992,8.47,Joules,power/energy-ram/,1000218764,100.00,,
    48.010821992,20.04,Joules,power/energy-pkg/,1000218766,100.00,,
    49.011068535,7.95,Joules,power/energy-ram/,1000239044,100.00,,
    49.011068535,20.02,Joules,power/energy-pkg/,1000238760,100.00,,
    50.011305949,9.62,Joules,power/energy-ram/,1000228495,100.00,,
    50.011305949,20.48,Joules,power/energy-pkg/,1000227686,100.00,,
    51.011522384,8.19,Joules,power/energy-ram/,1000209669,100.00,,
    51.011522384,19.82,Joules,power/energy-pkg/,1000210988,100.00,,
    52.011750355,9.21,Joules,power/energy-ram/,1000220278,100.00,,
    52.011750355,20.40,Joules,power/energy-pkg/,1000219546,100.00,,
    53.011937680,7.48,Joules,power/energy-ram/,1000176698,100.00,,
    53.011937680,19.81,Joules,power/energy-pkg/,1000173734,100.00,,
    54.012157102,9.13,Joules,power/energy-ram/,1000214950,100.00,,
    54.012157102,20.37,Joules,power/energy-pkg/,1000218130,100.00,,
    55.012395273,8.45,Joules,power/energy-ram/,1000229710,100.00,,
    55.012395273,20.09,Joules,power/energy-pkg/,1000229885,100.00,,
    56.012623926,8.87,Joules,power/energy-ram/,1000220680,100.00,,
    56.012623926,20.05,Joules,power/energy-pkg/,1000220376,100.00,,
    57.012848713,8.33,Joules,power/energy-ram/,1000217424,100.00,,
    57.012848713,19.99,Joules,power/energy-pkg/,1000218535,100.00,,
    58.013079545,9.22,Joules,power/energy-ram/,1000222846,100.00,,
    58.013079545,20.50,Joules,power/energy-pkg/,1000222314,100.00,,
    59.013316035,7.14,Joules,power/energy-ram/,1000228836,100.00,,
    59.013316035,19.65,Joules,power/energy-pkg/,1000228395,100.00,,
    60.013551798,9.10,Joules,power/energy-ram/,1000227904,100.00,,
    60.013551798,20.38,Joules,power/energy-pkg/,1000227676,100.00,,
    61.013789430,8.74,Joules,power/energy-ram/,1000230003,100.00,,
    61.013789430,19.98,Joules,power/energy-pkg/,1000230679,100.00,,
    62.014004374,9.09,Joules,power/energy-ram/,1000208722,100.00,,
    62.014004374,20.30,Joules,power/energy-pkg/,1000209252,100.00,,
    63.014256757,8.30,Joules,power/energy-ram/,1000243338,100.00,,
    63.014256757,19.93,Joules,power/energy-pkg/,1000242488,100.00,,
    64.014482967,8.69,Joules,power/energy-ram/,1000219140,100.00,,
    64.014482967,20.38,Joules,power/energy-pkg/,1000219173,100.00,,
    65.014687409,17.04,Joules,power/energy-ram/,1000199050,100.00,,
    65.014687409,24.92,Joules,power/energy-pkg/,1000200780,100.00,,
    66.014906112,19.36,Joules,power/energy-ram/,1000209380,100.00,,
    66.014906112,25.29,Joules,power/energy-pkg/,1000209772,100.00,,
    67.015146879,17.61,Joules,power/energy-ram/,1000232570,100.00,,
    67.015146879,24.26,Joules,power/energy-pkg/,1000232068,100.00,,
    68.015293544,20.45,Joules,power/energy-ram/,1000139855,100.00,,
    68.015293544,27.37,Joules,power/energy-pkg/,1000140051,100.00,,
    69.015447220,27.65,Joules,power/energy-ram/,1000144999,100.00,,
    69.015447220,42.07,Joules,power/energy-pkg/,1000143093,100.00,,
    70.015584088,32.83,Joules,power/energy-ram/,1000128747,100.00,,
    70.015584088,62.67,Joules,power/energy-pkg/,1000127483,100.00,,
    71.015713341,32.80,Joules,power/energy-ram/,1000122838,100.00,,
    71.015713341,66.03,Joules,power/energy-pkg/,1000124402,100.00,,
    72.015853343,33.59,Joules,power/energy-ram/,1000129918,100.00,,
    72.015853343,73.56,Joules,power/energy-pkg/,1000128292,100.00,,
    73.015973802,33.34,Joules,power/energy-ram/,1000111950,100.00,,
    73.015973802,90.74,Joules,power/energy-pkg/,1000110384,100.00,,
    74.016129443,33.45,Joules,power/energy-ram/,1000147404,100.00,,
    74.016129443,90.68,Joules,power/energy-pkg/,1000147550,100.00,,
    75.016334335,33.51,Joules,power/energy-ram/,1000199901,100.00,,
    75.016334335,96.95,Joules,power/energy-pkg/,1000203423,100.00,,
    76.016485561,33.38,Joules,power/energy-ram/,1000143191,100.00,,
    76.016485561,109.83,Joules,power/energy-pkg/,1000141968,100.00,,
    77.016633131,34.26,Joules,power/energy-ram/,1000138141,100.00,,
    77.016633131,117.66,Joules,power/energy-pkg/,1000137258,100.00,,
    78.016806877,34.27,Joules,power/energy-ram/,1000167730,100.00,,
    78.016806877,109.91,Joules,power/energy-pkg/,1000170166,100.00,,
    79.016954491,36.75,Joules,power/energy-ram/,1000137832,100.00,,
    79.016954491,104.58,Joules,power/energy-pkg/,1000133533,100.00,,
    80.017079139,37.31,Joules,power/energy-ram/,1000117423,100.00,,
    80.017079139,112.98,Joules,power/energy-pkg/,1000117192,100.00,,
    81.017210725,37.13,Joules,power/energy-ram/,1000136699,100.00,,
    81.017210725,110.36,Joules,power/energy-pkg/,1000138703,100.00,,
    82.017402916,37.21,Joules,power/energy-ram/,1000173541,100.00,,
    82.017402916,114.25,Joules,power/energy-pkg/,1000174052,100.00,,
    83.017591104,37.66,Joules,power/energy-ram/,1000180654,100.00,,
    83.017591104,113.60,Joules,power/energy-pkg/,1000181348,100.00,,
    84.017742545,36.16,Joules,power/energy-ram/,1000143693,100.00,,
    84.017742545,111.06,Joules,power/energy-pkg/,1000144942,100.00,,
    85.017962337,35.82,Joules,power/energy-ram/,1000212955,100.00,,
    85.017962337,113.08,Joules,power/energy-pkg/,1000212935,100.00,,
    86.018129068,36.96,Joules,power/energy-ram/,1000157898,100.00,,
    86.018129068,108.12,Joules,power/energy-pkg/,1000155332,100.00,,
    87.018325462,36.84,Joules,power/energy-ram/,1000188360,100.00,,
    87.018325462,108.70,Joules,power/energy-pkg/,1000190112,100.00,,
    88.018466849,37.93,Joules,power/energy-ram/,1000132849,100.00,,
    88.018466849,120.39,Joules,power/energy-pkg/,1000130687,100.00,,
    89.018647489,39.56,Joules,power/energy-ram/,1000172795,100.00,,
    89.018647489,123.44,Joules,power/energy-pkg/,1000172941,100.00,,
    90.018822777,40.05,Joules,power/energy-ram/,1000168731,100.00,,
    90.018822777,122.30,Joules,power/energy-pkg/,1000169752,100.00,,
    91.019044966,39.28,Joules,power/energy-ram/,1000215175,100.00,,
    91.019044966,124.86,Joules,power/energy-pkg/,1000217146,100.00,,
    92.019224313,37.19,Joules,power/energy-ram/,1000169805,100.00,,
    92.019224313,120.01,Joules,power/energy-pkg/,1000167074,100.00,,
    93.019366919,37.19,Joules,power/energy-ram/,1000136681,100.00,,
    93.019366919,120.06,Joules,power/energy-pkg/,1000139476,100.00,,
    94.019517009,35.64,Joules,power/energy-ram/,1000140438,100.00,,
    94.019517009,116.65,Joules,power/energy-pkg/,1000138698,100.00,,
    95.019658770,36.92,Joules,power/energy-ram/,1000133291,100.00,,
    95.019658770,117.10,Joules,power/energy-pkg/,1000130808,100.00,,
    96.019835120,37.09,Joules,power/energy-ram/,1000168787,100.00,,
    96.019835120,118.37,Joules,power/energy-pkg/,1000170162,100.00,,
    97.019977029,37.08,Joules,power/energy-ram/,1000136108,100.00,,
    97.019977029,115.60,Joules,power/energy-pkg/,1000137098,100.00,,
    98.020188976,38.49,Joules,power/energy-ram/,1000204184,100.00,,
    98.020188976,124.78,Joules,power/energy-pkg/,1000206068,100.00,,
    99.020405132,37.60,Joules,power/energy-ram/,1000208076,100.00,,
    99.020405132,118.82,Joules,power/energy-pkg/,1000207257,100.00,,
   100.020645124,36.37,Joules,power/energy-ram/,1000232133,100.00,,
   100.020645124,105.96,Joules,power/energy-pkg/,1000233006,100.00,,
   101.020853783,36.15,Joules,power/energy-ram/,1000199217,100.00,,
   101.020853783,105.09,Joules,power/energy-pkg/,1000196956,100.00,,
   102.021047561,37.14,Joules,power/energy-ram/,1000185625,100.00,,
   102.021047561,87.82,Joules,power/energy-pkg/,1000184732,100.00,,
   103.021260041,37.12,Joules,power/energy-ram/,1000206705,100.00,,
   103.021260041,92.06,Joules,power/energy-pkg/,1000207879,100.00,,
   104.021467420,37.76,Joules,power/energy-ram/,1000198607,100.00,,
   104.021467420,104.86,Joules,power/energy-pkg/,1000198427,100.00,,
   105.021680521,38.53,Joules,power/energy-ram/,1000204095,100.00,,
   105.021680521,106.67,Joules,power/energy-pkg/,1000202014,100.00,,
   106.021813068,38.10,Joules,power/energy-ram/,1000127408,100.00,,
   106.021813068,109.95,Joules,power/energy-pkg/,1000130745,100.00,,
   107.022028077,37.64,Joules,power/energy-ram/,1000207091,100.00,,
   107.022028077,106.28,Joules,power/energy-pkg/,1000207591,100.00,,
   108.022247070,37.24,Joules,power/energy-ram/,1000211049,100.00,,
   108.022247070,111.09,Joules,power/energy-pkg/,1000209884,100.00,,
   109.022452109,36.88,Joules,power/energy-ram/,1000196107,100.00,,
   109.022452109,101.53,Joules,power/energy-pkg/,1000194947,100.00,,
   110.022659133,36.18,Joules,power/energy-ram/,1000209250,100.00,,
   110.022659133,104.27,Joules,power/energy-pkg/,1000212323,100.00,,
   111.022882317,37.89,Joules,power/energy-ram/,1000206150,100.00,,
   111.022882317,112.53,Joules,power/energy-pkg/,1000204994,100.00,,
   112.023042465,36.84,Joules,power/energy-ram/,1000153648,100.00,,
   112.023042465,124.54,Joules,power/energy-pkg/,1000153790,100.00,,
   113.023261168,35.88,Joules,power/energy-ram/,1000210706,100.00,,
   113.023261168,116.68,Joules,power/energy-pkg/,1000210982,100.00,,
   114.023423151,35.33,Joules,power/energy-ram/,1000154060,100.00,,
   114.023423151,97.11,Joules,power/energy-pkg/,1000154178,100.00,,
   115.023637813,34.79,Joules,power/energy-ram/,1000205724,100.00,,
   115.023637813,78.48,Joules,power/energy-pkg/,1000205836,100.00,,
   116.023798002,34.16,Joules,power/energy-ram/,1000153970,100.00,,
   116.023798002,77.17,Joules,power/energy-pkg/,1000154212,100.00,,
   117.024018099,33.92,Joules,power/energy-ram/,1000211827,100.00,,
   117.024018099,78.02,Joules,power/energy-pkg/,1000211600,100.00,,
   118.024232321,35.12,Joules,power/energy-ram/,1000206523,100.00,,
   118.024232321,91.53,Joules,power/energy-pkg/,1000206428,100.00,,
   119.024447418,35.83,Joules,power/energy-ram/,1000206614,100.00,,
   119.024447418,92.64,Joules,power/energy-pkg/,1000205718,100.00,,
   120.024632841,36.62,Joules,power/energy-ram/,1000174921,100.00,,
   120.024632841,88.84,Joules,power/energy-pkg/,1000172138,100.00,,
   121.024808413,37.68,Joules,power/energy-ram/,1000169122,100.00,,
   121.024808413,91.87,Joules,power/energy-pkg/,1000170482,100.00,,
   122.025019014,38.12,Joules,power/energy-ram/,1000204415,100.00,,
   122.025019014,104.29,Joules,power/energy-pkg/,1000206549,100.00,,
   123.025223534,37.16,Joules,power/energy-ram/,1000196173,100.00,,
   123.025223534,100.44,Joules,power/energy-pkg/,1000194332,100.00,,
   124.025423253,37.14,Joules,power/energy-ram/,1000191368,100.00,,
   124.025423253,111.40,Joules,power/energy-pkg/,1000191993,100.00,,
   125.025625430,36.26,Joules,power/energy-ram/,1000194534,100.00,,
   125.025625430,106.40,Joules,power/energy-pkg/,1000193901,100.00,,
   126.025823122,34.43,Joules,power/energy-ram/,1000190549,100.00,,
   126.025823122,91.80,Joules,power/energy-pkg/,1000192338,100.00,,
   127.026045047,36.14,Joules,power/energy-ram/,1000214525,100.00,,
   127.026045047,94.35,Joules,power/energy-pkg/,1000214814,100.00,,
   128.026268729,36.18,Joules,power/energy-ram/,1000216569,100.00,,
   128.026268729,86.38,Joules,power/energy-pkg/,1000216806,100.00,,
   129.026488421,36.45,Joules,power/energy-ram/,1000210908,100.00,,
   129.026488421,87.55,Joules,power/energy-pkg/,1000209472,100.00,,
   130.026713187,37.99,Joules,power/energy-ram/,1000218143,100.00,,
   130.026713187,95.85,Joules,power/energy-pkg/,1000219428,100.00,,
   131.026935863,37.58,Joules,power/energy-ram/,1000214060,100.00,,
   131.026935863,104.77,Joules,power/energy-pkg/,1000214025,100.00,,
   132.027145216,36.77,Joules,power/energy-ram/,1000199312,100.00,,
   132.027145216,113.25,Joules,power/energy-pkg/,1000196036,100.00,,
   133.027278985,36.84,Joules,power/energy-ram/,1000127289,100.00,,
   133.027278985,111.11,Joules,power/energy-pkg/,1000128693,100.00,,
   134.027426919,36.70,Joules,power/energy-ram/,1000141797,100.00,,
   134.027426919,102.10,Joules,power/energy-pkg/,1000144446,100.00,,
   135.027647631,36.46,Joules,power/energy-ram/,1000211960,100.00,,
   135.027647631,94.79,Joules,power/energy-pkg/,1000209828,100.00,,
   136.027862633,37.14,Joules,power/energy-ram/,1000208028,100.00,,
   136.027862633,113.21,Joules,power/energy-pkg/,1000208842,100.00,,
   137.028081620,35.49,Joules,power/energy-ram/,1000211182,100.00,,
   137.028081620,109.85,Joules,power/energy-pkg/,1000211746,100.00,,
   138.028297321,33.55,Joules,power/energy-ram/,1000208032,100.00,,
   138.028297321,86.07,Joules,power/energy-pkg/,1000207426,100.00,,
   139.028527162,35.18,Joules,power/energy-ram/,1000221446,100.00,,
   139.028527162,89.25,Joules,power/energy-pkg/,1000222158,100.00,,
   140.028741046,35.95,Joules,power/energy-ram/,1000205578,100.00,,
   140.028741046,106.38,Joules,power/energy-pkg/,1000204574,100.00,,
   141.028948278,36.30,Joules,power/energy-ram/,1000200342,100.00,,
   141.028948278,107.79,Joules,power/energy-pkg/,1000200368,100.00,,
   142.029114177,36.66,Joules,power/energy-ram/,1000158472,100.00,,
   142.029114177,106.09,Joules,power/energy-pkg/,1000158160,100.00,,
   143.029299584,36.34,Joules,power/energy-ram/,1000174853,100.00,,
   143.029299584,89.98,Joules,power/energy-pkg/,1000171715,100.00,,
   144.029428449,37.02,Joules,power/energy-ram/,1000124561,100.00,,
   144.029428449,92.13,Joules,power/energy-pkg/,1000127256,100.00,,
   145.029632876,36.63,Joules,power/energy-ram/,1000193233,100.00,,
   145.029632876,89.98,Joules,power/energy-pkg/,1000191217,100.00,,
   146.029822453,36.44,Joules,power/energy-ram/,1000183620,100.00,,
   146.029822453,91.28,Joules,power/energy-pkg/,1000186682,100.00,,
   147.030040479,36.66,Joules,power/energy-ram/,1000210834,100.00,,
   147.030040479,97.75,Joules,power/energy-pkg/,1000211258,100.00,,
   148.030204649,35.72,Joules,power/energy-ram/,1000156309,100.00,,
   148.030204649,99.63,Joules,power/energy-pkg/,1000157161,100.00,,
   149.030423065,35.10,Joules,power/energy-ram/,1000209999,100.00,,
   149.030423065,92.00,Joules,power/energy-pkg/,1000209612,100.00,,
   150.030630633,35.47,Joules,power/energy-ram/,1000205744,100.00,,
   150.030630633,94.89,Joules,power/energy-pkg/,1000201650,100.00,,
   151.030826048,34.65,Joules,power/energy-ram/,1000181807,100.00,,
   151.030826048,94.01,Joules,power/energy-pkg/,1000184388,100.00,,
   152.031043322,35.73,Joules,power/energy-ram/,1000210182,100.00,,
   152.031043322,92.35,Joules,power/energy-pkg/,1000209980,100.00,,
   153.031194251,35.41,Joules,power/energy-ram/,1000142927,100.00,,
   153.031194251,89.85,Joules,power/energy-pkg/,1000144566,100.00,,
   154.031420926,35.18,Joules,power/energy-ram/,1000218460,100.00,,
   154.031420926,81.14,Joules,power/energy-pkg/,1000216176,100.00,,
   155.031619697,36.72,Joules,power/energy-ram/,1000191262,100.00,,
   155.031619697,90.40,Joules,power/energy-pkg/,1000194070,100.00,,
   156.031826537,38.38,Joules,power/energy-ram/,1000199927,100.00,,
   156.031826537,103.21,Joules,power/energy-pkg/,1000197454,100.00,,
   157.031988275,39.30,Joules,power/energy-ram/,1000154517,100.00,,
   157.031988275,117.21,Joules,power/energy-pkg/,1000156064,100.00,,
   158.032199517,39.65,Joules,power/energy-ram/,1000202806,100.00,,
   158.032199517,114.58,Joules,power/energy-pkg/,1000203102,100.00,,
   159.032403893,38.56,Joules,power/energy-ram/,1000195110,100.00,,
   159.032403893,116.51,Joules,power/energy-pkg/,1000193502,100.00,,
   160.032593352,37.40,Joules,power/energy-ram/,1000181037,100.00,,
   160.032593352,108.31,Joules,power/energy-pkg/,1000179131,100.00,,
   161.032772120,35.77,Joules,power/energy-ram/,1000170718,100.00,,
   161.032772120,90.24,Joules,power/energy-pkg/,1000170195,100.00,,
   162.032950947,36.69,Joules,power/energy-ram/,1000170583,100.00,,
   162.032950947,95.22,Joules,power/energy-pkg/,1000170838,100.00,,
   163.033131338,37.28,Joules,power/energy-ram/,1000175573,100.00,,
   163.033131338,107.02,Joules,power/energy-pkg/,1000179033,100.00,,
   164.033326888,38.51,Joules,power/energy-ram/,1000184705,100.00,,
   164.033326888,113.38,Joules,power/energy-pkg/,1000180745,100.00,,
   165.033499511,39.76,Joules,power/energy-ram/,1000165680,100.00,,
   165.033499511,120.03,Joules,power/energy-pkg/,1000166960,100.00,,
   166.033631634,39.98,Joules,power/energy-ram/,1000124198,100.00,,
   166.033631634,120.55,Joules,power/energy-pkg/,1000123572,100.00,,
   167.033767544,40.35,Joules,power/energy-ram/,1000128386,100.00,,
   167.033767544,122.93,Joules,power/energy-pkg/,1000127879,100.00,,
   168.033953288,39.49,Joules,power/energy-ram/,1000179119,100.00,,
   168.033953288,126.96,Joules,power/energy-pkg/,1000182677,100.00,,
   169.034160098,38.15,Joules,power/energy-ram/,1000197410,100.00,,
   169.034160098,124.41,Joules,power/energy-pkg/,1000194719,100.00,,
   170.034347635,36.01,Joules,power/energy-ram/,1000181839,100.00,,
   170.034347635,111.84,Joules,power/energy-pkg/,1000185307,100.00,,
   171.034554845,35.36,Joules,power/energy-ram/,1000199423,100.00,,
   171.034554845,99.42,Joules,power/energy-pkg/,1000199507,100.00,,
   172.034717695,34.72,Joules,power/energy-ram/,1000155028,100.00,,
   172.034717695,91.16,Joules,power/energy-pkg/,1000155064,100.00,,
   173.034936557,34.76,Joules,power/energy-ram/,1000210484,100.00,,
   173.034936557,101.05,Joules,power/energy-pkg/,1000209942,100.00,,
   174.035138358,34.83,Joules,power/energy-ram/,1000193471,100.00,,
   174.035138358,89.81,Joules,power/energy-pkg/,1000192406,100.00,,
   175.035298712,35.30,Joules,power/energy-ram/,1000154707,100.00,,
   175.035298712,79.62,Joules,power/energy-pkg/,1000155054,100.00,,
   176.035449070,35.51,Joules,power/energy-ram/,1000139595,100.00,,
   176.035449070,97.59,Joules,power/energy-pkg/,1000137338,100.00,,
   177.035642668,34.97,Joules,power/energy-ram/,1000187899,100.00,,
   177.035642668,95.45,Joules,power/energy-pkg/,1000191709,100.00,,
   178.035798656,35.55,Joules,power/energy-ram/,1000147484,100.00,,
   178.035798656,98.17,Joules,power/energy-pkg/,1000145275,100.00,,
   179.036037097,36.59,Joules,power/energy-ram/,1000230065,100.00,,
   179.036037097,115.46,Joules,power/energy-pkg/,1000230156,100.00,,
   180.036242940,36.02,Joules,power/energy-ram/,1000198847,100.00,,
   180.036242940,106.74,Joules,power/energy-pkg/,1000200060,100.00,,
   181.036440881,35.67,Joules,power/energy-ram/,1000188120,100.00,,
   181.036440881,97.77,Joules,power/energy-pkg/,1000184713,100.00,,
   182.036660137,35.59,Joules,power/energy-ram/,1000213743,100.00,,
   182.036660137,90.23,Joules,power/energy-pkg/,1000217174,100.00,,
   183.036847812,36.32,Joules,power/energy-ram/,1000178357,100.00,,
   183.036847812,88.38,Joules,power/energy-pkg/,1000175504,100.00,,
   184.037015015,36.66,Joules,power/energy-ram/,1000158080,100.00,,
   184.037015015,96.59,Joules,power/energy-pkg/,1000156924,100.00,,
   185.037198405,35.66,Joules,power/energy-ram/,1000177915,100.00,,
   185.037198405,90.39,Joules,power/energy-pkg/,1000180070,100.00,,
   186.037349365,34.36,Joules,power/energy-ram/,1000143968,100.00,,
   186.037349365,79.40,Joules,power/energy-pkg/,1000145939,100.00,,
   187.037562911,34.14,Joules,power/energy-ram/,1000204625,100.00,,
   187.037562911,74.98,Joules,power/energy-pkg/,1000202584,100.00,,
   188.037770275,35.78,Joules,power/energy-ram/,1000201860,100.00,,
   188.037770275,81.76,Joules,power/energy-pkg/,1000203865,100.00,,
   189.037988358,35.72,Joules,power/energy-ram/,1000208951,100.00,,
   189.037988358,88.09,Joules,power/energy-pkg/,1000208920,100.00,,
   190.038200630,35.80,Joules,power/energy-ram/,1000203854,100.00,,
   190.038200630,98.62,Joules,power/energy-pkg/,1000201809,100.00,,
   191.038404692,36.43,Joules,power/energy-ram/,1000197696,100.00,,
   191.038404692,98.61,Joules,power/energy-pkg/,1000200644,100.00,,
   192.038606677,36.75,Joules,power/energy-ram/,1000192582,100.00,,
   192.038606677,97.05,Joules,power/energy-pkg/,1000190470,100.00,,
   193.038785897,37.84,Joules,power/energy-ram/,1000173261,100.00,,
   193.038785897,100.29,Joules,power/energy-pkg/,1000174087,100.00,,
   194.038944345,36.79,Joules,power/energy-ram/,1000150222,100.00,,
   194.038944345,101.97,Joules,power/energy-pkg/,1000150812,100.00,,
   195.039099250,35.57,Joules,power/energy-ram/,1000147097,100.00,,
   195.039099250,89.31,Joules,power/energy-pkg/,1000145995,100.00,,
   196.039253828,34.17,Joules,power/energy-ram/,1000146568,100.00,,
   196.039253828,71.43,Joules,power/energy-pkg/,1000146631,100.00,,
   197.039476331,34.35,Joules,power/energy-ram/,1000214330,100.00,,
   197.039476331,71.71,Joules,power/energy-pkg/,1000215540,100.00,,
   198.039687633,32.81,Joules,power/energy-ram/,1000203326,100.00,,
   198.039687633,68.95,Joules,power/energy-pkg/,1000202986,100.00,,
   199.039839090,33.78,Joules,power/energy-ram/,1000145404,100.00,,
   199.039839090,75.92,Joules,power/energy-pkg/,1000145354,100.00,,
   200.040052569,33.69,Joules,power/energy-ram/,1000204650,100.00,,
   200.040052569,83.71,Joules,power/energy-pkg/,1000203995,100.00,,
   201.040262239,34.12,Joules,power/energy-ram/,1000201920,100.00,,
   201.040262239,73.97,Joules,power/energy-pkg/,1000202256,100.00,,
   202.040471346,33.24,Joules,power/energy-ram/,1000201426,100.00,,
   202.040471346,75.07,Joules,power/energy-pkg/,1000201455,100.00,,
   203.040682234,34.51,Joules,power/energy-ram/,1000203094,100.00,,
   203.040682234,87.50,Joules,power/energy-pkg/,1000203756,100.00,,
   204.040879258,34.26,Joules,power/energy-ram/,1000186534,100.00,,
   204.040879258,94.48,Joules,power/energy-pkg/,1000182894,100.00,,
   205.041051483,36.06,Joules,power/energy-ram/,1000165428,100.00,,
   205.041051483,108.35,Joules,power/energy-pkg/,1000166210,100.00,,
   206.041243459,37.94,Joules,power/energy-ram/,1000185164,100.00,,
   206.041243459,110.96,Joules,power/energy-pkg/,1000185603,100.00,,
   207.041382848,37.52,Joules,power/energy-ram/,1000130311,100.00,,
   207.041382848,110.04,Joules,power/energy-pkg/,1000128651,100.00,,
   208.041562062,38.99,Joules,power/energy-ram/,1000172952,100.00,,
   208.041562062,98.13,Joules,power/energy-pkg/,1000174232,100.00,,
   209.041743805,37.86,Joules,power/energy-ram/,1000173481,100.00,,
   209.041743805,93.85,Joules,power/energy-pkg/,1000172680,100.00,,
   210.041923686,36.59,Joules,power/energy-ram/,1000171114,100.00,,
   210.041923686,92.57,Joules,power/energy-pkg/,1000172112,100.00,,
   211.042116982,37.41,Joules,power/energy-ram/,1000187617,100.00,,
   211.042116982,95.09,Joules,power/energy-pkg/,1000188368,100.00,,
   212.042310636,39.17,Joules,power/energy-ram/,1000184201,100.00,,
   212.042310636,117.13,Joules,power/energy-pkg/,1000183450,100.00,,
   213.042454787,39.25,Joules,power/energy-ram/,1000137199,100.00,,
   213.042454787,127.07,Joules,power/energy-pkg/,1000136222,100.00,,
   214.042666157,39.32,Joules,power/energy-ram/,1000209852,100.00,,
   214.042666157,125.69,Joules,power/energy-pkg/,1000212702,100.00,,
   215.042827978,36.70,Joules,power/energy-ram/,1000149288,100.00,,
   215.042827978,115.41,Joules,power/energy-pkg/,1000148831,100.00,,
   216.043046579,35.43,Joules,power/energy-ram/,1000209920,100.00,,
   216.043046579,98.09,Joules,power/energy-pkg/,1000210218,100.00,,
   217.043257453,33.79,Joules,power/energy-ram/,1000202749,100.00,,
   217.043257453,81.69,Joules,power/energy-pkg/,1000202476,100.00,,
   218.043471772,34.43,Joules,power/energy-ram/,1000208225,100.00,,
   218.043471772,91.20,Joules,power/energy-pkg/,1000208950,100.00,,
   219.043679754,33.50,Joules,power/energy-ram/,1000198043,100.00,,
   219.043679754,83.61,Joules,power/energy-pkg/,1000196670,100.00,,
   220.043880071,33.41,Joules,power/energy-ram/,1000192835,100.00,,
   220.043880071,73.90,Joules,power/energy-pkg/,1000193786,100.00,,
   221.044091323,34.02,Joules,power/energy-ram/,1000203812,100.00,,
   221.044091323,76.45,Joules,power/energy-pkg/,1000203986,100.00,,
   222.044298319,33.66,Joules,power/energy-ram/,1000199302,100.00,,
   222.044298319,77.94,Joules,power/energy-pkg/,1000199224,100.00,,
   223.044501591,35.84,Joules,power/energy-ram/,1000195343,100.00,,
   223.044501591,98.37,Joules,power/energy-pkg/,1000194529,100.00,,
   224.044700951,35.74,Joules,power/energy-ram/,1000191121,100.00,,
   224.044700951,99.29,Joules,power/energy-pkg/,1000191119,100.00,,
   225.044917567,36.04,Joules,power/energy-ram/,1000209846,100.00,,
   225.044917567,103.27,Joules,power/energy-pkg/,1000211117,100.00,,
   226.045116637,35.87,Joules,power/energy-ram/,1000189110,100.00,,
   226.045116637,103.03,Joules,power/energy-pkg/,1000185637,100.00,,
   227.045299223,35.34,Joules,power/energy-ram/,1000176649,100.00,,
   227.045299223,105.27,Joules,power/energy-pkg/,1000178932,100.00,,
   228.045493186,35.72,Joules,power/energy-ram/,1000184183,100.00,,
   228.045493186,97.95,Joules,power/energy-pkg/,1000181503,100.00,,
   229.045659281,37.34,Joules,power/energy-ram/,1000158788,100.00,,
   229.045659281,99.85,Joules,power/energy-pkg/,1000158999,100.00,,
   230.045842008,36.69,Joules,power/energy-ram/,1000176325,100.00,,
   230.045842008,88.74,Joules,power/energy-pkg/,1000179082,100.00,,
   231.046064478,36.60,Joules,power/energy-ram/,1000215439,100.00,,
   231.046064478,81.94,Joules,power/energy-pkg/,1000215158,100.00,,
   232.046277269,36.05,Joules,power/energy-ram/,1000204396,100.00,,
   232.046277269,83.28,Joules,power/energy-pkg/,1000205298,100.00,,
   233.046486644,34.27,Joules,power/energy-ram/,1000200716,100.00,,
   233.046486644,71.96,Joules,power/energy-pkg/,1000199794,100.00,,
   234.046714672,33.62,Joules,power/energy-ram/,1000221573,100.00,,
   234.046714672,66.68,Joules,power/energy-pkg/,1000221819,100.00,,
   235.046867622,34.58,Joules,power/energy-ram/,1000143928,100.00,,
   235.046867622,84.99,Joules,power/energy-pkg/,1000142911,100.00,,
   236.047019670,34.42,Joules,power/energy-ram/,1000145747,100.00,,
   236.047019670,90.16,Joules,power/energy-pkg/,1000147867,100.00,,
   237.047180567,36.39,Joules,power/energy-ram/,1000153561,100.00,,
   237.047180567,106.74,Joules,power/energy-pkg/,1000152355,100.00,,
   238.047330619,35.77,Joules,power/energy-ram/,1000139280,100.00,,
   238.047330619,96.85,Joules,power/energy-pkg/,1000136718,100.00,,
   239.047520641,36.69,Joules,power/energy-ram/,1000184721,100.00,,
   239.047520641,104.97,Joules,power/energy-pkg/,1000187228,100.00,,
   240.047673035,36.75,Joules,power/energy-ram/,1000143569,100.00,,
   240.047673035,107.65,Joules,power/energy-pkg/,1000145245,100.00,,
   241.047933295,36.87,Joules,power/energy-ram/,1000254914,100.00,,
   241.047933295,97.07,Joules,power/energy-pkg/,1000254850,100.00,,
   242.048196238,36.05,Joules,power/energy-ram/,1000254195,100.00,,
   242.048196238,92.84,Joules,power/energy-pkg/,1000253624,100.00,,
   243.048409370,35.95,Joules,power/energy-ram/,1000205401,100.00,,
   243.048409370,86.19,Joules,power/energy-pkg/,1000205754,100.00,,
   244.048621259,37.40,Joules,power/energy-ram/,1000203597,100.00,,
   244.048621259,94.11,Joules,power/energy-pkg/,1000201818,100.00,,
   245.048824353,36.89,Joules,power/energy-ram/,1000193929,100.00,,
   245.048824353,97.31,Joules,power/energy-pkg/,1000192990,100.00,,
   246.048982428,37.36,Joules,power/energy-ram/,1000152830,100.00,,
   246.048982428,101.88,Joules,power/energy-pkg/,1000154962,100.00,,
   247.049202084,38.10,Joules,power/energy-ram/,1000208861,100.00,,
   247.049202084,108.92,Joules,power/energy-pkg/,1000206941,100.00,,
   248.049403184,35.69,Joules,power/energy-ram/,1000195153,100.00,,
   248.049403184,102.15,Joules,power/energy-pkg/,1000197715,100.00,,
   249.049599289,33.77,Joules,power/energy-ram/,1000185770,100.00,,
   249.049599289,88.70,Joules,power/energy-pkg/,1000182103,100.00,,
   250.049785094,36.44,Joules,power/energy-ram/,1000180360,100.00,,
   250.049785094,95.67,Joules,power/energy-pkg/,1000183537,100.00,,
   251.049993782,36.75,Joules,power/energy-ram/,1000201543,100.00,,
   251.049993782,103.78,Joules,power/energy-pkg/,1000201636,100.00,,
   252.050233773,37.35,Joules,power/energy-ram/,1000231185,100.00,,
   252.050233773,91.25,Joules,power/energy-pkg/,1000230456,100.00,,
   253.050451916,37.44,Joules,power/energy-ram/,1000211908,100.00,,
   253.050451916,86.81,Joules,power/energy-pkg/,1000213502,100.00,,
   254.050606938,36.65,Joules,power/energy-ram/,1000144444,100.00,,
   254.050606938,95.85,Joules,power/energy-pkg/,1000140087,100.00,,
   255.050804830,34.51,Joules,power/energy-ram/,1000192520,100.00,,
   255.050804830,84.59,Joules,power/energy-pkg/,1000195515,100.00,,
   256.051022592,33.27,Joules,power/energy-ram/,1000210213,100.00,,
   256.051022592,74.34,Joules,power/energy-pkg/,1000210349,100.00,,
   257.051238009,34.22,Joules,power/energy-ram/,1000206347,100.00,,
   257.051238009,81.12,Joules,power/energy-pkg/,1000206629,100.00,,
   258.051456780,35.55,Joules,power/energy-ram/,1000210956,100.00,,
   258.051456780,97.14,Joules,power/energy-pkg/,1000210401,100.00,,
   259.051678335,37.22,Joules,power/energy-ram/,1000215180,100.00,,
   259.051678335,101.82,Joules,power/energy-pkg/,1000216348,100.00,,
   260.051838887,38.66,Joules,power/energy-ram/,1000152062,100.00,,
   260.051838887,98.30,Joules,power/energy-pkg/,1000149361,100.00,,
   261.052090416,38.04,Joules,power/energy-ram/,1000244165,100.00,,
   261.052090416,100.61,Joules,power/energy-pkg/,1000246249,100.00,,
   262.052309749,37.72,Joules,power/energy-ram/,1000211088,100.00,,
   262.052309749,98.87,Joules,power/energy-pkg/,1000212004,100.00,,
   263.052511872,36.70,Joules,power/energy-ram/,1000192066,100.00,,
   263.052511872,93.10,Joules,power/energy-pkg/,1000187725,100.00,,
   264.052706928,34.59,Joules,power/energy-ram/,1000190244,100.00,,
   264.052706928,79.23,Joules,power/energy-pkg/,1000193659,100.00,,
   265.052925324,34.26,Joules,power/energy-ram/,1000209654,100.00,,
   265.052925324,70.27,Joules,power/energy-pkg/,1000209602,100.00,,
   266.053130651,36.07,Joules,power/energy-ram/,1000197758,100.00,,
   266.053130651,81.85,Joules,power/energy-pkg/,1000198294,100.00,,
   267.053289744,36.47,Joules,power/energy-ram/,1000151630,100.00,,
   267.053289744,87.11,Joules,power/energy-pkg/,1000151264,100.00,,
   268.053505264,35.58,Joules,power/energy-ram/,1000207441,100.00,,
   268.053505264,93.33,Joules,power/energy-pkg/,1000205845,100.00,,
   269.053713815,37.99,Joules,power/energy-ram/,1000200867,100.00,,
   269.053713815,108.38,Joules,power/energy-pkg/,1000202145,100.00,,
   270.053932295,36.10,Joules,power/energy-ram/,1000210770,100.00,,
   270.053932295,106.87,Joules,power/energy-pkg/,1000211270,100.00,,
   271.054094366,35.52,Joules,power/energy-ram/,1000153126,100.00,,
   271.054094366,96.36,Joules,power/energy-pkg/,1000152650,100.00,,
   272.054316942,34.37,Joules,power/energy-ram/,1000215246,100.00,,
   272.054316942,80.90,Joules,power/energy-pkg/,1000215551,100.00,,
   273.054534434,33.30,Joules,power/energy-ram/,1000209764,100.00,,
   273.054534434,68.14,Joules,power/energy-pkg/,1000209584,100.00,,
   274.054746547,32.97,Joules,power/energy-ram/,1000205151,100.00,,
   274.054746547,63.41,Joules,power/energy-pkg/,1000205642,100.00,,
   275.054901071,33.91,Joules,power/energy-ram/,1000146498,100.00,,
   275.054901071,75.94,Joules,power/energy-pkg/,1000145945,100.00,,
   276.055048620,33.10,Joules,power/energy-ram/,1000140106,100.00,,
   276.055048620,64.77,Joules,power/energy-pkg/,1000140244,100.00,,
   277.055275024,34.07,Joules,power/energy-ram/,1000219456,100.00,,
   277.055275024,76.58,Joules,power/energy-pkg/,1000219447,100.00,,
   278.055431600,34.07,Joules,power/energy-ram/,1000148194,100.00,,
   278.055431600,90.74,Joules,power/energy-pkg/,1000148371,100.00,,
   279.055581093,33.62,Joules,power/energy-ram/,1000139380,100.00,,
   279.055581093,87.49,Joules,power/energy-pkg/,1000135606,100.00,,
   280.055752346,36.16,Joules,power/energy-ram/,1000164379,100.00,,
   280.055752346,97.92,Joules,power/energy-pkg/,1000165726,100.00,,
   281.055892419,35.63,Joules,power/energy-ram/,1000132297,100.00,,
   281.055892419,110.52,Joules,power/energy-pkg/,1000132520,100.00,,
   282.056085850,36.44,Joules,power/energy-ram/,1000185263,100.00,,
   282.056085850,111.26,Joules,power/energy-pkg/,1000185173,100.00,,
   283.056274834,37.19,Joules,power/energy-ram/,1000182180,100.00,,
   283.056274834,104.47,Joules,power/energy-pkg/,1000183385,100.00,,
   284.056491210,35.63,Joules,power/energy-ram/,1000209341,100.00,,
   284.056491210,82.51,Joules,power/energy-pkg/,1000210937,100.00,,
   285.056702388,36.58,Joules,power/energy-ram/,1000201794,100.00,,
   285.056702388,97.44,Joules,power/energy-pkg/,1000198301,100.00,,
   286.056895359,36.66,Joules,power/energy-ram/,1000186668,100.00,,
   286.056895359,109.16,Joules,power/energy-pkg/,1000189731,100.00,,
   287.057108443,35.94,Joules,power/energy-ram/,1000205223,100.00,,
   287.057108443,115.22,Joules,power/energy-pkg/,1000204165,100.00,,
   288.057313612,36.39,Joules,power/energy-ram/,1000197877,100.00,,
   288.057313612,98.96,Joules,power/energy-pkg/,1000199417,100.00,,
   289.057468764,35.60,Joules,power/energy-ram/,1000145361,100.00,,
   289.057468764,94.74,Joules,power/energy-pkg/,1000140324,100.00,,
   290.057643357,35.98,Joules,power/energy-ram/,1000166007,100.00,,
   290.057643357,89.28,Joules,power/energy-pkg/,1000166580,100.00,,
   291.057817324,37.81,Joules,power/energy-ram/,1000167492,100.00,,
   291.057817324,98.51,Joules,power/energy-pkg/,1000168844,100.00,,
   292.058009124,38.84,Joules,power/energy-ram/,1000185310,100.00,,
   292.058009124,106.16,Joules,power/energy-pkg/,1000186540,100.00,,
   293.058242676,39.20,Joules,power/energy-ram/,1000224193,100.00,,
   293.058242676,111.90,Joules,power/energy-pkg/,1000223545,100.00,,
   294.058427496,37.99,Joules,power/energy-ram/,1000176283,100.00,,
   294.058427496,110.41,Joules,power/energy-pkg/,1000174350,100.00,,
   295.058556162,36.01,Joules,power/energy-ram/,1000121753,100.00,,
   295.058556162,107.79,Joules,power/energy-pkg/,1000122704,100.00,,
   296.058785209,36.57,Joules,power/energy-ram/,1000222199,100.00,,
   296.058785209,103.95,Joules,power/energy-pkg/,1000224209,100.00,,
   297.058991733,36.44,Joules,power/energy-ram/,1000198891,100.00,,
   297.058991733,101.71,Joules,power/energy-pkg/,1000198086,100.00,,
   298.059195377,34.80,Joules,power/energy-ram/,1000195929,100.00,,
   298.059195377,81.83,Joules,power/energy-pkg/,1000198009,100.00,,
   299.059416432,34.81,Joules,power/energy-ram/,1000213801,100.00,,
   299.059416432,76.00,Joules,power/energy-pkg/,1000212911,100.00,,
   300.059642256,35.24,Joules,power/energy-ram/,1000217433,100.00,,
   300.059642256,88.39,Joules,power/energy-pkg/,1000217386,100.00,,
   301.059854422,35.85,Joules,power/energy-ram/,1000204425,100.00,,
   301.059854422,94.02,Joules,power/energy-pkg/,1000203686,100.00,,
   302.060082218,36.04,Joules,power/energy-ram/,1000220186,100.00,,
   302.060082218,88.83,Joules,power/energy-pkg/,1000221912,100.00,,
   303.060302182,35.86,Joules,power/energy-ram/,1000212308,100.00,,
   303.060302182,77.25,Joules,power/energy-pkg/,1000212241,100.00,,
   304.060518489,37.19,Joules,power/energy-ram/,1000208363,100.00,,
   304.060518489,87.56,Joules,power/energy-pkg/,1000206998,100.00,,
   305.060731432,36.65,Joules,power/energy-ram/,1000205915,100.00,,
   305.060731432,85.63,Joules,power/energy-pkg/,1000206516,100.00,,
   306.060946759,36.65,Joules,power/energy-ram/,1000206554,100.00,,
   306.060946759,93.41,Joules,power/energy-pkg/,1000206396,100.00,,
   307.061157009,35.88,Joules,power/energy-ram/,1000203706,100.00,,
   307.061157009,88.33,Joules,power/energy-pkg/,1000203732,100.00,,
   308.061365544,36.05,Joules,power/energy-ram/,1000199825,100.00,,
   308.061365544,89.54,Joules,power/energy-pkg/,1000198999,100.00,,
   309.061569524,36.35,Joules,power/energy-ram/,1000196611,100.00,,
   309.061569524,86.29,Joules,power/energy-pkg/,1000197595,100.00,,
   310.061777315,35.21,Joules,power/energy-ram/,1000198518,100.00,,
   310.061777315,77.52,Joules,power/energy-pkg/,1000197479,100.00,,
   311.061983349,35.21,Joules,power/energy-ram/,1000198583,100.00,,
   311.061983349,72.80,Joules,power/energy-pkg/,1000198737,100.00,,
   312.062188786,36.33,Joules,power/energy-ram/,1000198507,100.00,,
   312.062188786,84.38,Joules,power/energy-pkg/,1000199734,100.00,,
   313.062342828,35.65,Joules,power/energy-ram/,1000144216,100.00,,
   313.062342828,83.25,Joules,power/energy-pkg/,1000140101,100.00,,
   314.062528780,35.39,Joules,power/energy-ram/,1000180324,100.00,,
   314.062528780,83.52,Joules,power/energy-pkg/,1000184963,100.00,,
   315.062756788,35.20,Joules,power/energy-ram/,1000220651,100.00,,
   315.062756788,81.38,Joules,power/energy-pkg/,1000219653,100.00,,
   316.062974374,35.14,Joules,power/energy-ram/,1000208576,100.00,,
   316.062974374,85.32,Joules,power/energy-pkg/,1000209220,100.00,,
   317.063173498,34.22,Joules,power/energy-ram/,1000190315,100.00,,
   317.063173498,89.23,Joules,power/energy-pkg/,1000186982,100.00,,
   318.063385170,34.64,Joules,power/energy-ram/,1000205654,100.00,,
   318.063385170,100.07,Joules,power/energy-pkg/,1000209602,100.00,,
   319.063601295,34.22,Joules,power/energy-ram/,1000209221,100.00,,
   319.063601295,97.99,Joules,power/energy-pkg/,1000208096,100.00,,
   320.063811856,34.37,Joules,power/energy-ram/,1000199929,100.00,,
   320.063811856,92.81,Joules,power/energy-pkg/,1000197438,100.00,,
   321.064000756,35.40,Joules,power/energy-ram/,1000181795,100.00,,
   321.064000756,89.73,Joules,power/energy-pkg/,1000182739,100.00,,
   322.064203487,36.19,Joules,power/energy-ram/,1000196501,100.00,,
   322.064203487,79.18,Joules,power/energy-pkg/,1000198263,100.00,,
   323.064419105,36.49,Joules,power/energy-ram/,1000207645,100.00,,
   323.064419105,95.45,Joules,power/energy-pkg/,1000207712,100.00,,
   324.064635315,36.47,Joules,power/energy-ram/,1000208959,100.00,,
   324.064635315,100.91,Joules,power/energy-pkg/,1000208332,100.00,,
   325.064853733,35.90,Joules,power/energy-ram/,1000209479,100.00,,
   325.064853733,97.13,Joules,power/energy-pkg/,1000208650,100.00,,
   326.065063415,34.82,Joules,power/energy-ram/,1000202516,100.00,,
   326.065063415,92.25,Joules,power/energy-pkg/,1000204334,100.00,,
   327.065279057,34.10,Joules,power/energy-ram/,1000207665,100.00,,
   327.065279057,88.68,Joules,power/energy-pkg/,1000207156,100.00,,
   328.065489013,33.99,Joules,power/energy-ram/,1000202191,100.00,,
   328.065489013,98.66,Joules,power/energy-pkg/,1000202293,100.00,,
   329.065696881,33.95,Joules,power/energy-ram/,1000200066,100.00,,
   329.065696881,85.77,Joules,power/energy-pkg/,1000200305,100.00,,
   330.065911233,33.62,Joules,power/energy-ram/,1000205900,100.00,,
   330.065911233,77.39,Joules,power/energy-pkg/,1000205246,100.00,,
   331.066125529,33.43,Joules,power/energy-ram/,1000206696,100.00,,
   331.066125529,70.22,Joules,power/energy-pkg/,1000206316,100.00,,
   332.066345023,34.85,Joules,power/energy-ram/,1000211564,100.00,,
   332.066345023,80.20,Joules,power/energy-pkg/,1000210864,100.00,,
   333.066528622,34.64,Joules,power/energy-ram/,1000174594,100.00,,
   333.066528622,85.63,Joules,power/energy-pkg/,1000172578,100.00,,
   334.066657777,35.31,Joules,power/energy-ram/,1000133590,100.00,,
   334.066657777,94.92,Joules,power/energy-pkg/,1000136668,100.00,,
   335.066890843,35.07,Joules,power/energy-ram/,1000216266,100.00,,
   335.066890843,87.45,Joules,power/energy-pkg/,1000216585,100.00,,
   336.067117159,35.52,Joules,power/energy-ram/,1000218288,100.00,,
   336.067117159,105.33,Joules,power/energy-pkg/,1000219069,100.00,,
   337.067338667,35.29,Joules,power/energy-ram/,1000211816,100.00,,
   337.067338667,112.37,Joules,power/energy-pkg/,1000210344,100.00,,
   338.067486372,33.85,Joules,power/energy-ram/,1000141440,100.00,,
   338.067486372,101.80,Joules,power/energy-pkg/,1000142838,100.00,,
   339.067700924,33.93,Joules,power/energy-ram/,1000206670,100.00,,
   339.067700924,91.65,Joules,power/energy-pkg/,1000205658,100.00,,
   340.067862247,34.38,Joules,power/energy-ram/,1000152751,100.00,,
   340.067862247,88.61,Joules,power/energy-pkg/,1000153081,100.00,,
   341.068074286,36.56,Joules,power/energy-ram/,1000203941,100.00,,
   341.068074286,105.64,Joules,power/energy-pkg/,1000202753,100.00,,
   342.068261994,35.51,Joules,power/energy-ram/,1000178197,100.00,,
   342.068261994,92.49,Joules,power/energy-pkg/,1000176261,100.00,,
   343.068443108,35.91,Joules,power/energy-ram/,1000175524,100.00,,
   343.068443108,84.25,Joules,power/energy-pkg/,1000176939,100.00,,
   344.068632006,35.41,Joules,power/energy-ram/,1000180375,100.00,,
   344.068632006,89.09,Joules,power/energy-pkg/,1000180683,100.00,,
   345.068813831,35.07,Joules,power/energy-ram/,1000172550,100.00,,
   345.068813831,98.93,Joules,power/energy-pkg/,1000170788,100.00,,
   346.068999086,34.85,Joules,power/energy-ram/,1000179261,100.00,,
   346.068999086,110.60,Joules,power/energy-pkg/,1000180954,100.00,,
   347.069187011,34.19,Joules,power/energy-ram/,1000178768,100.00,,
   347.069187011,99.18,Joules,power/energy-pkg/,1000177008,100.00,,
   348.069373464,35.84,Joules,power/energy-ram/,1000181174,100.00,,
   348.069373464,84.70,Joules,power/energy-pkg/,1000185000,100.00,,
   349.069596009,36.66,Joules,power/energy-ram/,1000215394,100.00,,
   349.069596009,100.06,Joules,power/energy-pkg/,1000215728,100.00,,
   350.069807824,35.54,Joules,power/energy-ram/,1000203588,100.00,,
   350.069807824,105.59,Joules,power/energy-pkg/,1000202916,100.00,,
   351.070011633,35.25,Joules,power/energy-ram/,1000196232,100.00,,
   351.070011633,100.61,Joules,power/energy-pkg/,1000195440,100.00,,
   352.070168597,33.53,Joules,power/energy-ram/,1000148986,100.00,,
   352.070168597,95.67,Joules,power/energy-pkg/,1000148504,100.00,,
   353.070381851,34.35,Joules,power/energy-ram/,1000205001,100.00,,
   353.070381851,96.64,Joules,power/energy-pkg/,1000205662,100.00,,
   354.070600242,34.88,Joules,power/energy-ram/,1000210923,100.00,,
   354.070600242,92.45,Joules,power/energy-pkg/,1000211900,100.00,,
   355.070823895,36.48,Joules,power/energy-ram/,1000213634,100.00,,
   355.070823895,107.29,Joules,power/energy-pkg/,1000209884,100.00,,
   356.071015476,36.92,Joules,power/energy-ram/,1000186252,100.00,,
   356.071015476,114.93,Joules,power/energy-pkg/,1000189302,100.00,,
   357.071236632,36.27,Joules,power/energy-ram/,1000213531,100.00,,
   357.071236632,96.69,Joules,power/energy-pkg/,1000214128,100.00,,
   358.071466718,37.64,Joules,power/energy-ram/,1000221819,100.00,,
   358.071466718,102.96,Joules,power/energy-pkg/,1000220882,100.00,,
   359.071670574,37.64,Joules,power/energy-ram/,1000195960,100.00,,
   359.071670574,94.30,Joules,power/energy-pkg/,1000195785,100.00,,
   360.071828741,36.91,Joules,power/energy-ram/,1000150400,100.00,,
   360.071828741,97.35,Joules,power/energy-pkg/,1000151223,100.00,,
   361.071994609,36.95,Joules,power/energy-ram/,1000158463,100.00,,
   361.071994609,101.87,Joules,power/energy-pkg/,1000157430,100.00,,
   362.072230550,34.73,Joules,power/energy-ram/,1000228288,100.00,,
   362.072230550,88.09,Joules,power/energy-pkg/,1000228896,100.00,,
   363.072443171,34.96,Joules,power/energy-ram/,1000204449,100.00,,
   363.072443171,94.16,Joules,power/energy-pkg/,1000205151,100.00,,
   364.072652684,34.27,Joules,power/energy-ram/,1000201682,100.00,,
   364.072652684,93.67,Joules,power/energy-pkg/,1000200584,100.00,,
   365.072806401,33.92,Joules,power/energy-ram/,1000145694,100.00,,
   365.072806401,84.68,Joules,power/energy-pkg/,1000145643,100.00,,
   366.073031098,34.49,Joules,power/energy-ram/,1000217204,100.00,,
   366.073031098,68.80,Joules,power/energy-pkg/,1000217787,100.00,,
   367.073241345,35.39,Joules,power/energy-ram/,1000202940,100.00,,
   367.073241345,86.05,Joules,power/energy-pkg/,1000202422,100.00,,
   368.073455780,35.16,Joules,power/energy-ram/,1000206371,100.00,,
   368.073455780,86.14,Joules,power/energy-pkg/,1000207417,100.00,,
   369.073677211,36.08,Joules,power/energy-ram/,1000213002,100.00,,
   369.073677211,98.45,Joules,power/energy-pkg/,1000211864,100.00,,
   370.073879786,36.96,Joules,power/energy-ram/,1000195498,100.00,,
   370.073879786,114.95,Joules,power/energy-pkg/,1000195661,100.00,,
   371.074084774,35.16,Joules,power/energy-ram/,1000196657,100.00,,
   371.074084774,114.47,Joules,power/energy-pkg/,1000194989,100.00,,
   372.074302920,35.96,Joules,power/energy-ram/,1000210809,100.00,,
   372.074302920,110.51,Joules,power/energy-pkg/,1000213089,100.00,,
   373.074508714,37.09,Joules,power/energy-ram/,1000197614,100.00,,
   373.074508714,105.86,Joules,power/energy-pkg/,1000197324,100.00,,
   374.074764913,35.57,Joules,power/energy-ram/,1000249192,100.00,,
   374.074764913,98.10,Joules,power/energy-pkg/,1000249375,100.00,,
   375.074980625,35.39,Joules,power/energy-ram/,1000207728,100.00,,
   375.074980625,92.24,Joules,power/energy-pkg/,1000207655,100.00,,
   376.075135097,36.71,Joules,power/energy-ram/,1000147145,100.00,,
   376.075135097,102.58,Joules,power/energy-pkg/,1000145811,100.00,,
   377.075336350,35.54,Joules,power/energy-ram/,1000192770,100.00,,
   377.075336350,90.89,Joules,power/energy-pkg/,1000192880,100.00,,
   378.075543648,36.57,Joules,power/energy-ram/,1000200165,100.00,,
   378.075543648,92.47,Joules,power/energy-pkg/,1000201649,100.00,,
   379.075693011,35.19,Joules,power/energy-ram/,1000138776,100.00,,
   379.075693011,108.72,Joules,power/energy-pkg/,1000135314,100.00,,
   380.075895546,36.41,Joules,power/energy-ram/,1000196824,100.00,,
   380.075895546,100.93,Joules,power/energy-pkg/,1000200082,100.00,,
   381.076112224,35.12,Joules,power/energy-ram/,1000209313,100.00,,
   381.076112224,100.88,Joules,power/energy-pkg/,1000210264,100.00,,
   382.076330579,35.59,Joules,power/energy-ram/,1000210657,100.00,,
   382.076330579,100.66,Joules,power/energy-pkg/,1000209609,100.00,,
   383.076539210,35.52,Joules,power/energy-ram/,1000200441,100.00,,
   383.076539210,98.99,Joules,power/energy-pkg/,1000200529,100.00,,
   384.076754240,34.97,Joules,power/energy-ram/,1000206550,100.00,,
   384.076754240,86.33,Joules,power/energy-pkg/,1000206497,100.00,,
   385.076970928,36.69,Joules,power/energy-ram/,1000209976,100.00,,
   385.076970928,91.04,Joules,power/energy-pkg/,1000210070,100.00,,
   386.077174464,36.66,Joules,power/energy-ram/,1000194467,100.00,,
   386.077174464,111.62,Joules,power/energy-pkg/,1000193124,100.00,,
   387.077388898,34.94,Joules,power/energy-ram/,1000207299,100.00,,
   387.077388898,102.63,Joules,power/energy-pkg/,1000208538,100.00,,
   388.077548905,35.96,Joules,power/energy-ram/,1000151828,100.00,,
   388.077548905,108.19,Joules,power/energy-pkg/,1000150659,100.00,,
   389.077761003,35.18,Joules,power/energy-ram/,1000205339,100.00,,
   389.077761003,96.55,Joules,power/energy-pkg/,1000207335,100.00,,
   390.077988992,36.44,Joules,power/energy-ram/,1000219907,100.00,,
   390.077988992,92.06,Joules,power/energy-pkg/,1000219723,100.00,,
   391.078190932,36.52,Joules,power/energy-ram/,1000193634,100.00,,
   391.078190932,100.80,Joules,power/energy-pkg/,1000192093,100.00,,
   392.078404626,37.01,Joules,power/energy-ram/,1000204179,100.00,,
   392.078404626,110.11,Joules,power/energy-pkg/,1000202174,100.00,,
   393.078593152,37.63,Joules,power/energy-ram/,1000182760,100.00,,
   393.078593152,118.59,Joules,power/energy-pkg/,1000184793,100.00,,
   394.078826147,36.18,Joules,power/energy-ram/,1000225102,100.00,,
   394.078826147,110.45,Joules,power/energy-pkg/,1000224560,100.00,,
   395.078976616,35.50,Joules,power/energy-ram/,1000143471,100.00,,
   395.078976616,98.94,Joules,power/energy-pkg/,1000144625,100.00,,
   396.079189038,35.09,Joules,power/energy-ram/,1000202685,100.00,,
   396.079189038,99.17,Joules,power/energy-pkg/,1000201780,100.00,,
   397.079390970,34.65,Joules,power/energy-ram/,1000195999,100.00,,
   397.079390970,102.68,Joules,power/energy-pkg/,1000197728,100.00,,
   398.079555338,35.11,Joules,power/energy-ram/,1000157514,100.00,,
   398.079555338,96.29,Joules,power/energy-pkg/,1000157373,100.00,,
   399.079760324,35.06,Joules,power/energy-ram/,1000195209,100.00,,
   399.079760324,85.61,Joules,power/energy-pkg/,1000193927,100.00,,
   400.079906235,34.93,Joules,power/energy-ram/,1000141021,100.00,,
   400.079906235,76.10,Joules,power/energy-pkg/,1000141398,100.00,,
   401.080123033,34.56,Joules,power/energy-ram/,1000206390,100.00,,
   401.080123033,73.13,Joules,power/energy-pkg/,1000207400,100.00,,
   402.080334855,37.50,Joules,power/energy-ram/,1000205482,100.00,,
   402.080334855,92.05,Joules,power/energy-pkg/,1000204555,100.00,,
   403.080548434,38.17,Joules,power/energy-ram/,1000204952,100.00,,
   403.080548434,110.27,Joules,power/energy-pkg/,1000204363,100.00,,
   404.080748853,38.11,Joules,power/energy-ram/,1000192116,100.00,,
   404.080748853,113.42,Joules,power/energy-pkg/,1000191702,100.00,,
   405.080955467,38.60,Joules,power/energy-ram/,1000199345,100.00,,
   405.080955467,109.37,Joules,power/energy-pkg/,1000207111,100.00,,
   406.081160783,37.65,Joules,power/energy-ram/,1000196966,100.00,,
   406.081160783,103.10,Joules,power/energy-pkg/,1000189206,100.00,,
   407.081356389,36.62,Joules,power/energy-ram/,1000188794,100.00,,
   407.081356389,99.14,Joules,power/energy-pkg/,1000190706,100.00,,
   408.081562933,35.95,Joules,power/energy-ram/,1000197706,100.00,,
   408.081562933,98.00,Joules,power/energy-pkg/,1000197252,100.00,,
   409.081780833,37.55,Joules,power/energy-ram/,1000211369,100.00,,
   409.081780833,110.37,Joules,power/energy-pkg/,1000212220,100.00,,
   410.081994341,35.82,Joules,power/energy-ram/,1000205763,100.00,,
   410.081994341,106.58,Joules,power/energy-pkg/,1000205371,100.00,,
   411.082145469,35.84,Joules,power/energy-ram/,1000143100,100.00,,
   411.082145469,86.01,Joules,power/energy-pkg/,1000143245,100.00,,
   412.082364395,35.97,Joules,power/energy-ram/,1000210188,100.00,,
   412.082364395,91.20,Joules,power/energy-pkg/,1000209572,100.00,,
   413.082514300,35.49,Joules,power/energy-ram/,1000142837,100.00,,
   413.082514300,97.64,Joules,power/energy-pkg/,1000140615,100.00,,
   414.082661489,35.09,Joules,power/energy-ram/,1000147075,100.00,,
   414.082661489,89.49,Joules,power/energy-pkg/,1000146530,100.00,,
   415.082855685,35.28,Joules,power/energy-ram/,1000178545,100.00,,
   415.082855685,78.61,Joules,power/energy-pkg/,1000180190,100.00,,
   416.083069405,36.80,Joules,power/energy-ram/,1000205463,100.00,,
   416.083069405,93.97,Joules,power/energy-pkg/,1000205443,100.00,,
   417.083265242,37.31,Joules,power/energy-ram/,1000187489,100.00,,
   417.083265242,105.79,Joules,power/energy-pkg/,1000186957,100.00,,
   418.083403423,37.34,Joules,power/energy-ram/,1000131811,100.00,,
   418.083403423,119.78,Joules,power/energy-pkg/,1000133336,100.00,,
   419.083609634,37.83,Joules,power/energy-ram/,1000197026,100.00,,
   419.083609634,115.16,Joules,power/energy-pkg/,1000195554,100.00,,
   420.083837883,36.13,Joules,power/energy-ram/,1000220886,100.00,,
   420.083837883,97.80,Joules,power/energy-pkg/,1000221056,100.00,,
   421.083983688,36.61,Joules,power/energy-ram/,1000139192,100.00,,
   421.083983688,104.32,Joules,power/energy-pkg/,1000140852,100.00,,
   422.084231429,35.91,Joules,power/energy-ram/,1000237306,100.00,,
   422.084231429,109.56,Joules,power/energy-pkg/,1000234439,100.00,,
   423.084408201,36.81,Joules,power/energy-ram/,1000170395,100.00,,
   423.084408201,107.69,Joules,power/energy-pkg/,1000170872,100.00,,
   424.084546766,38.60,Joules,power/energy-ram/,1000131055,100.00,,
   424.084546766,106.78,Joules,power/energy-pkg/,1000130745,100.00,,
   425.084730995,40.39,Joules,power/energy-ram/,1000176182,100.00,,
   425.084730995,109.44,Joules,power/energy-pkg/,1000177963,100.00,,
   426.084942848,38.97,Joules,power/energy-ram/,1000204650,100.00,,
   426.084942848,108.59,Joules,power/energy-pkg/,1000204134,100.00,,
   427.085082799,40.06,Joules,power/energy-ram/,1000132542,100.00,,
   427.085082799,110.52,Joules,power/energy-pkg/,1000130406,100.00,,
   428.085208224,38.89,Joules,power/energy-ram/,1000115049,100.00,,
   428.085208224,119.85,Joules,power/energy-pkg/,1000114298,100.00,,
   429.085386327,38.05,Joules,power/energy-ram/,1000173112,100.00,,
   429.085386327,114.94,Joules,power/energy-pkg/,1000177189,100.00,,
   430.085604122,36.63,Joules,power/energy-ram/,1000210082,100.00,,
   430.085604122,116.66,Joules,power/energy-pkg/,1000210342,100.00,,
   431.085822234,35.50,Joules,power/energy-ram/,1000209228,100.00,,
   431.085822234,117.53,Joules,power/energy-pkg/,1000208820,100.00,,
   432.086027363,35.34,Joules,power/energy-ram/,1000198141,100.00,,
   432.086027363,105.37,Joules,power/energy-pkg/,1000196257,100.00,,
   433.086173565,35.67,Joules,power/energy-ram/,1000139209,100.00,,
   433.086173565,115.01,Joules,power/energy-pkg/,1000141201,100.00,,
   434.086375597,34.47,Joules,power/energy-ram/,1000193001,100.00,,
   434.086375597,99.19,Joules,power/energy-pkg/,1000189851,100.00,,
   435.086558366,35.03,Joules,power/energy-ram/,1000173477,100.00,,
   435.086558366,101.57,Joules,power/energy-pkg/,1000174526,100.00,,
   436.086766901,34.86,Joules,power/energy-ram/,1000203182,100.00,,
   436.086766901,104.02,Joules,power/energy-pkg/,1000205793,100.00,,
   437.086923571,35.13,Joules,power/energy-ram/,1000148043,100.00,,
   437.086923571,91.31,Joules,power/energy-pkg/,1000146383,100.00,,
   438.087066018,37.65,Joules,power/energy-ram/,1000135743,100.00,,
   438.087066018,103.86,Joules,power/energy-pkg/,1000134851,100.00,,
   439.087248450,40.06,Joules,power/energy-ram/,1000172056,100.00,,
   439.087248450,124.20,Joules,power/energy-pkg/,1000170872,100.00,,
   440.087444749,38.78,Joules,power/energy-ram/,1000192078,100.00,,
   440.087444749,119.25,Joules,power/energy-pkg/,1000194913,100.00,,
   441.087600695,39.60,Joules,power/energy-ram/,1000145875,100.00,,
   441.087600695,115.37,Joules,power/energy-pkg/,1000144300,100.00,,
   442.087746767,37.80,Joules,power/energy-ram/,1000139951,100.00,,
   442.087746767,102.94,Joules,power/energy-pkg/,1000141501,100.00,,
   443.087904993,36.01,Joules,power/energy-ram/,1000149971,100.00,,
   443.087904993,83.21,Joules,power/energy-pkg/,1000150192,100.00,,
   444.088131299,35.18,Joules,power/energy-ram/,1000218302,100.00,,
   444.088131299,73.68,Joules,power/energy-pkg/,1000218226,100.00,,
   445.088332946,38.66,Joules,power/energy-ram/,1000192228,100.00,,
   445.088332946,100.34,Joules,power/energy-pkg/,1000190228,100.00,,
   446.088515554,37.08,Joules,power/energy-ram/,1000175275,100.00,,
   446.088515554,100.66,Joules,power/energy-pkg/,1000175464,100.00,,
   447.088651896,38.27,Joules,power/energy-ram/,1000129369,100.00,,
   447.088651896,105.88,Joules,power/energy-pkg/,1000129786,100.00,,
   448.088860562,36.69,Joules,power/energy-ram/,1000201516,100.00,,
   448.088860562,105.53,Joules,power/energy-pkg/,1000203671,100.00,,
   449.089086828,35.22,Joules,power/energy-ram/,1000218269,100.00,,
   449.089086828,99.24,Joules,power/energy-pkg/,1000218193,100.00,,
   450.089308577,36.29,Joules,power/energy-ram/,1000214480,100.00,,
   450.089308577,99.10,Joules,power/energy-pkg/,1000214194,100.00,,
   451.089517848,37.14,Joules,power/energy-ram/,1000201325,100.00,,
   451.089517848,106.09,Joules,power/energy-pkg/,1000200662,100.00,,
   452.089738172,37.53,Joules,power/energy-ram/,1000210492,100.00,,
   452.089738172,96.72,Joules,power/energy-pkg/,1000208312,100.00,,
   453.089946537,38.31,Joules,power/energy-ram/,1000202228,100.00,,
   453.089946537,103.24,Joules,power/energy-pkg/,1000204752,100.00,,
   454.090147338,37.96,Joules,power/energy-ram/,1000193206,100.00,,
   454.090147338,100.78,Joules,power/energy-pkg/,1000193491,100.00,,
   455.090363463,37.85,Joules,power/energy-ram/,1000207589,100.00,,
   455.090363463,107.94,Joules,power/energy-pkg/,1000206987,100.00,,
   456.090567629,37.57,Joules,power/energy-ram/,1000194956,100.00,,
   456.090567629,107.67,Joules,power/energy-pkg/,1000193124,100.00,,
   457.090714674,37.61,Joules,power/energy-ram/,1000141745,100.00,,
   457.090714674,99.92,Joules,power/energy-pkg/,1000144095,100.00,,
   458.090879336,37.69,Joules,power/energy-ram/,1000155255,100.00,,
   458.090879336,109.76,Joules,power/energy-pkg/,1000152602,100.00,,
   459.091017622,38.16,Joules,power/energy-ram/,1000131939,100.00,,
   459.091017622,117.16,Joules,power/energy-pkg/,1000133445,100.00,,
   460.091234558,35.83,Joules,power/energy-ram/,1000209067,100.00,,
   460.091234558,100.52,Joules,power/energy-pkg/,1000210513,100.00,,
   461.091461937,36.28,Joules,power/energy-ram/,1000218942,100.00,,
   461.091461937,98.87,Joules,power/energy-pkg/,1000218284,100.00,,
   462.091629503,35.39,Joules,power/energy-ram/,1000159963,100.00,,
   462.091629503,89.64,Joules,power/energy-pkg/,1000160350,100.00,,
   463.091796830,34.59,Joules,power/energy-ram/,1000160479,100.00,,
   463.091796830,76.00,Joules,power/energy-pkg/,1000160816,100.00,,
   464.092002297,35.52,Joules,power/energy-ram/,1000195622,100.00,,
   464.092002297,82.35,Joules,power/energy-pkg/,1000192980,100.00,,
   465.092200439,34.78,Joules,power/energy-ram/,1000192927,100.00,,
   465.092200439,95.58,Joules,power/energy-pkg/,1000195815,100.00,,
   466.092415293,34.16,Joules,power/energy-ram/,1000206116,100.00,,
   466.092415293,83.59,Joules,power/energy-pkg/,1000205369,100.00,,
   467.092633033,33.30,Joules,power/energy-ram/,1000210000,100.00,,
   467.092633033,73.18,Joules,power/energy-pkg/,1000210380,100.00,,
   468.092836805,32.82,Joules,power/energy-ram/,1000194831,100.00,,
   468.092836805,76.01,Joules,power/energy-pkg/,1000195102,100.00,,
   469.093044015,33.12,Joules,power/energy-ram/,1000199342,100.00,,
   469.093044015,89.45,Joules,power/energy-pkg/,1000198133,100.00,,
   470.093254309,32.89,Joules,power/energy-ram/,1000202888,100.00,,
   470.093254309,88.39,Joules,power/energy-pkg/,1000203586,100.00,,
   471.093476797,33.78,Joules,power/energy-ram/,1000215354,100.00,,
   471.093476797,98.27,Joules,power/energy-pkg/,1000215702,100.00,,
   472.093697741,33.60,Joules,power/energy-ram/,1000212789,100.00,,
   472.093697741,102.12,Joules,power/energy-pkg/,1000213188,100.00,,
   473.093900723,32.97,Joules,power/energy-ram/,1000195146,100.00,,
   473.093900723,76.38,Joules,power/energy-pkg/,1000193974,100.00,,
   474.094107504,33.44,Joules,power/energy-ram/,1000199121,100.00,,
   474.094107504,80.77,Joules,power/energy-pkg/,1000199956,100.00,,
   475.094323971,33.16,Joules,power/energy-ram/,1000209130,100.00,,
   475.094323971,76.47,Joules,power/energy-pkg/,1000209574,100.00,,
   476.094540067,33.43,Joules,power/energy-ram/,1000208060,100.00,,
   476.094540067,76.64,Joules,power/energy-pkg/,1000207218,100.00,,
   477.094749639,32.89,Joules,power/energy-ram/,1000201704,100.00,,
   477.094749639,79.78,Joules,power/energy-pkg/,1000201788,100.00,,
   478.094960051,33.08,Joules,power/energy-ram/,1000202656,100.00,,
   478.094960051,68.83,Joules,power/energy-pkg/,1000202244,100.00,,
   479.095173394,33.03,Joules,power/energy-ram/,1000206746,100.00,,
   479.095173394,68.38,Joules,power/energy-pkg/,1000207968,100.00,,
   480.095390726,32.80,Joules,power/energy-ram/,1000207770,100.00,,
   480.095390726,61.10,Joules,power/energy-pkg/,1000207254,100.00,,
   481.095606149,28.80,Joules,power/energy-ram/,1000209030,100.00,,
   481.095606149,44.07,Joules,power/energy-pkg/,1000208430,100.00,,
   482.095851390,33.10,Joules,power/energy-ram/,1000236827,100.00,,
   482.095851390,58.27,Joules,power/energy-pkg/,1000236877,100.00,,
   483.096063935,32.99,Joules,power/energy-ram/,1000204293,100.00,,
   483.096063935,59.11,Joules,power/energy-pkg/,1000204843,100.00,,
   484.096276494,33.61,Joules,power/energy-ram/,1000205687,100.00,,
   484.096276494,58.97,Joules,power/energy-pkg/,1000205577,100.00,,
   485.096492361,32.78,Joules,power/energy-ram/,1000207073,100.00,,
   485.096492361,64.94,Joules,power/energy-pkg/,1000206369,100.00,,
   486.096708209,22.20,Joules,power/energy-ram/,1000210531,100.00,,
   486.096708209,38.77,Joules,power/energy-pkg/,1000212360,100.00,,
   487.096959471,9.20,Joules,power/energy-ram/,1000242280,100.00,,
   487.096959471,20.62,Joules,power/energy-pkg/,1000240998,100.00,,
   488.097186672,9.78,Joules,power/energy-ram/,1000219229,100.00,,
   488.097186672,20.93,Joules,power/energy-pkg/,1000219424,100.00,,
   489.097422915,9.20,Joules,power/energy-ram/,1000227785,100.00,,
   489.097422915,20.46,Joules,power/energy-pkg/,1000228046,100.00,,
   490.097660022,10.61,Joules,power/energy-ram/,1000230991,100.00,,
   490.097660022,21.36,Joules,power/energy-pkg/,1000231865,100.00,,
   491.097898267,9.91,Joules,power/energy-ram/,1000228815,100.00,,
   491.097898267,21.03,Joules,power/energy-pkg/,1000228940,100.00,,
   492.098106588,8.51,Joules,power/energy-ram/,1000200818,100.00,,
   492.098106588,20.46,Joules,power/energy-pkg/,1000199588,100.00,,
   493.098336807,9.60,Joules,power/energy-ram/,1000222960,100.00,,
   493.098336807,20.88,Joules,power/energy-pkg/,1000223160,100.00,,
   494.098585137,9.91,Joules,power/energy-ram/,1000238888,100.00,,
   494.098585137,21.03,Joules,power/energy-pkg/,1000239218,100.00,,
   495.098847926,8.31,Joules,power/energy-ram/,1000254892,100.00,,
   495.098847926,20.17,Joules,power/energy-pkg/,1000254014,100.00,,
   496.099053672,10.05,Joules,power/energy-ram/,1000198646,100.00,,
   496.099053672,21.03,Joules,power/energy-pkg/,1000199480,100.00,,
   497.099265084,9.67,Joules,power/energy-ram/,1000203416,100.00,,
   497.099265084,20.83,Joules,power/energy-pkg/,1000203486,100.00,,
   498.099500471,8.75,Joules,power/energy-ram/,1000227450,100.00,,
   498.099500471,20.34,Joules,power/energy-pkg/,1000226704,100.00,,
   499.099727974,9.50,Joules,power/energy-ram/,1000220408,100.00,,
   499.099727974,20.69,Joules,power/energy-pkg/,1000220748,100.00,,
   500.099950087,9.30,Joules,power/energy-ram/,1000214392,100.00,,
   500.099950087,20.63,Joules,power/energy-pkg/,1000214178,100.00,,
   501.100180817,9.50,Joules,power/energy-ram/,1000223430,100.00,,
   501.100180817,20.74,Joules,power/energy-pkg/,1000223990,100.00,,
   502.100429676,9.47,Joules,power/energy-ram/,1000240195,100.00,,
   502.100429676,20.85,Joules,power/energy-pkg/,1000239640,100.00,,
   503.100671573,8.48,Joules,power/energy-ram/,1000234511,100.00,,
   503.100671573,20.17,Joules,power/energy-pkg/,1000233806,100.00,,
   504.100899624,10.59,Joules,power/energy-ram/,1000219854,100.00,,
   504.100899624,21.16,Joules,power/energy-pkg/,1000221218,100.00,,
   505.101115473,9.65,Joules,power/energy-ram/,1000208490,100.00,,
   505.101115473,20.77,Joules,power/energy-pkg/,1000207972,100.00,,
   506.101344893,8.72,Joules,power/energy-ram/,1000221554,100.00,,
   506.101344893,20.38,Joules,power/energy-pkg/,1000220660,100.00,,
   507.101567454,9.59,Joules,power/energy-ram/,1000215376,100.00,,
   507.101567454,20.82,Joules,power/energy-pkg/,1000216380,100.00,,
   508.101775442,9.37,Joules,power/energy-ram/,1000199184,100.00,,
   508.101775442,20.84,Joules,power/energy-pkg/,1000199134,100.00,,
   509.102005120,8.58,Joules,power/energy-ram/,1000222026,100.00,,
   509.102005120,20.31,Joules,power/energy-pkg/,1000221427,100.00,,
   510.102229701,9.47,Joules,power/energy-ram/,1000217158,100.00,,
   510.102229701,20.69,Joules,power/energy-pkg/,1000217794,100.00,,
   511.102461347,8.30,Joules,power/energy-ram/,1000224109,100.00,,
   511.102461347,20.20,Joules,power/energy-pkg/,1000223959,100.00,,
   512.102690985,9.86,Joules,power/energy-ram/,1000221831,100.00,,
   512.102690985,20.91,Joules,power/energy-pkg/,1000221905,100.00,,
   513.102926449,9.53,Joules,power/energy-ram/,1000227982,100.00,,
   513.102926449,20.72,Joules,power/energy-pkg/,1000228591,100.00,,
   514.103130001,8.49,Joules,power/energy-ram/,1000195815,100.00,,
   514.103130001,20.19,Joules,power/energy-pkg/,1000194849,100.00,,
   515.103363874,9.51,Joules,power/energy-ram/,1000225816,100.00,,
   515.103363874,20.59,Joules,power/energy-pkg/,1000226111,100.00,,
