# started on Tue Apr  4 16:43:13 2023

     1.000349260,19.61,Joules,power/energy-pkg/,1000332593,100.00,,
     2.001462347,20.71,Joules,power/energy-pkg/,1001078402,100.00,,
     3.002564006,21.47,Joules,power/energy-pkg/,1001061696,100.00,,
     4.003245841,22.57,Joules,power/energy-pkg/,1000629781,100.00,,
     5.004316755,22.15,Joules,power/energy-pkg/,1001046375,100.00,,
     6.005396222,21.50,Joules,power/energy-pkg/,1001024947,100.00,,
     7.005575699,21.72,Joules,power/energy-pkg/,1000162991,100.00,,
     8.006686426,18.77,Joules,power/energy-pkg/,1001070200,100.00,,
     9.007246698,17.82,Joules,power/energy-pkg/,1000502129,100.00,,
    10.008315032,17.49,Joules,power/energy-pkg/,1001042636,100.00,,
    11.009397392,18.38,Joules,power/energy-pkg/,1001043819,100.00,,
    12.010477779,18.84,Joules,power/energy-pkg/,1001045784,100.00,,
    13.011272019,19.38,Joules,power/energy-pkg/,1000756746,100.00,,
    14.012421049,18.34,Joules,power/energy-pkg/,1001106407,100.00,,
    15.013487885,19.99,Joules,power/energy-pkg/,1001038321,100.00,,
    16.014578839,17.89,Joules,power/energy-pkg/,1001030876,100.00,,
    17.015258106,19.45,Joules,power/energy-pkg/,1000654996,100.00,,
    18.016355209,18.92,Joules,power/energy-pkg/,1001048566,100.00,,
    19.017470411,18.85,Joules,power/energy-pkg/,1001086266,100.00,,
    20.018565909,18.75,Joules,power/energy-pkg/,1001062095,100.00,,
    21.019251488,20.09,Joules,power/energy-pkg/,1000632727,100.00,,
    22.020338914,17.90,Joules,power/energy-pkg/,1001057787,100.00,,
    23.020573007,17.98,Joules,power/energy-pkg/,1000192148,100.00,,
    24.021646175,19.00,Joules,power/energy-pkg/,1001028995,100.00,,
    25.022713568,17.57,Joules,power/energy-pkg/,1001029105,100.00,,
    26.023251800,15.28,Joules,power/energy-pkg/,1000504065,100.00,,
    27.024366691,16.21,Joules,power/energy-pkg/,1001082654,100.00,,
    28.025478005,16.52,Joules,power/energy-pkg/,1001080446,100.00,,
    29.026612862,18.01,Joules,power/energy-pkg/,1001092414,100.00,,
    30.027281001,16.99,Joules,power/energy-pkg/,1000648534,100.00,,
    31.028438757,14.71,Joules,power/energy-pkg/,1001103809,100.00,,
    32.029532505,24.73,Joules,power/energy-pkg/,1001056945,100.00,,
    33.030626303,30.11,Joules,power/energy-pkg/,1001053923,100.00,,
    34.031262531,22.94,Joules,power/energy-pkg/,1000600533,100.00,,
    35.032367241,23.53,Joules,power/energy-pkg/,1001063061,100.00,,
    36.033519896,18.41,Joules,power/energy-pkg/,1001120208,100.00,,
    37.034606402,17.19,Joules,power/energy-pkg/,1001047600,100.00,,
    38.035266732,18.43,Joules,power/energy-pkg/,1000623195,100.00,,
    39.036358166,21.00,Joules,power/energy-pkg/,1001055563,100.00,,
    40.037444589,18.53,Joules,power/energy-pkg/,1001048661,100.00,,
    41.038541631,20.65,Joules,power/energy-pkg/,1001060936,100.00,,
    42.039248741,18.68,Joules,power/energy-pkg/,1000661194,100.00,,
    43.040362351,19.27,Joules,power/energy-pkg/,1001084624,100.00,,
    44.041453550,21.69,Joules,power/energy-pkg/,1001047926,100.00,,
    45.042533884,19.41,Joules,power/energy-pkg/,1001060646,100.00,,
    46.043269390,19.08,Joules,power/energy-pkg/,1000683884,100.00,,
    47.044375556,20.00,Joules,power/energy-pkg/,1001060963,100.00,,
    48.045459010,20.45,Joules,power/energy-pkg/,1001058177,100.00,,
    49.046562678,20.82,Joules,power/energy-pkg/,1001054835,100.00,,
    50.047245852,21.99,Joules,power/energy-pkg/,1000645697,100.00,,
    51.048303539,21.21,Joules,power/energy-pkg/,1001020381,100.00,,
    52.049366520,19.20,Joules,power/energy-pkg/,1001038581,100.00,,
    53.050456090,19.61,Joules,power/energy-pkg/,1001054837,100.00,,
    54.051250202,21.00,Joules,power/energy-pkg/,1000747332,100.00,,
    55.052347256,19.01,Joules,power/energy-pkg/,1001070641,100.00,,
    56.053444746,19.38,Joules,power/energy-pkg/,1001079233,100.00,,
    57.054577904,20.89,Joules,power/energy-pkg/,1001065235,100.00,,
    58.055495384,24.68,Joules,power/energy-pkg/,1000903406,100.00,,
    59.056632536,29.04,Joules,power/energy-pkg/,1001104588,100.00,,
    60.057762325,18.88,Joules,power/energy-pkg/,1001091477,100.00,,
    61.058893558,21.11,Joules,power/energy-pkg/,1001097268,100.00,,
    62.059283496,20.25,Joules,power/energy-pkg/,1000333690,100.00,,
    63.060371918,21.38,Joules,power/energy-pkg/,1001065066,100.00,,
    64.061471865,21.28,Joules,power/energy-pkg/,1001045274,100.00,,
    65.062552026,20.61,Joules,power/energy-pkg/,1001056113,100.00,,
    66.063254918,18.57,Joules,power/energy-pkg/,1000669805,100.00,,
    67.064339588,18.47,Joules,power/energy-pkg/,1001033582,100.00,,
    68.064537337,20.26,Joules,power/energy-pkg/,1000169756,100.00,,
    69.065633984,37.33,Joules,power/energy-pkg/,1001084714,100.00,,
    70.066277185,34.24,Joules,power/energy-pkg/,1000587691,100.00,,
    71.067263593,32.04,Joules,power/energy-pkg/,1000955176,100.00,,
    72.068414186,42.52,Joules,power/energy-pkg/,1001112036,100.00,,
    73.069503285,38.14,Joules,power/energy-pkg/,1001054813,100.00,,
    74.070596326,18.43,Joules,power/energy-pkg/,1001056730,100.00,,
    75.071267362,32.53,Joules,power/energy-pkg/,1000675587,100.00,,
    76.072492782,58.20,Joules,power/energy-pkg/,1001149709,100.00,,
    77.073594782,50.98,Joules,power/energy-pkg/,1001066296,100.00,,
    78.074678843,54.75,Joules,power/energy-pkg/,1001040886,100.00,,
    79.075534856,59.38,Joules,power/energy-pkg/,1000845317,100.00,,
    80.076664495,39.04,Joules,power/energy-pkg/,1001078450,100.00,,
    81.077106680,39.58,Joules,power/energy-pkg/,1000403554,100.00,,
    82.078216477,60.23,Joules,power/energy-pkg/,1001078487,100.00,,
    83.079437404,64.85,Joules,power/energy-pkg/,1001188504,100.00,,
    84.080545415,50.37,Joules,power/energy-pkg/,1001084209,100.00,,
    85.080855415,62.88,Joules,power/energy-pkg/,1000277180,100.00,,
    86.081989881,53.01,Joules,power/energy-pkg/,1001071229,100.00,,
    87.083089392,45.12,Joules,power/energy-pkg/,1001076863,100.00,,
    88.083252235,49.29,Joules,power/energy-pkg/,1000130605,100.00,,
    89.083826573,56.91,Joules,power/energy-pkg/,1000555162,100.00,,
    90.085013429,58.02,Joules,power/energy-pkg/,1001118967,100.00,,
    91.086110401,38.22,Joules,power/energy-pkg/,1001073344,100.00,,
    92.086492428,41.07,Joules,power/energy-pkg/,1000341472,100.00,,
    93.087249071,46.68,Joules,power/energy-pkg/,1000854454,100.00,,
    94.088454299,47.24,Joules,power/energy-pkg/,1001030946,100.00,,
    95.089544022,34.22,Joules,power/energy-pkg/,1001071377,100.00,,
    96.090361612,46.30,Joules,power/energy-pkg/,1000786843,100.00,,
    97.091291377,39.59,Joules,power/energy-pkg/,1000897501,100.00,,
    98.092410431,48.64,Joules,power/energy-pkg/,1001078634,100.00,,
    99.093520254,53.10,Joules,power/energy-pkg/,1001076969,100.00,,
   100.094709599,47.34,Joules,power/energy-pkg/,1001138566,100.00,,
   101.095276403,48.96,Joules,power/energy-pkg/,1000530287,100.00,,
   102.096357809,49.42,Joules,power/energy-pkg/,1001055511,100.00,,
   103.097437062,42.92,Joules,power/energy-pkg/,1001047360,100.00,,
   104.098518755,43.02,Joules,power/energy-pkg/,1001034342,100.00,,
   105.099262985,44.38,Joules,power/energy-pkg/,1000719898,100.00,,
   106.100337998,52.36,Joules,power/energy-pkg/,1001032670,100.00,,
   107.100750115,48.18,Joules,power/energy-pkg/,1000406086,100.00,,
   108.101858323,32.51,Joules,power/energy-pkg/,1001055699,100.00,,
   109.102959803,40.63,Joules,power/energy-pkg/,1001062912,100.00,,
   110.103254206,39.33,Joules,power/energy-pkg/,1000255938,100.00,,
   111.104334821,34.23,Joules,power/energy-pkg/,1001043923,100.00,,
   112.105411158,23.09,Joules,power/energy-pkg/,1001065843,100.00,,
   113.106513596,43.05,Joules,power/energy-pkg/,1001046245,100.00,,
   114.107259277,60.63,Joules,power/energy-pkg/,1000743793,100.00,,
   115.108393606,50.13,Joules,power/energy-pkg/,1001076222,100.00,,
   116.109484683,29.25,Joules,power/energy-pkg/,1001064142,100.00,,
   117.110300566,35.60,Joules,power/energy-pkg/,1000790567,100.00,,
   118.111262199,43.65,Joules,power/energy-pkg/,1000915805,100.00,,
   119.112339925,29.66,Joules,power/energy-pkg/,1001031911,100.00,,
   120.113415915,39.63,Joules,power/energy-pkg/,1001059745,100.00,,
   121.114544926,28.09,Joules,power/energy-pkg/,1001085041,100.00,,
   122.115250650,44.81,Joules,power/energy-pkg/,1000686402,100.00,,
   123.116368332,42.21,Joules,power/energy-pkg/,1001102430,100.00,,
   124.117500551,23.95,Joules,power/energy-pkg/,1001071586,100.00,,
   125.118593092,30.91,Joules,power/energy-pkg/,1001045636,100.00,,
   126.119252215,51.62,Joules,power/energy-pkg/,1000646483,100.00,,
   127.120357124,59.38,Joules,power/energy-pkg/,1001074832,100.00,,
   128.121470446,51.41,Joules,power/energy-pkg/,1001095820,100.00,,
   129.122670625,61.87,Joules,power/energy-pkg/,1001153277,100.00,,
   130.123264593,60.02,Joules,power/energy-pkg/,1000565548,100.00,,
   131.124403560,43.85,Joules,power/energy-pkg/,1001099473,100.00,,
   132.125498562,33.51,Joules,power/energy-pkg/,1001036709,100.00,,
   133.126588536,37.75,Joules,power/energy-pkg/,1001070458,100.00,,
   134.127252880,45.45,Joules,power/energy-pkg/,1000616277,100.00,,
   135.128342008,59.85,Joules,power/energy-pkg/,1001114566,100.00,,
   136.129558017,61.38,Joules,power/energy-pkg/,1001146114,100.00,,
   137.130670483,39.56,Joules,power/energy-pkg/,1001071830,100.00,,
   138.131269610,37.91,Joules,power/energy-pkg/,1000596528,100.00,,
   139.132423963,57.13,Joules,power/energy-pkg/,1001104599,100.00,,
   140.133540928,66.04,Joules,power/energy-pkg/,1001082698,100.00,,
   141.134664683,65.59,Joules,power/energy-pkg/,1001090192,100.00,,
   142.135262268,56.63,Joules,power/energy-pkg/,1000542340,100.00,,
   143.136359752,52.58,Joules,power/energy-pkg/,1001076393,100.00,,
   144.137574515,52.88,Joules,power/energy-pkg/,1001172807,100.00,,
   145.138660534,40.13,Joules,power/energy-pkg/,1001060676,100.00,,
   146.139268442,41.62,Joules,power/energy-pkg/,1000587098,100.00,,
   147.140381558,48.51,Joules,power/energy-pkg/,1001059369,100.00,,
   148.141488216,51.92,Joules,power/energy-pkg/,1001108092,100.00,,
   149.142525190,56.95,Joules,power/energy-pkg/,1000988306,100.00,,
   150.143257034,40.02,Joules,power/energy-pkg/,1000692578,100.00,,
   151.144351260,24.55,Joules,power/energy-pkg/,1001057904,100.00,,
   152.145431777,37.94,Joules,power/energy-pkg/,1001044495,100.00,,
   153.146541537,43.28,Joules,power/energy-pkg/,1001082424,100.00,,
   154.147262342,48.97,Joules,power/energy-pkg/,1000698981,100.00,,
   155.148352617,43.09,Joules,power/energy-pkg/,1001031851,100.00,,
   156.149408164,39.08,Joules,power/energy-pkg/,1001025298,100.00,,
   157.150480511,42.32,Joules,power/energy-pkg/,1001062076,100.00,,
   158.151246148,46.25,Joules,power/energy-pkg/,1000711060,100.00,,
   159.152332555,42.69,Joules,power/energy-pkg/,1001092553,100.00,,
   160.153454158,53.65,Joules,power/energy-pkg/,1001072091,100.00,,
   161.153984002,46.98,Joules,power/energy-pkg/,1000506040,100.00,,
   162.155099251,28.35,Joules,power/energy-pkg/,1001066819,100.00,,
   163.155262827,49.39,Joules,power/energy-pkg/,1000153863,100.00,,
   164.156364276,47.85,Joules,power/energy-pkg/,1001034418,100.00,,
   165.157462202,53.80,Joules,power/energy-pkg/,1001092777,100.00,,
   166.158573660,38.87,Joules,power/energy-pkg/,1001065270,100.00,,
   167.159247766,37.00,Joules,power/energy-pkg/,1000629132,100.00,,
   168.160184445,30.61,Joules,power/energy-pkg/,1000911586,100.00,,
   169.161267671,43.64,Joules,power/energy-pkg/,1001044281,100.00,,
   170.162344587,29.84,Joules,power/energy-pkg/,1001042532,100.00,,
   171.163262311,21.85,Joules,power/energy-pkg/,1000900353,100.00,,
   172.163495731,33.74,Joules,power/energy-pkg/,1000196382,100.00,,
   173.164568337,39.31,Joules,power/energy-pkg/,1001034130,100.00,,
   174.165652522,33.97,Joules,power/energy-pkg/,1001066566,100.00,,
   175.166761354,33.02,Joules,power/energy-pkg/,1001078315,100.00,,
   176.167252768,35.80,Joules,power/energy-pkg/,1000469660,100.00,,
   177.168368357,46.13,Joules,power/energy-pkg/,1001061831,100.00,,
   178.169460830,45.63,Joules,power/energy-pkg/,1001084074,100.00,,
   179.170551037,44.84,Joules,power/energy-pkg/,1001031454,100.00,,
   180.171256570,43.73,Joules,power/energy-pkg/,1000686113,100.00,,
   181.172183387,54.18,Joules,power/energy-pkg/,1000904649,100.00,,
   182.173273830,38.12,Joules,power/energy-pkg/,1001037849,100.00,,
   183.174361990,47.48,Joules,power/energy-pkg/,1001067683,100.00,,
   184.175262916,37.60,Joules,power/energy-pkg/,1000883287,100.00,,
   185.176362793,37.90,Joules,power/energy-pkg/,1001044900,100.00,,
   186.177456592,22.66,Joules,power/energy-pkg/,1001072173,100.00,,
   187.178551609,28.94,Joules,power/energy-pkg/,1001068532,100.00,,
   188.179273630,38.99,Joules,power/energy-pkg/,1000677301,100.00,,
   189.180350528,36.87,Joules,power/energy-pkg/,1001044202,100.00,,
   190.181443185,42.95,Joules,power/energy-pkg/,1001072921,100.00,,
   191.181855838,23.87,Joules,power/energy-pkg/,1000395605,100.00,,
   192.182970547,27.76,Joules,power/energy-pkg/,1001076673,100.00,,
   193.183378174,51.43,Joules,power/energy-pkg/,1000358776,100.00,,
   194.184472718,66.20,Joules,power/energy-pkg/,1001073978,100.00,,
   195.185623059,47.86,Joules,power/energy-pkg/,1001108040,100.00,,
   196.186710334,30.13,Joules,power/energy-pkg/,1001063272,100.00,,
   197.187268865,21.99,Joules,power/energy-pkg/,1000525763,100.00,,
   198.188341982,32.83,Joules,power/energy-pkg/,1001034946,100.00,,
   199.189408997,29.26,Joules,power/energy-pkg/,1001065874,100.00,,
   200.190516790,57.74,Joules,power/energy-pkg/,1001047352,100.00,,
   201.191261730,73.72,Joules,power/energy-pkg/,1000728377,100.00,,
   202.192421571,58.80,Joules,power/energy-pkg/,1001129470,100.00,,
   203.193516660,35.76,Joules,power/energy-pkg/,1001064386,100.00,,
   204.194599991,22.07,Joules,power/energy-pkg/,1001038594,100.00,,
   205.195261296,34.18,Joules,power/energy-pkg/,1004629530,100.00,,
   206.200364589,53.46,Joules,power/energy-pkg/,1001092751,100.00,,
   207.201567791,57.06,Joules,power/energy-pkg/,1001171600,100.00,,
   208.202778709,51.55,Joules,power/energy-pkg/,1001180074,100.00,,
   209.203250774,46.77,Joules,power/energy-pkg/,1000425227,100.00,,
   210.204336740,44.27,Joules,power/energy-pkg/,1001054353,100.00,,
   211.205415470,48.30,Joules,power/energy-pkg/,1001082421,100.00,,
   212.206528747,53.60,Joules,power/energy-pkg/,1001049345,100.00,,
   213.207256047,46.84,Joules,power/energy-pkg/,1000697457,100.00,,
   214.208354665,39.13,Joules,power/energy-pkg/,1001079811,100.00,,
   215.209451920,34.97,Joules,power/energy-pkg/,1001053515,100.00,,
   216.210384867,40.40,Joules,power/energy-pkg/,1000956333,100.00,,
   217.211266911,47.93,Joules,power/energy-pkg/,1000819153,100.00,,
   218.212487377,53.02,Joules,power/energy-pkg/,1001189019,100.00,,
   219.213664320,49.26,Joules,power/energy-pkg/,1001127874,100.00,,
   220.214746324,41.42,Joules,power/energy-pkg/,1001050857,100.00,,
   221.215258395,39.70,Joules,power/energy-pkg/,1000515349,100.00,,
   222.216361113,38.69,Joules,power/energy-pkg/,1001039457,100.00,,
   223.217457099,44.59,Joules,power/energy-pkg/,1001083190,100.00,,
   224.218575426,48.61,Joules,power/energy-pkg/,1001079397,100.00,,
   225.219505043,57.58,Joules,power/energy-pkg/,1000915978,100.00,,
   226.220640171,49.11,Joules,power/energy-pkg/,1001091161,100.00,,
   227.221719194,34.64,Joules,power/energy-pkg/,1001037139,100.00,,
   228.222803974,44.13,Joules,power/energy-pkg/,1001083123,100.00,,
   229.223264633,36.71,Joules,power/energy-pkg/,1000415160,100.00,,
   230.224344511,42.98,Joules,power/energy-pkg/,1001048728,100.00,,
   231.224496026,45.94,Joules,power/energy-pkg/,1000122642,100.00,,
   232.225593875,49.91,Joules,power/energy-pkg/,1001097354,100.00,,
   233.226716596,59.92,Joules,power/energy-pkg/,1001052348,100.00,,
   234.227255907,66.40,Joules,power/energy-pkg/,1000510921,100.00,,
   235.228358769,55.69,Joules,power/energy-pkg/,1001103724,100.00,,
   236.229471941,45.08,Joules,power/energy-pkg/,1001062073,100.00,,
   237.230549454,31.55,Joules,power/energy-pkg/,1001035099,100.00,,
   238.231263454,33.35,Joules,power/energy-pkg/,1000718230,100.00,,
   239.232369543,40.53,Joules,power/energy-pkg/,1001071362,100.00,,
   240.233499904,63.83,Joules,power/energy-pkg/,1001113986,100.00,,
   241.234673567,62.87,Joules,power/energy-pkg/,1001167636,100.00,,
   242.235285119,57.57,Joules,power/energy-pkg/,1000548144,100.00,,
   243.236535379,42.47,Joules,power/energy-pkg/,1001200310,100.00,,
   244.237698543,26.35,Joules,power/energy-pkg/,1001157122,100.00,,
   245.238816307,22.70,Joules,power/energy-pkg/,1001066617,100.00,,
   246.239256359,35.98,Joules,power/energy-pkg/,1000405201,100.00,,
   247.240353489,46.28,Joules,power/energy-pkg/,1001082760,100.00,,
   248.241450348,38.94,Joules,power/energy-pkg/,1001047944,100.00,,
   249.242536597,36.91,Joules,power/energy-pkg/,1001092666,100.00,,
   250.243280040,40.18,Joules,power/energy-pkg/,1000696176,100.00,,
   251.244377520,46.79,Joules,power/energy-pkg/,1001052286,100.00,,
   252.245467289,37.13,Joules,power/energy-pkg/,1001058204,100.00,,
   253.246556784,43.18,Joules,power/energy-pkg/,1001760300,100.00,,
   254.248348056,47.49,Joules,power/energy-pkg/,1001072308,100.00,,
   255.249498333,51.33,Joules,power/energy-pkg/,1001109101,100.00,,
   256.250569228,43.95,Joules,power/energy-pkg/,1001057758,100.00,,
   257.251270903,39.17,Joules,power/energy-pkg/,1000665017,100.00,,
   258.252356789,40.54,Joules,power/energy-pkg/,1001061920,100.00,,
   259.253439026,58.31,Joules,power/energy-pkg/,1001060070,100.00,,
   260.254536047,65.69,Joules,power/energy-pkg/,1001070320,100.00,,
   261.255262586,46.53,Joules,power/energy-pkg/,1000691102,100.00,,
   262.256351442,35.24,Joules,power/energy-pkg/,1001059581,100.00,,
   263.257430890,22.04,Joules,power/energy-pkg/,1001034977,100.00,,
   264.258495990,35.35,Joules,power/energy-pkg/,1001050003,100.00,,
   265.259251322,38.94,Joules,power/energy-pkg/,1000715892,100.00,,
   266.260080499,43.79,Joules,power/energy-pkg/,1000828260,100.00,,
   267.261203047,48.09,Joules,power/energy-pkg/,1001065082,100.00,,
   268.262286091,47.46,Joules,power/energy-pkg/,1001054302,100.00,,
   269.263258873,36.79,Joules,power/energy-pkg/,1000946259,100.00,,
   270.264357364,41.94,Joules,power/energy-pkg/,1001079605,100.00,,
   271.265451782,47.69,Joules,power/energy-pkg/,1001065580,100.00,,
   272.266546131,48.09,Joules,power/energy-pkg/,1001075468,100.00,,
   273.267272389,41.94,Joules,power/energy-pkg/,1000682735,100.00,,
   274.268377636,57.19,Joules,power/energy-pkg/,1001069798,100.00,,
   275.269463583,67.25,Joules,power/energy-pkg/,1001084732,100.00,,
   276.270597654,69.52,Joules,power/energy-pkg/,1001093992,100.00,,
   277.271624514,47.27,Joules,power/energy-pkg/,1001014902,100.00,,
   278.272730733,48.32,Joules,power/energy-pkg/,1001046987,100.00,,
   279.273827906,51.83,Joules,power/energy-pkg/,1001113571,100.00,,
   280.274985133,53.14,Joules,power/energy-pkg/,1001082277,100.00,,
   281.275249995,36.85,Joules,power/energy-pkg/,1000235761,100.00,,
   282.276095261,33.34,Joules,power/energy-pkg/,1000843732,100.00,,
   283.277186865,24.00,Joules,power/energy-pkg/,1001036113,100.00,,
   284.278253192,44.25,Joules,power/energy-pkg/,1001039773,100.00,,
   285.279257583,64.22,Joules,power/energy-pkg/,1000984429,100.00,,
   286.280367827,50.24,Joules,power/energy-pkg/,1001084920,100.00,,
   287.281456534,24.36,Joules,power/energy-pkg/,1001065793,100.00,,
   288.282605850,26.77,Joules,power/energy-pkg/,1001119072,100.00,,
   289.283279142,41.44,Joules,power/energy-pkg/,1000647697,100.00,,
   290.284437869,53.64,Joules,power/energy-pkg/,1001125438,100.00,,
   291.285524584,51.96,Joules,power/energy-pkg/,1001055879,100.00,,
   292.286603609,56.32,Joules,power/energy-pkg/,1001051624,100.00,,
   293.287252099,60.81,Joules,power/energy-pkg/,1000610969,100.00,,
   294.288340970,43.43,Joules,power/energy-pkg/,1001062032,100.00,,
   295.289429601,41.77,Joules,power/energy-pkg/,1001071773,100.00,,
   296.290516019,34.96,Joules,power/energy-pkg/,1001044282,100.00,,
   297.291255437,46.59,Joules,power/energy-pkg/,1000724127,100.00,,
   298.292006994,39.02,Joules,power/energy-pkg/,1007978568,100.00,,
   299.300359819,46.45,Joules,power/energy-pkg/,1001067429,100.00,,
   300.301435945,52.92,Joules,power/energy-pkg/,1001058992,100.00,,
   301.302542364,48.37,Joules,power/energy-pkg/,1001076819,100.00,,
   302.303276347,58.94,Joules,power/energy-pkg/,1000699826,100.00,,
   303.304386573,66.60,Joules,power/energy-pkg/,1001071072,100.00,,
   304.305458658,62.60,Joules,power/energy-pkg/,1001043146,100.00,,
   305.306524716,46.98,Joules,power/energy-pkg/,1001769141,100.00,,
   306.308369062,44.34,Joules,power/energy-pkg/,1001127325,100.00,,
   307.309518983,53.94,Joules,power/energy-pkg/,1001084124,100.00,,
   308.310618937,57.24,Joules,power/energy-pkg/,1001072294,100.00,,
   309.311273010,49.18,Joules,power/energy-pkg/,1000650226,100.00,,
   310.312387793,47.74,Joules,power/energy-pkg/,1001063790,100.00,,
   311.313478944,58.24,Joules,power/energy-pkg/,1001070552,100.00,,
   312.314558912,63.61,Joules,power/energy-pkg/,1001054751,100.00,,
   313.315262041,35.44,Joules,power/energy-pkg/,1000692473,100.00,,
   314.316367636,38.62,Joules,power/energy-pkg/,1001062783,100.00,,
   315.317204158,53.17,Joules,power/energy-pkg/,1000820059,100.00,,
   316.318308036,36.08,Joules,power/energy-pkg/,1001063000,100.00,,
   317.319258621,28.64,Joules,power/energy-pkg/,1000910847,100.00,,
   318.320318588,38.73,Joules,power/energy-pkg/,1001033924,100.00,,
   319.321387678,42.56,Joules,power/energy-pkg/,1001041168,100.00,,
   320.322447072,50.41,Joules,power/energy-pkg/,1001054487,100.00,,
   321.323268344,69.88,Joules,power/energy-pkg/,1000808510,100.00,,
   322.324417839,56.37,Joules,power/energy-pkg/,1001103427,100.00,,
   323.325583513,44.27,Joules,power/energy-pkg/,1001123471,100.00,,
   324.326685803,27.85,Joules,power/energy-pkg/,1001085191,100.00,,
   325.327255479,43.53,Joules,power/energy-pkg/,1000537983,100.00,,
   326.328341628,66.22,Joules,power/energy-pkg/,1001086507,100.00,,
   327.329457882,46.61,Joules,power/energy-pkg/,1001065668,100.00,,
   328.330550589,44.33,Joules,power/energy-pkg/,1001069389,100.00,,
   329.331262463,53.82,Joules,power/energy-pkg/,1000681409,100.00,,
   330.332403157,49.49,Joules,power/energy-pkg/,1001110483,100.00,,
   331.333482025,54.79,Joules,power/energy-pkg/,1002606316,100.00,,
   332.335336056,65.30,Joules,power/energy-pkg/,1000303715,100.00,,
   333.336484326,64.04,Joules,power/energy-pkg/,1001088722,100.00,,
   334.337564303,50.15,Joules,power/energy-pkg/,1001045898,100.00,,
   335.338649622,33.45,Joules,power/energy-pkg/,1001078211,100.00,,
   336.339248257,45.25,Joules,power/energy-pkg/,1000551919,100.00,,
   337.340337252,57.70,Joules,power/energy-pkg/,1001074756,100.00,,
   338.341420345,61.53,Joules,power/energy-pkg/,1001068088,100.00,,
   339.342533389,61.80,Joules,power/energy-pkg/,1001063285,100.00,,
   340.343263302,52.17,Joules,power/energy-pkg/,1000715170,100.00,,
   341.344409754,44.85,Joules,power/energy-pkg/,1001106548,100.00,,
   342.345482813,29.91,Joules,power/energy-pkg/,1001057565,100.00,,
   343.346566532,32.34,Joules,power/energy-pkg/,1001059493,100.00,,
   344.347290073,43.90,Joules,power/energy-pkg/,1000703055,100.00,,
   345.348409796,32.72,Joules,power/energy-pkg/,1001071783,100.00,,
   346.349482081,40.80,Joules,power/energy-pkg/,1001086491,100.00,,
   347.350600393,52.52,Joules,power/energy-pkg/,1001063136,100.00,,
   348.351257492,56.32,Joules,power/energy-pkg/,1000620845,100.00,,
   349.352331758,44.52,Joules,power/energy-pkg/,1001046094,100.00,,
   350.353411449,32.33,Joules,power/energy-pkg/,1001066137,100.00,,
   351.354523906,33.92,Joules,power/energy-pkg/,1001084132,100.00,,
   352.355267942,34.36,Joules,power/energy-pkg/,1000714944,100.00,,
   353.356355454,47.41,Joules,power/energy-pkg/,1001087303,100.00,,
   354.357469797,32.00,Joules,power/energy-pkg/,1001088736,100.00,,
   355.358576439,34.33,Joules,power/energy-pkg/,1001722304,100.00,,
   356.360339581,34.04,Joules,power/energy-pkg/,1001072608,100.00,,
   357.361428772,49.06,Joules,power/energy-pkg/,1001074252,100.00,,
   358.362528400,58.46,Joules,power/energy-pkg/,1001781170,100.00,,
   359.364361214,63.26,Joules,power/energy-pkg/,1001088320,100.00,,
   360.365461902,68.41,Joules,power/energy-pkg/,1001087769,100.00,,
   361.366586295,59.59,Joules,power/energy-pkg/,1001098552,100.00,,
   362.367259909,52.64,Joules,power/energy-pkg/,1000619731,100.00,,
   363.368337645,59.31,Joules,power/energy-pkg/,1001050514,100.00,,
   364.369129867,41.47,Joules,power/energy-pkg/,1000794721,100.00,,
   365.370232424,50.15,Joules,power/energy-pkg/,1001060882,100.00,,
   366.371263408,51.30,Joules,power/energy-pkg/,1001003881,100.00,,
   367.372336728,43.73,Joules,power/energy-pkg/,1001038010,100.00,,
   368.373427653,47.58,Joules,power/energy-pkg/,1001061592,100.00,,
   369.374491405,50.66,Joules,power/energy-pkg/,1001038158,100.00,,
   370.375272887,63.60,Joules,power/energy-pkg/,1000761668,100.00,,
   371.376361704,77.44,Joules,power/energy-pkg/,1001075996,100.00,,
   372.377457587,72.45,Joules,power/energy-pkg/,1001051959,100.00,,
   373.378538456,46.29,Joules,power/energy-pkg/,1001056209,100.00,,
   374.379279396,37.03,Joules,power/energy-pkg/,1000714246,100.00,,
   375.379796589,47.68,Joules,power/energy-pkg/,1000515631,100.00,,
   376.380967662,48.81,Joules,power/energy-pkg/,1001122148,100.00,,
   377.382049773,45.52,Joules,power/energy-pkg/,1001066192,100.00,,
   378.383128749,41.88,Joules,power/energy-pkg/,1001040205,100.00,,
   379.383251032,40.40,Joules,power/energy-pkg/,1000096385,100.00,,
   380.384322770,38.35,Joules,power/energy-pkg/,1001058095,100.00,,
   381.385412266,35.80,Joules,power/energy-pkg/,1001062770,100.00,,
   382.386489801,45.26,Joules,power/energy-pkg/,1001040912,100.00,,
   383.387278572,22.43,Joules,power/energy-pkg/,1000780630,100.00,,
   384.388368114,27.27,Joules,power/energy-pkg/,1001046664,100.00,,
   385.389444388,44.53,Joules,power/energy-pkg/,1001051540,100.00,,
   386.390521466,27.41,Joules,power/energy-pkg/,1001048923,100.00,,
   387.391426424,36.64,Joules,power/energy-pkg/,1000880700,100.00,,
   388.392500499,35.23,Joules,power/energy-pkg/,1001062043,100.00,,
   389.393606267,35.17,Joules,power/energy-pkg/,1001080684,100.00,,
   390.394696796,46.24,Joules,power/energy-pkg/,1001067078,100.00,,
   391.395265440,45.03,Joules,power/energy-pkg/,1000551782,100.00,,
   392.396370223,43.27,Joules,power/energy-pkg/,1001075215,100.00,,
   393.397489946,40.39,Joules,power/energy-pkg/,1001090038,100.00,,
   394.398617878,33.14,Joules,power/energy-pkg/,1001086983,100.00,,
   395.399287513,40.95,Joules,power/energy-pkg/,1004600600,100.00,,
   396.404324820,58.63,Joules,power/energy-pkg/,1001065536,100.00,,
   397.405414057,54.70,Joules,power/energy-pkg/,1001076491,100.00,,
   398.406506375,44.32,Joules,power/energy-pkg/,1001080309,100.00,,
   399.407261871,44.20,Joules,power/energy-pkg/,1000709350,100.00,,
   400.408370412,32.44,Joules,power/energy-pkg/,1001079192,100.00,,
   401.409453002,27.03,Joules,power/energy-pkg/,1001057952,100.00,,
   402.410544499,33.72,Joules,power/energy-pkg/,1001065587,100.00,,
   403.411246223,43.87,Joules,power/energy-pkg/,1000663664,100.00,,
   404.412323609,52.10,Joules,power/energy-pkg/,1001064708,100.00,,
   405.413401622,52.01,Joules,power/energy-pkg/,1001039262,100.00,,
   406.414465868,57.74,Joules,power/energy-pkg/,1001038674,100.00,,
   407.415252045,49.82,Joules,power/energy-pkg/,1000764745,100.00,,
   408.416349646,56.88,Joules,power/energy-pkg/,1001110803,100.00,,
   409.417415567,56.92,Joules,power/energy-pkg/,1001032432,100.00,,
   410.418517878,39.04,Joules,power/energy-pkg/,1001057512,100.00,,
   411.419268418,37.99,Joules,power/energy-pkg/,1000716603,100.00,,
   412.419952662,64.72,Joules,power/energy-pkg/,1000665666,100.00,,
   413.421039941,61.46,Joules,power/energy-pkg/,1001068385,100.00,,
   414.422133330,57.99,Joules,power/energy-pkg/,1001064503,100.00,,
   415.423221867,43.78,Joules,power/energy-pkg/,1001198976,100.00,,
   416.424430461,58.90,Joules,power/energy-pkg/,1001050200,100.00,,
   417.425524182,61.39,Joules,power/energy-pkg/,1001065326,100.00,,
   418.426600865,54.86,Joules,power/energy-pkg/,1001061878,100.00,,
   419.427275721,69.12,Joules,power/energy-pkg/,1000650373,100.00,,
   420.428381834,60.25,Joules,power/energy-pkg/,1001072380,100.00,,
   421.429475363,60.57,Joules,power/energy-pkg/,1002831356,100.00,,
   422.432345033,42.76,Joules,power/energy-pkg/,1001112704,100.00,,
   423.433543702,48.25,Joules,power/energy-pkg/,1001132078,100.00,,
   424.434643601,49.20,Joules,power/energy-pkg/,1001073165,100.00,,
   425.435268030,34.01,Joules,power/energy-pkg/,1000610408,100.00,,
   426.436368628,24.01,Joules,power/energy-pkg/,1001064652,100.00,,
   427.437440459,36.05,Joules,power/energy-pkg/,1001061280,100.00,,
   428.438535281,49.56,Joules,power/energy-pkg/,1001071700,100.00,,
   429.439253033,57.61,Joules,power/energy-pkg/,1000678654,100.00,,
   430.440331394,57.93,Joules,power/energy-pkg/,1001088857,100.00,,
   431.441476049,61.80,Joules,power/energy-pkg/,1001098342,100.00,,
   432.442569275,50.56,Joules,power/energy-pkg/,1001090448,100.00,,
   433.443248952,42.14,Joules,power/energy-pkg/,1000621447,100.00,,
   434.444333826,50.17,Joules,power/energy-pkg/,1001068238,100.00,,
   435.445416624,46.76,Joules,power/energy-pkg/,1001061358,100.00,,
   436.446502560,42.61,Joules,power/energy-pkg/,1001069585,100.00,,
   437.447453095,54.30,Joules,power/energy-pkg/,1000914154,100.00,,
   438.448543346,61.57,Joules,power/energy-pkg/,1001069531,100.00,,
   439.448857751,66.91,Joules,power/energy-pkg/,1000303438,100.00,,
   440.449363103,47.26,Joules,power/energy-pkg/,1000906361,100.00,,
   441.450410346,37.07,Joules,power/energy-pkg/,1000638224,100.00,,
   442.451307397,58.49,Joules,power/energy-pkg/,1000856354,100.00,,
   443.452685502,62.80,Joules,power/energy-pkg/,1001349756,100.00,,
   444.453892374,55.92,Joules,power/energy-pkg/,1001220373,100.00,,
   445.455069243,37.34,Joules,power/energy-pkg/,1001087444,100.00,,
   446.455265447,32.61,Joules,power/energy-pkg/,1000163630,100.00,,
   447.456347044,34.30,Joules,power/energy-pkg/,1001052146,100.00,,
   448.457431594,51.36,Joules,power/energy-pkg/,1001068203,100.00,,
   449.458509500,50.11,Joules,power/energy-pkg/,1002222977,100.00,,
   450.460770775,53.89,Joules,power/energy-pkg/,1001062879,100.00,,
   451.461848374,53.58,Joules,power/energy-pkg/,1001043074,100.00,,
   452.462926225,47.09,Joules,power/energy-pkg/,1001052038,100.00,,
   453.463267192,51.99,Joules,power/energy-pkg/,1000357425,100.00,,
   454.464398473,37.38,Joules,power/energy-pkg/,1001082681,100.00,,
   455.465495987,37.66,Joules,power/energy-pkg/,1001070461,100.00,,
   456.466569235,28.39,Joules,power/energy-pkg/,1001058192,100.00,,
   457.467251212,31.37,Joules,power/energy-pkg/,1000649607,100.00,,
   458.468338867,37.15,Joules,power/energy-pkg/,1001070447,100.00,,
   459.469447959,51.39,Joules,power/energy-pkg/,1001088355,100.00,,
   460.469650302,43.94,Joules,power/energy-pkg/,1000181028,100.00,,
   461.470745193,34.70,Joules,power/energy-pkg/,1001056485,100.00,,
   462.471286381,46.79,Joules,power/energy-pkg/,1000505062,100.00,,
   463.472354926,38.58,Joules,power/energy-pkg/,1001050607,100.00,,
   464.473477877,42.98,Joules,power/energy-pkg/,1001099155,100.00,,
   465.474579707,48.73,Joules,power/energy-pkg/,1001099331,100.00,,
   466.475268186,51.34,Joules,power/energy-pkg/,1000649407,100.00,,
   467.476420171,62.80,Joules,power/energy-pkg/,1001195721,100.00,,
   468.477631880,49.77,Joules,power/energy-pkg/,1001141343,100.00,,
   469.478418961,51.36,Joules,power/energy-pkg/,1000743765,100.00,,
   470.479265810,60.29,Joules,power/energy-pkg/,1000811257,100.00,,
   471.480413267,61.73,Joules,power/energy-pkg/,1001150384,100.00,,
   472.481523845,44.04,Joules,power/energy-pkg/,1001072668,100.00,,
   473.482607235,35.58,Joules,power/energy-pkg/,1001045100,100.00,,
   474.483274796,43.94,Joules,power/energy-pkg/,1000666119,100.00,,
   475.484391850,54.24,Joules,power/energy-pkg/,1001106945,100.00,,
   476.485510168,26.79,Joules,power/energy-pkg/,1001071787,100.00,,
   477.486593938,23.46,Joules,power/energy-pkg/,1001065413,100.00,,
   478.487265098,41.07,Joules,power/energy-pkg/,1000650279,100.00,,
   479.488353378,35.71,Joules,power/energy-pkg/,1001042190,100.00,,
   480.489418168,18.33,Joules,power/energy-pkg/,1001043430,100.00,,
   481.490499724,30.67,Joules,power/energy-pkg/,1001812482,100.00,,
   482.492246958,44.46,Joules,power/energy-pkg/,1000989580,100.00,,
   483.493333391,34.35,Joules,power/energy-pkg/,1001040300,100.00,,
   484.494395593,46.25,Joules,power/energy-pkg/,1001040774,100.00,,
   485.495251442,35.94,Joules,power/energy-pkg/,1000830423,100.00,,
   486.495513964,18.92,Joules,power/energy-pkg/,1000269255,100.00,,
   487.496650461,21.19,Joules,power/energy-pkg/,1001084238,100.00,,
   488.497333119,44.18,Joules,power/energy-pkg/,1000683704,100.00,,
   489.498432324,30.37,Joules,power/energy-pkg/,1001068416,100.00,,
   490.499247429,16.78,Joules,power/energy-pkg/,1000772806,100.00,,
   491.499663192,22.61,Joules,power/energy-pkg/,1000431397,100.00,,
   492.500824247,17.90,Joules,power/energy-pkg/,1001110801,100.00,,
   493.501910886,20.50,Joules,power/energy-pkg/,1001068680,100.00,,
   494.503030466,15.73,Joules,power/energy-pkg/,1001078899,100.00,,
   495.503248786,20.67,Joules,power/energy-pkg/,1000195209,100.00,,
   496.504316635,20.10,Joules,power/energy-pkg/,1001052795,100.00,,
   497.505399381,19.53,Joules,power/energy-pkg/,1001063118,100.00,,
   498.506469834,20.38,Joules,power/energy-pkg/,1001035324,100.00,,
   499.507252539,20.18,Joules,power/energy-pkg/,1000764010,100.00,,
   500.508357917,19.92,Joules,power/energy-pkg/,1001088938,100.00,,
   501.508780354,20.77,Joules,power/energy-pkg/,1000419986,100.00,,
   502.509885761,21.58,Joules,power/energy-pkg/,1001063221,100.00,,
   503.510574755,22.27,Joules,power/energy-pkg/,1000685289,100.00,,
   504.511271735,21.18,Joules,power/energy-pkg/,1000655369,100.00,,
   505.512340712,22.21,Joules,power/energy-pkg/,1001063216,100.00,,
   506.513444095,21.57,Joules,power/energy-pkg/,1001048685,100.00,,
   507.514538766,20.17,Joules,power/energy-pkg/,1001083825,100.00,,
   508.515247291,19.79,Joules,power/energy-pkg/,1000672487,100.00,,
   509.516320394,19.20,Joules,power/energy-pkg/,1001064106,100.00,,
   510.517425066,17.19,Joules,power/energy-pkg/,1001067670,100.00,,
   511.518489625,17.48,Joules,power/energy-pkg/,1001042987,100.00,,
   512.519316791,19.65,Joules,power/energy-pkg/,1000908311,100.00,,
   513.520502465,19.56,Joules,power/energy-pkg/,1001071261,100.00,,
   514.521615667,19.20,Joules,power/energy-pkg/,1001091810,100.00,,
   515.522705811,18.85,Joules,power/energy-pkg/,1001052637,100.00,,
   516.523253850,18.45,Joules,power/energy-pkg/,1000525952,100.00,,
   517.524336136,21.18,Joules,power/energy-pkg/,1001056527,100.00,,
   518.556625457,22.35,Joules,power/energy-pkg/,1032290814,100.00,,
