[100%] Built target hwpc-sensor
I: 23-04-13 14:15:20 build: version undefined (rev: undefined)
I: 23-04-13 14:15:20 uname: Linux 5.4.0-137-generic #154-Ubuntu SMP Thu Jan 5 17:03:22 UTC 2023 x86_64
I: 23-04-13 14:15:20 pmu: found ix86arch 'Intel X86 architectural PMU' having 7 events, 11 counters (8 general, 3 fixed)
I: 23-04-13 14:15:20 pmu: found perf 'perf_events generic PMU' having 179 events, 0 counters (0 general, 0 fixed)
I: 23-04-13 14:15:20 pmu: found rapl 'Intel RAPL' having 2 events, 3 counters (0 general, 3 fixed)
I: 23-04-13 14:15:20 pmu: found perf_raw 'perf_events raw PMU' having 1 events, 0 counters (0 general, 0 fixed)
I: 23-04-13 14:15:20 pmu: found skx 'Intel Skylake X' having 85 events, 11 counters (8 general, 3 fixed)
I: 23-04-13 14:15:20 pmu: found skx_unc_cha0 'Intel SkylakeX CHA0 uncore' having 99 events, 4 counters (4 general, 0 fixed)
I: 23-04-13 14:15:20 pmu: found skx_unc_cha1 'Intel SkylakeX CHA1 uncore' having 99 events, 4 counters (4 general, 0 fixed)
I: 23-04-13 14:15:20 pmu: found skx_unc_cha2 'Intel SkylakeX CHA2 uncore' having 99 events, 4 counters (4 general, 0 fixed)
I: 23-04-13 14:15:20 pmu: found skx_unc_cha3 'Intel SkylakeX CHA3 uncore' having 99 events, 4 counters (4 general, 0 fixed)
I: 23-04-13 14:15:20 pmu: found skx_unc_cha4 'Intel SkylakeX CHA4 uncore' having 99 events, 4 counters (4 general, 0 fixed)
I: 23-04-13 14:15:20 pmu: found skx_unc_cha5 'Intel SkylakeX CHA5 uncore' having 99 events, 4 counters (4 general, 0 fixed)
I: 23-04-13 14:15:20 pmu: found skx_unc_cha6 'Intel SkylakeX CHA6 uncore' having 99 events, 4 counters (4 general, 0 fixed)
I: 23-04-13 14:15:20 pmu: found skx_unc_cha7 'Intel SkylakeX CHA7 uncore' having 99 events, 4 counters (4 general, 0 fixed)
I: 23-04-13 14:15:20 pmu: found skx_unc_cha8 'Intel SkylakeX CHA8 uncore' having 99 events, 4 counters (4 general, 0 fixed)
I: 23-04-13 14:15:20 pmu: found skx_unc_cha9 'Intel SkylakeX CHA9 uncore' having 99 events, 4 counters (4 general, 0 fixed)
I: 23-04-13 14:15:20 pmu: found skx_unc_cha10 'Intel SkylakeX CHA10 uncore' having 99 events, 4 counters (4 general, 0 fixed)
I: 23-04-13 14:15:20 pmu: found skx_unc_cha11 'Intel SkylakeX CHA11 uncore' having 99 events, 4 counters (4 general, 0 fixed)
I: 23-04-13 14:15:20 pmu: found skx_unc_cha12 'Intel SkylakeX CHA12 uncore' having 99 events, 4 counters (4 general, 0 fixed)
I: 23-04-13 14:15:20 pmu: found skx_unc_cha13 'Intel SkylakeX CHA13 uncore' having 99 events, 4 counters (4 general, 0 fixed)
I: 23-04-13 14:15:20 pmu: found skx_unc_cha14 'Intel SkylakeX CHA14 uncore' having 99 events, 4 counters (4 general, 0 fixed)
I: 23-04-13 14:15:20 pmu: found skx_unc_cha15 'Intel SkylakeX CHA15 uncore' having 99 events, 4 counters (4 general, 0 fixed)
I: 23-04-13 14:15:20 pmu: found skx_unc_cha16 'Intel SkylakeX CHA16 uncore' having 99 events, 4 counters (4 general, 0 fixed)
I: 23-04-13 14:15:20 pmu: found skx_unc_cha17 'Intel SkylakeX CHA17 uncore' having 99 events, 4 counters (4 general, 0 fixed)
I: 23-04-13 14:15:20 pmu: found skx_unc_cha18 'Intel SkylakeX CHA18 uncore' having 99 events, 4 counters (4 general, 0 fixed)
I: 23-04-13 14:15:20 pmu: found skx_unc_cha19 'Intel SkylakeX CHA19 uncore' having 99 events, 4 counters (4 general, 0 fixed)
I: 23-04-13 14:15:20 pmu: found skx_unc_cha20 'Intel SkylakeX CHA20 uncore' having 99 events, 4 counters (4 general, 0 fixed)
I: 23-04-13 14:15:20 pmu: found skx_unc_cha21 'Intel SkylakeX CHA21 uncore' having 99 events, 4 counters (4 general, 0 fixed)
I: 23-04-13 14:15:20 pmu: found skx_unc_cha22 'Intel SkylakeX CHA22 uncore' having 99 events, 4 counters (4 general, 0 fixed)
I: 23-04-13 14:15:20 pmu: found skx_unc_cha23 'Intel SkylakeX CHA23 uncore' having 99 events, 4 counters (4 general, 0 fixed)
I: 23-04-13 14:15:20 pmu: found skx_unc_iio0 'Intel SkylakeX IIO0 uncore' having 16 events, 4 counters (4 general, 0 fixed)
I: 23-04-13 14:15:20 pmu: found skx_unc_iio1 'Intel SkylakeX IIO1 uncore' having 16 events, 4 counters (4 general, 0 fixed)
I: 23-04-13 14:15:20 pmu: found skx_unc_iio2 'Intel SkylakeX IIO2 uncore' having 16 events, 4 counters (4 general, 0 fixed)
I: 23-04-13 14:15:20 pmu: found skx_unc_iio3 'Intel SkylakeX IIO3 uncore' having 16 events, 4 counters (4 general, 0 fixed)
I: 23-04-13 14:15:20 pmu: found skx_unc_iio4 'Intel SkylakeX IIO4 uncore' having 16 events, 4 counters (4 general, 0 fixed)
I: 23-04-13 14:15:20 pmu: found skx_unc_iio5 'Intel SkylakeX IIO5 uncore' having 16 events, 4 counters (4 general, 0 fixed)
I: 23-04-13 14:15:20 pmu: found skx_unc_imc0 'Intel SkylakeX IMC0 uncore' having 46 events, 5 counters (4 general, 1 fixed)
I: 23-04-13 14:15:20 pmu: found skx_unc_imc1 'Intel SkylakeX IMC1 uncore' having 46 events, 5 counters (4 general, 1 fixed)
I: 23-04-13 14:15:20 pmu: found skx_unc_imc2 'Intel SkylakeX IMC2 uncore' having 46 events, 5 counters (4 general, 1 fixed)
I: 23-04-13 14:15:20 pmu: found skx_unc_imc3 'Intel SkylakeX IMC3 uncore' having 46 events, 5 counters (4 general, 1 fixed)
I: 23-04-13 14:15:20 pmu: found skx_unc_imc4 'Intel SkylakeX IMC4 uncore' having 46 events, 5 counters (4 general, 1 fixed)
I: 23-04-13 14:15:20 pmu: found skx_unc_imc5 'Intel SkylakeX IMC5 uncore' having 46 events, 5 counters (4 general, 1 fixed)
I: 23-04-13 14:15:20 pmu: found skx_unc_m2m0 'Intel SkylakeX M2M0 uncore' having 121 events, 4 counters (4 general, 0 fixed)
I: 23-04-13 14:15:20 pmu: found skx_unc_m2m1 'Intel SkylakeX M2M1 uncore' having 121 events, 4 counters (4 general, 0 fixed)
I: 23-04-13 14:15:20 pmu: found skx_unc_m3upi0 'Intel SkylakeX M3UPI0 uncore' having 111 events, 4 counters (4 general, 0 fixed)
I: 23-04-13 14:15:20 pmu: found skx_unc_m3upi1 'Intel SkylakeX M3UPI1 uncore' having 111 events, 4 counters (4 general, 0 fixed)
I: 23-04-13 14:15:20 pmu: found skx_unc_m3upi2 'Intel SkylakeX M3UPI2 uncore' having 111 events, 4 counters (4 general, 0 fixed)
I: 23-04-13 14:15:20 pmu: found skx_unc_pcu 'Intel SkylakeX PCU uncore' having 29 events, 4 counters (4 general, 0 fixed)
I: 23-04-13 14:15:20 pmu: found skx_unc_ubo 'Intel SkylakeX U-Box uncore' having 5 events, 3 counters (2 general, 1 fixed)
I: 23-04-13 14:15:20 pmu: found skx_unc_upi0 'Intel SkylakeX UPI0 uncore' having 34 events, 4 counters (4 general, 0 fixed)
I: 23-04-13 14:15:20 pmu: found skx_unc_upi1 'Intel SkylakeX UPI1 uncore' having 34 events, 4 counters (4 general, 0 fixed)
I: 23-04-13 14:15:20 pmu: found skx_unc_upi2 'Intel SkylakeX UPI2 uncore' having 34 events, 4 counters (4 general, 0 fixed)
I: 23-04-13 14:15:20 hwinfo: cpu38 is offline and will be ignored
I: 23-04-13 14:15:20 hwinfo: cpu28 is offline and will be ignored
I: 23-04-13 14:15:20 hwinfo: cpu46 is offline and will be ignored
I: 23-04-13 14:15:20 hwinfo: cpu36 is offline and will be ignored
I: 23-04-13 14:15:20 hwinfo: cpu26 is offline and will be ignored
I: 23-04-13 14:15:20 hwinfo: cpu44 is offline and will be ignored
I: 23-04-13 14:15:20 hwinfo: cpu34 is offline and will be ignored
I: 23-04-13 14:15:20 hwinfo: cpu24 is offline and will be ignored
I: 23-04-13 14:15:20 hwinfo: cpu42 is offline and will be ignored
I: 23-04-13 14:15:20 hwinfo: cpu32 is offline and will be ignored
I: 23-04-13 14:15:20 hwinfo: cpu40 is offline and will be ignored
I: 23-04-13 14:15:20 hwinfo: cpu30 is offline and will be ignored
I: 23-04-13 14:15:20 hwinfo: cpu39 is offline and will be ignored
I: 23-04-13 14:15:20 hwinfo: cpu29 is offline and will be ignored
I: 23-04-13 14:15:20 hwinfo: cpu47 is offline and will be ignored
I: 23-04-13 14:15:20 hwinfo: cpu37 is offline and will be ignored
I: 23-04-13 14:15:20 hwinfo: cpu27 is offline and will be ignored
I: 23-04-13 14:15:20 hwinfo: cpu45 is offline and will be ignored
I: 23-04-13 14:15:20 hwinfo: cpu35 is offline and will be ignored
I: 23-04-13 14:15:20 hwinfo: cpu25 is offline and will be ignored
I: 23-04-13 14:15:20 hwinfo: cpu43 is offline and will be ignored
I: 23-04-13 14:15:20 hwinfo: cpu33 is offline and will be ignored
I: 23-04-13 14:15:20 hwinfo: cpu41 is offline and will be ignored
I: 23-04-13 14:15:20 hwinfo: cpu31 is offline and will be ignored
I: 23-04-13 14:15:20 sensor: configuration is valid, starting monitoring...
I: 23-04-13 14:15:20 perf<all>: monitoring actor started
I: 23-04-13 14:15:20 perf</default>: monitoring actor started
I: 23-04-13 14:16:26 perf</pyaes-0-0.0.1-1DF3AA07-5A9F-9EE3-B591-A6D777EFBE8B>: monitoring actor started
I: 23-04-13 14:16:27 perf</pyaes-0-0.0.1-49559B49-FBDE-90BB-19CF-2498A092AA48>: monitoring actor started
I: 23-04-13 14:16:27 perf</float_operation-0-0.0.1-E8EB9822-A0C9-B276-3782-1F5676DDBC74>: monitoring actor started
I: 23-04-13 14:16:28 perf</pyaes-0-0.0.1-F6F39A68-4E17-3A1A-2009-C6EDF8B8D968>: monitoring actor started
I: 23-04-13 14:16:28 perf</float_operation-0-0.0.1-FB2C96A0-07ED-055E-3340-62F22E107822>: monitoring actor started
I: 23-04-13 14:16:28 perf</float_operation-0-0.0.1-9850CA4A-7DF2-5E60-22FB-234DBBBBEA2A>: monitoring actor started
I: 23-04-13 14:16:29 perf</image_processing-0-0.0.1-EA93B121-F41C-4FFF-640A-12A5F0C134D1>: monitoring actor started
I: 23-04-13 14:16:29 perf</pyaes-0-0.0.1-992FF424-03BD-669F-3FD6-F62213674D9E>: monitoring actor started
I: 23-04-13 14:16:30 perf</float_operation-0-0.0.1-334A75AD-F63C-F73E-9783-AFA9E350D914>: monitoring actor started
I: 23-04-13 14:16:30 perf</image_processing-0-0.0.1-C04DE459-8862-1C6B-411E-A4328EE10705>: monitoring actor started
I: 23-04-13 14:16:30 perf</float_operation-0-0.0.1-12C50849-4BDE-0F45-6736-5A2B942C1278>: monitoring actor started
I: 23-04-13 14:16:31 perf</pyaes-0-0.0.1-86109442-AF6F-2E80-D0DD-476259FE6BC2>: monitoring actor started
I: 23-04-13 14:16:31 perf</float_operation-0-0.0.1-32BD9A24-FA45-D709-1848-3225B607D312>: monitoring actor started
I: 23-04-13 14:16:32 perf</pyaes-0-0.0.1-6D47F2FF-F66C-A18A-8228-84E2BA170448>: monitoring actor started
I: 23-04-13 14:16:32 perf</pyaes-0-0.0.1-D7CF4530-B7BB-AE65-60FF-596BA7CF3F4A>: monitoring actor started
I: 23-04-13 14:16:32 perf</image_processing-0-0.0.1-5E80839D-A450-8887-6F6C-3B0B80860651>: monitoring actor started
I: 23-04-13 14:16:33 perf</float_operation-0-0.0.1-5538AB96-40F3-2B6D-2223-332D1AADC866>: monitoring actor started
I: 23-04-13 14:16:33 perf</pyaes-0-0.0.1-82E9CBA5-C4F8-D3E3-8F37-494A122E763E>: monitoring actor started
I: 23-04-13 14:16:34 perf</pyaes-0-0.0.1-499C9F75-49EE-D03F-7AB5-1218ADC1672C>: monitoring actor started
I: 23-04-13 14:16:34 perf</pyaes-0-0.0.1-28A904D3-FF19-3F24-D67B-CADDEC8CE1EB>: monitoring actor started
I: 23-04-13 14:16:34 perf</pyaes-0-0.0.1-AE426132-08EA-C8DA-7549-5B3635D296BF>: monitoring actor started
I: 23-04-13 14:16:35 perf</float_operation-0-0.0.1-AE7CEBB4-CC7B-FCF8-16F0-2965BFE62A7D>: monitoring actor started
I: 23-04-13 14:16:35 perf</float_operation-0-0.0.1-46E0501C-F9E0-5C9F-CF0E-6DF8C83451E7>: monitoring actor started
I: 23-04-13 14:16:36 perf</pyaes-0-0.0.1-439CA57D-2CCC-0E24-D804-1E90B9BC85A7>: monitoring actor started
I: 23-04-13 14:16:36 perf</image_processing-0-0.0.1-CBA593FA-3A8A-4F2E-D3AD-C130AF5BD206>: monitoring actor started
I: 23-04-13 14:16:36 perf</image_processing-0-0.0.1-439D3227-38D8-9E98-66D4-60F7C37DA8EA>: monitoring actor started
I: 23-04-13 14:16:37 perf</float_operation-0-0.0.1-00BC98B0-8CDA-7FBF-4EA7-34563347695E>: monitoring actor started
I: 23-04-13 14:16:37 perf</image_processing-0-0.0.1-437EE5BF-94D4-A9AE-432A-6FB4A57C9153>: monitoring actor started
I: 23-04-13 14:16:38 perf</image_processing-0-0.0.1-D8EBB70B-0EA9-D85B-C437-26D5901CDB22>: monitoring actor started
I: 23-04-13 14:16:39 perf</image_processing-0-0.0.1-41B7B0BF-2D3C-6B51-C9D4-59B9A20E2B00>: monitoring actor started
I: 23-04-13 14:23:24 perf</float_operation-0-0.0.1-E8EB9822-A0C9-B276-3782-1F5676DDBC74>: shutting down actor
I: 23-04-13 14:23:24 perf</float_operation-0-0.0.1-12C50849-4BDE-0F45-6736-5A2B942C1278>: shutting down actor
I: 23-04-13 14:23:24 perf</image_processing-0-0.0.1-CBA593FA-3A8A-4F2E-D3AD-C130AF5BD206>: shutting down actor
I: 23-04-13 14:23:24 perf</pyaes-0-0.0.1-439CA57D-2CCC-0E24-D804-1E90B9BC85A7>: shutting down actor
I: 23-04-13 14:23:24 perf</float_operation-0-0.0.1-FB2C96A0-07ED-055E-3340-62F22E107822>: shutting down actor
I: 23-04-13 14:23:24 perf</pyaes-0-0.0.1-992FF424-03BD-669F-3FD6-F62213674D9E>: shutting down actor
I: 23-04-13 14:23:24 perf</pyaes-0-0.0.1-499C9F75-49EE-D03F-7AB5-1218ADC1672C>: shutting down actor
I: 23-04-13 14:23:24 perf</pyaes-0-0.0.1-6D47F2FF-F66C-A18A-8228-84E2BA170448>: shutting down actor
I: 23-04-13 14:23:24 perf</float_operation-0-0.0.1-5538AB96-40F3-2B6D-2223-332D1AADC866>: shutting down actor
I: 23-04-13 14:23:24 perf</pyaes-0-0.0.1-1DF3AA07-5A9F-9EE3-B591-A6D777EFBE8B>: shutting down actor
I: 23-04-13 14:23:24 perf</pyaes-0-0.0.1-49559B49-FBDE-90BB-19CF-2498A092AA48>: shutting down actor
I: 23-04-13 14:23:24 perf</pyaes-0-0.0.1-82E9CBA5-C4F8-D3E3-8F37-494A122E763E>: shutting down actor
I: 23-04-13 14:23:24 perf</float_operation-0-0.0.1-AE7CEBB4-CC7B-FCF8-16F0-2965BFE62A7D>: shutting down actor
I: 23-04-13 14:23:24 perf</image_processing-0-0.0.1-439D3227-38D8-9E98-66D4-60F7C37DA8EA>: shutting down actor
I: 23-04-13 14:23:24 perf</float_operation-0-0.0.1-9850CA4A-7DF2-5E60-22FB-234DBBBBEA2A>: shutting down actor
I: 23-04-13 14:23:24 perf</float_operation-0-0.0.1-46E0501C-F9E0-5C9F-CF0E-6DF8C83451E7>: shutting down actor
I: 23-04-13 14:23:24 perf</pyaes-0-0.0.1-F6F39A68-4E17-3A1A-2009-C6EDF8B8D968>: shutting down actor
I: 23-04-13 14:23:24 perf</default>: shutting down actor
I: 23-04-13 14:23:24 perf</float_operation-0-0.0.1-32BD9A24-FA45-D709-1848-3225B607D312>: shutting down actor
I: 23-04-13 14:23:24 perf</float_operation-0-0.0.1-334A75AD-F63C-F73E-9783-AFA9E350D914>: shutting down actor
I: 23-04-13 14:23:24 perf</float_operation-0-0.0.1-00BC98B0-8CDA-7FBF-4EA7-34563347695E>: shutting down actor
I: 23-04-13 14:23:24 perf</image_processing-0-0.0.1-D8EBB70B-0EA9-D85B-C437-26D5901CDB22>: shutting down actor
I: 23-04-13 14:23:24 perf</pyaes-0-0.0.1-28A904D3-FF19-3F24-D67B-CADDEC8CE1EB>: shutting down actor
I: 23-04-13 14:23:24 perf</pyaes-0-0.0.1-D7CF4530-B7BB-AE65-60FF-596BA7CF3F4A>: shutting down actor
I: 23-04-13 14:23:24 perf</image_processing-0-0.0.1-5E80839D-A450-8887-6F6C-3B0B80860651>: shutting down actor
I: 23-04-13 14:23:24 perf</image_processing-0-0.0.1-C04DE459-8862-1C6B-411E-A4328EE10705>: shutting down actor
I: 23-04-13 14:23:24 perf</image_processing-0-0.0.1-437EE5BF-94D4-A9AE-432A-6FB4A57C9153>: shutting down actor
I: 23-04-13 14:23:24 perf</pyaes-0-0.0.1-86109442-AF6F-2E80-D0DD-476259FE6BC2>: shutting down actor
I: 23-04-13 14:23:24 perf</pyaes-0-0.0.1-AE426132-08EA-C8DA-7549-5B3635D296BF>: shutting down actor
I: 23-04-13 14:23:24 perf</image_processing-0-0.0.1-EA93B121-F41C-4FFF-640A-12A5F0C134D1>: shutting down actor
I: 23-04-13 14:23:24 perf</image_processing-0-0.0.1-41B7B0BF-2D3C-6B51-C9D4-59B9A20E2B00>: shutting down actor
I: 23-04-13 14:23:24 perf<all>: shutting down actor
I: 23-04-13 14:23:24 reporting: bye!
