# started on Sat Aug  5 19:14:17 2023

     1.001002385,3.60,Joules,power/energy-pkg/,1001022400,100.00,,
     2.002334515,3.36,Joules,power/energy-pkg/,1001333261,100.00,,
     3.003558436,3.98,Joules,power/energy-pkg/,1001220883,100.00,,
     4.004807088,3.51,Joules,power/energy-pkg/,1001240833,100.00,,
     5.005033670,7.34,Joules,power/energy-pkg/,1000214642,100.00,,
     6.006280491,5.64,Joules,power/energy-pkg/,1001249809,100.00,,
     7.007537098,3.99,Joules,power/energy-pkg/,1001250655,100.00,,
     8.008854637,3.73,Joules,power/energy-pkg/,1001343003,100.00,,
     9.010162630,3.60,Joules,power/energy-pkg/,1001266095,100.00,,
    10.011409161,3.33,Joules,power/energy-pkg/,1001245741,100.00,,
    11.026376398,3.58,Joules,power/energy-pkg/,1014969801,100.00,,
    12.027804937,3.24,Joules,power/energy-pkg/,1001423598,100.00,,
    13.029107485,3.85,Joules,power/energy-pkg/,1001296637,100.00,,
    14.030666050,3.34,Joules,power/energy-pkg/,1001552693,100.00,,
    15.032040806,3.66,Joules,power/energy-pkg/,1001366692,100.00,,
    16.033408643,3.44,Joules,power/energy-pkg/,1001365276,100.00,,
    17.034855974,3.64,Joules,power/energy-pkg/,1001441999,100.00,,
    18.036241111,3.40,Joules,power/energy-pkg/,1001373202,100.00,,
    19.037589446,3.20,Joules,power/energy-pkg/,1001349317,100.00,,
    20.038949833,3.27,Joules,power/energy-pkg/,1001350762,100.00,,
    21.040332440,3.61,Joules,power/energy-pkg/,1001370850,100.00,,
    22.041647482,3.22,Joules,power/energy-pkg/,1001319862,100.00,,
    23.042998574,3.80,Joules,power/energy-pkg/,1001342780,100.00,,
    24.044380836,3.29,Joules,power/energy-pkg/,1001375272,100.00,,
    25.045202698,3.65,Joules,power/energy-pkg/,1000864335,100.00,,
    26.046623452,3.44,Joules,power/energy-pkg/,1001367868,100.00,,
    27.047983580,3.64,Joules,power/energy-pkg/,1001356734,100.00,,
    28.048988974,3.59,Joules,power/energy-pkg/,1000995442,100.00,,
    29.050343040,3.70,Joules,power/energy-pkg/,1001351968,100.00,,
    30.051692102,3.50,Joules,power/energy-pkg/,1001342281,100.00,,
    31.053133518,3.29,Joules,power/energy-pkg/,1001440589,100.00,,
    32.054632195,3.22,Joules,power/energy-pkg/,1001493520,100.00,,
    33.056112405,3.73,Joules,power/energy-pkg/,1001474134,100.00,,
    34.057481931,3.26,Joules,power/energy-pkg/,1001364911,100.00,,
    35.059025009,4.06,Joules,power/energy-pkg/,1001537478,100.00,,
    36.060502206,3.45,Joules,power/energy-pkg/,1001470715,100.00,,
    37.061859649,3.27,Joules,power/energy-pkg/,1001350699,100.00,,
    38.063216294,3.25,Joules,power/energy-pkg/,1001348895,100.00,,
    39.064595861,3.20,Joules,power/energy-pkg/,1001378636,100.00,,
    40.064983166,3.28,Joules,power/energy-pkg/,1000375995,100.00,,
    41.066318628,3.41,Joules,power/energy-pkg/,1001333027,100.00,,
    42.067689917,3.19,Joules,power/energy-pkg/,1001366356,100.00,,
    43.069171091,3.92,Joules,power/energy-pkg/,1001477869,100.00,,
    44.070553750,3.56,Joules,power/energy-pkg/,1001373444,100.00,,
    45.072070826,3.49,Joules,power/energy-pkg/,1001515630,100.00,,
    46.073227240,3.41,Joules,power/energy-pkg/,1001150462,100.00,,
    47.074603272,3.42,Joules,power/energy-pkg/,1001368075,100.00,,
    48.075923236,3.28,Joules,power/energy-pkg/,1001314878,100.00,,
    49.077397222,3.95,Joules,power/energy-pkg/,1001471070,100.00,,
    50.078773932,3.23,Joules,power/energy-pkg/,1001366668,100.00,,
    51.080315577,3.25,Joules,power/energy-pkg/,1001541580,100.00,,
    52.081013622,3.65,Joules,power/energy-pkg/,1000687499,100.00,,
    53.082297888,3.65,Joules,power/energy-pkg/,1001283100,100.00,,
    54.083757398,3.84,Joules,power/energy-pkg/,1001455250,100.00,,
    55.085039464,3.58,Joules,power/energy-pkg/,1001271216,100.00,,
    56.086484654,3.24,Joules,power/energy-pkg/,1001445236,100.00,,
    57.087955156,3.27,Joules,power/energy-pkg/,1001464961,100.00,,
    58.089326656,3.33,Joules,power/energy-pkg/,1001366701,100.00,,
    59.090724746,3.92,Joules,power/energy-pkg/,1001392232,100.00,,
    60.092133646,3.08,Joules,power/energy-pkg/,1001402678,100.00,,
    61.093482944,3.17,Joules,power/energy-pkg/,1001341403,100.00,,
    62.094968126,3.13,Joules,power/energy-pkg/,1001482698,100.00,,
    63.096298785,3.68,Joules,power/energy-pkg/,1001320503,100.00,,
    64.097744555,3.13,Joules,power/energy-pkg/,1001445832,100.00,,
    65.099122714,4.37,Joules,power/energy-pkg/,1001368679,100.00,,
    66.100669093,5.46,Joules,power/energy-pkg/,1001544902,100.00,,
    67.102198514,3.50,Joules,power/energy-pkg/,1001523836,100.00,,
    68.103453672,7.48,Joules,power/energy-pkg/,1001223189,100.00,,
    69.104611185,22.30,Joules,power/energy-pkg/,1001174781,100.00,,
    70.104960146,57.12,Joules,power/energy-pkg/,1000319928,100.00,,
    71.106100763,44.61,Joules,power/energy-pkg/,1001138282,100.00,,
    72.107243485,33.16,Joules,power/energy-pkg/,1001139778,100.00,,
    73.108400918,53.08,Joules,power/energy-pkg/,1001151225,100.00,,
    74.109555074,34.56,Joules,power/energy-pkg/,1001168082,100.00,,
    75.110888760,12.81,Joules,power/energy-pkg/,1001314035,100.00,,
    76.112050865,32.59,Joules,power/energy-pkg/,1001150668,100.00,,
    77.112963034,39.70,Joules,power/energy-pkg/,1000901893,100.00,,
    78.114111302,30.12,Joules,power/energy-pkg/,1001150595,100.00,,
    79.115260894,67.24,Joules,power/energy-pkg/,1001144305,100.00,,
    80.116407722,69.65,Joules,power/energy-pkg/,1001158700,100.00,,
    81.116997350,44.76,Joules,power/energy-pkg/,1000582668,100.00,,
    82.118231887,40.66,Joules,power/energy-pkg/,1001207822,100.00,,
    83.119331244,57.60,Joules,power/energy-pkg/,1001107347,100.00,,
    84.120528313,39.77,Joules,power/energy-pkg/,1001179463,100.00,,
    85.120917073,30.85,Joules,power/energy-pkg/,1000395869,100.00,,
    86.121133836,34.53,Joules,power/energy-pkg/,1000206494,100.00,,
    87.122231937,30.63,Joules,power/energy-pkg/,1001083833,100.00,,
    88.123314965,48.53,Joules,power/energy-pkg/,1001078401,100.00,,
    89.124399847,53.90,Joules,power/energy-pkg/,1001079739,100.00,,
    90.125564463,37.45,Joules,power/energy-pkg/,1001161299,100.00,,
    91.126695832,46.07,Joules,power/energy-pkg/,1001129110,100.00,,
    92.127852291,60.36,Joules,power/energy-pkg/,1001153697,100.00,,
    93.128961826,54.52,Joules,power/energy-pkg/,1001100098,100.00,,
    94.130110854,41.78,Joules,power/energy-pkg/,1001143274,100.00,,
    95.131303390,31.02,Joules,power/energy-pkg/,1001207604,100.00,,
    96.132636973,28.70,Joules,power/energy-pkg/,1001310023,100.00,,
    97.133728649,35.40,Joules,power/energy-pkg/,1001096006,100.00,,
    98.134897689,37.46,Joules,power/energy-pkg/,1001155274,100.00,,
    99.136072012,49.79,Joules,power/energy-pkg/,1001181935,100.00,,
   100.136956550,49.31,Joules,power/energy-pkg/,1000858202,100.00,,
   101.138020750,52.21,Joules,power/energy-pkg/,1001060184,100.00,,
   102.139171848,35.86,Joules,power/energy-pkg/,1001148841,100.00,,
   103.140239113,51.12,Joules,power/energy-pkg/,1001058943,100.00,,
   104.140873169,57.72,Joules,power/energy-pkg/,1000628580,100.00,,
   105.142023655,44.41,Joules,power/energy-pkg/,1001148093,100.00,,
   106.143327014,13.33,Joules,power/energy-pkg/,1001323976,100.00,,
   107.144585808,23.68,Joules,power/energy-pkg/,1001225442,100.00,,
   108.144875261,38.49,Joules,power/energy-pkg/,1000283915,100.00,,
   109.145976016,21.58,Joules,power/energy-pkg/,1001095117,100.00,,
   110.147128031,49.00,Joules,power/energy-pkg/,1001165717,100.00,,
   111.148287756,55.43,Joules,power/energy-pkg/,1001139783,100.00,,
   112.149444041,42.08,Joules,power/energy-pkg/,1001152741,100.00,,
   113.150599379,50.24,Joules,power/energy-pkg/,1001149612,100.00,,
   114.151746273,60.17,Joules,power/energy-pkg/,1001144190,100.00,,
   115.153039943,38.74,Joules,power/energy-pkg/,1001308596,100.00,,
   116.154384211,23.86,Joules,power/energy-pkg/,1001315274,100.00,,
   117.155536477,42.11,Joules,power/energy-pkg/,1001174646,100.00,,
   118.156642547,45.55,Joules,power/energy-pkg/,1001068360,100.00,,
   119.157933607,24.09,Joules,power/energy-pkg/,1001313478,100.00,,
   120.159278262,18.36,Joules,power/energy-pkg/,1001321473,100.00,,
   121.160365068,50.28,Joules,power/energy-pkg/,1001074999,100.00,,
   122.161706906,6.59,Joules,power/energy-pkg/,1001361583,100.00,,
   123.162961217,17.87,Joules,power/energy-pkg/,1001221057,100.00,,
   124.164113546,18.32,Joules,power/energy-pkg/,1001149950,100.00,,
   125.164874637,34.24,Joules,power/energy-pkg/,1000755079,100.00,,
   126.165966339,35.94,Joules,power/energy-pkg/,1001084391,100.00,,
   127.167119474,54.53,Joules,power/energy-pkg/,1001155587,100.00,,
   128.168205908,27.09,Joules,power/energy-pkg/,1001076084,100.00,,
   129.168963061,33.26,Joules,power/energy-pkg/,1000747975,100.00,,
   130.170105357,35.26,Joules,power/energy-pkg/,1001141673,100.00,,
   131.171356156,10.57,Joules,power/energy-pkg/,1001270664,100.00,,
   132.172858146,3.85,Joules,power/energy-pkg/,1001514808,100.00,,
   133.174215823,35.80,Joules,power/energy-pkg/,1001315407,100.00,,
   134.175369389,48.26,Joules,power/energy-pkg/,1001164819,100.00,,
   135.176554732,24.64,Joules,power/energy-pkg/,1001158781,100.00,,
   136.177716227,24.33,Joules,power/energy-pkg/,1001177062,100.00,,
   137.179059080,24.06,Joules,power/energy-pkg/,1001321571,100.00,,
   138.180220354,51.32,Joules,power/energy-pkg/,1001173631,100.00,,
   139.181414348,34.03,Joules,power/energy-pkg/,1001190199,100.00,,
   140.182962995,3.86,Joules,power/energy-pkg/,1001542344,100.00,,
   141.184233236,6.89,Joules,power/energy-pkg/,1001238906,100.00,,
   142.184969023,47.92,Joules,power/energy-pkg/,1000752185,100.00,,
   143.186286266,43.47,Joules,power/energy-pkg/,1001317339,100.00,,
   144.187627489,27.65,Joules,power/energy-pkg/,1001318365,100.00,,
   145.188784397,27.52,Joules,power/energy-pkg/,1001148927,100.00,,
   146.188957965,44.89,Joules,power/energy-pkg/,1000159667,100.00,,
   147.190099077,39.85,Joules,power/energy-pkg/,1001140357,100.00,,
   148.191239529,40.46,Joules,power/energy-pkg/,1001138475,100.00,,
   149.192385443,47.97,Joules,power/energy-pkg/,1001137651,100.00,,
   150.192872949,55.09,Joules,power/energy-pkg/,1000478838,100.00,,
   151.193953254,65.10,Joules,power/energy-pkg/,1001078850,100.00,,
   152.195123926,70.33,Joules,power/energy-pkg/,1001189507,100.00,,
   153.196320589,36.19,Joules,power/energy-pkg/,1001171609,100.00,,
   154.196935115,47.62,Joules,power/energy-pkg/,1000626995,100.00,,
   155.198126893,45.79,Joules,power/energy-pkg/,1001167600,100.00,,
   156.199390143,22.56,Joules,power/energy-pkg/,1001279214,100.00,,
   157.200648847,27.28,Joules,power/energy-pkg/,1001227790,100.00,,
   158.201121100,42.28,Joules,power/energy-pkg/,1000525764,100.00,,
   159.202334196,40.38,Joules,power/energy-pkg/,1001151310,100.00,,
   160.203478745,52.32,Joules,power/energy-pkg/,1001158420,100.00,,
   161.204661561,31.09,Joules,power/energy-pkg/,1001157100,100.00,,
   162.205850953,13.99,Joules,power/energy-pkg/,1001208323,100.00,,
   163.207177340,31.50,Joules,power/energy-pkg/,1001302268,100.00,,
   164.208330762,53.84,Joules,power/energy-pkg/,1001161246,100.00,,
   165.208874026,44.53,Joules,power/energy-pkg/,1000517396,100.00,,
   166.210038005,43.82,Joules,power/energy-pkg/,1001167557,100.00,,
   167.211190145,36.78,Joules,power/energy-pkg/,1001140929,100.00,,
   168.212460106,32.50,Joules,power/energy-pkg/,1001288999,100.00,,
   169.213795534,16.64,Joules,power/energy-pkg/,1001307065,100.00,,
   170.214943173,29.65,Joules,power/energy-pkg/,1001167429,100.00,,
   171.216055222,55.37,Joules,power/energy-pkg/,1001077638,100.00,,
   172.216873866,72.54,Joules,power/energy-pkg/,1000825423,100.00,,
   173.218049498,69.20,Joules,power/energy-pkg/,1001163099,100.00,,
   174.219203756,29.00,Joules,power/energy-pkg/,1001149417,100.00,,
   175.220356601,31.91,Joules,power/energy-pkg/,1001146046,100.00,,
   176.220954520,28.43,Joules,power/energy-pkg/,1000588535,100.00,,
   177.222082331,27.81,Joules,power/energy-pkg/,1001131224,100.00,,
   178.223326138,48.36,Joules,power/energy-pkg/,1001289474,100.00,,
   179.224531732,46.55,Joules,power/energy-pkg/,1001145873,100.00,,
   180.225686316,49.09,Joules,power/energy-pkg/,1001148399,100.00,,
   181.226833330,33.24,Joules,power/energy-pkg/,1001140406,100.00,,
   182.227991179,40.12,Joules,power/energy-pkg/,1001154793,100.00,,
   183.228957767,51.03,Joules,power/energy-pkg/,1000956853,100.00,,
   184.230163922,45.16,Joules,power/energy-pkg/,1001259604,100.00,,
   185.231366707,37.04,Joules,power/energy-pkg/,1001143737,100.00,,
   186.232515913,40.46,Joules,power/energy-pkg/,1001144031,100.00,,
   187.232964331,52.65,Joules,power/energy-pkg/,1000439212,100.00,,
   188.234110057,55.25,Joules,power/energy-pkg/,1001144898,100.00,,
   189.235264329,22.46,Joules,power/energy-pkg/,1001166539,100.00,,
   190.236490121,8.06,Joules,power/energy-pkg/,1001200393,100.00,,
   191.237767915,40.79,Joules,power/energy-pkg/,1001296282,100.00,,
   192.239062280,20.69,Joules,power/energy-pkg/,1001271854,100.00,,
   193.240237965,46.44,Joules,power/energy-pkg/,1001171046,100.00,,
   194.241398631,58.38,Joules,power/energy-pkg/,1001153693,100.00,,
   195.242476569,33.90,Joules,power/energy-pkg/,1001067840,100.00,,
   196.243633181,51.90,Joules,power/energy-pkg/,1001157118,100.00,,
   197.244713360,51.63,Joules,power/energy-pkg/,1001069828,100.00,,
   198.244966056,62.28,Joules,power/energy-pkg/,1000246066,100.00,,
   199.246038652,48.11,Joules,power/energy-pkg/,1001067666,100.00,,
   200.247205171,35.76,Joules,power/energy-pkg/,1001169439,100.00,,
   201.248380339,12.17,Joules,power/energy-pkg/,1001183983,100.00,,
   202.248991073,3.71,Joules,power/energy-pkg/,1000606914,100.00,,
   203.250352070,3.62,Joules,power/energy-pkg/,1001359947,100.00,,
   204.251690838,30.34,Joules,power/energy-pkg/,1001334737,100.00,,
   205.252811809,29.74,Joules,power/energy-pkg/,1001086962,100.00,,
   206.253974430,39.05,Joules,power/energy-pkg/,1001183882,100.00,,
   207.255173301,48.57,Joules,power/energy-pkg/,1001178090,100.00,,
   208.256258671,52.94,Joules,power/energy-pkg/,1001071158,100.00,,
   209.256873668,61.90,Joules,power/energy-pkg/,1000609292,100.00,,
   210.258006342,52.44,Joules,power/energy-pkg/,1001146064,100.00,,
   211.259112552,59.43,Joules,power/energy-pkg/,1001083441,100.00,,
   212.260201855,63.98,Joules,power/energy-pkg/,1001100544,100.00,,
   213.260957592,63.32,Joules,power/energy-pkg/,1000733344,100.00,,
   214.262031990,24.37,Joules,power/energy-pkg/,1001071660,100.00,,
   215.263219944,42.67,Joules,power/energy-pkg/,1001189434,100.00,,
   216.264386317,38.20,Joules,power/energy-pkg/,1001174119,100.00,,
   217.264875513,41.80,Joules,power/energy-pkg/,1000462262,100.00,,
   218.265961611,46.89,Joules,power/energy-pkg/,1001081099,100.00,,
   219.267050765,45.22,Joules,power/energy-pkg/,1001085291,100.00,,
   220.268237344,27.21,Joules,power/energy-pkg/,1001204423,100.00,,
   221.268963563,35.65,Joules,power/energy-pkg/,1000697305,100.00,,
   222.269732269,30.49,Joules,power/energy-pkg/,1000839272,100.00,,
   223.271128381,29.46,Joules,power/energy-pkg/,1001321057,100.00,,
   224.272292418,46.53,Joules,power/energy-pkg/,1001160472,100.00,,
   225.272960786,39.97,Joules,power/energy-pkg/,1000654233,100.00,,
   226.274028768,24.82,Joules,power/energy-pkg/,1001064072,100.00,,
   227.275105635,28.47,Joules,power/energy-pkg/,1001072942,100.00,,
   228.276274735,17.89,Joules,power/energy-pkg/,1001167571,100.00,,
   229.277346782,26.40,Joules,power/energy-pkg/,1001061374,100.00,,
   230.278494329,26.57,Joules,power/energy-pkg/,1001180135,100.00,,
   231.279653195,42.38,Joules,power/energy-pkg/,1001119908,100.00,,
   232.280824353,65.19,Joules,power/energy-pkg/,1001188676,100.00,,
   233.281940212,65.55,Joules,power/energy-pkg/,1001088217,100.00,,
   234.283120155,46.60,Joules,power/energy-pkg/,1001172953,100.00,,
   235.284313099,14.78,Joules,power/energy-pkg/,1001212672,100.00,,
   236.284968123,42.26,Joules,power/energy-pkg/,1000626732,100.00,,
   237.286045462,58.19,Joules,power/energy-pkg/,1001069538,100.00,,
   238.287207765,41.57,Joules,power/energy-pkg/,1001183012,100.00,,
   239.288389223,29.53,Joules,power/energy-pkg/,1001153897,100.00,,
   240.288964280,48.85,Joules,power/energy-pkg/,1000568620,100.00,,
   241.290121343,51.19,Joules,power/energy-pkg/,1001154690,100.00,,
   242.291270178,41.53,Joules,power/energy-pkg/,1001158156,100.00,,
   243.292450025,58.11,Joules,power/energy-pkg/,1001159056,100.00,,
   244.292941818,39.34,Joules,power/energy-pkg/,1000503777,100.00,,
   245.294112526,34.81,Joules,power/energy-pkg/,1001146233,100.00,,
   246.295176980,42.11,Joules,power/energy-pkg/,1001057237,100.00,,
   247.296317876,52.20,Joules,power/energy-pkg/,1001160478,100.00,,
   248.296943194,43.90,Joules,power/energy-pkg/,1000619350,100.00,,
   249.298115682,57.48,Joules,power/energy-pkg/,1001149441,100.00,,
   250.299427947,43.59,Joules,power/energy-pkg/,1001330128,100.00,,
   251.300757863,20.70,Joules,power/energy-pkg/,1001301308,100.00,,
   252.301908831,47.86,Joules,power/energy-pkg/,1001146233,100.00,,
   253.303055201,29.50,Joules,power/energy-pkg/,1001141188,100.00,,
   254.304198401,42.14,Joules,power/energy-pkg/,1001136630,100.00,,
   255.305030407,47.36,Joules,power/energy-pkg/,1000885730,100.00,,
   256.306262551,25.02,Joules,power/energy-pkg/,1001189142,100.00,,
   257.307595878,38.55,Joules,power/energy-pkg/,1001309270,100.00,,
   258.308762340,33.05,Joules,power/energy-pkg/,1001155515,100.00,,
   259.308963618,45.17,Joules,power/energy-pkg/,1000196516,100.00,,
   260.310250580,41.53,Joules,power/energy-pkg/,1001310413,100.00,,
   261.311578045,26.08,Joules,power/energy-pkg/,1001301494,100.00,,
   262.312732307,30.70,Joules,power/energy-pkg/,1001147712,100.00,,
   263.313884137,41.07,Joules,power/energy-pkg/,1001143016,100.00,,
   264.315023859,10.01,Joules,power/energy-pkg/,1001137283,100.00,,
   265.316091711,43.16,Joules,power/energy-pkg/,1001058154,100.00,,
   266.316872729,42.73,Joules,power/energy-pkg/,1000775241,100.00,,
   267.317003069,34.07,Joules,power/energy-pkg/,1000152783,100.00,,
   268.318255147,13.61,Joules,power/energy-pkg/,1001219984,100.00,,
   269.319402021,45.80,Joules,power/energy-pkg/,1001145257,100.00,,
   270.320469985,32.41,Joules,power/energy-pkg/,1001060313,100.00,,
   271.320873203,44.41,Joules,power/energy-pkg/,1000398730,100.00,,
   272.322073469,31.50,Joules,power/energy-pkg/,1001222006,100.00,,
   273.323336873,19.43,Joules,power/energy-pkg/,1001231902,100.00,,
   274.324500575,61.17,Joules,power/energy-pkg/,1001181542,100.00,,
   275.325689967,43.61,Joules,power/energy-pkg/,1001166708,100.00,,
   276.326764209,25.31,Joules,power/energy-pkg/,1001063290,100.00,,
   277.327843075,58.27,Joules,power/energy-pkg/,1001073311,100.00,,
   278.328943054,64.30,Joules,power/energy-pkg/,1001118284,100.00,,
   279.330119721,59.54,Joules,power/energy-pkg/,1001152590,100.00,,
   280.331253431,34.94,Joules,power/energy-pkg/,1001128180,100.00,,
   281.332412888,40.70,Joules,power/energy-pkg/,1001155775,100.00,,
   282.332958931,53.93,Joules,power/energy-pkg/,1000535666,100.00,,
   283.334022647,41.08,Joules,power/energy-pkg/,1001059354,100.00,,
   284.335168087,46.60,Joules,power/energy-pkg/,1001165922,100.00,,
   285.336355884,35.11,Joules,power/energy-pkg/,1001166576,100.00,,
   286.336936722,36.81,Joules,power/energy-pkg/,1000595400,100.00,,
   287.338055855,60.92,Joules,power/energy-pkg/,1001085470,100.00,,
   288.339202514,51.88,Joules,power/energy-pkg/,1001162905,100.00,,
   289.340373784,50.19,Joules,power/energy-pkg/,1001147167,100.00,,
   290.341687919,12.41,Joules,power/energy-pkg/,1001335290,100.00,,
   291.342947251,39.87,Joules,power/energy-pkg/,1001225120,100.00,,
   292.344096155,52.75,Joules,power/energy-pkg/,1001147957,100.00,,
   293.344873783,42.28,Joules,power/energy-pkg/,1000768646,100.00,,
   294.345950990,41.63,Joules,power/energy-pkg/,1001083725,100.00,,
   295.347096313,61.20,Joules,power/energy-pkg/,1001131784,100.00,,
   296.348353924,20.99,Joules,power/energy-pkg/,1001277705,100.00,,
   297.349691917,6.13,Joules,power/energy-pkg/,1001311483,100.00,,
   298.350845933,35.80,Joules,power/energy-pkg/,1001154480,100.00,,
   299.352210457,26.82,Joules,power/energy-pkg/,1001375961,100.00,,
   300.353550283,10.70,Joules,power/energy-pkg/,1001313711,100.00,,
   301.354696041,37.39,Joules,power/energy-pkg/,1001141386,100.00,,
   302.355861173,44.43,Joules,power/energy-pkg/,1001160639,100.00,,
   303.356970312,40.57,Joules,power/energy-pkg/,1001096740,100.00,,
   304.358252104,24.06,Joules,power/energy-pkg/,1001304654,100.00,,
   305.359641653,3.96,Joules,power/energy-pkg/,1001379727,100.00,,
   306.360971708,18.79,Joules,power/energy-pkg/,1001307226,100.00,,
   307.362144388,32.90,Joules,power/energy-pkg/,1001172573,100.00,,
   308.363309712,39.00,Joules,power/energy-pkg/,1001159014,100.00,,
   309.364461930,20.73,Joules,power/energy-pkg/,1001144736,100.00,,
   310.364959982,26.56,Joules,power/energy-pkg/,1000490875,100.00,,
   311.366122817,43.13,Joules,power/energy-pkg/,1001159745,100.00,,
   312.367303130,24.77,Joules,power/energy-pkg/,1001192203,100.00,,
   313.368631204,6.22,Joules,power/energy-pkg/,1001305869,100.00,,
   314.368894582,42.46,Joules,power/energy-pkg/,1000275778,100.00,,
   315.370072928,65.46,Joules,power/energy-pkg/,1001171490,100.00,,
   316.371247405,47.47,Joules,power/energy-pkg/,1001152520,100.00,,
   317.372413297,40.05,Joules,power/energy-pkg/,1001158543,100.00,,
   318.372956883,46.53,Joules,power/energy-pkg/,1000534998,100.00,,
   319.374094565,39.41,Joules,power/energy-pkg/,1001138723,100.00,,
   320.375252529,42.60,Joules,power/energy-pkg/,1001149988,100.00,,
   321.376409190,13.27,Joules,power/energy-pkg/,1001172511,100.00,,
   322.376876314,49.52,Joules,power/energy-pkg/,1000452881,100.00,,
   323.377976512,70.84,Joules,power/energy-pkg/,1001082345,100.00,,
   324.379132188,53.45,Joules,power/energy-pkg/,1001154946,100.00,,
   325.380280145,24.88,Joules,power/energy-pkg/,1001142249,100.00,,
   326.380873386,45.91,Joules,power/energy-pkg/,1000583488,100.00,,
   327.381951492,65.94,Joules,power/energy-pkg/,1001076429,100.00,,
   328.383357222,35.18,Joules,power/energy-pkg/,1001425158,100.00,,
   329.384693341,30.81,Joules,power/energy-pkg/,1001309651,100.00,,
   330.384876098,68.08,Joules,power/energy-pkg/,1000175910,100.00,,
   331.386048281,49.01,Joules,power/energy-pkg/,1001188827,100.00,,
   332.387223459,65.47,Joules,power/energy-pkg/,1001164277,100.00,,
   333.388391901,24.18,Joules,power/energy-pkg/,1001146952,100.00,,
   334.388942393,33.47,Joules,power/energy-pkg/,1000563101,100.00,,
   335.390039447,51.11,Joules,power/energy-pkg/,1001071597,100.00,,
   336.390495618,49.42,Joules,power/energy-pkg/,1000465217,100.00,,
   337.391661459,57.33,Joules,power/energy-pkg/,1001153670,100.00,,
   338.392824947,50.26,Joules,power/energy-pkg/,1001158632,100.00,,
   339.393991000,27.66,Joules,power/energy-pkg/,1001163170,100.00,,
   340.395131246,55.03,Joules,power/energy-pkg/,1001130633,100.00,,
   341.396315215,55.70,Joules,power/energy-pkg/,1001184014,100.00,,
   342.396875420,59.53,Joules,power/energy-pkg/,1000549083,100.00,,
   343.398046579,54.21,Joules,power/energy-pkg/,1001166705,100.00,,
   344.399174111,49.25,Joules,power/energy-pkg/,1001138454,100.00,,
   345.400262616,45.18,Joules,power/energy-pkg/,1001064331,100.00,,
   346.400873998,39.69,Joules,power/energy-pkg/,1000606820,100.00,,
   347.402016453,52.17,Joules,power/energy-pkg/,1001162453,100.00,,
   348.403183489,45.58,Joules,power/energy-pkg/,1001139504,100.00,,
   349.404331554,25.13,Joules,power/energy-pkg/,1001149721,100.00,,
   350.404952287,56.32,Joules,power/energy-pkg/,1000635704,100.00,,
   351.406063781,37.63,Joules,power/energy-pkg/,1001078464,100.00,,
   352.407146101,43.87,Joules,power/energy-pkg/,1001077015,100.00,,
   353.408304790,29.02,Joules,power/energy-pkg/,1001176460,100.00,,
   354.408965491,5.31,Joules,power/energy-pkg/,1000632561,100.00,,
   355.410041459,41.47,Joules,power/energy-pkg/,1001070789,100.00,,
   356.411205039,54.82,Joules,power/energy-pkg/,1001166506,100.00,,
   357.412283552,29.09,Joules,power/energy-pkg/,1001065771,100.00,,
   358.413361653,26.09,Joules,power/energy-pkg/,1001073017,100.00,,
   359.414540040,4.67,Joules,power/energy-pkg/,1001198472,100.00,,
   360.415790037,22.28,Joules,power/energy-pkg/,1001220706,100.00,,
   361.417106931,39.52,Joules,power/energy-pkg/,1001335559,100.00,,
   362.418342017,21.27,Joules,power/energy-pkg/,1001206581,100.00,,
   363.419411568,29.58,Joules,power/energy-pkg/,1001064303,100.00,,
   364.420495169,58.40,Joules,power/energy-pkg/,1001080328,100.00,,
   365.421055563,48.99,Joules,power/energy-pkg/,1000628137,100.00,,
   366.422446162,16.77,Joules,power/energy-pkg/,1001314402,100.00,,
   367.423576990,46.79,Joules,power/energy-pkg/,1001142919,100.00,,
   368.424739880,52.77,Joules,power/energy-pkg/,1001144181,100.00,,
   369.424972543,49.93,Joules,power/energy-pkg/,1000240689,100.00,,
   370.426146892,26.57,Joules,power/energy-pkg/,1001154261,100.00,,
   371.427215054,45.10,Joules,power/energy-pkg/,1001058234,100.00,,
   372.428362525,50.17,Joules,power/energy-pkg/,1001145315,100.00,,
   373.429018097,39.76,Joules,power/energy-pkg/,1000700067,100.00,,
   374.430262181,33.39,Joules,power/energy-pkg/,1001213922,100.00,,
   375.431588341,17.20,Joules,power/energy-pkg/,1001300383,100.00,,
   376.432847451,22.15,Joules,power/energy-pkg/,1001295157,100.00,,
   377.434200345,12.01,Joules,power/energy-pkg/,1001309209,100.00,,
   378.435357055,43.15,Joules,power/energy-pkg/,1001148148,100.00,,
   379.436505429,24.97,Joules,power/energy-pkg/,1001140376,100.00,,
   380.436943114,44.25,Joules,power/energy-pkg/,1000450745,100.00,,
   381.438111712,41.76,Joules,power/energy-pkg/,1001149908,100.00,,
   382.439255546,53.94,Joules,power/energy-pkg/,1001155026,100.00,,
   383.440412000,61.05,Joules,power/energy-pkg/,1001132900,100.00,,
   384.441567386,23.22,Joules,power/energy-pkg/,1001152776,100.00,,
   385.442645875,38.39,Joules,power/energy-pkg/,1001069951,100.00,,
   386.443730623,44.69,Joules,power/energy-pkg/,1001078069,100.00,,
   387.444895787,45.69,Joules,power/energy-pkg/,1001161817,100.00,,
   388.446045830,31.98,Joules,power/energy-pkg/,1001150017,100.00,,
   389.447187586,34.36,Joules,power/energy-pkg/,1001146953,100.00,,
   390.448267187,29.57,Joules,power/energy-pkg/,1001059264,100.00,,
   391.459032593,47.48,Joules,power/energy-pkg/,1010762016,100.00,,
   392.460207270,45.97,Joules,power/energy-pkg/,1001172956,100.00,,
   393.461361265,25.39,Joules,power/energy-pkg/,1001150842,100.00,,
   394.462503897,27.27,Joules,power/energy-pkg/,1001133106,100.00,,
   395.463651449,26.17,Joules,power/energy-pkg/,1001141841,100.00,,
   396.464717825,26.82,Joules,power/energy-pkg/,1001059860,100.00,,
   397.464873911,39.77,Joules,power/energy-pkg/,1000151088,100.00,,
   398.466017643,39.33,Joules,power/energy-pkg/,1001140924,100.00,,
   399.467155046,29.70,Joules,power/energy-pkg/,1001149595,100.00,,
   400.467806259,47.72,Joules,power/energy-pkg/,1000647125,100.00,,
   401.469068860,41.22,Joules,power/energy-pkg/,1001265825,100.00,,
   402.470593341,3.97,Joules,power/energy-pkg/,1001518925,100.00,,
   403.471848773,35.73,Joules,power/energy-pkg/,1001223454,100.00,,
   404.472949789,43.76,Joules,power/energy-pkg/,1001098497,100.00,,
   405.474093976,28.91,Joules,power/energy-pkg/,1001140387,100.00,,
   406.475232341,63.06,Joules,power/energy-pkg/,1001155220,100.00,,
   407.476410077,61.55,Joules,power/energy-pkg/,1001153938,100.00,,
   408.477625146,21.70,Joules,power/energy-pkg/,1001230978,100.00,,
   409.478983537,3.75,Joules,power/energy-pkg/,1001350853,100.00,,
   410.480308083,15.75,Joules,power/energy-pkg/,1001296937,100.00,,
   411.480963492,34.08,Joules,power/energy-pkg/,1000650547,100.00,,
   412.482126818,41.70,Joules,power/energy-pkg/,1001157986,100.00,,
   413.483430944,7.97,Joules,power/energy-pkg/,1001325355,100.00,,
   414.484768004,26.75,Joules,power/energy-pkg/,1001306163,100.00,,
   415.484872756,35.37,Joules,power/energy-pkg/,1000098138,100.00,,
   416.486039201,37.54,Joules,power/energy-pkg/,1001165038,100.00,,
   417.487185678,36.83,Joules,power/energy-pkg/,1001144669,100.00,,
   418.488339683,36.49,Joules,power/energy-pkg/,1001150085,100.00,,
   419.488953653,32.93,Joules,power/energy-pkg/,1000623253,100.00,,
   420.490060195,63.92,Joules,power/energy-pkg/,1001084308,100.00,,
   421.491246523,37.60,Joules,power/energy-pkg/,1001200000,100.00,,
   422.492560042,20.24,Joules,power/energy-pkg/,1001289533,100.00,,
   423.493712852,25.17,Joules,power/energy-pkg/,1001146345,100.00,,
   424.494845752,47.71,Joules,power/energy-pkg/,1001130844,100.00,,
   425.495982901,38.99,Joules,power/energy-pkg/,1001150234,100.00,,
   426.496943700,29.64,Joules,power/energy-pkg/,1000959507,100.00,,
   427.498206545,8.92,Joules,power/energy-pkg/,1001259164,100.00,,
   428.499551093,22.00,Joules,power/energy-pkg/,1001316055,100.00,,
   429.500700535,45.36,Joules,power/energy-pkg/,1001144716,100.00,,
   430.501849042,35.61,Joules,power/energy-pkg/,1001141276,100.00,,
   431.502993202,18.28,Joules,power/energy-pkg/,1001138455,100.00,,
   432.504140080,39.32,Joules,power/energy-pkg/,1001145599,100.00,,
   433.504992623,13.70,Joules,power/energy-pkg/,1000868723,100.00,,
   434.506329414,23.56,Joules,power/energy-pkg/,1001313944,100.00,,
   435.507496786,37.65,Joules,power/energy-pkg/,1001160096,100.00,,
   436.508685070,18.91,Joules,power/energy-pkg/,1001203137,100.00,,
   437.510057270,23.08,Joules,power/energy-pkg/,1001349430,100.00,,
   438.511220678,39.10,Joules,power/energy-pkg/,1001156752,100.00,,
   439.512365806,28.09,Joules,power/energy-pkg/,1001135257,100.00,,
   440.513006234,23.90,Joules,power/energy-pkg/,1000660856,100.00,,
   441.514393701,3.78,Joules,power/energy-pkg/,1001384943,100.00,,
   442.515728170,37.95,Joules,power/energy-pkg/,1001307116,100.00,,
   443.516924965,16.54,Joules,power/energy-pkg/,1001210874,100.00,,
   444.518242527,26.26,Joules,power/energy-pkg/,1001291607,100.00,,
   445.519531795,28.51,Joules,power/energy-pkg/,1001310221,100.00,,
   446.520879020,18.26,Joules,power/energy-pkg/,1001312282,100.00,,
   447.522116317,15.24,Joules,power/energy-pkg/,1001261354,100.00,,
   448.523592208,3.46,Joules,power/energy-pkg/,1001472418,100.00,,
   449.524929154,23.12,Joules,power/energy-pkg/,1001307328,100.00,,
   450.526088803,29.26,Joules,power/energy-pkg/,1001153501,100.00,,
   451.527264358,15.08,Joules,power/energy-pkg/,1001193780,100.00,,
   452.528593165,31.18,Joules,power/energy-pkg/,1001303976,100.00,,
   453.528966993,42.58,Joules,power/energy-pkg/,1000362827,100.00,,
   454.530133399,12.93,Joules,power/energy-pkg/,1001184695,100.00,,
   455.531457685,25.41,Joules,power/energy-pkg/,1001299098,100.00,,
   456.532759123,16.91,Joules,power/energy-pkg/,1001321613,100.00,,
   457.534123466,20.05,Joules,power/energy-pkg/,1001338424,100.00,,
   458.535399689,27.52,Joules,power/energy-pkg/,1001292344,100.00,,
   459.536737155,25.48,Joules,power/energy-pkg/,1001309653,100.00,,
   460.536957971,40.11,Joules,power/energy-pkg/,1000213458,100.00,,
   461.538112403,39.38,Joules,power/energy-pkg/,1001153485,100.00,,
   462.539271810,43.65,Joules,power/energy-pkg/,1001154419,100.00,,
   463.540406650,53.81,Joules,power/energy-pkg/,1001144436,100.00,,
   464.540942932,56.16,Joules,power/energy-pkg/,1000534116,100.00,,
   465.542122858,10.67,Joules,power/energy-pkg/,1001170221,100.00,,
   466.543217945,26.08,Joules,power/energy-pkg/,1001076271,100.00,,
   467.544497814,12.57,Joules,power/energy-pkg/,1001298994,100.00,,
   468.546026013,3.38,Joules,power/energy-pkg/,1001522458,100.00,,
   469.547340843,16.70,Joules,power/energy-pkg/,1001300952,100.00,,
   470.548648419,24.26,Joules,power/energy-pkg/,1001312963,100.00,,
   471.550044209,3.58,Joules,power/energy-pkg/,1001385506,100.00,,
   472.551398816,3.51,Joules,power/energy-pkg/,1001354895,100.00,,
   473.552723684,9.21,Joules,power/energy-pkg/,1001309765,100.00,,
   474.552941813,26.12,Joules,power/energy-pkg/,1000212639,100.00,,
   475.554151148,9.36,Joules,power/energy-pkg/,1001211040,100.00,,
   476.555392732,24.50,Joules,power/energy-pkg/,1001213056,100.00,,
   477.556658651,13.63,Joules,power/energy-pkg/,1001289615,100.00,,
   478.557937913,22.30,Joules,power/energy-pkg/,1001246409,100.00,,
   479.559102610,40.24,Joules,power/energy-pkg/,1001166818,100.00,,
   480.560250111,52.46,Joules,power/energy-pkg/,1001153506,100.00,,
   481.561418997,33.03,Joules,power/energy-pkg/,1001151572,100.00,,
   482.562563890,27.07,Joules,power/energy-pkg/,1001135764,100.00,,
   483.563842937,6.95,Joules,power/energy-pkg/,1001300425,100.00,,
   484.565429154,3.83,Joules,power/energy-pkg/,1001581345,100.00,,
   485.566913271,3.63,Joules,power/energy-pkg/,1001480557,100.00,,
   486.568280655,5.51,Joules,power/energy-pkg/,1001358477,100.00,,
   487.569644067,3.33,Joules,power/energy-pkg/,1001361609,100.00,,
   488.571022560,3.39,Joules,power/energy-pkg/,1001371767,100.00,,
   489.572378221,3.72,Joules,power/energy-pkg/,1001352570,100.00,,
   490.573795336,3.46,Joules,power/energy-pkg/,1001412318,100.00,,
   491.575246991,3.74,Joules,power/energy-pkg/,1001447465,100.00,,
   492.576696976,3.87,Joules,power/energy-pkg/,1001444599,100.00,,
   493.578127123,3.83,Joules,power/energy-pkg/,1001424430,100.00,,
   494.579479049,3.58,Joules,power/energy-pkg/,1001344127,100.00,,
   495.580895144,3.97,Joules,power/energy-pkg/,1001416709,100.00,,
   496.582257817,3.53,Joules,power/energy-pkg/,1001456104,100.00,,
   497.583805208,3.66,Joules,power/energy-pkg/,1001442627,100.00,,
   498.585305716,3.27,Joules,power/energy-pkg/,1001496642,100.00,,
   499.586654987,3.45,Joules,power/energy-pkg/,1001341833,100.00,,
   500.588122295,3.36,Joules,power/energy-pkg/,1001464467,100.00,,
   501.589623076,3.63,Joules,power/energy-pkg/,1001496864,100.00,,
   502.591068317,3.64,Joules,power/energy-pkg/,1001439630,100.00,,
   503.592563629,3.50,Joules,power/energy-pkg/,1001491230,100.00,,
   504.593936336,3.70,Joules,power/energy-pkg/,1001368447,100.00,,
   505.595434008,3.95,Joules,power/energy-pkg/,1001491355,100.00,,
   506.596798253,3.82,Joules,power/energy-pkg/,1001356806,100.00,,
   507.597285283,3.47,Joules,power/energy-pkg/,1000485085,100.00,,
   508.598660083,3.32,Joules,power/energy-pkg/,1001370041,100.00,,
   509.600032646,3.56,Joules,power/energy-pkg/,1001366049,100.00,,
   510.601525030,3.61,Joules,power/energy-pkg/,1001490332,100.00,,
   511.602875508,3.93,Joules,power/energy-pkg/,1001340764,100.00,,
   512.604334191,3.66,Joules,power/energy-pkg/,1001458235,100.00,,
