# started on Fri Sep  1 13:39:10 2023

     1.001087947,5.07,Joules,power/energy-pkg/,1001098918,100.00,,
     2.002316216,4.97,Joules,power/energy-pkg/,1001220497,100.00,,
     3.003652616,5.24,Joules,power/energy-pkg/,1001316333,100.00,,
     4.004296919,5.43,Joules,power/energy-pkg/,1000633424,100.00,,
     5.005617209,7.74,Joules,power/energy-pkg/,1001299565,100.00,,
     6.006833901,6.16,Joules,power/energy-pkg/,1001196671,100.00,,
     7.007991880,5.42,Joules,power/energy-pkg/,1001149701,100.00,,
     8.009197151,4.76,Joules,power/energy-pkg/,1001188294,100.00,,
     9.010411707,5.03,Joules,power/energy-pkg/,1001203341,100.00,,
    10.011715640,4.75,Joules,power/energy-pkg/,1001285691,100.00,,
    11.012297907,4.64,Joules,power/energy-pkg/,1000563172,100.00,,
    12.013595514,4.75,Joules,power/energy-pkg/,1001282763,100.00,,
    13.014859401,4.96,Joules,power/energy-pkg/,1001249603,100.00,,
    14.016171346,5.18,Joules,power/energy-pkg/,1001365377,100.00,,
    15.017574844,4.57,Joules,power/energy-pkg/,1001320133,100.00,,
    16.018862951,4.91,Joules,power/energy-pkg/,1001272886,100.00,,
    17.020157676,4.85,Joules,power/energy-pkg/,1001280121,100.00,,
    18.021478127,4.80,Joules,power/energy-pkg/,1001304383,100.00,,
    19.022782809,4.79,Joules,power/energy-pkg/,1001289446,100.00,,
    20.024095910,4.78,Joules,power/energy-pkg/,1001300244,100.00,,
    21.025459343,4.68,Joules,power/energy-pkg/,1001348423,100.00,,
    22.026789728,4.79,Joules,power/energy-pkg/,1001320972,100.00,,
    23.028126532,4.59,Joules,power/energy-pkg/,1001318051,100.00,,
    24.029503048,5.58,Joules,power/energy-pkg/,1001357758,100.00,,
    25.030961172,4.95,Joules,power/energy-pkg/,1001449369,100.00,,
    26.032309290,5.08,Joules,power/energy-pkg/,1001326577,100.00,,
    27.033661734,4.77,Joules,power/energy-pkg/,1001339348,100.00,,
    28.034991522,4.82,Joules,power/energy-pkg/,1001313796,100.00,,
    29.036332469,4.81,Joules,power/energy-pkg/,1001324527,100.00,,
    30.037651875,4.92,Joules,power/energy-pkg/,1001304476,100.00,,
    31.038980449,4.96,Joules,power/energy-pkg/,1001312995,100.00,,
    32.040341899,4.80,Joules,power/energy-pkg/,1001345697,100.00,,
    33.041692287,4.96,Joules,power/energy-pkg/,1001343221,100.00,,
    34.043043046,5.61,Joules,power/energy-pkg/,1001328706,100.00,,
    35.044377163,4.81,Joules,power/energy-pkg/,1001317683,100.00,,
    36.045712619,5.03,Joules,power/energy-pkg/,1001320715,100.00,,
    37.047044792,4.84,Joules,power/energy-pkg/,1001317689,100.00,,
    38.048439170,4.64,Joules,power/energy-pkg/,1001450486,100.00,,
    39.049797047,5.10,Joules,power/energy-pkg/,1001271716,100.00,,
    40.051112878,5.47,Joules,power/energy-pkg/,1001300218,100.00,,
    41.052319493,4.74,Joules,power/energy-pkg/,1001192255,100.00,,
    42.053692113,5.17,Joules,power/energy-pkg/,1001359270,100.00,,
    43.055055030,4.67,Joules,power/energy-pkg/,1001347099,100.00,,
    44.056342680,5.34,Joules,power/energy-pkg/,1001274722,100.00,,
    45.057714722,4.97,Joules,power/energy-pkg/,1001353124,100.00,,
    46.059035482,5.27,Joules,power/energy-pkg/,1001303416,100.00,,
    47.060444839,4.88,Joules,power/energy-pkg/,1001400100,100.00,,
    48.061827870,4.71,Joules,power/energy-pkg/,1001362262,100.00,,
    49.063284595,4.60,Joules,power/energy-pkg/,1001447800,100.00,,
    50.064568525,5.00,Joules,power/energy-pkg/,1001301607,100.00,,
    51.065962125,4.66,Joules,power/energy-pkg/,1001345593,100.00,,
    52.067314117,6.56,Joules,power/energy-pkg/,1001333540,100.00,,
    53.068657107,4.67,Joules,power/energy-pkg/,1001325276,100.00,,
    54.069973486,5.25,Joules,power/energy-pkg/,1001308018,100.00,,
    55.071459770,4.78,Joules,power/energy-pkg/,1001471188,100.00,,
    56.072230223,4.75,Joules,power/energy-pkg/,1000748379,100.00,,
    57.073550298,4.78,Joules,power/energy-pkg/,1001306002,100.00,,
    58.074920148,4.82,Joules,power/energy-pkg/,1001355436,100.00,,
    59.076401099,4.69,Joules,power/energy-pkg/,1001470559,100.00,,
    60.077749239,5.02,Joules,power/energy-pkg/,1001332068,100.00,,
    61.079135987,4.70,Joules,power/energy-pkg/,1001369550,100.00,,
    62.080509706,4.75,Joules,power/energy-pkg/,1001363085,100.00,,
    63.081871351,4.57,Joules,power/energy-pkg/,1001339741,100.00,,
    64.083222136,5.15,Joules,power/energy-pkg/,1001335944,100.00,,
    65.084538751,5.49,Joules,power/energy-pkg/,1001305089,100.00,,
    66.085907895,4.85,Joules,power/energy-pkg/,1001353823,100.00,,
    67.087353200,4.93,Joules,power/energy-pkg/,1001432432,100.00,,
    68.088201475,8.71,Joules,power/energy-pkg/,1000806541,100.00,,
    69.089281965,28.44,Joules,power/energy-pkg/,1001069002,100.00,,
    70.090396838,42.50,Joules,power/energy-pkg/,1001145133,100.00,,
    71.091550225,56.86,Joules,power/energy-pkg/,1001092203,100.00,,
    72.095580592,69.52,Joules,power/energy-pkg/,1004678708,100.00,,
    73.097461471,72.27,Joules,power/energy-pkg/,1001234355,100.00,,
    74.098855325,67.72,Joules,power/energy-pkg/,1001364342,100.00,,
    75.100022321,62.86,Joules,power/energy-pkg/,1001132553,100.00,,
    76.100242885,64.75,Joules,power/energy-pkg/,1000242943,100.00,,
    77.101491301,45.78,Joules,power/energy-pkg/,1001200941,100.00,,
    78.102586236,67.56,Joules,power/energy-pkg/,1001105229,100.00,,
    79.103828503,56.66,Joules,power/energy-pkg/,1001201906,100.00,,
    80.104285254,47.88,Joules,power/energy-pkg/,1000436018,100.00,,
    81.105349996,55.52,Joules,power/energy-pkg/,1001052466,100.00,,
    82.106517226,38.38,Joules,power/energy-pkg/,1001156244,100.00,,
    83.107671629,36.48,Joules,power/energy-pkg/,1001160932,100.00,,
    84.108201136,32.20,Joules,power/energy-pkg/,1000491045,100.00,,
    85.109339601,54.60,Joules,power/energy-pkg/,1001140553,100.00,,
    86.110601299,58.27,Joules,power/energy-pkg/,1001399874,100.00,,
    87.111955371,54.06,Joules,power/energy-pkg/,1001315966,100.00,,
    88.113593057,42.90,Joules,power/energy-pkg/,1001494810,100.00,,
    89.114801243,17.51,Joules,power/energy-pkg/,1001178431,100.00,,
    90.115893466,33.99,Joules,power/energy-pkg/,1001093878,100.00,,
    91.116289175,36.32,Joules,power/energy-pkg/,1000356321,100.00,,
    92.117362505,55.57,Joules,power/energy-pkg/,1001064292,100.00,,
    93.118551225,42.84,Joules,power/energy-pkg/,1001171738,100.00,,
    94.119698251,32.92,Joules,power/energy-pkg/,1001157534,100.00,,
    95.120202543,55.72,Joules,power/energy-pkg/,1000475848,100.00,,
    96.121385502,35.89,Joules,power/energy-pkg/,1001179260,100.00,,
    97.122629953,17.15,Joules,power/energy-pkg/,1001231926,100.00,,
    98.123979292,15.29,Joules,power/energy-pkg/,1001334890,100.00,,
    99.125359737,5.44,Joules,power/energy-pkg/,1001341095,100.00,,
   100.126442563,42.83,Joules,power/energy-pkg/,1001078725,100.00,,
   101.127462593,42.16,Joules,power/energy-pkg/,1001047023,100.00,,
   102.128323192,13.41,Joules,power/energy-pkg/,1000813413,100.00,,
   103.129657096,19.15,Joules,power/energy-pkg/,1001301714,100.00,,
   104.130709852,31.98,Joules,power/energy-pkg/,1001082232,100.00,,
   105.131982986,22.27,Joules,power/energy-pkg/,1001236163,100.00,,
   106.133264635,14.15,Joules,power/energy-pkg/,1001242853,100.00,,
   107.134429968,36.36,Joules,power/energy-pkg/,1001151702,100.00,,
   108.135596728,47.35,Joules,power/energy-pkg/,1001172994,100.00,,
   109.136230466,70.55,Joules,power/energy-pkg/,1000643838,100.00,,
   110.137534106,71.27,Joules,power/energy-pkg/,1001244741,100.00,,
   111.138663430,57.74,Joules,power/energy-pkg/,1001147442,100.00,,
   112.139897649,60.35,Joules,power/energy-pkg/,1001186580,100.00,,
   113.140204846,48.04,Joules,power/energy-pkg/,1000292252,100.00,,
   114.141406709,48.26,Joules,power/energy-pkg/,1001232454,100.00,,
   115.142578147,26.00,Joules,power/energy-pkg/,1001110417,100.00,,
   116.143759961,46.75,Joules,power/energy-pkg/,1001191992,100.00,,
   117.145019655,12.04,Joules,power/energy-pkg/,1001240410,100.00,,
   118.146342973,9.86,Joules,power/energy-pkg/,1001311646,100.00,,
   119.147467966,27.02,Joules,power/energy-pkg/,1001102135,100.00,,
   120.148660711,17.98,Joules,power/energy-pkg/,1001160827,100.00,,
   121.149726287,35.93,Joules,power/energy-pkg/,1001048747,100.00,,
   122.150807534,51.41,Joules,power/energy-pkg/,1001070879,100.00,,
   123.151909335,38.62,Joules,power/energy-pkg/,1001092474,100.00,,
   124.152216346,25.31,Joules,power/energy-pkg/,1000299917,100.00,,
   125.153445144,15.51,Joules,power/energy-pkg/,1001216346,100.00,,
   126.154594642,24.89,Joules,power/energy-pkg/,1001138780,100.00,,
   127.155689195,37.87,Joules,power/energy-pkg/,1001068253,100.00,,
   128.156298147,49.93,Joules,power/energy-pkg/,1000628264,100.00,,
   129.157601664,29.58,Joules,power/energy-pkg/,1001271910,100.00,,
   130.158928348,36.82,Joules,power/energy-pkg/,1001317849,100.00,,
   131.160235198,16.98,Joules,power/energy-pkg/,1001285883,100.00,,
   132.161549344,7.00,Joules,power/energy-pkg/,1001295882,100.00,,
   133.162724324,35.67,Joules,power/energy-pkg/,1001143810,100.00,,
   134.163885393,37.99,Joules,power/energy-pkg/,1001148121,100.00,,
   135.164207212,35.48,Joules,power/energy-pkg/,1000305025,100.00,,
   136.165386625,57.78,Joules,power/energy-pkg/,1001204420,100.00,,
   137.166641422,55.17,Joules,power/energy-pkg/,1001200076,100.00,,
   138.167781782,44.69,Joules,power/energy-pkg/,1001147087,100.00,,
   139.168286652,27.79,Joules,power/energy-pkg/,1000464424,100.00,,
   140.169446001,33.30,Joules,power/energy-pkg/,1001149219,100.00,,
   141.170611895,43.03,Joules,power/energy-pkg/,1001157903,100.00,,
   142.171777132,37.38,Joules,power/energy-pkg/,1001144333,100.00,,
   143.173054548,29.69,Joules,power/energy-pkg/,1001285642,100.00,,
   144.174383600,12.77,Joules,power/energy-pkg/,1001293390,100.00,,
   145.175544277,39.45,Joules,power/energy-pkg/,1001145980,100.00,,
   146.176289450,47.72,Joules,power/energy-pkg/,1000737695,100.00,,
   147.177478487,50.33,Joules,power/energy-pkg/,1001227985,100.00,,
   148.178802871,57.96,Joules,power/energy-pkg/,1001249955,100.00,,
   149.179971889,38.16,Joules,power/energy-pkg/,1001172274,100.00,,
   150.181371696,13.94,Joules,power/energy-pkg/,1001365847,100.00,,
   151.182443065,34.11,Joules,power/energy-pkg/,1001056030,100.00,,
   152.183615061,22.39,Joules,power/energy-pkg/,1001184820,100.00,,
   153.184346272,33.48,Joules,power/energy-pkg/,1000758731,100.00,,
   154.185572333,27.56,Joules,power/energy-pkg/,1001148401,100.00,,
   155.186786511,16.03,Joules,power/energy-pkg/,1001193257,100.00,,
   156.187927019,34.20,Joules,power/energy-pkg/,1001125713,100.00,,
   157.188297714,38.01,Joules,power/energy-pkg/,1000361228,100.00,,
   158.189473179,45.64,Joules,power/energy-pkg/,1001189172,100.00,,
   159.190623184,56.60,Joules,power/energy-pkg/,1001103836,100.00,,
   160.191806655,47.57,Joules,power/energy-pkg/,1001172519,100.00,,
   161.192973197,16.48,Joules,power/energy-pkg/,1001163887,100.00,,
   162.194247256,28.52,Joules,power/energy-pkg/,1001252035,100.00,,
   163.195454216,35.90,Joules,power/energy-pkg/,1001192092,100.00,,
   164.196820307,25.78,Joules,power/energy-pkg/,1001368839,100.00,,
   165.198089468,34.37,Joules,power/energy-pkg/,1001244458,100.00,,
   166.199332244,39.67,Joules,power/energy-pkg/,1001217450,100.00,,
   167.200289089,44.17,Joules,power/energy-pkg/,1000938476,100.00,,
   168.201453751,23.16,Joules,power/energy-pkg/,1001153894,100.00,,
   169.202539518,39.61,Joules,power/energy-pkg/,1001068281,100.00,,
   170.203731356,56.64,Joules,power/energy-pkg/,1001204733,100.00,,
   171.204254413,54.30,Joules,power/energy-pkg/,1000487250,100.00,,
   172.205397958,28.99,Joules,power/energy-pkg/,1001147301,100.00,,
   173.206690400,28.40,Joules,power/energy-pkg/,1001255538,100.00,,
   174.207810145,51.84,Joules,power/energy-pkg/,1001104660,100.00,,
   175.208708480,55.22,Joules,power/energy-pkg/,1000962663,100.00,,
   176.210150528,10.49,Joules,power/energy-pkg/,1001374178,100.00,,
   177.211476346,6.33,Joules,power/energy-pkg/,1001304765,100.00,,
   178.212312307,41.53,Joules,power/energy-pkg/,1000881597,100.00,,
   179.214329657,36.31,Joules,power/energy-pkg/,1001969464,100.00,,
   180.215692740,27.19,Joules,power/energy-pkg/,1001307083,100.00,,
   181.216296783,26.51,Joules,power/energy-pkg/,1000592963,100.00,,
   182.217493275,35.53,Joules,power/energy-pkg/,1001205924,100.00,,
   183.218695828,49.47,Joules,power/energy-pkg/,1001178363,100.00,,
   184.219873642,42.85,Joules,power/energy-pkg/,1001145853,100.00,,
   185.220284423,38.35,Joules,power/energy-pkg/,1000395229,100.00,,
   186.221368595,37.80,Joules,power/energy-pkg/,1001070978,100.00,,
   187.222540525,39.80,Joules,power/energy-pkg/,1001161549,100.00,,
   188.223718822,43.69,Joules,power/energy-pkg/,1001245669,100.00,,
   189.224295785,47.16,Joules,power/energy-pkg/,1000479459,100.00,,
   190.225493611,46.29,Joules,power/energy-pkg/,1001250912,100.00,,
   191.226829814,27.45,Joules,power/energy-pkg/,1001317440,100.00,,
   192.228093639,27.35,Joules,power/energy-pkg/,1001200220,100.00,,
   193.229237285,25.73,Joules,power/energy-pkg/,1001115069,100.00,,
   194.230425675,38.94,Joules,power/energy-pkg/,1001178055,100.00,,
   195.231556338,48.60,Joules,power/energy-pkg/,1001141396,100.00,,
   196.232204347,55.51,Joules,power/energy-pkg/,1000604781,100.00,,
   197.233323210,56.29,Joules,power/energy-pkg/,1001105633,100.00,,
   198.234448122,64.05,Joules,power/energy-pkg/,1001115353,100.00,,
   199.237678869,42.77,Joules,power/energy-pkg/,1003217268,100.00,,
   200.238821731,45.88,Joules,power/energy-pkg/,1001120454,100.00,,
   201.241848571,47.65,Joules,power/energy-pkg/,1003557425,100.00,,
   202.244033463,49.69,Joules,power/energy-pkg/,1001642785,100.00,,
   203.244210020,51.42,Joules,power/energy-pkg/,1000157407,100.00,,
   204.245403420,50.27,Joules,power/energy-pkg/,1001184811,100.00,,
   205.246630623,43.78,Joules,power/energy-pkg/,1001206558,100.00,,
   206.247860749,43.43,Joules,power/energy-pkg/,1001205643,100.00,,
   207.248206785,24.10,Joules,power/energy-pkg/,1000348400,100.00,,
   208.249428012,45.18,Joules,power/energy-pkg/,1001205400,100.00,,
   209.250649279,48.55,Joules,power/energy-pkg/,1001211791,100.00,,
   210.251824840,53.81,Joules,power/energy-pkg/,1001146458,100.00,,
   211.253007741,18.82,Joules,power/energy-pkg/,1001166241,100.00,,
   212.254098130,25.85,Joules,power/energy-pkg/,1001077245,100.00,,
   213.255201841,42.96,Joules,power/energy-pkg/,1001101183,100.00,,
   214.256231622,55.50,Joules,power/energy-pkg/,1001042033,100.00,,
   215.257418654,46.31,Joules,power/energy-pkg/,1001139476,100.00,,
   216.258730108,29.14,Joules,power/energy-pkg/,1001295863,100.00,,
   217.259897830,46.59,Joules,power/energy-pkg/,1001155018,100.00,,
   218.260298335,49.92,Joules,power/energy-pkg/,1000381854,100.00,,
   219.261456978,13.32,Joules,power/energy-pkg/,1001143648,100.00,,
   220.262595545,47.54,Joules,power/energy-pkg/,1001152540,100.00,,
   221.263725217,26.02,Joules,power/energy-pkg/,1001100828,100.00,,
   222.264210346,40.14,Joules,power/energy-pkg/,1000468523,100.00,,
   223.265345035,47.31,Joules,power/energy-pkg/,1001115102,100.00,,
   224.266466884,46.64,Joules,power/energy-pkg/,1001102006,100.00,,
   225.267626051,37.90,Joules,power/energy-pkg/,1001145980,100.00,,
   226.268212436,27.12,Joules,power/energy-pkg/,1000586915,100.00,,
   227.269468508,29.44,Joules,power/energy-pkg/,1001233837,100.00,,
   228.270566129,43.41,Joules,power/energy-pkg/,1001080423,100.00,,
   229.271757054,44.02,Joules,power/energy-pkg/,1001175215,100.00,,
   230.272200272,30.94,Joules,power/energy-pkg/,1000443981,100.00,,
   231.272958113,15.57,Joules,power/energy-pkg/,1000772467,100.00,,
   232.274210217,36.63,Joules,power/energy-pkg/,1001193109,100.00,,
   233.275360770,38.96,Joules,power/energy-pkg/,1001163337,100.00,,
   234.276310406,52.46,Joules,power/energy-pkg/,1000953584,100.00,,
   235.277604143,58.07,Joules,power/energy-pkg/,1001258553,100.00,,
   236.278779818,48.69,Joules,power/energy-pkg/,1001142004,100.00,,
   237.279874367,29.46,Joules,power/energy-pkg/,1001086107,100.00,,
   238.281114783,39.43,Joules,power/energy-pkg/,1001220074,100.00,,
   239.282187131,28.93,Joules,power/energy-pkg/,1001055654,100.00,,
   240.283349635,50.23,Joules,power/energy-pkg/,1001158675,100.00,,
   241.284209040,33.96,Joules,power/energy-pkg/,1000862057,100.00,,
   242.285476303,58.34,Joules,power/energy-pkg/,1001232793,100.00,,
   243.286660056,26.06,Joules,power/energy-pkg/,1001188163,100.00,,
   244.287983569,5.68,Joules,power/energy-pkg/,1001308064,100.00,,
   245.289319570,19.41,Joules,power/energy-pkg/,1001300722,100.00,,
   246.290476792,29.48,Joules,power/energy-pkg/,1001149311,100.00,,
   247.291655576,54.71,Joules,power/energy-pkg/,1001165442,100.00,,
   248.292285042,48.89,Joules,power/energy-pkg/,1000608343,100.00,,
   249.293358979,42.72,Joules,power/energy-pkg/,1001063660,100.00,,
   250.294547304,58.16,Joules,power/energy-pkg/,1001176061,100.00,,
   251.295736457,57.46,Joules,power/energy-pkg/,1001238909,100.00,,
   252.296293232,60.54,Joules,power/energy-pkg/,1000524458,100.00,,
   253.297593314,49.99,Joules,power/energy-pkg/,1001255581,100.00,,
   254.298839684,26.05,Joules,power/energy-pkg/,1001233964,100.00,,
   255.299458768,23.99,Joules,power/energy-pkg/,1000645466,100.00,,
   256.300208483,51.74,Joules,power/energy-pkg/,1000690824,100.00,,
   257.301436742,40.49,Joules,power/energy-pkg/,1001202060,100.00,,
   258.302400388,17.86,Joules,power/energy-pkg/,1001078818,100.00,,
   259.303829694,7.31,Joules,power/energy-pkg/,1001305024,100.00,,
   260.304294229,35.42,Joules,power/energy-pkg/,1000431742,100.00,,
   261.305468760,33.05,Joules,power/energy-pkg/,1001164353,100.00,,
   262.306640709,22.14,Joules,power/energy-pkg/,1001177435,100.00,,
   263.307894073,36.24,Joules,power/energy-pkg/,1001231490,100.00,,
   264.308204132,32.08,Joules,power/energy-pkg/,1000280959,100.00,,
   265.309393582,48.67,Joules,power/energy-pkg/,1001184734,100.00,,
   266.310628632,45.17,Joules,power/energy-pkg/,1001220053,100.00,,
   267.311839083,9.62,Joules,power/energy-pkg/,1001190814,100.00,,
   268.312294065,49.46,Joules,power/energy-pkg/,1000440186,100.00,,
   269.313449804,37.88,Joules,power/energy-pkg/,1001142468,100.00,,
   270.314603741,48.28,Joules,power/energy-pkg/,1001143049,100.00,,
   271.315720711,48.88,Joules,power/energy-pkg/,1001188215,100.00,,
   272.316221023,49.01,Joules,power/energy-pkg/,1000408100,100.00,,
   273.317422434,53.49,Joules,power/energy-pkg/,1001179669,100.00,,
   274.318536172,48.67,Joules,power/energy-pkg/,1003018902,100.00,,
   275.321717056,61.83,Joules,power/energy-pkg/,1003780545,100.00,,
   276.325566803,59.31,Joules,power/energy-pkg/,1001327252,100.00,,
   277.326861682,45.28,Joules,power/energy-pkg/,1001261774,100.00,,
   278.329695631,33.33,Joules,power/energy-pkg/,1002848809,100.00,,
   279.331091717,54.30,Joules,power/energy-pkg/,1001379931,100.00,,
   280.332227872,47.33,Joules,power/energy-pkg/,1001095645,100.00,,
   281.333373190,66.59,Joules,power/energy-pkg/,1001220779,100.00,,
   282.334749584,48.33,Joules,power/energy-pkg/,1001270202,100.00,,
   283.335828398,36.48,Joules,power/energy-pkg/,1001064970,100.00,,
   284.336224837,41.63,Joules,power/energy-pkg/,1000384538,100.00,,
   285.337408262,62.51,Joules,power/energy-pkg/,1001210999,100.00,,
   286.338655902,56.32,Joules,power/energy-pkg/,1001192323,100.00,,
   287.339854114,47.62,Joules,power/energy-pkg/,1001185714,100.00,,
   288.340285990,25.85,Joules,power/energy-pkg/,1000436029,100.00,,
   289.341540920,22.46,Joules,power/energy-pkg/,1001229428,100.00,,
   290.342764733,40.03,Joules,power/energy-pkg/,1001203733,100.00,,
   291.343861593,36.99,Joules,power/energy-pkg/,1001092757,100.00,,
   292.344294613,51.07,Joules,power/energy-pkg/,1000436307,100.00,,
   293.345448081,45.04,Joules,power/energy-pkg/,1001112197,100.00,,
   294.346551254,48.59,Joules,power/energy-pkg/,1001093151,100.00,,
   295.347715631,59.99,Joules,power/energy-pkg/,1001147423,100.00,,
   296.348214950,68.57,Joules,power/energy-pkg/,1000488911,100.00,,
   297.349357606,61.96,Joules,power/energy-pkg/,1001130268,100.00,,
   298.350496117,60.72,Joules,power/energy-pkg/,1001120365,100.00,,
   299.351677311,37.69,Joules,power/energy-pkg/,1001195775,100.00,,
   300.352274677,58.37,Joules,power/energy-pkg/,1000552801,100.00,,
   301.353424758,31.81,Joules,power/energy-pkg/,1001139875,100.00,,
   302.354503382,58.98,Joules,power/energy-pkg/,1001095381,100.00,,
   303.355863182,48.77,Joules,power/energy-pkg/,1001312703,100.00,,
   304.356289928,19.10,Joules,power/energy-pkg/,1000412641,100.00,,
   305.357448587,50.68,Joules,power/energy-pkg/,1001183669,100.00,,
   306.358627986,58.38,Joules,power/energy-pkg/,1001154027,100.00,,
   307.359827010,55.02,Joules,power/energy-pkg/,1001166725,100.00,,
   308.360200957,56.29,Joules,power/energy-pkg/,1000355613,100.00,,
   309.361389681,59.51,Joules,power/energy-pkg/,1001177159,100.00,,
   310.362563031,46.55,Joules,power/energy-pkg/,1001169675,100.00,,
   311.363741039,32.10,Joules,power/energy-pkg/,1001156547,100.00,,
   312.367637598,40.07,Joules,power/energy-pkg/,1003926720,100.00,,
   313.368279862,53.60,Joules,power/energy-pkg/,1000618910,100.00,,
   314.369535353,56.48,Joules,power/energy-pkg/,1001226910,100.00,,
   315.370739413,56.20,Joules,power/energy-pkg/,1001193262,100.00,,
   316.372047293,33.31,Joules,power/energy-pkg/,1001292966,100.00,,
   317.373405054,35.47,Joules,power/energy-pkg/,1001343527,100.00,,
   318.374619680,16.19,Joules,power/energy-pkg/,1001197835,100.00,,
   319.375942467,27.67,Joules,power/energy-pkg/,1001289637,100.00,,
   320.376280671,24.68,Joules,power/energy-pkg/,1000370074,100.00,,
   321.377443432,27.04,Joules,power/energy-pkg/,1001125866,100.00,,
   322.378631426,42.92,Joules,power/energy-pkg/,1001169356,100.00,,
   323.379732335,56.19,Joules,power/energy-pkg/,1001069881,100.00,,
   324.380299428,51.86,Joules,power/energy-pkg/,1000557312,100.00,,
   325.381616154,14.62,Joules,power/energy-pkg/,1001324479,100.00,,
   326.382972849,5.10,Joules,power/energy-pkg/,1001338022,100.00,,
   327.384299742,15.81,Joules,power/energy-pkg/,1001320866,100.00,,
   328.385430424,43.88,Joules,power/energy-pkg/,1001098801,100.00,,
   329.386672338,41.15,Joules,power/energy-pkg/,1001223942,100.00,,
   330.387831717,26.97,Joules,power/energy-pkg/,1001159670,100.00,,
   331.388295076,39.12,Joules,power/energy-pkg/,1000468842,100.00,,
   332.389481413,40.23,Joules,power/energy-pkg/,1001164780,100.00,,
   333.390621807,57.56,Joules,power/energy-pkg/,1001130780,100.00,,
   334.391112963,60.06,Joules,power/energy-pkg/,1000478777,100.00,,
   335.392285515,53.99,Joules,power/energy-pkg/,1001142470,100.00,,
   336.393408625,47.29,Joules,power/energy-pkg/,1001092973,100.00,,
   337.394512158,50.83,Joules,power/energy-pkg/,1002907201,100.00,,
   338.397537626,40.71,Joules,power/energy-pkg/,1001218963,100.00,,
   339.398697286,24.48,Joules,power/energy-pkg/,1001141453,100.00,,
   340.399936478,19.81,Joules,power/energy-pkg/,1001210064,100.00,,
   341.400328803,16.74,Joules,power/energy-pkg/,1000432287,100.00,,
   342.401597205,28.82,Joules,power/energy-pkg/,1001205578,100.00,,
   343.402905725,51.39,Joules,power/energy-pkg/,1001342376,100.00,,
   344.404200744,44.10,Joules,power/energy-pkg/,1001228910,100.00,,
   345.405385867,41.43,Joules,power/energy-pkg/,1001190044,100.00,,
   346.406497636,33.41,Joules,power/energy-pkg/,1001078873,100.00,,
   347.407675946,45.71,Joules,power/energy-pkg/,1001203509,100.00,,
   348.408204447,59.38,Joules,power/energy-pkg/,1000477499,100.00,,
   349.409386573,44.87,Joules,power/energy-pkg/,1001174290,100.00,,
   350.410499583,29.64,Joules,power/energy-pkg/,1001103771,100.00,,
   351.411699673,55.93,Joules,power/energy-pkg/,1001703864,100.00,,
   352.412661735,33.91,Joules,power/energy-pkg/,1000433067,100.00,,
   353.413862481,17.83,Joules,power/energy-pkg/,1001203210,100.00,,
   354.415140225,26.87,Joules,power/energy-pkg/,1001342329,100.00,,
   355.416527992,22.00,Joules,power/energy-pkg/,1001286505,100.00,,
   356.417766294,31.54,Joules,power/energy-pkg/,1001227516,100.00,,
   357.419101247,38.30,Joules,power/energy-pkg/,1001303712,100.00,,
   358.420291720,43.61,Joules,power/energy-pkg/,1001232020,100.00,,
   359.421577532,52.42,Joules,power/energy-pkg/,1001222289,100.00,,
   360.422723240,45.27,Joules,power/energy-pkg/,1001145035,100.00,,
   361.423829250,41.53,Joules,power/energy-pkg/,1001097654,100.00,,
   362.424219577,56.03,Joules,power/energy-pkg/,1000390366,100.00,,
   363.425692437,45.68,Joules,power/energy-pkg/,1001432637,100.00,,
   364.426877440,44.03,Joules,power/energy-pkg/,1001177883,100.00,,
   365.428069104,42.72,Joules,power/energy-pkg/,1001164832,100.00,,
   366.428200836,38.97,Joules,power/energy-pkg/,1000113687,100.00,,
   367.428608000,16.89,Joules,power/energy-pkg/,1000444184,100.00,,
   368.429748444,35.58,Joules,power/energy-pkg/,1001089095,100.00,,
   369.430943579,47.74,Joules,power/energy-pkg/,1001184803,100.00,,
   370.432135793,52.56,Joules,power/energy-pkg/,1001172451,100.00,,
   371.433420908,51.79,Joules,power/energy-pkg/,1001274874,100.00,,
   372.434631505,22.14,Joules,power/energy-pkg/,1001200822,100.00,,
   373.435817083,46.29,Joules,power/energy-pkg/,1001158215,100.00,,
   374.436209639,35.32,Joules,power/energy-pkg/,1000384041,100.00,,
   375.437374440,43.37,Joules,power/energy-pkg/,1001199806,100.00,,
   376.438623336,51.28,Joules,power/energy-pkg/,1001207620,100.00,,
   377.439943510,46.63,Joules,power/energy-pkg/,1001342377,100.00,,
   378.440264681,45.74,Joules,power/energy-pkg/,1000277515,100.00,,
   379.441500441,53.50,Joules,power/energy-pkg/,1001235432,100.00,,
   380.442794937,48.82,Joules,power/energy-pkg/,1001268216,100.00,,
   381.443925789,14.34,Joules,power/energy-pkg/,1001104741,100.00,,
   382.444289624,6.55,Joules,power/energy-pkg/,1000332833,100.00,,
   383.445441787,39.08,Joules,power/energy-pkg/,1001147252,100.00,,
   384.446602327,16.33,Joules,power/energy-pkg/,1001164093,100.00,,
   385.447706877,42.89,Joules,power/energy-pkg/,1001069815,100.00,,
   386.448306037,50.78,Joules,power/energy-pkg/,1000634830,100.00,,
   387.449519664,59.91,Joules,power/energy-pkg/,1001179631,100.00,,
   388.451950871,66.33,Joules,power/energy-pkg/,1002414587,100.00,,
   389.453253213,54.01,Joules,power/energy-pkg/,1001279855,100.00,,
   390.454410941,57.79,Joules,power/energy-pkg/,1001189526,100.00,,
   391.455795251,57.91,Joules,power/energy-pkg/,1001318782,100.00,,
   392.456367014,49.92,Joules,power/energy-pkg/,1000576199,100.00,,
   393.457576965,37.97,Joules,power/energy-pkg/,1001172705,100.00,,
   394.458774523,34.41,Joules,power/energy-pkg/,1001201513,100.00,,
   395.460090274,6.07,Joules,power/energy-pkg/,1001298963,100.00,,
   396.461326819,39.97,Joules,power/energy-pkg/,1001236697,100.00,,
   397.462492124,51.75,Joules,power/energy-pkg/,1001131146,100.00,,
   398.463668057,51.80,Joules,power/energy-pkg/,1001181575,100.00,,
   399.464215842,47.11,Joules,power/energy-pkg/,1000547981,100.00,,
   400.465451446,57.54,Joules,power/energy-pkg/,1001201581,100.00,,
   401.466745309,48.45,Joules,power/energy-pkg/,1001310534,100.00,,
   402.468002822,53.25,Joules,power/energy-pkg/,1001213726,100.00,,
   403.468299620,53.71,Joules,power/energy-pkg/,1000262559,100.00,,
   404.469439780,53.77,Joules,power/energy-pkg/,1001167593,100.00,,
   405.470605185,62.04,Joules,power/energy-pkg/,1001122438,100.00,,
   406.471752009,48.64,Joules,power/energy-pkg/,1001187978,100.00,,
   407.472239884,52.81,Joules,power/energy-pkg/,1000484298,100.00,,
   408.473646831,53.51,Joules,power/energy-pkg/,1001370272,100.00,,
   409.474849267,57.71,Joules,power/energy-pkg/,1001150011,100.00,,
   410.476078661,43.65,Joules,power/energy-pkg/,1001227519,100.00,,
   411.476291379,38.84,Joules,power/energy-pkg/,1000178619,100.00,,
   412.477667371,40.52,Joules,power/energy-pkg/,1001366414,100.00,,
   413.478863000,23.73,Joules,power/energy-pkg/,1001196934,100.00,,
   414.480130229,33.49,Joules,power/energy-pkg/,1001269325,100.00,,
   415.481376078,53.70,Joules,power/energy-pkg/,1001226342,100.00,,
   416.482495917,41.56,Joules,power/energy-pkg/,1001080155,100.00,,
   417.483655644,39.13,Joules,power/energy-pkg/,1001177393,100.00,,
   418.484198535,24.48,Joules,power/energy-pkg/,1000497400,100.00,,
   419.485352746,37.61,Joules,power/energy-pkg/,1001145936,100.00,,
   420.486503144,21.21,Joules,power/energy-pkg/,1001139989,100.00,,
   421.487670851,57.10,Joules,power/energy-pkg/,1001199028,100.00,,
   422.488292400,51.11,Joules,power/energy-pkg/,1000559454,100.00,,
   423.489377108,45.47,Joules,power/energy-pkg/,1001074098,100.00,,
   424.490504879,53.84,Joules,power/energy-pkg/,1001166844,100.00,,
   425.491761842,64.34,Joules,power/energy-pkg/,1001231929,100.00,,
   426.492306760,48.33,Joules,power/energy-pkg/,1000535375,100.00,,
   427.493497190,45.78,Joules,power/energy-pkg/,1001152502,100.00,,
   428.494823718,58.48,Joules,power/energy-pkg/,1001330018,100.00,,
   429.496071187,45.66,Joules,power/energy-pkg/,1001190276,100.00,,
   430.496202694,32.43,Joules,power/energy-pkg/,1000123740,100.00,,
   431.497333850,27.49,Joules,power/energy-pkg/,1001098036,100.00,,
   432.498437976,63.34,Joules,power/energy-pkg/,1001092969,100.00,,
   433.499679744,66.16,Joules,power/energy-pkg/,1001230014,100.00,,
   434.500293245,58.19,Joules,power/energy-pkg/,1000616160,100.00,,
   435.501510802,59.01,Joules,power/energy-pkg/,1001168611,100.00,,
   436.502606868,51.48,Joules,power/energy-pkg/,1001074097,100.00,,
   437.503729301,53.62,Joules,power/energy-pkg/,1001166687,100.00,,
   438.504270875,67.12,Joules,power/energy-pkg/,1000494313,100.00,,
   439.505649549,69.69,Joules,power/energy-pkg/,1001412113,100.00,,
   440.506948407,68.31,Joules,power/energy-pkg/,1001235533,100.00,,
   441.508122313,44.03,Joules,power/energy-pkg/,1001114864,100.00,,
   442.508294344,21.52,Joules,power/energy-pkg/,1000149199,100.00,,
   443.509560570,53.78,Joules,power/energy-pkg/,1001278612,100.00,,
   444.510858091,50.17,Joules,power/energy-pkg/,1001276624,100.00,,
   445.512015066,53.73,Joules,power/energy-pkg/,1001196739,100.00,,
   446.513357221,55.96,Joules,power/energy-pkg/,1001324023,100.00,,
   447.514762960,44.04,Joules,power/energy-pkg/,1001308289,100.00,,
   448.515955118,40.69,Joules,power/energy-pkg/,1001207547,100.00,,
   449.516294949,45.05,Joules,power/energy-pkg/,1000284868,100.00,,
   450.517493755,50.71,Joules,power/energy-pkg/,1001223956,100.00,,
   451.518770660,50.40,Joules,power/energy-pkg/,1001219819,100.00,,
   452.519895787,56.62,Joules,power/energy-pkg/,1001108475,100.00,,
   453.520228333,57.15,Joules,power/energy-pkg/,1000320861,100.00,,
   454.521519023,43.53,Joules,power/energy-pkg/,1001269022,100.00,,
   455.522701258,56.97,Joules,power/energy-pkg/,1001169709,100.00,,
   456.523843151,56.71,Joules,power/energy-pkg/,1001133260,100.00,,
   457.524211300,56.86,Joules,power/energy-pkg/,1000332517,100.00,,
   458.531236995,51.36,Joules,power/energy-pkg/,1007007126,100.00,,
   459.532227453,57.18,Joules,power/energy-pkg/,1001029228,100.00,,
   460.533581699,58.59,Joules,power/energy-pkg/,1001286190,100.00,,
   461.533747448,54.95,Joules,power/energy-pkg/,1000173461,100.00,,
   462.535188396,54.78,Joules,power/energy-pkg/,1001422040,100.00,,
   463.536291051,51.64,Joules,power/energy-pkg/,1001232190,100.00,,
   464.537757852,28.99,Joules,power/energy-pkg/,1001262571,100.00,,
   465.538843501,47.06,Joules,power/energy-pkg/,1001079454,100.00,,
   466.540071335,50.27,Joules,power/energy-pkg/,1001209346,100.00,,
   467.541442186,49.31,Joules,power/energy-pkg/,1001359045,100.00,,
   468.542762207,45.39,Joules,power/energy-pkg/,1001317488,100.00,,
   469.543924105,45.19,Joules,power/energy-pkg/,1001136022,100.00,,
   470.544215708,54.04,Joules,power/energy-pkg/,1000261573,100.00,,
   471.545486170,57.98,Joules,power/energy-pkg/,1001294229,100.00,,
   472.546803440,55.36,Joules,power/energy-pkg/,1001272884,100.00,,
   473.547961326,50.70,Joules,power/energy-pkg/,1001107749,100.00,,
   474.548212091,64.64,Joules,power/energy-pkg/,1000269817,100.00,,
   475.551030704,65.49,Joules,power/energy-pkg/,1002776008,100.00,,
   476.552295133,52.96,Joules,power/energy-pkg/,1001242123,100.00,,
   477.553436043,67.08,Joules,power/energy-pkg/,1001133317,100.00,,
   478.554753347,60.89,Joules,power/energy-pkg/,1001312494,100.00,,
   479.555972926,67.46,Joules,power/energy-pkg/,1001243298,100.00,,
   480.557385759,61.97,Joules,power/energy-pkg/,1001388670,100.00,,
   481.558713051,48.83,Joules,power/energy-pkg/,1001251834,100.00,,
   482.559817687,13.02,Joules,power/energy-pkg/,1001089231,100.00,,
   483.560293328,29.30,Joules,power/energy-pkg/,1000453079,100.00,,
   484.561422939,46.20,Joules,power/energy-pkg/,1001104466,100.00,,
   485.562623212,42.94,Joules,power/energy-pkg/,1001188869,100.00,,
   486.563840771,40.90,Joules,power/energy-pkg/,1001219923,100.00,,
   487.564245070,46.22,Joules,power/energy-pkg/,1000365772,100.00,,
   488.565366092,41.07,Joules,power/energy-pkg/,1001097033,100.00,,
   489.566477322,45.92,Joules,power/energy-pkg/,1001102407,100.00,,
   490.567642338,46.08,Joules,power/energy-pkg/,1001147310,100.00,,
   491.568299967,38.78,Joules,power/energy-pkg/,1000677978,100.00,,
   492.569543516,38.28,Joules,power/energy-pkg/,1001191844,100.00,,
   493.570700503,25.65,Joules,power/energy-pkg/,1001148490,100.00,,
   494.571907749,24.98,Joules,power/energy-pkg/,1001187885,100.00,,
   495.573287222,5.05,Joules,power/energy-pkg/,1001360647,100.00,,
   496.574540582,42.69,Joules,power/energy-pkg/,1001211819,100.00,,
   497.575685151,43.56,Joules,power/energy-pkg/,1001148760,100.00,,
   498.576906254,27.98,Joules,power/energy-pkg/,1001208379,100.00,,
   499.578244935,8.92,Joules,power/energy-pkg/,1001353215,100.00,,
   500.579464477,40.87,Joules,power/energy-pkg/,1001163922,100.00,,
   501.580197812,35.95,Joules,power/energy-pkg/,1000694603,100.00,,
   502.581350774,47.45,Joules,power/energy-pkg/,1001167545,100.00,,
   503.582565394,49.77,Joules,power/energy-pkg/,1001215837,100.00,,
   504.583825178,49.56,Joules,power/energy-pkg/,1001201216,100.00,,
   505.585035402,23.92,Joules,power/energy-pkg/,1001204708,100.00,,
   506.586278318,14.11,Joules,power/energy-pkg/,1001200586,100.00,,
   507.587349345,47.73,Joules,power/energy-pkg/,1001059120,100.00,,
   508.588291999,52.05,Joules,power/energy-pkg/,1000942097,100.00,,
   509.589416918,46.29,Joules,power/energy-pkg/,1001095095,100.00,,
   510.590594934,60.49,Joules,power/energy-pkg/,1001173296,100.00,,
   511.591806550,67.28,Joules,power/energy-pkg/,1001182858,100.00,,
   512.592222754,58.35,Joules,power/energy-pkg/,1000410878,100.00,,
   513.593524525,54.49,Joules,power/energy-pkg/,1001278668,100.00,,
   514.608218564,58.60,Joules,power/energy-pkg/,1014661590,100.00,,
   515.609316849,38.04,Joules,power/energy-pkg/,1001091241,100.00,,
   516.610413327,43.93,Joules,power/energy-pkg/,1001099341,100.00,,
   517.611522783,49.82,Joules,power/energy-pkg/,1001061615,100.00,,
   518.612203212,61.00,Joules,power/energy-pkg/,1000676123,100.00,,
   519.613423311,58.74,Joules,power/energy-pkg/,1001224794,100.00,,
   520.614671460,59.74,Joules,power/energy-pkg/,1001287023,100.00,,
   521.616116876,49.25,Joules,power/energy-pkg/,1001342709,100.00,,
   522.617315849,30.27,Joules,power/energy-pkg/,1001197255,100.00,,
   523.618509876,52.68,Joules,power/energy-pkg/,1001154327,100.00,,
   524.619657207,50.34,Joules,power/energy-pkg/,1001189571,100.00,,
   525.620356882,29.63,Joules,power/energy-pkg/,1000689112,100.00,,
   526.621507170,38.09,Joules,power/energy-pkg/,1001124428,100.00,,
   527.622657091,36.85,Joules,power/energy-pkg/,1001129799,100.00,,
   528.623718479,38.69,Joules,power/energy-pkg/,1000998801,100.00,,
   529.624302416,34.42,Joules,power/energy-pkg/,1000571729,100.00,,
   530.625528935,38.30,Joules,power/energy-pkg/,1001199149,100.00,,
   531.626713743,26.29,Joules,power/energy-pkg/,1001202163,100.00,,
   532.627842185,44.05,Joules,power/energy-pkg/,1001092537,100.00,,
   533.628291761,40.27,Joules,power/energy-pkg/,1000435638,100.00,,
   534.629515934,50.36,Joules,power/energy-pkg/,1001235850,100.00,,
   535.630540694,54.90,Joules,power/energy-pkg/,1000999104,100.00,,
   536.631756763,47.42,Joules,power/energy-pkg/,1001165830,100.00,,
   537.632300273,54.40,Joules,power/energy-pkg/,1000548348,100.00,,
   538.633643626,64.37,Joules,power/energy-pkg/,1001318080,100.00,,
   539.634115040,55.47,Joules,power/energy-pkg/,1000463658,100.00,,
   540.644276478,42.28,Joules,power/energy-pkg/,1010106248,100.00,,
   541.645453356,41.02,Joules,power/energy-pkg/,1001162905,100.00,,
   542.646622355,38.86,Joules,power/energy-pkg/,1001149005,100.00,,
   543.647711078,32.52,Joules,power/energy-pkg/,1001079642,100.00,,
   544.648205655,47.69,Joules,power/energy-pkg/,1000468319,100.00,,
   545.649330413,41.59,Joules,power/energy-pkg/,1001110809,100.00,,
   546.650462668,52.66,Joules,power/energy-pkg/,1001129605,100.00,,
   547.651726170,53.09,Joules,power/energy-pkg/,1001246193,100.00,,
   548.652248718,63.42,Joules,power/energy-pkg/,1000559575,100.00,,
   549.653664808,51.64,Joules,power/energy-pkg/,1001338308,100.00,,
   550.654851063,53.36,Joules,power/energy-pkg/,1001169460,100.00,,
   551.656062581,52.34,Joules,power/energy-pkg/,1001245477,100.00,,
   552.657423504,51.86,Joules,power/energy-pkg/,1001325111,100.00,,
   553.658603370,54.46,Joules,power/energy-pkg/,1001119705,100.00,,
   554.659730654,40.79,Joules,power/energy-pkg/,1001119851,100.00,,
   555.660298856,49.67,Joules,power/energy-pkg/,1000540203,100.00,,
   556.661469515,40.00,Joules,power/energy-pkg/,1001153351,100.00,,
   557.662634360,28.41,Joules,power/energy-pkg/,1001171647,100.00,,
   558.663782824,37.06,Joules,power/energy-pkg/,1001114149,100.00,,
   559.664287089,37.21,Joules,power/energy-pkg/,1000478562,100.00,,
   560.665454990,43.27,Joules,power/energy-pkg/,1001157769,100.00,,
   561.666058751,21.17,Joules,power/energy-pkg/,1000643664,100.00,,
   562.667427272,21.71,Joules,power/energy-pkg/,1001291288,100.00,,
   563.668286868,19.17,Joules,power/energy-pkg/,1000840903,100.00,,
   564.669400277,28.46,Joules,power/energy-pkg/,1001110688,100.00,,
   565.670573498,40.73,Joules,power/energy-pkg/,1001158649,100.00,,
   566.671819577,9.88,Joules,power/energy-pkg/,1001277734,100.00,,
   567.672295875,5.09,Joules,power/energy-pkg/,1000391390,100.00,,
   568.673446303,20.83,Joules,power/energy-pkg/,1001137417,100.00,,
   569.674599646,37.49,Joules,power/energy-pkg/,1001138128,100.00,,
   570.675754170,19.10,Joules,power/energy-pkg/,1001136133,100.00,,
   571.676307030,38.27,Joules,power/energy-pkg/,1000570540,100.00,,
   572.677540238,46.67,Joules,power/energy-pkg/,1001201847,100.00,,
   573.678876960,35.68,Joules,power/energy-pkg/,1001312296,100.00,,
   574.680020489,39.86,Joules,power/energy-pkg/,1001173838,100.00,,
   575.681253627,52.33,Joules,power/energy-pkg/,1001155291,100.00,,
   576.682385759,64.08,Joules,power/energy-pkg/,1001155381,100.00,,
   577.683634990,64.11,Joules,power/energy-pkg/,1001226014,100.00,,
   578.684217719,70.92,Joules,power/energy-pkg/,1000558829,100.00,,
   579.685680737,68.05,Joules,power/energy-pkg/,1001425130,100.00,,
   580.686817052,50.96,Joules,power/energy-pkg/,1001134247,100.00,,
   581.688164408,55.24,Joules,power/energy-pkg/,1001331744,100.00,,
   582.689435794,38.55,Joules,power/energy-pkg/,1001252961,100.00,,
   583.690550732,52.75,Joules,power/energy-pkg/,1001082352,100.00,,
   584.691698836,50.93,Joules,power/energy-pkg/,1001122855,100.00,,
   585.692299084,37.95,Joules,power/energy-pkg/,1000593937,100.00,,
   586.693456993,55.23,Joules,power/energy-pkg/,1001169875,100.00,,
   587.694608978,60.59,Joules,power/energy-pkg/,1001119039,100.00,,
   588.695808730,38.25,Joules,power/energy-pkg/,1001161704,100.00,,
   589.696211206,41.37,Joules,power/energy-pkg/,1000406026,100.00,,
   590.697394181,48.83,Joules,power/energy-pkg/,1001145157,100.00,,
   591.698503798,41.31,Joules,power/energy-pkg/,1001094622,100.00,,
   592.699620531,53.02,Joules,power/energy-pkg/,1001108742,100.00,,
   593.700292382,49.71,Joules,power/energy-pkg/,1000644898,100.00,,
   594.701391865,45.39,Joules,power/energy-pkg/,1001096431,100.00,,
   595.702707300,48.95,Joules,power/energy-pkg/,1001306211,100.00,,
   596.703832206,41.47,Joules,power/energy-pkg/,1001103031,100.00,,
   597.704220522,56.31,Joules,power/energy-pkg/,1000374893,100.00,,
   598.705528596,41.46,Joules,power/energy-pkg/,1001279916,100.00,,
   599.706612170,39.40,Joules,power/energy-pkg/,1001061327,100.00,,
   600.707809564,59.46,Joules,power/energy-pkg/,1001177064,100.00,,
   601.708289735,24.04,Joules,power/energy-pkg/,1000462851,100.00,,
   602.709379824,47.04,Joules,power/energy-pkg/,1001079643,100.00,,
   603.710506928,37.58,Joules,power/energy-pkg/,1001107103,100.00,,
   604.711716123,47.25,Joules,power/energy-pkg/,1001248043,100.00,,
   605.712284146,37.20,Joules,power/energy-pkg/,1000494467,100.00,,
   606.713361011,37.93,Joules,power/energy-pkg/,1001058731,100.00,,
   607.714523459,43.34,Joules,power/energy-pkg/,1001159345,100.00,,
   608.715791685,20.92,Joules,power/energy-pkg/,1001261237,100.00,,
   609.716289213,7.50,Joules,power/energy-pkg/,1000457205,100.00,,
   610.717354920,32.28,Joules,power/energy-pkg/,1001048677,100.00,,
   611.718504623,48.82,Joules,power/energy-pkg/,1001141329,100.00,,
   612.719601682,67.46,Joules,power/energy-pkg/,1001074000,100.00,,
   613.720214749,64.99,Joules,power/energy-pkg/,1000652521,100.00,,
   614.720647208,53.91,Joules,power/energy-pkg/,1000406518,100.00,,
   615.721844208,35.29,Joules,power/energy-pkg/,1001133831,100.00,,
   616.722991865,24.53,Joules,power/energy-pkg/,1001139174,100.00,,
   617.724217628,16.96,Joules,power/energy-pkg/,1001224283,100.00,,
   618.725569727,5.67,Joules,power/energy-pkg/,1001334894,100.00,,
   619.726914181,16.25,Joules,power/energy-pkg/,1001330042,100.00,,
   620.728256346,24.43,Joules,power/energy-pkg/,1001301988,100.00,,
   621.729441808,27.71,Joules,power/energy-pkg/,1001267073,100.00,,
   622.730701148,40.73,Joules,power/energy-pkg/,1001171007,100.00,,
   623.731919438,40.81,Joules,power/energy-pkg/,1001195078,100.00,,
   624.732294478,22.87,Joules,power/energy-pkg/,1000339236,100.00,,
   625.733398661,40.83,Joules,power/energy-pkg/,1001129097,100.00,,
   626.734623561,55.93,Joules,power/energy-pkg/,1001213507,100.00,,
   627.735864601,47.46,Joules,power/energy-pkg/,1001206580,100.00,,
   628.736298552,50.93,Joules,power/energy-pkg/,1000400055,100.00,,
   629.737541868,34.41,Joules,power/energy-pkg/,1001214819,100.00,,
   630.738694915,19.66,Joules,power/energy-pkg/,1001141415,100.00,,
   631.739873653,48.33,Joules,power/energy-pkg/,1001201827,100.00,,
   632.740295644,55.53,Joules,power/energy-pkg/,1000418735,100.00,,
   633.741536037,44.68,Joules,power/energy-pkg/,1001195026,100.00,,
   634.742855139,47.04,Joules,power/energy-pkg/,1001278421,100.00,,
   635.743960619,36.63,Joules,power/energy-pkg/,1001132089,100.00,,
   636.744235427,56.86,Joules,power/energy-pkg/,1000308859,100.00,,
   637.745592297,49.79,Joules,power/energy-pkg/,1001259179,100.00,,
   638.746870338,54.47,Joules,power/energy-pkg/,1001271995,100.00,,
   639.748049127,37.32,Joules,power/energy-pkg/,1001163765,100.00,,
   640.748229019,49.92,Joules,power/energy-pkg/,1000148102,100.00,,
   641.749382027,46.22,Joules,power/energy-pkg/,1001136680,100.00,,
   642.750623220,53.11,Joules,power/energy-pkg/,1001240556,100.00,,
   643.751813688,54.86,Joules,power/energy-pkg/,1001150232,100.00,,
   644.752288103,33.50,Joules,power/energy-pkg/,1000453448,100.00,,
   645.753388092,40.44,Joules,power/energy-pkg/,1001102163,100.00,,
   646.754565422,45.88,Joules,power/energy-pkg/,1001149380,100.00,,
   647.755735097,53.06,Joules,power/energy-pkg/,1001164635,100.00,,
   648.756233861,49.25,Joules,power/energy-pkg/,1000531668,100.00,,
   649.757508871,44.47,Joules,power/energy-pkg/,1001194099,100.00,,
   650.758647663,46.66,Joules,power/energy-pkg/,1001122936,100.00,,
   651.759852366,48.91,Joules,power/energy-pkg/,1001186594,100.00,,
   652.760289972,22.38,Joules,power/energy-pkg/,1000419862,100.00,,
   653.761488340,24.64,Joules,power/energy-pkg/,1001208699,100.00,,
   654.762744091,21.33,Joules,power/energy-pkg/,1001211760,100.00,,
   655.763826088,49.22,Joules,power/energy-pkg/,1001086311,100.00,,
   656.764283663,47.41,Joules,power/energy-pkg/,1000439981,100.00,,
   657.765424817,64.57,Joules,power/energy-pkg/,1001173754,100.00,,
   658.766757595,59.92,Joules,power/energy-pkg/,1001264255,100.00,,
   659.768001087,51.91,Joules,power/energy-pkg/,1001236568,100.00,,
   660.768291438,45.09,Joules,power/energy-pkg/,1000261043,100.00,,
   661.769525192,48.56,Joules,power/energy-pkg/,1001212229,100.00,,
   662.771023910,44.93,Joules,power/energy-pkg/,1001488126,100.00,,
   663.772290377,54.50,Joules,power/energy-pkg/,1001270211,100.00,,
   664.773457937,25.58,Joules,power/energy-pkg/,1001136414,100.00,,
   665.774560892,52.68,Joules,power/energy-pkg/,1001073533,100.00,,
   666.775771133,61.58,Joules,power/energy-pkg/,1001225550,100.00,,
   667.776303147,56.29,Joules,power/energy-pkg/,1000491735,100.00,,
   668.777524585,29.26,Joules,power/energy-pkg/,1001203155,100.00,,
   669.778626016,48.01,Joules,power/energy-pkg/,1001090081,100.00,,
   670.779880399,48.95,Joules,power/energy-pkg/,1001232633,100.00,,
   671.780299724,52.93,Joules,power/energy-pkg/,1000405499,100.00,,
   672.781458378,36.77,Joules,power/energy-pkg/,1001153524,100.00,,
   673.782785383,51.32,Joules,power/energy-pkg/,1001290634,100.00,,
   674.783868490,51.41,Joules,power/energy-pkg/,1001074479,100.00,,
   675.784240192,52.29,Joules,power/energy-pkg/,1000404276,100.00,,
   676.785549351,68.68,Joules,power/energy-pkg/,1001277331,100.00,,
   677.786891946,71.35,Joules,power/energy-pkg/,1001289605,100.00,,
   678.788016994,64.67,Joules,power/energy-pkg/,1001144107,100.00,,
   679.789262366,58.27,Joules,power/energy-pkg/,1001279397,100.00,,
   680.790662114,62.78,Joules,power/energy-pkg/,1001314283,100.00,,
   681.791895647,59.25,Joules,power/energy-pkg/,1001222040,100.00,,
   682.792293080,51.24,Joules,power/energy-pkg/,1000431536,100.00,,
   683.793714281,47.04,Joules,power/energy-pkg/,1001388825,100.00,,
   684.795039429,48.26,Joules,power/energy-pkg/,1001262213,100.00,,
   685.796182183,44.61,Joules,power/energy-pkg/,1001168270,100.00,,
   686.797415458,52.76,Joules,power/energy-pkg/,1001175440,100.00,,
   687.798617787,45.28,Joules,power/energy-pkg/,1001188124,100.00,,
   688.799756051,31.10,Joules,power/energy-pkg/,1001111587,100.00,,
   689.800220062,54.38,Joules,power/energy-pkg/,1000464804,100.00,,
   690.801528135,58.74,Joules,power/energy-pkg/,1001331579,100.00,,
   691.802790473,58.64,Joules,power/energy-pkg/,1001267999,100.00,,
   692.804107198,62.66,Joules,power/energy-pkg/,1001245515,100.00,,
   693.805346856,61.64,Joules,power/energy-pkg/,1001227853,100.00,,
   694.806641894,51.62,Joules,power/energy-pkg/,1001414549,100.00,,
   695.808208769,54.99,Joules,power/energy-pkg/,1001408024,100.00,,
   696.809303051,58.48,Joules,power/energy-pkg/,1001120639,100.00,,
   697.810734579,49.57,Joules,power/energy-pkg/,1001398896,100.00,,
   698.811957075,46.99,Joules,power/energy-pkg/,1001174478,100.00,,
   699.812201044,55.47,Joules,power/energy-pkg/,1000219673,100.00,,
   700.813327228,40.31,Joules,power/energy-pkg/,1001116921,100.00,,
   701.814537690,40.66,Joules,power/energy-pkg/,1001186752,100.00,,
   702.815680967,65.23,Joules,power/energy-pkg/,1001132070,100.00,,
   703.816233524,35.14,Joules,power/energy-pkg/,1000535043,100.00,,
   704.817392052,57.33,Joules,power/energy-pkg/,1001164908,100.00,,
   705.818713581,47.12,Joules,power/energy-pkg/,1001310707,100.00,,
   706.820119905,57.32,Joules,power/energy-pkg/,1001402717,100.00,,
   707.821767698,34.88,Joules,power/energy-pkg/,1001592778,100.00,,
   708.822852395,43.54,Joules,power/energy-pkg/,1001105041,100.00,,
   709.823998634,50.21,Joules,power/energy-pkg/,1001166275,100.00,,
   710.825328413,50.64,Joules,power/energy-pkg/,1001252136,100.00,,
   711.826558684,57.39,Joules,power/energy-pkg/,1001255842,100.00,,
   712.827824427,57.41,Joules,power/energy-pkg/,1001221586,100.00,,
   713.828224444,47.48,Joules,power/energy-pkg/,1000387202,100.00,,
   714.829576428,52.96,Joules,power/energy-pkg/,1001354464,100.00,,
   715.830847173,44.04,Joules,power/energy-pkg/,1001242646,100.00,,
   716.832071286,45.81,Joules,power/energy-pkg/,1001217008,100.00,,
   717.833326131,34.11,Joules,power/energy-pkg/,1001196635,100.00,,
   718.834476928,41.89,Joules,power/energy-pkg/,1001176029,100.00,,
   719.835907942,54.65,Joules,power/energy-pkg/,1001382263,100.00,,
   720.836202749,47.12,Joules,power/energy-pkg/,1000270069,100.00,,
   721.837389380,50.15,Joules,power/energy-pkg/,1001171323,100.00,,
   722.838536992,43.83,Joules,power/energy-pkg/,1001133942,100.00,,
   723.839694917,45.59,Joules,power/energy-pkg/,1001145596,100.00,,
   724.840291752,42.69,Joules,power/energy-pkg/,1000596858,100.00,,
   725.841460368,43.87,Joules,power/energy-pkg/,1001155315,100.00,,
   726.842716478,57.65,Joules,power/energy-pkg/,1001233103,100.00,,
   727.843969835,56.73,Joules,power/energy-pkg/,1001239897,100.00,,
   728.845218448,65.63,Joules,power/energy-pkg/,1001253716,100.00,,
   729.846407856,66.71,Joules,power/energy-pkg/,1001139327,100.00,,
   730.847560824,59.43,Joules,power/energy-pkg/,1001166463,100.00,,
   731.848295986,58.74,Joules,power/energy-pkg/,1000689939,100.00,,
   732.849491457,50.50,Joules,power/energy-pkg/,1001207701,100.00,,
   733.850636016,45.90,Joules,power/energy-pkg/,1001110751,100.00,,
   734.851809868,54.14,Joules,power/energy-pkg/,1001146912,100.00,,
   735.852294139,55.45,Joules,power/energy-pkg/,1000480353,100.00,,
   736.853479928,48.29,Joules,power/energy-pkg/,1001164121,100.00,,
   737.854732371,21.52,Joules,power/energy-pkg/,1001249961,100.00,,
   738.856057771,13.45,Joules,power/energy-pkg/,1001291075,100.00,,
   739.857373583,16.94,Joules,power/energy-pkg/,1001322621,100.00,,
   740.858628141,15.88,Joules,power/energy-pkg/,1001212927,100.00,,
   741.859796678,38.32,Joules,power/energy-pkg/,1001183843,100.00,,
   742.860290579,35.14,Joules,power/energy-pkg/,1000445858,100.00,,
   743.861430526,42.48,Joules,power/energy-pkg/,1001127564,100.00,,
   744.862590257,16.57,Joules,power/energy-pkg/,1001143244,100.00,,
   745.863679517,35.68,Joules,power/energy-pkg/,1001074035,100.00,,
   746.864218335,46.42,Joules,power/energy-pkg/,1000564399,100.00,,
   747.865444804,69.61,Joules,power/energy-pkg/,1001170201,100.00,,
   748.866550161,61.42,Joules,power/energy-pkg/,1001093485,100.00,,
   749.867648550,37.35,Joules,power/energy-pkg/,1001087170,100.00,,
   750.868278012,43.74,Joules,power/energy-pkg/,1000633139,100.00,,
   751.869529439,22.70,Joules,power/energy-pkg/,1001228427,100.00,,
   752.870771139,29.36,Joules,power/energy-pkg/,1001206430,100.00,,
   753.871870199,44.30,Joules,power/energy-pkg/,1001104921,100.00,,
   754.872288921,52.45,Joules,power/energy-pkg/,1000426948,100.00,,
   755.873467157,56.93,Joules,power/energy-pkg/,1001153171,100.00,,
   756.874740211,53.91,Joules,power/energy-pkg/,1001264872,100.00,,
   757.875978146,40.34,Joules,power/energy-pkg/,1001205217,100.00,,
   758.876228296,65.55,Joules,power/energy-pkg/,1000218674,100.00,,
   759.877359790,76.13,Joules,power/energy-pkg/,1001138272,100.00,,
   760.878668666,68.71,Joules,power/energy-pkg/,1001340225,100.00,,
   761.880134774,53.62,Joules,power/energy-pkg/,1001427271,100.00,,
   762.881378586,60.46,Joules,power/energy-pkg/,1001192084,100.00,,
   763.882618921,55.42,Joules,power/energy-pkg/,1001216071,100.00,,
   764.883862153,33.85,Joules,power/energy-pkg/,1001223412,100.00,,
   765.884283719,49.86,Joules,power/energy-pkg/,1000402136,100.00,,
   766.885454776,48.33,Joules,power/energy-pkg/,1001158755,100.00,,
   767.886756613,22.52,Joules,power/energy-pkg/,1001307718,100.00,,
   768.888088081,16.57,Joules,power/energy-pkg/,1001292651,100.00,,
   769.889244924,34.81,Joules,power/energy-pkg/,1001141493,100.00,,
   770.890393110,36.41,Joules,power/energy-pkg/,1001133956,100.00,,
   771.891541557,24.22,Joules,power/energy-pkg/,1001160638,100.00,,
   772.892204030,44.01,Joules,power/energy-pkg/,1000631052,100.00,,
   773.893429233,42.12,Joules,power/energy-pkg/,1001261572,100.00,,
   774.894702100,50.20,Joules,power/energy-pkg/,1001270822,100.00,,
   775.896053573,55.49,Joules,power/energy-pkg/,1001346332,100.00,,
   776.897400717,56.13,Joules,power/energy-pkg/,1001305890,100.00,,
   777.898724732,59.36,Joules,power/energy-pkg/,1001310033,100.00,,
   778.900019031,59.01,Joules,power/energy-pkg/,1001238490,100.00,,
   779.901369534,59.17,Joules,power/energy-pkg/,1001405701,100.00,,
   780.902745073,54.41,Joules,power/energy-pkg/,1001308703,100.00,,
   781.904021144,49.41,Joules,power/energy-pkg/,1001242446,100.00,,
   782.904199399,41.39,Joules,power/energy-pkg/,1000136708,100.00,,
   783.905404281,47.53,Joules,power/energy-pkg/,1001206240,100.00,,
   784.906597803,49.73,Joules,power/energy-pkg/,1001188083,100.00,,
   785.909450276,59.81,Joules,power/energy-pkg/,1002823504,100.00,,
   786.910754147,50.05,Joules,power/energy-pkg/,1001355088,100.00,,
   787.912066851,46.53,Joules,power/energy-pkg/,1001355262,100.00,,
   788.913503296,53.68,Joules,power/energy-pkg/,1001295198,100.00,,
   789.914686587,64.66,Joules,power/energy-pkg/,1001165064,100.00,,
   790.915845654,56.69,Joules,power/energy-pkg/,1001198550,100.00,,
   791.916292000,52.58,Joules,power/energy-pkg/,1000377257,100.00,,
   792.917447622,52.14,Joules,power/energy-pkg/,1001210223,100.00,,
   793.918821879,61.72,Joules,power/energy-pkg/,1001324543,100.00,,
   794.920238631,53.45,Joules,power/energy-pkg/,1001406722,100.00,,
   795.921714530,52.58,Joules,power/energy-pkg/,1001529019,100.00,,
   796.923134161,50.67,Joules,power/energy-pkg/,1001299108,100.00,,
   797.924216176,51.68,Joules,power/energy-pkg/,1001086101,100.00,,
   798.926924528,62.45,Joules,power/energy-pkg/,1002698958,100.00,,
   799.928237548,62.15,Joules,power/energy-pkg/,1001355734,100.00,,
   800.929534728,37.32,Joules,power/energy-pkg/,1001216595,100.00,,
   801.936229938,47.67,Joules,power/energy-pkg/,1006688355,100.00,,
   802.937474667,66.24,Joules,power/energy-pkg/,1001246522,100.00,,
   803.938917801,66.41,Joules,power/energy-pkg/,1001402171,100.00,,
   804.940224350,55.49,Joules,power/energy-pkg/,1001289320,100.00,,
   805.941389717,54.79,Joules,power/energy-pkg/,1001242207,100.00,,
   806.942857899,49.85,Joules,power/energy-pkg/,1001361121,100.00,,
   807.944173905,46.29,Joules,power/energy-pkg/,1001419636,100.00,,
   808.945664743,43.57,Joules,power/energy-pkg/,1001349026,100.00,,
   809.946849181,58.84,Joules,power/energy-pkg/,1001188247,100.00,,
   810.948224939,62.19,Joules,power/energy-pkg/,1001347779,100.00,,
   811.949461559,64.12,Joules,power/energy-pkg/,1001209724,100.00,,
   812.968250218,62.73,Joules,power/energy-pkg/,1018847512,100.00,,
   813.969533488,51.20,Joules,power/energy-pkg/,1001192204,100.00,,
   814.970689149,39.76,Joules,power/energy-pkg/,1001135022,100.00,,
   815.971879212,39.85,Joules,power/energy-pkg/,1001206397,100.00,,
   816.972284920,39.72,Joules,power/energy-pkg/,1000353709,100.00,,
   817.973437958,45.53,Joules,power/energy-pkg/,1001180599,100.00,,
   818.974699230,51.67,Joules,power/energy-pkg/,1001256587,100.00,,
   819.975969601,42.53,Joules,power/energy-pkg/,1001207782,100.00,,
   820.976293051,41.59,Joules,power/energy-pkg/,1000302560,100.00,,
   821.977390230,45.90,Joules,power/energy-pkg/,1001094914,100.00,,
   822.978579439,60.89,Joules,power/energy-pkg/,1001174872,100.00,,
   823.979784327,61.84,Joules,power/energy-pkg/,1001261024,100.00,,
   824.980230222,52.95,Joules,power/energy-pkg/,1000387892,100.00,,
   825.981581383,56.31,Joules,power/energy-pkg/,1001399903,100.00,,
   826.983019332,53.30,Joules,power/energy-pkg/,1001387575,100.00,,
   827.984230039,50.77,Joules,power/energy-pkg/,1001177270,100.00,,
   828.992298664,62.70,Joules,power/energy-pkg/,1008037433,100.00,,
   829.993553215,53.45,Joules,power/energy-pkg/,1001212797,100.00,,
   830.994691654,47.12,Joules,power/energy-pkg/,1001115529,100.00,,
   831.995864447,27.33,Joules,power/energy-pkg/,1001179494,100.00,,
   832.996702281,17.22,Joules,power/energy-pkg/,1000864733,100.00,,
   833.997856566,43.06,Joules,power/energy-pkg/,1001097060,100.00,,
   834.999106002,49.66,Joules,power/energy-pkg/,1001231936,100.00,,
   836.000290068,58.74,Joules,power/energy-pkg/,1001183522,100.00,,
   837.001520010,65.10,Joules,power/energy-pkg/,1001208156,100.00,,
   838.002798599,73.61,Joules,power/energy-pkg/,1002675081,100.00,,
   839.005435387,75.67,Joules,power/energy-pkg/,1001200578,100.00,,
   840.006639189,68.15,Joules,power/energy-pkg/,1001177870,100.00,,
   841.007904059,52.59,Joules,power/energy-pkg/,1001261545,100.00,,
   842.008231332,48.19,Joules,power/energy-pkg/,1000304573,100.00,,
   843.009472798,54.49,Joules,power/energy-pkg/,1001262092,100.00,,
   844.010655113,44.63,Joules,power/energy-pkg/,1001125290,100.00,,
   845.011776816,47.22,Joules,power/energy-pkg/,1001118550,100.00,,
   846.012239049,42.77,Joules,power/energy-pkg/,1000442731,100.00,,
   847.013346246,29.53,Joules,power/energy-pkg/,1001083893,100.00,,
   848.014454471,26.87,Joules,power/energy-pkg/,1001095554,100.00,,
   849.015642871,34.27,Joules,power/energy-pkg/,1001238355,100.00,,
   850.016914345,36.56,Joules,power/energy-pkg/,1001192453,100.00,,
   851.018077427,43.21,Joules,power/energy-pkg/,1001147439,100.00,,
   852.019225809,40.08,Joules,power/energy-pkg/,1001136644,100.00,,
   853.020215484,51.15,Joules,power/energy-pkg/,1000978050,100.00,,
   854.021345900,69.56,Joules,power/energy-pkg/,1001129584,100.00,,
   855.022569236,63.81,Joules,power/energy-pkg/,1001193888,100.00,,
   856.023783196,47.54,Joules,power/energy-pkg/,1001201567,100.00,,
   857.024228871,47.94,Joules,power/energy-pkg/,1000446002,100.00,,
   858.025560465,57.85,Joules,power/energy-pkg/,1001384138,100.00,,
   859.026949587,59.76,Joules,power/energy-pkg/,1001377425,100.00,,
   860.028286982,52.12,Joules,power/energy-pkg/,1001228407,100.00,,
   861.029455973,41.62,Joules,power/energy-pkg/,1001178460,100.00,,
   862.030572331,67.42,Joules,power/energy-pkg/,1001127841,100.00,,
   863.031822258,58.24,Joules,power/energy-pkg/,1001229393,100.00,,
   864.032230422,64.79,Joules,power/energy-pkg/,1000363056,100.00,,
   865.033439499,55.76,Joules,power/energy-pkg/,1001200417,100.00,,
   866.034656392,58.41,Joules,power/energy-pkg/,1001243870,100.00,,
   867.036038914,41.50,Joules,power/energy-pkg/,1001323784,100.00,,
   868.037374825,14.38,Joules,power/energy-pkg/,1001305536,100.00,,
   869.038526899,32.90,Joules,power/energy-pkg/,1001135354,100.00,,
   870.039601505,61.10,Joules,power/energy-pkg/,1001059278,100.00,,
   871.040299480,54.17,Joules,power/energy-pkg/,1000684067,100.00,,
   872.041511099,35.04,Joules,power/energy-pkg/,1001236759,100.00,,
   873.042696012,51.24,Joules,power/energy-pkg/,1001141991,100.00,,
   874.043924910,56.25,Joules,power/energy-pkg/,1001225303,100.00,,
   875.044219805,63.96,Joules,power/energy-pkg/,1004269398,100.00,,
   876.049542340,59.18,Joules,power/energy-pkg/,1001344775,100.00,,
   877.050853937,43.32,Joules,power/energy-pkg/,1001248916,100.00,,
   878.052019064,24.80,Joules,power/energy-pkg/,1001151302,100.00,,
   879.052281161,42.93,Joules,power/energy-pkg/,1000290786,100.00,,
   880.053435224,55.96,Joules,power/energy-pkg/,1001108836,100.00,,
   881.054660830,40.58,Joules,power/energy-pkg/,1001204141,100.00,,
   882.055889444,40.35,Joules,power/energy-pkg/,1001210311,100.00,,
   883.056286093,52.42,Joules,power/energy-pkg/,1000451849,100.00,,
   884.057585721,57.69,Joules,power/energy-pkg/,1001294233,100.00,,
   885.059040093,56.59,Joules,power/energy-pkg/,1001390156,100.00,,
   886.060204014,63.05,Joules,power/energy-pkg/,1001131350,100.00,,
   887.061482894,45.31,Joules,power/energy-pkg/,1001252004,100.00,,
   888.062937708,39.29,Joules,power/energy-pkg/,1001436885,100.00,,
   889.064045911,57.73,Joules,power/energy-pkg/,1001099466,100.00,,
   890.065239784,68.78,Joules,power/energy-pkg/,1001235242,100.00,,
   891.066519408,60.34,Joules,power/energy-pkg/,1001219331,100.00,,
   892.067789585,51.65,Joules,power/energy-pkg/,1001254147,100.00,,
   893.068249312,53.47,Joules,power/energy-pkg/,1000478595,100.00,,
   894.069527236,60.76,Joules,power/energy-pkg/,1001256919,100.00,,
   895.070735952,65.96,Joules,power/energy-pkg/,1001190821,100.00,,
   896.071963652,62.07,Joules,power/energy-pkg/,1001242222,100.00,,
   897.073309520,68.57,Joules,power/energy-pkg/,1001285319,100.00,,
   898.074786244,70.41,Joules,power/energy-pkg/,1001493174,100.00,,
   899.076056652,68.33,Joules,power/energy-pkg/,1001213891,100.00,,
   900.077265210,54.48,Joules,power/energy-pkg/,1001300244,100.00,,
   901.078802097,49.35,Joules,power/energy-pkg/,1001449383,100.00,,
   902.080065149,56.93,Joules,power/energy-pkg/,1001245523,100.00,,
   903.081307511,54.09,Joules,power/energy-pkg/,1001212716,100.00,,
   904.082627653,61.19,Joules,power/energy-pkg/,1001311440,100.00,,
   905.083999295,68.22,Joules,power/energy-pkg/,1001350404,100.00,,
   906.085317612,65.13,Joules,power/energy-pkg/,1001293923,100.00,,
   907.086916791,65.13,Joules,power/energy-pkg/,1001611958,100.00,,
   908.088204298,64.63,Joules,power/energy-pkg/,1001258019,100.00,,
   909.089498804,61.03,Joules,power/energy-pkg/,1001310338,100.00,,
   910.090781011,61.28,Joules,power/energy-pkg/,1001216667,100.00,,
   911.091958800,66.35,Joules,power/energy-pkg/,1001174157,100.00,,
   912.092276578,49.86,Joules,power/energy-pkg/,1000285735,100.00,,
   913.093448470,45.95,Joules,power/energy-pkg/,1001157820,100.00,,
   914.094557791,52.53,Joules,power/energy-pkg/,1001103797,100.00,,
   915.095782400,51.46,Joules,power/energy-pkg/,1001203972,100.00,,
   916.096291469,42.80,Joules,power/energy-pkg/,1000488147,100.00,,
   917.097453710,31.13,Joules,power/energy-pkg/,1001148007,100.00,,
   918.098534001,28.86,Joules,power/energy-pkg/,1001064127,100.00,,
   919.099656250,54.36,Joules,power/energy-pkg/,1001143765,100.00,,
   920.100305591,57.62,Joules,power/energy-pkg/,1000628682,100.00,,
   921.101514943,47.19,Joules,power/energy-pkg/,1001169284,100.00,,
   922.102619905,46.91,Joules,power/energy-pkg/,1001102824,100.00,,
   923.103803320,58.18,Joules,power/energy-pkg/,1001180536,100.00,,
   924.104272114,38.98,Joules,power/energy-pkg/,1000426556,100.00,,
   925.105352720,50.72,Joules,power/energy-pkg/,1001079362,100.00,,
   926.106628233,47.59,Joules,power/energy-pkg/,1001291319,100.00,,
   927.107864968,52.36,Joules,power/energy-pkg/,1001209787,100.00,,
   928.108207377,55.35,Joules,power/energy-pkg/,1000331758,100.00,,
   929.109395516,29.34,Joules,power/energy-pkg/,1001142676,100.00,,
   930.110478660,11.49,Joules,power/energy-pkg/,1001068502,100.00,,
   931.111663897,47.79,Joules,power/energy-pkg/,1001176686,100.00,,
   932.112279242,46.34,Joules,power/energy-pkg/,1000607604,100.00,,
   933.113609171,51.83,Joules,power/energy-pkg/,1001305480,100.00,,
   934.114714565,58.18,Joules,power/energy-pkg/,1001099757,100.00,,
   935.115813069,57.22,Joules,power/energy-pkg/,1001074470,100.00,,
   936.116290250,41.55,Joules,power/energy-pkg/,1000457777,100.00,,
   937.117376668,42.05,Joules,power/energy-pkg/,1001079103,100.00,,
   938.118525954,47.88,Joules,power/energy-pkg/,1001138262,100.00,,
   939.119754235,41.13,Joules,power/energy-pkg/,1001236963,100.00,,
   940.120207110,38.54,Joules,power/energy-pkg/,1000426807,100.00,,
   941.121369626,32.09,Joules,power/energy-pkg/,1001132237,100.00,,
   942.122542462,52.37,Joules,power/energy-pkg/,1001182689,100.00,,
   943.123739870,37.53,Joules,power/energy-pkg/,1001193690,100.00,,
   944.124224690,40.54,Joules,power/energy-pkg/,1000442258,100.00,,
   945.125407675,46.48,Joules,power/energy-pkg/,1001206093,100.00,,
   946.126677283,45.44,Joules,power/energy-pkg/,1001675505,100.00,,
   947.128322232,42.93,Joules,power/energy-pkg/,1001178635,100.00,,
   948.129614656,27.75,Joules,power/energy-pkg/,1001292521,100.00,,
   949.130798276,32.58,Joules,power/energy-pkg/,1001179855,100.00,,
   950.131997515,32.12,Joules,power/energy-pkg/,1001144830,100.00,,
   951.133145972,32.34,Joules,power/energy-pkg/,1001136633,100.00,,
   952.134297442,24.93,Joules,power/energy-pkg/,1001137482,100.00,,
   953.135468328,31.64,Joules,power/energy-pkg/,1001158633,100.00,,
   954.136292887,25.90,Joules,power/energy-pkg/,1000803604,100.00,,
   955.136772819,5.16,Joules,power/energy-pkg/,1000544177,100.00,,
   956.138147015,23.67,Joules,power/energy-pkg/,1001284840,100.00,,
   957.139318559,16.11,Joules,power/energy-pkg/,1001158882,100.00,,
   958.140304986,24.24,Joules,power/energy-pkg/,1000985036,100.00,,
   959.141523648,25.39,Joules,power/energy-pkg/,1001203011,100.00,,
   960.142792807,43.66,Joules,power/energy-pkg/,1001247400,100.00,,
   961.143951437,45.84,Joules,power/energy-pkg/,1001148582,100.00,,
   962.144295553,52.59,Joules,power/energy-pkg/,1000354605,100.00,,
   963.145631640,55.88,Joules,power/energy-pkg/,1001354889,100.00,,
   964.146087094,42.28,Joules,power/energy-pkg/,1000476843,100.00,,
   965.150420829,53.26,Joules,power/energy-pkg/,1004298893,100.00,,
   966.151768296,52.06,Joules,power/energy-pkg/,1001260240,100.00,,
   967.152230932,53.06,Joules,power/energy-pkg/,1000467341,100.00,,
   968.156274455,55.33,Joules,power/energy-pkg/,1004080563,100.00,,
   969.157666571,39.55,Joules,power/energy-pkg/,1001350545,100.00,,
   970.168228718,38.21,Joules,power/energy-pkg/,1010562117,100.00,,
   971.169548432,30.60,Joules,power/energy-pkg/,1001251277,100.00,,
   972.170753069,19.32,Joules,power/energy-pkg/,1001207290,100.00,,
   973.172075332,30.38,Joules,power/energy-pkg/,1001287693,100.00,,
   974.173342512,35.80,Joules,power/energy-pkg/,1001257104,100.00,,
   975.174598115,37.79,Joules,power/energy-pkg/,1001232386,100.00,,
   976.175802996,39.77,Joules,power/energy-pkg/,1001247738,100.00,,
   977.177055594,35.91,Joules,power/energy-pkg/,1001183723,100.00,,
   978.178241930,23.47,Joules,power/energy-pkg/,1001164518,100.00,,
   979.179412541,18.18,Joules,power/energy-pkg/,1001174409,100.00,,
   980.180348884,5.22,Joules,power/energy-pkg/,1001024882,100.00,,
   981.181785794,5.32,Joules,power/energy-pkg/,1001321962,100.00,,
   982.183115268,5.15,Joules,power/energy-pkg/,1001317621,100.00,,
   983.184304717,5.98,Joules,power/energy-pkg/,1001158731,100.00,,
   984.185526432,6.70,Joules,power/energy-pkg/,1001219684,100.00,,
   985.186846265,6.16,Joules,power/energy-pkg/,1001307092,100.00,,
   986.188168837,6.95,Joules,power/energy-pkg/,1001330898,100.00,,
   987.189506631,17.38,Joules,power/energy-pkg/,1001282597,100.00,,
   988.190788225,14.83,Joules,power/energy-pkg/,1001295597,100.00,,
   989.192305974,6.27,Joules,power/energy-pkg/,1001498319,100.00,,
   990.193650232,6.03,Joules,power/energy-pkg/,1001324796,100.00,,
   991.195000214,5.65,Joules,power/energy-pkg/,1001336694,100.00,,
   992.196386242,6.26,Joules,power/energy-pkg/,1001376002,100.00,,
   993.197739909,5.42,Joules,power/energy-pkg/,1001335264,100.00,,
   994.199173682,5.45,Joules,power/energy-pkg/,1001424809,100.00,,
   995.200392196,5.47,Joules,power/energy-pkg/,1001197982,100.00,,
   996.201734479,5.79,Joules,power/energy-pkg/,1001328604,100.00,,
   997.203135408,6.12,Joules,power/energy-pkg/,1001391319,100.00,,
   998.204351002,5.86,Joules,power/energy-pkg/,1001197302,100.00,,
   999.205709684,6.12,Joules,power/energy-pkg/,1001348957,100.00,,
  1000.207062148,5.30,Joules,power/energy-pkg/,1001334429,100.00,,
  1001.208391273,5.45,Joules,power/energy-pkg/,1001313601,100.00,,
  1002.209718097,5.53,Joules,power/energy-pkg/,1001318779,100.00,,
  1003.211057954,5.05,Joules,power/energy-pkg/,1001321747,100.00,,
  1004.212393048,5.78,Joules,power/energy-pkg/,1001320304,100.00,,
  1005.213738128,5.04,Joules,power/energy-pkg/,1001329361,100.00,,
  1006.215066639,5.07,Joules,power/energy-pkg/,1001318116,100.00,,
  1007.216408311,5.60,Joules,power/energy-pkg/,1001397293,100.00,,
  1008.217796144,5.50,Joules,power/energy-pkg/,1001301778,100.00,,
  1009.219140173,4.90,Joules,power/energy-pkg/,1001328387,100.00,,
