[100%] Built target hwpc-sensor
I: 23-04-13 16:23:47 build: version undefined (rev: undefined)
I: 23-04-13 16:23:47 uname: Linux 5.4.0-137-generic #154-Ubuntu SMP Thu Jan 5 17:03:22 UTC 2023 x86_64
I: 23-04-13 16:23:47 pmu: found ix86arch 'Intel X86 architectural PMU' having 7 events, 11 counters (8 general, 3 fixed)
I: 23-04-13 16:23:47 pmu: found perf 'perf_events generic PMU' having 179 events, 0 counters (0 general, 0 fixed)
I: 23-04-13 16:23:47 pmu: found rapl 'Intel RAPL' having 2 events, 3 counters (0 general, 3 fixed)
I: 23-04-13 16:23:47 pmu: found perf_raw 'perf_events raw PMU' having 1 events, 0 counters (0 general, 0 fixed)
I: 23-04-13 16:23:47 pmu: found skx 'Intel Skylake X' having 85 events, 11 counters (8 general, 3 fixed)
I: 23-04-13 16:23:47 pmu: found skx_unc_cha0 'Intel SkylakeX CHA0 uncore' having 99 events, 4 counters (4 general, 0 fixed)
I: 23-04-13 16:23:47 pmu: found skx_unc_cha1 'Intel SkylakeX CHA1 uncore' having 99 events, 4 counters (4 general, 0 fixed)
I: 23-04-13 16:23:47 pmu: found skx_unc_cha2 'Intel SkylakeX CHA2 uncore' having 99 events, 4 counters (4 general, 0 fixed)
I: 23-04-13 16:23:47 pmu: found skx_unc_cha3 'Intel SkylakeX CHA3 uncore' having 99 events, 4 counters (4 general, 0 fixed)
I: 23-04-13 16:23:47 pmu: found skx_unc_cha4 'Intel SkylakeX CHA4 uncore' having 99 events, 4 counters (4 general, 0 fixed)
I: 23-04-13 16:23:47 pmu: found skx_unc_cha5 'Intel SkylakeX CHA5 uncore' having 99 events, 4 counters (4 general, 0 fixed)
I: 23-04-13 16:23:47 pmu: found skx_unc_cha6 'Intel SkylakeX CHA6 uncore' having 99 events, 4 counters (4 general, 0 fixed)
I: 23-04-13 16:23:47 pmu: found skx_unc_cha7 'Intel SkylakeX CHA7 uncore' having 99 events, 4 counters (4 general, 0 fixed)
I: 23-04-13 16:23:47 pmu: found skx_unc_cha8 'Intel SkylakeX CHA8 uncore' having 99 events, 4 counters (4 general, 0 fixed)
I: 23-04-13 16:23:47 pmu: found skx_unc_cha9 'Intel SkylakeX CHA9 uncore' having 99 events, 4 counters (4 general, 0 fixed)
I: 23-04-13 16:23:47 pmu: found skx_unc_cha10 'Intel SkylakeX CHA10 uncore' having 99 events, 4 counters (4 general, 0 fixed)
I: 23-04-13 16:23:47 pmu: found skx_unc_cha11 'Intel SkylakeX CHA11 uncore' having 99 events, 4 counters (4 general, 0 fixed)
I: 23-04-13 16:23:47 pmu: found skx_unc_cha12 'Intel SkylakeX CHA12 uncore' having 99 events, 4 counters (4 general, 0 fixed)
I: 23-04-13 16:23:47 pmu: found skx_unc_cha13 'Intel SkylakeX CHA13 uncore' having 99 events, 4 counters (4 general, 0 fixed)
I: 23-04-13 16:23:47 pmu: found skx_unc_cha14 'Intel SkylakeX CHA14 uncore' having 99 events, 4 counters (4 general, 0 fixed)
I: 23-04-13 16:23:47 pmu: found skx_unc_cha15 'Intel SkylakeX CHA15 uncore' having 99 events, 4 counters (4 general, 0 fixed)
I: 23-04-13 16:23:47 pmu: found skx_unc_cha16 'Intel SkylakeX CHA16 uncore' having 99 events, 4 counters (4 general, 0 fixed)
I: 23-04-13 16:23:47 pmu: found skx_unc_cha17 'Intel SkylakeX CHA17 uncore' having 99 events, 4 counters (4 general, 0 fixed)
I: 23-04-13 16:23:47 pmu: found skx_unc_cha18 'Intel SkylakeX CHA18 uncore' having 99 events, 4 counters (4 general, 0 fixed)
I: 23-04-13 16:23:47 pmu: found skx_unc_cha19 'Intel SkylakeX CHA19 uncore' having 99 events, 4 counters (4 general, 0 fixed)
I: 23-04-13 16:23:47 pmu: found skx_unc_cha20 'Intel SkylakeX CHA20 uncore' having 99 events, 4 counters (4 general, 0 fixed)
I: 23-04-13 16:23:47 pmu: found skx_unc_cha21 'Intel SkylakeX CHA21 uncore' having 99 events, 4 counters (4 general, 0 fixed)
I: 23-04-13 16:23:47 pmu: found skx_unc_cha22 'Intel SkylakeX CHA22 uncore' having 99 events, 4 counters (4 general, 0 fixed)
I: 23-04-13 16:23:47 pmu: found skx_unc_cha23 'Intel SkylakeX CHA23 uncore' having 99 events, 4 counters (4 general, 0 fixed)
I: 23-04-13 16:23:47 pmu: found skx_unc_iio0 'Intel SkylakeX IIO0 uncore' having 16 events, 4 counters (4 general, 0 fixed)
I: 23-04-13 16:23:47 pmu: found skx_unc_iio1 'Intel SkylakeX IIO1 uncore' having 16 events, 4 counters (4 general, 0 fixed)
I: 23-04-13 16:23:47 pmu: found skx_unc_iio2 'Intel SkylakeX IIO2 uncore' having 16 events, 4 counters (4 general, 0 fixed)
I: 23-04-13 16:23:47 pmu: found skx_unc_iio3 'Intel SkylakeX IIO3 uncore' having 16 events, 4 counters (4 general, 0 fixed)
I: 23-04-13 16:23:47 pmu: found skx_unc_iio4 'Intel SkylakeX IIO4 uncore' having 16 events, 4 counters (4 general, 0 fixed)
I: 23-04-13 16:23:47 pmu: found skx_unc_iio5 'Intel SkylakeX IIO5 uncore' having 16 events, 4 counters (4 general, 0 fixed)
I: 23-04-13 16:23:47 pmu: found skx_unc_imc0 'Intel SkylakeX IMC0 uncore' having 46 events, 5 counters (4 general, 1 fixed)
I: 23-04-13 16:23:47 pmu: found skx_unc_imc1 'Intel SkylakeX IMC1 uncore' having 46 events, 5 counters (4 general, 1 fixed)
I: 23-04-13 16:23:47 pmu: found skx_unc_imc2 'Intel SkylakeX IMC2 uncore' having 46 events, 5 counters (4 general, 1 fixed)
I: 23-04-13 16:23:47 pmu: found skx_unc_imc3 'Intel SkylakeX IMC3 uncore' having 46 events, 5 counters (4 general, 1 fixed)
I: 23-04-13 16:23:47 pmu: found skx_unc_imc4 'Intel SkylakeX IMC4 uncore' having 46 events, 5 counters (4 general, 1 fixed)
I: 23-04-13 16:23:47 pmu: found skx_unc_imc5 'Intel SkylakeX IMC5 uncore' having 46 events, 5 counters (4 general, 1 fixed)
I: 23-04-13 16:23:47 pmu: found skx_unc_m2m0 'Intel SkylakeX M2M0 uncore' having 121 events, 4 counters (4 general, 0 fixed)
I: 23-04-13 16:23:47 pmu: found skx_unc_m2m1 'Intel SkylakeX M2M1 uncore' having 121 events, 4 counters (4 general, 0 fixed)
I: 23-04-13 16:23:47 pmu: found skx_unc_m3upi0 'Intel SkylakeX M3UPI0 uncore' having 111 events, 4 counters (4 general, 0 fixed)
I: 23-04-13 16:23:47 pmu: found skx_unc_m3upi1 'Intel SkylakeX M3UPI1 uncore' having 111 events, 4 counters (4 general, 0 fixed)
I: 23-04-13 16:23:47 pmu: found skx_unc_m3upi2 'Intel SkylakeX M3UPI2 uncore' having 111 events, 4 counters (4 general, 0 fixed)
I: 23-04-13 16:23:47 pmu: found skx_unc_pcu 'Intel SkylakeX PCU uncore' having 29 events, 4 counters (4 general, 0 fixed)
I: 23-04-13 16:23:47 pmu: found skx_unc_ubo 'Intel SkylakeX U-Box uncore' having 5 events, 3 counters (2 general, 1 fixed)
I: 23-04-13 16:23:47 pmu: found skx_unc_upi0 'Intel SkylakeX UPI0 uncore' having 34 events, 4 counters (4 general, 0 fixed)
I: 23-04-13 16:23:47 pmu: found skx_unc_upi1 'Intel SkylakeX UPI1 uncore' having 34 events, 4 counters (4 general, 0 fixed)
I: 23-04-13 16:23:47 pmu: found skx_unc_upi2 'Intel SkylakeX UPI2 uncore' having 34 events, 4 counters (4 general, 0 fixed)
I: 23-04-13 16:23:47 hwinfo: cpu38 is offline and will be ignored
I: 23-04-13 16:23:47 hwinfo: cpu28 is offline and will be ignored
I: 23-04-13 16:23:47 hwinfo: cpu46 is offline and will be ignored
I: 23-04-13 16:23:47 hwinfo: cpu36 is offline and will be ignored
I: 23-04-13 16:23:47 hwinfo: cpu26 is offline and will be ignored
I: 23-04-13 16:23:47 hwinfo: cpu44 is offline and will be ignored
I: 23-04-13 16:23:47 hwinfo: cpu34 is offline and will be ignored
I: 23-04-13 16:23:47 hwinfo: cpu24 is offline and will be ignored
I: 23-04-13 16:23:47 hwinfo: cpu42 is offline and will be ignored
I: 23-04-13 16:23:47 hwinfo: cpu32 is offline and will be ignored
I: 23-04-13 16:23:47 hwinfo: cpu40 is offline and will be ignored
I: 23-04-13 16:23:47 hwinfo: cpu30 is offline and will be ignored
I: 23-04-13 16:23:47 hwinfo: cpu39 is offline and will be ignored
I: 23-04-13 16:23:47 hwinfo: cpu29 is offline and will be ignored
I: 23-04-13 16:23:47 hwinfo: cpu47 is offline and will be ignored
I: 23-04-13 16:23:47 hwinfo: cpu37 is offline and will be ignored
I: 23-04-13 16:23:47 hwinfo: cpu27 is offline and will be ignored
I: 23-04-13 16:23:47 hwinfo: cpu45 is offline and will be ignored
I: 23-04-13 16:23:47 hwinfo: cpu35 is offline and will be ignored
I: 23-04-13 16:23:47 hwinfo: cpu25 is offline and will be ignored
I: 23-04-13 16:23:47 hwinfo: cpu43 is offline and will be ignored
I: 23-04-13 16:23:47 hwinfo: cpu33 is offline and will be ignored
I: 23-04-13 16:23:47 hwinfo: cpu41 is offline and will be ignored
I: 23-04-13 16:23:47 hwinfo: cpu31 is offline and will be ignored
I: 23-04-13 16:23:47 sensor: configuration is valid, starting monitoring...
I: 23-04-13 16:23:47 perf<all>: monitoring actor started
I: 23-04-13 16:23:47 perf</default>: monitoring actor started
I: 23-04-13 16:24:54 perf</pyaes-0-0.0.1-13D8345D-BE8C-B31B-B456-B84BF32B94A7>: monitoring actor started
I: 23-04-13 16:24:55 perf</image_processing-0-0.0.1-97A0D89A-8C71-16A0-A460-C2C9721C7924>: monitoring actor started
I: 23-04-13 16:24:55 perf</pyaes-0-0.0.1-1B4B34C0-0AE4-88CC-2BC4-72AFF69E9D45>: monitoring actor started
I: 23-04-13 16:24:55 perf</video_processing-0-0.0.1-35D8791D-A4FC-4D17-7A1C-8BF5E737780B>: monitoring actor started
I: 23-04-13 16:24:56 perf</video_processing-0-0.0.1-1C675804-3982-9A49-5C95-3D51E9DFD9D6>: monitoring actor started
I: 23-04-13 16:24:56 perf</pyaes-0-0.0.1-7A88FEAD-53E5-1AEE-472D-5739C9661F99>: monitoring actor started
I: 23-04-13 16:24:57 perf</float_operation-0-0.0.1-36363D6A-D067-A9F6-CEB5-3C94A54CE538>: monitoring actor started
I: 23-04-13 16:24:57 perf</pyaes-0-0.0.1-62081CBC-D5C4-F4AD-CD1A-63BF263CCC8F>: monitoring actor started
I: 23-04-13 16:24:57 perf</float_operation-0-0.0.1-E284A824-2948-8A72-7BAF-FE0397678B7A>: monitoring actor started
I: 23-04-13 16:24:58 perf</video_processing-0-0.0.1-0EE33107-8497-BAA7-8F12-2C8C6710EC57>: monitoring actor started
I: 23-04-13 16:24:58 perf</pyaes-0-0.0.1-B94600EF-17C7-A641-4551-C0E6A12D8A9F>: monitoring actor started
I: 23-04-13 16:24:59 perf</image_processing-0-0.0.1-78859BE6-4D29-BB32-4629-6A8DF1CC348C>: monitoring actor started
I: 23-04-13 16:24:59 perf</image_processing-0-0.0.1-A25BB08C-B6B4-FF27-2019-80EA1DDC21FA>: monitoring actor started
I: 23-04-13 16:24:59 perf</image_processing-0-0.0.1-34E43979-9B91-299D-C5D8-215C985CE5A9>: monitoring actor started
I: 23-04-13 16:25:00 perf</image_processing-0-0.0.1-263739E3-F94D-5165-62B0-011DAE1CBA66>: monitoring actor started
I: 23-04-13 16:25:00 perf</float_operation-0-0.0.1-A1525A25-61EF-C5EF-FE6D-6B8DDCC4C1F9>: monitoring actor started
I: 23-04-13 16:25:01 perf</float_operation-0-0.0.1-921246A4-7C65-A6A8-8B5F-F7CBD7E4772C>: monitoring actor started
I: 23-04-13 16:25:02 perf</video_processing-0-0.0.1-7E285AE2-CC50-854E-662E-5366D29DE9B9>: monitoring actor started
I: 23-04-13 16:26:16 perf</video_processing-0-0.0.1-A37A8702-DAC6-9C5A-701A-F1F9F8A59D38>: monitoring actor started
I: 23-04-13 16:26:19 perf</video_processing-0-0.0.1-7736D493-07DB-72CA-69D0-1DC3DC473545>: monitoring actor started
I: 23-04-13 16:26:21 perf</video_processing-0-0.0.1-E56B3420-9A4E-5BFF-101E-5AC7DA3CCC86>: monitoring actor started
I: 23-04-13 16:26:25 perf</video_processing-0-0.0.1-623E1F72-9B0C-D753-B1CA-45D032A65D88>: monitoring actor started
I: 23-04-13 16:27:02 perf</float_operation-0-0.0.1-3E24A3EC-813B-6494-686A-26E7C9BD4A5B>: monitoring actor started
I: 23-04-13 16:31:57 perf</float_operation-0-0.0.1-E284A824-2948-8A72-7BAF-FE0397678B7A>: shutting down actor
I: 23-04-13 16:31:57 perf</pyaes-0-0.0.1-7A88FEAD-53E5-1AEE-472D-5739C9661F99>: shutting down actor
I: 23-04-13 16:31:57 perf</float_operation-0-0.0.1-3E24A3EC-813B-6494-686A-26E7C9BD4A5B>: shutting down actor
I: 23-04-13 16:31:57 perf</video_processing-0-0.0.1-A37A8702-DAC6-9C5A-701A-F1F9F8A59D38>: shutting down actor
I: 23-04-13 16:31:57 perf</float_operation-0-0.0.1-921246A4-7C65-A6A8-8B5F-F7CBD7E4772C>: shutting down actor
I: 23-04-13 16:31:57 perf</image_processing-0-0.0.1-263739E3-F94D-5165-62B0-011DAE1CBA66>: shutting down actor
I: 23-04-13 16:31:57 perf</float_operation-0-0.0.1-36363D6A-D067-A9F6-CEB5-3C94A54CE538>: shutting down actor
I: 23-04-13 16:31:57 perf</video_processing-0-0.0.1-0EE33107-8497-BAA7-8F12-2C8C6710EC57>: shutting down actor
I: 23-04-13 16:31:57 perf</image_processing-0-0.0.1-78859BE6-4D29-BB32-4629-6A8DF1CC348C>: shutting down actor
I: 23-04-13 16:31:57 perf</pyaes-0-0.0.1-13D8345D-BE8C-B31B-B456-B84BF32B94A7>: shutting down actor
I: 23-04-13 16:31:57 perf</video_processing-0-0.0.1-7736D493-07DB-72CA-69D0-1DC3DC473545>: shutting down actor
I: 23-04-13 16:31:57 perf</pyaes-0-0.0.1-1B4B34C0-0AE4-88CC-2BC4-72AFF69E9D45>: shutting down actor
I: 23-04-13 16:31:57 perf</float_operation-0-0.0.1-A1525A25-61EF-C5EF-FE6D-6B8DDCC4C1F9>: shutting down actor
I: 23-04-13 16:31:57 perf</image_processing-0-0.0.1-A25BB08C-B6B4-FF27-2019-80EA1DDC21FA>: shutting down actor
I: 23-04-13 16:31:57 perf</pyaes-0-0.0.1-B94600EF-17C7-A641-4551-C0E6A12D8A9F>: shutting down actor
I: 23-04-13 16:31:57 perf</default>: shutting down actor
I: 23-04-13 16:31:57 perf</video_processing-0-0.0.1-623E1F72-9B0C-D753-B1CA-45D032A65D88>: shutting down actor
I: 23-04-13 16:31:57 perf</video_processing-0-0.0.1-7E285AE2-CC50-854E-662E-5366D29DE9B9>: shutting down actor
I: 23-04-13 16:31:57 perf</video_processing-0-0.0.1-35D8791D-A4FC-4D17-7A1C-8BF5E737780B>: shutting down actor
I: 23-04-13 16:31:57 perf</video_processing-0-0.0.1-1C675804-3982-9A49-5C95-3D51E9DFD9D6>: shutting down actor
I: 23-04-13 16:31:57 perf</image_processing-0-0.0.1-34E43979-9B91-299D-C5D8-215C985CE5A9>: shutting down actor
I: 23-04-13 16:31:57 perf</image_processing-0-0.0.1-97A0D89A-8C71-16A0-A460-C2C9721C7924>: shutting down actor
I: 23-04-13 16:31:57 perf</video_processing-0-0.0.1-E56B3420-9A4E-5BFF-101E-5AC7DA3CCC86>: shutting down actor
I: 23-04-13 16:31:57 perf</pyaes-0-0.0.1-62081CBC-D5C4-F4AD-CD1A-63BF263CCC8F>: shutting down actor
I: 23-04-13 16:31:57 perf<all>: shutting down actor
I: 23-04-13 16:31:57 reporting: bye!
