# started on Fri Apr  7 21:55:44 2023

     1.000018221,17.86,Joules,power/energy-pkg/,1000022201,100.00,,
     2.001102502,17.97,Joules,power/energy-pkg/,1001090276,100.00,,
     3.001844170,20.77,Joules,power/energy-pkg/,1000755491,100.00,,
     4.002947961,17.51,Joules,power/energy-pkg/,1001061328,100.00,,
     5.004010066,21.21,Joules,power/energy-pkg/,1001060364,100.00,,
     6.005094216,17.04,Joules,power/energy-pkg/,1001086493,100.00,,
     7.006197196,18.36,Joules,power/energy-pkg/,1001091715,100.00,,
     8.007274214,20.53,Joules,power/energy-pkg/,1001059972,100.00,,
     9.008021989,19.46,Joules,power/energy-pkg/,1000743402,100.00,,
    10.009125253,15.93,Joules,power/energy-pkg/,1001093514,100.00,,
    11.010221245,15.86,Joules,power/energy-pkg/,1001101773,100.00,,
    12.011349017,17.13,Joules,power/energy-pkg/,1001109211,100.00,,
    13.012021666,18.76,Joules,power/energy-pkg/,1000667099,100.00,,
    14.013146438,16.56,Joules,power/energy-pkg/,1001123843,100.00,,
    15.013548980,16.95,Joules,power/energy-pkg/,1000410822,100.00,,
    16.014677696,14.52,Joules,power/energy-pkg/,1001097469,100.00,,
    17.015797013,17.63,Joules,power/energy-pkg/,1001122006,100.00,,
    18.016022260,14.93,Joules,power/energy-pkg/,1000217388,100.00,,
    19.017119699,17.68,Joules,power/energy-pkg/,1001102143,100.00,,
    20.018253532,16.96,Joules,power/energy-pkg/,1001113165,100.00,,
    21.019350104,20.93,Joules,power/energy-pkg/,1001089776,100.00,,
    22.020101200,18.28,Joules,power/energy-pkg/,1000729609,100.00,,
    23.021172807,19.69,Joules,power/energy-pkg/,1001091554,100.00,,
    24.021616405,15.71,Joules,power/energy-pkg/,1000417765,100.00,,
    25.022698248,17.54,Joules,power/energy-pkg/,1001077305,100.00,,
    26.023778098,18.94,Joules,power/energy-pkg/,1001073623,100.00,,
    27.024022335,21.45,Joules,power/energy-pkg/,1000237483,100.00,,
    28.025119578,16.65,Joules,power/energy-pkg/,1001089453,100.00,,
    29.026227318,17.05,Joules,power/energy-pkg/,1001101120,100.00,,
    30.027313251,18.11,Joules,power/energy-pkg/,1001076464,100.00,,
    31.028016953,16.03,Joules,power/energy-pkg/,1000684825,100.00,,
    32.029088620,19.16,Joules,power/energy-pkg/,1001073602,100.00,,
    33.030190866,19.90,Joules,power/energy-pkg/,1001098397,100.00,,
    34.031266943,19.49,Joules,power/energy-pkg/,1001055187,100.00,,
    35.032022449,18.96,Joules,power/energy-pkg/,1000750246,100.00,,
    36.033117886,16.74,Joules,power/energy-pkg/,1001099347,100.00,,
    37.033799834,13.55,Joules,power/energy-pkg/,1000692118,100.00,,
    38.034922399,17.55,Joules,power/energy-pkg/,1001085605,100.00,,
    39.036007490,18.51,Joules,power/energy-pkg/,1001095100,100.00,,
    40.037096807,18.06,Joules,power/energy-pkg/,1001073302,100.00,,
    41.038218319,18.94,Joules,power/energy-pkg/,1001102980,100.00,,
    42.039287804,21.07,Joules,power/energy-pkg/,1001075653,100.00,,
    43.040032687,17.24,Joules,power/energy-pkg/,1000734469,100.00,,
    44.041110869,19.71,Joules,power/energy-pkg/,1001072935,100.00,,
    45.042007034,18.23,Joules,power/energy-pkg/,1000909635,100.00,,
    46.043117528,17.03,Joules,power/energy-pkg/,1001082762,100.00,,
    47.044038401,15.49,Joules,power/energy-pkg/,1000914071,100.00,,
    48.045149626,19.38,Joules,power/energy-pkg/,1001102442,100.00,,
    49.046229920,17.09,Joules,power/energy-pkg/,1001062473,100.00,,
    50.047329160,16.26,Joules,power/energy-pkg/,1001117406,100.00,,
    51.048043358,16.42,Joules,power/energy-pkg/,1000684609,100.00,,
    52.049128318,16.53,Joules,power/energy-pkg/,1001071516,100.00,,
    53.050204468,13.80,Joules,power/energy-pkg/,1001082035,100.00,,
    54.051308995,13.18,Joules,power/energy-pkg/,1001084462,100.00,,
    55.052152274,15.30,Joules,power/energy-pkg/,1000835053,100.00,,
    56.053220459,16.09,Joules,power/energy-pkg/,1001060306,100.00,,
    57.054286586,17.46,Joules,power/energy-pkg/,1001058065,100.00,,
    58.054678208,12.91,Joules,power/energy-pkg/,1000392574,100.00,,
    59.055765425,15.18,Joules,power/energy-pkg/,1001084286,100.00,,
    60.056048514,14.63,Joules,power/energy-pkg/,1000265221,100.00,,
    61.057123428,15.38,Joules,power/energy-pkg/,1001074763,100.00,,
    62.058223066,15.50,Joules,power/energy-pkg/,1001081579,100.00,,
    63.059286234,13.97,Joules,power/energy-pkg/,1001072696,100.00,,
    64.060045894,12.80,Joules,power/energy-pkg/,1000752030,100.00,,
    65.061145736,17.82,Joules,power/energy-pkg/,1001088602,100.00,,
    66.062223609,16.08,Joules,power/energy-pkg/,1001071420,100.00,,
    67.063328911,19.12,Joules,power/energy-pkg/,1001084123,100.00,,
    68.064023530,15.86,Joules,power/energy-pkg/,1000689286,100.00,,
    69.065115869,15.71,Joules,power/energy-pkg/,1001090184,100.00,,
    70.066219218,14.60,Joules,power/energy-pkg/,1001106336,100.00,,
    71.067349520,16.29,Joules,power/energy-pkg/,1001119311,100.00,,
    72.068034972,18.90,Joules,power/energy-pkg/,1000679552,100.00,,
    73.069130261,17.18,Joules,power/energy-pkg/,1001083771,100.00,,
    74.070288015,13.49,Joules,power/energy-pkg/,1001145276,100.00,,
    75.071413331,17.13,Joules,power/energy-pkg/,1001125461,100.00,,
    76.072035015,15.68,Joules,power/energy-pkg/,1000609510,100.00,,
    77.073125893,19.24,Joules,power/energy-pkg/,1001072177,100.00,,
    78.073252339,18.55,Joules,power/energy-pkg/,1000146859,100.00,,
    79.074319338,16.10,Joules,power/energy-pkg/,1001065691,100.00,,
    80.075444345,18.53,Joules,power/energy-pkg/,1001097285,100.00,,
    81.076026653,18.37,Joules,power/energy-pkg/,1000568927,100.00,,
    82.077107011,20.77,Joules,power/energy-pkg/,1001076506,100.00,,
    83.078184461,20.17,Joules,power/energy-pkg/,1001062079,100.00,,
    84.079282653,20.94,Joules,power/energy-pkg/,1001099281,100.00,,
    85.080037386,20.27,Joules,power/energy-pkg/,1000746496,100.00,,
    86.081118709,19.92,Joules,power/energy-pkg/,1001077511,100.00,,
    87.082195824,18.54,Joules,power/energy-pkg/,1001054844,100.00,,
    88.083279415,14.71,Joules,power/energy-pkg/,1001107708,100.00,,
    89.084059483,17.81,Joules,power/energy-pkg/,1000742171,100.00,,
    90.085163945,17.24,Joules,power/energy-pkg/,1001112864,100.00,,
    91.086264853,20.38,Joules,power/energy-pkg/,1001088648,100.00,,
    92.087357216,18.54,Joules,power/energy-pkg/,1001084426,100.00,,
    93.088047763,19.61,Joules,power/energy-pkg/,1000678471,100.00,,
    94.089128038,20.87,Joules,power/energy-pkg/,1001078783,100.00,,
    95.090226522,17.50,Joules,power/energy-pkg/,1001094316,100.00,,
    96.091338501,18.93,Joules,power/energy-pkg/,1001086752,100.00,,
    97.092040049,18.36,Joules,power/energy-pkg/,1000702863,100.00,,
    98.093143580,19.87,Joules,power/energy-pkg/,1001098619,100.00,,
    99.093521021,18.47,Joules,power/energy-pkg/,1000382001,100.00,,
   100.094025228,16.81,Joules,power/energy-pkg/,1000501564,100.00,,
   101.095130836,17.55,Joules,power/energy-pkg/,1001081582,100.00,,
   102.096032483,19.66,Joules,power/energy-pkg/,1000893737,100.00,,
   103.097107876,16.35,Joules,power/energy-pkg/,1001056651,100.00,,
   104.098180300,20.67,Joules,power/energy-pkg/,1001076899,100.00,,
   105.099099215,17.82,Joules,power/energy-pkg/,1000908897,100.00,,
   106.100030697,15.61,Joules,power/energy-pkg/,1000926068,100.00,,
   107.101128750,18.02,Joules,power/energy-pkg/,1001080730,100.00,,
   108.102210291,19.40,Joules,power/energy-pkg/,1001075265,100.00,,
   109.103296230,17.79,Joules,power/energy-pkg/,1001078112,100.00,,
   110.104057286,14.59,Joules,power/energy-pkg/,1000751931,100.00,,
   111.105158438,18.35,Joules,power/energy-pkg/,1001102962,100.00,,
   112.106248033,20.56,Joules,power/energy-pkg/,1001083455,100.00,,
   113.107320501,20.02,Joules,power/energy-pkg/,1001051509,100.00,,
   114.108036089,19.58,Joules,power/energy-pkg/,1000723769,100.00,,
   115.109136466,19.66,Joules,power/energy-pkg/,1001091301,100.00,,
   116.110232707,19.23,Joules,power/energy-pkg/,1001084289,100.00,,
   117.111319741,17.96,Joules,power/energy-pkg/,1001082184,100.00,,
   118.112020266,20.20,Joules,power/energy-pkg/,1000679526,100.00,,
   119.113096394,20.67,Joules,power/energy-pkg/,1001080000,100.00,,
   120.114184781,19.33,Joules,power/energy-pkg/,1001088606,100.00,,
   121.115314041,13.78,Joules,power/energy-pkg/,1001117531,100.00,,
   122.116032429,12.09,Joules,power/energy-pkg/,1000711088,100.00,,
   123.117139462,12.90,Joules,power/energy-pkg/,1001098081,100.00,,
   124.118237049,14.72,Joules,power/energy-pkg/,1001088547,100.00,,
   125.119320877,15.62,Joules,power/energy-pkg/,1001069171,100.00,,
   126.120019151,15.43,Joules,power/energy-pkg/,1000688601,100.00,,
   127.121112411,15.18,Joules,power/energy-pkg/,1001084187,100.00,,
   128.122207815,13.90,Joules,power/energy-pkg/,1001106843,100.00,,
   129.123349676,14.98,Joules,power/energy-pkg/,1001120808,100.00,,
   130.124031950,13.93,Joules,power/energy-pkg/,1000679075,100.00,,
   131.124565087,15.97,Joules,power/energy-pkg/,1000547354,100.00,,
   132.125681140,14.80,Joules,power/energy-pkg/,1001087945,100.00,,
   133.126778379,13.23,Joules,power/energy-pkg/,1001081234,100.00,,
   134.127875808,15.17,Joules,power/energy-pkg/,1001098952,100.00,,
   135.128018526,12.94,Joules,power/energy-pkg/,1000122671,100.00,,
   136.129100963,14.73,Joules,power/energy-pkg/,1001086498,100.00,,
   137.130189892,15.69,Joules,power/energy-pkg/,1001085109,100.00,,
   138.131302087,13.43,Joules,power/energy-pkg/,1001101209,100.00,,
   139.132027221,20.52,Joules,power/energy-pkg/,1000717089,100.00,,
   140.133117329,19.13,Joules,power/energy-pkg/,1001083668,100.00,,
   141.134230349,17.82,Joules,power/energy-pkg/,1001108041,100.00,,
   142.135318327,17.22,Joules,power/energy-pkg/,1001064667,100.00,,
   143.136042310,17.44,Joules,power/energy-pkg/,1000724340,100.00,,
   144.137130882,17.37,Joules,power/energy-pkg/,1001085607,100.00,,
   145.137689836,14.73,Joules,power/energy-pkg/,1000569233,100.00,,
   146.138861885,16.01,Joules,power/energy-pkg/,1001146985,100.00,,
   147.139947792,17.26,Joules,power/energy-pkg/,1001076141,100.00,,
   148.141025812,19.66,Joules,power/energy-pkg/,1001058598,100.00,,
   149.141636447,18.63,Joules,power/energy-pkg/,1000649624,100.00,,
   150.142007165,14.88,Joules,power/energy-pkg/,1000362038,100.00,,
   151.143186588,21.31,Joules,power/energy-pkg/,1001138619,100.00,,
   152.144038838,18.70,Joules,power/energy-pkg/,1000841566,100.00,,
   153.145127700,20.28,Joules,power/energy-pkg/,1001073172,100.00,,
   154.146212764,16.89,Joules,power/energy-pkg/,1001079493,100.00,,
   155.147324036,20.04,Joules,power/energy-pkg/,1001123468,100.00,,
   156.148034563,19.22,Joules,power/energy-pkg/,1000691651,100.00,,
   157.149119035,20.64,Joules,power/energy-pkg/,1001076581,100.00,,
   158.150198434,20.71,Joules,power/energy-pkg/,1001072640,100.00,,
   159.151285447,19.30,Joules,power/energy-pkg/,1001070824,100.00,,
   160.152042705,21.09,Joules,power/energy-pkg/,1000762572,100.00,,
   161.153174057,17.85,Joules,power/energy-pkg/,1001119325,100.00,,
   162.154258378,19.45,Joules,power/energy-pkg/,1001078379,100.00,,
   163.155349198,20.38,Joules,power/energy-pkg/,1001069024,100.00,,
   164.156308741,16.49,Joules,power/energy-pkg/,1000971639,100.00,,
   165.157414416,15.46,Joules,power/energy-pkg/,1001085120,100.00,,
   166.157542994,18.13,Joules,power/energy-pkg/,1000135395,100.00,,
   167.158662812,15.57,Joules,power/energy-pkg/,1001101598,100.00,,
   168.159749534,19.69,Joules,power/energy-pkg/,1001078889,100.00,,
   169.160049870,21.51,Joules,power/energy-pkg/,1000289208,100.00,,
   170.161046527,19.92,Joules,power/energy-pkg/,1001004011,100.00,,
   171.162149179,20.49,Joules,power/energy-pkg/,1001077385,100.00,,
   172.163232376,20.23,Joules,power/energy-pkg/,1001077117,100.00,,
   173.164038589,19.83,Joules,power/energy-pkg/,1000804431,100.00,,
   174.165120197,20.88,Joules,power/energy-pkg/,1001060137,100.00,,
   175.166189529,21.17,Joules,power/energy-pkg/,1001075676,100.00,,
   176.167287085,21.01,Joules,power/energy-pkg/,1001090471,100.00,,
   177.168017734,20.86,Joules,power/energy-pkg/,1000708442,100.00,,
   178.168683732,13.90,Joules,power/energy-pkg/,1000686805,100.00,,
   179.169786101,18.66,Joules,power/energy-pkg/,1001066801,100.00,,
   180.170869598,16.61,Joules,power/energy-pkg/,1001083265,100.00,,
   181.171966728,16.01,Joules,power/energy-pkg/,1001084725,100.00,,
   182.173081880,18.33,Joules,power/energy-pkg/,1001119404,100.00,,
   183.174175061,19.28,Joules,power/energy-pkg/,1001085367,100.00,,
   184.175260113,20.13,Joules,power/energy-pkg/,1001073282,100.00,,
   185.176134582,17.91,Joules,power/energy-pkg/,1000862673,100.00,,
   186.177212327,16.03,Joules,power/energy-pkg/,1001076374,100.00,,
   187.178307780,17.32,Joules,power/energy-pkg/,1001088116,100.00,,
   188.179384011,19.63,Joules,power/energy-pkg/,1001058248,100.00,,
   189.180032088,19.25,Joules,power/energy-pkg/,1000650552,100.00,,
   190.180515045,13.65,Joules,power/energy-pkg/,1000480425,100.00,,
   191.181614983,16.70,Joules,power/energy-pkg/,1001086241,100.00,,
   192.182694630,21.70,Joules,power/energy-pkg/,1001058536,100.00,,
   193.183754725,20.58,Joules,power/energy-pkg/,1001062627,100.00,,
   194.184046037,18.89,Joules,power/energy-pkg/,1000280416,100.00,,
   195.185117242,17.76,Joules,power/energy-pkg/,1001057792,100.00,,
   196.186195084,21.62,Joules,power/energy-pkg/,1001080917,100.00,,
   197.187275111,20.21,Joules,power/energy-pkg/,1001066160,100.00,,
   198.188033355,15.47,Joules,power/energy-pkg/,1000758618,100.00,,
   199.189151918,14.82,Joules,power/energy-pkg/,1001110405,100.00,,
   200.190233831,15.02,Joules,power/energy-pkg/,1001060901,100.00,,
   201.191300569,15.68,Joules,power/energy-pkg/,1001070291,100.00,,
   202.192052877,12.51,Joules,power/energy-pkg/,1000750976,100.00,,
   203.193156053,17.42,Joules,power/energy-pkg/,1001079520,100.00,,
   204.194246462,19.34,Joules,power/energy-pkg/,1001094819,100.00,,
   205.195375263,18.82,Joules,power/energy-pkg/,1001116480,100.00,,
   206.196043052,19.52,Joules,power/energy-pkg/,1000670300,100.00,,
   207.197167160,17.16,Joules,power/energy-pkg/,1001099537,100.00,,
   208.197547116,16.20,Joules,power/energy-pkg/,1000564501,100.00,,
   209.198821330,16.40,Joules,power/energy-pkg/,1001085871,100.00,,
   210.199952468,14.29,Joules,power/energy-pkg/,1001115434,100.00,,
   211.201084833,13.59,Joules,power/energy-pkg/,1001127400,100.00,,
   212.202175724,15.32,Joules,power/energy-pkg/,1001083124,100.00,,
   213.203306606,15.55,Joules,power/energy-pkg/,1001119223,100.00,,
   214.204030407,13.99,Joules,power/energy-pkg/,1000726629,100.00,,
   215.205168713,14.44,Joules,power/energy-pkg/,1001115902,100.00,,
   216.206244757,13.04,Joules,power/energy-pkg/,1001067178,100.00,,
   217.207341222,17.76,Joules,power/energy-pkg/,1001091081,100.00,,
   218.208023648,13.34,Joules,power/energy-pkg/,1000677573,100.00,,
   219.209141449,14.94,Joules,power/energy-pkg/,1001118193,100.00,,
   220.210235066,13.90,Joules,power/energy-pkg/,1001085009,100.00,,
   221.211361156,14.42,Joules,power/energy-pkg/,1001118265,100.00,,
   222.212045099,13.97,Joules,power/energy-pkg/,1000674682,100.00,,
   223.213176235,14.63,Joules,power/energy-pkg/,1001129296,100.00,,
   224.214271875,13.30,Joules,power/energy-pkg/,1001074185,100.00,,
   225.215373773,15.02,Joules,power/energy-pkg/,1001101627,100.00,,
   226.216020962,15.23,Joules,power/energy-pkg/,1000630981,100.00,,
   227.217110530,15.07,Joules,power/energy-pkg/,1001092136,100.00,,
   228.218190975,16.69,Joules,power/energy-pkg/,1001060661,100.00,,
   229.219270933,15.03,Joules,power/energy-pkg/,1001070738,100.00,,
   230.220018398,15.41,Joules,power/energy-pkg/,1000738705,100.00,,
   231.221077966,15.96,Joules,power/energy-pkg/,1001053953,100.00,,
   232.222162618,15.19,Joules,power/energy-pkg/,1001087657,100.00,,
   233.223237430,15.79,Joules,power/energy-pkg/,1001082704,100.00,,
