# started on Fri Sep  8 17:31:10 2023

     1.001125897,4.59,Joules,power/energy-pkg/,1001154428,100.00,,
     2.002446249,4.67,Joules,power/energy-pkg/,1001321480,100.00,,
     3.003711239,5.07,Joules,power/energy-pkg/,1001266542,100.00,,
     4.004994315,4.06,Joules,power/energy-pkg/,1001269643,100.00,,
     5.006240290,7.52,Joules,power/energy-pkg/,1001259428,100.00,,
     6.007532903,5.58,Joules,power/energy-pkg/,1001294271,100.00,,
     7.008843816,4.55,Joules,power/energy-pkg/,1001311022,100.00,,
     8.009362333,4.34,Joules,power/energy-pkg/,1000516817,100.00,,
     9.010675266,4.36,Joules,power/energy-pkg/,1001314520,100.00,,
    10.011976319,3.84,Joules,power/energy-pkg/,1001299848,100.00,,
    11.013299109,4.24,Joules,power/energy-pkg/,1001322283,100.00,,
    12.025366843,4.61,Joules,power/energy-pkg/,1012066577,100.00,,
    13.026692757,4.02,Joules,power/energy-pkg/,1001329447,100.00,,
    14.028068721,4.68,Joules,power/energy-pkg/,1001377204,100.00,,
    15.029423775,4.19,Joules,power/energy-pkg/,1001356599,100.00,,
    16.030764763,3.66,Joules,power/energy-pkg/,1001336128,100.00,,
    17.032121853,4.10,Joules,power/energy-pkg/,1001361803,100.00,,
    18.033380451,4.56,Joules,power/energy-pkg/,1001255048,100.00,,
    19.034757689,3.95,Joules,power/energy-pkg/,1001371995,100.00,,
    20.036100614,4.25,Joules,power/energy-pkg/,1001344260,100.00,,
    21.037416098,4.17,Joules,power/energy-pkg/,1001311105,100.00,,
    22.038707067,4.22,Joules,power/energy-pkg/,1001291858,100.00,,
    23.040145025,4.34,Joules,power/energy-pkg/,1001447242,100.00,,
    24.041526822,4.30,Joules,power/energy-pkg/,1001371073,100.00,,
    25.042797077,3.83,Joules,power/energy-pkg/,1001276167,100.00,,
    26.044170679,4.19,Joules,power/energy-pkg/,1001374400,100.00,,
    27.045616065,4.73,Joules,power/energy-pkg/,1001449080,100.00,,
    28.046996322,3.74,Joules,power/energy-pkg/,1001375397,100.00,,
    29.048346644,4.17,Joules,power/energy-pkg/,1001346155,100.00,,
    30.049362900,4.05,Joules,power/energy-pkg/,1001016779,100.00,,
    31.050691859,3.79,Joules,power/energy-pkg/,1001329495,100.00,,
    32.052001403,4.31,Joules,power/energy-pkg/,1001308997,100.00,,
    33.053345274,4.17,Joules,power/energy-pkg/,1001348603,100.00,,
    34.053948363,3.76,Joules,power/energy-pkg/,1000657889,100.00,,
    35.055506707,4.16,Joules,power/energy-pkg/,1001505061,100.00,,
    36.056884068,4.14,Joules,power/energy-pkg/,1001373695,100.00,,
    37.057360015,4.24,Joules,power/energy-pkg/,1000474903,100.00,,
    38.058722619,4.83,Joules,power/energy-pkg/,1001360824,100.00,,
    39.060212971,4.29,Joules,power/energy-pkg/,1001491398,100.00,,
    40.060805723,3.74,Joules,power/energy-pkg/,1000699743,100.00,,
    41.062306111,4.17,Joules,power/energy-pkg/,1001388412,100.00,,
    42.063634421,4.40,Joules,power/energy-pkg/,1001325063,100.00,,
    43.064954834,3.76,Joules,power/energy-pkg/,1001327987,100.00,,
    44.066313806,4.43,Joules,power/energy-pkg/,1001360865,100.00,,
    45.067663965,4.06,Joules,power/energy-pkg/,1001341572,100.00,,
    46.069106346,3.76,Joules,power/energy-pkg/,1001451284,100.00,,
    47.070595522,4.16,Joules,power/energy-pkg/,1001487899,100.00,,
    48.071985602,4.35,Joules,power/energy-pkg/,1001383055,100.00,,
    49.073426882,3.80,Joules,power/energy-pkg/,1001448388,100.00,,
    50.074843115,4.13,Joules,power/energy-pkg/,1001415226,100.00,,
    51.076200808,5.05,Joules,power/energy-pkg/,1001352090,100.00,,
    52.077518151,7.01,Joules,power/energy-pkg/,1001322611,100.00,,
    53.078916778,6.59,Joules,power/energy-pkg/,1001395066,100.00,,
    54.079324525,6.50,Joules,power/energy-pkg/,1000442786,100.00,,
    55.080673924,6.51,Joules,power/energy-pkg/,1001314863,100.00,,
    56.081356469,5.15,Joules,power/energy-pkg/,1000680565,100.00,,
    57.082710545,4.29,Joules,power/energy-pkg/,1001351115,100.00,,
    58.083921191,3.99,Joules,power/energy-pkg/,1001212888,100.00,,
    59.085310397,4.25,Joules,power/energy-pkg/,1001388267,100.00,,
    60.086740230,4.38,Joules,power/energy-pkg/,1001433496,100.00,,
    61.088117762,4.24,Joules,power/energy-pkg/,1001372770,100.00,,
    62.089361905,4.50,Joules,power/energy-pkg/,1001244914,100.00,,
    63.090808771,4.06,Joules,power/energy-pkg/,1001449909,100.00,,
    64.092311010,4.19,Joules,power/energy-pkg/,1001502308,100.00,,
    65.093384009,4.88,Joules,power/energy-pkg/,1001067638,100.00,,
    66.094683186,3.83,Joules,power/energy-pkg/,1001304278,100.00,,
    67.096190993,4.37,Joules,power/energy-pkg/,1001507126,100.00,,
    68.097255282,7.03,Joules,power/energy-pkg/,1001049374,100.00,,
    69.098572050,10.69,Joules,power/energy-pkg/,1001330919,100.00,,
    70.099837846,25.27,Joules,power/energy-pkg/,1001249090,100.00,,
    71.100934626,60.57,Joules,power/energy-pkg/,1001092085,100.00,,
    72.101341742,49.43,Joules,power/energy-pkg/,1000425108,100.00,,
    73.102560434,20.96,Joules,power/energy-pkg/,1001209997,100.00,,
    74.103715095,62.64,Joules,power/energy-pkg/,1001157829,100.00,,
    75.113753552,71.26,Joules,power/energy-pkg/,1012911297,100.00,,
    76.123256187,67.65,Joules,power/energy-pkg/,1006622875,100.00,,
    77.124512464,67.87,Joules,power/energy-pkg/,1001241204,100.00,,
    78.125257589,65.75,Joules,power/energy-pkg/,1000750237,100.00,,
    79.126408272,54.42,Joules,power/energy-pkg/,1001160855,100.00,,
    80.127541361,31.15,Joules,power/energy-pkg/,1001129728,100.00,,
    81.128744769,29.21,Joules,power/energy-pkg/,1001208870,100.00,,
    82.132564994,52.68,Joules,power/energy-pkg/,1004503045,100.00,,
    83.134366118,71.96,Joules,power/energy-pkg/,1001099059,100.00,,
    84.135465196,59.01,Joules,power/energy-pkg/,1001111599,100.00,,
    85.136642507,47.22,Joules,power/energy-pkg/,1001173355,100.00,,
    86.137245506,54.95,Joules,power/energy-pkg/,1000592060,100.00,,
    87.140166170,72.95,Joules,power/energy-pkg/,1004038708,100.00,,
    88.142442738,71.76,Joules,power/energy-pkg/,1001158466,100.00,,
    89.143612872,53.20,Joules,power/energy-pkg/,1001176378,100.00,,
    90.144776888,44.30,Joules,power/energy-pkg/,1001163483,100.00,,
    91.145282948,38.68,Joules,power/energy-pkg/,1000503264,100.00,,
    92.146450827,26.23,Joules,power/energy-pkg/,1001202193,100.00,,
    93.147614435,49.53,Joules,power/energy-pkg/,1001128256,100.00,,
    94.148739505,59.92,Joules,power/energy-pkg/,1001123868,100.00,,
    95.149246720,59.20,Joules,power/energy-pkg/,1000503144,100.00,,
    96.150413211,52.16,Joules,power/energy-pkg/,1001168755,100.00,,
    97.151576407,12.78,Joules,power/energy-pkg/,1001185051,100.00,,
    98.152872040,46.21,Joules,power/energy-pkg/,1001317137,100.00,,
    99.153262550,58.56,Joules,power/energy-pkg/,1000359925,100.00,,
   100.153888746,42.17,Joules,power/energy-pkg/,1000636586,100.00,,
   101.155038182,39.35,Joules,power/energy-pkg/,1001120585,100.00,,
   102.156204665,20.94,Joules,power/energy-pkg/,1001168198,100.00,,
   103.157284869,52.75,Joules,power/energy-pkg/,1001158641,100.00,,
   104.158675832,56.42,Joules,power/energy-pkg/,1001313434,100.00,,
   105.159752632,56.92,Joules,power/energy-pkg/,1001074730,100.00,,
   106.160854114,53.20,Joules,power/energy-pkg/,1001099447,100.00,,
   107.161248186,61.10,Joules,power/energy-pkg/,1000394984,100.00,,
   108.162362914,56.92,Joules,power/energy-pkg/,1001114390,100.00,,
   109.163476528,47.39,Joules,power/energy-pkg/,1001158543,100.00,,
   110.164742351,29.41,Joules,power/energy-pkg/,1001242593,100.00,,
   111.165274361,14.28,Joules,power/energy-pkg/,1000512392,100.00,,
   112.166371044,50.18,Joules,power/energy-pkg/,1001102799,100.00,,
   113.167629921,54.56,Joules,power/energy-pkg/,1001265632,100.00,,
   114.168734227,51.34,Joules,power/energy-pkg/,1001135447,100.00,,
   115.169262571,57.51,Joules,power/energy-pkg/,1004471845,100.00,,
   116.174355043,42.84,Joules,power/energy-pkg/,1001102532,100.00,,
   117.177585397,39.09,Joules,power/energy-pkg/,1003226111,100.00,,
   118.181251326,46.80,Joules,power/energy-pkg/,1003680701,100.00,,
   119.182480660,61.40,Joules,power/energy-pkg/,1001234918,100.00,,
   120.183664158,48.19,Joules,power/energy-pkg/,1001167327,100.00,,
   121.185052771,46.54,Joules,power/energy-pkg/,1001389376,100.00,,
   122.186249390,53.41,Joules,power/energy-pkg/,1001215532,100.00,,
   123.187407229,32.02,Joules,power/energy-pkg/,1001185005,100.00,,
   124.188634776,63.30,Joules,power/energy-pkg/,1001172548,100.00,,
   125.189335726,59.22,Joules,power/energy-pkg/,1000699723,100.00,,
   126.190430801,59.31,Joules,power/energy-pkg/,1001148902,100.00,,
   127.191679257,59.70,Joules,power/energy-pkg/,1001194133,100.00,,
   128.192765305,51.02,Joules,power/energy-pkg/,1001088409,100.00,,
   129.193345818,42.37,Joules,power/energy-pkg/,1000576356,100.00,,
   130.194436409,34.92,Joules,power/energy-pkg/,1001137342,100.00,,
   131.195689121,57.15,Joules,power/energy-pkg/,1001213494,100.00,,
   132.195879689,35.16,Joules,power/energy-pkg/,1000232577,100.00,,
   133.197082428,32.84,Joules,power/energy-pkg/,1001174685,100.00,,
   134.197341546,36.96,Joules,power/energy-pkg/,1000243515,100.00,,
   135.198465499,23.64,Joules,power/energy-pkg/,1001128175,100.00,,
   136.199600554,42.58,Joules,power/energy-pkg/,1001153634,100.00,,
   137.200759816,71.69,Joules,power/energy-pkg/,1001144773,100.00,,
   138.201252950,74.13,Joules,power/energy-pkg/,1000512385,100.00,,
   139.202456700,61.43,Joules,power/energy-pkg/,1001173961,100.00,,
   140.203687111,44.74,Joules,power/energy-pkg/,1001224060,100.00,,
   141.205256375,35.29,Joules,power/energy-pkg/,1001579404,100.00,,
   142.206501066,56.15,Joules,power/energy-pkg/,1001254660,100.00,,
   143.207632627,39.24,Joules,power/energy-pkg/,1001135999,100.00,,
   144.208987210,60.11,Joules,power/energy-pkg/,1001394510,100.00,,
   145.210407581,65.30,Joules,power/energy-pkg/,1001367737,100.00,,
   146.211519017,68.35,Joules,power/energy-pkg/,1001096637,100.00,,
   147.212643470,61.27,Joules,power/energy-pkg/,1001245809,100.00,,
   148.213248636,62.77,Joules,power/energy-pkg/,1000497042,100.00,,
   149.215928877,64.27,Joules,power/energy-pkg/,1002692142,100.00,,
   150.219936245,66.94,Joules,power/energy-pkg/,1003992870,100.00,,
   151.221136065,60.41,Joules,power/energy-pkg/,1001269066,100.00,,
   152.222517570,54.64,Joules,power/energy-pkg/,1001336276,100.00,,
   153.223663381,56.25,Joules,power/energy-pkg/,1001108761,100.00,,
   154.224782577,61.53,Joules,power/energy-pkg/,1001159530,100.00,,
   155.232133838,35.87,Joules,power/energy-pkg/,1007312267,100.00,,
   156.233339858,45.98,Joules,power/energy-pkg/,1001213732,100.00,,
   157.234543644,43.31,Joules,power/energy-pkg/,1001201018,100.00,,
   158.235750054,42.46,Joules,power/energy-pkg/,1001228350,100.00,,
   159.236969992,43.77,Joules,power/energy-pkg/,1001186420,100.00,,
   160.237320850,14.55,Joules,power/energy-pkg/,1000371826,100.00,,
   161.238489811,39.98,Joules,power/energy-pkg/,1001151345,100.00,,
   162.239581534,52.71,Joules,power/energy-pkg/,1001106973,100.00,,
   163.240821097,56.20,Joules,power/energy-pkg/,1001236528,100.00,,
   164.241338782,57.35,Joules,power/energy-pkg/,1000498903,100.00,,
   165.242457990,29.48,Joules,power/energy-pkg/,1001117106,100.00,,
   166.243616920,28.28,Joules,power/energy-pkg/,1001164843,100.00,,
   167.244797473,31.28,Joules,power/energy-pkg/,1001181451,100.00,,
   168.245261519,56.61,Joules,power/energy-pkg/,1000487208,100.00,,
   169.246497092,64.55,Joules,power/energy-pkg/,1001230356,100.00,,
   170.247727136,35.07,Joules,power/energy-pkg/,1001225021,100.00,,
   171.249034438,34.90,Joules,power/energy-pkg/,1001290429,100.00,,
   172.249250819,51.37,Joules,power/energy-pkg/,1000212376,100.00,,
   173.250427864,61.97,Joules,power/energy-pkg/,1001180458,100.00,,
   174.251586546,56.60,Joules,power/energy-pkg/,1001190766,100.00,,
   175.252854468,45.29,Joules,power/energy-pkg/,1001251832,100.00,,
   176.253244672,26.65,Joules,power/energy-pkg/,1000365613,100.00,,
   177.254348162,65.59,Joules,power/energy-pkg/,1001106903,100.00,,
   178.255497211,75.76,Joules,power/energy-pkg/,1001178108,100.00,,
   179.256852036,56.68,Joules,power/energy-pkg/,1001356857,100.00,,
   180.260033411,46.33,Joules,power/energy-pkg/,1003172099,100.00,,
   181.261222880,71.44,Joules,power/energy-pkg/,1001180760,100.00,,
   182.262445039,72.35,Joules,power/energy-pkg/,1001244687,100.00,,
   183.263599384,56.44,Joules,power/energy-pkg/,1001113911,100.00,,
   184.264722038,36.26,Joules,power/energy-pkg/,1001137348,100.00,,
   185.265306210,39.32,Joules,power/energy-pkg/,1000587606,100.00,,
   186.266410181,38.74,Joules,power/energy-pkg/,1001110139,100.00,,
   187.267575991,45.36,Joules,power/energy-pkg/,1001170737,100.00,,
   188.268737983,61.89,Joules,power/energy-pkg/,1001192398,100.00,,
   189.269250822,59.75,Joules,power/energy-pkg/,1000467027,100.00,,
   190.270406897,65.13,Joules,power/energy-pkg/,1001185012,100.00,,
   191.271676185,70.75,Joules,power/energy-pkg/,1001232896,100.00,,
   192.272911438,63.53,Joules,power/energy-pkg/,1001227935,100.00,,
   193.274077159,43.09,Joules,power/energy-pkg/,1001164808,100.00,,
   194.275236484,15.31,Joules,power/energy-pkg/,1001155436,100.00,,
   195.276319915,45.44,Joules,power/energy-pkg/,1001109685,100.00,,
   196.277261045,65.62,Joules,power/energy-pkg/,1000946338,100.00,,
   197.278426284,57.58,Joules,power/energy-pkg/,1001147265,100.00,,
   198.279529242,38.09,Joules,power/energy-pkg/,1001084828,100.00,,
   199.280708203,56.37,Joules,power/energy-pkg/,1001233300,100.00,,
   200.281336253,58.29,Joules,power/energy-pkg/,1000595715,100.00,,
   201.282518403,53.86,Joules,power/energy-pkg/,1001159553,100.00,,
   202.283668970,55.25,Joules,power/energy-pkg/,1001149156,100.00,,
   203.284818596,49.36,Joules,power/energy-pkg/,1001156969,100.00,,
   204.285261462,30.49,Joules,power/energy-pkg/,1000453356,100.00,,
   205.286498765,44.11,Joules,power/energy-pkg/,1001225550,100.00,,
   206.287730758,44.49,Joules,power/energy-pkg/,1001228030,100.00,,
   207.288830947,45.53,Joules,power/energy-pkg/,1001095726,100.00,,
   208.289260366,64.67,Joules,power/energy-pkg/,1000482616,100.00,,
   209.290461797,57.35,Joules,power/energy-pkg/,1001147708,100.00,,
   210.291627629,28.08,Joules,power/energy-pkg/,1001170039,100.00,,
   211.292804595,59.17,Joules,power/energy-pkg/,1001173465,100.00,,
   212.293891126,41.40,Joules,power/energy-pkg/,1001082655,100.00,,
   213.295059048,40.19,Joules,power/energy-pkg/,1001172153,100.00,,
   214.296383009,21.23,Joules,power/energy-pkg/,1001345924,100.00,,
   215.297343258,26.77,Joules,power/energy-pkg/,1000954704,100.00,,
   216.298475103,46.92,Joules,power/energy-pkg/,1001107897,100.00,,
   217.298824642,59.17,Joules,power/energy-pkg/,1000372265,100.00,,
   218.299944965,53.92,Joules,power/energy-pkg/,1001096923,100.00,,
   219.301034671,56.56,Joules,power/energy-pkg/,1001094972,100.00,,
   220.301323446,45.47,Joules,power/energy-pkg/,1000285931,100.00,,
   221.304380782,61.65,Joules,power/energy-pkg/,1003094039,100.00,,
   222.305247281,62.00,Joules,power/energy-pkg/,1000827341,100.00,,
   223.306366388,64.50,Joules,power/energy-pkg/,1001149276,100.00,,
   224.307643942,56.81,Joules,power/energy-pkg/,1001258777,100.00,,
   225.313283009,58.49,Joules,power/energy-pkg/,1005629598,100.00,,
   226.314380531,45.58,Joules,power/energy-pkg/,1001116870,100.00,,
   227.315643582,63.02,Joules,power/energy-pkg/,1001247929,100.00,,
   228.316798148,64.73,Joules,power/energy-pkg/,1001146845,100.00,,
   229.317320412,52.82,Joules,power/energy-pkg/,1000547769,100.00,,
   230.318734537,65.14,Joules,power/energy-pkg/,1001402618,100.00,,
   231.319913928,70.18,Joules,power/energy-pkg/,1001228212,100.00,,
   232.321289231,58.80,Joules,power/energy-pkg/,1001311141,100.00,,
   233.322386963,57.53,Joules,power/energy-pkg/,1001092979,100.00,,
   234.323560308,37.60,Joules,power/energy-pkg/,1001172067,100.00,,
   235.324734213,38.54,Joules,power/energy-pkg/,1001196193,100.00,,
   236.325260306,59.85,Joules,power/energy-pkg/,1000507866,100.00,,
   237.326464577,60.57,Joules,power/energy-pkg/,1001244108,100.00,,
   238.327718617,51.89,Joules,power/energy-pkg/,1001230379,100.00,,
   239.328923497,41.48,Joules,power/energy-pkg/,1001202813,100.00,,
   240.329341041,32.95,Joules,power/energy-pkg/,1000396627,100.00,,
   241.330438542,41.59,Joules,power/energy-pkg/,1001095260,100.00,,
   242.331605579,51.85,Joules,power/energy-pkg/,1001173656,100.00,,
   243.332800366,41.65,Joules,power/energy-pkg/,1001192302,100.00,,
   244.333341532,27.70,Joules,power/energy-pkg/,1000540336,100.00,,
   245.334481679,45.25,Joules,power/energy-pkg/,1001148964,100.00,,
   246.335708109,51.76,Joules,power/energy-pkg/,1001226964,100.00,,
   247.336927093,60.11,Joules,power/energy-pkg/,1001248987,100.00,,
   248.337276357,56.69,Joules,power/energy-pkg/,1000357121,100.00,,
   249.338510263,34.16,Joules,power/energy-pkg/,1001201164,100.00,,
   250.339734104,68.36,Joules,power/energy-pkg/,1001229438,100.00,,
   251.341289019,70.64,Joules,power/energy-pkg/,1005531112,100.00,,
   252.365310892,65.59,Joules,power/energy-pkg/,1020743068,100.00,,
   253.367326447,68.65,Joules,power/energy-pkg/,1001344396,100.00,,
   254.368761786,61.44,Joules,power/energy-pkg/,1001399783,100.00,,
   255.369255006,55.76,Joules,power/energy-pkg/,1000471917,100.00,,
   256.370508536,61.11,Joules,power/energy-pkg/,1001269986,100.00,,
   257.377261169,60.73,Joules,power/energy-pkg/,1006756613,100.00,,
   258.386919095,46.57,Joules,power/energy-pkg/,1009666465,100.00,,
   259.388240783,57.06,Joules,power/energy-pkg/,1001301145,100.00,,
   260.389264199,73.58,Joules,power/energy-pkg/,1001027373,100.00,,
   261.390397270,54.45,Joules,power/energy-pkg/,1001126532,100.00,,
   262.391648544,44.01,Joules,power/energy-pkg/,1001247663,100.00,,
   263.392788764,55.82,Joules,power/energy-pkg/,1001129811,100.00,,
   264.393247025,34.63,Joules,power/energy-pkg/,1000457039,100.00,,
   265.394398878,62.67,Joules,power/energy-pkg/,1001183894,100.00,,
   266.395537944,64.55,Joules,power/energy-pkg/,1001107660,100.00,,
   267.396639309,49.88,Joules,power/energy-pkg/,1001117137,100.00,,
   268.397271301,55.47,Joules,power/energy-pkg/,1000662669,100.00,,
   269.398569512,56.60,Joules,power/energy-pkg/,1001252617,100.00,,
   270.399168312,49.99,Joules,power/energy-pkg/,1000628723,100.00,,
   271.400416841,38.22,Joules,power/energy-pkg/,1001233667,100.00,,
   272.401276289,50.37,Joules,power/energy-pkg/,1000889961,100.00,,
   273.402518996,64.49,Joules,power/energy-pkg/,1001204516,100.00,,
   274.403701789,53.58,Joules,power/energy-pkg/,1001171611,100.00,,
   275.404853126,34.51,Joules,power/energy-pkg/,1001150132,100.00,,
   276.405333873,39.21,Joules,power/energy-pkg/,1000495045,100.00,,
   277.406463285,53.05,Joules,power/energy-pkg/,1001147678,100.00,,
   278.407821540,61.17,Joules,power/energy-pkg/,1001355190,100.00,,
   279.419666705,63.82,Joules,power/energy-pkg/,1011809466,100.00,,
   280.420897795,51.38,Joules,power/energy-pkg/,1001186619,100.00,,
   281.421339846,50.70,Joules,power/energy-pkg/,1000437948,100.00,,
   282.422548459,37.02,Joules,power/energy-pkg/,1001155080,100.00,,
   283.423672532,51.96,Joules,power/energy-pkg/,1001079531,100.00,,
   284.424862921,51.98,Joules,power/energy-pkg/,1001147420,100.00,,
   285.426038786,35.97,Joules,power/energy-pkg/,1001141738,100.00,,
   286.427204329,21.94,Joules,power/energy-pkg/,1001130877,100.00,,
   287.428286609,37.61,Joules,power/energy-pkg/,1001083161,100.00,,
   288.429277083,50.46,Joules,power/energy-pkg/,1000937101,100.00,,
   289.430362071,45.48,Joules,power/energy-pkg/,1001038746,100.00,,
   290.431466264,66.54,Joules,power/energy-pkg/,1001093903,100.00,,
   291.432666171,69.45,Joules,power/energy-pkg/,1001152276,100.00,,
   292.433350468,46.66,Joules,power/energy-pkg/,1000665407,100.00,,
   293.434562806,46.21,Joules,power/energy-pkg/,1001342245,100.00,,
   294.436045728,63.88,Joules,power/energy-pkg/,1001289789,100.00,,
   295.437304805,66.46,Joules,power/energy-pkg/,1001237380,100.00,,
   296.438688060,58.96,Joules,power/energy-pkg/,1001393267,100.00,,
   297.441280844,45.16,Joules,power/energy-pkg/,1002521233,100.00,,
   298.446340562,53.61,Joules,power/energy-pkg/,1005014952,100.00,,
   299.447564803,63.31,Joules,power/energy-pkg/,1001219737,100.00,,
   300.448893900,54.19,Joules,power/energy-pkg/,1001260068,100.00,,
   301.449275561,43.74,Joules,power/energy-pkg/,1000361086,100.00,,
   302.450487282,51.02,Joules,power/energy-pkg/,1001194911,100.00,,
   303.451431817,47.53,Joules,power/energy-pkg/,1000943249,100.00,,
   304.452823242,57.17,Joules,power/energy-pkg/,1001356694,100.00,,
   305.453265636,53.88,Joules,power/energy-pkg/,1000394025,100.00,,
   306.454460974,65.37,Joules,power/energy-pkg/,1001144029,100.00,,
   307.455676082,69.93,Joules,power/energy-pkg/,1001185241,100.00,,
   308.456799362,45.55,Joules,power/energy-pkg/,1001068861,100.00,,
   309.457254398,44.30,Joules,power/energy-pkg/,1000425520,100.00,,
   310.458417012,70.04,Joules,power/energy-pkg/,1001219116,100.00,,
   311.459832895,60.35,Joules,power/energy-pkg/,1001295239,100.00,,
   312.460910019,65.80,Joules,power/energy-pkg/,1001043772,100.00,,
   313.461333941,45.81,Joules,power/energy-pkg/,1000396186,100.00,,
   314.462464780,55.55,Joules,power/energy-pkg/,1001139719,100.00,,
   315.463688718,60.88,Joules,power/energy-pkg/,1001153742,100.00,,
   316.464882599,55.49,Joules,power/energy-pkg/,1001174688,100.00,,
   317.465330328,56.23,Joules,power/energy-pkg/,1000419800,100.00,,
   318.466549489,25.51,Joules,power/energy-pkg/,1001189539,100.00,,
   319.467155981,34.11,Joules,power/energy-pkg/,1000576851,100.00,,
   320.468166981,53.10,Joules,power/energy-pkg/,1000985472,100.00,,
   321.469400227,52.21,Joules,power/energy-pkg/,1001177724,100.00,,
   322.470545026,35.07,Joules,power/energy-pkg/,1001116958,100.00,,
   323.471710119,42.85,Joules,power/energy-pkg/,1001170128,100.00,,
   324.472942327,40.11,Joules,power/energy-pkg/,1001215442,100.00,,
   325.473390909,39.76,Joules,power/energy-pkg/,1000388462,100.00,,
   326.474597399,20.22,Joules,power/energy-pkg/,1001161258,100.00,,
   327.475723421,35.80,Joules,power/energy-pkg/,1001114450,100.00,,
   328.476852655,65.55,Joules,power/energy-pkg/,1001111121,100.00,,
   329.477281905,72.06,Joules,power/energy-pkg/,1000391677,100.00,,
   330.478541796,69.28,Joules,power/energy-pkg/,1001200385,100.00,,
   331.481192802,58.67,Joules,power/energy-pkg/,1002640825,100.00,,
   332.482340943,42.44,Joules,power/energy-pkg/,1001106062,100.00,,
   333.483432672,40.66,Joules,power/energy-pkg/,1001078812,100.00,,
   334.484618833,58.74,Joules,power/energy-pkg/,1001139969,100.00,,
   335.485252300,44.66,Joules,power/energy-pkg/,1000612197,100.00,,
   336.486425548,66.28,Joules,power/energy-pkg/,1001122991,100.00,,
   337.487545459,55.08,Joules,power/energy-pkg/,1001119331,100.00,,
   338.488842339,58.49,Joules,power/energy-pkg/,1001255249,100.00,,
   339.489307170,64.22,Joules,power/energy-pkg/,1000440598,100.00,,
   340.490538606,45.15,Joules,power/energy-pkg/,1001185451,100.00,,
   341.491687491,40.11,Joules,power/energy-pkg/,1001121277,100.00,,
   342.492876629,27.23,Joules,power/energy-pkg/,1001155542,100.00,,
   343.493249885,51.91,Joules,power/energy-pkg/,1000353872,100.00,,
   344.494357125,66.71,Joules,power/energy-pkg/,1001065142,100.00,,
   345.495478842,53.13,Joules,power/energy-pkg/,1001103770,100.00,,
   346.496658751,50.07,Joules,power/energy-pkg/,1001210337,100.00,,
   347.497246149,60.93,Joules,power/energy-pkg/,1000485475,100.00,,
   348.498420494,48.29,Joules,power/energy-pkg/,1001145967,100.00,,
   349.499516315,43.18,Joules,power/energy-pkg/,1001092369,100.00,,
   350.500725788,22.20,Joules,power/energy-pkg/,1001157948,100.00,,
   351.501889230,36.20,Joules,power/energy-pkg/,1001129484,100.00,,
   352.503045845,33.61,Joules,power/energy-pkg/,1001132363,100.00,,
   353.504225432,48.95,Joules,power/energy-pkg/,1001217021,100.00,,
   354.505621022,41.01,Joules,power/energy-pkg/,1001337826,100.00,,
   355.508649780,25.17,Joules,power/energy-pkg/,1002974485,100.00,,
   356.509280770,59.75,Joules,power/energy-pkg/,1000611166,100.00,,
   357.510444389,58.96,Joules,power/energy-pkg/,1001140258,100.00,,
   358.511775002,60.30,Joules,power/energy-pkg/,1001274431,100.00,,
   359.512986546,53.47,Joules,power/energy-pkg/,1001186192,100.00,,
   360.513243580,43.30,Joules,power/energy-pkg/,1000218472,100.00,,
   361.514347434,56.36,Joules,power/energy-pkg/,1001086886,100.00,,
   362.515522768,59.00,Joules,power/energy-pkg/,1001146304,100.00,,
   363.516733665,50.84,Joules,power/energy-pkg/,1001199368,100.00,,
   364.517247997,63.21,Joules,power/energy-pkg/,1000460602,100.00,,
   365.518437700,37.88,Joules,power/energy-pkg/,1001161400,100.00,,
   366.519526175,39.36,Joules,power/energy-pkg/,1001059479,100.00,,
   367.520700403,42.10,Joules,power/energy-pkg/,1001146621,100.00,,
   368.521258976,43.52,Joules,power/energy-pkg/,1000553181,100.00,,
   369.522431178,40.60,Joules,power/energy-pkg/,1001127737,100.00,,
   370.523568947,53.24,Joules,power/energy-pkg/,1001103124,100.00,,
   371.524751059,52.34,Joules,power/energy-pkg/,1001194748,100.00,,
   372.525338518,45.67,Joules,power/energy-pkg/,1000550022,100.00,,
   373.526566211,51.64,Joules,power/energy-pkg/,1001234353,100.00,,
   374.527923986,59.49,Joules,power/energy-pkg/,1001307104,100.00,,
   375.529091880,56.55,Joules,power/energy-pkg/,1001097403,100.00,,
   376.529263871,49.26,Joules,power/energy-pkg/,1000151608,100.00,,
   377.530417989,66.62,Joules,power/energy-pkg/,1001136972,100.00,,
   378.531711614,72.41,Joules,power/energy-pkg/,1001250777,100.00,,
   379.532867940,64.45,Joules,power/energy-pkg/,1001138927,100.00,,
   380.533343531,48.47,Joules,power/energy-pkg/,1000475376,100.00,,
   381.534569726,48.10,Joules,power/energy-pkg/,1001181120,100.00,,
   382.535707442,60.31,Joules,power/energy-pkg/,1001085692,100.00,,
   383.536832861,66.80,Joules,power/energy-pkg/,1001107306,100.00,,
   384.538167616,39.34,Joules,power/energy-pkg/,1001321002,100.00,,
   385.539426449,14.02,Joules,power/energy-pkg/,1001204722,100.00,,
   386.540526533,62.96,Joules,power/energy-pkg/,1001091759,100.00,,
   387.541359315,57.37,Joules,power/energy-pkg/,1000801709,100.00,,
   388.542526658,47.40,Joules,power/energy-pkg/,1001152283,100.00,,
   389.543658914,52.87,Joules,power/energy-pkg/,1001095922,100.00,,
   390.544947494,62.42,Joules,power/energy-pkg/,1001260990,100.00,,
   391.545253728,57.91,Joules,power/energy-pkg/,1000272181,100.00,,
   392.546442939,54.78,Joules,power/energy-pkg/,1001153613,100.00,,
   393.547471102,38.14,Joules,power/energy-pkg/,1001080379,100.00,,
   394.548802580,25.54,Joules,power/energy-pkg/,1001230012,100.00,,
   395.550055160,32.62,Joules,power/energy-pkg/,1001218144,100.00,,
   396.550295447,17.40,Joules,power/energy-pkg/,1000227573,100.00,,
   397.551415981,33.40,Joules,power/energy-pkg/,1001081403,100.00,,
   398.552547552,42.83,Joules,power/energy-pkg/,1001163449,100.00,,
   399.553328392,65.13,Joules,power/energy-pkg/,1000725741,100.00,,
   400.554529630,56.11,Joules,power/energy-pkg/,1001175183,100.00,,
   401.555779627,49.73,Joules,power/energy-pkg/,1001200070,100.00,,
   402.556887446,50.90,Joules,power/energy-pkg/,1001069922,100.00,,
   403.557335481,41.13,Joules,power/energy-pkg/,1000421452,100.00,,
   404.558423384,31.72,Joules,power/energy-pkg/,1001057743,100.00,,
   405.559561441,49.92,Joules,power/energy-pkg/,1001140309,100.00,,
   406.560697497,30.49,Joules,power/energy-pkg/,1001091870,100.00,,
   407.561249298,53.26,Joules,power/energy-pkg/,1000515791,100.00,,
   408.562456476,66.45,Joules,power/energy-pkg/,1001229389,100.00,,
   409.563662106,66.83,Joules,power/energy-pkg/,1001139509,100.00,,
   410.564892157,70.80,Joules,power/energy-pkg/,1001249821,100.00,,
   411.566183134,63.81,Joules,power/energy-pkg/,1001207730,100.00,,
   412.567292659,32.80,Joules,power/energy-pkg/,1001096209,100.00,,
   413.568445513,32.85,Joules,power/energy-pkg/,1001255739,100.00,,
   414.569334045,55.25,Joules,power/energy-pkg/,1000779204,100.00,,
   415.570570497,51.50,Joules,power/energy-pkg/,1001161420,100.00,,
   416.571814826,40.80,Joules,power/energy-pkg/,1001221884,100.00,,
   417.574327926,54.43,Joules,power/energy-pkg/,1002623454,100.00,,
   418.575853350,58.03,Joules,power/energy-pkg/,1001406240,100.00,,
   419.577373294,43.86,Joules,power/energy-pkg/,1001444179,100.00,,
   420.578633049,35.52,Joules,power/energy-pkg/,1001283097,100.00,,
   421.581577610,21.06,Joules,power/energy-pkg/,1002892460,100.00,,
   422.582954869,6.62,Joules,power/energy-pkg/,1001325362,100.00,,
   423.584050886,52.36,Joules,power/energy-pkg/,1001076458,100.00,,
   424.585693536,33.74,Joules,power/energy-pkg/,1001632438,100.00,,
   425.586958984,23.18,Joules,power/energy-pkg/,1001227349,100.00,,
   426.588137315,51.28,Joules,power/energy-pkg/,1001141460,100.00,,
   427.589228039,49.71,Joules,power/energy-pkg/,1001065194,100.00,,
   428.590418213,32.29,Joules,power/energy-pkg/,1001161114,100.00,,
   429.591571567,26.82,Joules,power/energy-pkg/,1001154098,100.00,,
   430.592681201,33.19,Joules,power/energy-pkg/,1001054779,100.00,,
   431.593277047,47.61,Joules,power/energy-pkg/,1000614544,100.00,,
   432.594610130,67.46,Joules,power/energy-pkg/,1001286577,100.00,,
   433.597285498,73.27,Joules,power/energy-pkg/,1002653546,100.00,,
   434.598509266,76.77,Joules,power/energy-pkg/,1001196213,100.00,,
   435.599816750,71.19,Joules,power/energy-pkg/,1010696614,100.00,,
   436.610459123,67.99,Joules,power/energy-pkg/,1001198307,100.00,,
   437.611648588,51.64,Joules,power/energy-pkg/,1001173290,100.00,,
   438.612995606,57.59,Joules,power/energy-pkg/,1001301938,100.00,,
   439.613280521,62.98,Joules,power/energy-pkg/,1000275228,100.00,,
   440.614459256,61.52,Joules,power/energy-pkg/,1001142641,100.00,,
   441.615557377,47.98,Joules,power/energy-pkg/,1001096449,100.00,,
   442.616765307,51.69,Joules,power/energy-pkg/,1001208235,100.00,,
   443.617311568,68.20,Joules,power/energy-pkg/,1000489730,100.00,,
   444.618602642,63.08,Joules,power/energy-pkg/,1001277132,100.00,,
   445.619775421,62.47,Joules,power/energy-pkg/,1001130114,100.00,,
   446.621270870,55.33,Joules,power/energy-pkg/,1001503803,100.00,,
   447.622633182,60.29,Joules,power/energy-pkg/,1001308337,100.00,,
   448.623943073,64.10,Joules,power/energy-pkg/,1001297387,100.00,,
   449.625318295,63.44,Joules,power/energy-pkg/,1001349502,100.00,,
   450.626876317,63.40,Joules,power/energy-pkg/,1001606610,100.00,,
   451.628346952,67.23,Joules,power/energy-pkg/,1001360308,100.00,,
   452.629273040,67.08,Joules,power/energy-pkg/,1000928527,100.00,,
   453.630615949,65.37,Joules,power/energy-pkg/,1001286906,100.00,,
   454.631852667,72.40,Joules,power/energy-pkg/,1001221036,100.00,,
   455.635530418,68.78,Joules,power/energy-pkg/,1003636673,100.00,,
   456.636807206,70.28,Joules,power/energy-pkg/,1001239764,100.00,,
   457.637255238,59.66,Joules,power/energy-pkg/,1000441880,100.00,,
   458.638375002,59.04,Joules,power/energy-pkg/,1001074305,100.00,,
   459.639496669,53.32,Joules,power/energy-pkg/,1001108329,100.00,,
   460.640640100,50.27,Joules,power/energy-pkg/,1001123066,100.00,,
   461.641819608,41.87,Joules,power/energy-pkg/,1001138037,100.00,,
   462.642958040,37.17,Joules,power/energy-pkg/,1001118305,100.00,,
   463.644130825,54.60,Joules,power/energy-pkg/,1001148407,100.00,,
   464.645219777,53.73,Joules,power/energy-pkg/,1001065292,100.00,,
   465.646450676,55.34,Joules,power/energy-pkg/,1001251187,100.00,,
   466.647691647,38.74,Joules,power/energy-pkg/,1001170965,100.00,,
   467.648839674,46.32,Joules,power/energy-pkg/,1001150059,100.00,,
   468.649253196,44.01,Joules,power/energy-pkg/,1000373230,100.00,,
   469.650377292,43.06,Joules,power/energy-pkg/,1001103067,100.00,,
   470.651484722,57.32,Joules,power/energy-pkg/,1001109026,100.00,,
   471.652739352,55.69,Joules,power/energy-pkg/,1001208218,100.00,,
   472.653255382,64.32,Joules,power/energy-pkg/,1000495792,100.00,,
   473.654402677,73.58,Joules,power/energy-pkg/,1001152289,100.00,,
   474.656056041,58.83,Joules,power/energy-pkg/,1001576010,100.00,,
   475.657149608,47.09,Joules,power/energy-pkg/,1001067819,100.00,,
   476.658249908,50.49,Joules,power/energy-pkg/,1001077768,100.00,,
   477.659419008,31.44,Joules,power/energy-pkg/,1001174854,100.00,,
   478.660545723,51.93,Joules,power/energy-pkg/,1001127720,100.00,,
   479.661475146,67.39,Joules,power/energy-pkg/,1000866995,100.00,,
   480.662701678,67.38,Joules,power/energy-pkg/,1001202575,100.00,,
   481.663906089,66.54,Joules,power/energy-pkg/,1001173414,100.00,,
   482.665016441,65.58,Joules,power/energy-pkg/,1001095251,100.00,,
   483.665336314,56.91,Joules,power/energy-pkg/,1000280541,100.00,,
   484.666512451,45.62,Joules,power/energy-pkg/,1001159443,100.00,,
   485.667654725,48.45,Joules,power/energy-pkg/,1001111082,100.00,,
   486.668744829,48.23,Joules,power/energy-pkg/,1001090540,100.00,,
   487.669265205,45.99,Joules,power/energy-pkg/,1000486024,100.00,,
   488.670534649,55.80,Joules,power/energy-pkg/,1001267297,100.00,,
   489.671742709,40.63,Joules,power/energy-pkg/,1001154867,100.00,,
   490.672845885,59.72,Joules,power/energy-pkg/,1001075147,100.00,,
   491.673331248,48.16,Joules,power/energy-pkg/,1000463651,100.00,,
   492.674500591,46.82,Joules,power/energy-pkg/,1001149028,100.00,,
   493.675668955,49.33,Joules,power/energy-pkg/,1001143430,100.00,,
   494.676819839,71.06,Joules,power/energy-pkg/,1001129787,100.00,,
   495.677252932,72.01,Joules,power/energy-pkg/,1000414107,100.00,,
   496.678436230,49.98,Joules,power/energy-pkg/,1001160816,100.00,,
   497.679639585,34.17,Joules,power/energy-pkg/,1001199249,100.00,,
   498.680769336,50.28,Joules,power/energy-pkg/,1001080431,100.00,,
   499.681278815,49.25,Joules,power/energy-pkg/,1000505750,100.00,,
   500.682528047,56.55,Joules,power/energy-pkg/,1001269782,100.00,,
   501.682923281,68.96,Joules,power/energy-pkg/,1000346305,100.00,,
   502.684308718,69.22,Joules,power/energy-pkg/,1001343977,100.00,,
   503.685255575,67.18,Joules,power/energy-pkg/,1000908070,100.00,,
   504.686489293,51.81,Joules,power/energy-pkg/,1001226233,100.00,,
   505.687771609,40.25,Joules,power/energy-pkg/,1001251204,100.00,,
   506.688989414,61.03,Joules,power/energy-pkg/,1001202156,100.00,,
   507.689288762,70.94,Joules,power/energy-pkg/,1000280502,100.00,,
   508.690606980,70.44,Joules,power/energy-pkg/,1001305738,100.00,,
   509.691961557,69.55,Joules,power/energy-pkg/,1001309491,100.00,,
   510.693177673,71.46,Joules,power/energy-pkg/,1001193211,100.00,,
   511.694400913,62.67,Joules,power/energy-pkg/,1001228911,100.00,,
   512.695785085,58.00,Joules,power/energy-pkg/,1001387488,100.00,,
   513.697099714,53.51,Joules,power/energy-pkg/,1001231997,100.00,,
   514.697254897,48.08,Joules,power/energy-pkg/,1000138771,100.00,,
   515.698422754,63.19,Joules,power/energy-pkg/,1001145953,100.00,,
   516.699600836,46.34,Joules,power/energy-pkg/,1001198820,100.00,,
   517.702484221,68.72,Joules,power/energy-pkg/,1002859024,100.00,,
   518.703749895,77.64,Joules,power/energy-pkg/,1001207837,100.00,,
   519.704941428,74.27,Joules,power/energy-pkg/,1001190410,100.00,,
   520.705271553,65.53,Joules,power/energy-pkg/,1000291227,100.00,,
   521.706469493,71.92,Joules,power/energy-pkg/,1001181537,100.00,,
   522.707761973,77.40,Joules,power/energy-pkg/,1001269157,100.00,,
   523.708991526,61.28,Joules,power/energy-pkg/,1001180618,100.00,,
   524.709339930,46.99,Joules,power/energy-pkg/,1000330999,100.00,,
   525.710464104,65.86,Joules,power/energy-pkg/,1001119396,100.00,,
   526.711607393,76.06,Joules,power/energy-pkg/,1001132840,100.00,,
   527.712797171,62.02,Joules,power/energy-pkg/,1001228410,100.00,,
   528.713259852,66.08,Joules,power/energy-pkg/,1000365497,100.00,,
   529.714508090,60.31,Joules,power/energy-pkg/,1001213432,100.00,,
   530.715670933,63.27,Joules,power/energy-pkg/,1001165887,100.00,,
   531.716822507,66.68,Joules,power/energy-pkg/,1001171335,100.00,,
   532.717349568,49.59,Joules,power/energy-pkg/,1000450624,100.00,,
   533.718639140,53.95,Joules,power/energy-pkg/,1001255823,100.00,,
   534.719732896,62.53,Joules,power/energy-pkg/,1001065869,100.00,,
   535.720830045,53.37,Joules,power/energy-pkg/,1001091213,100.00,,
   536.721269901,54.13,Joules,power/energy-pkg/,1000413129,100.00,,
   537.722560270,55.46,Joules,power/energy-pkg/,1001259795,100.00,,
   538.723709367,61.07,Joules,power/energy-pkg/,1001151912,100.00,,
   539.724865009,60.56,Joules,power/energy-pkg/,1001155367,100.00,,
   540.726301032,62.20,Joules,power/energy-pkg/,1001385624,100.00,,
   541.736097912,40.79,Joules,power/energy-pkg/,1009763463,100.00,,
   542.737306239,23.38,Joules,power/energy-pkg/,1001185403,100.00,,
   543.738413931,36.91,Joules,power/energy-pkg/,1001079216,100.00,,
   544.739589193,66.44,Joules,power/energy-pkg/,1001188120,100.00,,
   545.740797266,68.25,Joules,power/energy-pkg/,1001191730,100.00,,
   546.741256960,62.14,Joules,power/energy-pkg/,1000424112,100.00,,
   547.742360304,62.73,Joules,power/energy-pkg/,1001059243,100.00,,
   548.743540790,57.12,Joules,power/energy-pkg/,1001203302,100.00,,
   549.744799827,50.15,Joules,power/energy-pkg/,1001227140,100.00,,
   550.745345125,31.49,Joules,power/energy-pkg/,1000505446,100.00,,
   551.746557270,56.98,Joules,power/energy-pkg/,1001217825,100.00,,
   552.747761054,72.13,Joules,power/energy-pkg/,1001148917,100.00,,
   553.748948428,60.96,Joules,power/energy-pkg/,1001157025,100.00,,
   554.749328380,40.58,Joules,power/energy-pkg/,1000356812,100.00,,
   555.750496842,32.87,Joules,power/energy-pkg/,1001146401,100.00,,
   556.751648760,38.80,Joules,power/energy-pkg/,1001185210,100.00,,
   557.752866432,64.56,Joules,power/energy-pkg/,1001151200,100.00,,
   558.753286652,69.60,Joules,power/energy-pkg/,1000422668,100.00,,
   559.754581409,59.80,Joules,power/energy-pkg/,1001284240,100.00,,
   560.755811649,63.49,Joules,power/energy-pkg/,1001189265,100.00,,
   561.756935570,45.71,Joules,power/energy-pkg/,1001090530,100.00,,
   562.757250919,46.46,Joules,power/energy-pkg/,1000305019,100.00,,
   563.758457143,37.71,Joules,power/energy-pkg/,1001172857,100.00,,
   564.759548003,41.05,Joules,power/energy-pkg/,1001065896,100.00,,
   565.760649702,52.53,Joules,power/energy-pkg/,1001084026,100.00,,
   566.761335107,57.10,Joules,power/energy-pkg/,1000697740,100.00,,
   567.762628432,59.43,Joules,power/energy-pkg/,1001298918,100.00,,
   568.763894009,57.60,Joules,power/energy-pkg/,1001180911,100.00,,
   569.765017967,52.45,Joules,power/energy-pkg/,1001112701,100.00,,
   570.765260120,67.07,Joules,power/energy-pkg/,1000223262,100.00,,
   571.766476807,74.86,Joules,power/energy-pkg/,1001199622,100.00,,
   572.767701007,78.14,Joules,power/energy-pkg/,1001210318,100.00,,
   573.768937031,64.85,Joules,power/energy-pkg/,1001276590,100.00,,
   574.770297749,67.68,Joules,power/energy-pkg/,1001271782,100.00,,
   575.771489721,65.40,Joules,power/energy-pkg/,1001166332,100.00,,
   576.772665590,58.40,Joules,power/energy-pkg/,1001172783,100.00,,
   577.773275383,47.64,Joules,power/energy-pkg/,1000588951,100.00,,
   578.774641688,49.57,Joules,power/energy-pkg/,1001348823,100.00,,
   579.777261009,57.83,Joules,power/energy-pkg/,1002679712,100.00,,
   580.778571307,71.72,Joules,power/energy-pkg/,1001205065,100.00,,
   581.779826388,46.97,Joules,power/energy-pkg/,1001210605,100.00,,
   582.780943619,50.18,Joules,power/energy-pkg/,1001111560,100.00,,
   583.781275607,52.01,Joules,power/energy-pkg/,1000327816,100.00,,
   584.782783870,57.27,Joules,power/energy-pkg/,1001496202,100.00,,
   585.783993104,74.24,Joules,power/energy-pkg/,1001161645,100.00,,
   586.785269206,69.56,Joules,power/energy-pkg/,1001277639,100.00,,
   587.786449678,64.03,Joules,power/energy-pkg/,1001186484,100.00,,
   588.787771540,54.69,Joules,power/energy-pkg/,1001276067,100.00,,
   589.788910980,39.28,Joules,power/energy-pkg/,1001100298,100.00,,
   590.789374200,35.80,Joules,power/energy-pkg/,1000446942,100.00,,
   591.790509986,36.23,Joules,power/energy-pkg/,1001098299,100.00,,
   592.791688385,46.85,Joules,power/energy-pkg/,1001162314,100.00,,
   593.792840932,39.12,Joules,power/energy-pkg/,1001162372,100.00,,
   594.793248336,54.14,Joules,power/energy-pkg/,1000353399,100.00,,
   595.794649135,42.09,Joules,power/energy-pkg/,1001377761,100.00,,
   596.795750879,49.04,Joules,power/energy-pkg/,1001080306,100.00,,
   597.796836734,32.94,Joules,power/energy-pkg/,1001072186,100.00,,
   598.797336103,41.83,Joules,power/energy-pkg/,1000473585,100.00,,
   599.798484648,51.58,Joules,power/energy-pkg/,1001140722,100.00,,
   600.799559096,39.62,Joules,power/energy-pkg/,1001118976,100.00,,
   601.800830837,31.04,Joules,power/energy-pkg/,1001199507,100.00,,
   602.801327463,14.08,Joules,power/energy-pkg/,1000479535,100.00,,
   603.802523915,47.08,Joules,power/energy-pkg/,1001155057,100.00,,
   604.803608023,36.55,Joules,power/energy-pkg/,1001061741,100.00,,
   605.804783496,50.34,Joules,power/energy-pkg/,1001162311,100.00,,
   606.805341181,38.04,Joules,power/energy-pkg/,1000535617,100.00,,
   607.806529446,17.78,Joules,power/energy-pkg/,1001175341,100.00,,
   608.807741225,31.36,Joules,power/energy-pkg/,1001184486,100.00,,
   609.808899538,41.92,Joules,power/energy-pkg/,1001155735,100.00,,
   610.809266352,46.06,Joules,power/energy-pkg/,1000345912,100.00,,
   611.876660221,54.85,Joules,power/energy-pkg/,1067368929,100.00,,
   612.877349971,42.91,Joules,power/energy-pkg/,1000655721,100.00,,
   613.880381562,61.76,Joules,power/energy-pkg/,1003068863,100.00,,
   614.881303074,60.40,Joules,power/energy-pkg/,1000881960,100.00,,
   615.882874966,61.75,Joules,power/energy-pkg/,1001553952,100.00,,
   616.885284329,59.87,Joules,power/energy-pkg/,1002401511,100.00,,
   617.887799773,61.19,Joules,power/energy-pkg/,1002470135,100.00,,
   618.888447428,55.72,Joules,power/energy-pkg/,1000665522,100.00,,
   619.889285243,67.19,Joules,power/energy-pkg/,1000836843,100.00,,
   620.890601104,69.41,Joules,power/energy-pkg/,1001239273,100.00,,
   621.891958472,67.88,Joules,power/energy-pkg/,1001347259,100.00,,
   622.893277234,61.65,Joules,power/energy-pkg/,1001282698,100.00,,
   623.894428218,61.85,Joules,power/energy-pkg/,1001133527,100.00,,
   624.895848692,61.65,Joules,power/energy-pkg/,1001402425,100.00,,
   625.897025384,66.89,Joules,power/energy-pkg/,1001171494,100.00,,
   626.897681525,62.35,Joules,power/energy-pkg/,1000639410,100.00,,
   627.898832819,52.67,Joules,power/energy-pkg/,1001121743,100.00,,
   628.902722276,51.82,Joules,power/energy-pkg/,1003880633,100.00,,
   629.903887673,68.86,Joules,power/energy-pkg/,1001136748,100.00,,
   630.905031665,62.99,Joules,power/energy-pkg/,1001149727,100.00,,
   631.906489252,57.60,Joules,power/energy-pkg/,1001402562,100.00,,
   632.907717068,68.71,Joules,power/energy-pkg/,1001220947,100.00,,
   633.908955635,71.81,Joules,power/energy-pkg/,1001212461,100.00,,
   634.909256462,64.85,Joules,power/energy-pkg/,1000286865,100.00,,
   635.910424438,61.64,Joules,power/energy-pkg/,1001168489,100.00,,
   636.911850957,58.75,Joules,power/energy-pkg/,1001384330,100.00,,
   637.912629326,45.44,Joules,power/energy-pkg/,1000761929,100.00,,
   638.913330554,52.72,Joules,power/energy-pkg/,1000704484,100.00,,
   639.914612588,61.54,Joules,power/energy-pkg/,1001244960,100.00,,
   640.915797321,23.65,Joules,power/energy-pkg/,1001152432,100.00,,
   641.916902634,37.09,Joules,power/energy-pkg/,1001084335,100.00,,
   642.917243724,9.92,Joules,power/energy-pkg/,1000313098,100.00,,
   643.918309698,50.36,Joules,power/energy-pkg/,1001051154,100.00,,
   644.919409085,61.89,Joules,power/energy-pkg/,1001082089,100.00,,
   645.920517312,67.23,Joules,power/energy-pkg/,1001097139,100.00,,
   646.921252902,63.29,Joules,power/energy-pkg/,1000725338,100.00,,
   647.922367470,71.63,Joules,power/energy-pkg/,1001099250,100.00,,
   648.923560243,71.67,Joules,power/energy-pkg/,1001184823,100.00,,
   649.924695136,56.42,Joules,power/energy-pkg/,1001085132,100.00,,
   650.925246784,40.36,Joules,power/energy-pkg/,1000535996,100.00,,
   651.926362136,45.90,Joules,power/energy-pkg/,1001111296,100.00,,
   652.927509174,49.16,Joules,power/energy-pkg/,1001114377,100.00,,
   653.928629732,23.71,Joules,power/energy-pkg/,1001119331,100.00,,
   654.929331097,39.50,Joules,power/energy-pkg/,1000663938,100.00,,
   655.930496909,39.54,Joules,power/energy-pkg/,1001151372,100.00,,
   656.931649067,51.26,Joules,power/energy-pkg/,1001129742,100.00,,
   657.932729347,24.75,Joules,power/energy-pkg/,1001074283,100.00,,
   658.933341548,55.13,Joules,power/energy-pkg/,1000591496,100.00,,
   659.934487096,53.94,Joules,power/energy-pkg/,1001142344,100.00,,
   660.935679758,47.84,Joules,power/energy-pkg/,1001154923,100.00,,
   661.936835020,44.01,Joules,power/energy-pkg/,1001169439,100.00,,
   662.937343210,51.09,Joules,power/energy-pkg/,1000511599,100.00,,
   663.940221436,64.36,Joules,power/energy-pkg/,1002810139,100.00,,
   664.941256720,64.67,Joules,power/energy-pkg/,1001012376,100.00,,
   665.942396119,38.27,Joules,power/energy-pkg/,1001141661,100.00,,
   666.943636012,44.47,Joules,power/energy-pkg/,1001204730,100.00,,
   667.944750017,48.24,Joules,power/energy-pkg/,1001091178,100.00,,
   668.945334895,44.98,Joules,power/energy-pkg/,1000585954,100.00,,
   669.946531371,55.04,Joules,power/energy-pkg/,1001163888,100.00,,
   670.947705190,54.13,Joules,power/energy-pkg/,1001160473,100.00,,
   671.948924724,31.59,Joules,power/energy-pkg/,1001194025,100.00,,
   672.949255364,36.91,Joules,power/energy-pkg/,1000320362,100.00,,
   673.950399440,56.55,Joules,power/energy-pkg/,1001137368,100.00,,
   674.951701419,44.39,Joules,power/energy-pkg/,1001269347,100.00,,
   675.952904549,55.62,Joules,power/energy-pkg/,1001205479,100.00,,
   676.953324685,65.43,Joules,power/energy-pkg/,1000407638,100.00,,
   677.954533742,41.96,Joules,power/energy-pkg/,1001185159,100.00,,
   678.955718241,41.82,Joules,power/energy-pkg/,1001147034,100.00,,
   679.956833240,48.78,Joules,power/energy-pkg/,1001100822,100.00,,
   680.957279411,48.86,Joules,power/energy-pkg/,1000435510,100.00,,
   681.958497792,40.09,Joules,power/energy-pkg/,1001190740,100.00,,
   682.959697832,58.46,Joules,power/energy-pkg/,1001224881,100.00,,
   683.961166090,72.90,Joules,power/energy-pkg/,1001411347,100.00,,
   684.962420772,64.25,Joules,power/energy-pkg/,1001235021,100.00,,
   685.963511731,35.63,Joules,power/energy-pkg/,1001066856,100.00,,
   686.964610032,28.86,Joules,power/energy-pkg/,1001078342,100.00,,
   687.965276602,43.39,Joules,power/energy-pkg/,1000660933,100.00,,
   688.966496466,42.49,Joules,power/energy-pkg/,1001197840,100.00,,
   689.967672839,41.67,Joules,power/energy-pkg/,1001209238,100.00,,
   690.968904864,41.55,Joules,power/energy-pkg/,1001159443,100.00,,
   691.969250683,69.25,Joules,power/energy-pkg/,1000357882,100.00,,
   692.970434184,75.10,Joules,power/energy-pkg/,1001173485,100.00,,
   693.971635974,75.21,Joules,power/energy-pkg/,1001165326,100.00,,
   694.972897409,74.57,Joules,power/energy-pkg/,1001251651,100.00,,
   695.973281029,67.62,Joules,power/energy-pkg/,1000379476,100.00,,
   696.974470271,67.50,Joules,power/energy-pkg/,1001157496,100.00,,
   697.975905266,60.14,Joules,power/energy-pkg/,1001429470,100.00,,
   698.977041926,42.63,Joules,power/energy-pkg/,1001085817,100.00,,
   699.977260743,59.46,Joules,power/energy-pkg/,1000212131,100.00,,
   700.978459134,47.82,Joules,power/energy-pkg/,1001207777,100.00,,
   701.979633398,58.40,Joules,power/energy-pkg/,1001127170,100.00,,
   702.980799277,64.09,Joules,power/energy-pkg/,1001158890,100.00,,
   703.981254364,68.93,Joules,power/energy-pkg/,1000452652,100.00,,
   704.982500122,69.03,Joules,power/energy-pkg/,1001237172,100.00,,
   705.983867123,69.40,Joules,power/energy-pkg/,1001369564,100.00,,
   706.985177512,61.54,Joules,power/energy-pkg/,1001258678,100.00,,
   707.986624287,45.39,Joules,power/energy-pkg/,1001408870,100.00,,
   708.987737394,44.39,Joules,power/energy-pkg/,1001089064,100.00,,
   709.988821042,57.67,Joules,power/energy-pkg/,1001086414,100.00,,
   710.989298532,73.44,Joules,power/energy-pkg/,1000477662,100.00,,
   711.990610708,58.65,Joules,power/energy-pkg/,1001277181,100.00,,
   712.991810534,43.12,Joules,power/energy-pkg/,1001191585,100.00,,
   713.993051749,45.13,Joules,power/energy-pkg/,1001232390,100.00,,
   715.004565211,54.13,Joules,power/energy-pkg/,1011483955,100.00,,
   716.005266159,53.98,Joules,power/energy-pkg/,1000694271,100.00,,
   717.006484184,47.40,Joules,power/energy-pkg/,1001194761,100.00,,
   718.007597389,44.79,Joules,power/energy-pkg/,1001075018,100.00,,
   719.008721096,61.92,Joules,power/energy-pkg/,1001108014,100.00,,
   720.009251856,61.74,Joules,power/energy-pkg/,1000515048,100.00,,
   721.010563068,64.67,Joules,power/energy-pkg/,1001347585,100.00,,
   722.011844149,57.97,Joules,power/energy-pkg/,1001225027,100.00,,
   723.013100687,65.08,Joules,power/energy-pkg/,1001259491,100.00,,
   724.014371356,63.36,Joules,power/energy-pkg/,1001265297,100.00,,
   725.015650078,71.40,Joules,power/energy-pkg/,1001238923,100.00,,
   726.016946073,74.94,Joules,power/energy-pkg/,1001270329,100.00,,
   727.017261258,74.43,Joules,power/energy-pkg/,1000307263,100.00,,
   728.018402026,78.75,Joules,power/energy-pkg/,1003964527,100.00,,
   729.026309050,76.74,Joules,power/energy-pkg/,1005057619,100.00,,
   730.027481336,64.36,Joules,power/energy-pkg/,1001146471,100.00,,
   731.028825895,66.77,Joules,power/energy-pkg/,1001343426,100.00,,
   732.029255860,55.23,Joules,power/energy-pkg/,1000381757,100.00,,
   733.058451876,56.26,Joules,power/energy-pkg/,1029196756,100.00,,
   734.059730880,67.89,Joules,power/energy-pkg/,1001258399,100.00,,
   735.060951935,64.24,Joules,power/energy-pkg/,1001220415,100.00,,
   736.061277586,64.20,Joules,power/energy-pkg/,1000320555,100.00,,
   737.062530874,71.99,Joules,power/energy-pkg/,1001196430,100.00,,
   738.063692863,67.55,Joules,power/energy-pkg/,1001163539,100.00,,
   739.064837649,70.66,Joules,power/energy-pkg/,1001136112,100.00,,
   740.065312847,76.13,Joules,power/energy-pkg/,1000491331,100.00,,
   741.066615770,67.33,Joules,power/energy-pkg/,1001235925,100.00,,
   742.067815698,47.71,Joules,power/energy-pkg/,1001172688,100.00,,
   743.068516952,60.23,Joules,power/energy-pkg/,1000703914,100.00,,
   744.069336345,55.77,Joules,power/energy-pkg/,1000786109,100.00,,
   745.070494192,53.11,Joules,power/energy-pkg/,1001167332,100.00,,
   746.071805151,56.76,Joules,power/energy-pkg/,1001326951,100.00,,
   747.073105620,70.89,Joules,power/energy-pkg/,1001263454,100.00,,
   748.074448091,70.79,Joules,power/energy-pkg/,1001300686,100.00,,
   749.075723191,75.75,Joules,power/energy-pkg/,1001284387,100.00,,
   750.077109654,65.89,Joules,power/energy-pkg/,1001349020,100.00,,
   751.078099343,69.21,Joules,power/energy-pkg/,1001013564,100.00,,
   752.079354595,66.36,Joules,power/energy-pkg/,1001205746,100.00,,
   753.080632732,67.16,Joules,power/energy-pkg/,1001240620,100.00,,
   754.081340540,31.07,Joules,power/energy-pkg/,1000706081,100.00,,
   755.082546128,43.85,Joules,power/energy-pkg/,1001178977,100.00,,
   756.083710972,64.99,Joules,power/energy-pkg/,1001164547,100.00,,
   757.084985804,61.16,Joules,power/energy-pkg/,1001278805,100.00,,
   758.086343857,62.28,Joules,power/energy-pkg/,1001325632,100.00,,
   759.089291378,65.37,Joules,power/energy-pkg/,1002930104,100.00,,
   760.090615052,66.53,Joules,power/energy-pkg/,1001314094,100.00,,
   761.091974367,62.97,Joules,power/energy-pkg/,1001371060,100.00,,
   762.093277516,67.56,Joules,power/energy-pkg/,1001246734,100.00,,
   763.094544366,68.16,Joules,power/energy-pkg/,1001255547,100.00,,
   764.095822305,72.06,Joules,power/energy-pkg/,1001259207,100.00,,
   765.097118602,76.96,Joules,power/energy-pkg/,1001299495,100.00,,
   766.098473105,71.23,Joules,power/energy-pkg/,1001322744,100.00,,
   767.099775823,74.05,Joules,power/energy-pkg/,1001303606,100.00,,
   768.101265076,74.21,Joules,power/energy-pkg/,1001482065,100.00,,
   769.102545667,68.83,Joules,power/energy-pkg/,1001241725,100.00,,
   770.103835236,67.82,Joules,power/energy-pkg/,1001284699,100.00,,
   771.105286731,71.24,Joules,power/energy-pkg/,1001426510,100.00,,
   772.113291753,71.27,Joules,power/energy-pkg/,1007984412,100.00,,
   773.114489000,69.99,Joules,power/energy-pkg/,1001175619,100.00,,
   774.115594446,78.30,Joules,power/energy-pkg/,1001091585,100.00,,
   775.116975925,64.53,Joules,power/energy-pkg/,1001393953,100.00,,
   776.117294638,64.78,Joules,power/energy-pkg/,1000315116,100.00,,
   777.118560444,63.30,Joules,power/energy-pkg/,1001246373,100.00,,
   778.134471238,64.38,Joules,power/energy-pkg/,1015857919,100.00,,
   779.136467301,55.09,Joules,power/energy-pkg/,1001997396,100.00,,
   780.137275428,65.33,Joules,power/energy-pkg/,1000779244,100.00,,
   781.137860583,69.48,Joules,power/energy-pkg/,1000616978,100.00,,
   782.139180774,65.67,Joules,power/energy-pkg/,1001258902,100.00,,
   783.140413850,66.05,Joules,power/energy-pkg/,1001221580,100.00,,
   784.141276156,70.46,Joules,power/energy-pkg/,1000844822,100.00,,
   785.142118803,65.44,Joules,power/energy-pkg/,1000850512,100.00,,
   786.143489255,65.33,Joules,power/energy-pkg/,1001324419,100.00,,
   787.144677102,64.69,Joules,power/energy-pkg/,1001175292,100.00,,
   788.145265716,64.70,Joules,power/energy-pkg/,1000591216,100.00,,
   789.146488501,64.97,Joules,power/energy-pkg/,1001191148,100.00,,
   790.147424090,65.06,Joules,power/energy-pkg/,1000920189,100.00,,
   791.150550247,63.85,Joules,power/energy-pkg/,1003130594,100.00,,
   792.151824556,60.68,Joules,power/energy-pkg/,1001228751,100.00,,
   793.152968195,65.57,Joules,power/energy-pkg/,1001162657,100.00,,
   794.156345690,47.99,Joules,power/energy-pkg/,1003324498,100.00,,
   795.189062331,67.25,Joules,power/energy-pkg/,1033293791,100.00,,
   796.197295304,61.81,Joules,power/energy-pkg/,1007643353,100.00,,
   797.198712840,61.14,Joules,power/energy-pkg/,1001400438,100.00,,
   798.199875223,64.23,Joules,power/energy-pkg/,1001140935,100.00,,
   799.201035785,69.35,Joules,power/energy-pkg/,1001136014,100.00,,
   800.201268428,66.78,Joules,power/energy-pkg/,1000225393,100.00,,
   801.202443569,62.56,Joules,power/energy-pkg/,1001153948,100.00,,
   802.203559668,54.52,Joules,power/energy-pkg/,1001119171,100.00,,
   803.203862372,47.22,Joules,power/energy-pkg/,1000305921,100.00,,
   804.205070892,47.52,Joules,power/energy-pkg/,1001158255,100.00,,
   805.205308686,39.05,Joules,power/energy-pkg/,1000220319,100.00,,
   806.206486189,13.25,Joules,power/energy-pkg/,1001182194,100.00,,
   807.207799588,7.97,Joules,power/energy-pkg/,1001297422,100.00,,
   808.209023643,11.41,Joules,power/energy-pkg/,1001202834,100.00,,
   809.209266624,25.15,Joules,power/energy-pkg/,1000227794,100.00,,
   810.210385724,37.33,Joules,power/energy-pkg/,1001108564,100.00,,
   811.211542792,32.44,Joules,power/energy-pkg/,1001153190,100.00,,
   812.212659516,51.16,Joules,power/energy-pkg/,1001087924,100.00,,
   813.213270590,67.25,Joules,power/energy-pkg/,1000601383,100.00,,
   814.214464931,68.36,Joules,power/energy-pkg/,1001171210,100.00,,
   815.215612995,67.89,Joules,power/energy-pkg/,1002782083,100.00,,
   816.218424538,69.34,Joules,power/energy-pkg/,1001153677,100.00,,
   817.219602540,72.39,Joules,power/energy-pkg/,1001162625,100.00,,
   818.219887835,70.63,Joules,power/energy-pkg/,1000258188,100.00,,
   819.220972251,68.11,Joules,power/energy-pkg/,1001088660,100.00,,
   820.221345919,56.49,Joules,power/energy-pkg/,1000382637,100.00,,
   821.222598134,52.10,Joules,power/energy-pkg/,1001225687,100.00,,
   822.223784969,55.39,Joules,power/energy-pkg/,1001146877,100.00,,
   823.224957755,76.17,Joules,power/energy-pkg/,1001152985,100.00,,
   824.225255442,78.84,Joules,power/energy-pkg/,1000304193,100.00,,
   825.226414004,78.20,Joules,power/energy-pkg/,1001166339,100.00,,
   826.227621496,67.92,Joules,power/energy-pkg/,1001174841,100.00,,
   827.228869853,66.33,Joules,power/energy-pkg/,1001211172,100.00,,
   828.229286816,51.16,Joules,power/energy-pkg/,1000422093,100.00,,
   829.230560292,56.08,Joules,power/energy-pkg/,1001331449,100.00,,
   830.231968907,64.99,Joules,power/energy-pkg/,1001328711,100.00,,
   831.233271620,74.57,Joules,power/energy-pkg/,1001275138,100.00,,
   832.234481164,64.93,Joules,power/energy-pkg/,1001186057,100.00,,
   833.235676212,68.96,Joules,power/energy-pkg/,1001182207,100.00,,
   834.236834330,73.84,Joules,power/energy-pkg/,1001174827,100.00,,
   835.237273734,72.79,Joules,power/energy-pkg/,1000442756,100.00,,
   836.238524598,67.15,Joules,power/energy-pkg/,1001256816,100.00,,
   837.239917124,70.16,Joules,power/energy-pkg/,1001324088,100.00,,
   838.241196847,70.82,Joules,power/energy-pkg/,1001263213,100.00,,
   839.242509804,75.30,Joules,power/energy-pkg/,1001292882,100.00,,
   840.243749025,70.24,Joules,power/energy-pkg/,1001281728,100.00,,
   841.245118116,66.08,Joules,power/energy-pkg/,1001325555,100.00,,
   842.246324197,67.90,Joules,power/energy-pkg/,1001149142,100.00,,
   843.247512641,64.44,Joules,power/energy-pkg/,1001177965,100.00,,
   844.248610672,49.41,Joules,power/energy-pkg/,1001114790,100.00,,
   845.249281440,62.97,Joules,power/energy-pkg/,1000661941,100.00,,
   846.250521480,62.30,Joules,power/energy-pkg/,1001238822,100.00,,
   847.251762212,70.60,Joules,power/energy-pkg/,1001183301,100.00,,
   848.252916714,73.87,Joules,power/energy-pkg/,1001138283,100.00,,
   849.253259456,70.57,Joules,power/energy-pkg/,1000322163,100.00,,
   850.254432128,63.76,Joules,power/energy-pkg/,1001180336,100.00,,
   851.255764589,61.78,Joules,power/energy-pkg/,1001322482,100.00,,
   852.257056693,68.79,Joules,power/energy-pkg/,1001276388,100.00,,
   853.258412075,74.22,Joules,power/energy-pkg/,1001364198,100.00,,
   854.259726923,74.14,Joules,power/energy-pkg/,1001262907,100.00,,
   855.260878669,76.71,Joules,power/energy-pkg/,1001165525,100.00,,
   856.261266921,70.28,Joules,power/energy-pkg/,1000370510,100.00,,
   857.262445564,64.75,Joules,power/energy-pkg/,1001167283,100.00,,
   858.263608226,64.73,Joules,power/energy-pkg/,1001112379,100.00,,
   859.264722045,65.15,Joules,power/energy-pkg/,1001112295,100.00,,
   860.265277737,64.56,Joules,power/energy-pkg/,1000542904,100.00,,
   861.266485633,62.30,Joules,power/energy-pkg/,1001210239,100.00,,
   862.267865942,66.19,Joules,power/energy-pkg/,1001374764,100.00,,
   863.269204114,63.00,Joules,power/energy-pkg/,1001333593,100.00,,
   864.270423955,61.41,Joules,power/energy-pkg/,1001163433,100.00,,
   865.271591789,72.07,Joules,power/energy-pkg/,1001157425,100.00,,
   866.272814051,66.08,Joules,power/energy-pkg/,1001238320,100.00,,
   867.273278751,64.89,Joules,power/energy-pkg/,1000460817,100.00,,
   868.274504447,64.61,Joules,power/energy-pkg/,1001215266,100.00,,
   869.275730652,65.36,Joules,power/energy-pkg/,1001182533,100.00,,
   870.277032517,64.69,Joules,power/energy-pkg/,1001313930,100.00,,
   871.278484151,64.87,Joules,power/energy-pkg/,1001425014,100.00,,
   872.280164747,63.11,Joules,power/energy-pkg/,1001683205,100.00,,
   873.281290414,67.01,Joules,power/energy-pkg/,1001078839,100.00,,
   874.282540551,65.48,Joules,power/energy-pkg/,1001244896,100.00,,
   875.283829919,64.92,Joules,power/energy-pkg/,1001263535,100.00,,
   876.285063044,64.72,Joules,power/energy-pkg/,1001229316,100.00,,
   877.286326086,64.21,Joules,power/energy-pkg/,1001248878,100.00,,
   878.287647402,66.00,Joules,power/energy-pkg/,1001324430,100.00,,
   879.289059828,65.20,Joules,power/energy-pkg/,1001371817,100.00,,
   880.289263115,61.42,Joules,power/energy-pkg/,1000189757,100.00,,
   881.289534457,54.35,Joules,power/energy-pkg/,1000262200,100.00,,
   882.290750589,63.61,Joules,power/energy-pkg/,1001209109,100.00,,
   883.292002412,71.01,Joules,power/energy-pkg/,1001240893,100.00,,
   884.293272498,69.15,Joules,power/energy-pkg/,1001269437,100.00,,
   885.294599663,61.55,Joules,power/energy-pkg/,1001349108,100.00,,
   886.295955771,62.95,Joules,power/energy-pkg/,1001308837,100.00,,
   887.297307012,66.49,Joules,power/energy-pkg/,1001342755,100.00,,
   888.298600853,62.80,Joules,power/energy-pkg/,1001246974,100.00,,
   889.330653660,66.63,Joules,power/energy-pkg/,1032112303,100.00,,
   890.332066319,59.28,Joules,power/energy-pkg/,1001370006,100.00,,
   891.333284254,61.60,Joules,power/energy-pkg/,1001170817,100.00,,
   892.334526313,68.65,Joules,power/energy-pkg/,1001236577,100.00,,
   893.335879616,69.68,Joules,power/energy-pkg/,1001337998,100.00,,
   894.337185931,67.91,Joules,power/energy-pkg/,1001282184,100.00,,
   895.338414084,73.37,Joules,power/energy-pkg/,1001218857,100.00,,
   896.339621811,64.25,Joules,power/energy-pkg/,1001206295,100.00,,
   897.340788388,64.06,Joules,power/energy-pkg/,1001167116,100.00,,
   898.341261388,65.22,Joules,power/energy-pkg/,1000433088,100.00,,
   899.342517678,60.21,Joules,power/energy-pkg/,1001240193,100.00,,
   900.343751586,60.69,Joules,power/energy-pkg/,1001231745,100.00,,
   901.345053154,62.34,Joules,power/energy-pkg/,1001294907,100.00,,
   902.345908485,56.69,Joules,power/energy-pkg/,1000846203,100.00,,
   903.347268728,67.66,Joules,power/energy-pkg/,1001330880,100.00,,
   904.348562617,65.19,Joules,power/energy-pkg/,1001280890,100.00,,
   905.349264154,66.87,Joules,power/energy-pkg/,1000676727,100.00,,
   906.350432805,67.84,Joules,power/energy-pkg/,1001226923,100.00,,
   907.351573205,61.91,Joules,power/energy-pkg/,1001122418,100.00,,
   908.352912548,58.60,Joules,power/energy-pkg/,1001281789,100.00,,
   909.353294159,60.87,Joules,power/energy-pkg/,1000366146,100.00,,
   910.354624837,61.06,Joules,power/energy-pkg/,1001319266,100.00,,
   911.356626777,58.77,Joules,power/energy-pkg/,1001997797,100.00,,
   912.357291427,57.62,Joules,power/energy-pkg/,1000645491,100.00,,
   913.358629269,64.08,Joules,power/energy-pkg/,1001319329,100.00,,
   914.359879340,64.00,Joules,power/energy-pkg/,1001229306,100.00,,
   915.361121003,68.02,Joules,power/energy-pkg/,1001227429,100.00,,
   916.362336564,70.25,Joules,power/energy-pkg/,1001207983,100.00,,
   917.363494310,63.18,Joules,power/energy-pkg/,1001162575,100.00,,
   918.364674679,66.39,Joules,power/energy-pkg/,1001161360,100.00,,
   919.365299528,65.72,Joules,power/energy-pkg/,1000602065,100.00,,
   920.366623834,59.72,Joules,power/energy-pkg/,1001332229,100.00,,
   921.368114705,62.96,Joules,power/energy-pkg/,1001462152,100.00,,
   922.369317126,64.61,Joules,power/energy-pkg/,1001212573,100.00,,
   923.370772103,58.39,Joules,power/energy-pkg/,1001457764,100.00,,
   924.372117673,54.84,Joules,power/energy-pkg/,1001314667,100.00,,
   925.389288962,62.76,Joules,power/energy-pkg/,1017166787,100.00,,
   926.390599731,63.92,Joules,power/energy-pkg/,1001263183,100.00,,
   927.391901310,66.17,Joules,power/energy-pkg/,1001302545,100.00,,
   928.393340681,61.03,Joules,power/energy-pkg/,1001447640,100.00,,
   929.394821779,67.35,Joules,power/energy-pkg/,1001440615,100.00,,
   930.396134035,64.45,Joules,power/energy-pkg/,1001308205,100.00,,
   931.397289184,57.05,Joules,power/energy-pkg/,1001121271,100.00,,
   932.398649962,62.98,Joules,power/energy-pkg/,1001354652,100.00,,
   933.399948236,63.90,Joules,power/energy-pkg/,1001273246,100.00,,
   934.401131545,63.44,Joules,power/energy-pkg/,1001214580,100.00,,
   935.402456564,62.39,Joules,power/energy-pkg/,1001292243,100.00,,
   936.403870258,59.93,Joules,power/energy-pkg/,1001403707,100.00,,
   937.405264300,65.84,Joules,power/energy-pkg/,1001368861,100.00,,
   938.406558494,67.95,Joules,power/energy-pkg/,1001274890,100.00,,
   939.407861058,63.10,Joules,power/energy-pkg/,1001308821,100.00,,
   940.409211696,64.43,Joules,power/energy-pkg/,1001342795,100.00,,
   941.410530395,58.24,Joules,power/energy-pkg/,1001290748,100.00,,
   942.412770125,58.89,Joules,power/energy-pkg/,1002276918,100.00,,
   943.413282162,67.03,Joules,power/energy-pkg/,1000442903,100.00,,
   944.414518386,62.42,Joules,power/energy-pkg/,1001221837,100.00,,
   945.415766708,68.96,Joules,power/energy-pkg/,1001236011,100.00,,
   946.417287569,65.62,Joules,power/energy-pkg/,1001576374,100.00,,
   947.418662768,60.86,Joules,power/energy-pkg/,1001305203,100.00,,
   948.419919208,68.41,Joules,power/energy-pkg/,1001238061,100.00,,
   949.421187995,66.69,Joules,power/energy-pkg/,1001262980,100.00,,
   950.422504480,63.74,Joules,power/energy-pkg/,1001317889,100.00,,
   951.423913801,57.04,Joules,power/energy-pkg/,1001387846,100.00,,
   952.425293294,63.02,Joules,power/energy-pkg/,1001358182,100.00,,
   953.426661217,63.79,Joules,power/energy-pkg/,1001392769,100.00,,
   954.428015761,63.67,Joules,power/energy-pkg/,1001312262,100.00,,
   955.429325130,63.86,Joules,power/energy-pkg/,1001324415,100.00,,
   956.430768204,58.32,Joules,power/energy-pkg/,1001430576,100.00,,
   957.432035134,54.04,Joules,power/energy-pkg/,1001212387,100.00,,
   958.433311378,55.63,Joules,power/energy-pkg/,1001270613,100.00,,
   959.434630229,61.88,Joules,power/energy-pkg/,1001299350,100.00,,
   960.435881895,57.32,Joules,power/energy-pkg/,1001243640,100.00,,
   961.437186722,57.00,Joules,power/energy-pkg/,1001298531,100.00,,
   962.438876135,56.38,Joules,power/energy-pkg/,1001725851,100.00,,
   963.440230841,59.91,Joules,power/energy-pkg/,1001307884,100.00,,
   964.441270453,66.92,Joules,power/energy-pkg/,1001007369,100.00,,
   965.442519916,68.81,Joules,power/energy-pkg/,1001233850,100.00,,
   966.443736369,60.97,Joules,power/energy-pkg/,1001241952,100.00,,
   967.445036539,69.19,Joules,power/energy-pkg/,1001254546,100.00,,
   968.446325024,71.15,Joules,power/energy-pkg/,1001280146,100.00,,
   969.447604402,72.37,Joules,power/energy-pkg/,1001253873,100.00,,
   970.448790981,69.30,Joules,power/energy-pkg/,1001222804,100.00,,
   971.449295023,65.20,Joules,power/energy-pkg/,1000454429,100.00,,
   972.450581026,71.88,Joules,power/energy-pkg/,1001273980,100.00,,
   973.452295971,74.05,Joules,power/energy-pkg/,1001695835,100.00,,
   974.453296802,70.35,Joules,power/energy-pkg/,1000991749,100.00,,
   975.454314712,69.01,Joules,power/energy-pkg/,1001011909,100.00,,
   976.455647979,66.95,Joules,power/energy-pkg/,1001342006,100.00,,
   977.457092107,68.04,Joules,power/energy-pkg/,1001426728,100.00,,
   978.464960700,60.96,Joules,power/energy-pkg/,1007851191,100.00,,
   979.466311313,66.51,Joules,power/energy-pkg/,1001336385,100.00,,
   980.467493938,64.30,Joules,power/energy-pkg/,1001176614,100.00,,
   981.468894693,64.82,Joules,power/energy-pkg/,1001378367,100.00,,
   982.469289944,59.31,Joules,power/energy-pkg/,1000383609,100.00,,
   983.470652211,61.16,Joules,power/energy-pkg/,1001371479,100.00,,
   984.472051868,55.87,Joules,power/energy-pkg/,1001360361,100.00,,
   985.473266420,60.97,Joules,power/energy-pkg/,1001196930,100.00,,
   986.478478105,65.45,Joules,power/energy-pkg/,1005216569,100.00,,
   987.479821095,56.01,Joules,power/energy-pkg/,1001331976,100.00,,
   988.481097653,60.19,Joules,power/energy-pkg/,1001246962,100.00,,
   989.482425457,63.50,Joules,power/energy-pkg/,1001337273,100.00,,
   990.483766576,62.67,Joules,power/energy-pkg/,1001315662,100.00,,
   991.485063725,65.63,Joules,power/energy-pkg/,1001294020,100.00,,
   992.486385951,66.13,Joules,power/energy-pkg/,1001337022,100.00,,
   993.487715977,66.10,Joules,power/energy-pkg/,1001297267,100.00,,
   994.489031242,57.21,Joules,power/energy-pkg/,1001285758,100.00,,
   995.490316535,60.91,Joules,power/energy-pkg/,1001287091,100.00,,
   996.491662044,59.06,Joules,power/energy-pkg/,1001338434,100.00,,
   997.493014235,57.73,Joules,power/energy-pkg/,1001324330,100.00,,
   998.494307555,60.89,Joules,power/energy-pkg/,1001277172,100.00,,
   999.495550957,71.68,Joules,power/energy-pkg/,1001234319,100.00,,
  1000.496841817,69.36,Joules,power/energy-pkg/,1001294216,100.00,,
  1001.497272615,58.37,Joules,power/energy-pkg/,1000426255,100.00,,
  1002.498464238,60.11,Joules,power/energy-pkg/,1001160756,100.00,,
  1003.499766400,60.20,Joules,power/energy-pkg/,1001303855,100.00,,
  1004.501208175,63.52,Joules,power/energy-pkg/,1001458343,100.00,,
  1005.502716191,59.97,Joules,power/energy-pkg/,1001457972,100.00,,
  1006.504030410,62.43,Joules,power/energy-pkg/,1001310012,100.00,,
  1007.505325021,57.16,Joules,power/energy-pkg/,1001339910,100.00,,
  1008.506798498,59.15,Joules,power/energy-pkg/,1001407438,100.00,,
  1009.508140136,64.86,Joules,power/energy-pkg/,1001303657,100.00,,
  1010.509311226,66.09,Joules,power/energy-pkg/,1001180527,100.00,,
  1011.510625200,64.50,Joules,power/energy-pkg/,1001293798,100.00,,
  1012.511892864,59.34,Joules,power/energy-pkg/,1001261306,100.00,,
  1013.513217214,58.80,Joules,power/energy-pkg/,1001329577,100.00,,
  1014.514584780,58.62,Joules,power/energy-pkg/,1001344021,100.00,,
  1015.515948197,60.27,Joules,power/energy-pkg/,1001352054,100.00,,
  1016.517308636,66.24,Joules,power/energy-pkg/,1001357238,100.00,,
  1017.518675030,64.16,Joules,power/energy-pkg/,1001402171,100.00,,
  1018.520054508,43.03,Joules,power/energy-pkg/,1001293092,100.00,,
  1019.521385937,7.34,Joules,power/energy-pkg/,1001333062,100.00,,
  1020.522761291,6.34,Joules,power/energy-pkg/,1001359647,100.00,,
  1021.524102495,4.59,Joules,power/energy-pkg/,1001312602,100.00,,
  1022.525414778,4.43,Joules,power/energy-pkg/,1001322431,100.00,,
  1023.526800571,5.50,Joules,power/energy-pkg/,1001370856,100.00,,
  1024.528330481,4.30,Joules,power/energy-pkg/,1001521402,100.00,,
  1025.529718515,4.60,Joules,power/energy-pkg/,1001377554,100.00,,
  1026.531105673,4.61,Joules,power/energy-pkg/,1001374065,100.00,,
  1027.532570136,3.68,Joules,power/energy-pkg/,1001454768,100.00,,
  1028.533326653,8.65,Joules,power/energy-pkg/,1000721661,100.00,,
  1029.534520373,9.31,Joules,power/energy-pkg/,1001201959,100.00,,
  1030.535773877,10.17,Joules,power/energy-pkg/,1001220576,100.00,,
  1031.536966241,11.40,Joules,power/energy-pkg/,1001186233,100.00,,
  1032.538184333,6.48,Joules,power/energy-pkg/,1001221490,100.00,,
  1033.539437496,6.16,Joules,power/energy-pkg/,1001239056,100.00,,
  1034.540867657,7.43,Joules,power/energy-pkg/,1001426809,100.00,,
  1035.542245672,5.74,Joules,power/energy-pkg/,1001362736,100.00,,
  1036.543585670,4.78,Joules,power/energy-pkg/,1001328720,100.00,,
  1037.544922507,5.23,Joules,power/energy-pkg/,1001333244,100.00,,
  1038.545365164,4.87,Joules,power/energy-pkg/,1000425272,100.00,,
  1039.545742867,5.09,Joules,power/energy-pkg/,1000414982,100.00,,
  1040.547174883,5.30,Joules,power/energy-pkg/,1001370019,100.00,,
  1041.548525744,5.91,Joules,power/energy-pkg/,1001339996,100.00,,
  1042.549363141,4.65,Joules,power/energy-pkg/,1000826369,100.00,,
  1043.550783073,4.93,Joules,power/energy-pkg/,1001414341,100.00,,
  1044.552163588,5.08,Joules,power/energy-pkg/,1001364439,100.00,,
  1045.553512354,4.37,Joules,power/energy-pkg/,1001338178,100.00,,
  1046.554902753,5.48,Joules,power/energy-pkg/,1001378256,100.00,,
  1047.556280938,5.02,Joules,power/energy-pkg/,1001366820,100.00,,
  1048.557620245,4.32,Joules,power/energy-pkg/,1001328741,100.00,,
