# started on Tue Aug  1 21:44:39 2023

     1.000607685,13.61,Joules,power/energy-pkg/,1000651617,100.00,,
     2.001819355,4.77,Joules,power/energy-pkg/,1001177768,100.00,,
     3.003061530,5.17,Joules,power/energy-pkg/,1001225865,100.00,,
     4.004275894,6.67,Joules,power/energy-pkg/,1001184154,100.00,,
     5.005429939,5.89,Joules,power/energy-pkg/,1001154551,100.00,,
     6.006700417,6.34,Joules,power/energy-pkg/,1001260495,100.00,,
     7.007024948,5.42,Joules,power/energy-pkg/,1000328025,100.00,,
     8.008303654,4.97,Joules,power/energy-pkg/,1001248542,100.00,,
     9.009550644,5.51,Joules,power/energy-pkg/,1001218777,100.00,,
    10.010751620,4.96,Joules,power/energy-pkg/,1001199708,100.00,,
    11.012053486,4.60,Joules,power/energy-pkg/,1001296417,100.00,,
    12.012694782,4.54,Joules,power/energy-pkg/,1000610760,100.00,,
    13.013976612,5.13,Joules,power/energy-pkg/,1001271305,100.00,,
    14.015211717,4.70,Joules,power/energy-pkg/,1001223658,100.00,,
    15.016483073,4.68,Joules,power/energy-pkg/,1001282250,100.00,,
    16.017823736,4.92,Joules,power/energy-pkg/,1001302296,100.00,,
    17.019074059,4.75,Joules,power/energy-pkg/,1001242936,100.00,,
    18.020372047,4.88,Joules,power/energy-pkg/,1001283400,100.00,,
    19.021699666,5.63,Joules,power/energy-pkg/,1001312571,100.00,,
    20.023029623,4.85,Joules,power/energy-pkg/,1001315112,100.00,,
    21.024333133,5.07,Joules,power/energy-pkg/,1001292974,100.00,,
    22.025719443,5.24,Joules,power/energy-pkg/,1001372977,100.00,,
    23.027068881,5.16,Joules,power/energy-pkg/,1001336970,100.00,,
    24.028411323,7.73,Joules,power/energy-pkg/,1001325506,100.00,,
    25.029761424,5.09,Joules,power/energy-pkg/,1001338078,100.00,,
    26.031106734,4.74,Joules,power/energy-pkg/,1001333469,100.00,,
    27.032432612,4.81,Joules,power/energy-pkg/,1001312973,100.00,,
    28.033839180,5.06,Joules,power/energy-pkg/,1001397878,100.00,,
    29.035213761,5.20,Joules,power/energy-pkg/,1001350367,100.00,,
    30.036466333,4.79,Joules,power/energy-pkg/,1001261858,100.00,,
    31.037767735,5.02,Joules,power/energy-pkg/,1001271100,100.00,,
    32.039032206,4.73,Joules,power/energy-pkg/,1001277790,100.00,,
    33.040387027,4.86,Joules,power/energy-pkg/,1001313608,100.00,,
    34.041657276,4.99,Joules,power/energy-pkg/,1001253482,100.00,,
    35.042899247,4.75,Joules,power/energy-pkg/,1001231358,100.00,,
    36.044139490,4.61,Joules,power/energy-pkg/,1001225191,100.00,,
    37.045470503,5.36,Joules,power/energy-pkg/,1001317909,100.00,,
    38.046785153,4.92,Joules,power/energy-pkg/,1001305095,100.00,,
    39.048111598,4.73,Joules,power/energy-pkg/,1001310658,100.00,,
    40.048601020,4.57,Joules,power/energy-pkg/,1000475484,100.00,,
    41.049919979,4.66,Joules,power/energy-pkg/,1001308485,100.00,,
    42.051274787,4.60,Joules,power/energy-pkg/,1001339330,100.00,,
    43.052601491,4.75,Joules,power/energy-pkg/,1001313928,100.00,,
    44.053905602,4.55,Joules,power/energy-pkg/,1001273400,100.00,,
    45.055080093,4.57,Joules,power/energy-pkg/,1001179507,100.00,,
    46.056564525,4.46,Joules,power/energy-pkg/,1001476533,100.00,,
    47.057927282,4.80,Joules,power/energy-pkg/,1001345069,100.00,,
    48.059200630,4.86,Joules,power/energy-pkg/,1001259465,100.00,,
    49.060541932,5.24,Joules,power/energy-pkg/,1001326791,100.00,,
    50.061895868,4.60,Joules,power/energy-pkg/,1001345693,100.00,,
    51.063223597,4.85,Joules,power/energy-pkg/,1001310016,100.00,,
    52.064542606,4.78,Joules,power/energy-pkg/,1001304688,100.00,,
    53.066062400,5.75,Joules,power/energy-pkg/,1001513036,100.00,,
    54.067480416,5.02,Joules,power/energy-pkg/,1001405816,100.00,,
    55.068846815,4.62,Joules,power/energy-pkg/,1001351123,100.00,,
    56.070217821,5.60,Joules,power/energy-pkg/,1001354086,100.00,,
    57.071584335,4.73,Joules,power/energy-pkg/,1001351653,100.00,,
    58.072762931,4.49,Joules,power/energy-pkg/,1001171848,100.00,,
    59.074040803,4.82,Joules,power/energy-pkg/,1001262703,100.00,,
    60.075405912,5.07,Joules,power/energy-pkg/,1001349211,100.00,,
    61.076648760,4.56,Joules,power/energy-pkg/,1001229104,100.00,,
    62.078018493,4.44,Joules,power/energy-pkg/,1001355676,100.00,,
    63.079350402,5.17,Joules,power/energy-pkg/,1001319674,100.00,,
    64.080604513,4.51,Joules,power/energy-pkg/,1001242882,100.00,,
    65.081868358,11.26,Joules,power/energy-pkg/,1001233213,100.00,,
    66.083076518,6.74,Joules,power/energy-pkg/,1001209648,100.00,,
    67.084403569,5.58,Joules,power/energy-pkg/,1001313810,100.00,,
    68.085673686,9.72,Joules,power/energy-pkg/,1001252779,100.00,,
    69.086964957,5.94,Joules,power/energy-pkg/,1001277564,100.00,,
    70.088183123,25.07,Joules,power/energy-pkg/,1001217604,100.00,,
    71.088532373,25.45,Joules,power/energy-pkg/,1000320165,100.00,,
    72.089731831,26.19,Joules,power/energy-pkg/,1001180782,100.00,,
    73.090897919,11.61,Joules,power/energy-pkg/,1001151999,100.00,,
    74.091982835,39.23,Joules,power/energy-pkg/,1001080123,100.00,,
    75.092597868,45.99,Joules,power/energy-pkg/,1000587638,100.00,,
    76.093682951,26.27,Joules,power/energy-pkg/,1001072750,100.00,,
    77.094846691,24.99,Joules,power/energy-pkg/,1001157279,100.00,,
    78.096018980,40.24,Joules,power/energy-pkg/,1001182493,100.00,,
    79.096517080,39.22,Joules,power/energy-pkg/,1000474916,100.00,,
    80.097762637,50.55,Joules,power/energy-pkg/,1001281729,100.00,,
    81.099097325,40.10,Joules,power/energy-pkg/,1001258273,100.00,,
    82.100258333,31.94,Joules,power/energy-pkg/,1001147016,100.00,,
    83.100600407,41.84,Joules,power/energy-pkg/,1000326078,100.00,,
    84.101750960,43.66,Joules,power/energy-pkg/,1001141657,100.00,,
    85.102908642,28.79,Joules,power/energy-pkg/,1001140906,100.00,,
    86.104016931,56.95,Joules,power/energy-pkg/,1001161890,100.00,,
    87.104603885,57.98,Joules,power/energy-pkg/,1000546068,100.00,,
    88.105817208,52.00,Joules,power/energy-pkg/,1001209175,100.00,,
    89.107058641,41.56,Joules,power/energy-pkg/,1001186275,100.00,,
    90.108171146,29.14,Joules,power/energy-pkg/,1001102781,100.00,,
    91.108591920,49.21,Joules,power/energy-pkg/,1000406647,100.00,,
    92.109739878,41.87,Joules,power/energy-pkg/,1001161865,100.00,,
    93.110906667,43.25,Joules,power/energy-pkg/,1001138377,100.00,,
    94.112132747,36.67,Joules,power/energy-pkg/,1001191725,100.00,,
    95.112595357,37.20,Joules,power/energy-pkg/,1000450506,100.00,,
    96.113684182,55.79,Joules,power/energy-pkg/,1001093417,100.00,,
    97.114790575,63.05,Joules,power/energy-pkg/,1001110099,100.00,,
    98.116003556,52.21,Joules,power/energy-pkg/,1001166427,100.00,,
    99.116596699,32.58,Joules,power/energy-pkg/,1000579430,100.00,,
   100.117762131,44.41,Joules,power/energy-pkg/,1001156250,100.00,,
   101.118930515,35.63,Joules,power/energy-pkg/,1001159253,100.00,,
   102.120096875,13.21,Joules,power/energy-pkg/,1001151183,100.00,,
   103.120561099,50.52,Joules,power/energy-pkg/,1000461146,100.00,,
   104.121790159,69.93,Joules,power/energy-pkg/,1001303707,100.00,,
   105.123196743,61.58,Joules,power/energy-pkg/,1001317389,100.00,,
   106.124073227,41.98,Joules,power/energy-pkg/,1000890264,100.00,,
   107.124598867,39.38,Joules,power/energy-pkg/,1000474442,100.00,,
   108.125862583,5.57,Joules,power/energy-pkg/,1001263552,100.00,,
   109.127205799,20.61,Joules,power/energy-pkg/,1001314559,100.00,,
   110.128396520,41.16,Joules,power/energy-pkg/,1001195971,100.00,,
   111.129652214,22.37,Joules,power/energy-pkg/,1001234260,100.00,,
   112.130958583,23.96,Joules,power/energy-pkg/,1001293029,100.00,,
   113.132267233,25.78,Joules,power/energy-pkg/,1001283781,100.00,,
   114.132524598,45.49,Joules,power/energy-pkg/,1000248288,100.00,,
   115.133758955,42.54,Joules,power/energy-pkg/,1001213791,100.00,,
   116.134914737,38.61,Joules,power/energy-pkg/,1001141951,100.00,,
   117.136066037,45.84,Joules,power/energy-pkg/,1001140020,100.00,,
   118.137117618,22.33,Joules,power/energy-pkg/,1001150113,100.00,,
   119.137569082,28.76,Joules,power/energy-pkg/,1000340860,100.00,,
   120.138661137,37.97,Joules,power/energy-pkg/,1001079130,100.00,,
   121.139872144,37.10,Joules,power/energy-pkg/,1001180555,100.00,,
   122.140512179,40.87,Joules,power/energy-pkg/,1000642234,100.00,,
   123.141646107,43.68,Joules,power/energy-pkg/,1001134492,100.00,,
   124.142978855,37.30,Joules,power/energy-pkg/,1001297246,100.00,,
   125.144162025,47.20,Joules,power/energy-pkg/,1001177171,100.00,,
   126.144588019,42.30,Joules,power/energy-pkg/,1000402282,100.00,,
   127.145352060,29.52,Joules,power/energy-pkg/,1000784497,100.00,,
   128.146573041,41.24,Joules,power/energy-pkg/,1001182889,100.00,,
   129.147794996,44.12,Joules,power/energy-pkg/,1001213690,100.00,,
   130.148527737,51.53,Joules,power/energy-pkg/,1000751282,100.00,,
   131.149740823,51.05,Joules,power/energy-pkg/,1001182173,100.00,,
   132.150919908,32.18,Joules,power/energy-pkg/,1001149589,100.00,,
   133.152135180,38.33,Joules,power/energy-pkg/,1001197864,100.00,,
   134.152585895,33.28,Joules,power/energy-pkg/,1000463367,100.00,,
   135.153780034,34.41,Joules,power/energy-pkg/,1001154639,100.00,,
   136.154941542,27.35,Joules,power/energy-pkg/,1001150570,100.00,,
   137.156105415,49.31,Joules,power/energy-pkg/,1001153263,100.00,,
   138.157274217,33.57,Joules,power/energy-pkg/,1001166234,100.00,,
   139.158554435,17.57,Joules,power/energy-pkg/,1001275438,100.00,,
   140.159673081,36.39,Joules,power/energy-pkg/,1001083292,100.00,,
   141.160528940,45.45,Joules,power/energy-pkg/,1000861705,100.00,,
   142.161747595,40.67,Joules,power/energy-pkg/,1001220516,100.00,,
   143.162899340,49.34,Joules,power/energy-pkg/,1001111092,100.00,,
   144.164132733,31.24,Joules,power/energy-pkg/,1001235819,100.00,,
   145.165321689,20.62,Joules,power/energy-pkg/,1001159533,100.00,,
   146.166488687,29.75,Joules,power/energy-pkg/,1001168891,100.00,,
   147.167729803,39.53,Joules,power/energy-pkg/,1001252915,100.00,,
   148.168597248,45.12,Joules,power/energy-pkg/,1000869249,100.00,,
   149.169810332,55.31,Joules,power/energy-pkg/,1001167903,100.00,,
   150.170996064,39.14,Joules,power/energy-pkg/,1001162403,100.00,,
   151.172159676,29.29,Joules,power/energy-pkg/,1001156137,100.00,,
   152.172579258,24.70,Joules,power/energy-pkg/,1000409849,100.00,,
   153.173752132,54.43,Joules,power/energy-pkg/,1001147328,100.00,,
   154.174911164,29.01,Joules,power/energy-pkg/,1001141083,100.00,,
   155.176074822,24.48,Joules,power/energy-pkg/,1001152561,100.00,,
   156.176596168,29.10,Joules,power/energy-pkg/,1000507217,100.00,,
   157.177710258,44.69,Joules,power/energy-pkg/,1001104543,100.00,,
   158.178908281,45.88,Joules,power/energy-pkg/,1001189212,100.00,,
   159.180022178,48.12,Joules,power/energy-pkg/,1001130145,100.00,,
   160.180511058,45.40,Joules,power/energy-pkg/,1000438248,100.00,,
   161.181697599,35.53,Joules,power/energy-pkg/,1001205814,100.00,,
   162.182847847,19.09,Joules,power/energy-pkg/,1001118708,100.00,,
   163.184024594,26.66,Joules,power/energy-pkg/,1001151542,100.00,,
   164.184691893,21.70,Joules,power/energy-pkg/,1000679317,100.00,,
   165.186024444,11.00,Joules,power/energy-pkg/,1001297407,100.00,,
   166.187122414,34.65,Joules,power/energy-pkg/,1001100777,100.00,,
   167.188381700,23.79,Joules,power/energy-pkg/,1001236549,100.00,,
   168.188600930,40.89,Joules,power/energy-pkg/,1000200404,100.00,,
   169.189766580,35.69,Joules,power/energy-pkg/,1001154650,100.00,,
   170.190929707,38.40,Joules,power/energy-pkg/,1001151180,100.00,,
   171.192071014,51.97,Joules,power/energy-pkg/,1001154232,100.00,,
   172.192579188,53.44,Joules,power/energy-pkg/,1000464152,100.00,,
   173.193661798,44.56,Joules,power/energy-pkg/,1001109366,100.00,,
   174.194931315,48.58,Joules,power/energy-pkg/,1001224082,100.00,,
   175.196116379,42.83,Joules,power/energy-pkg/,1001171604,100.00,,
   176.196532064,38.60,Joules,power/energy-pkg/,1000420533,100.00,,
   177.197706957,36.32,Joules,power/energy-pkg/,1001166163,100.00,,
   178.198883343,14.82,Joules,power/energy-pkg/,1001148660,100.00,,
   179.199989800,54.34,Joules,power/energy-pkg/,1001128737,100.00,,
   180.200536697,63.99,Joules,power/energy-pkg/,1000500664,100.00,,
   181.201692361,60.24,Joules,power/energy-pkg/,1001188020,100.00,,
   182.203019417,58.74,Joules,power/energy-pkg/,1001265818,100.00,,
   183.204204186,54.17,Joules,power/energy-pkg/,1001173974,100.00,,
   184.204619917,45.74,Joules,power/energy-pkg/,1000425855,100.00,,
   185.204941999,33.70,Joules,power/energy-pkg/,1000349925,100.00,,
   186.206135301,38.83,Joules,power/energy-pkg/,1001123938,100.00,,
   187.207322451,37.03,Joules,power/energy-pkg/,1001230156,100.00,,
   188.208519356,29.53,Joules,power/energy-pkg/,1001147014,100.00,,
   189.209757240,19.47,Joules,power/energy-pkg/,1001217099,100.00,,
   190.211061903,23.86,Joules,power/energy-pkg/,1001275919,100.00,,
   191.212226024,31.92,Joules,power/energy-pkg/,1001148840,100.00,,
   192.212576969,46.20,Joules,power/energy-pkg/,1000360646,100.00,,
   193.213772523,33.77,Joules,power/energy-pkg/,1001161563,100.00,,
   194.214868847,10.49,Joules,power/energy-pkg/,1001082381,100.00,,
   195.216027691,26.70,Joules,power/energy-pkg/,1001150025,100.00,,
   196.216517390,20.48,Joules,power/energy-pkg/,1000497472,100.00,,
   197.217687011,40.81,Joules,power/energy-pkg/,1001152931,100.00,,
   198.218855699,45.48,Joules,power/energy-pkg/,1001141763,100.00,,
   199.219961425,53.92,Joules,power/energy-pkg/,1001127398,100.00,,
   200.220551110,53.03,Joules,power/energy-pkg/,1000595935,100.00,,
   201.221766847,49.38,Joules,power/energy-pkg/,1001171783,100.00,,
   202.223006407,45.96,Joules,power/energy-pkg/,1001218211,100.00,,
   203.224212713,30.92,Joules,power/energy-pkg/,1001186738,100.00,,
   204.224648045,25.03,Joules,power/energy-pkg/,1000434252,100.00,,
   205.225973799,20.17,Joules,power/energy-pkg/,1001300420,100.00,,
   206.226711437,30.06,Joules,power/energy-pkg/,1014501461,100.00,,
   207.241599485,42.36,Joules,power/energy-pkg/,1001108569,100.00,,
   208.242862602,28.95,Joules,power/energy-pkg/,1001243322,100.00,,
   209.243969007,15.13,Joules,power/energy-pkg/,1001099634,100.00,,
   210.244596731,37.21,Joules,power/energy-pkg/,1000602033,100.00,,
   211.245758127,44.04,Joules,power/energy-pkg/,1001151601,100.00,,
   212.246848592,39.01,Joules,power/energy-pkg/,1001088741,100.00,,
   213.248077589,47.49,Joules,power/energy-pkg/,1001204221,100.00,,
   214.249260641,31.91,Joules,power/energy-pkg/,1001186596,100.00,,
   215.250528430,5.54,Joules,power/energy-pkg/,1001259578,100.00,,
   216.251849849,14.53,Joules,power/energy-pkg/,1001292224,100.00,,
   217.252606775,37.40,Joules,power/energy-pkg/,1000748060,100.00,,
   218.253786971,43.50,Joules,power/energy-pkg/,1001174697,100.00,,
   219.254892643,27.63,Joules,power/energy-pkg/,1001140554,100.00,,
   220.256217131,21.22,Joules,power/energy-pkg/,1001285851,100.00,,
   221.256595567,48.86,Joules,power/energy-pkg/,1000332339,100.00,,
   222.257765448,43.41,Joules,power/energy-pkg/,1001158721,100.00,,
   223.258927755,51.16,Joules,power/energy-pkg/,1001201181,100.00,,
   224.260129517,66.21,Joules,power/energy-pkg/,1001191401,100.00,,
   225.260532353,66.29,Joules,power/energy-pkg/,1000367696,100.00,,
   226.261920600,42.33,Joules,power/energy-pkg/,1001364468,100.00,,
   227.263219507,16.06,Joules,power/energy-pkg/,1001286586,100.00,,
   228.264465285,37.72,Joules,power/energy-pkg/,1001232421,100.00,,
   229.265674499,48.59,Joules,power/energy-pkg/,1001180718,100.00,,
   230.266777399,46.89,Joules,power/energy-pkg/,1001088049,100.00,,
   231.267947699,18.71,Joules,power/energy-pkg/,1001179606,100.00,,
   232.268602161,48.53,Joules,power/energy-pkg/,1000632508,100.00,,
   233.269820648,43.65,Joules,power/energy-pkg/,1001201180,100.00,,
   234.271029464,41.61,Joules,power/energy-pkg/,1001194880,100.00,,
   235.272110630,48.81,Joules,power/energy-pkg/,1001079216,100.00,,
   236.272509601,53.53,Joules,power/energy-pkg/,1000373963,100.00,,
   237.273616114,63.86,Joules,power/energy-pkg/,1001103258,100.00,,
   238.274792785,65.05,Joules,power/energy-pkg/,1001223123,100.00,,
   239.275757016,59.14,Joules,power/energy-pkg/,1000925602,100.00,,
   240.276595130,43.93,Joules,power/energy-pkg/,1000799152,100.00,,
   241.277786511,56.97,Joules,power/energy-pkg/,1001168194,100.00,,
   242.278894187,35.23,Joules,power/energy-pkg/,1001113302,100.00,,
   243.280200008,33.48,Joules,power/energy-pkg/,1001305257,100.00,,
   244.280587879,31.14,Joules,power/energy-pkg/,1000382925,100.00,,
   245.281856118,6.64,Joules,power/energy-pkg/,1001243152,100.00,,
   246.283140603,29.25,Joules,power/energy-pkg/,1002667681,100.00,,
   247.285887793,37.48,Joules,power/energy-pkg/,1001316816,100.00,,
   248.287048322,32.94,Joules,power/energy-pkg/,1001147270,100.00,,
   249.288127484,34.65,Joules,power/energy-pkg/,1001078504,100.00,,
   250.288605522,31.01,Joules,power/energy-pkg/,1000464041,100.00,,
   251.289619100,35.97,Joules,power/energy-pkg/,1001039839,100.00,,
   252.290831670,8.00,Joules,power/energy-pkg/,1001173827,100.00,,
   253.292086576,52.55,Joules,power/energy-pkg/,1001255720,100.00,,
   254.292590708,41.20,Joules,power/energy-pkg/,1000457236,100.00,,
   255.293688042,42.36,Joules,power/energy-pkg/,1001093404,100.00,,
   256.294876029,43.09,Joules,power/energy-pkg/,1001222640,100.00,,
   257.296150097,42.69,Joules,power/energy-pkg/,1001208599,100.00,,
   258.296603196,31.03,Joules,power/energy-pkg/,1000455241,100.00,,
   259.297893273,37.32,Joules,power/energy-pkg/,1001279712,100.00,,
   260.299159298,17.95,Joules,power/energy-pkg/,1001241154,100.00,,
   261.300334234,23.02,Joules,power/energy-pkg/,1001164757,100.00,,
   262.301433713,26.94,Joules,power/energy-pkg/,1001093721,100.00,,
   263.302525267,34.18,Joules,power/energy-pkg/,1001065803,100.00,,
   264.303676971,28.20,Joules,power/energy-pkg/,1001162081,100.00,,
   265.304604489,40.47,Joules,power/energy-pkg/,1000984589,100.00,,
   266.305929557,63.76,Joules,power/energy-pkg/,1001267929,100.00,,
   267.307173878,73.62,Joules,power/energy-pkg/,1001241413,100.00,,
   268.308526096,60.22,Joules,power/energy-pkg/,1001298767,100.00,,
   269.309639514,31.22,Joules,power/energy-pkg/,1001123794,100.00,,
   270.310758896,41.85,Joules,power/energy-pkg/,1001074596,100.00,,
   271.311939445,62.17,Joules,power/energy-pkg/,1001175502,100.00,,
   272.312586691,31.66,Joules,power/energy-pkg/,1000626065,100.00,,
   273.313558499,19.59,Joules,power/energy-pkg/,1001073276,100.00,,
   274.314783934,31.00,Joules,power/energy-pkg/,1001101747,100.00,,
   275.315898225,34.23,Joules,power/energy-pkg/,1001115643,100.00,,
   276.316593413,43.92,Joules,power/energy-pkg/,1000668243,100.00,,
   277.317673793,38.34,Joules,power/energy-pkg/,1001073380,100.00,,
   278.318801655,49.96,Joules,power/energy-pkg/,1001144755,100.00,,
   279.319929706,50.43,Joules,power/energy-pkg/,1001088949,100.00,,
   280.320602162,52.85,Joules,power/energy-pkg/,1000657927,100.00,,
   281.321727890,47.82,Joules,power/energy-pkg/,1001137255,100.00,,
   282.323090103,54.32,Joules,power/energy-pkg/,1001389763,100.00,,
   283.324450542,49.96,Joules,power/energy-pkg/,1001291788,100.00,,
   284.325557467,30.14,Joules,power/energy-pkg/,1001100879,100.00,,
   285.326728505,31.38,Joules,power/energy-pkg/,1001153640,100.00,,
   286.327962955,12.24,Joules,power/energy-pkg/,1001245044,100.00,,
   287.328598677,36.93,Joules,power/energy-pkg/,1000593023,100.00,,
   288.329694057,42.59,Joules,power/energy-pkg/,1001085714,100.00,,
   289.330803546,61.47,Joules,power/energy-pkg/,1001128088,100.00,,
   290.331955120,65.48,Joules,power/energy-pkg/,1001140067,100.00,,
   291.332538341,59.18,Joules,power/energy-pkg/,1000553289,100.00,,
   292.333683106,58.57,Joules,power/energy-pkg/,1001225922,100.00,,
   293.335141848,52.84,Joules,power/energy-pkg/,1001364527,100.00,,
   294.336293029,33.40,Joules,power/energy-pkg/,1001234872,100.00,,
   295.337721739,54.59,Joules,power/energy-pkg/,1001298248,100.00,,
   296.338862373,45.43,Joules,power/energy-pkg/,1001126103,100.00,,
   297.339971267,47.77,Joules,power/energy-pkg/,1001104984,100.00,,
   298.340603782,34.21,Joules,power/energy-pkg/,1000645678,100.00,,
   299.341791814,24.66,Joules,power/energy-pkg/,1001158573,100.00,,
   300.342955151,27.66,Joules,power/energy-pkg/,1001162611,100.00,,
   301.344195887,17.98,Joules,power/energy-pkg/,1001230282,100.00,,
   302.345540617,6.13,Joules,power/energy-pkg/,1001326984,100.00,,
   303.346939249,5.87,Joules,power/energy-pkg/,1001387592,100.00,,
   304.348211988,44.51,Joules,power/energy-pkg/,1001268330,100.00,,
   305.348523648,55.15,Joules,power/energy-pkg/,1000278750,100.00,,
   306.349667568,35.80,Joules,power/energy-pkg/,1001139153,100.00,,
   307.350842725,52.71,Joules,power/energy-pkg/,1001178850,100.00,,
   308.351991336,50.07,Joules,power/energy-pkg/,1001157386,100.00,,
   309.352527706,45.95,Joules,power/energy-pkg/,1000483324,100.00,,
   310.353735425,49.58,Joules,power/energy-pkg/,1001280553,100.00,,
   311.355143120,48.39,Joules,power/energy-pkg/,1001300868,100.00,,
   312.356298413,31.79,Joules,power/energy-pkg/,1001149241,100.00,,
   313.356595708,46.75,Joules,power/energy-pkg/,1000281816,100.00,,
   314.357687909,28.45,Joules,power/energy-pkg/,1001084316,100.00,,
   315.358784733,36.91,Joules,power/energy-pkg/,1001112895,100.00,,
   316.359858816,33.76,Joules,power/energy-pkg/,1001066657,100.00,,
   317.360537974,39.83,Joules,power/energy-pkg/,1000662397,100.00,,
   318.361801455,48.73,Joules,power/energy-pkg/,1001236620,100.00,,
   319.364069399,46.06,Joules,power/energy-pkg/,1002907393,100.00,,
   320.367547197,47.79,Joules,power/energy-pkg/,1002802693,100.00,,
   321.368600536,39.76,Joules,power/energy-pkg/,1001041124,100.00,,
   322.369718518,39.01,Joules,power/energy-pkg/,1001117675,100.00,,
   323.370878807,39.96,Joules,power/energy-pkg/,1001167121,100.00,,
   324.372075815,50.35,Joules,power/energy-pkg/,1001183637,100.00,,
   325.372596802,39.54,Joules,power/energy-pkg/,1000482877,100.00,,
   326.375235790,18.60,Joules,power/energy-pkg/,1002638496,100.00,,
   327.376350633,17.33,Joules,power/energy-pkg/,1001104950,100.00,,
   328.377680915,16.54,Joules,power/energy-pkg/,1001342624,100.00,,
   329.378819988,42.63,Joules,power/energy-pkg/,1001133852,100.00,,
   330.380063476,48.02,Joules,power/energy-pkg/,1001190125,100.00,,
   331.380601074,41.07,Joules,power/energy-pkg/,1000526291,100.00,,
   332.381780628,18.45,Joules,power/energy-pkg/,1001161774,100.00,,
   333.382872021,46.07,Joules,power/energy-pkg/,1001115808,100.00,,
   334.384243797,35.03,Joules,power/energy-pkg/,1001329470,100.00,,
   335.384504572,45.73,Joules,power/energy-pkg/,1000241645,100.00,,
   336.385647118,38.87,Joules,power/energy-pkg/,1001139191,100.00,,
   337.386806767,46.20,Joules,power/energy-pkg/,1001146477,100.00,,
   338.387920374,44.50,Joules,power/energy-pkg/,1001130857,100.00,,
   339.388533271,40.77,Joules,power/energy-pkg/,1000606214,100.00,,
   340.389699039,31.30,Joules,power/energy-pkg/,1001134157,100.00,,
   341.390971740,11.41,Joules,power/energy-pkg/,1001263755,100.00,,
   342.392339687,6.54,Joules,power/energy-pkg/,1001358924,100.00,,
   343.393681814,6.66,Joules,power/energy-pkg/,1001325814,100.00,,
   344.394498176,32.18,Joules,power/energy-pkg/,1000842656,100.00,,
   345.395647508,61.21,Joules,power/energy-pkg/,1001084391,100.00,,
   346.396598670,55.62,Joules,power/energy-pkg/,1000984581,100.00,,
   347.397867682,41.51,Joules,power/energy-pkg/,1001213477,100.00,,
   348.398959812,30.44,Joules,power/energy-pkg/,1001092712,100.00,,
   349.400148117,28.40,Joules,power/energy-pkg/,1001189999,100.00,,
   350.400527651,32.34,Joules,power/energy-pkg/,1000393471,100.00,,
   351.401834249,44.74,Joules,power/energy-pkg/,1001248476,100.00,,
   352.403075902,38.20,Joules,power/energy-pkg/,1001298052,100.00,,
   353.404397499,48.41,Joules,power/energy-pkg/,1001242571,100.00,,
   354.405641099,34.36,Joules,power/energy-pkg/,1001224105,100.00,,
   355.406799962,9.19,Joules,power/energy-pkg/,1001149337,100.00,,
   356.407915075,20.87,Joules,power/energy-pkg/,1001116505,100.00,,
   357.408601155,37.38,Joules,power/energy-pkg/,1000661546,100.00,,
   358.409818200,30.73,Joules,power/energy-pkg/,1001326206,100.00,,
   359.411041871,36.95,Joules,power/energy-pkg/,1001103787,100.00,,
   360.412225685,42.72,Joules,power/energy-pkg/,1001165946,100.00,,
   361.412505995,45.48,Joules,power/energy-pkg/,1000258005,100.00,,
   362.413571549,47.39,Joules,power/energy-pkg/,1001057023,100.00,,
   363.414678431,33.55,Joules,power/energy-pkg/,1001096401,100.00,,
   364.415836223,45.80,Joules,power/energy-pkg/,1001169384,100.00,,
   365.416510856,47.46,Joules,power/energy-pkg/,1000657443,100.00,,
   366.417661458,50.15,Joules,power/energy-pkg/,1001138335,100.00,,
   367.418798153,62.51,Joules,power/energy-pkg/,1001143203,100.00,,
   368.420205714,55.87,Joules,power/energy-pkg/,1001408086,100.00,,
   369.420524211,45.67,Joules,power/energy-pkg/,1000273242,100.00,,
   370.421765726,29.79,Joules,power/energy-pkg/,1001237647,100.00,,
   371.423017241,12.75,Joules,power/energy-pkg/,1001221113,100.00,,
   372.424158044,31.83,Joules,power/energy-pkg/,1001204523,100.00,,
   373.424513520,44.98,Joules,power/energy-pkg/,1000281608,100.00,,
   374.425696909,61.06,Joules,power/energy-pkg/,1001165363,100.00,,
   375.426782996,34.96,Joules,power/energy-pkg/,1001072183,100.00,,
   376.428038946,40.91,Joules,power/energy-pkg/,1001244947,100.00,,
   377.428596090,50.32,Joules,power/energy-pkg/,1000542432,100.00,,
   378.429718708,38.93,Joules,power/energy-pkg/,1001112447,100.00,,
   379.430844202,39.86,Joules,power/energy-pkg/,1001111063,100.00,,
   380.432020849,45.10,Joules,power/energy-pkg/,1001168854,100.00,,
   381.432600466,38.94,Joules,power/energy-pkg/,1000566300,100.00,,
   382.433801565,33.14,Joules,power/energy-pkg/,1001190595,100.00,,
   383.434974917,29.69,Joules,power/energy-pkg/,1001160486,100.00,,
   384.436124606,30.07,Joules,power/energy-pkg/,1001141257,100.00,,
   385.436709896,22.12,Joules,power/energy-pkg/,1001660928,100.00,,
   386.438981149,33.35,Joules,power/energy-pkg/,1001197239,100.00,,
   387.440173939,34.35,Joules,power/energy-pkg/,1001156918,100.00,,
   388.440519246,35.25,Joules,power/energy-pkg/,1000338901,100.00,,
   389.441605592,7.25,Joules,power/energy-pkg/,1001077511,100.00,,
   390.442714891,37.11,Joules,power/energy-pkg/,1001103982,100.00,,
   391.443905407,45.34,Joules,power/energy-pkg/,1001260761,100.00,,
   392.444534017,44.17,Joules,power/energy-pkg/,1000523224,100.00,,
   393.445692879,33.96,Joules,power/energy-pkg/,1001143301,100.00,,
   394.446845871,50.68,Joules,power/energy-pkg/,1001175801,100.00,,
   395.448065300,39.88,Joules,power/energy-pkg/,1001178398,100.00,,
   396.448601024,25.37,Joules,power/energy-pkg/,1000517862,100.00,,
   397.449762841,47.99,Joules,power/energy-pkg/,1001153830,100.00,,
   398.450917318,25.97,Joules,power/energy-pkg/,1001145981,100.00,,
   399.452071295,20.78,Joules,power/energy-pkg/,1001167609,100.00,,
   400.452554438,28.34,Joules,power/energy-pkg/,1000470368,100.00,,
   401.453902571,24.93,Joules,power/energy-pkg/,1001314033,100.00,,
   402.455092790,11.03,Joules,power/energy-pkg/,1001175468,100.00,,
   403.456247227,38.79,Joules,power/energy-pkg/,1001143855,100.00,,
   404.456625727,14.52,Joules,power/energy-pkg/,1000383558,100.00,,
   405.457945918,24.13,Joules,power/energy-pkg/,1001309064,100.00,,
   406.459250462,38.21,Joules,power/energy-pkg/,1001306848,100.00,,
   407.460372859,38.37,Joules,power/energy-pkg/,1001076881,100.00,,
   408.460603772,24.96,Joules,power/energy-pkg/,1000220578,100.00,,
   409.461702522,43.49,Joules,power/energy-pkg/,1001123436,100.00,,
   410.462892080,33.26,Joules,power/energy-pkg/,1001144515,100.00,,
   411.464051919,42.74,Joules,power/energy-pkg/,1001148331,100.00,,
   412.464593815,14.03,Joules,power/energy-pkg/,1000528650,100.00,,
   413.465743062,37.68,Joules,power/energy-pkg/,1001141050,100.00,,
   414.466897480,22.67,Joules,power/energy-pkg/,1001159439,100.00,,
   415.468213944,18.27,Joules,power/energy-pkg/,1001285075,100.00,,
   416.468527530,35.71,Joules,power/energy-pkg/,1000317244,100.00,,
   417.469707992,68.33,Joules,power/energy-pkg/,1001180772,100.00,,
   418.470934854,57.98,Joules,power/energy-pkg/,1001189534,100.00,,
   419.472029845,18.94,Joules,power/energy-pkg/,1001100417,100.00,,
   420.472600474,22.62,Joules,power/energy-pkg/,1000546885,100.00,,
   421.473694812,12.75,Joules,power/energy-pkg/,1001080419,100.00,,
   422.474887670,27.43,Joules,power/energy-pkg/,1001182642,100.00,,
   423.475976981,47.60,Joules,power/energy-pkg/,1001077394,100.00,,
   424.476527818,52.55,Joules,power/energy-pkg/,1000571386,100.00,,
   425.477753353,40.17,Joules,power/energy-pkg/,1001182060,100.00,,
   426.478930769,15.07,Joules,power/energy-pkg/,1001187474,100.00,,
   427.480191319,20.56,Joules,power/energy-pkg/,1001235745,100.00,,
   428.480518323,35.46,Joules,power/energy-pkg/,1000307225,100.00,,
   429.481625935,47.61,Joules,power/energy-pkg/,1001102857,100.00,,
   430.482790407,37.89,Joules,power/energy-pkg/,1001150182,100.00,,
   431.484007203,31.19,Joules,power/energy-pkg/,1001222292,100.00,,
   432.485338920,5.89,Joules,power/energy-pkg/,1001319684,100.00,,
   433.486663897,6.29,Joules,power/energy-pkg/,1001309072,100.00,,
   434.487946766,30.61,Joules,power/energy-pkg/,1001262577,100.00,,
   435.488545780,50.42,Joules,power/energy-pkg/,1000713430,100.00,,
   436.490011638,63.40,Joules,power/energy-pkg/,1001351840,100.00,,
   437.491351073,61.75,Joules,power/energy-pkg/,1001339497,100.00,,
   438.492492497,56.07,Joules,power/energy-pkg/,1001133828,100.00,,
   439.493625976,56.85,Joules,power/energy-pkg/,1001078327,100.00,,
   440.494806144,32.60,Joules,power/energy-pkg/,1001170910,100.00,,
   441.495914384,36.89,Joules,power/energy-pkg/,1001106846,100.00,,
   442.496600028,41.46,Joules,power/energy-pkg/,1000669202,100.00,,
   443.497717719,52.40,Joules,power/energy-pkg/,1001099296,100.00,,
   444.498908239,49.70,Joules,power/energy-pkg/,1001248019,100.00,,
   445.500176583,40.47,Joules,power/energy-pkg/,1001199240,100.00,,
   446.500523751,44.05,Joules,power/energy-pkg/,1000358799,100.00,,
   447.501679780,50.62,Joules,power/energy-pkg/,1001170684,100.00,,
   448.502976947,48.83,Joules,power/energy-pkg/,1001269824,100.00,,
   449.504127691,53.63,Joules,power/energy-pkg/,1001120932,100.00,,
   450.504600376,50.68,Joules,power/energy-pkg/,1000457372,100.00,,
   451.505864099,38.11,Joules,power/energy-pkg/,1001242756,100.00,,
   452.507027772,24.69,Joules,power/energy-pkg/,1001147513,100.00,,
   453.508194168,33.24,Joules,power/energy-pkg/,1001155565,100.00,,
   454.508599074,41.45,Joules,power/energy-pkg/,1000388050,100.00,,
   455.509684648,30.43,Joules,power/energy-pkg/,1001088277,100.00,,
   456.510834274,55.81,Joules,power/energy-pkg/,1001125533,100.00,,
   457.511932452,57.20,Joules,power/energy-pkg/,1001089344,100.00,,
   458.512527496,50.12,Joules,power/energy-pkg/,1000604820,100.00,,
   459.513775003,40.68,Joules,power/energy-pkg/,1001217483,100.00,,
   460.514920014,36.93,Joules,power/energy-pkg/,1001132807,100.00,,
   461.516073038,38.74,Joules,power/energy-pkg/,1001159064,100.00,,
   462.516587394,32.93,Joules,power/energy-pkg/,1000481944,100.00,,
   463.517680153,40.13,Joules,power/energy-pkg/,1001114781,100.00,,
   464.518817198,46.99,Joules,power/energy-pkg/,1001111399,100.00,,
   465.520016355,50.58,Joules,power/energy-pkg/,1001186299,100.00,,
   466.520546731,38.91,Joules,power/energy-pkg/,1000508635,100.00,,
   467.521673875,42.32,Joules,power/energy-pkg/,1001127499,100.00,,
   468.522899130,36.41,Joules,power/energy-pkg/,1001222904,100.00,,
   469.524158973,21.67,Joules,power/energy-pkg/,1001240861,100.00,,
   470.525463774,6.69,Joules,power/energy-pkg/,1001296526,100.00,,
   471.526708703,27.91,Joules,power/energy-pkg/,1001256360,100.00,,
   472.527848913,45.87,Joules,power/energy-pkg/,1001103080,100.00,,
   473.528524316,57.00,Joules,power/energy-pkg/,1000681351,100.00,,
   474.529701844,59.32,Joules,power/energy-pkg/,1001147548,100.00,,
   475.530973121,37.76,Joules,power/energy-pkg/,1001292105,100.00,,
   476.532225061,21.79,Joules,power/energy-pkg/,1001196573,100.00,,
   477.533398076,9.24,Joules,power/energy-pkg/,1001181202,100.00,,
   478.534700289,19.24,Joules,power/energy-pkg/,1001312417,100.00,,
   479.535837053,40.95,Joules,power/energy-pkg/,1001086786,100.00,,
   480.536596906,31.83,Joules,power/energy-pkg/,1000744150,100.00,,
   481.537748436,29.15,Joules,power/energy-pkg/,1001144017,100.00,,
   482.538901796,41.40,Joules,power/energy-pkg/,1001170909,100.00,,
   483.540054072,26.92,Joules,power/energy-pkg/,1001188554,100.00,,
   484.540605699,20.85,Joules,power/energy-pkg/,1000462707,100.00,,
   485.541696078,45.95,Joules,power/energy-pkg/,1001080139,100.00,,
   486.542873844,59.63,Joules,power/energy-pkg/,1001191126,100.00,,
   487.544003770,55.48,Joules,power/energy-pkg/,1001095136,100.00,,
   488.544549256,57.11,Joules,power/energy-pkg/,1000594504,100.00,,
   489.545847775,51.10,Joules,power/energy-pkg/,1001255842,100.00,,
   490.547079789,43.30,Joules,power/energy-pkg/,1001206355,100.00,,
   491.548322852,39.75,Joules,power/energy-pkg/,1001218296,100.00,,
   492.548595765,24.81,Joules,power/energy-pkg/,1000259734,100.00,,
   493.549685515,36.97,Joules,power/energy-pkg/,1001078244,100.00,,
   494.550850401,51.64,Joules,power/energy-pkg/,1001157687,100.00,,
   495.551952575,47.43,Joules,power/energy-pkg/,1001099928,100.00,,
   496.552504044,34.74,Joules,power/energy-pkg/,1000527125,100.00,,
   497.553582362,36.11,Joules,power/energy-pkg/,1001070295,100.00,,
   498.554691147,36.87,Joules,power/energy-pkg/,1001101902,100.00,,
   499.555736481,29.98,Joules,power/energy-pkg/,1001042416,100.00,,
   500.556548867,33.08,Joules,power/energy-pkg/,1000824689,100.00,,
   501.557796182,41.83,Joules,power/energy-pkg/,1001272544,100.00,,
   502.559124450,43.71,Joules,power/energy-pkg/,1001292335,100.00,,
   503.560384514,54.52,Joules,power/energy-pkg/,1001258521,100.00,,
   504.561667469,53.00,Joules,power/energy-pkg/,1001274570,100.00,,
   505.562894252,42.67,Joules,power/energy-pkg/,1001193780,100.00,,
   506.564105208,34.63,Joules,power/energy-pkg/,1001167090,100.00,,
   507.564618812,22.12,Joules,power/energy-pkg/,1000518603,100.00,,
   508.565867680,23.83,Joules,power/energy-pkg/,1001217972,100.00,,
   509.567039101,55.75,Joules,power/energy-pkg/,1001192043,100.00,,
   510.568240178,50.76,Joules,power/energy-pkg/,1001160221,100.00,,
   511.568604327,37.16,Joules,power/energy-pkg/,1000396341,100.00,,
   512.569860447,41.64,Joules,power/energy-pkg/,1001297931,100.00,,
   513.571290576,31.81,Joules,power/energy-pkg/,1001338299,100.00,,
   514.572546208,16.77,Joules,power/energy-pkg/,1001266990,100.00,,
   515.573680365,32.84,Joules,power/energy-pkg/,1001084003,100.00,,
   516.574854565,36.71,Joules,power/energy-pkg/,1001173569,100.00,,
   517.576080112,28.74,Joules,power/energy-pkg/,1001212041,100.00,,
   518.576516734,57.47,Joules,power/energy-pkg/,1000419841,100.00,,
   519.577726863,54.12,Joules,power/energy-pkg/,1001260656,100.00,,
   520.579086305,44.03,Joules,power/energy-pkg/,1001310420,100.00,,
   521.580458172,24.39,Joules,power/energy-pkg/,1001355943,100.00,,
   522.581796659,14.97,Joules,power/energy-pkg/,1001311419,100.00,,
   523.582893341,40.78,Joules,power/energy-pkg/,1001081227,100.00,,
   524.584078584,30.91,Joules,power/energy-pkg/,1001195687,100.00,,
   525.584605731,30.43,Joules,power/energy-pkg/,1000498751,100.00,,
   526.585773844,39.98,Joules,power/energy-pkg/,1001156243,100.00,,
   527.586868355,49.01,Joules,power/energy-pkg/,1001119185,100.00,,
   528.588092407,43.31,Joules,power/energy-pkg/,1001179652,100.00,,
   529.588515880,42.58,Joules,power/energy-pkg/,1000416692,100.00,,
   530.589749146,49.18,Joules,power/energy-pkg/,1001294530,100.00,,
   531.591131923,47.50,Joules,power/energy-pkg/,1001298413,100.00,,
   532.592352325,43.88,Joules,power/energy-pkg/,1001247139,100.00,,
   533.592609920,49.41,Joules,power/energy-pkg/,1000203371,100.00,,
   534.593785180,45.15,Joules,power/energy-pkg/,1001167133,100.00,,
   535.594877616,39.51,Joules,power/energy-pkg/,1001090674,100.00,,
   536.595943603,32.75,Joules,power/energy-pkg/,1001067451,100.00,,
   537.596602264,34.65,Joules,power/energy-pkg/,1000627472,100.00,,
   538.597784905,39.24,Joules,power/energy-pkg/,1001169216,100.00,,
   539.598952395,34.02,Joules,power/energy-pkg/,1001156966,100.00,,
   540.600112726,33.61,Joules,power/energy-pkg/,1001148947,100.00,,
   541.600601864,8.24,Joules,power/energy-pkg/,1000495436,100.00,,
   542.601894518,14.57,Joules,power/energy-pkg/,1001264453,100.00,,
   543.603055987,21.69,Joules,power/energy-pkg/,1001155301,100.00,,
   544.604221624,34.65,Joules,power/energy-pkg/,1001148832,100.00,,
   545.604596560,14.74,Joules,power/energy-pkg/,1000361360,100.00,,
   546.605764840,41.92,Joules,power/energy-pkg/,1001164785,100.00,,
   547.608568025,69.90,Joules,power/energy-pkg/,1002809821,100.00,,
   548.609801153,71.09,Joules,power/energy-pkg/,1001224000,100.00,,
   549.611026206,65.97,Joules,power/energy-pkg/,1001211523,100.00,,
   550.612318605,51.13,Joules,power/energy-pkg/,1001293999,100.00,,
   551.612547645,35.59,Joules,power/energy-pkg/,1000233270,100.00,,
   552.613824525,36.87,Joules,power/energy-pkg/,1001237502,100.00,,
   553.615135781,20.50,Joules,power/energy-pkg/,1001280865,100.00,,
   554.616388900,29.88,Joules,power/energy-pkg/,1001266707,100.00,,
   555.617820347,17.76,Joules,power/energy-pkg/,1001414633,100.00,,
   556.618958514,22.06,Joules,power/energy-pkg/,1001144503,100.00,,
   557.620110004,25.70,Joules,power/energy-pkg/,1001120678,100.00,,
   558.620579033,34.57,Joules,power/energy-pkg/,1000439244,100.00,,
   559.621731452,50.57,Joules,power/energy-pkg/,1001172172,100.00,,
   560.622854814,34.77,Joules,power/energy-pkg/,1001118001,100.00,,
   561.624040507,36.57,Joules,power/energy-pkg/,1001149195,100.00,,
   562.624609391,27.53,Joules,power/energy-pkg/,1000565052,100.00,,
   563.625793764,32.95,Joules,power/energy-pkg/,1001161562,100.00,,
   564.626984906,63.15,Joules,power/energy-pkg/,1001179349,100.00,,
   565.628078524,56.08,Joules,power/energy-pkg/,1001095264,100.00,,
   566.629281036,40.20,Joules,power/energy-pkg/,1001197558,100.00,,
   567.630608534,28.35,Joules,power/energy-pkg/,1001297252,100.00,,
   568.631776746,33.32,Joules,power/energy-pkg/,1001159392,100.00,,
   569.632603797,19.04,Joules,power/energy-pkg/,1000832556,100.00,,
   570.633787700,32.85,Joules,power/energy-pkg/,1001156609,100.00,,
   571.634970174,15.27,Joules,power/energy-pkg/,1001189364,100.00,,
   572.636293972,25.33,Joules,power/energy-pkg/,1001295985,100.00,,
   573.637458669,40.18,Joules,power/energy-pkg/,1001151125,100.00,,
   574.638550824,34.09,Joules,power/energy-pkg/,1001091023,100.00,,
   575.639705486,40.73,Joules,power/energy-pkg/,1001139751,100.00,,
   576.640592904,30.08,Joules,power/energy-pkg/,1000870285,100.00,,
   577.641572476,47.37,Joules,power/energy-pkg/,1001022998,100.00,,
   578.642785919,56.69,Joules,power/energy-pkg/,1001190284,100.00,,
   579.644009195,48.66,Joules,power/energy-pkg/,1001181377,100.00,,
   580.645131449,19.00,Joules,power/energy-pkg/,1001117847,100.00,,
   581.646428515,26.63,Joules,power/energy-pkg/,1001270881,100.00,,
   582.647573786,32.22,Joules,power/energy-pkg/,1001136302,100.00,,
   583.648598382,16.48,Joules,power/energy-pkg/,1001017625,100.00,,
   584.649715444,30.15,Joules,power/energy-pkg/,1001104707,100.00,,
   585.650922351,42.35,Joules,power/energy-pkg/,1001194215,100.00,,
   586.652102629,32.10,Joules,power/energy-pkg/,1001196359,100.00,,
   587.652598490,40.16,Joules,power/energy-pkg/,1000455072,100.00,,
   588.655460305,49.48,Joules,power/energy-pkg/,1002902424,100.00,,
   589.656600001,40.50,Joules,power/energy-pkg/,1001077791,100.00,,
   590.657776401,40.81,Joules,power/energy-pkg/,1001217475,100.00,,
   591.658989577,48.60,Joules,power/energy-pkg/,1001169694,100.00,,
   592.660350562,25.64,Joules,power/energy-pkg/,1001355866,100.00,,
   593.661821871,5.49,Joules,power/energy-pkg/,1001462726,100.00,,
   594.663156726,23.91,Joules,power/energy-pkg/,1001301471,100.00,,
   595.664333037,24.87,Joules,power/energy-pkg/,1001181582,100.00,,
   596.665731582,19.98,Joules,power/energy-pkg/,1001369233,100.00,,
   597.666903911,21.61,Joules,power/energy-pkg/,1001179436,100.00,,
   598.668203412,19.98,Joules,power/energy-pkg/,1001271988,100.00,,
   599.668640509,44.97,Joules,power/energy-pkg/,1000488358,100.00,,
   600.669900404,51.04,Joules,power/energy-pkg/,1001201765,100.00,,
   601.671217954,31.90,Joules,power/energy-pkg/,1001298287,100.00,,
   602.672051703,10.30,Joules,power/energy-pkg/,1000873946,100.00,,
   603.672542410,37.56,Joules,power/energy-pkg/,1000422778,100.00,,
   604.673722151,43.38,Joules,power/energy-pkg/,1001169767,100.00,,
   605.674923991,15.97,Joules,power/energy-pkg/,1001190545,100.00,,
   606.676041607,20.73,Joules,power/energy-pkg/,1001122689,100.00,,
   607.676515252,42.74,Joules,power/energy-pkg/,1000471446,100.00,,
   608.677640550,54.33,Joules,power/energy-pkg/,1001118204,100.00,,
   609.678831596,28.03,Joules,power/energy-pkg/,1001177812,100.00,,
   610.680026391,27.01,Joules,power/energy-pkg/,1001177106,100.00,,
   611.680600760,28.15,Joules,power/energy-pkg/,1000541566,100.00,,
   612.681753333,39.30,Joules,power/energy-pkg/,1001179808,100.00,,
   613.682980260,42.01,Joules,power/energy-pkg/,1001182145,100.00,,
   614.684056658,50.70,Joules,power/energy-pkg/,1001063735,100.00,,
   615.684610262,37.43,Joules,power/energy-pkg/,1000563558,100.00,,
   616.685924994,36.00,Joules,power/energy-pkg/,1001285795,100.00,,
   617.687091233,41.48,Joules,power/energy-pkg/,1001162177,100.00,,
   618.688264282,47.48,Joules,power/energy-pkg/,1001155272,100.00,,
   619.688516043,44.73,Joules,power/energy-pkg/,1000268934,100.00,,
   620.689700350,37.41,Joules,power/energy-pkg/,1001175217,100.00,,
   621.690890125,44.86,Joules,power/energy-pkg/,1001152785,100.00,,
   622.692074302,36.68,Joules,power/energy-pkg/,1001174704,100.00,,
   623.692606903,40.57,Joules,power/energy-pkg/,1000541847,100.00,,
   624.693800483,41.25,Joules,power/energy-pkg/,1001159893,100.00,,
   625.694944561,43.86,Joules,power/energy-pkg/,1001148658,100.00,,
   626.696098033,45.48,Joules,power/energy-pkg/,1001127784,100.00,,
   627.696592899,44.03,Joules,power/energy-pkg/,1000481775,100.00,,
   628.697758205,52.05,Joules,power/energy-pkg/,1001163794,100.00,,
   629.698972385,37.54,Joules,power/energy-pkg/,1001454297,100.00,,
   630.700519887,12.76,Joules,power/energy-pkg/,1001274231,100.00,,
   631.701679112,32.40,Joules,power/energy-pkg/,1001154373,100.00,,
   632.702839388,36.23,Joules,power/energy-pkg/,1001150062,100.00,,
   633.704008341,43.95,Joules,power/energy-pkg/,1001158093,100.00,,
   634.704590700,24.73,Joules,power/energy-pkg/,1000570956,100.00,,
   635.705761374,40.74,Joules,power/energy-pkg/,1001172735,100.00,,
   636.707006031,41.17,Joules,power/energy-pkg/,1001222733,100.00,,
   637.708227914,26.66,Joules,power/energy-pkg/,1001234021,100.00,,
   638.709568316,41.29,Joules,power/energy-pkg/,1001305292,100.00,,
   639.710728576,32.78,Joules,power/energy-pkg/,1001152933,100.00,,
   640.711430497,34.50,Joules,power/energy-pkg/,1000700282,100.00,,
   641.712590994,35.13,Joules,power/energy-pkg/,1001132764,100.00,,
   642.713737223,16.68,Joules,power/energy-pkg/,1001142337,100.00,,
   643.714914202,38.48,Joules,power/energy-pkg/,1001166421,100.00,,
   644.716083755,32.21,Joules,power/energy-pkg/,1001155753,100.00,,
   645.716574370,37.66,Joules,power/energy-pkg/,1000500847,100.00,,
   646.717790979,42.83,Joules,power/energy-pkg/,1001182214,100.00,,
   647.718868681,45.39,Joules,power/energy-pkg/,1001075031,100.00,,
   648.720059309,42.97,Joules,power/energy-pkg/,1001203342,100.00,,
   649.720505972,44.63,Joules,power/energy-pkg/,1000406677,100.00,,
   650.721594320,50.74,Joules,power/energy-pkg/,1001113813,100.00,,
   651.722796661,60.04,Joules,power/energy-pkg/,1001187581,100.00,,
   652.724189784,56.25,Joules,power/energy-pkg/,1001357535,100.00,,
   653.724597012,47.61,Joules,power/energy-pkg/,1000394240,100.00,,
   654.725780809,47.09,Joules,power/energy-pkg/,1001172782,100.00,,
   655.726957704,23.77,Joules,power/energy-pkg/,1001184877,100.00,,
   656.728319991,5.69,Joules,power/energy-pkg/,1001349962,100.00,,
   657.728599855,13.41,Joules,power/energy-pkg/,1000268437,100.00,,
   658.729780159,38.99,Joules,power/energy-pkg/,1001165220,100.00,,
   659.730917714,30.64,Joules,power/energy-pkg/,1001125659,100.00,,
   660.732149873,24.88,Joules,power/energy-pkg/,1001262934,100.00,,
   661.732504364,51.96,Joules,power/energy-pkg/,1000288470,100.00,,
   662.733704218,58.60,Joules,power/energy-pkg/,1001195968,100.00,,
   663.734840051,36.33,Joules,power/energy-pkg/,1001139668,100.00,,
   664.736082085,33.92,Joules,power/energy-pkg/,1001216414,100.00,,
   665.736519094,41.62,Joules,power/energy-pkg/,1000434463,100.00,,
   666.737640463,14.78,Joules,power/energy-pkg/,1001143675,100.00,,
   667.738842751,40.29,Joules,power/energy-pkg/,1001191570,100.00,,
   668.740061358,49.97,Joules,power/energy-pkg/,1001189296,100.00,,
   669.740544855,50.46,Joules,power/energy-pkg/,1000558242,100.00,,
   670.741872625,59.18,Joules,power/energy-pkg/,1001296446,100.00,,
   671.742731281,58.05,Joules,power/energy-pkg/,1000774716,100.00,,
   672.743855197,54.43,Joules,power/energy-pkg/,1001096859,100.00,,
   673.745042019,35.83,Joules,power/energy-pkg/,1001178944,100.00,,
   674.746130150,30.65,Joules,power/energy-pkg/,1001080197,100.00,,
   675.747315604,43.17,Joules,power/energy-pkg/,1001173826,100.00,,
   676.748435289,63.71,Joules,power/energy-pkg/,1001108901,100.00,,
   677.749655721,43.15,Joules,power/energy-pkg/,1001224845,100.00,,
   678.750964605,15.22,Joules,power/energy-pkg/,1001279992,100.00,,
   679.752049034,31.19,Joules,power/energy-pkg/,1001112974,100.00,,
   680.752594705,30.18,Joules,power/energy-pkg/,1000496515,100.00,,
   681.753699030,26.17,Joules,power/energy-pkg/,1001093265,100.00,,
   682.754882029,57.08,Joules,power/energy-pkg/,1001178359,100.00,,
   683.755270760,47.38,Joules,power/energy-pkg/,1000389132,100.00,,
   684.756372119,59.53,Joules,power/energy-pkg/,1001071657,100.00,,
   685.756594030,54.65,Joules,power/energy-pkg/,1000211100,100.00,,
   686.757683813,37.14,Joules,power/energy-pkg/,1001097624,100.00,,
   687.758811274,42.99,Joules,power/energy-pkg/,1001120809,100.00,,
   688.760037712,55.61,Joules,power/energy-pkg/,1001237247,100.00,,
   689.760531595,47.47,Joules,power/energy-pkg/,1000446518,100.00,,
   690.761676021,47.30,Joules,power/energy-pkg/,1001297238,100.00,,
   691.763326234,43.34,Joules,power/energy-pkg/,1001481788,100.00,,
   692.764556958,39.17,Joules,power/energy-pkg/,1001211631,100.00,,
   693.765720460,27.66,Joules,power/energy-pkg/,1001158708,100.00,,
   694.766826265,36.93,Joules,power/energy-pkg/,1001094531,100.00,,
   695.768059730,45.32,Joules,power/energy-pkg/,1001226526,100.00,,
   696.768512335,47.39,Joules,power/energy-pkg/,1000451792,100.00,,
   697.769761754,37.84,Joules,power/energy-pkg/,1001220272,100.00,,
   698.770849216,18.77,Joules,power/energy-pkg/,1001083441,100.00,,
   699.772029024,40.99,Joules,power/energy-pkg/,1001177216,100.00,,
   700.773241382,38.81,Joules,power/energy-pkg/,1001197226,100.00,,
   701.774484415,35.35,Joules,power/energy-pkg/,1001225208,100.00,,
   702.775656173,22.02,Joules,power/energy-pkg/,1001158969,100.00,,
   703.776509702,31.94,Joules,power/energy-pkg/,1000841349,100.00,,
   704.777677449,37.53,Joules,power/energy-pkg/,1001169814,100.00,,
   705.778910563,26.87,Joules,power/energy-pkg/,1001213804,100.00,,
   706.780063100,35.74,Joules,power/energy-pkg/,1001142732,100.00,,
   707.780587980,37.67,Joules,power/energy-pkg/,1000510347,100.00,,
   708.781751396,51.02,Joules,power/energy-pkg/,1001157625,100.00,,
   709.782853740,49.05,Joules,power/energy-pkg/,1001128896,100.00,,
   710.784018956,50.86,Joules,power/energy-pkg/,1001203915,100.00,,
   711.784540897,59.04,Joules,power/energy-pkg/,1000523552,100.00,,
   712.786060079,37.63,Joules,power/energy-pkg/,1001410186,100.00,,
   713.787262576,32.76,Joules,power/energy-pkg/,1001239760,100.00,,
   714.788490767,20.60,Joules,power/energy-pkg/,1001181888,100.00,,
   715.789697303,52.66,Joules,power/energy-pkg/,1001184877,100.00,,
   716.790730846,36.62,Joules,power/energy-pkg/,1001114805,100.00,,
   717.792049046,17.76,Joules,power/energy-pkg/,1001246827,100.00,,
   718.792577409,41.51,Joules,power/energy-pkg/,1000505574,100.00,,
   719.793688062,54.01,Joules,power/energy-pkg/,1001100827,100.00,,
   720.794868031,36.54,Joules,power/energy-pkg/,1001149517,100.00,,
   721.796014505,37.19,Joules,power/energy-pkg/,1001136551,100.00,,
   722.796603540,23.62,Joules,power/energy-pkg/,1000603659,100.00,,
   723.797486046,20.64,Joules,power/energy-pkg/,1001483954,100.00,,
   724.799317713,44.29,Joules,power/energy-pkg/,1001186031,100.00,,
   725.800517996,45.62,Joules,power/energy-pkg/,1001193012,100.00,,
   726.801716657,18.86,Joules,power/energy-pkg/,1001187131,100.00,,
   727.802869325,37.81,Joules,power/energy-pkg/,1001160875,100.00,,
   728.804077891,42.68,Joules,power/energy-pkg/,1001188200,100.00,,
   729.804516258,28.98,Joules,power/energy-pkg/,1000425845,100.00,,
   730.805706872,26.32,Joules,power/energy-pkg/,1001170522,100.00,,
   731.806808784,34.02,Joules,power/energy-pkg/,1001101542,100.00,,
   732.807912969,48.94,Joules,power/energy-pkg/,1001082450,100.00,,
   733.808592680,40.19,Joules,power/energy-pkg/,1000702996,100.00,,
   734.809805025,25.80,Joules,power/energy-pkg/,1001170172,100.00,,
   735.810985754,55.58,Joules,power/energy-pkg/,1001178479,100.00,,
   736.812202561,44.30,Joules,power/energy-pkg/,1001204421,100.00,,
   737.812591025,43.26,Joules,power/energy-pkg/,1000367676,100.00,,
   738.813787472,25.56,Joules,power/energy-pkg/,1001206831,100.00,,
   739.815043369,29.47,Joules,power/energy-pkg/,1001237541,100.00,,
   740.816141704,39.43,Joules,power/energy-pkg/,1001087497,100.00,,
   741.817387485,29.45,Joules,power/energy-pkg/,1001244337,100.00,,
   742.818706675,23.69,Joules,power/energy-pkg/,1001291955,100.00,,
   743.819800393,26.36,Joules,power/energy-pkg/,1001083583,100.00,,
   744.820603515,6.67,Joules,power/energy-pkg/,1000808700,100.00,,
   745.821864426,33.18,Joules,power/energy-pkg/,1001241525,100.00,,
   746.823094781,39.60,Joules,power/energy-pkg/,1001221688,100.00,,
   747.824262615,21.32,Joules,power/energy-pkg/,1001155363,100.00,,
   748.824596361,32.14,Joules,power/energy-pkg/,1000313337,100.00,,
   749.825780298,47.67,Joules,power/energy-pkg/,1001232749,100.00,,
   750.827044521,46.80,Joules,power/energy-pkg/,1001209053,100.00,,
   751.828239479,50.25,Joules,power/energy-pkg/,1001182304,100.00,,
   752.828591428,50.76,Joules,power/energy-pkg/,1000329760,100.00,,
   753.829751006,58.40,Joules,power/energy-pkg/,1001177747,100.00,,
   754.830898387,53.08,Joules,power/energy-pkg/,1001119660,100.00,,
   755.832008608,58.46,Joules,power/energy-pkg/,1001121417,100.00,,
   756.833173643,48.28,Joules,power/energy-pkg/,1001140038,100.00,,
   757.834401210,38.14,Joules,power/energy-pkg/,1001204366,100.00,,
   758.835597158,45.10,Joules,power/energy-pkg/,1001184888,100.00,,
   759.836593960,44.92,Joules,power/energy-pkg/,1000982626,100.00,,
   760.837686302,51.51,Joules,power/energy-pkg/,1001083038,100.00,,
   761.838886296,40.75,Joules,power/energy-pkg/,1001188413,100.00,,
   762.839968636,33.80,Joules,power/energy-pkg/,1001069368,100.00,,
   763.840592450,54.47,Joules,power/energy-pkg/,1000624108,100.00,,
   764.841753135,38.32,Joules,power/energy-pkg/,1001155467,100.00,,
   765.843105103,17.05,Joules,power/energy-pkg/,1001353794,100.00,,
   766.844445310,23.02,Joules,power/energy-pkg/,1001306286,100.00,,
   767.845556160,67.00,Joules,power/energy-pkg/,1001124785,100.00,,
   768.846715073,39.65,Joules,power/energy-pkg/,1001136829,100.00,,
   769.848007901,13.72,Joules,power/energy-pkg/,1001270047,100.00,,
   770.848590163,37.48,Joules,power/energy-pkg/,1000566975,100.00,,
   771.849744539,22.47,Joules,power/energy-pkg/,1001165587,100.00,,
   772.851027648,26.05,Joules,power/energy-pkg/,1001258771,100.00,,
   773.852191533,33.91,Joules,power/energy-pkg/,1001151601,100.00,,
   774.852517393,34.18,Joules,power/energy-pkg/,1000325413,100.00,,
   775.853635917,43.34,Joules,power/energy-pkg/,1001096599,100.00,,
   776.854814860,26.37,Joules,power/energy-pkg/,1001187392,100.00,,
   777.856125126,23.16,Joules,power/energy-pkg/,1001283388,100.00,,
   778.857306475,30.52,Joules,power/energy-pkg/,1001168771,100.00,,
   779.858456015,35.05,Joules,power/energy-pkg/,1001138258,100.00,,
   780.859613336,34.59,Joules,power/energy-pkg/,1001148407,100.00,,
   781.860517265,46.04,Joules,power/energy-pkg/,1000914909,100.00,,
   782.861684483,51.99,Joules,power/energy-pkg/,1001139382,100.00,,
   783.862884345,41.78,Joules,power/energy-pkg/,1001186746,100.00,,
   784.863976494,41.77,Joules,power/energy-pkg/,1001078912,100.00,,
   785.865392390,25.81,Joules,power/energy-pkg/,1001408615,100.00,,
   786.866526700,38.31,Joules,power/energy-pkg/,1001215469,100.00,,
   787.867993318,54.99,Joules,power/energy-pkg/,1001396071,100.00,,
   788.868550153,58.07,Joules,power/energy-pkg/,1000604630,100.00,,
   789.869931828,55.41,Joules,power/energy-pkg/,1001313998,100.00,,
   790.871149264,42.25,Joules,power/energy-pkg/,1001176208,100.00,,
   791.872323993,18.18,Joules,power/energy-pkg/,1001163368,100.00,,
   792.872509057,33.45,Joules,power/energy-pkg/,1000174964,100.00,,
   793.873719306,31.38,Joules,power/energy-pkg/,1001198222,100.00,,
   794.874892022,29.03,Joules,power/energy-pkg/,1001165454,100.00,,
   795.875972201,47.18,Joules,power/energy-pkg/,1001073601,100.00,,
   796.876507317,46.29,Joules,power/energy-pkg/,1000520741,100.00,,
   797.877626704,38.70,Joules,power/energy-pkg/,1001110481,100.00,,
   798.878814863,35.66,Joules,power/energy-pkg/,1001179810,100.00,,
   799.879926218,31.73,Joules,power/energy-pkg/,1001105637,100.00,,
   800.880513294,41.12,Joules,power/energy-pkg/,1000565232,100.00,,
   801.880938479,41.48,Joules,power/energy-pkg/,1000433765,100.00,,
   802.882075402,38.70,Joules,power/energy-pkg/,1001111396,100.00,,
   803.883186897,19.27,Joules,power/energy-pkg/,1001098111,100.00,,
   804.884303285,21.79,Joules,power/energy-pkg/,1001118290,100.00,,
   805.884592168,50.78,Joules,power/energy-pkg/,1000295027,100.00,,
   806.885792562,66.08,Joules,power/energy-pkg/,1001164876,100.00,,
   807.886925282,75.38,Joules,power/energy-pkg/,1001142422,100.00,,
   808.888087263,64.84,Joules,power/energy-pkg/,1001212753,100.00,,
   809.888587899,62.03,Joules,power/energy-pkg/,1000433654,100.00,,
   810.889713318,61.28,Joules,power/energy-pkg/,1001140152,100.00,,
   811.891010739,51.06,Joules,power/energy-pkg/,1001238704,100.00,,
   812.892173634,25.63,Joules,power/energy-pkg/,1001151716,100.00,,
   813.892599380,17.98,Joules,power/energy-pkg/,1000415977,100.00,,
   814.893494388,36.62,Joules,power/energy-pkg/,1000956727,100.00,,
   815.894665769,50.09,Joules,power/energy-pkg/,1001098072,100.00,,
   816.895837175,55.75,Joules,power/energy-pkg/,1001260131,100.00,,
   817.896557522,53.03,Joules,power/energy-pkg/,1000630289,100.00,,
   818.897849519,54.94,Joules,power/energy-pkg/,1001342561,100.00,,
   819.899249621,51.68,Joules,power/energy-pkg/,1001359109,100.00,,
   820.900538557,62.62,Joules,power/energy-pkg/,1001222051,100.00,,
   821.901716243,48.96,Joules,power/energy-pkg/,1001196288,100.00,,
   822.902918658,36.98,Joules,power/energy-pkg/,1001222309,100.00,,
   823.904237109,49.23,Joules,power/energy-pkg/,1001248635,100.00,,
   824.904595908,59.26,Joules,power/energy-pkg/,1000341886,100.00,,
   825.905741575,45.34,Joules,power/energy-pkg/,1001142471,100.00,,
   826.906907395,39.12,Joules,power/energy-pkg/,1001151511,100.00,,
   827.908021754,40.08,Joules,power/energy-pkg/,1001145489,100.00,,
   828.908584622,61.44,Joules,power/energy-pkg/,1000540249,100.00,,
   829.909765344,59.78,Joules,power/energy-pkg/,1001175902,100.00,,
   830.910967317,38.40,Joules,power/energy-pkg/,1001160425,100.00,,
   831.912139112,19.81,Joules,power/energy-pkg/,1001163828,100.00,,
   832.913248127,16.01,Joules,power/energy-pkg/,1001104913,100.00,,
   833.914462405,24.10,Joules,power/energy-pkg/,1001212937,100.00,,
   834.915787304,5.51,Joules,power/energy-pkg/,1001313959,100.00,,
   835.916506916,23.55,Joules,power/energy-pkg/,1000689105,100.00,,
   836.917722705,48.52,Joules,power/energy-pkg/,1001239949,100.00,,
   837.918929234,38.13,Joules,power/energy-pkg/,1001172486,100.00,,
   838.920115469,18.51,Joules,power/energy-pkg/,1001185954,100.00,,
   839.920511862,23.77,Joules,power/energy-pkg/,1000380159,100.00,,
   840.921663821,41.81,Joules,power/energy-pkg/,1001221413,100.00,,
   841.923097681,30.34,Joules,power/energy-pkg/,1001354146,100.00,,
   842.924434763,24.44,Joules,power/energy-pkg/,1001319671,100.00,,
   843.925750124,20.90,Joules,power/energy-pkg/,1001307582,100.00,,
   844.926948066,45.21,Joules,power/energy-pkg/,1001249889,100.00,,
   845.928361655,36.17,Joules,power/energy-pkg/,1001326681,100.00,,
   846.928589694,31.47,Joules,power/energy-pkg/,1000213555,100.00,,
   847.929757744,41.46,Joules,power/energy-pkg/,1001162073,100.00,,
   848.930925137,34.10,Joules,power/energy-pkg/,1001177655,100.00,,
   849.932121246,42.14,Joules,power/energy-pkg/,1001172721,100.00,,
   850.932601635,30.68,Joules,power/energy-pkg/,1000485641,100.00,,
   851.933859328,19.66,Joules,power/energy-pkg/,1001241933,100.00,,
   852.935164740,14.90,Joules,power/energy-pkg/,1001301581,100.00,,
   853.936290063,30.30,Joules,power/energy-pkg/,1001090399,100.00,,
   854.936599774,37.01,Joules,power/energy-pkg/,1000294045,100.00,,
   855.937692291,49.08,Joules,power/energy-pkg/,1001156316,100.00,,
   856.938991472,56.33,Joules,power/energy-pkg/,1001265654,100.00,,
   857.940153022,45.03,Joules,power/energy-pkg/,1001102449,100.00,,
   858.940506956,37.38,Joules,power/energy-pkg/,1000344213,100.00,,
   859.941623775,50.19,Joules,power/energy-pkg/,1001145475,100.00,,
   860.942849754,56.08,Joules,power/energy-pkg/,1001217302,100.00,,
   861.944186448,58.43,Joules,power/energy-pkg/,1001316424,100.00,,
   862.944538081,57.69,Joules,power/energy-pkg/,1000395924,100.00,,
   863.945830418,49.25,Joules,power/energy-pkg/,1001214659,100.00,,
   864.947030484,40.85,Joules,power/energy-pkg/,1001229935,100.00,,
   865.948319209,27.84,Joules,power/energy-pkg/,1001241532,100.00,,
   866.949686720,21.56,Joules,power/energy-pkg/,1001342088,100.00,,
   867.950793108,42.18,Joules,power/energy-pkg/,1001092775,100.00,,
   868.951178143,48.01,Joules,power/energy-pkg/,1000414570,100.00,,
   869.952430214,36.85,Joules,power/energy-pkg/,1001200163,100.00,,
   870.953532199,28.93,Joules,power/energy-pkg/,1001109540,100.00,,
   871.954712440,24.08,Joules,power/energy-pkg/,1001175336,100.00,,
   872.955975065,13.03,Joules,power/energy-pkg/,1001243591,100.00,,
   873.956600952,17.62,Joules,power/energy-pkg/,1000601709,100.00,,
   874.957767218,27.49,Joules,power/energy-pkg/,1001162421,100.00,,
   875.958973690,34.80,Joules,power/energy-pkg/,1001192081,100.00,,
   876.960121102,44.96,Joules,power/energy-pkg/,1001141052,100.00,,
   877.960735896,42.93,Joules,power/energy-pkg/,1000650608,100.00,,
   878.961884188,47.08,Joules,power/energy-pkg/,1001099101,100.00,,
   879.963054425,44.05,Joules,power/energy-pkg/,1001151452,100.00,,
   880.964232018,33.52,Joules,power/energy-pkg/,1001167977,100.00,,
   881.964514286,41.19,Joules,power/energy-pkg/,1000339921,100.00,,
   882.965757862,31.56,Joules,power/energy-pkg/,1001172267,100.00,,
   883.966902311,39.42,Joules,power/energy-pkg/,1001146627,100.00,,
   884.968205395,47.83,Joules,power/energy-pkg/,1001274103,100.00,,
   885.968596038,60.05,Joules,power/energy-pkg/,1000412233,100.00,,
   886.969802941,46.43,Joules,power/energy-pkg/,1001193040,100.00,,
   887.971000463,37.81,Joules,power/energy-pkg/,1001156789,100.00,,
   888.972163388,37.34,Joules,power/energy-pkg/,1001158342,100.00,,
   889.972593783,41.40,Joules,power/energy-pkg/,1000423518,100.00,,
   890.973808196,25.82,Joules,power/energy-pkg/,1001214832,100.00,,
   891.975122919,30.33,Joules,power/energy-pkg/,1001317571,100.00,,
   892.976275444,21.18,Joules,power/energy-pkg/,1001118898,100.00,,
   893.976595152,26.11,Joules,power/energy-pkg/,1000298119,100.00,,
   894.977672332,52.26,Joules,power/energy-pkg/,1001073792,100.00,,
   895.978870714,49.88,Joules,power/energy-pkg/,1001189391,100.00,,
   896.980081907,44.44,Joules,power/energy-pkg/,1001226762,100.00,,
   897.980513260,39.75,Joules,power/energy-pkg/,1000403037,100.00,,
   898.981768059,38.49,Joules,power/energy-pkg/,1001256041,100.00,,
   899.982950050,40.95,Joules,power/energy-pkg/,1001149264,100.00,,
   900.984109068,38.93,Joules,power/energy-pkg/,1001150965,100.00,,
   901.985290032,36.35,Joules,power/energy-pkg/,1001187416,100.00,,
   902.986543893,29.65,Joules,power/energy-pkg/,1001241066,100.00,,
   903.987894068,50.27,Joules,power/energy-pkg/,1001375253,100.00,,
   904.988532926,56.85,Joules,power/energy-pkg/,1000577665,100.00,,
   905.989657450,58.31,Joules,power/energy-pkg/,1001130554,100.00,,
   906.990893285,59.19,Joules,power/energy-pkg/,1001207959,100.00,,
   907.992046294,33.91,Joules,power/energy-pkg/,1001143341,100.00,,
   908.992614615,25.86,Joules,power/energy-pkg/,1000557041,100.00,,
   909.993809380,16.27,Joules,power/energy-pkg/,1001207231,100.00,,
   910.994521119,16.15,Joules,power/energy-pkg/,1000814535,100.00,,
   911.995974857,17.15,Joules,power/energy-pkg/,1001340765,100.00,,
   912.996590531,32.83,Joules,power/energy-pkg/,1000572199,100.00,,
   913.997752525,42.97,Joules,power/energy-pkg/,1001189455,100.00,,
   914.998875209,43.46,Joules,power/energy-pkg/,1001084749,100.00,,
   916.000135176,52.49,Joules,power/energy-pkg/,1001246229,100.00,,
   917.000602402,46.03,Joules,power/energy-pkg/,1000466389,100.00,,
   918.001861936,53.52,Joules,power/energy-pkg/,1001325948,100.00,,
   919.003190560,51.21,Joules,power/energy-pkg/,1001266561,100.00,,
   920.004518809,61.55,Joules,power/energy-pkg/,1001313294,100.00,,
   921.005720815,33.89,Joules,power/energy-pkg/,1001166627,100.00,,
   922.006080818,31.17,Joules,power/energy-pkg/,1000404631,100.00,,
   923.007377693,27.30,Joules,power/energy-pkg/,1001240917,100.00,,
   924.008608724,24.74,Joules,power/energy-pkg/,1001204497,100.00,,
   925.009763111,24.59,Joules,power/energy-pkg/,1001147149,100.00,,
   926.010924835,29.02,Joules,power/energy-pkg/,1001150401,100.00,,
   927.012007394,47.92,Joules,power/energy-pkg/,1001083917,100.00,,
   928.012505508,60.56,Joules,power/energy-pkg/,1000476205,100.00,,
   929.013684548,64.38,Joules,power/energy-pkg/,1001172400,100.00,,
   930.014852154,45.53,Joules,power/energy-pkg/,1001154867,100.00,,
   931.015941126,31.70,Joules,power/energy-pkg/,1001078913,100.00,,
   932.016693596,32.98,Joules,power/energy-pkg/,1000763157,100.00,,
   933.017931679,35.16,Joules,power/energy-pkg/,1001204641,100.00,,
   934.019097343,36.37,Joules,power/energy-pkg/,1001159814,100.00,,
   935.020269774,26.67,Joules,power/energy-pkg/,1001177949,100.00,,
   936.020612576,6.40,Joules,power/energy-pkg/,1000333701,100.00,,
   937.021934443,20.12,Joules,power/energy-pkg/,1001294442,100.00,,
   938.023023039,37.02,Joules,power/energy-pkg/,1001079024,100.00,,
   939.024222682,36.84,Joules,power/energy-pkg/,1001216590,100.00,,
   940.024592482,42.12,Joules,power/energy-pkg/,1000327577,100.00,,
   941.025711094,57.08,Joules,power/energy-pkg/,1001219020,100.00,,
   942.026500379,46.44,Joules,power/energy-pkg/,1000728632,100.00,,
   943.027760010,60.36,Joules,power/energy-pkg/,1001219415,100.00,,
   944.028540382,66.11,Joules,power/energy-pkg/,1000849117,100.00,,
   945.029956852,39.75,Joules,power/energy-pkg/,1001326746,100.00,,
   946.031073395,25.22,Joules,power/energy-pkg/,1001080191,100.00,,
   947.032260519,14.78,Joules,power/energy-pkg/,1001178949,100.00,,
   948.032593669,32.52,Joules,power/energy-pkg/,1000320343,100.00,,
   949.033753178,26.24,Joules,power/energy-pkg/,1001175119,100.00,,
   950.034863170,30.79,Joules,power/energy-pkg/,1001074859,100.00,,
   951.036036472,40.42,Joules,power/energy-pkg/,1001169453,100.00,,
   952.036596858,32.78,Joules,power/energy-pkg/,1000542978,100.00,,
   953.037746981,29.55,Joules,power/energy-pkg/,1001143625,100.00,,
   954.038916478,44.63,Joules,power/energy-pkg/,1001168231,100.00,,
   955.039497353,57.51,Joules,power/energy-pkg/,1000629105,100.00,,
   956.040599465,54.21,Joules,power/energy-pkg/,1001083803,100.00,,
   957.041170339,47.26,Joules,power/energy-pkg/,1000530240,100.00,,
   958.042364496,36.78,Joules,power/energy-pkg/,1001161826,100.00,,
   959.043528936,19.59,Joules,power/energy-pkg/,1001146093,100.00,,
   960.044596355,27.30,Joules,power/energy-pkg/,1001054685,100.00,,
   961.045663441,32.41,Joules,power/energy-pkg/,1001057673,100.00,,
   962.046739304,53.66,Joules,power/energy-pkg/,1001067524,100.00,,
   963.047902007,39.46,Joules,power/energy-pkg/,1001155491,100.00,,
   964.048600263,32.64,Joules,power/energy-pkg/,1000686591,100.00,,
   965.049758669,14.35,Joules,power/energy-pkg/,1001169841,100.00,,
   966.050870302,36.73,Joules,power/energy-pkg/,1001079047,100.00,,
   967.051970289,50.28,Joules,power/energy-pkg/,1001088952,100.00,,
   968.052597811,35.89,Joules,power/energy-pkg/,1000630313,100.00,,
   969.053855063,36.69,Joules,power/energy-pkg/,1001240456,100.00,,
   970.054964881,27.98,Joules,power/energy-pkg/,1001112397,100.00,,
   971.056273642,6.17,Joules,power/energy-pkg/,1001302463,100.00,,
   972.056628262,5.62,Joules,power/energy-pkg/,1000343309,100.00,,
   973.057926486,8.40,Joules,power/energy-pkg/,1001271837,100.00,,
   974.059079560,28.44,Joules,power/energy-pkg/,1001142259,100.00,,
   975.060260296,17.15,Joules,power/energy-pkg/,1001189203,100.00,,
   976.061638238,5.32,Joules,power/energy-pkg/,1001369083,100.00,,
   977.063009047,5.30,Joules,power/energy-pkg/,1001360224,100.00,,
   978.064380970,4.95,Joules,power/energy-pkg/,1001361685,100.00,,
   979.065752998,5.20,Joules,power/energy-pkg/,1001362027,100.00,,
   980.067231711,5.23,Joules,power/energy-pkg/,1001474400,100.00,,
   981.068598680,5.77,Joules,power/energy-pkg/,1001350083,100.00,,
   982.070045674,4.96,Joules,power/energy-pkg/,1001443441,100.00,,
   983.071579188,5.45,Joules,power/energy-pkg/,1001523249,100.00,,
   984.072933073,7.19,Joules,power/energy-pkg/,1001337346,100.00,,
   985.074046781,5.06,Joules,power/energy-pkg/,1001199329,100.00,,
   986.075502359,5.30,Joules,power/energy-pkg/,1001352854,100.00,,
   987.076899424,4.42,Joules,power/energy-pkg/,1001386488,100.00,,
   988.078275788,5.13,Joules,power/energy-pkg/,1001368367,100.00,,
   989.079624615,5.28,Joules,power/energy-pkg/,1001335693,100.00,,
   990.080625567,4.45,Joules,power/energy-pkg/,1000991612,100.00,,
   991.081941691,5.61,Joules,power/energy-pkg/,1001306537,100.00,,
   992.082999672,5.35,Joules,power/energy-pkg/,1001101119,100.00,,
   993.084418867,4.47,Joules,power/energy-pkg/,1001357395,100.00,,
   994.085703039,5.38,Joules,power/energy-pkg/,1001268711,100.00,,
   995.087010546,5.21,Joules,power/energy-pkg/,1001289444,100.00,,
   996.088220072,5.07,Joules,power/energy-pkg/,1001210738,100.00,,
   997.088630719,5.05,Joules,power/energy-pkg/,1000401460,100.00,,
   998.089971385,4.65,Joules,power/energy-pkg/,1001333142,100.00,,
   999.091321870,4.68,Joules,power/energy-pkg/,1001337818,100.00,,
  1000.092624541,5.37,Joules,power/energy-pkg/,1001292337,100.00,,
  1001.093979916,6.69,Joules,power/energy-pkg/,1001345412,100.00,,
  1002.095350382,4.50,Joules,power/energy-pkg/,1001366012,100.00,,
  1003.096647590,4.90,Joules,power/energy-pkg/,1001282189,100.00,,
  1004.097975867,8.39,Joules,power/energy-pkg/,1001304458,100.00,,
